2023-05-12 05:55:06,246 - distributed.preloading - INFO - Creating preload: dask_cuda.initialize
2023-05-12 05:55:06,246 - distributed.preloading - INFO - Import preload module: dask_cuda.initialize
2023-05-12 05:55:06,252 - distributed.preloading - INFO - Creating preload: dask_cuda.initialize
2023-05-12 05:55:06,252 - distributed.preloading - INFO - Import preload module: dask_cuda.initialize
2023-05-12 05:55:06,257 - distributed.preloading - INFO - Creating preload: dask_cuda.initialize
2023-05-12 05:55:06,257 - distributed.preloading - INFO - Import preload module: dask_cuda.initialize
2023-05-12 05:55:06,260 - distributed.preloading - INFO - Creating preload: dask_cuda.initialize
2023-05-12 05:55:06,260 - distributed.preloading - INFO - Import preload module: dask_cuda.initialize
2023-05-12 05:55:06,262 - distributed.preloading - INFO - Creating preload: dask_cuda.initialize
2023-05-12 05:55:06,263 - distributed.preloading - INFO - Import preload module: dask_cuda.initialize
2023-05-12 05:55:06,298 - distributed.preloading - INFO - Creating preload: dask_cuda.initialize
2023-05-12 05:55:06,298 - distributed.preloading - INFO - Import preload module: dask_cuda.initialize
2023-05-12 05:55:06,299 - distributed.preloading - INFO - Creating preload: dask_cuda.initialize
2023-05-12 05:55:06,300 - distributed.preloading - INFO - Import preload module: dask_cuda.initialize
2023-05-12 05:55:06,323 - distributed.preloading - INFO - Creating preload: dask_cuda.initialize
2023-05-12 05:55:06,323 - distributed.preloading - INFO - Import preload module: dask_cuda.initialize
[dgx13:81897:0:81897] Caught signal 11 (Segmentation fault: address not mapped to object at address 0x448)
==== backtrace (tid:  81897) ====
 0  /opt/conda/envs/gdf/lib/libucs.so.0(ucs_handle_error+0x2dc) [0x7f45d8f8311c]
 1  /opt/conda/envs/gdf/lib/libucs.so.0(+0x302ff) [0x7f45d8f832ff]
 2  /opt/conda/envs/gdf/lib/libucs.so.0(+0x30634) [0x7f45d8f83634]
 3  /usr/lib/x86_64-linux-gnu/libpthread.so.0(+0x14420) [0x7f466a236420]
 4  /opt/conda/envs/gdf/lib/libucp.so.0(ucp_mem_type_unpack+0x1b) [0x7f45d900428b]
 5  /opt/conda/envs/gdf/lib/libucp.so.0(ucp_rndv_data_handler+0x508) [0x7f45d902e0b8]
 6  /opt/conda/envs/gdf/lib/libuct.so.0(+0x216a7) [0x7f45d8f356a7]
 7  /opt/conda/envs/gdf/lib/libuct.so.0(+0x21c28) [0x7f45d8f35c28]
 8  /opt/conda/envs/gdf/lib/libuct.so.0(+0x240fc) [0x7f45d8f380fc]
 9  /opt/conda/envs/gdf/lib/libucs.so.0(ucs_event_set_wait+0xf9) [0x7f45d8f8d639]
10  /opt/conda/envs/gdf/lib/libuct.so.0(uct_tcp_iface_progress+0x7b) [0x7f45d8f381ab]
11  /opt/conda/envs/gdf/lib/libucp.so.0(ucp_worker_progress+0x6a) [0x7f45d9000f1a]
12  /opt/conda/envs/gdf/lib/python3.9/site-packages/ucp/_libs/ucx_api.cpython-39-x86_64-linux-gnu.so(+0x286e1) [0x7f45d90b06e1]
13  /opt/conda/envs/gdf/bin/python(+0x13eb08) [0x556d52d5cb08]
14  /opt/conda/envs/gdf/bin/python(_PyEval_EvalFrameDefault+0x5f82) [0x556d52d4d112]
15  /opt/conda/envs/gdf/bin/python(+0x12827a) [0x556d52d4627a]
16  /opt/conda/envs/gdf/bin/python(_PyFunction_Vectorcall+0xd5) [0x556d52d57c05]
17  /opt/conda/envs/gdf/bin/python(_PyEval_EvalFrameDefault+0x68b) [0x556d52d4781b]
18  /opt/conda/envs/gdf/bin/python(+0x139ef3) [0x556d52d57ef3]
19  /opt/conda/envs/gdf/bin/python(+0x147a16) [0x556d52d65a16]
20  /opt/conda/envs/gdf/bin/python(+0x2579b1) [0x556d52e759b1]
21  /opt/conda/envs/gdf/bin/python(+0xe5817) [0x556d52d03817]
22  /opt/conda/envs/gdf/bin/python(+0x130f83) [0x556d52d4ef83]
23  /opt/conda/envs/gdf/bin/python(_PyEval_EvalFrameDefault+0x5ba6) [0x556d52d4cd36]
24  /opt/conda/envs/gdf/bin/python(+0x139ef3) [0x556d52d57ef3]
25  /opt/conda/envs/gdf/bin/python(_PyEval_EvalFrameDefault+0x68b) [0x556d52d4781b]
26  /opt/conda/envs/gdf/bin/python(+0x139ef3) [0x556d52d57ef3]
27  /opt/conda/envs/gdf/bin/python(_PyEval_EvalFrameDefault+0x68b) [0x556d52d4781b]
28  /opt/conda/envs/gdf/bin/python(+0x139ef3) [0x556d52d57ef3]
29  /opt/conda/envs/gdf/bin/python(_PyEval_EvalFrameDefault+0x68b) [0x556d52d4781b]
30  /opt/conda/envs/gdf/bin/python(+0x139ef3) [0x556d52d57ef3]
31  /opt/conda/envs/gdf/bin/python(_PyEval_EvalFrameDefault+0x68b) [0x556d52d4781b]
32  /opt/conda/envs/gdf/bin/python(+0x12827a) [0x556d52d4627a]
33  /opt/conda/envs/gdf/bin/python(_PyFunction_Vectorcall+0xd5) [0x556d52d57c05]
34  /opt/conda/envs/gdf/bin/python(_PyEval_EvalFrameDefault+0x4e17) [0x556d52d4bfa7]
35  /opt/conda/envs/gdf/bin/python(+0x12827a) [0x556d52d4627a]
36  /opt/conda/envs/gdf/bin/python(+0x147935) [0x556d52d65935]
37  /opt/conda/envs/gdf/bin/python(PyObject_Call+0xb4) [0x556d52d66104]
38  /opt/conda/envs/gdf/bin/python(+0x20efc8) [0x556d52e2cfc8]
39  /opt/conda/envs/gdf/bin/python(_PyObject_MakeTpCall+0x2fc) [0x556d52d502bc]
40  /opt/conda/envs/gdf/bin/python(_PyEval_EvalFrameDefault+0x402b) [0x556d52d4b1bb]
41  /opt/conda/envs/gdf/bin/python(+0x139ef3) [0x556d52d57ef3]
42  /opt/conda/envs/gdf/bin/python(+0x147c72) [0x556d52d65c72]
43  /opt/conda/envs/gdf/bin/python(_PyEval_EvalFrameDefault+0x402b) [0x556d52d4b1bb]
44  /opt/conda/envs/gdf/bin/python(+0x139ef3) [0x556d52d57ef3]
45  /opt/conda/envs/gdf/bin/python(_PyEval_EvalFrameDefault+0x68b) [0x556d52d4781b]
46  /opt/conda/envs/gdf/bin/python(+0x12827a) [0x556d52d4627a]
47  /opt/conda/envs/gdf/bin/python(_PyFunction_Vectorcall+0xd5) [0x556d52d57c05]
48  /opt/conda/envs/gdf/bin/python(_PyEval_EvalFrameDefault+0x68b) [0x556d52d4781b]
49  /opt/conda/envs/gdf/bin/python(+0x139ef3) [0x556d52d57ef3]
50  /opt/conda/envs/gdf/bin/python(_PyEval_EvalFrameDefault+0x3d8) [0x556d52d47568]
51  /opt/conda/envs/gdf/bin/python(+0x12827a) [0x556d52d4627a]
52  /opt/conda/envs/gdf/bin/python(_PyFunction_Vectorcall+0xd5) [0x556d52d57c05]
53  /opt/conda/envs/gdf/bin/python(_PyEval_EvalFrameDefault+0x123b) [0x556d52d483cb]
54  /opt/conda/envs/gdf/bin/python(+0x12827a) [0x556d52d4627a]
55  /opt/conda/envs/gdf/bin/python(_PyEval_EvalCodeWithName+0x47) [0x556d52d45f07]
56  /opt/conda/envs/gdf/bin/python(PyEval_EvalCodeEx+0x39) [0x556d52d45eb9]
57  /opt/conda/envs/gdf/bin/python(PyEval_EvalCode+0x1b) [0x556d52df68bb]
58  /opt/conda/envs/gdf/bin/python(+0x206adc) [0x556d52e24adc]
59  /opt/conda/envs/gdf/bin/python(+0x202c24) [0x556d52e20c24]
60  /opt/conda/envs/gdf/bin/python(PyRun_StringFlags+0x9d) [0x556d52e187ed]
61  /opt/conda/envs/gdf/bin/python(PyRun_SimpleStringFlags+0x3d) [0x556d52e186bd]
=================================
[dgx13:81909:0:81909] Caught signal 11 (Segmentation fault: address not mapped to object at address 0x448)
==== backtrace (tid:  81909) ====
 0  /opt/conda/envs/gdf/lib/libucs.so.0(ucs_handle_error+0x2dc) [0x7f1ffd64d11c]
 1  /opt/conda/envs/gdf/lib/libucs.so.0(+0x302ff) [0x7f1ffd64d2ff]
 2  /opt/conda/envs/gdf/lib/libucs.so.0(+0x30634) [0x7f1ffd64d634]
 3  /usr/lib/x86_64-linux-gnu/libpthread.so.0(+0x14420) [0x7f20a08f3420]
 4  /opt/conda/envs/gdf/lib/libucp.so.0(ucp_mem_type_unpack+0x1b) [0x7f1ffd6ce28b]
 5  /opt/conda/envs/gdf/lib/libucp.so.0(ucp_rndv_data_handler+0x508) [0x7f1ffd6f80b8]
 6  /opt/conda/envs/gdf/lib/libuct.so.0(+0x216a7) [0x7f1ffd5ff6a7]
 7  /opt/conda/envs/gdf/lib/libuct.so.0(+0x21c28) [0x7f1ffd5ffc28]
 8  /opt/conda/envs/gdf/lib/libuct.so.0(+0x240fc) [0x7f1ffd6020fc]
 9  /opt/conda/envs/gdf/lib/libucs.so.0(ucs_event_set_wait+0xf9) [0x7f1ffd657639]
10  /opt/conda/envs/gdf/lib/libuct.so.0(uct_tcp_iface_progress+0x7b) [0x7f1ffd6021ab]
11  /opt/conda/envs/gdf/lib/libucp.so.0(ucp_worker_progress+0x6a) [0x7f1ffd6caf1a]
12  /opt/conda/envs/gdf/lib/python3.9/site-packages/ucp/_libs/ucx_api.cpython-39-x86_64-linux-gnu.so(+0x286e1) [0x7f1ffd77a6e1]
13  /opt/conda/envs/gdf/bin/python(+0x13eb08) [0x5611cdbccb08]
14  /opt/conda/envs/gdf/bin/python(_PyEval_EvalFrameDefault+0x5f82) [0x5611cdbbd112]
15  /opt/conda/envs/gdf/bin/python(+0x12827a) [0x5611cdbb627a]
16  /opt/conda/envs/gdf/bin/python(_PyFunction_Vectorcall+0xd5) [0x5611cdbc7c05]
17  /opt/conda/envs/gdf/bin/python(_PyEval_EvalFrameDefault+0x68b) [0x5611cdbb781b]
18  /opt/conda/envs/gdf/bin/python(+0x139ef3) [0x5611cdbc7ef3]
19  /opt/conda/envs/gdf/bin/python(+0x147a16) [0x5611cdbd5a16]
20  /opt/conda/envs/gdf/bin/python(+0x2579b1) [0x5611cdce59b1]
21  /opt/conda/envs/gdf/bin/python(+0xe5817) [0x5611cdb73817]
22  /opt/conda/envs/gdf/bin/python(+0x130f83) [0x5611cdbbef83]
23  /opt/conda/envs/gdf/bin/python(_PyEval_EvalFrameDefault+0x5ba6) [0x5611cdbbcd36]
24  /opt/conda/envs/gdf/bin/python(+0x139ef3) [0x5611cdbc7ef3]
25  /opt/conda/envs/gdf/bin/python(_PyEval_EvalFrameDefault+0x68b) [0x5611cdbb781b]
26  /opt/conda/envs/gdf/bin/python(+0x139ef3) [0x5611cdbc7ef3]
27  /opt/conda/envs/gdf/bin/python(_PyEval_EvalFrameDefault+0x68b) [0x5611cdbb781b]
28  /opt/conda/envs/gdf/bin/python(+0x139ef3) [0x5611cdbc7ef3]
29  /opt/conda/envs/gdf/bin/python(_PyEval_EvalFrameDefault+0x68b) [0x5611cdbb781b]
30  /opt/conda/envs/gdf/bin/python(+0x139ef3) [0x5611cdbc7ef3]
31  /opt/conda/envs/gdf/bin/python(_PyEval_EvalFrameDefault+0x68b) [0x5611cdbb781b]
32  /opt/conda/envs/gdf/bin/python(+0x12827a) [0x5611cdbb627a]
33  /opt/conda/envs/gdf/bin/python(_PyFunction_Vectorcall+0xd5) [0x5611cdbc7c05]
34  /opt/conda/envs/gdf/bin/python(_PyEval_EvalFrameDefault+0x4e17) [0x5611cdbbbfa7]
35  /opt/conda/envs/gdf/bin/python(+0x12827a) [0x5611cdbb627a]
36  /opt/conda/envs/gdf/bin/python(+0x147935) [0x5611cdbd5935]
37  /opt/conda/envs/gdf/bin/python(PyObject_Call+0xb4) [0x5611cdbd6104]
38  /opt/conda/envs/gdf/bin/python(+0x20efc8) [0x5611cdc9cfc8]
39  /opt/conda/envs/gdf/bin/python(_PyObject_MakeTpCall+0x2fc) [0x5611cdbc02bc]
40  /opt/conda/envs/gdf/bin/python(_PyEval_EvalFrameDefault+0x402b) [0x5611cdbbb1bb]
41  /opt/conda/envs/gdf/bin/python(+0x139ef3) [0x5611cdbc7ef3]
42  /opt/conda/envs/gdf/bin/python(+0x147c72) [0x5611cdbd5c72]
43  /opt/conda/envs/gdf/bin/python(_PyEval_EvalFrameDefault+0x402b) [0x5611cdbbb1bb]
44  /opt/conda/envs/gdf/bin/python(+0x139ef3) [0x5611cdbc7ef3]
45  /opt/conda/envs/gdf/bin/python(_PyEval_EvalFrameDefault+0x68b) [0x5611cdbb781b]
46  /opt/conda/envs/gdf/bin/python(+0x12827a) [0x5611cdbb627a]
47  /opt/conda/envs/gdf/bin/python(_PyFunction_Vectorcall+0xd5) [0x5611cdbc7c05]
48  /opt/conda/envs/gdf/bin/python(_PyEval_EvalFrameDefault+0x68b) [0x5611cdbb781b]
49  /opt/conda/envs/gdf/bin/python(+0x139ef3) [0x5611cdbc7ef3]
50  /opt/conda/envs/gdf/bin/python(_PyEval_EvalFrameDefault+0x3d8) [0x5611cdbb7568]
51  /opt/conda/envs/gdf/bin/python(+0x12827a) [0x5611cdbb627a]
52  /opt/conda/envs/gdf/bin/python(_PyFunction_Vectorcall+0xd5) [0x5611cdbc7c05]
53  /opt/conda/envs/gdf/bin/python(_PyEval_EvalFrameDefault+0x123b) [0x5611cdbb83cb]
54  /opt/conda/envs/gdf/bin/python(+0x12827a) [0x5611cdbb627a]
55  /opt/conda/envs/gdf/bin/python(_PyEval_EvalCodeWithName+0x47) [0x5611cdbb5f07]
56  /opt/conda/envs/gdf/bin/python(PyEval_EvalCodeEx+0x39) [0x5611cdbb5eb9]
57  /opt/conda/envs/gdf/bin/python(PyEval_EvalCode+0x1b) [0x5611cdc668bb]
58  /opt/conda/envs/gdf/bin/python(+0x206adc) [0x5611cdc94adc]
59  /opt/conda/envs/gdf/bin/python(+0x202c24) [0x5611cdc90c24]
60  /opt/conda/envs/gdf/bin/python(PyRun_StringFlags+0x9d) [0x5611cdc887ed]
61  /opt/conda/envs/gdf/bin/python(PyRun_SimpleStringFlags+0x3d) [0x5611cdc886bd]
=================================
[dgx13:81903:0:81903] Caught signal 11 (Segmentation fault: address not mapped to object at address 0x448)
==== backtrace (tid:  81903) ====
 0  /opt/conda/envs/gdf/lib/libucs.so.0(ucs_handle_error+0x2dc) [0x7fb01770011c]
 1  /opt/conda/envs/gdf/lib/libucs.so.0(+0x302ff) [0x7fb0177002ff]
 2  /opt/conda/envs/gdf/lib/libucs.so.0(+0x30634) [0x7fb017700634]
 3  /usr/lib/x86_64-linux-gnu/libpthread.so.0(+0x14420) [0x7fb0ce9cc420]
 4  /opt/conda/envs/gdf/lib/libucp.so.0(ucp_mem_type_unpack+0x1b) [0x7fb01778128b]
 5  /opt/conda/envs/gdf/lib/libucp.so.0(ucp_rndv_data_handler+0x508) [0x7fb0177ab0b8]
 6  /opt/conda/envs/gdf/lib/libuct.so.0(+0x216a7) [0x7fb0176b26a7]
 7  /opt/conda/envs/gdf/lib/libuct.so.0(+0x21c28) [0x7fb0176b2c28]
 8  /opt/conda/envs/gdf/lib/libuct.so.0(+0x240fc) [0x7fb0176b50fc]
 9  /opt/conda/envs/gdf/lib/libucs.so.0(ucs_event_set_wait+0xf9) [0x7fb01770a639]
10  /opt/conda/envs/gdf/lib/libuct.so.0(uct_tcp_iface_progress+0x7b) [0x7fb0176b51ab]
11  /opt/conda/envs/gdf/lib/libucp.so.0(ucp_worker_progress+0x6a) [0x7fb01777df1a]
12  /opt/conda/envs/gdf/lib/python3.9/site-packages/ucp/_libs/ucx_api.cpython-39-x86_64-linux-gnu.so(+0x286e1) [0x7fb01782d6e1]
13  /opt/conda/envs/gdf/bin/python(+0x13eb08) [0x556c93f20b08]
14  /opt/conda/envs/gdf/bin/python(_PyEval_EvalFrameDefault+0x5f82) [0x556c93f11112]
15  /opt/conda/envs/gdf/bin/python(+0x12827a) [0x556c93f0a27a]
16  /opt/conda/envs/gdf/bin/python(_PyFunction_Vectorcall+0xd5) [0x556c93f1bc05]
17  /opt/conda/envs/gdf/bin/python(_PyEval_EvalFrameDefault+0x68b) [0x556c93f0b81b]
18  /opt/conda/envs/gdf/bin/python(+0x14e70e) [0x556c93f3070e]
19  /opt/conda/envs/gdf/lib/python3.9/lib-dynload/_asyncio.cpython-39-x86_64-linux-gnu.so(+0x82fe) [0x7fb04e42f2fe]
20  /opt/conda/envs/gdf/bin/python(_PyObject_MakeTpCall+0x2fc) [0x556c93f142bc]
21  /opt/conda/envs/gdf/bin/python(+0xe5817) [0x556c93ec7817]
22  /opt/conda/envs/gdf/bin/python(+0x130f83) [0x556c93f12f83]
23  /opt/conda/envs/gdf/bin/python(_PyEval_EvalFrameDefault+0x5ba6) [0x556c93f10d36]
24  /opt/conda/envs/gdf/bin/python(+0x139ef3) [0x556c93f1bef3]
25  /opt/conda/envs/gdf/bin/python(_PyEval_EvalFrameDefault+0x68b) [0x556c93f0b81b]
26  /opt/conda/envs/gdf/bin/python(+0x139ef3) [0x556c93f1bef3]
27  /opt/conda/envs/gdf/bin/python(_PyEval_EvalFrameDefault+0x68b) [0x556c93f0b81b]
28  /opt/conda/envs/gdf/bin/python(+0x139ef3) [0x556c93f1bef3]
29  /opt/conda/envs/gdf/bin/python(_PyEval_EvalFrameDefault+0x68b) [0x556c93f0b81b]
30  /opt/conda/envs/gdf/bin/python(+0x139ef3) [0x556c93f1bef3]
31  /opt/conda/envs/gdf/bin/python(_PyEval_EvalFrameDefault+0x68b) [0x556c93f0b81b]
32  /opt/conda/envs/gdf/bin/python(+0x12827a) [0x556c93f0a27a]
33  /opt/conda/envs/gdf/bin/python(_PyFunction_Vectorcall+0xd5) [0x556c93f1bc05]
34  /opt/conda/envs/gdf/bin/python(_PyEval_EvalFrameDefault+0x4e17) [0x556c93f0ffa7]
35  /opt/conda/envs/gdf/bin/python(+0x12827a) [0x556c93f0a27a]
36  /opt/conda/envs/gdf/bin/python(+0x147935) [0x556c93f29935]
37  /opt/conda/envs/gdf/bin/python(PyObject_Call+0xb4) [0x556c93f2a104]
38  /opt/conda/envs/gdf/bin/python(+0x20efc8) [0x556c93ff0fc8]
39  /opt/conda/envs/gdf/bin/python(_PyObject_MakeTpCall+0x2fc) [0x556c93f142bc]
40  /opt/conda/envs/gdf/bin/python(_PyEval_EvalFrameDefault+0x402b) [0x556c93f0f1bb]
41  /opt/conda/envs/gdf/bin/python(+0x139ef3) [0x556c93f1bef3]
42  /opt/conda/envs/gdf/bin/python(+0x147c72) [0x556c93f29c72]
43  /opt/conda/envs/gdf/bin/python(_PyEval_EvalFrameDefault+0x402b) [0x556c93f0f1bb]
44  /opt/conda/envs/gdf/bin/python(+0x139ef3) [0x556c93f1bef3]
45  /opt/conda/envs/gdf/bin/python(_PyEval_EvalFrameDefault+0x68b) [0x556c93f0b81b]
46  /opt/conda/envs/gdf/bin/python(+0x12827a) [0x556c93f0a27a]
47  /opt/conda/envs/gdf/bin/python(_PyFunction_Vectorcall+0xd5) [0x556c93f1bc05]
48  /opt/conda/envs/gdf/bin/python(_PyEval_EvalFrameDefault+0x68b) [0x556c93f0b81b]
49  /opt/conda/envs/gdf/bin/python(+0x139ef3) [0x556c93f1bef3]
50  /opt/conda/envs/gdf/bin/python(_PyEval_EvalFrameDefault+0x3d8) [0x556c93f0b568]
51  /opt/conda/envs/gdf/bin/python(+0x12827a) [0x556c93f0a27a]
52  /opt/conda/envs/gdf/bin/python(_PyFunction_Vectorcall+0xd5) [0x556c93f1bc05]
53  /opt/conda/envs/gdf/bin/python(_PyEval_EvalFrameDefault+0x123b) [0x556c93f0c3cb]
54  /opt/conda/envs/gdf/bin/python(+0x12827a) [0x556c93f0a27a]
55  /opt/conda/envs/gdf/bin/python(_PyEval_EvalCodeWithName+0x47) [0x556c93f09f07]
56  /opt/conda/envs/gdf/bin/python(PyEval_EvalCodeEx+0x39) [0x556c93f09eb9]
57  /opt/conda/envs/gdf/bin/python(PyEval_EvalCode+0x1b) [0x556c93fba8bb]
58  /opt/conda/envs/gdf/bin/python(+0x206adc) [0x556c93fe8adc]
59  /opt/conda/envs/gdf/bin/python(+0x202c24) [0x556c93fe4c24]
60  /opt/conda/envs/gdf/bin/python(PyRun_StringFlags+0x9d) [0x556c93fdc7ed]
61  /opt/conda/envs/gdf/bin/python(PyRun_SimpleStringFlags+0x3d) [0x556c93fdc6bd]
=================================
[dgx13:81900:0:81900] Caught signal 11 (Segmentation fault: address not mapped to object at address 0x448)
==== backtrace (tid:  81900) ====
 0  /opt/conda/envs/gdf/lib/libucs.so.0(ucs_handle_error+0x2dc) [0x7f18f9c7711c]
 1  /opt/conda/envs/gdf/lib/libucs.so.0(+0x302ff) [0x7f18f9c772ff]
 2  /opt/conda/envs/gdf/lib/libucs.so.0(+0x30634) [0x7f18f9c77634]
 3  /usr/lib/x86_64-linux-gnu/libpthread.so.0(+0x14420) [0x7f199cf39420]
 4  /opt/conda/envs/gdf/lib/libucp.so.0(ucp_mem_type_unpack+0x1b) [0x7f18f9cf828b]
 5  /opt/conda/envs/gdf/lib/libucp.so.0(ucp_rndv_data_handler+0x508) [0x7f18f9d220b8]
 6  /opt/conda/envs/gdf/lib/libuct.so.0(+0x216a7) [0x7f18f9c296a7]
 7  /opt/conda/envs/gdf/lib/libuct.so.0(+0x21c28) [0x7f18f9c29c28]
 8  /opt/conda/envs/gdf/lib/libuct.so.0(+0x240fc) [0x7f18f9c2c0fc]
 9  /opt/conda/envs/gdf/lib/libucs.so.0(ucs_event_set_wait+0xf9) [0x7f18f9c81639]
10  /opt/conda/envs/gdf/lib/libuct.so.0(uct_tcp_iface_progress+0x7b) [0x7f18f9c2c1ab]
11  /opt/conda/envs/gdf/lib/libucp.so.0(ucp_worker_progress+0x6a) [0x7f18f9cf4f1a]
12  /opt/conda/envs/gdf/lib/python3.9/site-packages/ucp/_libs/ucx_api.cpython-39-x86_64-linux-gnu.so(+0x286e1) [0x7f18f9da46e1]
13  /opt/conda/envs/gdf/bin/python(+0x13eb08) [0x55accfe5bb08]
14  /opt/conda/envs/gdf/bin/python(_PyEval_EvalFrameDefault+0x5f82) [0x55accfe4c112]
15  /opt/conda/envs/gdf/bin/python(+0x12827a) [0x55accfe4527a]
16  /opt/conda/envs/gdf/bin/python(_PyFunction_Vectorcall+0xd5) [0x55accfe56c05]
17  /opt/conda/envs/gdf/bin/python(_PyEval_EvalFrameDefault+0x68b) [0x55accfe4681b]
18  /opt/conda/envs/gdf/bin/python(+0x139ef3) [0x55accfe56ef3]
19  /opt/conda/envs/gdf/bin/python(+0x147a16) [0x55accfe64a16]
20  /opt/conda/envs/gdf/bin/python(+0x2579b1) [0x55accff749b1]
21  /opt/conda/envs/gdf/bin/python(+0xe5817) [0x55accfe02817]
22  /opt/conda/envs/gdf/bin/python(+0x130f83) [0x55accfe4df83]
23  /opt/conda/envs/gdf/bin/python(_PyEval_EvalFrameDefault+0x5ba6) [0x55accfe4bd36]
24  /opt/conda/envs/gdf/bin/python(+0x139ef3) [0x55accfe56ef3]
25  /opt/conda/envs/gdf/bin/python(_PyEval_EvalFrameDefault+0x68b) [0x55accfe4681b]
26  /opt/conda/envs/gdf/bin/python(+0x139ef3) [0x55accfe56ef3]
27  /opt/conda/envs/gdf/bin/python(_PyEval_EvalFrameDefault+0x68b) [0x55accfe4681b]
28  /opt/conda/envs/gdf/bin/python(+0x139ef3) [0x55accfe56ef3]
29  /opt/conda/envs/gdf/bin/python(_PyEval_EvalFrameDefault+0x68b) [0x55accfe4681b]
30  /opt/conda/envs/gdf/bin/python(+0x139ef3) [0x55accfe56ef3]
31  /opt/conda/envs/gdf/bin/python(_PyEval_EvalFrameDefault+0x68b) [0x55accfe4681b]
32  /opt/conda/envs/gdf/bin/python(+0x12827a) [0x55accfe4527a]
33  /opt/conda/envs/gdf/bin/python(_PyFunction_Vectorcall+0xd5) [0x55accfe56c05]
34  /opt/conda/envs/gdf/bin/python(_PyEval_EvalFrameDefault+0x4e17) [0x55accfe4afa7]
35  /opt/conda/envs/gdf/bin/python(+0x12827a) [0x55accfe4527a]
36  /opt/conda/envs/gdf/bin/python(+0x147935) [0x55accfe64935]
37  /opt/conda/envs/gdf/bin/python(PyObject_Call+0xb4) [0x55accfe65104]
38  /opt/conda/envs/gdf/bin/python(+0x20efc8) [0x55accff2bfc8]
39  /opt/conda/envs/gdf/bin/python(_PyObject_MakeTpCall+0x2fc) [0x55accfe4f2bc]
40  /opt/conda/envs/gdf/bin/python(_PyEval_EvalFrameDefault+0x402b) [0x55accfe4a1bb]
41  /opt/conda/envs/gdf/bin/python(+0x139ef3) [0x55accfe56ef3]
42  /opt/conda/envs/gdf/bin/python(+0x147c72) [0x55accfe64c72]
43  /opt/conda/envs/gdf/bin/python(_PyEval_EvalFrameDefault+0x402b) [0x55accfe4a1bb]
44  /opt/conda/envs/gdf/bin/python(+0x139ef3) [0x55accfe56ef3]
45  /opt/conda/envs/gdf/bin/python(_PyEval_EvalFrameDefault+0x68b) [0x55accfe4681b]
46  /opt/conda/envs/gdf/bin/python(+0x12827a) [0x55accfe4527a]
47  /opt/conda/envs/gdf/bin/python(_PyFunction_Vectorcall+0xd5) [0x55accfe56c05]
48  /opt/conda/envs/gdf/bin/python(_PyEval_EvalFrameDefault+0x68b) [0x55accfe4681b]
49  /opt/conda/envs/gdf/bin/python(+0x139ef3) [0x55accfe56ef3]
50  /opt/conda/envs/gdf/bin/python(_PyEval_EvalFrameDefault+0x3d8) [0x55accfe46568]
51  /opt/conda/envs/gdf/bin/python(+0x12827a) [0x55accfe4527a]
52  /opt/conda/envs/gdf/bin/python(_PyFunction_Vectorcall+0xd5) [0x55accfe56c05]
53  /opt/conda/envs/gdf/bin/python(_PyEval_EvalFrameDefault+0x123b) [0x55accfe473cb]
54  /opt/conda/envs/gdf/bin/python(+0x12827a) [0x55accfe4527a]
55  /opt/conda/envs/gdf/bin/python(_PyEval_EvalCodeWithName+0x47) [0x55accfe44f07]
56  /opt/conda/envs/gdf/bin/python(PyEval_EvalCodeEx+0x39) [0x55accfe44eb9]
57  /opt/conda/envs/gdf/bin/python(PyEval_EvalCode+0x1b) [0x55accfef58bb]
58  /opt/conda/envs/gdf/bin/python(+0x206adc) [0x55accff23adc]
59  /opt/conda/envs/gdf/bin/python(+0x202c24) [0x55accff1fc24]
60  /opt/conda/envs/gdf/bin/python(PyRun_StringFlags+0x9d) [0x55accff177ed]
61  /opt/conda/envs/gdf/bin/python(PyRun_SimpleStringFlags+0x3d) [0x55accff176bd]
=================================
[dgx13:81906:0:81906] Caught signal 11 (Segmentation fault: address not mapped to object at address 0x448)
==== backtrace (tid:  81906) ====
 0  /opt/conda/envs/gdf/lib/libucs.so.0(ucs_handle_error+0x2dc) [0x7f9761dd711c]
 1  /opt/conda/envs/gdf/lib/libucs.so.0(+0x302ff) [0x7f9761dd72ff]
 2  /opt/conda/envs/gdf/lib/libucs.so.0(+0x30634) [0x7f9761dd7634]
 3  /usr/lib/x86_64-linux-gnu/libpthread.so.0(+0x14420) [0x7f98070a2420]
 4  /opt/conda/envs/gdf/lib/libucp.so.0(ucp_mem_type_unpack+0x1b) [0x7f9761e5828b]
 5  /opt/conda/envs/gdf/lib/libucp.so.0(ucp_rndv_data_handler+0x508) [0x7f9761e820b8]
 6  /opt/conda/envs/gdf/lib/libuct.so.0(+0x216a7) [0x7f9761d896a7]
 7  /opt/conda/envs/gdf/lib/libuct.so.0(+0x21c28) [0x7f9761d89c28]
 8  /opt/conda/envs/gdf/lib/libuct.so.0(+0x240fc) [0x7f9761d8c0fc]
 9  /opt/conda/envs/gdf/lib/libucs.so.0(ucs_event_set_wait+0xf9) [0x7f9761de1639]
10  /opt/conda/envs/gdf/lib/libuct.so.0(uct_tcp_iface_progress+0x7b) [0x7f9761d8c1ab]
11  /opt/conda/envs/gdf/lib/libucp.so.0(ucp_worker_progress+0x6a) [0x7f9761e54f1a]
12  /opt/conda/envs/gdf/lib/python3.9/site-packages/ucp/_libs/ucx_api.cpython-39-x86_64-linux-gnu.so(+0x286e1) [0x7f9761f046e1]
13  /opt/conda/envs/gdf/bin/python(+0x13eb08) [0x55b8edafeb08]
14  /opt/conda/envs/gdf/bin/python(_PyEval_EvalFrameDefault+0x5f82) [0x55b8edaef112]
15  /opt/conda/envs/gdf/bin/python(+0x12827a) [0x55b8edae827a]
16  /opt/conda/envs/gdf/bin/python(_PyFunction_Vectorcall+0xd5) [0x55b8edaf9c05]
17  /opt/conda/envs/gdf/bin/python(_PyEval_EvalFrameDefault+0x68b) [0x55b8edae981b]
18  /opt/conda/envs/gdf/bin/python(+0x14e70e) [0x55b8edb0e70e]
19  /opt/conda/envs/gdf/lib/python3.9/lib-dynload/_asyncio.cpython-39-x86_64-linux-gnu.so(+0x82fe) [0x7f9786b032fe]
20  /opt/conda/envs/gdf/bin/python(_PyObject_MakeTpCall+0x2fc) [0x55b8edaf22bc]
21  /opt/conda/envs/gdf/bin/python(+0xe5817) [0x55b8edaa5817]
22  /opt/conda/envs/gdf/bin/python(+0x130f83) [0x55b8edaf0f83]
23  /opt/conda/envs/gdf/bin/python(_PyEval_EvalFrameDefault+0x5ba6) [0x55b8edaeed36]
24  /opt/conda/envs/gdf/bin/python(+0x139ef3) [0x55b8edaf9ef3]
25  /opt/conda/envs/gdf/bin/python(_PyEval_EvalFrameDefault+0x68b) [0x55b8edae981b]
26  /opt/conda/envs/gdf/bin/python(+0x139ef3) [0x55b8edaf9ef3]
27  /opt/conda/envs/gdf/bin/python(_PyEval_EvalFrameDefault+0x68b) [0x55b8edae981b]
28  /opt/conda/envs/gdf/bin/python(+0x139ef3) [0x55b8edaf9ef3]
29  /opt/conda/envs/gdf/bin/python(_PyEval_EvalFrameDefault+0x68b) [0x55b8edae981b]
30  /opt/conda/envs/gdf/bin/python(+0x139ef3) [0x55b8edaf9ef3]
31  /opt/conda/envs/gdf/bin/python(_PyEval_EvalFrameDefault+0x68b) [0x55b8edae981b]
32  /opt/conda/envs/gdf/bin/python(+0x12827a) [0x55b8edae827a]
33  /opt/conda/envs/gdf/bin/python(_PyFunction_Vectorcall+0xd5) [0x55b8edaf9c05]
34  /opt/conda/envs/gdf/bin/python(_PyEval_EvalFrameDefault+0x4e17) [0x55b8edaedfa7]
35  /opt/conda/envs/gdf/bin/python(+0x12827a) [0x55b8edae827a]
36  /opt/conda/envs/gdf/bin/python(+0x147935) [0x55b8edb07935]
37  /opt/conda/envs/gdf/bin/python(PyObject_Call+0xb4) [0x55b8edb08104]
38  /opt/conda/envs/gdf/bin/python(+0x20efc8) [0x55b8edbcefc8]
39  /opt/conda/envs/gdf/bin/python(_PyObject_MakeTpCall+0x2fc) [0x55b8edaf22bc]
40  /opt/conda/envs/gdf/bin/python(_PyEval_EvalFrameDefault+0x402b) [0x55b8edaed1bb]
41  /opt/conda/envs/gdf/bin/python(+0x139ef3) [0x55b8edaf9ef3]
42  /opt/conda/envs/gdf/bin/python(+0x147c72) [0x55b8edb07c72]
43  /opt/conda/envs/gdf/bin/python(_PyEval_EvalFrameDefault+0x402b) [0x55b8edaed1bb]
44  /opt/conda/envs/gdf/bin/python(+0x139ef3) [0x55b8edaf9ef3]
45  /opt/conda/envs/gdf/bin/python(_PyEval_EvalFrameDefault+0x68b) [0x55b8edae981b]
46  /opt/conda/envs/gdf/bin/python(+0x12827a) [0x55b8edae827a]
47  /opt/conda/envs/gdf/bin/python(_PyFunction_Vectorcall+0xd5) [0x55b8edaf9c05]
48  /opt/conda/envs/gdf/bin/python(_PyEval_EvalFrameDefault+0x68b) [0x55b8edae981b]
49  /opt/conda/envs/gdf/bin/python(+0x139ef3) [0x55b8edaf9ef3]
50  /opt/conda/envs/gdf/bin/python(_PyEval_EvalFrameDefault+0x3d8) [0x55b8edae9568]
51  /opt/conda/envs/gdf/bin/python(+0x12827a) [0x55b8edae827a]
52  /opt/conda/envs/gdf/bin/python(_PyFunction_Vectorcall+0xd5) [0x55b8edaf9c05]
53  /opt/conda/envs/gdf/bin/python(_PyEval_EvalFrameDefault+0x123b) [0x55b8edaea3cb]
54  /opt/conda/envs/gdf/bin/python(+0x12827a) [0x55b8edae827a]
55  /opt/conda/envs/gdf/bin/python(_PyEval_EvalCodeWithName+0x47) [0x55b8edae7f07]
56  /opt/conda/envs/gdf/bin/python(PyEval_EvalCodeEx+0x39) [0x55b8edae7eb9]
57  /opt/conda/envs/gdf/bin/python(PyEval_EvalCode+0x1b) [0x55b8edb988bb]
58  /opt/conda/envs/gdf/bin/python(+0x206adc) [0x55b8edbc6adc]
59  /opt/conda/envs/gdf/bin/python(+0x202c24) [0x55b8edbc2c24]
60  /opt/conda/envs/gdf/bin/python(PyRun_StringFlags+0x9d) [0x55b8edbba7ed]
61  /opt/conda/envs/gdf/bin/python(PyRun_SimpleStringFlags+0x3d) [0x55b8edbba6bd]
=================================
2023-05-12 05:55:09,350 - distributed.worker - ERROR - Worker stream died during communication: ucx://127.0.0.1:56509
Traceback (most recent call last):
  File "/opt/conda/envs/gdf/lib/python3.9/site-packages/distributed/comm/ucx.py", line 349, in read
    await self.ep.recv(msg)
  File "/opt/conda/envs/gdf/lib/python3.9/site-packages/ucp/core.py", line 725, in recv
    ret = await comm.tag_recv(self._ep, buffer, nbytes, tag, name=log)
ucp._libs.exceptions.UCXCanceled: <[Recv #000] ep: 0x7f2bccd2a140, tag: 0x689d84877bf80dd0, nbytes: 16, type: <class 'numpy.ndarray'>>: 

During handling of the above exception, another exception occurred:

Traceback (most recent call last):
  File "/opt/conda/envs/gdf/lib/python3.9/site-packages/distributed/comm/core.py", line 329, in connect
    handshake = await wait_for(comm.read(), time_left())
  File "/opt/conda/envs/gdf/lib/python3.9/site-packages/distributed/utils.py", line 1849, in wait_for
    return await asyncio.wait_for(fut, timeout)
  File "/opt/conda/envs/gdf/lib/python3.9/asyncio/tasks.py", line 479, in wait_for
    return fut.result()
  File "/opt/conda/envs/gdf/lib/python3.9/site-packages/distributed/utils.py", line 752, in wrapper
    return await func(*args, **kwargs)
  File "/opt/conda/envs/gdf/lib/python3.9/site-packages/distributed/comm/ucx.py", line 367, in read
    raise CommClosedError(
distributed.comm.core.CommClosedError: Connection closed by writer.
Inner exception: UCXCanceled("<[Recv #000] ep: 0x7f2bccd2a140, tag: 0x689d84877bf80dd0, nbytes: 16, type: <class 'numpy.ndarray'>>: ")

The above exception was the direct cause of the following exception:

Traceback (most recent call last):
  File "/opt/conda/envs/gdf/lib/python3.9/site-packages/distributed/worker.py", line 2066, in gather_dep
    response = await get_data_from_worker(
  File "/opt/conda/envs/gdf/lib/python3.9/site-packages/distributed/worker.py", line 2889, in get_data_from_worker
    comm = await rpc.connect(worker)
  File "/opt/conda/envs/gdf/lib/python3.9/site-packages/distributed/core.py", line 1506, in connect
    return await connect_attempt
  File "/opt/conda/envs/gdf/lib/python3.9/site-packages/distributed/core.py", line 1427, in _connect
    comm = await connect(
  File "/opt/conda/envs/gdf/lib/python3.9/site-packages/distributed/comm/core.py", line 334, in connect
    raise OSError(
OSError: Timed out during handshake while connecting to ucx://127.0.0.1:56509 after 30 s
2023-05-12 05:55:09,363 - distributed.worker - ERROR - failed during get data with ucx://127.0.0.1:56437 -> ucx://127.0.0.1:50313
Traceback (most recent call last):
  File "/opt/conda/envs/gdf/lib/python3.9/site-packages/distributed/comm/ucx.py", line 333, in write
    await self.ep.send(each_frame)
  File "/opt/conda/envs/gdf/lib/python3.9/site-packages/ucp/core.py", line 650, in send
    return await comm.tag_send(self._ep, buffer, nbytes, tag, name=log)
ucp._libs.exceptions.UCXError: <[Send #007] ep: 0x7f2bccd2a240, tag: 0x750178946d802751, nbytes: 50000000, type: <class 'cupy.ndarray'>>: Endpoint timeout

During handling of the above exception, another exception occurred:

Traceback (most recent call last):
  File "/opt/conda/envs/gdf/lib/python3.9/site-packages/distributed/worker.py", line 1792, in get_data
    compressed = await comm.write(msg, serializers=serializers)
  File "/opt/conda/envs/gdf/lib/python3.9/site-packages/distributed/utils.py", line 752, in wrapper
    return await func(*args, **kwargs)
  File "/opt/conda/envs/gdf/lib/python3.9/site-packages/distributed/comm/ucx.py", line 337, in write
    raise CommClosedError("While writing, the connection was closed")
distributed.comm.core.CommClosedError: While writing, the connection was closed
2023-05-12 05:55:09,363 - distributed.worker - ERROR - Worker stream died during communication: ucx://127.0.0.1:50313
Traceback (most recent call last):
  File "/opt/conda/envs/gdf/lib/python3.9/site-packages/distributed/comm/ucx.py", line 349, in read
    await self.ep.recv(msg)
  File "/opt/conda/envs/gdf/lib/python3.9/site-packages/ucp/core.py", line 725, in recv
    ret = await comm.tag_recv(self._ep, buffer, nbytes, tag, name=log)
ucp._libs.exceptions.UCXCanceled: <[Recv #000] ep: 0x7fd5181f6180, tag: 0x91f266655fb9e8f7, nbytes: 16, type: <class 'numpy.ndarray'>>: 

During handling of the above exception, another exception occurred:

Traceback (most recent call last):
  File "/opt/conda/envs/gdf/lib/python3.9/site-packages/distributed/comm/core.py", line 329, in connect
    handshake = await wait_for(comm.read(), time_left())
  File "/opt/conda/envs/gdf/lib/python3.9/site-packages/distributed/utils.py", line 1849, in wait_for
    return await asyncio.wait_for(fut, timeout)
  File "/opt/conda/envs/gdf/lib/python3.9/asyncio/tasks.py", line 479, in wait_for
    return fut.result()
  File "/opt/conda/envs/gdf/lib/python3.9/site-packages/distributed/utils.py", line 752, in wrapper
    return await func(*args, **kwargs)
  File "/opt/conda/envs/gdf/lib/python3.9/site-packages/distributed/comm/ucx.py", line 367, in read
    raise CommClosedError(
distributed.comm.core.CommClosedError: Connection closed by writer.
Inner exception: UCXCanceled("<[Recv #000] ep: 0x7fd5181f6180, tag: 0x91f266655fb9e8f7, nbytes: 16, type: <class 'numpy.ndarray'>>: ")

The above exception was the direct cause of the following exception:

Traceback (most recent call last):
  File "/opt/conda/envs/gdf/lib/python3.9/site-packages/distributed/worker.py", line 2066, in gather_dep
    response = await get_data_from_worker(
  File "/opt/conda/envs/gdf/lib/python3.9/site-packages/distributed/worker.py", line 2889, in get_data_from_worker
    comm = await rpc.connect(worker)
  File "/opt/conda/envs/gdf/lib/python3.9/site-packages/distributed/core.py", line 1506, in connect
    return await connect_attempt
  File "/opt/conda/envs/gdf/lib/python3.9/site-packages/distributed/core.py", line 1427, in _connect
    comm = await connect(
  File "/opt/conda/envs/gdf/lib/python3.9/site-packages/distributed/comm/core.py", line 334, in connect
    raise OSError(
OSError: Timed out during handshake while connecting to ucx://127.0.0.1:50313 after 30 s
2023-05-12 05:55:09,365 - distributed.worker - ERROR - failed during get data with ucx://127.0.0.1:49729 -> ucx://127.0.0.1:45533
Traceback (most recent call last):
  File "/opt/conda/envs/gdf/lib/python3.9/site-packages/distributed/comm/ucx.py", line 333, in write
    await self.ep.send(each_frame)
  File "/opt/conda/envs/gdf/lib/python3.9/site-packages/ucp/core.py", line 650, in send
    return await comm.tag_send(self._ep, buffer, nbytes, tag, name=log)
ucp._libs.exceptions.UCXError: <[Send #007] ep: 0x7fd5181f6240, tag: 0xb9dc8cda6cd83d9d, nbytes: 50000000, type: <class 'cupy.ndarray'>>: Endpoint timeout

During handling of the above exception, another exception occurred:

Traceback (most recent call last):
  File "/opt/conda/envs/gdf/lib/python3.9/site-packages/distributed/worker.py", line 1792, in get_data
    compressed = await comm.write(msg, serializers=serializers)
  File "/opt/conda/envs/gdf/lib/python3.9/site-packages/distributed/utils.py", line 752, in wrapper
    return await func(*args, **kwargs)
  File "/opt/conda/envs/gdf/lib/python3.9/site-packages/distributed/comm/ucx.py", line 337, in write
    raise CommClosedError("While writing, the connection was closed")
distributed.comm.core.CommClosedError: While writing, the connection was closed
Task exception was never retrieved
future: <Task finished name='Task-322' coro=<_listener_handler_coroutine() done, defined at /opt/conda/envs/gdf/lib/python3.9/site-packages/ucp/core.py:128> exception=UCXError('<stream_recv>: Endpoint timeout')>
Traceback (most recent call last):
  File "/opt/conda/envs/gdf/lib/python3.9/site-packages/ucp/core.py", line 143, in _listener_handler_coroutine
    peer_info = await exchange_peer_info(
  File "/opt/conda/envs/gdf/lib/python3.9/site-packages/ucp/core.py", line 52, in exchange_peer_info
    await comm.stream_recv(endpoint, peer_info_arr, peer_info_arr.nbytes)
ucp._libs.exceptions.UCXError: <stream_recv>: Endpoint timeout
Task exception was never retrieved
future: <Task finished name='Task-327' coro=<_listener_handler_coroutine() done, defined at /opt/conda/envs/gdf/lib/python3.9/site-packages/ucp/core.py:128> exception=UCXError('<stream_send>: Endpoint timeout')>
Traceback (most recent call last):
  File "/opt/conda/envs/gdf/lib/python3.9/site-packages/ucp/core.py", line 143, in _listener_handler_coroutine
    peer_info = await exchange_peer_info(
  File "/opt/conda/envs/gdf/lib/python3.9/site-packages/ucp/core.py", line 51, in exchange_peer_info
    await comm.stream_send(endpoint, my_info_arr, my_info_arr.nbytes)
ucp._libs.exceptions.UCXError: <stream_send>: Endpoint timeout
2023-05-12 05:55:09,366 - distributed.worker - ERROR - failed during get data with ucx://127.0.0.1:58343 -> ucx://127.0.0.1:55871
Traceback (most recent call last):
  File "/opt/conda/envs/gdf/lib/python3.9/site-packages/distributed/comm/ucx.py", line 333, in write
    await self.ep.send(each_frame)
  File "/opt/conda/envs/gdf/lib/python3.9/site-packages/ucp/core.py", line 650, in send
    return await comm.tag_send(self._ep, buffer, nbytes, tag, name=log)
ucp._libs.exceptions.UCXError: <[Send #007] ep: 0x7f925003f240, tag: 0x54421084c3e6421e, nbytes: 50000000, type: <class 'cupy.ndarray'>>: Endpoint timeout

During handling of the above exception, another exception occurred:

Traceback (most recent call last):
  File "/opt/conda/envs/gdf/lib/python3.9/site-packages/distributed/worker.py", line 1792, in get_data
    compressed = await comm.write(msg, serializers=serializers)
  File "/opt/conda/envs/gdf/lib/python3.9/site-packages/distributed/utils.py", line 752, in wrapper
    return await func(*args, **kwargs)
  File "/opt/conda/envs/gdf/lib/python3.9/site-packages/distributed/comm/ucx.py", line 337, in write
    raise CommClosedError("While writing, the connection was closed")
distributed.comm.core.CommClosedError: While writing, the connection was closed
2023-05-12 05:55:09,366 - distributed.worker - ERROR - Worker stream died during communication: ucx://127.0.0.1:45533
Traceback (most recent call last):
  File "/opt/conda/envs/gdf/lib/python3.9/site-packages/distributed/comm/ucx.py", line 349, in read
    await self.ep.recv(msg)
  File "/opt/conda/envs/gdf/lib/python3.9/site-packages/ucp/core.py", line 725, in recv
    ret = await comm.tag_recv(self._ep, buffer, nbytes, tag, name=log)
ucp._libs.exceptions.UCXCanceled: <[Recv #000] ep: 0x7fd5181f6140, tag: 0x230906b44d67f3f2, nbytes: 16, type: <class 'numpy.ndarray'>>: 

During handling of the above exception, another exception occurred:

Traceback (most recent call last):
  File "/opt/conda/envs/gdf/lib/python3.9/site-packages/distributed/comm/core.py", line 329, in connect
    handshake = await wait_for(comm.read(), time_left())
  File "/opt/conda/envs/gdf/lib/python3.9/site-packages/distributed/utils.py", line 1849, in wait_for
    return await asyncio.wait_for(fut, timeout)
  File "/opt/conda/envs/gdf/lib/python3.9/asyncio/tasks.py", line 479, in wait_for
    return fut.result()
  File "/opt/conda/envs/gdf/lib/python3.9/site-packages/distributed/utils.py", line 752, in wrapper
    return await func(*args, **kwargs)
  File "/opt/conda/envs/gdf/lib/python3.9/site-packages/distributed/comm/ucx.py", line 367, in read
    raise CommClosedError(
distributed.comm.core.CommClosedError: Connection closed by writer.
Inner exception: UCXCanceled("<[Recv #000] ep: 0x7fd5181f6140, tag: 0x230906b44d67f3f2, nbytes: 16, type: <class 'numpy.ndarray'>>: ")

The above exception was the direct cause of the following exception:

Traceback (most recent call last):
  File "/opt/conda/envs/gdf/lib/python3.9/site-packages/distributed/worker.py", line 2066, in gather_dep
    response = await get_data_from_worker(
  File "/opt/conda/envs/gdf/lib/python3.9/site-packages/distributed/worker.py", line 2889, in get_data_from_worker
    comm = await rpc.connect(worker)
  File "/opt/conda/envs/gdf/lib/python3.9/site-packages/distributed/core.py", line 1506, in connect
    return await connect_attempt
  File "/opt/conda/envs/gdf/lib/python3.9/site-packages/distributed/core.py", line 1427, in _connect
    comm = await connect(
  File "/opt/conda/envs/gdf/lib/python3.9/site-packages/distributed/comm/core.py", line 334, in connect
    raise OSError(
OSError: Timed out during handshake while connecting to ucx://127.0.0.1:45533 after 30 s
2023-05-12 05:55:09,368 - distributed.worker - ERROR - Worker stream died during communication: ucx://127.0.0.1:45533
Traceback (most recent call last):
  File "/opt/conda/envs/gdf/lib/python3.9/site-packages/distributed/comm/ucx.py", line 349, in read
    await self.ep.recv(msg)
  File "/opt/conda/envs/gdf/lib/python3.9/site-packages/ucp/core.py", line 725, in recv
    ret = await comm.tag_recv(self._ep, buffer, nbytes, tag, name=log)
ucp._libs.exceptions.UCXCanceled: <[Recv #003] ep: 0x7f925003f140, tag: 0x202dbf64c511dbd3, nbytes: 16, type: <class 'numpy.ndarray'>>: 

During handling of the above exception, another exception occurred:

Traceback (most recent call last):
  File "/opt/conda/envs/gdf/lib/python3.9/site-packages/distributed/worker.py", line 2066, in gather_dep
    response = await get_data_from_worker(
  File "/opt/conda/envs/gdf/lib/python3.9/site-packages/distributed/worker.py", line 2892, in get_data_from_worker
    response = await send_recv(
  File "/opt/conda/envs/gdf/lib/python3.9/site-packages/distributed/core.py", line 1024, in send_recv
    response = await comm.read(deserializers=deserializers)
  File "/opt/conda/envs/gdf/lib/python3.9/site-packages/distributed/utils.py", line 752, in wrapper
    return await func(*args, **kwargs)
  File "/opt/conda/envs/gdf/lib/python3.9/site-packages/distributed/comm/ucx.py", line 367, in read
    raise CommClosedError(
distributed.comm.core.CommClosedError: Connection closed by writer.
Inner exception: UCXCanceled("<[Recv #003] ep: 0x7f925003f140, tag: 0x202dbf64c511dbd3, nbytes: 16, type: <class 'numpy.ndarray'>>: ")
2023-05-12 05:55:09,375 - distributed.worker - ERROR - Worker stream died during communication: ucx://127.0.0.1:45533
Traceback (most recent call last):
  File "/opt/conda/envs/gdf/lib/python3.9/site-packages/distributed/comm/ucx.py", line 466, in connect
    ep = await ucp.create_endpoint(ip, port)
  File "/opt/conda/envs/gdf/lib/python3.9/site-packages/ucp/core.py", line 1004, in create_endpoint
    return await _get_ctx().create_endpoint(
  File "/opt/conda/envs/gdf/lib/python3.9/site-packages/ucp/core.py", line 316, in create_endpoint
    peer_info = await exchange_peer_info(
  File "/opt/conda/envs/gdf/lib/python3.9/site-packages/ucp/core.py", line 54, in exchange_peer_info
    await comm.stream_recv(endpoint, peer_info_arr, peer_info_arr.nbytes)
ucp._libs.exceptions.UCXNotConnected: <stream_recv>: 

During handling of the above exception, another exception occurred:

Traceback (most recent call last):
  File "/opt/conda/envs/gdf/lib/python3.9/site-packages/distributed/comm/core.py", line 292, in connect
    comm = await wait_for(
  File "/opt/conda/envs/gdf/lib/python3.9/site-packages/distributed/utils.py", line 1849, in wait_for
    return await asyncio.wait_for(fut, timeout)
  File "/opt/conda/envs/gdf/lib/python3.9/asyncio/tasks.py", line 479, in wait_for
    return fut.result()
  File "/opt/conda/envs/gdf/lib/python3.9/site-packages/distributed/comm/ucx.py", line 468, in connect
    raise CommClosedError("Connection closed before handshake completed")
distributed.comm.core.CommClosedError: Connection closed before handshake completed

During handling of the above exception, another exception occurred:

Traceback (most recent call last):
  File "/opt/conda/envs/gdf/lib/python3.9/site-packages/distributed/core.py", line 1427, in _connect
    comm = await connect(
  File "/opt/conda/envs/gdf/lib/python3.9/site-packages/distributed/comm/core.py", line 316, in connect
    await asyncio.sleep(backoff)
  File "/opt/conda/envs/gdf/lib/python3.9/asyncio/tasks.py", line 652, in sleep
    return await future
asyncio.exceptions.CancelledError

During handling of the above exception, another exception occurred:

Traceback (most recent call last):
  File "/opt/conda/envs/gdf/lib/python3.9/site-packages/distributed/worker.py", line 2066, in gather_dep
    response = await get_data_from_worker(
  File "/opt/conda/envs/gdf/lib/python3.9/site-packages/distributed/worker.py", line 2889, in get_data_from_worker
    comm = await rpc.connect(worker)
  File "/opt/conda/envs/gdf/lib/python3.9/site-packages/distributed/core.py", line 1506, in connect
    return await connect_attempt
  File "/opt/conda/envs/gdf/lib/python3.9/site-packages/distributed/core.py", line 1450, in _connect
    raise CommClosedError(reason)
distributed.comm.core.CommClosedError: Address removed.
2023-05-12 05:55:09,390 - distributed.worker - ERROR - failed during get data with ucx://127.0.0.1:58343 -> ucx://127.0.0.1:55883
Traceback (most recent call last):
  File "/opt/conda/envs/gdf/lib/python3.9/site-packages/distributed/comm/ucx.py", line 333, in write
    await self.ep.send(each_frame)
  File "/opt/conda/envs/gdf/lib/python3.9/site-packages/ucp/core.py", line 650, in send
    return await comm.tag_send(self._ep, buffer, nbytes, tag, name=log)
ucp._libs.exceptions.UCXError: <[Send #007] ep: 0x7f925003f300, tag: 0x848e854908922036, nbytes: 50000000, type: <class 'cupy.ndarray'>>: Endpoint timeout

During handling of the above exception, another exception occurred:

Traceback (most recent call last):
  File "/opt/conda/envs/gdf/lib/python3.9/site-packages/distributed/worker.py", line 1792, in get_data
    compressed = await comm.write(msg, serializers=serializers)
  File "/opt/conda/envs/gdf/lib/python3.9/site-packages/distributed/utils.py", line 752, in wrapper
    return await func(*args, **kwargs)
  File "/opt/conda/envs/gdf/lib/python3.9/site-packages/distributed/comm/ucx.py", line 337, in write
    raise CommClosedError("While writing, the connection was closed")
distributed.comm.core.CommClosedError: While writing, the connection was closed
2023-05-12 05:55:09,390 - distributed.worker - ERROR - Worker stream died during communication: ucx://127.0.0.1:55883
Traceback (most recent call last):
  File "/opt/conda/envs/gdf/lib/python3.9/site-packages/distributed/comm/ucx.py", line 349, in read
    await self.ep.recv(msg)
  File "/opt/conda/envs/gdf/lib/python3.9/site-packages/ucp/core.py", line 725, in recv
    ret = await comm.tag_recv(self._ep, buffer, nbytes, tag, name=log)
ucp._libs.exceptions.UCXCanceled: <[Recv #003] ep: 0x7f925003f180, tag: 0x32a9d7da9c6412a0, nbytes: 16, type: <class 'numpy.ndarray'>>: 

During handling of the above exception, another exception occurred:

Traceback (most recent call last):
  File "/opt/conda/envs/gdf/lib/python3.9/site-packages/distributed/worker.py", line 2066, in gather_dep
    response = await get_data_from_worker(
  File "/opt/conda/envs/gdf/lib/python3.9/site-packages/distributed/worker.py", line 2892, in get_data_from_worker
    response = await send_recv(
  File "/opt/conda/envs/gdf/lib/python3.9/site-packages/distributed/core.py", line 1024, in send_recv
    response = await comm.read(deserializers=deserializers)
  File "/opt/conda/envs/gdf/lib/python3.9/site-packages/distributed/utils.py", line 752, in wrapper
    return await func(*args, **kwargs)
  File "/opt/conda/envs/gdf/lib/python3.9/site-packages/distributed/comm/ucx.py", line 367, in read
    raise CommClosedError(
distributed.comm.core.CommClosedError: Connection closed by writer.
Inner exception: UCXCanceled("<[Recv #003] ep: 0x7f925003f180, tag: 0x32a9d7da9c6412a0, nbytes: 16, type: <class 'numpy.ndarray'>>: ")
2023-05-12 05:55:09,390 - distributed.worker - ERROR - failed during get data with ucx://127.0.0.1:56437 -> ucx://127.0.0.1:55883
Traceback (most recent call last):
  File "/opt/conda/envs/gdf/lib/python3.9/site-packages/distributed/comm/ucx.py", line 333, in write
    await self.ep.send(each_frame)
  File "/opt/conda/envs/gdf/lib/python3.9/site-packages/ucp/core.py", line 650, in send
    return await comm.tag_send(self._ep, buffer, nbytes, tag, name=log)
ucp._libs.exceptions.UCXError: <[Send #007] ep: 0x7f2bccd2a280, tag: 0xe3adb1583af12ca4, nbytes: 50000000, type: <class 'cupy.ndarray'>>: Endpoint timeout

During handling of the above exception, another exception occurred:

Traceback (most recent call last):
  File "/opt/conda/envs/gdf/lib/python3.9/site-packages/distributed/worker.py", line 1792, in get_data
    compressed = await comm.write(msg, serializers=serializers)
  File "/opt/conda/envs/gdf/lib/python3.9/site-packages/distributed/utils.py", line 752, in wrapper
    return await func(*args, **kwargs)
  File "/opt/conda/envs/gdf/lib/python3.9/site-packages/distributed/comm/ucx.py", line 337, in write
    raise CommClosedError("While writing, the connection was closed")
distributed.comm.core.CommClosedError: While writing, the connection was closed
2023-05-12 05:55:09,391 - distributed.worker - ERROR - Worker stream died during communication: ucx://127.0.0.1:55883
Traceback (most recent call last):
  File "/opt/conda/envs/gdf/lib/python3.9/site-packages/distributed/comm/ucx.py", line 349, in read
    await self.ep.recv(msg)
  File "/opt/conda/envs/gdf/lib/python3.9/site-packages/ucp/core.py", line 725, in recv
    ret = await comm.tag_recv(self._ep, buffer, nbytes, tag, name=log)
ucp._libs.exceptions.UCXCanceled: <[Recv #008] ep: 0x7fd5181f6100, tag: 0xa306586e40a7a96, nbytes: 16, type: <class 'numpy.ndarray'>>: 

During handling of the above exception, another exception occurred:

Traceback (most recent call last):
  File "/opt/conda/envs/gdf/lib/python3.9/site-packages/distributed/worker.py", line 2066, in gather_dep
    response = await get_data_from_worker(
  File "/opt/conda/envs/gdf/lib/python3.9/site-packages/distributed/worker.py", line 2892, in get_data_from_worker
    response = await send_recv(
  File "/opt/conda/envs/gdf/lib/python3.9/site-packages/distributed/core.py", line 1024, in send_recv
    response = await comm.read(deserializers=deserializers)
  File "/opt/conda/envs/gdf/lib/python3.9/site-packages/distributed/utils.py", line 752, in wrapper
    return await func(*args, **kwargs)
  File "/opt/conda/envs/gdf/lib/python3.9/site-packages/distributed/comm/ucx.py", line 367, in read
    raise CommClosedError(
distributed.comm.core.CommClosedError: Connection closed by writer.
Inner exception: UCXCanceled("<[Recv #008] ep: 0x7fd5181f6100, tag: 0xa306586e40a7a96, nbytes: 16, type: <class 'numpy.ndarray'>>: ")
2023-05-12 05:55:09,391 - distributed.worker - ERROR - Worker stream died during communication: ucx://127.0.0.1:55883
Traceback (most recent call last):
  File "/opt/conda/envs/gdf/lib/python3.9/site-packages/distributed/comm/ucx.py", line 391, in read
    await self.ep.recv(each_frame)
  File "/opt/conda/envs/gdf/lib/python3.9/site-packages/ucp/core.py", line 725, in recv
    ret = await comm.tag_recv(self._ep, buffer, nbytes, tag, name=log)
ucp._libs.exceptions.UCXError: <[Recv #007] ep: 0x7f2bccd2a180, tag: 0x74c0c3697fed0b5c, nbytes: 50000000, type: <class 'rmm._lib.device_buffer.DeviceBuffer'>>: Endpoint timeout

During handling of the above exception, another exception occurred:

Traceback (most recent call last):
  File "/opt/conda/envs/gdf/lib/python3.9/site-packages/distributed/worker.py", line 2066, in gather_dep
    response = await get_data_from_worker(
  File "/opt/conda/envs/gdf/lib/python3.9/site-packages/distributed/worker.py", line 2892, in get_data_from_worker
    response = await send_recv(
  File "/opt/conda/envs/gdf/lib/python3.9/site-packages/distributed/core.py", line 1024, in send_recv
    response = await comm.read(deserializers=deserializers)
  File "/opt/conda/envs/gdf/lib/python3.9/site-packages/distributed/utils.py", line 752, in wrapper
    return await func(*args, **kwargs)
  File "/opt/conda/envs/gdf/lib/python3.9/site-packages/distributed/comm/ucx.py", line 397, in read
    raise CommClosedError(
distributed.comm.core.CommClosedError: Connection closed by writer.
Inner exception: UCXError("<[Recv #007] ep: 0x7f2bccd2a180, tag: 0x74c0c3697fed0b5c, nbytes: 50000000, type: <class 'rmm._lib.device_buffer.DeviceBuffer'>>: Endpoint timeout")
2023-05-12 05:55:09,409 - distributed.nanny - WARNING - Restarting worker
2023-05-12 05:55:09,467 - distributed.nanny - WARNING - Restarting worker
2023-05-12 05:55:09,509 - distributed.nanny - WARNING - Restarting worker
2023-05-12 05:55:09,554 - distributed.nanny - WARNING - Restarting worker
2023-05-12 05:55:09,584 - distributed.nanny - WARNING - Restarting worker
2023-05-12 05:55:10,969 - distributed.preloading - INFO - Creating preload: dask_cuda.initialize
2023-05-12 05:55:10,969 - distributed.preloading - INFO - Import preload module: dask_cuda.initialize
2023-05-12 05:55:11,000 - distributed.preloading - INFO - Creating preload: dask_cuda.initialize
2023-05-12 05:55:11,000 - distributed.preloading - INFO - Import preload module: dask_cuda.initialize
2023-05-12 05:55:11,000 - distributed.preloading - INFO - Creating preload: dask_cuda.initialize
2023-05-12 05:55:11,000 - distributed.preloading - INFO - Import preload module: dask_cuda.initialize
2023-05-12 05:55:11,017 - distributed.preloading - INFO - Creating preload: dask_cuda.initialize
2023-05-12 05:55:11,018 - distributed.preloading - INFO - Import preload module: dask_cuda.initialize
2023-05-12 05:55:11,019 - distributed.preloading - INFO - Creating preload: dask_cuda.initialize
2023-05-12 05:55:11,019 - distributed.preloading - INFO - Import preload module: dask_cuda.initialize
[dgx13:420  :0:420] Caught signal 11 (Segmentation fault: address not mapped to object at address 0x448)
==== backtrace (tid:    420) ====
 0  /opt/conda/envs/gdf/lib/libucs.so.0(ucs_handle_error+0x2dc) [0x7ff6cc09511c]
 1  /opt/conda/envs/gdf/lib/libucs.so.0(+0x302ff) [0x7ff6cc0952ff]
 2  /opt/conda/envs/gdf/lib/libucs.so.0(+0x30634) [0x7ff6cc095634]
 3  /usr/lib/x86_64-linux-gnu/libpthread.so.0(+0x14420) [0x7ff75d0ed420]
 4  /opt/conda/envs/gdf/lib/libucp.so.0(ucp_mem_type_unpack+0x1b) [0x7ff6b9f7c28b]
 5  /opt/conda/envs/gdf/lib/libucp.so.0(ucp_rndv_data_handler+0x508) [0x7ff6b9fa60b8]
 6  /opt/conda/envs/gdf/lib/libuct.so.0(+0x216a7) [0x7ff6cc0476a7]
 7  /opt/conda/envs/gdf/lib/libuct.so.0(+0x21c28) [0x7ff6cc047c28]
 8  /opt/conda/envs/gdf/lib/libuct.so.0(+0x240fc) [0x7ff6cc04a0fc]
 9  /opt/conda/envs/gdf/lib/libucs.so.0(ucs_event_set_wait+0xf9) [0x7ff6cc09f639]
10  /opt/conda/envs/gdf/lib/libuct.so.0(uct_tcp_iface_progress+0x7b) [0x7ff6cc04a1ab]
11  /opt/conda/envs/gdf/lib/libucp.so.0(ucp_worker_progress+0x6a) [0x7ff6b9f78f1a]
12  /opt/conda/envs/gdf/lib/python3.9/site-packages/ucp/_libs/ucx_api.cpython-39-x86_64-linux-gnu.so(+0x286e1) [0x7ff6cc0f26e1]
13  /opt/conda/envs/gdf/bin/python(+0x13eb08) [0x5642e90f1b08]
14  /opt/conda/envs/gdf/bin/python(_PyEval_EvalFrameDefault+0x5f82) [0x5642e90e2112]
15  /opt/conda/envs/gdf/bin/python(+0x12827a) [0x5642e90db27a]
16  /opt/conda/envs/gdf/bin/python(_PyFunction_Vectorcall+0xd5) [0x5642e90ecc05]
17  /opt/conda/envs/gdf/bin/python(_PyEval_EvalFrameDefault+0x68b) [0x5642e90dc81b]
18  /opt/conda/envs/gdf/bin/python(+0x139ef3) [0x5642e90ecef3]
19  /opt/conda/envs/gdf/bin/python(+0x147a16) [0x5642e90faa16]
20  /opt/conda/envs/gdf/bin/python(+0x2579b1) [0x5642e920a9b1]
21  /opt/conda/envs/gdf/bin/python(+0xe5817) [0x5642e9098817]
22  /opt/conda/envs/gdf/bin/python(+0x130f83) [0x5642e90e3f83]
23  /opt/conda/envs/gdf/bin/python(_PyEval_EvalFrameDefault+0x5ba6) [0x5642e90e1d36]
24  /opt/conda/envs/gdf/bin/python(+0x139ef3) [0x5642e90ecef3]
25  /opt/conda/envs/gdf/bin/python(_PyEval_EvalFrameDefault+0x68b) [0x5642e90dc81b]
26  /opt/conda/envs/gdf/bin/python(+0x139ef3) [0x5642e90ecef3]
27  /opt/conda/envs/gdf/bin/python(_PyEval_EvalFrameDefault+0x68b) [0x5642e90dc81b]
28  /opt/conda/envs/gdf/bin/python(+0x139ef3) [0x5642e90ecef3]
29  /opt/conda/envs/gdf/bin/python(_PyEval_EvalFrameDefault+0x68b) [0x5642e90dc81b]
30  /opt/conda/envs/gdf/bin/python(+0x139ef3) [0x5642e90ecef3]
31  /opt/conda/envs/gdf/bin/python(_PyEval_EvalFrameDefault+0x68b) [0x5642e90dc81b]
32  /opt/conda/envs/gdf/bin/python(+0x12827a) [0x5642e90db27a]
33  /opt/conda/envs/gdf/bin/python(_PyFunction_Vectorcall+0xd5) [0x5642e90ecc05]
34  /opt/conda/envs/gdf/bin/python(_PyEval_EvalFrameDefault+0x4e17) [0x5642e90e0fa7]
35  /opt/conda/envs/gdf/bin/python(+0x12827a) [0x5642e90db27a]
36  /opt/conda/envs/gdf/bin/python(+0x147935) [0x5642e90fa935]
37  /opt/conda/envs/gdf/bin/python(PyObject_Call+0xb4) [0x5642e90fb104]
38  /opt/conda/envs/gdf/bin/python(+0x20efc8) [0x5642e91c1fc8]
39  /opt/conda/envs/gdf/bin/python(_PyObject_MakeTpCall+0x2fc) [0x5642e90e52bc]
40  /opt/conda/envs/gdf/bin/python(_PyEval_EvalFrameDefault+0x402b) [0x5642e90e01bb]
41  /opt/conda/envs/gdf/bin/python(+0x139ef3) [0x5642e90ecef3]
42  /opt/conda/envs/gdf/bin/python(+0x147c72) [0x5642e90fac72]
43  /opt/conda/envs/gdf/bin/python(_PyEval_EvalFrameDefault+0x402b) [0x5642e90e01bb]
44  /opt/conda/envs/gdf/bin/python(+0x139ef3) [0x5642e90ecef3]
45  /opt/conda/envs/gdf/bin/python(_PyEval_EvalFrameDefault+0x68b) [0x5642e90dc81b]
46  /opt/conda/envs/gdf/bin/python(+0x12827a) [0x5642e90db27a]
47  /opt/conda/envs/gdf/bin/python(_PyFunction_Vectorcall+0xd5) [0x5642e90ecc05]
48  /opt/conda/envs/gdf/bin/python(_PyEval_EvalFrameDefault+0x68b) [0x5642e90dc81b]
49  /opt/conda/envs/gdf/bin/python(+0x139ef3) [0x5642e90ecef3]
50  /opt/conda/envs/gdf/bin/python(_PyEval_EvalFrameDefault+0x3d8) [0x5642e90dc568]
51  /opt/conda/envs/gdf/bin/python(+0x12827a) [0x5642e90db27a]
52  /opt/conda/envs/gdf/bin/python(_PyFunction_Vectorcall+0xd5) [0x5642e90ecc05]
53  /opt/conda/envs/gdf/bin/python(_PyEval_EvalFrameDefault+0x123b) [0x5642e90dd3cb]
54  /opt/conda/envs/gdf/bin/python(+0x12827a) [0x5642e90db27a]
55  /opt/conda/envs/gdf/bin/python(_PyEval_EvalCodeWithName+0x47) [0x5642e90daf07]
56  /opt/conda/envs/gdf/bin/python(PyEval_EvalCodeEx+0x39) [0x5642e90daeb9]
57  /opt/conda/envs/gdf/bin/python(PyEval_EvalCode+0x1b) [0x5642e918b8bb]
58  /opt/conda/envs/gdf/bin/python(+0x206adc) [0x5642e91b9adc]
59  /opt/conda/envs/gdf/bin/python(+0x202c24) [0x5642e91b5c24]
60  /opt/conda/envs/gdf/bin/python(PyRun_StringFlags+0x9d) [0x5642e91ad7ed]
61  /opt/conda/envs/gdf/bin/python(PyRun_SimpleStringFlags+0x3d) [0x5642e91ad6bd]
=================================
[dgx13:423  :0:423] Caught signal 11 (Segmentation fault: address not mapped to object at address 0x448)
==== backtrace (tid:    423) ====
 0  /opt/conda/envs/gdf/lib/libucs.so.0(ucs_handle_error+0x2dc) [0x7f0d8c15111c]
 1  /opt/conda/envs/gdf/lib/libucs.so.0(+0x302ff) [0x7f0d8c1512ff]
 2  /opt/conda/envs/gdf/lib/libucs.so.0(+0x30634) [0x7f0d8c151634]
 3  /usr/lib/x86_64-linux-gnu/libpthread.so.0(+0x14420) [0x7f0e1d27a420]
 4  /opt/conda/envs/gdf/lib/libucp.so.0(ucp_mem_type_unpack+0x1b) [0x7f0d8c1d228b]
 5  /opt/conda/envs/gdf/lib/libucp.so.0(ucp_rndv_data_handler+0x508) [0x7f0d8c1fc0b8]
 6  /opt/conda/envs/gdf/lib/libuct.so.0(+0x216a7) [0x7f0d8c1036a7]
 7  /opt/conda/envs/gdf/lib/libuct.so.0(+0x21c28) [0x7f0d8c103c28]
 8  /opt/conda/envs/gdf/lib/libuct.so.0(+0x240fc) [0x7f0d8c1060fc]
 9  /opt/conda/envs/gdf/lib/libucs.so.0(ucs_event_set_wait+0xf9) [0x7f0d8c15b639]
10  /opt/conda/envs/gdf/lib/libuct.so.0(uct_tcp_iface_progress+0x7b) [0x7f0d8c1061ab]
11  /opt/conda/envs/gdf/lib/libucp.so.0(ucp_worker_progress+0x6a) [0x7f0d8c1cef1a]
12  /opt/conda/envs/gdf/lib/python3.9/site-packages/ucp/_libs/ucx_api.cpython-39-x86_64-linux-gnu.so(+0x286e1) [0x7f0d8c27e6e1]
13  /opt/conda/envs/gdf/bin/python(+0x13eb08) [0x557bedf88b08]
14  /opt/conda/envs/gdf/bin/python(_PyEval_EvalFrameDefault+0x5f82) [0x557bedf79112]
15  /opt/conda/envs/gdf/bin/python(+0x12827a) [0x557bedf7227a]
16  /opt/conda/envs/gdf/bin/python(_PyFunction_Vectorcall+0xd5) [0x557bedf83c05]
17  /opt/conda/envs/gdf/bin/python(_PyEval_EvalFrameDefault+0x68b) [0x557bedf7381b]
18  /opt/conda/envs/gdf/bin/python(+0x14e70e) [0x557bedf9870e]
19  /opt/conda/envs/gdf/lib/python3.9/lib-dynload/_asyncio.cpython-39-x86_64-linux-gnu.so(+0x82fe) [0x7f0e100082fe]
20  /opt/conda/envs/gdf/bin/python(_PyObject_MakeTpCall+0x2fc) [0x557bedf7c2bc]
21  /opt/conda/envs/gdf/bin/python(+0xe5817) [0x557bedf2f817]
22  /opt/conda/envs/gdf/bin/python(+0x130f83) [0x557bedf7af83]
23  /opt/conda/envs/gdf/bin/python(_PyEval_EvalFrameDefault+0x5ba6) [0x557bedf78d36]
24  /opt/conda/envs/gdf/bin/python(+0x139ef3) [0x557bedf83ef3]
25  /opt/conda/envs/gdf/bin/python(_PyEval_EvalFrameDefault+0x68b) [0x557bedf7381b]
26  /opt/conda/envs/gdf/bin/python(+0x139ef3) [0x557bedf83ef3]
27  /opt/conda/envs/gdf/bin/python(_PyEval_EvalFrameDefault+0x68b) [0x557bedf7381b]
28  /opt/conda/envs/gdf/bin/python(+0x139ef3) [0x557bedf83ef3]
29  /opt/conda/envs/gdf/bin/python(_PyEval_EvalFrameDefault+0x68b) [0x557bedf7381b]
30  /opt/conda/envs/gdf/bin/python(+0x139ef3) [0x557bedf83ef3]
31  /opt/conda/envs/gdf/bin/python(_PyEval_EvalFrameDefault+0x68b) [0x557bedf7381b]
32  /opt/conda/envs/gdf/bin/python(+0x12827a) [0x557bedf7227a]
33  /opt/conda/envs/gdf/bin/python(_PyFunction_Vectorcall+0xd5) [0x557bedf83c05]
34  /opt/conda/envs/gdf/bin/python(_PyEval_EvalFrameDefault+0x4e17) [0x557bedf77fa7]
35  /opt/conda/envs/gdf/bin/python(+0x12827a) [0x557bedf7227a]
36  /opt/conda/envs/gdf/bin/python(+0x147935) [0x557bedf91935]
37  /opt/conda/envs/gdf/bin/python(PyObject_Call+0xb4) [0x557bedf92104]
38  /opt/conda/envs/gdf/bin/python(+0x20efc8) [0x557bee058fc8]
39  /opt/conda/envs/gdf/bin/python(_PyObject_MakeTpCall+0x2fc) [0x557bedf7c2bc]
40  /opt/conda/envs/gdf/bin/python(_PyEval_EvalFrameDefault+0x402b) [0x557bedf771bb]
41  /opt/conda/envs/gdf/bin/python(+0x139ef3) [0x557bedf83ef3]
42  /opt/conda/envs/gdf/bin/python(+0x147c72) [0x557bedf91c72]
43  /opt/conda/envs/gdf/bin/python(_PyEval_EvalFrameDefault+0x402b) [0x557bedf771bb]
44  /opt/conda/envs/gdf/bin/python(+0x139ef3) [0x557bedf83ef3]
45  /opt/conda/envs/gdf/bin/python(_PyEval_EvalFrameDefault+0x68b) [0x557bedf7381b]
46  /opt/conda/envs/gdf/bin/python(+0x12827a) [0x557bedf7227a]
47  /opt/conda/envs/gdf/bin/python(_PyFunction_Vectorcall+0xd5) [0x557bedf83c05]
48  /opt/conda/envs/gdf/bin/python(_PyEval_EvalFrameDefault+0x68b) [0x557bedf7381b]
49  /opt/conda/envs/gdf/bin/python(+0x139ef3) [0x557bedf83ef3]
50  /opt/conda/envs/gdf/bin/python(_PyEval_EvalFrameDefault+0x3d8) [0x557bedf73568]
51  /opt/conda/envs/gdf/bin/python(+0x12827a) [0x557bedf7227a]
52  /opt/conda/envs/gdf/bin/python(_PyFunction_Vectorcall+0xd5) [0x557bedf83c05]
53  /opt/conda/envs/gdf/bin/python(_PyEval_EvalFrameDefault+0x123b) [0x557bedf743cb]
54  /opt/conda/envs/gdf/bin/python(+0x12827a) [0x557bedf7227a]
55  /opt/conda/envs/gdf/bin/python(_PyEval_EvalCodeWithName+0x47) [0x557bedf71f07]
56  /opt/conda/envs/gdf/bin/python(PyEval_EvalCodeEx+0x39) [0x557bedf71eb9]
57  /opt/conda/envs/gdf/bin/python(PyEval_EvalCode+0x1b) [0x557bee0228bb]
58  /opt/conda/envs/gdf/bin/python(+0x206adc) [0x557bee050adc]
59  /opt/conda/envs/gdf/bin/python(+0x202c24) [0x557bee04cc24]
60  /opt/conda/envs/gdf/bin/python(PyRun_StringFlags+0x9d) [0x557bee0447ed]
61  /opt/conda/envs/gdf/bin/python(PyRun_SimpleStringFlags+0x3d) [0x557bee0446bd]
=================================
[dgx13:426  :0:426] Caught signal 11 (Segmentation fault: address not mapped to object at address 0x448)
==== backtrace (tid:    426) ====
 0  /opt/conda/envs/gdf/lib/libucs.so.0(ucs_handle_error+0x2dc) [0x7ff9099c911c]
 1  /opt/conda/envs/gdf/lib/libucs.so.0(+0x302ff) [0x7ff9099c92ff]
 2  /opt/conda/envs/gdf/lib/libucs.so.0(+0x30634) [0x7ff9099c9634]
 3  /usr/lib/x86_64-linux-gnu/libpthread.so.0(+0x14420) [0x7ff9acb03420]
 4  /opt/conda/envs/gdf/lib/libucp.so.0(ucp_mem_type_unpack+0x1b) [0x7ff909a4a28b]
 5  /opt/conda/envs/gdf/lib/libucp.so.0(ucp_rndv_data_handler+0x508) [0x7ff909a740b8]
 6  /opt/conda/envs/gdf/lib/libuct.so.0(+0x216a7) [0x7ff90997b6a7]
 7  /opt/conda/envs/gdf/lib/libuct.so.0(+0x21c28) [0x7ff90997bc28]
 8  /opt/conda/envs/gdf/lib/libuct.so.0(+0x240fc) [0x7ff90997e0fc]
 9  /opt/conda/envs/gdf/lib/libucs.so.0(ucs_event_set_wait+0xf9) [0x7ff9099d3639]
10  /opt/conda/envs/gdf/lib/libuct.so.0(uct_tcp_iface_progress+0x7b) [0x7ff90997e1ab]
11  /opt/conda/envs/gdf/lib/libucp.so.0(ucp_worker_progress+0x6a) [0x7ff909a46f1a]
12  /opt/conda/envs/gdf/lib/python3.9/site-packages/ucp/_libs/ucx_api.cpython-39-x86_64-linux-gnu.so(+0x286e1) [0x7ff909af66e1]
13  /opt/conda/envs/gdf/bin/python(+0x13eb08) [0x560ef90eeb08]
14  /opt/conda/envs/gdf/bin/python(_PyEval_EvalFrameDefault+0x5f82) [0x560ef90df112]
15  /opt/conda/envs/gdf/bin/python(+0x12827a) [0x560ef90d827a]
16  /opt/conda/envs/gdf/bin/python(_PyFunction_Vectorcall+0xd5) [0x560ef90e9c05]
17  /opt/conda/envs/gdf/bin/python(_PyEval_EvalFrameDefault+0x68b) [0x560ef90d981b]
18  /opt/conda/envs/gdf/bin/python(+0x139ef3) [0x560ef90e9ef3]
19  /opt/conda/envs/gdf/bin/python(+0x147a16) [0x560ef90f7a16]
20  /opt/conda/envs/gdf/bin/python(+0x2579b1) [0x560ef92079b1]
21  /opt/conda/envs/gdf/bin/python(+0xe5817) [0x560ef9095817]
22  /opt/conda/envs/gdf/bin/python(+0x130f83) [0x560ef90e0f83]
23  /opt/conda/envs/gdf/bin/python(_PyEval_EvalFrameDefault+0x5ba6) [0x560ef90ded36]
24  /opt/conda/envs/gdf/bin/python(+0x139ef3) [0x560ef90e9ef3]
25  /opt/conda/envs/gdf/bin/python(_PyEval_EvalFrameDefault+0x68b) [0x560ef90d981b]
26  /opt/conda/envs/gdf/bin/python(+0x139ef3) [0x560ef90e9ef3]
27  /opt/conda/envs/gdf/bin/python(_PyEval_EvalFrameDefault+0x68b) [0x560ef90d981b]
28  /opt/conda/envs/gdf/bin/python(+0x139ef3) [0x560ef90e9ef3]
29  /opt/conda/envs/gdf/bin/python(_PyEval_EvalFrameDefault+0x68b) [0x560ef90d981b]
30  /opt/conda/envs/gdf/bin/python(+0x139ef3) [0x560ef90e9ef3]
31  /opt/conda/envs/gdf/bin/python(_PyEval_EvalFrameDefault+0x68b) [0x560ef90d981b]
32  /opt/conda/envs/gdf/bin/python(+0x12827a) [0x560ef90d827a]
33  /opt/conda/envs/gdf/bin/python(_PyFunction_Vectorcall+0xd5) [0x560ef90e9c05]
34  /opt/conda/envs/gdf/bin/python(_PyEval_EvalFrameDefault+0x4e17) [0x560ef90ddfa7]
35  /opt/conda/envs/gdf/bin/python(+0x12827a) [0x560ef90d827a]
36  /opt/conda/envs/gdf/bin/python(+0x147935) [0x560ef90f7935]
37  /opt/conda/envs/gdf/bin/python(PyObject_Call+0xb4) [0x560ef90f8104]
38  /opt/conda/envs/gdf/bin/python(+0x20efc8) [0x560ef91befc8]
39  /opt/conda/envs/gdf/bin/python(_PyObject_MakeTpCall+0x2fc) [0x560ef90e22bc]
40  /opt/conda/envs/gdf/bin/python(_PyEval_EvalFrameDefault+0x402b) [0x560ef90dd1bb]
41  /opt/conda/envs/gdf/bin/python(+0x139ef3) [0x560ef90e9ef3]
42  /opt/conda/envs/gdf/bin/python(+0x147c72) [0x560ef90f7c72]
43  /opt/conda/envs/gdf/bin/python(_PyEval_EvalFrameDefault+0x402b) [0x560ef90dd1bb]
44  /opt/conda/envs/gdf/bin/python(+0x139ef3) [0x560ef90e9ef3]
45  /opt/conda/envs/gdf/bin/python(_PyEval_EvalFrameDefault+0x68b) [0x560ef90d981b]
46  /opt/conda/envs/gdf/bin/python(+0x12827a) [0x560ef90d827a]
47  /opt/conda/envs/gdf/bin/python(_PyFunction_Vectorcall+0xd5) [0x560ef90e9c05]
48  /opt/conda/envs/gdf/bin/python(_PyEval_EvalFrameDefault+0x68b) [0x560ef90d981b]
49  /opt/conda/envs/gdf/bin/python(+0x139ef3) [0x560ef90e9ef3]
50  /opt/conda/envs/gdf/bin/python(_PyEval_EvalFrameDefault+0x3d8) [0x560ef90d9568]
51  /opt/conda/envs/gdf/bin/python(+0x12827a) [0x560ef90d827a]
52  /opt/conda/envs/gdf/bin/python(_PyFunction_Vectorcall+0xd5) [0x560ef90e9c05]
53  /opt/conda/envs/gdf/bin/python(_PyEval_EvalFrameDefault+0x123b) [0x560ef90da3cb]
54  /opt/conda/envs/gdf/bin/python(+0x12827a) [0x560ef90d827a]
55  /opt/conda/envs/gdf/bin/python(_PyEval_EvalCodeWithName+0x47) [0x560ef90d7f07]
56  /opt/conda/envs/gdf/bin/python(PyEval_EvalCodeEx+0x39) [0x560ef90d7eb9]
57  /opt/conda/envs/gdf/bin/python(PyEval_EvalCode+0x1b) [0x560ef91888bb]
58  /opt/conda/envs/gdf/bin/python(+0x206adc) [0x560ef91b6adc]
59  /opt/conda/envs/gdf/bin/python(+0x202c24) [0x560ef91b2c24]
60  /opt/conda/envs/gdf/bin/python(PyRun_StringFlags+0x9d) [0x560ef91aa7ed]
61  /opt/conda/envs/gdf/bin/python(PyRun_SimpleStringFlags+0x3d) [0x560ef91aa6bd]
=================================
2023-05-12 05:55:12,874 - distributed.worker - ERROR - failed during get data with ucx://127.0.0.1:58343 -> ucx://127.0.0.1:56299
Traceback (most recent call last):
  File "/opt/conda/envs/gdf/lib/python3.9/site-packages/distributed/comm/ucx.py", line 333, in write
    await self.ep.send(each_frame)
  File "/opt/conda/envs/gdf/lib/python3.9/site-packages/ucp/core.py", line 650, in send
    return await comm.tag_send(self._ep, buffer, nbytes, tag, name=log)
ucp._libs.exceptions.UCXError: <[Send #007] ep: 0x7f925003f2c0, tag: 0x3389ee6859192d83, nbytes: 50000000, type: <class 'cupy.ndarray'>>: Endpoint timeout

During handling of the above exception, another exception occurred:

Traceback (most recent call last):
  File "/opt/conda/envs/gdf/lib/python3.9/site-packages/distributed/worker.py", line 1792, in get_data
    compressed = await comm.write(msg, serializers=serializers)
  File "/opt/conda/envs/gdf/lib/python3.9/site-packages/distributed/utils.py", line 752, in wrapper
    return await func(*args, **kwargs)
  File "/opt/conda/envs/gdf/lib/python3.9/site-packages/distributed/comm/ucx.py", line 337, in write
    raise CommClosedError("While writing, the connection was closed")
distributed.comm.core.CommClosedError: While writing, the connection was closed
2023-05-12 05:55:12,884 - distributed.worker - ERROR - failed during get data with ucx://127.0.0.1:56437 -> ucx://127.0.0.1:44499
Traceback (most recent call last):
  File "/opt/conda/envs/gdf/lib/python3.9/site-packages/distributed/comm/ucx.py", line 333, in write
    await self.ep.send(each_frame)
  File "/opt/conda/envs/gdf/lib/python3.9/site-packages/ucp/core.py", line 650, in send
    return await comm.tag_send(self._ep, buffer, nbytes, tag, name=log)
ucp._libs.exceptions.UCXError: <[Send #007] ep: 0x7f2bccd2a200, tag: 0xd509753310bb1939, nbytes: 50000000, type: <class 'cupy.ndarray'>>: Endpoint timeout

During handling of the above exception, another exception occurred:

Traceback (most recent call last):
  File "/opt/conda/envs/gdf/lib/python3.9/site-packages/distributed/worker.py", line 1792, in get_data
    compressed = await comm.write(msg, serializers=serializers)
  File "/opt/conda/envs/gdf/lib/python3.9/site-packages/distributed/utils.py", line 752, in wrapper
    return await func(*args, **kwargs)
  File "/opt/conda/envs/gdf/lib/python3.9/site-packages/distributed/comm/ucx.py", line 337, in write
    raise CommClosedError("While writing, the connection was closed")
distributed.comm.core.CommClosedError: While writing, the connection was closed
2023-05-12 05:55:12,916 - distributed.worker - ERROR - failed during get data with ucx://127.0.0.1:49729 -> ucx://127.0.0.1:49703
Traceback (most recent call last):
  File "/opt/conda/envs/gdf/lib/python3.9/site-packages/distributed/comm/ucx.py", line 333, in write
    await self.ep.send(each_frame)
  File "/opt/conda/envs/gdf/lib/python3.9/site-packages/ucp/core.py", line 650, in send
    return await comm.tag_send(self._ep, buffer, nbytes, tag, name=log)
ucp._libs.exceptions.UCXError: <[Send #007] ep: 0x7fd5181f6180, tag: 0xfb9ec059ff03c95b, nbytes: 50000000, type: <class 'cupy.ndarray'>>: Endpoint timeout

During handling of the above exception, another exception occurred:

Traceback (most recent call last):
  File "/opt/conda/envs/gdf/lib/python3.9/site-packages/distributed/worker.py", line 1792, in get_data
    compressed = await comm.write(msg, serializers=serializers)
  File "/opt/conda/envs/gdf/lib/python3.9/site-packages/distributed/utils.py", line 752, in wrapper
    return await func(*args, **kwargs)
  File "/opt/conda/envs/gdf/lib/python3.9/site-packages/distributed/comm/ucx.py", line 337, in write
    raise CommClosedError("While writing, the connection was closed")
distributed.comm.core.CommClosedError: While writing, the connection was closed
2023-05-12 05:55:12,919 - distributed.worker - ERROR - failed during get data with ucx://127.0.0.1:49729 -> ucx://127.0.0.1:44499
Traceback (most recent call last):
  File "/opt/conda/envs/gdf/lib/python3.9/site-packages/distributed/comm/ucx.py", line 333, in write
    await self.ep.send(each_frame)
  File "/opt/conda/envs/gdf/lib/python3.9/site-packages/ucp/core.py", line 650, in send
    return await comm.tag_send(self._ep, buffer, nbytes, tag, name=log)
ucp._libs.exceptions.UCXError: <[Send #007] ep: 0x7fd5181f62c0, tag: 0x9463ea2f582fae83, nbytes: 50000000, type: <class 'cupy.ndarray'>>: Endpoint timeout

During handling of the above exception, another exception occurred:

Traceback (most recent call last):
  File "/opt/conda/envs/gdf/lib/python3.9/site-packages/distributed/worker.py", line 1792, in get_data
    compressed = await comm.write(msg, serializers=serializers)
  File "/opt/conda/envs/gdf/lib/python3.9/site-packages/distributed/utils.py", line 752, in wrapper
    return await func(*args, **kwargs)
  File "/opt/conda/envs/gdf/lib/python3.9/site-packages/distributed/comm/ucx.py", line 337, in write
    raise CommClosedError("While writing, the connection was closed")
distributed.comm.core.CommClosedError: While writing, the connection was closed
2023-05-12 05:55:12,923 - distributed.nanny - WARNING - Restarting worker
2023-05-12 05:55:12,923 - distributed.worker - ERROR - Worker stream died during communication: ucx://127.0.0.1:44499
Traceback (most recent call last):
  File "/opt/conda/envs/gdf/lib/python3.9/site-packages/distributed/comm/ucx.py", line 349, in read
    await self.ep.recv(msg)
  File "/opt/conda/envs/gdf/lib/python3.9/site-packages/ucp/core.py", line 725, in recv
    ret = await comm.tag_recv(self._ep, buffer, nbytes, tag, name=log)
ucp._libs.exceptions.UCXCanceled: <[Recv #003] ep: 0x7fd5181f6300, tag: 0xde82ea41fd906e8a, nbytes: 16, type: <class 'numpy.ndarray'>>: 

During handling of the above exception, another exception occurred:

Traceback (most recent call last):
  File "/opt/conda/envs/gdf/lib/python3.9/site-packages/distributed/worker.py", line 2066, in gather_dep
    response = await get_data_from_worker(
  File "/opt/conda/envs/gdf/lib/python3.9/site-packages/distributed/worker.py", line 2892, in get_data_from_worker
    response = await send_recv(
  File "/opt/conda/envs/gdf/lib/python3.9/site-packages/distributed/core.py", line 1024, in send_recv
    response = await comm.read(deserializers=deserializers)
  File "/opt/conda/envs/gdf/lib/python3.9/site-packages/distributed/utils.py", line 752, in wrapper
    return await func(*args, **kwargs)
  File "/opt/conda/envs/gdf/lib/python3.9/site-packages/distributed/comm/ucx.py", line 367, in read
    raise CommClosedError(
distributed.comm.core.CommClosedError: Connection closed by writer.
Inner exception: UCXCanceled("<[Recv #003] ep: 0x7fd5181f6300, tag: 0xde82ea41fd906e8a, nbytes: 16, type: <class 'numpy.ndarray'>>: ")
2023-05-12 05:55:12,957 - distributed.nanny - WARNING - Restarting worker
2023-05-12 05:55:12,998 - distributed.nanny - WARNING - Restarting worker
2023-05-12 05:55:14,326 - distributed.preloading - INFO - Creating preload: dask_cuda.initialize
2023-05-12 05:55:14,326 - distributed.preloading - INFO - Import preload module: dask_cuda.initialize
2023-05-12 05:55:14,408 - distributed.preloading - INFO - Creating preload: dask_cuda.initialize
2023-05-12 05:55:14,408 - distributed.preloading - INFO - Import preload module: dask_cuda.initialize
2023-05-12 05:55:14,411 - distributed.preloading - INFO - Creating preload: dask_cuda.initialize
2023-05-12 05:55:14,411 - distributed.preloading - INFO - Import preload module: dask_cuda.initialize
2023-05-12 05:55:39,094 - distributed.worker - ERROR - Worker stream died during communication: ucx://127.0.0.1:50313
Traceback (most recent call last):
  File "/opt/conda/envs/gdf/lib/python3.9/site-packages/distributed/comm/ucx.py", line 466, in connect
    ep = await ucp.create_endpoint(ip, port)
  File "/opt/conda/envs/gdf/lib/python3.9/site-packages/ucp/core.py", line 1004, in create_endpoint
    return await _get_ctx().create_endpoint(
  File "/opt/conda/envs/gdf/lib/python3.9/site-packages/ucp/core.py", line 316, in create_endpoint
    peer_info = await exchange_peer_info(
  File "/opt/conda/envs/gdf/lib/python3.9/site-packages/ucp/core.py", line 54, in exchange_peer_info
    await comm.stream_recv(endpoint, peer_info_arr, peer_info_arr.nbytes)
asyncio.exceptions.CancelledError

During handling of the above exception, another exception occurred:

Traceback (most recent call last):
  File "/opt/conda/envs/gdf/lib/python3.9/asyncio/tasks.py", line 490, in wait_for
    return fut.result()
asyncio.exceptions.CancelledError

The above exception was the direct cause of the following exception:

Traceback (most recent call last):
  File "/opt/conda/envs/gdf/lib/python3.9/site-packages/distributed/comm/core.py", line 292, in connect
    comm = await wait_for(
  File "/opt/conda/envs/gdf/lib/python3.9/site-packages/distributed/utils.py", line 1849, in wait_for
    return await asyncio.wait_for(fut, timeout)
  File "/opt/conda/envs/gdf/lib/python3.9/asyncio/tasks.py", line 492, in wait_for
    raise exceptions.TimeoutError() from exc
asyncio.exceptions.TimeoutError

The above exception was the direct cause of the following exception:

Traceback (most recent call last):
  File "/opt/conda/envs/gdf/lib/python3.9/site-packages/distributed/worker.py", line 2066, in gather_dep
    response = await get_data_from_worker(
  File "/opt/conda/envs/gdf/lib/python3.9/site-packages/distributed/worker.py", line 2889, in get_data_from_worker
    comm = await rpc.connect(worker)
  File "/opt/conda/envs/gdf/lib/python3.9/site-packages/distributed/core.py", line 1506, in connect
    return await connect_attempt
  File "/opt/conda/envs/gdf/lib/python3.9/site-packages/distributed/core.py", line 1427, in _connect
    comm = await connect(
  File "/opt/conda/envs/gdf/lib/python3.9/site-packages/distributed/comm/core.py", line 318, in connect
    raise OSError(
OSError: Timed out trying to connect to ucx://127.0.0.1:50313 after 30 s
/opt/conda/envs/gdf/lib/python3.9/multiprocessing/resource_tracker.py:216: UserWarning: resource_tracker: There appear to be 48 leaked semaphore objects to clean up at shutdown
  warnings.warn('resource_tracker: There appear to be %d '
