[dgx13:87132:0:87132] Caught signal 11 (Segmentation fault: address not mapped to object at address 0x448)
==== backtrace (tid:  87132) ====
 0  /opt/conda/envs/gdf/lib/libucs.so.0(ucs_handle_error+0x2fd) [0x7fc21c9a507d]
 1  /opt/conda/envs/gdf/lib/libucs.so.0(+0x2a274) [0x7fc21c9a5274]
 2  /opt/conda/envs/gdf/lib/libucs.so.0(+0x2a43a) [0x7fc21c9a543a]
 3  /usr/lib/x86_64-linux-gnu/libpthread.so.0(+0x14420) [0x7fc2be07c420]
 4  /opt/conda/envs/gdf/lib/libucp.so.0(ucp_mem_type_unpack+0x14) [0x7fc21ca246b4]
 5  /opt/conda/envs/gdf/lib/libucp.so.0(ucp_rndv_data_handler+0x4e9) [0x7fc21ca4d839]
 6  /opt/conda/envs/gdf/lib/libuct.so.0(+0x203df) [0x7fc21c95f3df]
 7  /opt/conda/envs/gdf/lib/libuct.so.0(+0x23838) [0x7fc21c962838]
 8  /opt/conda/envs/gdf/lib/libucs.so.0(ucs_event_set_wait+0xb9) [0x7fc21c9ae4a9]
 9  /opt/conda/envs/gdf/lib/libuct.so.0(uct_tcp_iface_progress+0x7d) [0x7fc21c9615dd]
10  /opt/conda/envs/gdf/lib/libucp.so.0(ucp_worker_progress+0x5a) [0x7fc21ca218da]
11  /opt/conda/envs/gdf/lib/python3.9/site-packages/ucp/_libs/ucx_api.cpython-39-x86_64-linux-gnu.so(+0x3206a) [0x7fc21cada06a]
12  /opt/conda/envs/gdf/bin/python(_PyEval_EvalFrameDefault+0x37cb) [0x55b1acd8c6fb]
13  /opt/conda/envs/gdf/bin/python(+0x12f094) [0x55b1acd88094]
14  /opt/conda/envs/gdf/bin/python(_PyFunction_Vectorcall+0xd9) [0x55b1acd99519]
15  /opt/conda/envs/gdf/bin/python(_PyEval_EvalFrameDefault+0x696) [0x55b1acd895c6]
16  /opt/conda/envs/gdf/bin/python(+0x1e3162) [0x55b1ace3c162]
17  /opt/conda/envs/gdf/lib/python3.9/lib-dynload/_asyncio.cpython-39-x86_64-linux-gnu.so(+0x81e9) [0x7fc2b405f1e9]
18  /opt/conda/envs/gdf/bin/python(_PyObject_MakeTpCall+0x2ec) [0x55b1acd9177c]
19  /opt/conda/envs/gdf/bin/python(+0xead05) [0x55b1acd43d05]
20  /opt/conda/envs/gdf/bin/python(+0x1377f3) [0x55b1acd907f3]
21  /opt/conda/envs/gdf/bin/python(_PyEval_EvalFrameDefault+0x59f9) [0x55b1acd8e929]
22  /opt/conda/envs/gdf/bin/python(+0x1407c2) [0x55b1acd997c2]
23  /opt/conda/envs/gdf/bin/python(_PyEval_EvalFrameDefault+0x696) [0x55b1acd895c6]
24  /opt/conda/envs/gdf/bin/python(+0x1407c2) [0x55b1acd997c2]
25  /opt/conda/envs/gdf/bin/python(_PyEval_EvalFrameDefault+0x696) [0x55b1acd895c6]
26  /opt/conda/envs/gdf/bin/python(+0x1407c2) [0x55b1acd997c2]
27  /opt/conda/envs/gdf/bin/python(_PyEval_EvalFrameDefault+0x696) [0x55b1acd895c6]
28  /opt/conda/envs/gdf/bin/python(+0x1407c2) [0x55b1acd997c2]
29  /opt/conda/envs/gdf/bin/python(_PyEval_EvalFrameDefault+0x696) [0x55b1acd895c6]
30  /opt/conda/envs/gdf/bin/python(+0x12f094) [0x55b1acd88094]
31  /opt/conda/envs/gdf/bin/python(_PyFunction_Vectorcall+0xd9) [0x55b1acd99519]
32  /opt/conda/envs/gdf/bin/python(_PyEval_EvalFrameDefault+0x11f8) [0x55b1acd8a128]
33  /opt/conda/envs/gdf/bin/python(+0x12f094) [0x55b1acd88094]
34  /opt/conda/envs/gdf/bin/python(+0x14dccb) [0x55b1acda6ccb]
35  /opt/conda/envs/gdf/bin/python(PyObject_Call+0xbc) [0x55b1acda744c]
36  /opt/conda/envs/gdf/bin/python(+0x21110e) [0x55b1ace6a10e]
37  /opt/conda/envs/gdf/bin/python(_PyObject_MakeTpCall+0x2ec) [0x55b1acd9177c]
38  /opt/conda/envs/gdf/bin/python(_PyEval_EvalFrameDefault+0x37cb) [0x55b1acd8c6fb]
39  /opt/conda/envs/gdf/bin/python(+0x1407c2) [0x55b1acd997c2]
40  /opt/conda/envs/gdf/bin/python(+0x14ddac) [0x55b1acda6dac]
41  /opt/conda/envs/gdf/bin/python(_PyEval_EvalFrameDefault+0x37cb) [0x55b1acd8c6fb]
42  /opt/conda/envs/gdf/bin/python(+0x1407c2) [0x55b1acd997c2]
43  /opt/conda/envs/gdf/bin/python(_PyEval_EvalFrameDefault+0x696) [0x55b1acd895c6]
44  /opt/conda/envs/gdf/bin/python(+0x12f094) [0x55b1acd88094]
45  /opt/conda/envs/gdf/bin/python(_PyFunction_Vectorcall+0xd9) [0x55b1acd99519]
46  /opt/conda/envs/gdf/bin/python(_PyEval_EvalFrameDefault+0x696) [0x55b1acd895c6]
47  /opt/conda/envs/gdf/bin/python(+0x1407c2) [0x55b1acd997c2]
48  /opt/conda/envs/gdf/bin/python(_PyEval_EvalFrameDefault+0x3e2) [0x55b1acd89312]
49  /opt/conda/envs/gdf/bin/python(+0x12f094) [0x55b1acd88094]
50  /opt/conda/envs/gdf/bin/python(_PyFunction_Vectorcall+0xd9) [0x55b1acd99519]
51  /opt/conda/envs/gdf/bin/python(_PyEval_EvalFrameDefault+0x11f8) [0x55b1acd8a128]
52  /opt/conda/envs/gdf/bin/python(+0x12f094) [0x55b1acd88094]
53  /opt/conda/envs/gdf/bin/python(_PyEval_EvalCodeWithName+0x48) [0x55b1acd87d68]
54  /opt/conda/envs/gdf/bin/python(PyEval_EvalCodeEx+0x39) [0x55b1acd87d19]
55  /opt/conda/envs/gdf/bin/python(PyEval_EvalCode+0x1b) [0x55b1ace3507b]
56  /opt/conda/envs/gdf/bin/python(+0x208fca) [0x55b1ace61fca]
57  /opt/conda/envs/gdf/bin/python(+0x205353) [0x55b1ace5e353]
58  /opt/conda/envs/gdf/bin/python(PyRun_StringFlags+0x9a) [0x55b1ace5616a]
59  /opt/conda/envs/gdf/bin/python(PyRun_SimpleStringFlags+0x3c) [0x55b1ace5605c]
60  /opt/conda/envs/gdf/bin/python(Py_RunMain+0x267) [0x55b1ace55297]
61  /opt/conda/envs/gdf/bin/python(Py_BytesMain+0x37) [0x55b1ace28f07]
=================================
[dgx13:87125:0:87125] Caught signal 11 (Segmentation fault: address not mapped to object at address 0x448)
==== backtrace (tid:  87125) ====
 0  /opt/conda/envs/gdf/lib/libucs.so.0(ucs_handle_error+0x2fd) [0x7f7f5366d07d]
 1  /opt/conda/envs/gdf/lib/libucs.so.0(+0x2a274) [0x7f7f5366d274]
 2  /opt/conda/envs/gdf/lib/libucs.so.0(+0x2a43a) [0x7f7f5366d43a]
 3  /usr/lib/x86_64-linux-gnu/libpthread.so.0(+0x14420) [0x7f7ff8d46420]
 4  /opt/conda/envs/gdf/lib/libucp.so.0(ucp_mem_type_unpack+0x14) [0x7f7f536ec6b4]
 5  /opt/conda/envs/gdf/lib/libucp.so.0(ucp_rndv_data_handler+0x4e9) [0x7f7f53715839]
 6  /opt/conda/envs/gdf/lib/libuct.so.0(+0x203df) [0x7f7f536273df]
 7  /opt/conda/envs/gdf/lib/libuct.so.0(+0x23838) [0x7f7f5362a838]
 8  /opt/conda/envs/gdf/lib/libucs.so.0(ucs_event_set_wait+0xb9) [0x7f7f536764a9]
 9  /opt/conda/envs/gdf/lib/libuct.so.0(uct_tcp_iface_progress+0x7d) [0x7f7f536295dd]
10  /opt/conda/envs/gdf/lib/libucp.so.0(ucp_worker_progress+0x5a) [0x7f7f536e98da]
11  /opt/conda/envs/gdf/lib/python3.9/site-packages/ucp/_libs/ucx_api.cpython-39-x86_64-linux-gnu.so(+0x3206a) [0x7f7f537a206a]
12  /opt/conda/envs/gdf/bin/python(_PyEval_EvalFrameDefault+0x37cb) [0x5580196f76fb]
13  /opt/conda/envs/gdf/bin/python(+0x12f094) [0x5580196f3094]
14  /opt/conda/envs/gdf/bin/python(_PyFunction_Vectorcall+0xd9) [0x558019704519]
15  /opt/conda/envs/gdf/bin/python(_PyEval_EvalFrameDefault+0x696) [0x5580196f45c6]
16  /opt/conda/envs/gdf/bin/python(+0x1407c2) [0x5580197047c2]
17  /opt/conda/envs/gdf/bin/python(+0x14de83) [0x558019711e83]
18  /opt/conda/envs/gdf/bin/python(+0x258b2c) [0x55801981cb2c]
19  /opt/conda/envs/gdf/bin/python(+0xead05) [0x5580196aed05]
20  /opt/conda/envs/gdf/bin/python(+0x1377f3) [0x5580196fb7f3]
21  /opt/conda/envs/gdf/bin/python(_PyEval_EvalFrameDefault+0x59f9) [0x5580196f9929]
22  /opt/conda/envs/gdf/bin/python(+0x1407c2) [0x5580197047c2]
23  /opt/conda/envs/gdf/bin/python(_PyEval_EvalFrameDefault+0x696) [0x5580196f45c6]
24  /opt/conda/envs/gdf/bin/python(+0x1407c2) [0x5580197047c2]
25  /opt/conda/envs/gdf/bin/python(_PyEval_EvalFrameDefault+0x696) [0x5580196f45c6]
26  /opt/conda/envs/gdf/bin/python(+0x1407c2) [0x5580197047c2]
27  /opt/conda/envs/gdf/bin/python(_PyEval_EvalFrameDefault+0x696) [0x5580196f45c6]
28  /opt/conda/envs/gdf/bin/python(+0x1407c2) [0x5580197047c2]
29  /opt/conda/envs/gdf/bin/python(_PyEval_EvalFrameDefault+0x696) [0x5580196f45c6]
30  /opt/conda/envs/gdf/bin/python(+0x12f094) [0x5580196f3094]
31  /opt/conda/envs/gdf/bin/python(_PyFunction_Vectorcall+0xd9) [0x558019704519]
32  /opt/conda/envs/gdf/bin/python(_PyEval_EvalFrameDefault+0x11f8) [0x5580196f5128]
33  /opt/conda/envs/gdf/bin/python(+0x12f094) [0x5580196f3094]
34  /opt/conda/envs/gdf/bin/python(+0x14dccb) [0x558019711ccb]
35  /opt/conda/envs/gdf/bin/python(PyObject_Call+0xbc) [0x55801971244c]
36  /opt/conda/envs/gdf/bin/python(+0x21110e) [0x5580197d510e]
37  /opt/conda/envs/gdf/bin/python(_PyObject_MakeTpCall+0x2ec) [0x5580196fc77c]
38  /opt/conda/envs/gdf/bin/python(_PyEval_EvalFrameDefault+0x37cb) [0x5580196f76fb]
39  /opt/conda/envs/gdf/bin/python(+0x1407c2) [0x5580197047c2]
40  /opt/conda/envs/gdf/bin/python(+0x14ddac) [0x558019711dac]
41  /opt/conda/envs/gdf/bin/python(_PyEval_EvalFrameDefault+0x37cb) [0x5580196f76fb]
42  /opt/conda/envs/gdf/bin/python(+0x1407c2) [0x5580197047c2]
43  /opt/conda/envs/gdf/bin/python(_PyEval_EvalFrameDefault+0x696) [0x5580196f45c6]
44  /opt/conda/envs/gdf/bin/python(+0x12f094) [0x5580196f3094]
45  /opt/conda/envs/gdf/bin/python(_PyFunction_Vectorcall+0xd9) [0x558019704519]
46  /opt/conda/envs/gdf/bin/python(_PyEval_EvalFrameDefault+0x696) [0x5580196f45c6]
47  /opt/conda/envs/gdf/bin/python(+0x1407c2) [0x5580197047c2]
48  /opt/conda/envs/gdf/bin/python(_PyEval_EvalFrameDefault+0x3e2) [0x5580196f4312]
49  /opt/conda/envs/gdf/bin/python(+0x12f094) [0x5580196f3094]
50  /opt/conda/envs/gdf/bin/python(_PyFunction_Vectorcall+0xd9) [0x558019704519]
51  /opt/conda/envs/gdf/bin/python(_PyEval_EvalFrameDefault+0x11f8) [0x5580196f5128]
52  /opt/conda/envs/gdf/bin/python(+0x12f094) [0x5580196f3094]
53  /opt/conda/envs/gdf/bin/python(_PyEval_EvalCodeWithName+0x48) [0x5580196f2d68]
54  /opt/conda/envs/gdf/bin/python(PyEval_EvalCodeEx+0x39) [0x5580196f2d19]
55  /opt/conda/envs/gdf/bin/python(PyEval_EvalCode+0x1b) [0x5580197a007b]
56  /opt/conda/envs/gdf/bin/python(+0x208fca) [0x5580197ccfca]
57  /opt/conda/envs/gdf/bin/python(+0x205353) [0x5580197c9353]
58  /opt/conda/envs/gdf/bin/python(PyRun_StringFlags+0x9a) [0x5580197c116a]
59  /opt/conda/envs/gdf/bin/python(PyRun_SimpleStringFlags+0x3c) [0x5580197c105c]
60  /opt/conda/envs/gdf/bin/python(Py_RunMain+0x267) [0x5580197c0297]
61  /opt/conda/envs/gdf/bin/python(Py_BytesMain+0x37) [0x558019793f07]
=================================
[dgx13:87134:0:87134] Caught signal 11 (Segmentation fault: address not mapped to object at address 0x448)
==== backtrace (tid:  87134) ====
 0  /opt/conda/envs/gdf/lib/libucs.so.0(ucs_handle_error+0x2fd) [0x7f9560c1b07d]
 1  /opt/conda/envs/gdf/lib/libucs.so.0(+0x2a274) [0x7f9560c1b274]
 2  /opt/conda/envs/gdf/lib/libucs.so.0(+0x2a43a) [0x7f9560c1b43a]
 3  /usr/lib/x86_64-linux-gnu/libpthread.so.0(+0x14420) [0x7f9602264420]
 4  /opt/conda/envs/gdf/lib/libucp.so.0(ucp_mem_type_unpack+0x14) [0x7f9560c9a6b4]
 5  /opt/conda/envs/gdf/lib/libucp.so.0(ucp_rndv_data_handler+0x4e9) [0x7f9560cc3839]
 6  /opt/conda/envs/gdf/lib/libuct.so.0(+0x203df) [0x7f9560bd53df]
 7  /opt/conda/envs/gdf/lib/libuct.so.0(+0x23838) [0x7f9560bd8838]
 8  /opt/conda/envs/gdf/lib/libucs.so.0(ucs_event_set_wait+0xb9) [0x7f9560c244a9]
 9  /opt/conda/envs/gdf/lib/libuct.so.0(uct_tcp_iface_progress+0x7d) [0x7f9560bd75dd]
10  /opt/conda/envs/gdf/lib/libucp.so.0(ucp_worker_progress+0x5a) [0x7f9560c978da]
11  /opt/conda/envs/gdf/lib/python3.9/site-packages/ucp/_libs/ucx_api.cpython-39-x86_64-linux-gnu.so(+0x3206a) [0x7f9560d5006a]
12  /opt/conda/envs/gdf/bin/python(_PyEval_EvalFrameDefault+0x37cb) [0x5610cde486fb]
13  /opt/conda/envs/gdf/bin/python(+0x12f094) [0x5610cde44094]
14  /opt/conda/envs/gdf/bin/python(_PyFunction_Vectorcall+0xd9) [0x5610cde55519]
15  /opt/conda/envs/gdf/bin/python(_PyEval_EvalFrameDefault+0x696) [0x5610cde455c6]
16  /opt/conda/envs/gdf/bin/python(+0x1e3162) [0x5610cdef8162]
17  /opt/conda/envs/gdf/lib/python3.9/lib-dynload/_asyncio.cpython-39-x86_64-linux-gnu.so(+0x81e9) [0x7f95f82501e9]
18  /opt/conda/envs/gdf/bin/python(_PyObject_MakeTpCall+0x2ec) [0x5610cde4d77c]
19  /opt/conda/envs/gdf/bin/python(+0xead05) [0x5610cddffd05]
20  /opt/conda/envs/gdf/bin/python(+0x1377f3) [0x5610cde4c7f3]
21  /opt/conda/envs/gdf/bin/python(_PyEval_EvalFrameDefault+0x59f9) [0x5610cde4a929]
22  /opt/conda/envs/gdf/bin/python(+0x1407c2) [0x5610cde557c2]
23  /opt/conda/envs/gdf/bin/python(_PyEval_EvalFrameDefault+0x696) [0x5610cde455c6]
24  /opt/conda/envs/gdf/bin/python(+0x1407c2) [0x5610cde557c2]
25  /opt/conda/envs/gdf/bin/python(_PyEval_EvalFrameDefault+0x696) [0x5610cde455c6]
26  /opt/conda/envs/gdf/bin/python(+0x1407c2) [0x5610cde557c2]
27  /opt/conda/envs/gdf/bin/python(_PyEval_EvalFrameDefault+0x696) [0x5610cde455c6]
28  /opt/conda/envs/gdf/bin/python(+0x1407c2) [0x5610cde557c2]
29  /opt/conda/envs/gdf/bin/python(_PyEval_EvalFrameDefault+0x696) [0x5610cde455c6]
30  /opt/conda/envs/gdf/bin/python(+0x12f094) [0x5610cde44094]
31  /opt/conda/envs/gdf/bin/python(_PyFunction_Vectorcall+0xd9) [0x5610cde55519]
32  /opt/conda/envs/gdf/bin/python(_PyEval_EvalFrameDefault+0x11f8) [0x5610cde46128]
33  /opt/conda/envs/gdf/bin/python(+0x12f094) [0x5610cde44094]
34  /opt/conda/envs/gdf/bin/python(+0x14dccb) [0x5610cde62ccb]
35  /opt/conda/envs/gdf/bin/python(PyObject_Call+0xbc) [0x5610cde6344c]
36  /opt/conda/envs/gdf/bin/python(+0x21110e) [0x5610cdf2610e]
37  /opt/conda/envs/gdf/bin/python(_PyObject_MakeTpCall+0x2ec) [0x5610cde4d77c]
38  /opt/conda/envs/gdf/bin/python(_PyEval_EvalFrameDefault+0x37cb) [0x5610cde486fb]
39  /opt/conda/envs/gdf/bin/python(+0x1407c2) [0x5610cde557c2]
40  /opt/conda/envs/gdf/bin/python(+0x14ddac) [0x5610cde62dac]
41  /opt/conda/envs/gdf/bin/python(_PyEval_EvalFrameDefault+0x37cb) [0x5610cde486fb]
42  /opt/conda/envs/gdf/bin/python(+0x1407c2) [0x5610cde557c2]
43  /opt/conda/envs/gdf/bin/python(_PyEval_EvalFrameDefault+0x696) [0x5610cde455c6]
44  /opt/conda/envs/gdf/bin/python(+0x12f094) [0x5610cde44094]
45  /opt/conda/envs/gdf/bin/python(_PyFunction_Vectorcall+0xd9) [0x5610cde55519]
46  /opt/conda/envs/gdf/bin/python(_PyEval_EvalFrameDefault+0x696) [0x5610cde455c6]
47  /opt/conda/envs/gdf/bin/python(+0x1407c2) [0x5610cde557c2]
48  /opt/conda/envs/gdf/bin/python(_PyEval_EvalFrameDefault+0x3e2) [0x5610cde45312]
49  /opt/conda/envs/gdf/bin/python(+0x12f094) [0x5610cde44094]
50  /opt/conda/envs/gdf/bin/python(_PyFunction_Vectorcall+0xd9) [0x5610cde55519]
51  /opt/conda/envs/gdf/bin/python(_PyEval_EvalFrameDefault+0x11f8) [0x5610cde46128]
52  /opt/conda/envs/gdf/bin/python(+0x12f094) [0x5610cde44094]
53  /opt/conda/envs/gdf/bin/python(_PyEval_EvalCodeWithName+0x48) [0x5610cde43d68]
54  /opt/conda/envs/gdf/bin/python(PyEval_EvalCodeEx+0x39) [0x5610cde43d19]
55  /opt/conda/envs/gdf/bin/python(PyEval_EvalCode+0x1b) [0x5610cdef107b]
56  /opt/conda/envs/gdf/bin/python(+0x208fca) [0x5610cdf1dfca]
57  /opt/conda/envs/gdf/bin/python(+0x205353) [0x5610cdf1a353]
58  /opt/conda/envs/gdf/bin/python(PyRun_StringFlags+0x9a) [0x5610cdf1216a]
59  /opt/conda/envs/gdf/bin/python(PyRun_SimpleStringFlags+0x3c) [0x5610cdf1205c]
60  /opt/conda/envs/gdf/bin/python(Py_RunMain+0x267) [0x5610cdf11297]
61  /opt/conda/envs/gdf/bin/python(Py_BytesMain+0x37) [0x5610cdee4f07]
=================================
[dgx13:87139:0:87139] Caught signal 11 (Segmentation fault: address not mapped to object at address 0x448)
==== backtrace (tid:  87139) ====
 0  /opt/conda/envs/gdf/lib/libucs.so.0(ucs_handle_error+0x2fd) [0x7f9aa487907d]
 1  /opt/conda/envs/gdf/lib/libucs.so.0(+0x2a274) [0x7f9aa4879274]
 2  /opt/conda/envs/gdf/lib/libucs.so.0(+0x2a43a) [0x7f9aa487943a]
 3  /usr/lib/x86_64-linux-gnu/libpthread.so.0(+0x14420) [0x7f9b37ee8420]
 4  /opt/conda/envs/gdf/lib/libucp.so.0(ucp_mem_type_unpack+0x14) [0x7f9aa48f86b4]
 5  /opt/conda/envs/gdf/lib/libucp.so.0(ucp_rndv_data_handler+0x4e9) [0x7f9aa4921839]
 6  /opt/conda/envs/gdf/lib/libuct.so.0(+0x203df) [0x7f9aa48333df]
 7  /opt/conda/envs/gdf/lib/libuct.so.0(+0x23838) [0x7f9aa4836838]
 8  /opt/conda/envs/gdf/lib/libucs.so.0(ucs_event_set_wait+0xb9) [0x7f9aa48824a9]
 9  /opt/conda/envs/gdf/lib/libuct.so.0(uct_tcp_iface_progress+0x7d) [0x7f9aa48355dd]
10  /opt/conda/envs/gdf/lib/libucp.so.0(ucp_worker_progress+0x5a) [0x7f9aa48f58da]
11  /opt/conda/envs/gdf/lib/python3.9/site-packages/ucp/_libs/ucx_api.cpython-39-x86_64-linux-gnu.so(+0x3206a) [0x7f9aa49ae06a]
12  /opt/conda/envs/gdf/bin/python(_PyEval_EvalFrameDefault+0x37cb) [0x555e1e4fb6fb]
13  /opt/conda/envs/gdf/bin/python(+0x12f094) [0x555e1e4f7094]
14  /opt/conda/envs/gdf/bin/python(_PyFunction_Vectorcall+0xd9) [0x555e1e508519]
15  /opt/conda/envs/gdf/bin/python(_PyEval_EvalFrameDefault+0x696) [0x555e1e4f85c6]
16  /opt/conda/envs/gdf/bin/python(+0x1e3162) [0x555e1e5ab162]
17  /opt/conda/envs/gdf/lib/python3.9/lib-dynload/_asyncio.cpython-39-x86_64-linux-gnu.so(+0x81e9) [0x7f9b2ded91e9]
18  /opt/conda/envs/gdf/bin/python(_PyObject_MakeTpCall+0x2ec) [0x555e1e50077c]
19  /opt/conda/envs/gdf/bin/python(+0xead05) [0x555e1e4b2d05]
20  /opt/conda/envs/gdf/bin/python(+0x1377f3) [0x555e1e4ff7f3]
21  /opt/conda/envs/gdf/bin/python(_PyEval_EvalFrameDefault+0x59f9) [0x555e1e4fd929]
22  /opt/conda/envs/gdf/bin/python(+0x1407c2) [0x555e1e5087c2]
23  /opt/conda/envs/gdf/bin/python(_PyEval_EvalFrameDefault+0x696) [0x555e1e4f85c6]
24  /opt/conda/envs/gdf/bin/python(+0x1407c2) [0x555e1e5087c2]
25  /opt/conda/envs/gdf/bin/python(_PyEval_EvalFrameDefault+0x696) [0x555e1e4f85c6]
26  /opt/conda/envs/gdf/bin/python(+0x1407c2) [0x555e1e5087c2]
27  /opt/conda/envs/gdf/bin/python(_PyEval_EvalFrameDefault+0x696) [0x555e1e4f85c6]
28  /opt/conda/envs/gdf/bin/python(+0x1407c2) [0x555e1e5087c2]
29  /opt/conda/envs/gdf/bin/python(_PyEval_EvalFrameDefault+0x696) [0x555e1e4f85c6]
30  /opt/conda/envs/gdf/bin/python(+0x12f094) [0x555e1e4f7094]
31  /opt/conda/envs/gdf/bin/python(_PyFunction_Vectorcall+0xd9) [0x555e1e508519]
32  /opt/conda/envs/gdf/bin/python(_PyEval_EvalFrameDefault+0x11f8) [0x555e1e4f9128]
33  /opt/conda/envs/gdf/bin/python(+0x12f094) [0x555e1e4f7094]
34  /opt/conda/envs/gdf/bin/python(+0x14dccb) [0x555e1e515ccb]
35  /opt/conda/envs/gdf/bin/python(PyObject_Call+0xbc) [0x555e1e51644c]
36  /opt/conda/envs/gdf/bin/python(+0x21110e) [0x555e1e5d910e]
37  /opt/conda/envs/gdf/bin/python(_PyObject_MakeTpCall+0x2ec) [0x555e1e50077c]
38  /opt/conda/envs/gdf/bin/python(_PyEval_EvalFrameDefault+0x37cb) [0x555e1e4fb6fb]
39  /opt/conda/envs/gdf/bin/python(+0x1407c2) [0x555e1e5087c2]
40  /opt/conda/envs/gdf/bin/python(+0x14ddac) [0x555e1e515dac]
41  /opt/conda/envs/gdf/bin/python(_PyEval_EvalFrameDefault+0x37cb) [0x555e1e4fb6fb]
42  /opt/conda/envs/gdf/bin/python(+0x1407c2) [0x555e1e5087c2]
43  /opt/conda/envs/gdf/bin/python(_PyEval_EvalFrameDefault+0x696) [0x555e1e4f85c6]
44  /opt/conda/envs/gdf/bin/python(+0x12f094) [0x555e1e4f7094]
45  /opt/conda/envs/gdf/bin/python(_PyFunction_Vectorcall+0xd9) [0x555e1e508519]
46  /opt/conda/envs/gdf/bin/python(_PyEval_EvalFrameDefault+0x696) [0x555e1e4f85c6]
47  /opt/conda/envs/gdf/bin/python(+0x1407c2) [0x555e1e5087c2]
48  /opt/conda/envs/gdf/bin/python(_PyEval_EvalFrameDefault+0x3e2) [0x555e1e4f8312]
49  /opt/conda/envs/gdf/bin/python(+0x12f094) [0x555e1e4f7094]
50  /opt/conda/envs/gdf/bin/python(_PyFunction_Vectorcall+0xd9) [0x555e1e508519]
51  /opt/conda/envs/gdf/bin/python(_PyEval_EvalFrameDefault+0x11f8) [0x555e1e4f9128]
52  /opt/conda/envs/gdf/bin/python(+0x12f094) [0x555e1e4f7094]
53  /opt/conda/envs/gdf/bin/python(_PyEval_EvalCodeWithName+0x48) [0x555e1e4f6d68]
54  /opt/conda/envs/gdf/bin/python(PyEval_EvalCodeEx+0x39) [0x555e1e4f6d19]
55  /opt/conda/envs/gdf/bin/python(PyEval_EvalCode+0x1b) [0x555e1e5a407b]
56  /opt/conda/envs/gdf/bin/python(+0x208fca) [0x555e1e5d0fca]
57  /opt/conda/envs/gdf/bin/python(+0x205353) [0x555e1e5cd353]
58  /opt/conda/envs/gdf/bin/python(PyRun_StringFlags+0x9a) [0x555e1e5c516a]
59  /opt/conda/envs/gdf/bin/python(PyRun_SimpleStringFlags+0x3c) [0x555e1e5c505c]
60  /opt/conda/envs/gdf/bin/python(Py_RunMain+0x267) [0x555e1e5c4297]
61  /opt/conda/envs/gdf/bin/python(Py_BytesMain+0x37) [0x555e1e597f07]
=================================
[dgx13:87121:0:87121] Caught signal 11 (Segmentation fault: address not mapped to object at address 0x448)
==== backtrace (tid:  87121) ====
 0  /opt/conda/envs/gdf/lib/libucs.so.0(ucs_handle_error+0x2fd) [0x7fb8584cf07d]
 1  /opt/conda/envs/gdf/lib/libucs.so.0(+0x2a274) [0x7fb8584cf274]
 2  /opt/conda/envs/gdf/lib/libucs.so.0(+0x2a43a) [0x7fb8584cf43a]
 3  /usr/lib/x86_64-linux-gnu/libpthread.so.0(+0x14420) [0x7fb8f9bbc420]
 4  /opt/conda/envs/gdf/lib/libucp.so.0(ucp_mem_type_unpack+0x14) [0x7fb85854e6b4]
 5  /opt/conda/envs/gdf/lib/libucp.so.0(ucp_rndv_data_handler+0x4e9) [0x7fb858577839]
 6  /opt/conda/envs/gdf/lib/libuct.so.0(+0x203df) [0x7fb8584893df]
 7  /opt/conda/envs/gdf/lib/libuct.so.0(+0x23838) [0x7fb85848c838]
 8  /opt/conda/envs/gdf/lib/libucs.so.0(ucs_event_set_wait+0xb9) [0x7fb8584d84a9]
 9  /opt/conda/envs/gdf/lib/libuct.so.0(uct_tcp_iface_progress+0x7d) [0x7fb85848b5dd]
10  /opt/conda/envs/gdf/lib/libucp.so.0(ucp_worker_progress+0x5a) [0x7fb85854b8da]
11  /opt/conda/envs/gdf/lib/python3.9/site-packages/ucp/_libs/ucx_api.cpython-39-x86_64-linux-gnu.so(+0x3206a) [0x7fb85860406a]
12  /opt/conda/envs/gdf/bin/python(_PyEval_EvalFrameDefault+0x37cb) [0x556a560ce6fb]
13  /opt/conda/envs/gdf/bin/python(+0x12f094) [0x556a560ca094]
14  /opt/conda/envs/gdf/bin/python(_PyFunction_Vectorcall+0xd9) [0x556a560db519]
15  /opt/conda/envs/gdf/bin/python(_PyEval_EvalFrameDefault+0x696) [0x556a560cb5c6]
16  /opt/conda/envs/gdf/bin/python(+0x1407c2) [0x556a560db7c2]
17  /opt/conda/envs/gdf/bin/python(+0x14de83) [0x556a560e8e83]
18  /opt/conda/envs/gdf/bin/python(+0x258b2c) [0x556a561f3b2c]
19  /opt/conda/envs/gdf/bin/python(+0xead05) [0x556a56085d05]
20  /opt/conda/envs/gdf/bin/python(+0x1377f3) [0x556a560d27f3]
21  /opt/conda/envs/gdf/bin/python(_PyEval_EvalFrameDefault+0x59f9) [0x556a560d0929]
22  /opt/conda/envs/gdf/bin/python(+0x1407c2) [0x556a560db7c2]
23  /opt/conda/envs/gdf/bin/python(_PyEval_EvalFrameDefault+0x696) [0x556a560cb5c6]
24  /opt/conda/envs/gdf/bin/python(+0x1407c2) [0x556a560db7c2]
25  /opt/conda/envs/gdf/bin/python(_PyEval_EvalFrameDefault+0x696) [0x556a560cb5c6]
26  /opt/conda/envs/gdf/bin/python(+0x1407c2) [0x556a560db7c2]
27  /opt/conda/envs/gdf/bin/python(_PyEval_EvalFrameDefault+0x696) [0x556a560cb5c6]
28  /opt/conda/envs/gdf/bin/python(+0x1407c2) [0x556a560db7c2]
29  /opt/conda/envs/gdf/bin/python(_PyEval_EvalFrameDefault+0x696) [0x556a560cb5c6]
30  /opt/conda/envs/gdf/bin/python(+0x12f094) [0x556a560ca094]
31  /opt/conda/envs/gdf/bin/python(_PyFunction_Vectorcall+0xd9) [0x556a560db519]
32  /opt/conda/envs/gdf/bin/python(_PyEval_EvalFrameDefault+0x11f8) [0x556a560cc128]
33  /opt/conda/envs/gdf/bin/python(+0x12f094) [0x556a560ca094]
34  /opt/conda/envs/gdf/bin/python(+0x14dccb) [0x556a560e8ccb]
35  /opt/conda/envs/gdf/bin/python(PyObject_Call+0xbc) [0x556a560e944c]
36  /opt/conda/envs/gdf/bin/python(+0x21110e) [0x556a561ac10e]
37  /opt/conda/envs/gdf/bin/python(_PyObject_MakeTpCall+0x2ec) [0x556a560d377c]
38  /opt/conda/envs/gdf/bin/python(_PyEval_EvalFrameDefault+0x37cb) [0x556a560ce6fb]
39  /opt/conda/envs/gdf/bin/python(+0x1407c2) [0x556a560db7c2]
40  /opt/conda/envs/gdf/bin/python(+0x14ddac) [0x556a560e8dac]
41  /opt/conda/envs/gdf/bin/python(_PyEval_EvalFrameDefault+0x37cb) [0x556a560ce6fb]
42  /opt/conda/envs/gdf/bin/python(+0x1407c2) [0x556a560db7c2]
43  /opt/conda/envs/gdf/bin/python(_PyEval_EvalFrameDefault+0x696) [0x556a560cb5c6]
44  /opt/conda/envs/gdf/bin/python(+0x12f094) [0x556a560ca094]
45  /opt/conda/envs/gdf/bin/python(_PyFunction_Vectorcall+0xd9) [0x556a560db519]
46  /opt/conda/envs/gdf/bin/python(_PyEval_EvalFrameDefault+0x696) [0x556a560cb5c6]
47  /opt/conda/envs/gdf/bin/python(+0x1407c2) [0x556a560db7c2]
48  /opt/conda/envs/gdf/bin/python(_PyEval_EvalFrameDefault+0x3e2) [0x556a560cb312]
49  /opt/conda/envs/gdf/bin/python(+0x12f094) [0x556a560ca094]
50  /opt/conda/envs/gdf/bin/python(_PyFunction_Vectorcall+0xd9) [0x556a560db519]
51  /opt/conda/envs/gdf/bin/python(_PyEval_EvalFrameDefault+0x11f8) [0x556a560cc128]
52  /opt/conda/envs/gdf/bin/python(+0x12f094) [0x556a560ca094]
53  /opt/conda/envs/gdf/bin/python(_PyEval_EvalCodeWithName+0x48) [0x556a560c9d68]
54  /opt/conda/envs/gdf/bin/python(PyEval_EvalCodeEx+0x39) [0x556a560c9d19]
55  /opt/conda/envs/gdf/bin/python(PyEval_EvalCode+0x1b) [0x556a5617707b]
56  /opt/conda/envs/gdf/bin/python(+0x208fca) [0x556a561a3fca]
57  /opt/conda/envs/gdf/bin/python(+0x205353) [0x556a561a0353]
58  /opt/conda/envs/gdf/bin/python(PyRun_StringFlags+0x9a) [0x556a5619816a]
59  /opt/conda/envs/gdf/bin/python(PyRun_SimpleStringFlags+0x3c) [0x556a5619805c]
60  /opt/conda/envs/gdf/bin/python(Py_RunMain+0x267) [0x556a56197297]
61  /opt/conda/envs/gdf/bin/python(Py_BytesMain+0x37) [0x556a5616af07]
=================================
Task exception was never retrieved
future: <Task finished name='Task-256' coro=<_listener_handler_coroutine() done, defined at /opt/conda/envs/gdf/lib/python3.9/site-packages/ucp/core.py:128> exception=UCXError('<stream_recv>: Connection reset by remote peer')>
Traceback (most recent call last):
  File "/opt/conda/envs/gdf/lib/python3.9/site-packages/ucp/core.py", line 143, in _listener_handler_coroutine
    peer_info = await exchange_peer_info(
  File "/opt/conda/envs/gdf/lib/python3.9/site-packages/ucp/core.py", line 52, in exchange_peer_info
    await comm.stream_recv(endpoint, peer_info_arr, peer_info_arr.nbytes)
ucp._libs.exceptions.UCXError: <stream_recv>: Connection reset by remote peer
Task exception was never retrieved
future: <Task finished name='Task-305' coro=<_listener_handler_coroutine() done, defined at /opt/conda/envs/gdf/lib/python3.9/site-packages/ucp/core.py:128> exception=UCXError('<stream_recv>: Connection reset by remote peer')>
Traceback (most recent call last):
  File "/opt/conda/envs/gdf/lib/python3.9/site-packages/ucp/core.py", line 143, in _listener_handler_coroutine
    peer_info = await exchange_peer_info(
  File "/opt/conda/envs/gdf/lib/python3.9/site-packages/ucp/core.py", line 52, in exchange_peer_info
    await comm.stream_recv(endpoint, peer_info_arr, peer_info_arr.nbytes)
ucp._libs.exceptions.UCXError: <stream_recv>: Connection reset by remote peer
2023-12-16 07:13:50,881 - distributed.worker - ERROR - Worker stream died during communication: ucx://127.0.0.1:54471
Traceback (most recent call last):
  File "/opt/conda/envs/gdf/lib/python3.9/site-packages/distributed/core.py", line 1516, in _connect
    comm = await connect(
  File "/opt/conda/envs/gdf/lib/python3.9/site-packages/distributed/comm/core.py", line 342, in connect
    comm = await wait_for(
  File "/opt/conda/envs/gdf/lib/python3.9/site-packages/distributed/utils.py", line 1920, in wait_for
    return await asyncio.wait_for(fut, timeout)
  File "/opt/conda/envs/gdf/lib/python3.9/asyncio/tasks.py", line 466, in wait_for
    await waiter
asyncio.exceptions.CancelledError

During handling of the above exception, another exception occurred:

Traceback (most recent call last):
  File "/opt/conda/envs/gdf/lib/python3.9/site-packages/distributed/core.py", line 1626, in connect
    return connect_attempt.result()
asyncio.exceptions.CancelledError

During handling of the above exception, another exception occurred:

Traceback (most recent call last):
  File "/opt/conda/envs/gdf/lib/python3.9/site-packages/distributed/worker.py", line 2059, in gather_dep
    response = await get_data_from_worker(
  File "/opt/conda/envs/gdf/lib/python3.9/site-packages/distributed/worker.py", line 2849, in get_data_from_worker
    comm = await rpc.connect(worker)
  File "/opt/conda/envs/gdf/lib/python3.9/site-packages/distributed/core.py", line 1628, in connect
    raise CommClosedError(reason)
distributed.comm.core.CommClosedError: Address removed.
2023-12-16 07:13:50,880 - distributed.worker - ERROR - Worker stream died during communication: ucx://127.0.0.1:54471
Traceback (most recent call last):
  File "/opt/conda/envs/gdf/lib/python3.9/site-packages/distributed/comm/ucx.py", line 471, in connect
    ep = await ucp.create_endpoint(ip, port)
  File "/opt/conda/envs/gdf/lib/python3.9/site-packages/ucp/core.py", line 1004, in create_endpoint
    return await _get_ctx().create_endpoint(
  File "/opt/conda/envs/gdf/lib/python3.9/site-packages/ucp/core.py", line 316, in create_endpoint
    peer_info = await exchange_peer_info(
  File "/opt/conda/envs/gdf/lib/python3.9/site-packages/ucp/core.py", line 54, in exchange_peer_info
    await comm.stream_recv(endpoint, peer_info_arr, peer_info_arr.nbytes)
ucp._libs.exceptions.UCXError: <stream_recv>: Connection reset by remote peer

During handling of the above exception, another exception occurred:

Traceback (most recent call last):
  File "/opt/conda/envs/gdf/lib/python3.9/site-packages/distributed/comm/core.py", line 342, in connect
    comm = await wait_for(
  File "/opt/conda/envs/gdf/lib/python3.9/site-packages/distributed/utils.py", line 1920, in wait_for
    return await asyncio.wait_for(fut, timeout)
  File "/opt/conda/envs/gdf/lib/python3.9/asyncio/tasks.py", line 479, in wait_for
    return fut.result()
  File "/opt/conda/envs/gdf/lib/python3.9/site-packages/distributed/comm/ucx.py", line 473, in connect
    raise CommClosedError("Connection closed before handshake completed")
distributed.comm.core.CommClosedError: Connection closed before handshake completed

During handling of the above exception, another exception occurred:

Traceback (most recent call last):
  File "/opt/conda/envs/gdf/lib/python3.9/site-packages/distributed/core.py", line 1516, in _connect
    comm = await connect(
  File "/opt/conda/envs/gdf/lib/python3.9/site-packages/distributed/comm/core.py", line 366, in connect
    await asyncio.sleep(backoff)
  File "/opt/conda/envs/gdf/lib/python3.9/asyncio/tasks.py", line 652, in sleep
    return await future
asyncio.exceptions.CancelledError

During handling of the above exception, another exception occurred:

Traceback (most recent call last):
  File "/opt/conda/envs/gdf/lib/python3.9/site-packages/distributed/core.py", line 1626, in connect
    return connect_attempt.result()
asyncio.exceptions.CancelledError

During handling of the above exception, another exception occurred:

Traceback (most recent call last):
  File "/opt/conda/envs/gdf/lib/python3.9/site-packages/distributed/worker.py", line 2059, in gather_dep
    response = await get_data_from_worker(
  File "/opt/conda/envs/gdf/lib/python3.9/site-packages/distributed/worker.py", line 2849, in get_data_from_worker
    comm = await rpc.connect(worker)
  File "/opt/conda/envs/gdf/lib/python3.9/site-packages/distributed/core.py", line 1628, in connect
    raise CommClosedError(reason)
distributed.comm.core.CommClosedError: Address removed.
2023-12-16 07:13:51,055 - distributed.worker - ERROR - Worker stream died during communication: ucx://127.0.0.1:47939
Traceback (most recent call last):
  File "/opt/conda/envs/gdf/lib/python3.9/site-packages/distributed/comm/ucx.py", line 354, in read
    await self.ep.recv(msg)
  File "/opt/conda/envs/gdf/lib/python3.9/site-packages/ucp/core.py", line 725, in recv
    ret = await comm.tag_recv(self._ep, buffer, nbytes, tag, name=log)
ucp._libs.exceptions.UCXCanceled: <[Recv #003] ep: 0x7f9338c60200, tag: 0x1f683b48b559a7d2, nbytes: 16, type: <class 'numpy.ndarray'>>: 

During handling of the above exception, another exception occurred:

Traceback (most recent call last):
  File "/opt/conda/envs/gdf/lib/python3.9/site-packages/distributed/worker.py", line 2059, in gather_dep
    response = await get_data_from_worker(
  File "/opt/conda/envs/gdf/lib/python3.9/site-packages/distributed/worker.py", line 2852, in get_data_from_worker
    response = await send_recv(
  File "/opt/conda/envs/gdf/lib/python3.9/site-packages/distributed/core.py", line 1106, in send_recv
    response = await comm.read(deserializers=deserializers)
  File "/opt/conda/envs/gdf/lib/python3.9/site-packages/distributed/utils.py", line 803, in wrapper
    return await func(*args, **kwargs)
  File "/opt/conda/envs/gdf/lib/python3.9/site-packages/distributed/comm/ucx.py", line 372, in read
    raise CommClosedError(
distributed.comm.core.CommClosedError: Connection closed by writer.
Inner exception: UCXCanceled("<[Recv #003] ep: 0x7f9338c60200, tag: 0x1f683b48b559a7d2, nbytes: 16, type: <class 'numpy.ndarray'>>: ")
2023-12-16 07:13:51,056 - distributed.worker - ERROR - failed during get data with ucx://127.0.0.1:54423 -> ucx://127.0.0.1:47939
Traceback (most recent call last):
  File "/opt/conda/envs/gdf/lib/python3.9/site-packages/distributed/comm/ucx.py", line 354, in read
    await self.ep.recv(msg)
  File "/opt/conda/envs/gdf/lib/python3.9/site-packages/ucp/core.py", line 725, in recv
    ret = await comm.tag_recv(self._ep, buffer, nbytes, tag, name=log)
ucp._libs.exceptions.UCXCanceled: <[Recv #006] ep: 0x7f9338c60140, tag: 0xd83d548b9c2351da, nbytes: 16, type: <class 'numpy.ndarray'>>: 

During handling of the above exception, another exception occurred:

Traceback (most recent call last):
  File "/opt/conda/envs/gdf/lib/python3.9/site-packages/distributed/worker.py", line 1783, in get_data
    response = await comm.read(deserializers=serializers)
  File "/opt/conda/envs/gdf/lib/python3.9/site-packages/distributed/utils.py", line 803, in wrapper
    return await func(*args, **kwargs)
  File "/opt/conda/envs/gdf/lib/python3.9/site-packages/distributed/comm/ucx.py", line 372, in read
    raise CommClosedError(
distributed.comm.core.CommClosedError: Connection closed by writer.
Inner exception: UCXCanceled("<[Recv #006] ep: 0x7f9338c60140, tag: 0xd83d548b9c2351da, nbytes: 16, type: <class 'numpy.ndarray'>>: ")
2023-12-16 07:13:51,056 - distributed.worker - ERROR - failed during get data with ucx://127.0.0.1:55243 -> ucx://127.0.0.1:56971
Traceback (most recent call last):
  File "/opt/conda/envs/gdf/lib/python3.9/site-packages/distributed/comm/ucx.py", line 338, in write
    await self.ep.send(each_frame)
  File "/opt/conda/envs/gdf/lib/python3.9/site-packages/ucp/core.py", line 650, in send
    return await comm.tag_send(self._ep, buffer, nbytes, tag, name=log)
ucp._libs.exceptions.UCXError: <[Send #007] ep: 0x7f5f488562c0, tag: 0xa9878a6647674681, nbytes: 50000000, type: <class 'cupy.ndarray'>>: Connection reset by remote peer

During handling of the above exception, another exception occurred:

Traceback (most recent call last):
  File "/opt/conda/envs/gdf/lib/python3.9/site-packages/distributed/worker.py", line 1782, in get_data
    compressed = await comm.write(msg, serializers=serializers)
  File "/opt/conda/envs/gdf/lib/python3.9/site-packages/distributed/utils.py", line 803, in wrapper
    return await func(*args, **kwargs)
  File "/opt/conda/envs/gdf/lib/python3.9/site-packages/distributed/comm/ucx.py", line 342, in write
    raise CommClosedError("While writing, the connection was closed")
distributed.comm.core.CommClosedError: While writing, the connection was closed
2023-12-16 07:13:51,057 - distributed.worker - ERROR - Worker stream died during communication: ucx://127.0.0.1:56971
Traceback (most recent call last):
  File "/opt/conda/envs/gdf/lib/python3.9/site-packages/distributed/comm/ucx.py", line 396, in read
    await self.ep.recv(each_frame)
  File "/opt/conda/envs/gdf/lib/python3.9/site-packages/ucp/core.py", line 725, in recv
    ret = await comm.tag_recv(self._ep, buffer, nbytes, tag, name=log)
ucp._libs.exceptions.UCXError: <[Recv #007] ep: 0x7f5f48856140, tag: 0x7ac27636159de017, nbytes: 50000000, type: <class 'rmm._lib.device_buffer.DeviceBuffer'>>: Connection reset by remote peer

During handling of the above exception, another exception occurred:

Traceback (most recent call last):
  File "/opt/conda/envs/gdf/lib/python3.9/site-packages/distributed/worker.py", line 2059, in gather_dep
    response = await get_data_from_worker(
  File "/opt/conda/envs/gdf/lib/python3.9/site-packages/distributed/worker.py", line 2852, in get_data_from_worker
    response = await send_recv(
  File "/opt/conda/envs/gdf/lib/python3.9/site-packages/distributed/core.py", line 1106, in send_recv
    response = await comm.read(deserializers=deserializers)
  File "/opt/conda/envs/gdf/lib/python3.9/site-packages/distributed/utils.py", line 803, in wrapper
    return await func(*args, **kwargs)
  File "/opt/conda/envs/gdf/lib/python3.9/site-packages/distributed/comm/ucx.py", line 402, in read
    raise CommClosedError(
distributed.comm.core.CommClosedError: Connection closed by writer.
Inner exception: UCXError("<[Recv #007] ep: 0x7f5f48856140, tag: 0x7ac27636159de017, nbytes: 50000000, type: <class 'rmm._lib.device_buffer.DeviceBuffer'>>: Connection reset by remote peer")
2023-12-16 07:13:51,058 - distributed.worker - ERROR - Worker stream died during communication: ucx://127.0.0.1:47939
Traceback (most recent call last):
  File "/opt/conda/envs/gdf/lib/python3.9/site-packages/distributed/comm/ucx.py", line 396, in read
    await self.ep.recv(each_frame)
  File "/opt/conda/envs/gdf/lib/python3.9/site-packages/ucp/core.py", line 725, in recv
    ret = await comm.tag_recv(self._ep, buffer, nbytes, tag, name=log)
ucp._libs.exceptions.UCXError: <[Recv #007] ep: 0x7f5f48856100, tag: 0x9735312c621d36df, nbytes: 50000000, type: <class 'rmm._lib.device_buffer.DeviceBuffer'>>: Connection reset by remote peer

During handling of the above exception, another exception occurred:

Traceback (most recent call last):
  File "/opt/conda/envs/gdf/lib/python3.9/site-packages/distributed/worker.py", line 2059, in gather_dep
    response = await get_data_from_worker(
  File "/opt/conda/envs/gdf/lib/python3.9/site-packages/distributed/worker.py", line 2852, in get_data_from_worker
    response = await send_recv(
  File "/opt/conda/envs/gdf/lib/python3.9/site-packages/distributed/core.py", line 1106, in send_recv
    response = await comm.read(deserializers=deserializers)
  File "/opt/conda/envs/gdf/lib/python3.9/site-packages/distributed/utils.py", line 803, in wrapper
    return await func(*args, **kwargs)
  File "/opt/conda/envs/gdf/lib/python3.9/site-packages/distributed/comm/ucx.py", line 402, in read
    raise CommClosedError(
distributed.comm.core.CommClosedError: Connection closed by writer.
Inner exception: UCXError("<[Recv #007] ep: 0x7f5f48856100, tag: 0x9735312c621d36df, nbytes: 50000000, type: <class 'rmm._lib.device_buffer.DeviceBuffer'>>: Connection reset by remote peer")
2023-12-16 07:13:51,059 - distributed.worker - ERROR - failed during get data with ucx://127.0.0.1:55243 -> ucx://127.0.0.1:47939
Traceback (most recent call last):
  File "/opt/conda/envs/gdf/lib/python3.9/site-packages/distributed/comm/ucx.py", line 338, in write
    await self.ep.send(each_frame)
  File "/opt/conda/envs/gdf/lib/python3.9/site-packages/ucp/core.py", line 650, in send
    return await comm.tag_send(self._ep, buffer, nbytes, tag, name=log)
ucp._libs.exceptions.UCXError: <[Send #007] ep: 0x7f5f48856280, tag: 0x6518474cbc83ce93, nbytes: 50000000, type: <class 'cupy.ndarray'>>: Connection reset by remote peer

During handling of the above exception, another exception occurred:

Traceback (most recent call last):
  File "/opt/conda/envs/gdf/lib/python3.9/site-packages/distributed/worker.py", line 1782, in get_data
    compressed = await comm.write(msg, serializers=serializers)
  File "/opt/conda/envs/gdf/lib/python3.9/site-packages/distributed/utils.py", line 803, in wrapper
    return await func(*args, **kwargs)
  File "/opt/conda/envs/gdf/lib/python3.9/site-packages/distributed/comm/ucx.py", line 342, in write
    raise CommClosedError("While writing, the connection was closed")
distributed.comm.core.CommClosedError: While writing, the connection was closed
2023-12-16 07:13:51,070 - distributed.worker - ERROR - Worker stream died during communication: ucx://127.0.0.1:56971
Traceback (most recent call last):
  File "/opt/conda/envs/gdf/lib/python3.9/site-packages/distributed/core.py", line 1516, in _connect
    comm = await connect(
  File "/opt/conda/envs/gdf/lib/python3.9/site-packages/distributed/comm/core.py", line 342, in connect
    comm = await wait_for(
  File "/opt/conda/envs/gdf/lib/python3.9/site-packages/distributed/utils.py", line 1920, in wait_for
    return await asyncio.wait_for(fut, timeout)
  File "/opt/conda/envs/gdf/lib/python3.9/asyncio/tasks.py", line 466, in wait_for
    await waiter
asyncio.exceptions.CancelledError

During handling of the above exception, another exception occurred:

Traceback (most recent call last):
  File "/opt/conda/envs/gdf/lib/python3.9/site-packages/distributed/core.py", line 1626, in connect
    return connect_attempt.result()
asyncio.exceptions.CancelledError

During handling of the above exception, another exception occurred:

Traceback (most recent call last):
  File "/opt/conda/envs/gdf/lib/python3.9/site-packages/distributed/worker.py", line 2059, in gather_dep
    response = await get_data_from_worker(
  File "/opt/conda/envs/gdf/lib/python3.9/site-packages/distributed/worker.py", line 2849, in get_data_from_worker
    comm = await rpc.connect(worker)
  File "/opt/conda/envs/gdf/lib/python3.9/site-packages/distributed/core.py", line 1628, in connect
    raise CommClosedError(reason)
distributed.comm.core.CommClosedError: Address removed.
2023-12-16 07:13:51,071 - distributed.worker - ERROR - Worker stream died during communication: ucx://127.0.0.1:47939
Traceback (most recent call last):
  File "/opt/conda/envs/gdf/lib/python3.9/site-packages/distributed/core.py", line 1516, in _connect
    comm = await connect(
  File "/opt/conda/envs/gdf/lib/python3.9/site-packages/distributed/comm/core.py", line 342, in connect
    comm = await wait_for(
  File "/opt/conda/envs/gdf/lib/python3.9/site-packages/distributed/utils.py", line 1920, in wait_for
    return await asyncio.wait_for(fut, timeout)
  File "/opt/conda/envs/gdf/lib/python3.9/asyncio/tasks.py", line 466, in wait_for
    await waiter
asyncio.exceptions.CancelledError

During handling of the above exception, another exception occurred:

Traceback (most recent call last):
  File "/opt/conda/envs/gdf/lib/python3.9/site-packages/distributed/core.py", line 1626, in connect
    return connect_attempt.result()
asyncio.exceptions.CancelledError

During handling of the above exception, another exception occurred:

Traceback (most recent call last):
  File "/opt/conda/envs/gdf/lib/python3.9/site-packages/distributed/worker.py", line 2059, in gather_dep
    response = await get_data_from_worker(
  File "/opt/conda/envs/gdf/lib/python3.9/site-packages/distributed/worker.py", line 2849, in get_data_from_worker
    comm = await rpc.connect(worker)
  File "/opt/conda/envs/gdf/lib/python3.9/site-packages/distributed/core.py", line 1628, in connect
    raise CommClosedError(reason)
distributed.comm.core.CommClosedError: Address removed.
2023-12-16 07:13:51,131 - distributed.worker - ERROR - failed during get data with ucx://127.0.0.1:54423 -> ucx://127.0.0.1:56363
Traceback (most recent call last):
  File "/opt/conda/envs/gdf/lib/python3.9/site-packages/distributed/comm/ucx.py", line 338, in write
    await self.ep.send(each_frame)
  File "/opt/conda/envs/gdf/lib/python3.9/site-packages/ucp/core.py", line 650, in send
    return await comm.tag_send(self._ep, buffer, nbytes, tag, name=log)
ucp._libs.exceptions.UCXError: <[Send #007] ep: 0x7f9338c60340, tag: 0xe4ff2cb8bc0bc0fa, nbytes: 50000000, type: <class 'cupy.ndarray'>>: Connection reset by remote peer

During handling of the above exception, another exception occurred:

Traceback (most recent call last):
  File "/opt/conda/envs/gdf/lib/python3.9/site-packages/distributed/worker.py", line 1782, in get_data
    compressed = await comm.write(msg, serializers=serializers)
  File "/opt/conda/envs/gdf/lib/python3.9/site-packages/distributed/utils.py", line 803, in wrapper
    return await func(*args, **kwargs)
  File "/opt/conda/envs/gdf/lib/python3.9/site-packages/distributed/comm/ucx.py", line 342, in write
    raise CommClosedError("While writing, the connection was closed")
distributed.comm.core.CommClosedError: While writing, the connection was closed
2023-12-16 07:13:51,132 - distributed.worker - ERROR - Worker stream died during communication: ucx://127.0.0.1:56363
Traceback (most recent call last):
  File "/opt/conda/envs/gdf/lib/python3.9/site-packages/distributed/comm/ucx.py", line 354, in read
    await self.ep.recv(msg)
  File "/opt/conda/envs/gdf/lib/python3.9/site-packages/ucp/core.py", line 725, in recv
    ret = await comm.tag_recv(self._ep, buffer, nbytes, tag, name=log)
ucp._libs.exceptions.UCXCanceled: <[Recv #008] ep: 0x7f5f48856240, tag: 0xf7f9c38b0fcd2e95, nbytes: 16, type: <class 'numpy.ndarray'>>: 

During handling of the above exception, another exception occurred:

Traceback (most recent call last):
  File "/opt/conda/envs/gdf/lib/python3.9/site-packages/distributed/worker.py", line 2059, in gather_dep
    response = await get_data_from_worker(
  File "/opt/conda/envs/gdf/lib/python3.9/site-packages/distributed/worker.py", line 2852, in get_data_from_worker
    response = await send_recv(
  File "/opt/conda/envs/gdf/lib/python3.9/site-packages/distributed/core.py", line 1106, in send_recv
    response = await comm.read(deserializers=deserializers)
  File "/opt/conda/envs/gdf/lib/python3.9/site-packages/distributed/utils.py", line 803, in wrapper
    return await func(*args, **kwargs)
  File "/opt/conda/envs/gdf/lib/python3.9/site-packages/distributed/comm/ucx.py", line 372, in read
    raise CommClosedError(
distributed.comm.core.CommClosedError: Connection closed by writer.
Inner exception: UCXCanceled("<[Recv #008] ep: 0x7f5f48856240, tag: 0xf7f9c38b0fcd2e95, nbytes: 16, type: <class 'numpy.ndarray'>>: ")
2023-12-16 07:13:51,132 - distributed.worker - ERROR - Worker stream died during communication: ucx://127.0.0.1:56363
Traceback (most recent call last):
  File "/opt/conda/envs/gdf/lib/python3.9/site-packages/distributed/comm/ucx.py", line 396, in read
    await self.ep.recv(each_frame)
  File "/opt/conda/envs/gdf/lib/python3.9/site-packages/ucp/core.py", line 725, in recv
    ret = await comm.tag_recv(self._ep, buffer, nbytes, tag, name=log)
ucp._libs.exceptions.UCXError: <[Recv #007] ep: 0x7f9338c602c0, tag: 0x4f99dd7b02a4ce35, nbytes: 50000000, type: <class 'rmm._lib.device_buffer.DeviceBuffer'>>: Connection reset by remote peer

During handling of the above exception, another exception occurred:

Traceback (most recent call last):
  File "/opt/conda/envs/gdf/lib/python3.9/site-packages/distributed/worker.py", line 2059, in gather_dep
    response = await get_data_from_worker(
  File "/opt/conda/envs/gdf/lib/python3.9/site-packages/distributed/worker.py", line 2852, in get_data_from_worker
    response = await send_recv(
  File "/opt/conda/envs/gdf/lib/python3.9/site-packages/distributed/core.py", line 1106, in send_recv
    response = await comm.read(deserializers=deserializers)
  File "/opt/conda/envs/gdf/lib/python3.9/site-packages/distributed/utils.py", line 803, in wrapper
    return await func(*args, **kwargs)
  File "/opt/conda/envs/gdf/lib/python3.9/site-packages/distributed/comm/ucx.py", line 402, in read
    raise CommClosedError(
distributed.comm.core.CommClosedError: Connection closed by writer.
Inner exception: UCXError("<[Recv #007] ep: 0x7f9338c602c0, tag: 0x4f99dd7b02a4ce35, nbytes: 50000000, type: <class 'rmm._lib.device_buffer.DeviceBuffer'>>: Connection reset by remote peer")
2023-12-16 07:13:51,261 - distributed.worker - ERROR - failed during get data with ucx://127.0.0.1:54423 -> ucx://127.0.0.1:55245
Traceback (most recent call last):
  File "/opt/conda/envs/gdf/lib/python3.9/site-packages/distributed/comm/ucx.py", line 338, in write
    await self.ep.send(each_frame)
  File "/opt/conda/envs/gdf/lib/python3.9/site-packages/ucp/core.py", line 650, in send
    return await comm.tag_send(self._ep, buffer, nbytes, tag, name=log)
ucp._libs.exceptions.UCXError: <[Send #007] ep: 0x7f9338c603c0, tag: 0x714427e6236f9a67, nbytes: 50000000, type: <class 'cupy.ndarray'>>: Connection reset by remote peer

During handling of the above exception, another exception occurred:

Traceback (most recent call last):
  File "/opt/conda/envs/gdf/lib/python3.9/site-packages/distributed/worker.py", line 1782, in get_data
    compressed = await comm.write(msg, serializers=serializers)
  File "/opt/conda/envs/gdf/lib/python3.9/site-packages/distributed/utils.py", line 803, in wrapper
    return await func(*args, **kwargs)
  File "/opt/conda/envs/gdf/lib/python3.9/site-packages/distributed/comm/ucx.py", line 342, in write
    raise CommClosedError("While writing, the connection was closed")
distributed.comm.core.CommClosedError: While writing, the connection was closed
2023-12-16 07:13:51,261 - distributed.worker - ERROR - Worker stream died during communication: ucx://127.0.0.1:55245
Traceback (most recent call last):
  File "/opt/conda/envs/gdf/lib/python3.9/site-packages/distributed/comm/ucx.py", line 396, in read
    await self.ep.recv(each_frame)
  File "/opt/conda/envs/gdf/lib/python3.9/site-packages/ucp/core.py", line 725, in recv
    ret = await comm.tag_recv(self._ep, buffer, nbytes, tag, name=log)
ucp._libs.exceptions.UCXError: <[Recv #007] ep: 0x7f9338c601c0, tag: 0xed294ee9469d5903, nbytes: 50000000, type: <class 'rmm._lib.device_buffer.DeviceBuffer'>>: Connection reset by remote peer

During handling of the above exception, another exception occurred:

Traceback (most recent call last):
  File "/opt/conda/envs/gdf/lib/python3.9/site-packages/distributed/worker.py", line 2059, in gather_dep
    response = await get_data_from_worker(
  File "/opt/conda/envs/gdf/lib/python3.9/site-packages/distributed/worker.py", line 2852, in get_data_from_worker
    response = await send_recv(
  File "/opt/conda/envs/gdf/lib/python3.9/site-packages/distributed/core.py", line 1106, in send_recv
    response = await comm.read(deserializers=deserializers)
  File "/opt/conda/envs/gdf/lib/python3.9/site-packages/distributed/utils.py", line 803, in wrapper
    return await func(*args, **kwargs)
  File "/opt/conda/envs/gdf/lib/python3.9/site-packages/distributed/comm/ucx.py", line 402, in read
    raise CommClosedError(
distributed.comm.core.CommClosedError: Connection closed by writer.
Inner exception: UCXError("<[Recv #007] ep: 0x7f9338c601c0, tag: 0xed294ee9469d5903, nbytes: 50000000, type: <class 'rmm._lib.device_buffer.DeviceBuffer'>>: Connection reset by remote peer")
2023-12-16 07:13:56,442 - distributed.nanny - WARNING - Restarting worker
2023-12-16 07:13:56,994 - distributed.nanny - WARNING - Restarting worker
2023-12-16 07:13:57,109 - distributed.nanny - WARNING - Restarting worker
2023-12-16 07:13:57,210 - distributed.nanny - WARNING - Restarting worker
2023-12-16 07:13:57,273 - distributed.nanny - WARNING - Restarting worker
2023-12-16 07:14:21,140 - distributed.worker - ERROR - Worker stream died during communication: ucx://127.0.0.1:56363
Traceback (most recent call last):
  File "/opt/conda/envs/gdf/lib/python3.9/site-packages/distributed/comm/ucx.py", line 471, in connect
    ep = await ucp.create_endpoint(ip, port)
  File "/opt/conda/envs/gdf/lib/python3.9/site-packages/ucp/core.py", line 1004, in create_endpoint
    return await _get_ctx().create_endpoint(
  File "/opt/conda/envs/gdf/lib/python3.9/site-packages/ucp/core.py", line 316, in create_endpoint
    peer_info = await exchange_peer_info(
  File "/opt/conda/envs/gdf/lib/python3.9/site-packages/ucp/core.py", line 54, in exchange_peer_info
    await comm.stream_recv(endpoint, peer_info_arr, peer_info_arr.nbytes)
asyncio.exceptions.CancelledError

During handling of the above exception, another exception occurred:

Traceback (most recent call last):
  File "/opt/conda/envs/gdf/lib/python3.9/asyncio/tasks.py", line 490, in wait_for
    return fut.result()
asyncio.exceptions.CancelledError

The above exception was the direct cause of the following exception:

Traceback (most recent call last):
  File "/opt/conda/envs/gdf/lib/python3.9/site-packages/distributed/comm/core.py", line 342, in connect
    comm = await wait_for(
  File "/opt/conda/envs/gdf/lib/python3.9/site-packages/distributed/utils.py", line 1920, in wait_for
    return await asyncio.wait_for(fut, timeout)
  File "/opt/conda/envs/gdf/lib/python3.9/asyncio/tasks.py", line 492, in wait_for
    raise exceptions.TimeoutError() from exc
asyncio.exceptions.TimeoutError

The above exception was the direct cause of the following exception:

Traceback (most recent call last):
  File "/opt/conda/envs/gdf/lib/python3.9/site-packages/distributed/worker.py", line 2059, in gather_dep
    response = await get_data_from_worker(
  File "/opt/conda/envs/gdf/lib/python3.9/site-packages/distributed/worker.py", line 2849, in get_data_from_worker
    comm = await rpc.connect(worker)
  File "/opt/conda/envs/gdf/lib/python3.9/site-packages/distributed/core.py", line 1626, in connect
    return connect_attempt.result()
  File "/opt/conda/envs/gdf/lib/python3.9/site-packages/distributed/core.py", line 1516, in _connect
    comm = await connect(
  File "/opt/conda/envs/gdf/lib/python3.9/site-packages/distributed/comm/core.py", line 368, in connect
    raise OSError(
OSError: Timed out trying to connect to ucx://127.0.0.1:56363 after 30 s
/opt/conda/envs/gdf/lib/python3.9/multiprocessing/resource_tracker.py:216: UserWarning: resource_tracker: There appear to be 48 leaked semaphore objects to clean up at shutdown
  warnings.warn('resource_tracker: There appear to be %d '
