2023-05-10 06:31:32,459 - distributed.preloading - INFO - Creating preload: dask_cuda.initialize
2023-05-10 06:31:32,459 - distributed.preloading - INFO - Import preload module: dask_cuda.initialize
2023-05-10 06:31:32,460 - distributed.preloading - INFO - Creating preload: dask_cuda.initialize
2023-05-10 06:31:32,460 - distributed.preloading - INFO - Import preload module: dask_cuda.initialize
2023-05-10 06:31:32,465 - distributed.preloading - INFO - Creating preload: dask_cuda.initialize
2023-05-10 06:31:32,465 - distributed.preloading - INFO - Import preload module: dask_cuda.initialize
2023-05-10 06:31:32,475 - distributed.preloading - INFO - Creating preload: dask_cuda.initialize
2023-05-10 06:31:32,475 - distributed.preloading - INFO - Import preload module: dask_cuda.initialize
2023-05-10 06:31:32,479 - distributed.preloading - INFO - Creating preload: dask_cuda.initialize
2023-05-10 06:31:32,480 - distributed.preloading - INFO - Import preload module: dask_cuda.initialize
2023-05-10 06:31:32,512 - distributed.preloading - INFO - Creating preload: dask_cuda.initialize
2023-05-10 06:31:32,512 - distributed.preloading - INFO - Import preload module: dask_cuda.initialize
2023-05-10 06:31:32,528 - distributed.preloading - INFO - Creating preload: dask_cuda.initialize
2023-05-10 06:31:32,529 - distributed.preloading - INFO - Import preload module: dask_cuda.initialize
2023-05-10 06:31:32,539 - distributed.preloading - INFO - Creating preload: dask_cuda.initialize
2023-05-10 06:31:32,539 - distributed.preloading - INFO - Import preload module: dask_cuda.initialize
[dgx13:1266 :0:1266] Caught signal 11 (Segmentation fault: address not mapped to object at address 0x448)
==== backtrace (tid:   1266) ====
 0  /opt/conda/envs/gdf/lib/libucs.so.0(ucs_handle_error+0x2dc) [0x7f704025b11c]
 1  /opt/conda/envs/gdf/lib/libucs.so.0(+0x302ff) [0x7f704025b2ff]
 2  /opt/conda/envs/gdf/lib/libucs.so.0(+0x30634) [0x7f704025b634]
 3  /usr/lib/x86_64-linux-gnu/libpthread.so.0(+0x14420) [0x7f70d151a420]
 4  /opt/conda/envs/gdf/lib/libucp.so.0(ucp_mem_type_unpack+0x1b) [0x7f70402dc28b]
 5  /opt/conda/envs/gdf/lib/libucp.so.0(ucp_rndv_data_handler+0x508) [0x7f70403060b8]
 6  /opt/conda/envs/gdf/lib/libuct.so.0(+0x216a7) [0x7f704020d6a7]
 7  /opt/conda/envs/gdf/lib/libuct.so.0(+0x21c28) [0x7f704020dc28]
 8  /opt/conda/envs/gdf/lib/libuct.so.0(+0x240fc) [0x7f70402100fc]
 9  /opt/conda/envs/gdf/lib/libucs.so.0(ucs_event_set_wait+0xf9) [0x7f7040265639]
10  /opt/conda/envs/gdf/lib/libuct.so.0(uct_tcp_iface_progress+0x7b) [0x7f70402101ab]
11  /opt/conda/envs/gdf/lib/libucp.so.0(ucp_worker_progress+0x6a) [0x7f70402d8f1a]
12  /opt/conda/envs/gdf/lib/python3.9/site-packages/ucp/_libs/ucx_api.cpython-39-x86_64-linux-gnu.so(+0x286e1) [0x7f70403886e1]
13  /opt/conda/envs/gdf/bin/python(+0x13eb08) [0x5575582bab08]
14  /opt/conda/envs/gdf/bin/python(_PyEval_EvalFrameDefault+0x5f82) [0x5575582ab112]
15  /opt/conda/envs/gdf/bin/python(+0x12827a) [0x5575582a427a]
16  /opt/conda/envs/gdf/bin/python(_PyFunction_Vectorcall+0xd5) [0x5575582b5c05]
17  /opt/conda/envs/gdf/bin/python(_PyEval_EvalFrameDefault+0x68b) [0x5575582a581b]
18  /opt/conda/envs/gdf/bin/python(+0x14e70e) [0x5575582ca70e]
19  /opt/conda/envs/gdf/lib/python3.9/lib-dynload/_asyncio.cpython-39-x86_64-linux-gnu.so(+0x82fe) [0x7f70c40262fe]
20  /opt/conda/envs/gdf/bin/python(_PyObject_MakeTpCall+0x2fc) [0x5575582ae2bc]
21  /opt/conda/envs/gdf/bin/python(+0xe5817) [0x557558261817]
22  /opt/conda/envs/gdf/bin/python(+0x130f83) [0x5575582acf83]
23  /opt/conda/envs/gdf/bin/python(_PyEval_EvalFrameDefault+0x5ba6) [0x5575582aad36]
24  /opt/conda/envs/gdf/bin/python(+0x139ef3) [0x5575582b5ef3]
25  /opt/conda/envs/gdf/bin/python(_PyEval_EvalFrameDefault+0x68b) [0x5575582a581b]
26  /opt/conda/envs/gdf/bin/python(+0x139ef3) [0x5575582b5ef3]
27  /opt/conda/envs/gdf/bin/python(_PyEval_EvalFrameDefault+0x68b) [0x5575582a581b]
28  /opt/conda/envs/gdf/bin/python(+0x139ef3) [0x5575582b5ef3]
29  /opt/conda/envs/gdf/bin/python(_PyEval_EvalFrameDefault+0x68b) [0x5575582a581b]
30  /opt/conda/envs/gdf/bin/python(+0x139ef3) [0x5575582b5ef3]
31  /opt/conda/envs/gdf/bin/python(_PyEval_EvalFrameDefault+0x68b) [0x5575582a581b]
32  /opt/conda/envs/gdf/bin/python(+0x12827a) [0x5575582a427a]
33  /opt/conda/envs/gdf/bin/python(_PyFunction_Vectorcall+0xd5) [0x5575582b5c05]
34  /opt/conda/envs/gdf/bin/python(_PyEval_EvalFrameDefault+0x4e17) [0x5575582a9fa7]
35  /opt/conda/envs/gdf/bin/python(+0x12827a) [0x5575582a427a]
36  /opt/conda/envs/gdf/bin/python(+0x147935) [0x5575582c3935]
37  /opt/conda/envs/gdf/bin/python(PyObject_Call+0xb4) [0x5575582c4104]
38  /opt/conda/envs/gdf/bin/python(+0x20efc8) [0x55755838afc8]
39  /opt/conda/envs/gdf/bin/python(_PyObject_MakeTpCall+0x2fc) [0x5575582ae2bc]
40  /opt/conda/envs/gdf/bin/python(_PyEval_EvalFrameDefault+0x402b) [0x5575582a91bb]
41  /opt/conda/envs/gdf/bin/python(+0x139ef3) [0x5575582b5ef3]
42  /opt/conda/envs/gdf/bin/python(+0x147c72) [0x5575582c3c72]
43  /opt/conda/envs/gdf/bin/python(_PyEval_EvalFrameDefault+0x402b) [0x5575582a91bb]
44  /opt/conda/envs/gdf/bin/python(+0x139ef3) [0x5575582b5ef3]
45  /opt/conda/envs/gdf/bin/python(_PyEval_EvalFrameDefault+0x68b) [0x5575582a581b]
46  /opt/conda/envs/gdf/bin/python(+0x12827a) [0x5575582a427a]
47  /opt/conda/envs/gdf/bin/python(_PyFunction_Vectorcall+0xd5) [0x5575582b5c05]
48  /opt/conda/envs/gdf/bin/python(_PyEval_EvalFrameDefault+0x68b) [0x5575582a581b]
49  /opt/conda/envs/gdf/bin/python(+0x139ef3) [0x5575582b5ef3]
50  /opt/conda/envs/gdf/bin/python(_PyEval_EvalFrameDefault+0x3d8) [0x5575582a5568]
51  /opt/conda/envs/gdf/bin/python(+0x12827a) [0x5575582a427a]
52  /opt/conda/envs/gdf/bin/python(_PyFunction_Vectorcall+0xd5) [0x5575582b5c05]
53  /opt/conda/envs/gdf/bin/python(_PyEval_EvalFrameDefault+0x123b) [0x5575582a63cb]
54  /opt/conda/envs/gdf/bin/python(+0x12827a) [0x5575582a427a]
55  /opt/conda/envs/gdf/bin/python(_PyEval_EvalCodeWithName+0x47) [0x5575582a3f07]
56  /opt/conda/envs/gdf/bin/python(PyEval_EvalCodeEx+0x39) [0x5575582a3eb9]
57  /opt/conda/envs/gdf/bin/python(PyEval_EvalCode+0x1b) [0x5575583548bb]
58  /opt/conda/envs/gdf/bin/python(+0x206adc) [0x557558382adc]
59  /opt/conda/envs/gdf/bin/python(+0x202c24) [0x55755837ec24]
60  /opt/conda/envs/gdf/bin/python(PyRun_StringFlags+0x9d) [0x5575583767ed]
61  /opt/conda/envs/gdf/bin/python(PyRun_SimpleStringFlags+0x3d) [0x5575583766bd]
=================================
[dgx13:1283 :0:1283] Caught signal 11 (Segmentation fault: address not mapped to object at address 0x448)
==== backtrace (tid:   1283) ====
 0  /opt/conda/envs/gdf/lib/libucs.so.0(ucs_handle_error+0x2dc) [0x7f0fd82a811c]
 1  /opt/conda/envs/gdf/lib/libucs.so.0(+0x302ff) [0x7f0fd82a82ff]
 2  /opt/conda/envs/gdf/lib/libucs.so.0(+0x30634) [0x7f0fd82a8634]
 3  /usr/lib/x86_64-linux-gnu/libpthread.so.0(+0x14420) [0x7f107756b420]
 4  /opt/conda/envs/gdf/lib/libucp.so.0(ucp_mem_type_unpack+0x1b) [0x7f0fd832928b]
 5  /opt/conda/envs/gdf/lib/libucp.so.0(ucp_rndv_data_handler+0x508) [0x7f0fd83530b8]
 6  /opt/conda/envs/gdf/lib/libuct.so.0(+0x216a7) [0x7f0fd825a6a7]
 7  /opt/conda/envs/gdf/lib/libuct.so.0(+0x21c28) [0x7f0fd825ac28]
 8  /opt/conda/envs/gdf/lib/libuct.so.0(+0x240fc) [0x7f0fd825d0fc]
 9  /opt/conda/envs/gdf/lib/libucs.so.0(ucs_event_set_wait+0xf9) [0x7f0fd82b2639]
10  /opt/conda/envs/gdf/lib/libuct.so.0(uct_tcp_iface_progress+0x7b) [0x7f0fd825d1ab]
11  /opt/conda/envs/gdf/lib/libucp.so.0(ucp_worker_progress+0x6a) [0x7f0fd8325f1a]
12  /opt/conda/envs/gdf/lib/python3.9/site-packages/ucp/_libs/ucx_api.cpython-39-x86_64-linux-gnu.so(+0x286e1) [0x7f0fd83d56e1]
13  /opt/conda/envs/gdf/bin/python(+0x13eb08) [0x55560326bb08]
14  /opt/conda/envs/gdf/bin/python(_PyEval_EvalFrameDefault+0x5f82) [0x55560325c112]
15  /opt/conda/envs/gdf/bin/python(+0x12827a) [0x55560325527a]
16  /opt/conda/envs/gdf/bin/python(_PyFunction_Vectorcall+0xd5) [0x555603266c05]
17  /opt/conda/envs/gdf/bin/python(_PyEval_EvalFrameDefault+0x68b) [0x55560325681b]
18  /opt/conda/envs/gdf/bin/python(+0x14e70e) [0x55560327b70e]
19  /opt/conda/envs/gdf/lib/python3.9/lib-dynload/_asyncio.cpython-39-x86_64-linux-gnu.so(+0x82fe) [0x7f0ff6fce2fe]
20  /opt/conda/envs/gdf/bin/python(_PyObject_MakeTpCall+0x2fc) [0x55560325f2bc]
21  /opt/conda/envs/gdf/bin/python(+0xe5817) [0x555603212817]
22  /opt/conda/envs/gdf/bin/python(+0x130f83) [0x55560325df83]
23  /opt/conda/envs/gdf/bin/python(_PyEval_EvalFrameDefault+0x5ba6) [0x55560325bd36]
24  /opt/conda/envs/gdf/bin/python(+0x139ef3) [0x555603266ef3]
25  /opt/conda/envs/gdf/bin/python(_PyEval_EvalFrameDefault+0x68b) [0x55560325681b]
26  /opt/conda/envs/gdf/bin/python(+0x139ef3) [0x555603266ef3]
27  /opt/conda/envs/gdf/bin/python(_PyEval_EvalFrameDefault+0x68b) [0x55560325681b]
28  /opt/conda/envs/gdf/bin/python(+0x139ef3) [0x555603266ef3]
29  /opt/conda/envs/gdf/bin/python(_PyEval_EvalFrameDefault+0x68b) [0x55560325681b]
30  /opt/conda/envs/gdf/bin/python(+0x139ef3) [0x555603266ef3]
31  /opt/conda/envs/gdf/bin/python(_PyEval_EvalFrameDefault+0x68b) [0x55560325681b]
32  /opt/conda/envs/gdf/bin/python(+0x12827a) [0x55560325527a]
33  /opt/conda/envs/gdf/bin/python(_PyFunction_Vectorcall+0xd5) [0x555603266c05]
34  /opt/conda/envs/gdf/bin/python(_PyEval_EvalFrameDefault+0x4e17) [0x55560325afa7]
35  /opt/conda/envs/gdf/bin/python(+0x12827a) [0x55560325527a]
36  /opt/conda/envs/gdf/bin/python(+0x147935) [0x555603274935]
37  /opt/conda/envs/gdf/bin/python(PyObject_Call+0xb4) [0x555603275104]
38  /opt/conda/envs/gdf/bin/python(+0x20efc8) [0x55560333bfc8]
39  /opt/conda/envs/gdf/bin/python(_PyObject_MakeTpCall+0x2fc) [0x55560325f2bc]
40  /opt/conda/envs/gdf/bin/python(_PyEval_EvalFrameDefault+0x402b) [0x55560325a1bb]
41  /opt/conda/envs/gdf/bin/python(+0x139ef3) [0x555603266ef3]
42  /opt/conda/envs/gdf/bin/python(+0x147c72) [0x555603274c72]
43  /opt/conda/envs/gdf/bin/python(_PyEval_EvalFrameDefault+0x402b) [0x55560325a1bb]
44  /opt/conda/envs/gdf/bin/python(+0x139ef3) [0x555603266ef3]
45  /opt/conda/envs/gdf/bin/python(_PyEval_EvalFrameDefault+0x68b) [0x55560325681b]
46  /opt/conda/envs/gdf/bin/python(+0x12827a) [0x55560325527a]
47  /opt/conda/envs/gdf/bin/python(_PyFunction_Vectorcall+0xd5) [0x555603266c05]
48  /opt/conda/envs/gdf/bin/python(_PyEval_EvalFrameDefault+0x68b) [0x55560325681b]
49  /opt/conda/envs/gdf/bin/python(+0x139ef3) [0x555603266ef3]
50  /opt/conda/envs/gdf/bin/python(_PyEval_EvalFrameDefault+0x3d8) [0x555603256568]
51  /opt/conda/envs/gdf/bin/python(+0x12827a) [0x55560325527a]
52  /opt/conda/envs/gdf/bin/python(_PyFunction_Vectorcall+0xd5) [0x555603266c05]
53  /opt/conda/envs/gdf/bin/python(_PyEval_EvalFrameDefault+0x123b) [0x5556032573cb]
54  /opt/conda/envs/gdf/bin/python(+0x12827a) [0x55560325527a]
55  /opt/conda/envs/gdf/bin/python(_PyEval_EvalCodeWithName+0x47) [0x555603254f07]
56  /opt/conda/envs/gdf/bin/python(PyEval_EvalCodeEx+0x39) [0x555603254eb9]
57  /opt/conda/envs/gdf/bin/python(PyEval_EvalCode+0x1b) [0x5556033058bb]
58  /opt/conda/envs/gdf/bin/python(+0x206adc) [0x555603333adc]
59  /opt/conda/envs/gdf/bin/python(+0x202c24) [0x55560332fc24]
60  /opt/conda/envs/gdf/bin/python(PyRun_StringFlags+0x9d) [0x5556033277ed]
61  /opt/conda/envs/gdf/bin/python(PyRun_SimpleStringFlags+0x3d) [0x5556033276bd]
=================================
[dgx13:1279 :0:1279] Caught signal 11 (Segmentation fault: address not mapped to object at address 0x448)
==== backtrace (tid:   1279) ====
 0  /opt/conda/envs/gdf/lib/libucs.so.0(ucs_handle_error+0x2dc) [0x7f8b8003511c]
 1  /opt/conda/envs/gdf/lib/libucs.so.0(+0x302ff) [0x7f8b800352ff]
 2  /opt/conda/envs/gdf/lib/libucs.so.0(+0x30634) [0x7f8b80035634]
 3  /usr/lib/x86_64-linux-gnu/libpthread.so.0(+0x14420) [0x7f8c1088c420]
 4  /opt/conda/envs/gdf/lib/libucp.so.0(ucp_mem_type_unpack+0x1b) [0x7f8b6d77b28b]
 5  /opt/conda/envs/gdf/lib/libucp.so.0(ucp_rndv_data_handler+0x508) [0x7f8b6d7a50b8]
 6  /opt/conda/envs/gdf/lib/libuct.so.0(+0x216a7) [0x7f8b6d7116a7]
 7  /opt/conda/envs/gdf/lib/libuct.so.0(+0x21c28) [0x7f8b6d711c28]
 8  /opt/conda/envs/gdf/lib/libuct.so.0(+0x240fc) [0x7f8b6d7140fc]
 9  /opt/conda/envs/gdf/lib/libucs.so.0(ucs_event_set_wait+0xf9) [0x7f8b8003f639]
10  /opt/conda/envs/gdf/lib/libuct.so.0(uct_tcp_iface_progress+0x7b) [0x7f8b6d7141ab]
11  /opt/conda/envs/gdf/lib/libucp.so.0(ucp_worker_progress+0x6a) [0x7f8b6d777f1a]
12  /opt/conda/envs/gdf/lib/python3.9/site-packages/ucp/_libs/ucx_api.cpython-39-x86_64-linux-gnu.so(+0x286e1) [0x7f8b800926e1]
13  /opt/conda/envs/gdf/bin/python(+0x13eb08) [0x55abaa6fcb08]
14  /opt/conda/envs/gdf/bin/python(_PyEval_EvalFrameDefault+0x5f82) [0x55abaa6ed112]
15  /opt/conda/envs/gdf/bin/python(+0x12827a) [0x55abaa6e627a]
16  /opt/conda/envs/gdf/bin/python(_PyFunction_Vectorcall+0xd5) [0x55abaa6f7c05]
17  /opt/conda/envs/gdf/bin/python(_PyEval_EvalFrameDefault+0x68b) [0x55abaa6e781b]
18  /opt/conda/envs/gdf/bin/python(+0x14e70e) [0x55abaa70c70e]
19  /opt/conda/envs/gdf/lib/python3.9/lib-dynload/_asyncio.cpython-39-x86_64-linux-gnu.so(+0x82fe) [0x7f8c040242fe]
20  /opt/conda/envs/gdf/bin/python(_PyObject_MakeTpCall+0x2fc) [0x55abaa6f02bc]
21  /opt/conda/envs/gdf/bin/python(+0xe5817) [0x55abaa6a3817]
22  /opt/conda/envs/gdf/bin/python(+0x130f83) [0x55abaa6eef83]
23  /opt/conda/envs/gdf/bin/python(_PyEval_EvalFrameDefault+0x5ba6) [0x55abaa6ecd36]
24  /opt/conda/envs/gdf/bin/python(+0x139ef3) [0x55abaa6f7ef3]
25  /opt/conda/envs/gdf/bin/python(_PyEval_EvalFrameDefault+0x68b) [0x55abaa6e781b]
26  /opt/conda/envs/gdf/bin/python(+0x139ef3) [0x55abaa6f7ef3]
27  /opt/conda/envs/gdf/bin/python(_PyEval_EvalFrameDefault+0x68b) [0x55abaa6e781b]
28  /opt/conda/envs/gdf/bin/python(+0x139ef3) [0x55abaa6f7ef3]
29  /opt/conda/envs/gdf/bin/python(_PyEval_EvalFrameDefault+0x68b) [0x55abaa6e781b]
30  /opt/conda/envs/gdf/bin/python(+0x139ef3) [0x55abaa6f7ef3]
31  /opt/conda/envs/gdf/bin/python(_PyEval_EvalFrameDefault+0x68b) [0x55abaa6e781b]
32  /opt/conda/envs/gdf/bin/python(+0x12827a) [0x55abaa6e627a]
33  /opt/conda/envs/gdf/bin/python(_PyFunction_Vectorcall+0xd5) [0x55abaa6f7c05]
34  /opt/conda/envs/gdf/bin/python(_PyEval_EvalFrameDefault+0x4e17) [0x55abaa6ebfa7]
35  /opt/conda/envs/gdf/bin/python(+0x12827a) [0x55abaa6e627a]
36  /opt/conda/envs/gdf/bin/python(+0x147935) [0x55abaa705935]
37  /opt/conda/envs/gdf/bin/python(PyObject_Call+0xb4) [0x55abaa706104]
38  /opt/conda/envs/gdf/bin/python(+0x20efc8) [0x55abaa7ccfc8]
39  /opt/conda/envs/gdf/bin/python(_PyObject_MakeTpCall+0x2fc) [0x55abaa6f02bc]
40  /opt/conda/envs/gdf/bin/python(_PyEval_EvalFrameDefault+0x402b) [0x55abaa6eb1bb]
41  /opt/conda/envs/gdf/bin/python(+0x139ef3) [0x55abaa6f7ef3]
42  /opt/conda/envs/gdf/bin/python(+0x147c72) [0x55abaa705c72]
43  /opt/conda/envs/gdf/bin/python(_PyEval_EvalFrameDefault+0x402b) [0x55abaa6eb1bb]
44  /opt/conda/envs/gdf/bin/python(+0x139ef3) [0x55abaa6f7ef3]
45  /opt/conda/envs/gdf/bin/python(_PyEval_EvalFrameDefault+0x68b) [0x55abaa6e781b]
46  /opt/conda/envs/gdf/bin/python(+0x12827a) [0x55abaa6e627a]
47  /opt/conda/envs/gdf/bin/python(_PyFunction_Vectorcall+0xd5) [0x55abaa6f7c05]
48  /opt/conda/envs/gdf/bin/python(_PyEval_EvalFrameDefault+0x68b) [0x55abaa6e781b]
49  /opt/conda/envs/gdf/bin/python(+0x139ef3) [0x55abaa6f7ef3]
50  /opt/conda/envs/gdf/bin/python(_PyEval_EvalFrameDefault+0x3d8) [0x55abaa6e7568]
51  /opt/conda/envs/gdf/bin/python(+0x12827a) [0x55abaa6e627a]
52  /opt/conda/envs/gdf/bin/python(_PyFunction_Vectorcall+0xd5) [0x55abaa6f7c05]
53  /opt/conda/envs/gdf/bin/python(_PyEval_EvalFrameDefault+0x123b) [0x55abaa6e83cb]
54  /opt/conda/envs/gdf/bin/python(+0x12827a) [0x55abaa6e627a]
55  /opt/conda/envs/gdf/bin/python(_PyEval_EvalCodeWithName+0x47) [0x55abaa6e5f07]
56  /opt/conda/envs/gdf/bin/python(PyEval_EvalCodeEx+0x39) [0x55abaa6e5eb9]
57  /opt/conda/envs/gdf/bin/python(PyEval_EvalCode+0x1b) [0x55abaa7968bb]
58  /opt/conda/envs/gdf/bin/python(+0x206adc) [0x55abaa7c4adc]
59  /opt/conda/envs/gdf/bin/python(+0x202c24) [0x55abaa7c0c24]
60  /opt/conda/envs/gdf/bin/python(PyRun_StringFlags+0x9d) [0x55abaa7b87ed]
61  /opt/conda/envs/gdf/bin/python(PyRun_SimpleStringFlags+0x3d) [0x55abaa7b86bd]
=================================
Task exception was never retrieved
future: <Task finished name='Task-328' coro=<_listener_handler_coroutine() done, defined at /opt/conda/envs/gdf/lib/python3.9/site-packages/ucp/core.py:128> exception=UCXError('<stream_send>: Endpoint timeout')>
Traceback (most recent call last):
  File "/opt/conda/envs/gdf/lib/python3.9/site-packages/ucp/core.py", line 143, in _listener_handler_coroutine
    peer_info = await exchange_peer_info(
  File "/opt/conda/envs/gdf/lib/python3.9/site-packages/ucp/core.py", line 51, in exchange_peer_info
    await comm.stream_send(endpoint, my_info_arr, my_info_arr.nbytes)
ucp._libs.exceptions.UCXError: <stream_send>: Endpoint timeout
Task exception was never retrieved
future: <Task finished name='Task-292' coro=<_listener_handler_coroutine() done, defined at /opt/conda/envs/gdf/lib/python3.9/site-packages/ucp/core.py:128> exception=UCXError('<stream_send>: Endpoint timeout')>
Traceback (most recent call last):
  File "/opt/conda/envs/gdf/lib/python3.9/site-packages/ucp/core.py", line 143, in _listener_handler_coroutine
    peer_info = await exchange_peer_info(
  File "/opt/conda/envs/gdf/lib/python3.9/site-packages/ucp/core.py", line 51, in exchange_peer_info
    await comm.stream_send(endpoint, my_info_arr, my_info_arr.nbytes)
ucp._libs.exceptions.UCXError: <stream_send>: Endpoint timeout
2023-05-10 06:31:35,475 - distributed.worker - ERROR - Worker stream died during communication: ucx://127.0.0.1:48197
Traceback (most recent call last):
  File "/opt/conda/envs/gdf/lib/python3.9/site-packages/distributed/comm/ucx.py", line 349, in read
    await self.ep.recv(msg)
  File "/opt/conda/envs/gdf/lib/python3.9/site-packages/ucp/core.py", line 725, in recv
    ret = await comm.tag_recv(self._ep, buffer, nbytes, tag, name=log)
ucp._libs.exceptions.UCXCanceled: <[Recv #003] ep: 0x7fa2fc2b2180, tag: 0x97ffebad3b3aba11, nbytes: 16, type: <class 'numpy.ndarray'>>: 

During handling of the above exception, another exception occurred:

Traceback (most recent call last):
  File "/opt/conda/envs/gdf/lib/python3.9/site-packages/distributed/worker.py", line 2066, in gather_dep
    response = await get_data_from_worker(
  File "/opt/conda/envs/gdf/lib/python3.9/site-packages/distributed/worker.py", line 2892, in get_data_from_worker
    response = await send_recv(
  File "/opt/conda/envs/gdf/lib/python3.9/site-packages/distributed/core.py", line 1024, in send_recv
    response = await comm.read(deserializers=deserializers)
  File "/opt/conda/envs/gdf/lib/python3.9/site-packages/distributed/utils.py", line 752, in wrapper
    return await func(*args, **kwargs)
  File "/opt/conda/envs/gdf/lib/python3.9/site-packages/distributed/comm/ucx.py", line 367, in read
    raise CommClosedError(
distributed.comm.core.CommClosedError: Connection closed by writer.
Inner exception: UCXCanceled("<[Recv #003] ep: 0x7fa2fc2b2180, tag: 0x97ffebad3b3aba11, nbytes: 16, type: <class 'numpy.ndarray'>>: ")
2023-05-10 06:31:35,476 - distributed.worker - ERROR - Worker stream died during communication: ucx://127.0.0.1:48197
Traceback (most recent call last):
  File "/opt/conda/envs/gdf/lib/python3.9/site-packages/distributed/comm/ucx.py", line 349, in read
    await self.ep.recv(msg)
  File "/opt/conda/envs/gdf/lib/python3.9/site-packages/ucp/core.py", line 725, in recv
    ret = await comm.tag_recv(self._ep, buffer, nbytes, tag, name=log)
ucp._libs.exceptions.UCXCanceled: <[Recv #000] ep: 0x7f5a20759100, tag: 0x3aa8d9d3209238ec, nbytes: 16, type: <class 'numpy.ndarray'>>: 

During handling of the above exception, another exception occurred:

Traceback (most recent call last):
  File "/opt/conda/envs/gdf/lib/python3.9/site-packages/distributed/comm/core.py", line 329, in connect
    handshake = await wait_for(comm.read(), time_left())
  File "/opt/conda/envs/gdf/lib/python3.9/site-packages/distributed/utils.py", line 1849, in wait_for
    return await asyncio.wait_for(fut, timeout)
  File "/opt/conda/envs/gdf/lib/python3.9/asyncio/tasks.py", line 479, in wait_for
    return fut.result()
  File "/opt/conda/envs/gdf/lib/python3.9/site-packages/distributed/utils.py", line 752, in wrapper
    return await func(*args, **kwargs)
  File "/opt/conda/envs/gdf/lib/python3.9/site-packages/distributed/comm/ucx.py", line 367, in read
    raise CommClosedError(
distributed.comm.core.CommClosedError: Connection closed by writer.
Inner exception: UCXCanceled("<[Recv #000] ep: 0x7f5a20759100, tag: 0x3aa8d9d3209238ec, nbytes: 16, type: <class 'numpy.ndarray'>>: ")

The above exception was the direct cause of the following exception:

Traceback (most recent call last):
  File "/opt/conda/envs/gdf/lib/python3.9/site-packages/distributed/worker.py", line 2066, in gather_dep
    response = await get_data_from_worker(
  File "/opt/conda/envs/gdf/lib/python3.9/site-packages/distributed/worker.py", line 2889, in get_data_from_worker
    comm = await rpc.connect(worker)
  File "/opt/conda/envs/gdf/lib/python3.9/site-packages/distributed/core.py", line 1506, in connect
    return await connect_attempt
  File "/opt/conda/envs/gdf/lib/python3.9/site-packages/distributed/core.py", line 1427, in _connect
    comm = await connect(
  File "/opt/conda/envs/gdf/lib/python3.9/site-packages/distributed/comm/core.py", line 334, in connect
    raise OSError(
OSError: Timed out during handshake while connecting to ucx://127.0.0.1:48197 after 30 s
Task exception was never retrieved
future: <Task finished name='Task-330' coro=<_listener_handler_coroutine() done, defined at /opt/conda/envs/gdf/lib/python3.9/site-packages/ucp/core.py:128> exception=UCXError('<stream_send>: Connection reset by remote peer')>
Traceback (most recent call last):
  File "/opt/conda/envs/gdf/lib/python3.9/site-packages/ucp/core.py", line 143, in _listener_handler_coroutine
    peer_info = await exchange_peer_info(
  File "/opt/conda/envs/gdf/lib/python3.9/site-packages/ucp/core.py", line 51, in exchange_peer_info
    await comm.stream_send(endpoint, my_info_arr, my_info_arr.nbytes)
ucp._libs.exceptions.UCXError: <stream_send>: Connection reset by remote peer
[dgx13:1276 :0:1276] Caught signal 11 (Segmentation fault: address not mapped to object at address 0x448)
Task exception was never retrieved
future: <Task finished name='Task-291' coro=<_listener_handler_coroutine() done, defined at /opt/conda/envs/gdf/lib/python3.9/site-packages/ucp/core.py:128> exception=UCXError('<stream_send>: Endpoint timeout')>
Traceback (most recent call last):
  File "/opt/conda/envs/gdf/lib/python3.9/site-packages/ucp/core.py", line 143, in _listener_handler_coroutine
    peer_info = await exchange_peer_info(
  File "/opt/conda/envs/gdf/lib/python3.9/site-packages/ucp/core.py", line 51, in exchange_peer_info
    await comm.stream_send(endpoint, my_info_arr, my_info_arr.nbytes)
ucp._libs.exceptions.UCXError: <stream_send>: Endpoint timeout
==== backtrace (tid:   1276) ====
 0  /opt/conda/envs/gdf/lib/libucs.so.0(ucs_handle_error+0x2dc) [0x7f7f4407211c]
 1  /opt/conda/envs/gdf/lib/libucs.so.0(+0x302ff) [0x7f7f440722ff]
 2  /opt/conda/envs/gdf/lib/libucs.so.0(+0x30634) [0x7f7f44072634]
 3  /usr/lib/x86_64-linux-gnu/libpthread.so.0(+0x14420) [0x7f7fd531f420]
 4  /opt/conda/envs/gdf/lib/libucp.so.0(ucp_mem_type_unpack+0x1b) [0x7f7f440f328b]
 5  /opt/conda/envs/gdf/lib/libucp.so.0(ucp_rndv_data_handler+0x508) [0x7f7f4411d0b8]
 6  /opt/conda/envs/gdf/lib/libuct.so.0(+0x216a7) [0x7f7f440246a7]
 7  /opt/conda/envs/gdf/lib/libuct.so.0(+0x21c28) [0x7f7f44024c28]
 8  /opt/conda/envs/gdf/lib/libuct.so.0(+0x240fc) [0x7f7f440270fc]
 9  /opt/conda/envs/gdf/lib/libucs.so.0(ucs_event_set_wait+0xf9) [0x7f7f4407c639]
10  /opt/conda/envs/gdf/lib/libuct.so.0(uct_tcp_iface_progress+0x7b) [0x7f7f440271ab]
11  /opt/conda/envs/gdf/lib/libucp.so.0(ucp_worker_progress+0x6a) [0x7f7f440eff1a]
12  /opt/conda/envs/gdf/lib/python3.9/site-packages/ucp/_libs/ucx_api.cpython-39-x86_64-linux-gnu.so(+0x286e1) [0x7f7f4419f6e1]
13  /opt/conda/envs/gdf/bin/python(+0x13eb08) [0x5562f5b60b08]
14  /opt/conda/envs/gdf/bin/python(_PyEval_EvalFrameDefault+0x5f82) [0x5562f5b51112]
15  /opt/conda/envs/gdf/bin/python(+0x12827a) [0x5562f5b4a27a]
16  /opt/conda/envs/gdf/bin/python(_PyFunction_Vectorcall+0xd5) [0x5562f5b5bc05]
17  /opt/conda/envs/gdf/bin/python(_PyEval_EvalFrameDefault+0x68b) [0x5562f5b4b81b]
18  /opt/conda/envs/gdf/bin/python(+0x14e70e) [0x5562f5b7070e]
19  /opt/conda/envs/gdf/lib/python3.9/lib-dynload/_asyncio.cpython-39-x86_64-linux-gnu.so(+0x82fe) [0x7f7f54d812fe]
20  /opt/conda/envs/gdf/bin/python(_PyObject_MakeTpCall+0x2fc) [0x5562f5b542bc]
21  /opt/conda/envs/gdf/bin/python(+0xe5817) [0x5562f5b07817]
22  /opt/conda/envs/gdf/bin/python(+0x130f83) [0x5562f5b52f83]
23  /opt/conda/envs/gdf/bin/python(_PyEval_EvalFrameDefault+0x5ba6) [0x5562f5b50d36]
24  /opt/conda/envs/gdf/bin/python(+0x139ef3) [0x5562f5b5bef3]
25  /opt/conda/envs/gdf/bin/python(_PyEval_EvalFrameDefault+0x68b) [0x5562f5b4b81b]
26  /opt/conda/envs/gdf/bin/python(+0x139ef3) [0x5562f5b5bef3]
27  /opt/conda/envs/gdf/bin/python(_PyEval_EvalFrameDefault+0x68b) [0x5562f5b4b81b]
28  /opt/conda/envs/gdf/bin/python(+0x139ef3) [0x5562f5b5bef3]
29  /opt/conda/envs/gdf/bin/python(_PyEval_EvalFrameDefault+0x68b) [0x5562f5b4b81b]
30  /opt/conda/envs/gdf/bin/python(+0x139ef3) [0x5562f5b5bef3]
31  /opt/conda/envs/gdf/bin/python(_PyEval_EvalFrameDefault+0x68b) [0x5562f5b4b81b]
32  /opt/conda/envs/gdf/bin/python(+0x12827a) [0x5562f5b4a27a]
33  /opt/conda/envs/gdf/bin/python(_PyFunction_Vectorcall+0xd5) [0x5562f5b5bc05]
34  /opt/conda/envs/gdf/bin/python(_PyEval_EvalFrameDefault+0x4e17) [0x5562f5b4ffa7]
35  /opt/conda/envs/gdf/bin/python(+0x12827a) [0x5562f5b4a27a]
36  /opt/conda/envs/gdf/bin/python(+0x147935) [0x5562f5b69935]
37  /opt/conda/envs/gdf/bin/python(PyObject_Call+0xb4) [0x5562f5b6a104]
38  /opt/conda/envs/gdf/bin/python(+0x20efc8) [0x5562f5c30fc8]
39  /opt/conda/envs/gdf/bin/python(_PyObject_MakeTpCall+0x2fc) [0x5562f5b542bc]
40  /opt/conda/envs/gdf/bin/python(_PyEval_EvalFrameDefault+0x402b) [0x5562f5b4f1bb]
41  /opt/conda/envs/gdf/bin/python(+0x139ef3) [0x5562f5b5bef3]
42  /opt/conda/envs/gdf/bin/python(+0x147c72) [0x5562f5b69c72]
43  /opt/conda/envs/gdf/bin/python(_PyEval_EvalFrameDefault+0x402b) [0x5562f5b4f1bb]
44  /opt/conda/envs/gdf/bin/python(+0x139ef3) [0x5562f5b5bef3]
45  /opt/conda/envs/gdf/bin/python(_PyEval_EvalFrameDefault+0x68b) [0x5562f5b4b81b]
46  /opt/conda/envs/gdf/bin/python(+0x12827a) [0x5562f5b4a27a]
47  /opt/conda/envs/gdf/bin/python(_PyFunction_Vectorcall+0xd5) [0x5562f5b5bc05]
48  /opt/conda/envs/gdf/bin/python(_PyEval_EvalFrameDefault+0x68b) [0x5562f5b4b81b]
49  /opt/conda/envs/gdf/bin/python(+0x139ef3) [0x5562f5b5bef3]
50  /opt/conda/envs/gdf/bin/python(_PyEval_EvalFrameDefault+0x3d8) [0x5562f5b4b568]
51  /opt/conda/envs/gdf/bin/python(+0x12827a) [0x5562f5b4a27a]
52  /opt/conda/envs/gdf/bin/python(_PyFunction_Vectorcall+0xd5) [0x5562f5b5bc05]
53  /opt/conda/envs/gdf/bin/python(_PyEval_EvalFrameDefault+0x123b) [0x5562f5b4c3cb]
54  /opt/conda/envs/gdf/bin/python(+0x12827a) [0x5562f5b4a27a]
55  /opt/conda/envs/gdf/bin/python(_PyEval_EvalCodeWithName+0x47) [0x5562f5b49f07]
56  /opt/conda/envs/gdf/bin/python(PyEval_EvalCodeEx+0x39) [0x5562f5b49eb9]
57  /opt/conda/envs/gdf/bin/python(PyEval_EvalCode+0x1b) [0x5562f5bfa8bb]
58  /opt/conda/envs/gdf/bin/python(+0x206adc) [0x5562f5c28adc]
59  /opt/conda/envs/gdf/bin/python(+0x202c24) [0x5562f5c24c24]
60  /opt/conda/envs/gdf/bin/python(PyRun_StringFlags+0x9d) [0x5562f5c1c7ed]
61  /opt/conda/envs/gdf/bin/python(PyRun_SimpleStringFlags+0x3d) [0x5562f5c1c6bd]
=================================
2023-05-10 06:31:35,482 - distributed.worker - ERROR - Worker stream died during communication: ucx://127.0.0.1:45965
Traceback (most recent call last):
  File "/opt/conda/envs/gdf/lib/python3.9/site-packages/distributed/comm/ucx.py", line 349, in read
    await self.ep.recv(msg)
  File "/opt/conda/envs/gdf/lib/python3.9/site-packages/ucp/core.py", line 725, in recv
    ret = await comm.tag_recv(self._ep, buffer, nbytes, tag, name=log)
ucp._libs.exceptions.UCXCanceled: <[Recv #000] ep: 0x7f5a20759140, tag: 0xa0733a5ca57989f7, nbytes: 16, type: <class 'numpy.ndarray'>>: 

During handling of the above exception, another exception occurred:

Traceback (most recent call last):
  File "/opt/conda/envs/gdf/lib/python3.9/site-packages/distributed/comm/core.py", line 329, in connect
    handshake = await wait_for(comm.read(), time_left())
  File "/opt/conda/envs/gdf/lib/python3.9/site-packages/distributed/utils.py", line 1849, in wait_for
    return await asyncio.wait_for(fut, timeout)
  File "/opt/conda/envs/gdf/lib/python3.9/asyncio/tasks.py", line 479, in wait_for
    return fut.result()
  File "/opt/conda/envs/gdf/lib/python3.9/site-packages/distributed/utils.py", line 752, in wrapper
    return await func(*args, **kwargs)
  File "/opt/conda/envs/gdf/lib/python3.9/site-packages/distributed/comm/ucx.py", line 367, in read
    raise CommClosedError(
distributed.comm.core.CommClosedError: Connection closed by writer.
Inner exception: UCXCanceled("<[Recv #000] ep: 0x7f5a20759140, tag: 0xa0733a5ca57989f7, nbytes: 16, type: <class 'numpy.ndarray'>>: ")

The above exception was the direct cause of the following exception:

Traceback (most recent call last):
  File "/opt/conda/envs/gdf/lib/python3.9/site-packages/distributed/worker.py", line 2066, in gather_dep
    response = await get_data_from_worker(
  File "/opt/conda/envs/gdf/lib/python3.9/site-packages/distributed/worker.py", line 2889, in get_data_from_worker
    comm = await rpc.connect(worker)
  File "/opt/conda/envs/gdf/lib/python3.9/site-packages/distributed/core.py", line 1506, in connect
    return await connect_attempt
  File "/opt/conda/envs/gdf/lib/python3.9/site-packages/distributed/core.py", line 1427, in _connect
    comm = await connect(
  File "/opt/conda/envs/gdf/lib/python3.9/site-packages/distributed/comm/core.py", line 334, in connect
    raise OSError(
OSError: Timed out during handshake while connecting to ucx://127.0.0.1:45965 after 30 s
2023-05-10 06:31:35,483 - distributed.worker - ERROR - Worker stream died during communication: ucx://127.0.0.1:45965
Traceback (most recent call last):
  File "/opt/conda/envs/gdf/lib/python3.9/site-packages/distributed/comm/ucx.py", line 349, in read
    await self.ep.recv(msg)
  File "/opt/conda/envs/gdf/lib/python3.9/site-packages/ucp/core.py", line 725, in recv
    ret = await comm.tag_recv(self._ep, buffer, nbytes, tag, name=log)
ucp._libs.exceptions.UCXCanceled: <[Recv #000] ep: 0x7fac20e93100, tag: 0xe68fee446eef1192, nbytes: 16, type: <class 'numpy.ndarray'>>: 

During handling of the above exception, another exception occurred:

Traceback (most recent call last):
  File "/opt/conda/envs/gdf/lib/python3.9/site-packages/distributed/comm/core.py", line 329, in connect
    handshake = await wait_for(comm.read(), time_left())
  File "/opt/conda/envs/gdf/lib/python3.9/site-packages/distributed/utils.py", line 1849, in wait_for
    return await asyncio.wait_for(fut, timeout)
  File "/opt/conda/envs/gdf/lib/python3.9/asyncio/tasks.py", line 479, in wait_for
    return fut.result()
  File "/opt/conda/envs/gdf/lib/python3.9/site-packages/distributed/utils.py", line 752, in wrapper
    return await func(*args, **kwargs)
  File "/opt/conda/envs/gdf/lib/python3.9/site-packages/distributed/comm/ucx.py", line 367, in read
    raise CommClosedError(
distributed.comm.core.CommClosedError: Connection closed by writer.
Inner exception: UCXCanceled("<[Recv #000] ep: 0x7fac20e93100, tag: 0xe68fee446eef1192, nbytes: 16, type: <class 'numpy.ndarray'>>: ")

The above exception was the direct cause of the following exception:

Traceback (most recent call last):
  File "/opt/conda/envs/gdf/lib/python3.9/site-packages/distributed/worker.py", line 2066, in gather_dep
    response = await get_data_from_worker(
  File "/opt/conda/envs/gdf/lib/python3.9/site-packages/distributed/worker.py", line 2889, in get_data_from_worker
    comm = await rpc.connect(worker)
  File "/opt/conda/envs/gdf/lib/python3.9/site-packages/distributed/core.py", line 1506, in connect
    return await connect_attempt
  File "/opt/conda/envs/gdf/lib/python3.9/site-packages/distributed/core.py", line 1427, in _connect
    comm = await connect(
  File "/opt/conda/envs/gdf/lib/python3.9/site-packages/distributed/comm/core.py", line 334, in connect
    raise OSError(
OSError: Timed out during handshake while connecting to ucx://127.0.0.1:45965 after 30 s
2023-05-10 06:31:35,511 - distributed.worker - ERROR - Worker stream died during communication: ucx://127.0.0.1:42647
Traceback (most recent call last):
  File "/opt/conda/envs/gdf/lib/python3.9/site-packages/distributed/comm/ucx.py", line 349, in read
    await self.ep.recv(msg)
  File "/opt/conda/envs/gdf/lib/python3.9/site-packages/ucp/core.py", line 725, in recv
    ret = await comm.tag_recv(self._ep, buffer, nbytes, tag, name=log)
ucp._libs.exceptions.UCXCanceled: <[Recv #003] ep: 0x7fac20e93180, tag: 0xa764e078d2f68a0b, nbytes: 16, type: <class 'numpy.ndarray'>>: 

During handling of the above exception, another exception occurred:

Traceback (most recent call last):
  File "/opt/conda/envs/gdf/lib/python3.9/site-packages/distributed/worker.py", line 2066, in gather_dep
    response = await get_data_from_worker(
  File "/opt/conda/envs/gdf/lib/python3.9/site-packages/distributed/worker.py", line 2892, in get_data_from_worker
    response = await send_recv(
  File "/opt/conda/envs/gdf/lib/python3.9/site-packages/distributed/core.py", line 1024, in send_recv
    response = await comm.read(deserializers=deserializers)
  File "/opt/conda/envs/gdf/lib/python3.9/site-packages/distributed/utils.py", line 752, in wrapper
    return await func(*args, **kwargs)
  File "/opt/conda/envs/gdf/lib/python3.9/site-packages/distributed/comm/ucx.py", line 367, in read
    raise CommClosedError(
distributed.comm.core.CommClosedError: Connection closed by writer.
Inner exception: UCXCanceled("<[Recv #003] ep: 0x7fac20e93180, tag: 0xa764e078d2f68a0b, nbytes: 16, type: <class 'numpy.ndarray'>>: ")
2023-05-10 06:31:35,511 - distributed.worker - ERROR - failed during get data with ucx://127.0.0.1:37783 -> ucx://127.0.0.1:42647
Traceback (most recent call last):
  File "/opt/conda/envs/gdf/lib/python3.9/site-packages/distributed/comm/ucx.py", line 333, in write
    await self.ep.send(each_frame)
  File "/opt/conda/envs/gdf/lib/python3.9/site-packages/ucp/core.py", line 650, in send
    return await comm.tag_send(self._ep, buffer, nbytes, tag, name=log)
ucp._libs.exceptions.UCXError: <[Send #007] ep: 0x7f5a20759400, tag: 0xdd3dcd06694fab4f, nbytes: 50000000, type: <class 'cupy.ndarray'>>: Endpoint timeout

During handling of the above exception, another exception occurred:

Traceback (most recent call last):
  File "/opt/conda/envs/gdf/lib/python3.9/site-packages/distributed/worker.py", line 1792, in get_data
    compressed = await comm.write(msg, serializers=serializers)
  File "/opt/conda/envs/gdf/lib/python3.9/site-packages/distributed/utils.py", line 752, in wrapper
    return await func(*args, **kwargs)
  File "/opt/conda/envs/gdf/lib/python3.9/site-packages/distributed/comm/ucx.py", line 337, in write
    raise CommClosedError("While writing, the connection was closed")
distributed.comm.core.CommClosedError: While writing, the connection was closed
2023-05-10 06:31:35,512 - distributed.worker - ERROR - Worker stream died during communication: ucx://127.0.0.1:42647
Traceback (most recent call last):
  File "/opt/conda/envs/gdf/lib/python3.9/site-packages/distributed/comm/ucx.py", line 349, in read
    await self.ep.recv(msg)
  File "/opt/conda/envs/gdf/lib/python3.9/site-packages/ucp/core.py", line 725, in recv
    ret = await comm.tag_recv(self._ep, buffer, nbytes, tag, name=log)
ucp._libs.exceptions.UCXCanceled: <[Recv #003] ep: 0x7f5a20759240, tag: 0x56df29824585b927, nbytes: 16, type: <class 'numpy.ndarray'>>: 

During handling of the above exception, another exception occurred:

Traceback (most recent call last):
  File "/opt/conda/envs/gdf/lib/python3.9/site-packages/distributed/worker.py", line 2066, in gather_dep
    response = await get_data_from_worker(
  File "/opt/conda/envs/gdf/lib/python3.9/site-packages/distributed/worker.py", line 2892, in get_data_from_worker
    response = await send_recv(
  File "/opt/conda/envs/gdf/lib/python3.9/site-packages/distributed/core.py", line 1024, in send_recv
    response = await comm.read(deserializers=deserializers)
  File "/opt/conda/envs/gdf/lib/python3.9/site-packages/distributed/utils.py", line 752, in wrapper
    return await func(*args, **kwargs)
  File "/opt/conda/envs/gdf/lib/python3.9/site-packages/distributed/comm/ucx.py", line 367, in read
    raise CommClosedError(
distributed.comm.core.CommClosedError: Connection closed by writer.
Inner exception: UCXCanceled("<[Recv #003] ep: 0x7f5a20759240, tag: 0x56df29824585b927, nbytes: 16, type: <class 'numpy.ndarray'>>: ")
2023-05-10 06:31:35,587 - distributed.worker - ERROR - failed during get data with ucx://127.0.0.1:35277 -> ucx://127.0.0.1:42647
Traceback (most recent call last):
  File "/opt/conda/envs/gdf/lib/python3.9/site-packages/distributed/comm/ucx.py", line 315, in write
    await self.ep.send(struct.pack("?Q", False, nframes))
  File "/opt/conda/envs/gdf/lib/python3.9/site-packages/ucp/core.py", line 629, in send
    self._ep.raise_on_error()
  File "ucp/_libs/ucx_endpoint.pyx", line 355, in ucp._libs.ucx_api.UCXEndpoint.raise_on_error
ucp._libs.exceptions.UCXError: Endpoint 0x7f1ca8c671c0 error: Endpoint timeout

During handling of the above exception, another exception occurred:

Traceback (most recent call last):
  File "/opt/conda/envs/gdf/lib/python3.9/site-packages/distributed/worker.py", line 1792, in get_data
    compressed = await comm.write(msg, serializers=serializers)
  File "/opt/conda/envs/gdf/lib/python3.9/site-packages/distributed/utils.py", line 752, in wrapper
    return await func(*args, **kwargs)
  File "/opt/conda/envs/gdf/lib/python3.9/site-packages/distributed/comm/ucx.py", line 337, in write
    raise CommClosedError("While writing, the connection was closed")
distributed.comm.core.CommClosedError: While writing, the connection was closed
2023-05-10 06:31:35,593 - distributed.nanny - WARNING - Restarting worker
2023-05-10 06:31:35,594 - distributed.nanny - WARNING - Restarting worker
2023-05-10 06:31:35,598 - distributed.worker - ERROR - Worker stream died during communication: ucx://127.0.0.1:42647
Traceback (most recent call last):
  File "/opt/conda/envs/gdf/lib/python3.9/site-packages/distributed/worker.py", line 2066, in gather_dep
    response = await get_data_from_worker(
  File "/opt/conda/envs/gdf/lib/python3.9/site-packages/distributed/worker.py", line 2907, in get_data_from_worker
    await comm.write("OK")
  File "/opt/conda/envs/gdf/lib/python3.9/site-packages/distributed/utils.py", line 752, in wrapper
    return await func(*args, **kwargs)
  File "/opt/conda/envs/gdf/lib/python3.9/site-packages/distributed/comm/ucx.py", line 289, in write
    raise CommClosedError("Endpoint is closed -- unable to send message")
distributed.comm.core.CommClosedError: Endpoint is closed -- unable to send message
2023-05-10 06:31:35,621 - distributed.worker - ERROR - Worker stream died during communication: ucx://127.0.0.1:54573
Traceback (most recent call last):
  File "/opt/conda/envs/gdf/lib/python3.9/site-packages/distributed/comm/ucx.py", line 391, in read
    await self.ep.recv(each_frame)
  File "/opt/conda/envs/gdf/lib/python3.9/site-packages/ucp/core.py", line 725, in recv
    ret = await comm.tag_recv(self._ep, buffer, nbytes, tag, name=log)
ucp._libs.exceptions.UCXError: <[Recv #007] ep: 0x7fa2fc2b2100, tag: 0x57d541612877fde, nbytes: 50000000, type: <class 'rmm._lib.device_buffer.DeviceBuffer'>>: Endpoint timeout

During handling of the above exception, another exception occurred:

Traceback (most recent call last):
  File "/opt/conda/envs/gdf/lib/python3.9/site-packages/distributed/worker.py", line 2066, in gather_dep
    response = await get_data_from_worker(
  File "/opt/conda/envs/gdf/lib/python3.9/site-packages/distributed/worker.py", line 2892, in get_data_from_worker
    response = await send_recv(
  File "/opt/conda/envs/gdf/lib/python3.9/site-packages/distributed/core.py", line 1024, in send_recv
    response = await comm.read(deserializers=deserializers)
  File "/opt/conda/envs/gdf/lib/python3.9/site-packages/distributed/utils.py", line 752, in wrapper
    return await func(*args, **kwargs)
  File "/opt/conda/envs/gdf/lib/python3.9/site-packages/distributed/comm/ucx.py", line 397, in read
    raise CommClosedError(
distributed.comm.core.CommClosedError: Connection closed by writer.
Inner exception: UCXError("<[Recv #007] ep: 0x7fa2fc2b2100, tag: 0x57d541612877fde, nbytes: 50000000, type: <class 'rmm._lib.device_buffer.DeviceBuffer'>>: Endpoint timeout")
2023-05-10 06:31:35,622 - distributed.worker - ERROR - failed during get data with ucx://127.0.0.1:55469 -> ucx://127.0.0.1:54573
Traceback (most recent call last):
  File "/opt/conda/envs/gdf/lib/python3.9/site-packages/distributed/comm/ucx.py", line 333, in write
    await self.ep.send(each_frame)
  File "/opt/conda/envs/gdf/lib/python3.9/site-packages/ucp/core.py", line 650, in send
    return await comm.tag_send(self._ep, buffer, nbytes, tag, name=log)
ucp._libs.exceptions.UCXError: <[Send #007] ep: 0x7fa2fc2b2240, tag: 0xf85242befd2194, nbytes: 50000000, type: <class 'cupy.ndarray'>>: Endpoint timeout

During handling of the above exception, another exception occurred:

Traceback (most recent call last):
  File "/opt/conda/envs/gdf/lib/python3.9/site-packages/distributed/worker.py", line 1792, in get_data
    compressed = await comm.write(msg, serializers=serializers)
  File "/opt/conda/envs/gdf/lib/python3.9/site-packages/distributed/utils.py", line 752, in wrapper
    return await func(*args, **kwargs)
  File "/opt/conda/envs/gdf/lib/python3.9/site-packages/distributed/comm/ucx.py", line 337, in write
    raise CommClosedError("While writing, the connection was closed")
distributed.comm.core.CommClosedError: While writing, the connection was closed
Task exception was never retrieved
future: <Task finished name='Task-327' coro=<_listener_handler_coroutine() done, defined at /opt/conda/envs/gdf/lib/python3.9/site-packages/ucp/core.py:128> exception=UCXError('<stream_recv>: Endpoint timeout')>
Traceback (most recent call last):
  File "/opt/conda/envs/gdf/lib/python3.9/site-packages/ucp/core.py", line 143, in _listener_handler_coroutine
    peer_info = await exchange_peer_info(
  File "/opt/conda/envs/gdf/lib/python3.9/site-packages/ucp/core.py", line 52, in exchange_peer_info
    await comm.stream_recv(endpoint, peer_info_arr, peer_info_arr.nbytes)
ucp._libs.exceptions.UCXError: <stream_recv>: Endpoint timeout
2023-05-10 06:31:35,625 - distributed.worker - ERROR - Worker stream died during communication: ucx://127.0.0.1:54573
Traceback (most recent call last):
  File "/opt/conda/envs/gdf/lib/python3.9/site-packages/distributed/comm/ucx.py", line 349, in read
    await self.ep.recv(msg)
  File "/opt/conda/envs/gdf/lib/python3.9/site-packages/ucp/core.py", line 725, in recv
    ret = await comm.tag_recv(self._ep, buffer, nbytes, tag, name=log)
ucp._libs.exceptions.UCXCanceled: <[Recv #003] ep: 0x7f5a20759200, tag: 0xb94ec1701cad8e32, nbytes: 16, type: <class 'numpy.ndarray'>>: 

During handling of the above exception, another exception occurred:

Traceback (most recent call last):
  File "/opt/conda/envs/gdf/lib/python3.9/site-packages/distributed/worker.py", line 2066, in gather_dep
    response = await get_data_from_worker(
  File "/opt/conda/envs/gdf/lib/python3.9/site-packages/distributed/worker.py", line 2892, in get_data_from_worker
    response = await send_recv(
  File "/opt/conda/envs/gdf/lib/python3.9/site-packages/distributed/core.py", line 1024, in send_recv
    response = await comm.read(deserializers=deserializers)
  File "/opt/conda/envs/gdf/lib/python3.9/site-packages/distributed/utils.py", line 752, in wrapper
    return await func(*args, **kwargs)
  File "/opt/conda/envs/gdf/lib/python3.9/site-packages/distributed/comm/ucx.py", line 367, in read
    raise CommClosedError(
distributed.comm.core.CommClosedError: Connection closed by writer.
Inner exception: UCXCanceled("<[Recv #003] ep: 0x7f5a20759200, tag: 0xb94ec1701cad8e32, nbytes: 16, type: <class 'numpy.ndarray'>>: ")
2023-05-10 06:31:35,636 - distributed.worker - ERROR - Worker stream died during communication: ucx://127.0.0.1:54573
Traceback (most recent call last):
  File "/opt/conda/envs/gdf/lib/python3.9/site-packages/distributed/comm/ucx.py", line 349, in read
    await self.ep.recv(msg)
  File "/opt/conda/envs/gdf/lib/python3.9/site-packages/ucp/core.py", line 725, in recv
    ret = await comm.tag_recv(self._ep, buffer, nbytes, tag, name=log)
ucp._libs.exceptions.UCXCanceled: <[Recv #000] ep: 0x7fac20e93200, tag: 0xfaba38e53da01384, nbytes: 16, type: <class 'numpy.ndarray'>>: 

During handling of the above exception, another exception occurred:

Traceback (most recent call last):
  File "/opt/conda/envs/gdf/lib/python3.9/site-packages/distributed/comm/core.py", line 329, in connect
    handshake = await wait_for(comm.read(), time_left())
  File "/opt/conda/envs/gdf/lib/python3.9/site-packages/distributed/utils.py", line 1849, in wait_for
    return await asyncio.wait_for(fut, timeout)
  File "/opt/conda/envs/gdf/lib/python3.9/asyncio/tasks.py", line 479, in wait_for
    return fut.result()
  File "/opt/conda/envs/gdf/lib/python3.9/site-packages/distributed/utils.py", line 752, in wrapper
    return await func(*args, **kwargs)
  File "/opt/conda/envs/gdf/lib/python3.9/site-packages/distributed/comm/ucx.py", line 367, in read
    raise CommClosedError(
distributed.comm.core.CommClosedError: Connection closed by writer.
Inner exception: UCXCanceled("<[Recv #000] ep: 0x7fac20e93200, tag: 0xfaba38e53da01384, nbytes: 16, type: <class 'numpy.ndarray'>>: ")

The above exception was the direct cause of the following exception:

Traceback (most recent call last):
  File "/opt/conda/envs/gdf/lib/python3.9/site-packages/distributed/worker.py", line 2066, in gather_dep
    response = await get_data_from_worker(
  File "/opt/conda/envs/gdf/lib/python3.9/site-packages/distributed/worker.py", line 2889, in get_data_from_worker
    comm = await rpc.connect(worker)
  File "/opt/conda/envs/gdf/lib/python3.9/site-packages/distributed/core.py", line 1506, in connect
    return await connect_attempt
  File "/opt/conda/envs/gdf/lib/python3.9/site-packages/distributed/core.py", line 1427, in _connect
    comm = await connect(
  File "/opt/conda/envs/gdf/lib/python3.9/site-packages/distributed/comm/core.py", line 334, in connect
    raise OSError(
OSError: Timed out during handshake while connecting to ucx://127.0.0.1:54573 after 30 s
2023-05-10 06:31:35,649 - distributed.nanny - WARNING - Restarting worker
2023-05-10 06:31:35,663 - distributed.worker - ERROR - Worker stream died during communication: ucx://127.0.0.1:54573
Traceback (most recent call last):
  File "/opt/conda/envs/gdf/lib/python3.9/site-packages/distributed/core.py", line 1427, in _connect
    comm = await connect(
  File "/opt/conda/envs/gdf/lib/python3.9/site-packages/distributed/comm/core.py", line 292, in connect
    comm = await wait_for(
  File "/opt/conda/envs/gdf/lib/python3.9/site-packages/distributed/utils.py", line 1849, in wait_for
    return await asyncio.wait_for(fut, timeout)
  File "/opt/conda/envs/gdf/lib/python3.9/asyncio/tasks.py", line 466, in wait_for
    await waiter
asyncio.exceptions.CancelledError

During handling of the above exception, another exception occurred:

Traceback (most recent call last):
  File "/opt/conda/envs/gdf/lib/python3.9/site-packages/distributed/worker.py", line 2066, in gather_dep
    response = await get_data_from_worker(
  File "/opt/conda/envs/gdf/lib/python3.9/site-packages/distributed/worker.py", line 2889, in get_data_from_worker
    comm = await rpc.connect(worker)
  File "/opt/conda/envs/gdf/lib/python3.9/site-packages/distributed/core.py", line 1506, in connect
    return await connect_attempt
  File "/opt/conda/envs/gdf/lib/python3.9/site-packages/distributed/core.py", line 1450, in _connect
    raise CommClosedError(reason)
distributed.comm.core.CommClosedError: Address removed.
2023-05-10 06:31:35,684 - distributed.nanny - WARNING - Restarting worker
2023-05-10 06:31:37,038 - distributed.preloading - INFO - Creating preload: dask_cuda.initialize
2023-05-10 06:31:37,038 - distributed.preloading - INFO - Import preload module: dask_cuda.initialize
2023-05-10 06:31:37,053 - distributed.preloading - INFO - Creating preload: dask_cuda.initialize
2023-05-10 06:31:37,053 - distributed.preloading - INFO - Import preload module: dask_cuda.initialize
2023-05-10 06:31:37,088 - distributed.preloading - INFO - Creating preload: dask_cuda.initialize
2023-05-10 06:31:37,088 - distributed.preloading - INFO - Import preload module: dask_cuda.initialize
2023-05-10 06:31:37,127 - distributed.preloading - INFO - Creating preload: dask_cuda.initialize
2023-05-10 06:31:37,127 - distributed.preloading - INFO - Import preload module: dask_cuda.initialize
[dgx13:1419 :0:1419] Caught signal 11 (Segmentation fault: address not mapped to object at address 0x448)
==== backtrace (tid:   1419) ====
 0  /opt/conda/envs/gdf/lib/libucs.so.0(ucs_handle_error+0x2dc) [0x7f873cc0111c]
 1  /opt/conda/envs/gdf/lib/libucs.so.0(+0x302ff) [0x7f873cc012ff]
 2  /opt/conda/envs/gdf/lib/libucs.so.0(+0x30634) [0x7f873cc01634]
 3  /usr/lib/x86_64-linux-gnu/libpthread.so.0(+0x14420) [0x7f87cdd40420]
 4  /opt/conda/envs/gdf/lib/libucp.so.0(ucp_mem_type_unpack+0x1b) [0x7f873cc8228b]
 5  /opt/conda/envs/gdf/lib/libucp.so.0(ucp_rndv_data_handler+0x508) [0x7f873ccac0b8]
 6  /opt/conda/envs/gdf/lib/libuct.so.0(+0x216a7) [0x7f873cbb36a7]
 7  /opt/conda/envs/gdf/lib/libuct.so.0(+0x21c28) [0x7f873cbb3c28]
 8  /opt/conda/envs/gdf/lib/libuct.so.0(+0x240fc) [0x7f873cbb60fc]
 9  /opt/conda/envs/gdf/lib/libucs.so.0(ucs_event_set_wait+0xf9) [0x7f873cc0b639]
10  /opt/conda/envs/gdf/lib/libuct.so.0(uct_tcp_iface_progress+0x7b) [0x7f873cbb61ab]
11  /opt/conda/envs/gdf/lib/libucp.so.0(ucp_worker_progress+0x6a) [0x7f873cc7ef1a]
12  /opt/conda/envs/gdf/lib/python3.9/site-packages/ucp/_libs/ucx_api.cpython-39-x86_64-linux-gnu.so(+0x286e1) [0x7f873cd2e6e1]
13  /opt/conda/envs/gdf/bin/python(+0x13eb08) [0x55f05e8b5b08]
14  /opt/conda/envs/gdf/bin/python(_PyEval_EvalFrameDefault+0x5f82) [0x55f05e8a6112]
15  /opt/conda/envs/gdf/bin/python(+0x12827a) [0x55f05e89f27a]
16  /opt/conda/envs/gdf/bin/python(_PyFunction_Vectorcall+0xd5) [0x55f05e8b0c05]
17  /opt/conda/envs/gdf/bin/python(_PyEval_EvalFrameDefault+0x68b) [0x55f05e8a081b]
18  /opt/conda/envs/gdf/bin/python(+0x139ef3) [0x55f05e8b0ef3]
19  /opt/conda/envs/gdf/bin/python(+0x147a16) [0x55f05e8bea16]
20  /opt/conda/envs/gdf/bin/python(+0x2579b1) [0x55f05e9ce9b1]
21  /opt/conda/envs/gdf/bin/python(+0xe5817) [0x55f05e85c817]
22  /opt/conda/envs/gdf/bin/python(+0x130f83) [0x55f05e8a7f83]
23  /opt/conda/envs/gdf/bin/python(_PyEval_EvalFrameDefault+0x5ba6) [0x55f05e8a5d36]
24  /opt/conda/envs/gdf/bin/python(+0x139ef3) [0x55f05e8b0ef3]
25  /opt/conda/envs/gdf/bin/python(_PyEval_EvalFrameDefault+0x68b) [0x55f05e8a081b]
26  /opt/conda/envs/gdf/bin/python(+0x139ef3) [0x55f05e8b0ef3]
27  /opt/conda/envs/gdf/bin/python(_PyEval_EvalFrameDefault+0x68b) [0x55f05e8a081b]
28  /opt/conda/envs/gdf/bin/python(+0x139ef3) [0x55f05e8b0ef3]
29  /opt/conda/envs/gdf/bin/python(_PyEval_EvalFrameDefault+0x68b) [0x55f05e8a081b]
30  /opt/conda/envs/gdf/bin/python(+0x139ef3) [0x55f05e8b0ef3]
31  /opt/conda/envs/gdf/bin/python(_PyEval_EvalFrameDefault+0x68b) [0x55f05e8a081b]
32  /opt/conda/envs/gdf/bin/python(+0x12827a) [0x55f05e89f27a]
33  /opt/conda/envs/gdf/bin/python(_PyFunction_Vectorcall+0xd5) [0x55f05e8b0c05]
34  /opt/conda/envs/gdf/bin/python(_PyEval_EvalFrameDefault+0x4e17) [0x55f05e8a4fa7]
35  /opt/conda/envs/gdf/bin/python(+0x12827a) [0x55f05e89f27a]
36  /opt/conda/envs/gdf/bin/python(+0x147935) [0x55f05e8be935]
37  /opt/conda/envs/gdf/bin/python(PyObject_Call+0xb4) [0x55f05e8bf104]
38  /opt/conda/envs/gdf/bin/python(+0x20efc8) [0x55f05e985fc8]
39  /opt/conda/envs/gdf/bin/python(_PyObject_MakeTpCall+0x2fc) [0x55f05e8a92bc]
40  /opt/conda/envs/gdf/bin/python(_PyEval_EvalFrameDefault+0x402b) [0x55f05e8a41bb]
41  /opt/conda/envs/gdf/bin/python(+0x139ef3) [0x55f05e8b0ef3]
42  /opt/conda/envs/gdf/bin/python(+0x147c72) [0x55f05e8bec72]
43  /opt/conda/envs/gdf/bin/python(_PyEval_EvalFrameDefault+0x402b) [0x55f05e8a41bb]
44  /opt/conda/envs/gdf/bin/python(+0x139ef3) [0x55f05e8b0ef3]
45  /opt/conda/envs/gdf/bin/python(_PyEval_EvalFrameDefault+0x68b) [0x55f05e8a081b]
46  /opt/conda/envs/gdf/bin/python(+0x12827a) [0x55f05e89f27a]
47  /opt/conda/envs/gdf/bin/python(_PyFunction_Vectorcall+0xd5) [0x55f05e8b0c05]
48  /opt/conda/envs/gdf/bin/python(_PyEval_EvalFrameDefault+0x68b) [0x55f05e8a081b]
49  /opt/conda/envs/gdf/bin/python(+0x139ef3) [0x55f05e8b0ef3]
50  /opt/conda/envs/gdf/bin/python(_PyEval_EvalFrameDefault+0x3d8) [0x55f05e8a0568]
51  /opt/conda/envs/gdf/bin/python(+0x12827a) [0x55f05e89f27a]
52  /opt/conda/envs/gdf/bin/python(_PyFunction_Vectorcall+0xd5) [0x55f05e8b0c05]
53  /opt/conda/envs/gdf/bin/python(_PyEval_EvalFrameDefault+0x123b) [0x55f05e8a13cb]
54  /opt/conda/envs/gdf/bin/python(+0x12827a) [0x55f05e89f27a]
55  /opt/conda/envs/gdf/bin/python(_PyEval_EvalCodeWithName+0x47) [0x55f05e89ef07]
56  /opt/conda/envs/gdf/bin/python(PyEval_EvalCodeEx+0x39) [0x55f05e89eeb9]
57  /opt/conda/envs/gdf/bin/python(PyEval_EvalCode+0x1b) [0x55f05e94f8bb]
58  /opt/conda/envs/gdf/bin/python(+0x206adc) [0x55f05e97dadc]
59  /opt/conda/envs/gdf/bin/python(+0x202c24) [0x55f05e979c24]
60  /opt/conda/envs/gdf/bin/python(PyRun_StringFlags+0x9d) [0x55f05e9717ed]
61  /opt/conda/envs/gdf/bin/python(PyRun_SimpleStringFlags+0x3d) [0x55f05e9716bd]
=================================
2023-05-10 06:31:38,126 - distributed.worker - ERROR - Worker stream died during communication: ucx://127.0.0.1:50563
Traceback (most recent call last):
  File "/opt/conda/envs/gdf/lib/python3.9/site-packages/distributed/comm/ucx.py", line 391, in read
    await self.ep.recv(each_frame)
  File "/opt/conda/envs/gdf/lib/python3.9/site-packages/ucp/core.py", line 725, in recv
    ret = await comm.tag_recv(self._ep, buffer, nbytes, tag, name=log)
ucp._libs.exceptions.UCXError: <[Recv #007] ep: 0x7fa2fc2b2100, tag: 0x74ccc600c63be3b3, nbytes: 50000000, type: <class 'rmm._lib.device_buffer.DeviceBuffer'>>: Endpoint timeout

During handling of the above exception, another exception occurred:

Traceback (most recent call last):
  File "/opt/conda/envs/gdf/lib/python3.9/site-packages/distributed/worker.py", line 2066, in gather_dep
    response = await get_data_from_worker(
  File "/opt/conda/envs/gdf/lib/python3.9/site-packages/distributed/worker.py", line 2892, in get_data_from_worker
    response = await send_recv(
  File "/opt/conda/envs/gdf/lib/python3.9/site-packages/distributed/core.py", line 1024, in send_recv
    response = await comm.read(deserializers=deserializers)
  File "/opt/conda/envs/gdf/lib/python3.9/site-packages/distributed/utils.py", line 752, in wrapper
    return await func(*args, **kwargs)
  File "/opt/conda/envs/gdf/lib/python3.9/site-packages/distributed/comm/ucx.py", line 397, in read
    raise CommClosedError(
distributed.comm.core.CommClosedError: Connection closed by writer.
Inner exception: UCXError("<[Recv #007] ep: 0x7fa2fc2b2100, tag: 0x74ccc600c63be3b3, nbytes: 50000000, type: <class 'rmm._lib.device_buffer.DeviceBuffer'>>: Endpoint timeout")
2023-05-10 06:31:38,127 - distributed.worker - ERROR - failed during get data with ucx://127.0.0.1:55469 -> ucx://127.0.0.1:50563
Traceback (most recent call last):
  File "/opt/conda/envs/gdf/lib/python3.9/site-packages/distributed/comm/ucx.py", line 333, in write
    await self.ep.send(each_frame)
  File "/opt/conda/envs/gdf/lib/python3.9/site-packages/ucp/core.py", line 650, in send
    return await comm.tag_send(self._ep, buffer, nbytes, tag, name=log)
ucp._libs.exceptions.UCXError: <[Send #007] ep: 0x7fa2fc2b2340, tag: 0xb25042b9a4852b2, nbytes: 50000000, type: <class 'cupy.ndarray'>>: Endpoint timeout

During handling of the above exception, another exception occurred:

Traceback (most recent call last):
  File "/opt/conda/envs/gdf/lib/python3.9/site-packages/distributed/worker.py", line 1792, in get_data
    compressed = await comm.write(msg, serializers=serializers)
  File "/opt/conda/envs/gdf/lib/python3.9/site-packages/distributed/utils.py", line 752, in wrapper
    return await func(*args, **kwargs)
  File "/opt/conda/envs/gdf/lib/python3.9/site-packages/distributed/comm/ucx.py", line 337, in write
    raise CommClosedError("While writing, the connection was closed")
distributed.comm.core.CommClosedError: While writing, the connection was closed
2023-05-10 06:31:38,176 - distributed.nanny - WARNING - Restarting worker
[dgx13:1262 :0:1262] Caught signal 11 (Segmentation fault: address not mapped to object at address 0x448)
==== backtrace (tid:   1262) ====
 0  /opt/conda/envs/gdf/lib/libucs.so.0(ucs_handle_error+0x2dc) [0x7f5a3403b11c]
 1  /opt/conda/envs/gdf/lib/libucs.so.0(+0x302ff) [0x7f5a3403b2ff]
 2  /opt/conda/envs/gdf/lib/libucs.so.0(+0x30634) [0x7f5a3403b634]
 3  /usr/lib/x86_64-linux-gnu/libpthread.so.0(+0x14420) [0x7f5ac4478420]
 4  /opt/conda/envs/gdf/lib/libucp.so.0(ucp_mem_type_unpack+0x1b) [0x7f5a2135e28b]
 5  /opt/conda/envs/gdf/lib/libucp.so.0(ucp_rndv_data_handler+0x508) [0x7f5a213880b8]
 6  /opt/conda/envs/gdf/lib/libuct.so.0(+0x216a7) [0x7f5a212f46a7]
 7  /opt/conda/envs/gdf/lib/libuct.so.0(+0x21c28) [0x7f5a212f4c28]
 8  /opt/conda/envs/gdf/lib/libuct.so.0(+0x240fc) [0x7f5a212f70fc]
 9  /opt/conda/envs/gdf/lib/libucs.so.0(ucs_event_set_wait+0xf9) [0x7f5a34045639]
10  /opt/conda/envs/gdf/lib/libuct.so.0(uct_tcp_iface_progress+0x7b) [0x7f5a212f71ab]
11  /opt/conda/envs/gdf/lib/libucp.so.0(ucp_worker_progress+0x6a) [0x7f5a2135af1a]
12  /opt/conda/envs/gdf/lib/python3.9/site-packages/ucp/_libs/ucx_api.cpython-39-x86_64-linux-gnu.so(+0x286e1) [0x7f5a2140a6e1]
13  /opt/conda/envs/gdf/bin/python(+0x13eb08) [0x5642eed40b08]
14  /opt/conda/envs/gdf/bin/python(_PyEval_EvalFrameDefault+0x5f82) [0x5642eed31112]
15  /opt/conda/envs/gdf/bin/python(+0x12827a) [0x5642eed2a27a]
16  /opt/conda/envs/gdf/bin/python(_PyFunction_Vectorcall+0xd5) [0x5642eed3bc05]
17  /opt/conda/envs/gdf/bin/python(_PyEval_EvalFrameDefault+0x68b) [0x5642eed2b81b]
18  /opt/conda/envs/gdf/bin/python(+0x139ef3) [0x5642eed3bef3]
19  /opt/conda/envs/gdf/bin/python(+0x147a16) [0x5642eed49a16]
20  /opt/conda/envs/gdf/bin/python(+0x2579b1) [0x5642eee599b1]
21  /opt/conda/envs/gdf/bin/python(+0xe5817) [0x5642eece7817]
22  /opt/conda/envs/gdf/bin/python(+0x130f83) [0x5642eed32f83]
23  /opt/conda/envs/gdf/bin/python(_PyEval_EvalFrameDefault+0x5ba6) [0x5642eed30d36]
24  /opt/conda/envs/gdf/bin/python(+0x139ef3) [0x5642eed3bef3]
25  /opt/conda/envs/gdf/bin/python(_PyEval_EvalFrameDefault+0x68b) [0x5642eed2b81b]
26  /opt/conda/envs/gdf/bin/python(+0x139ef3) [0x5642eed3bef3]
27  /opt/conda/envs/gdf/bin/python(_PyEval_EvalFrameDefault+0x68b) [0x5642eed2b81b]
28  /opt/conda/envs/gdf/bin/python(+0x139ef3) [0x5642eed3bef3]
29  /opt/conda/envs/gdf/bin/python(_PyEval_EvalFrameDefault+0x68b) [0x5642eed2b81b]
30  /opt/conda/envs/gdf/bin/python(+0x139ef3) [0x5642eed3bef3]
31  /opt/conda/envs/gdf/bin/python(_PyEval_EvalFrameDefault+0x68b) [0x5642eed2b81b]
32  /opt/conda/envs/gdf/bin/python(+0x12827a) [0x5642eed2a27a]
33  /opt/conda/envs/gdf/bin/python(_PyFunction_Vectorcall+0xd5) [0x5642eed3bc05]
34  /opt/conda/envs/gdf/bin/python(_PyEval_EvalFrameDefault+0x4e17) [0x5642eed2ffa7]
35  /opt/conda/envs/gdf/bin/python(+0x12827a) [0x5642eed2a27a]
36  /opt/conda/envs/gdf/bin/python(+0x147935) [0x5642eed49935]
37  /opt/conda/envs/gdf/bin/python(PyObject_Call+0xb4) [0x5642eed4a104]
38  /opt/conda/envs/gdf/bin/python(+0x20efc8) [0x5642eee10fc8]
39  /opt/conda/envs/gdf/bin/python(_PyObject_MakeTpCall+0x2fc) [0x5642eed342bc]
40  /opt/conda/envs/gdf/bin/python(_PyEval_EvalFrameDefault+0x402b) [0x5642eed2f1bb]
41  /opt/conda/envs/gdf/bin/python(+0x139ef3) [0x5642eed3bef3]
42  /opt/conda/envs/gdf/bin/python(+0x147c72) [0x5642eed49c72]
43  /opt/conda/envs/gdf/bin/python(_PyEval_EvalFrameDefault+0x402b) [0x5642eed2f1bb]
44  /opt/conda/envs/gdf/bin/python(+0x139ef3) [0x5642eed3bef3]
45  /opt/conda/envs/gdf/bin/python(_PyEval_EvalFrameDefault+0x68b) [0x5642eed2b81b]
46  /opt/conda/envs/gdf/bin/python(+0x12827a) [0x5642eed2a27a]
47  /opt/conda/envs/gdf/bin/python(_PyFunction_Vectorcall+0xd5) [0x5642eed3bc05]
48  /opt/conda/envs/gdf/bin/python(_PyEval_EvalFrameDefault+0x68b) [0x5642eed2b81b]
49  /opt/conda/envs/gdf/bin/python(+0x139ef3) [0x5642eed3bef3]
50  /opt/conda/envs/gdf/bin/python(_PyEval_EvalFrameDefault+0x3d8) [0x5642eed2b568]
51  /opt/conda/envs/gdf/bin/python(+0x12827a) [0x5642eed2a27a]
52  /opt/conda/envs/gdf/bin/python(_PyFunction_Vectorcall+0xd5) [0x5642eed3bc05]
53  /opt/conda/envs/gdf/bin/python(_PyEval_EvalFrameDefault+0x123b) [0x5642eed2c3cb]
54  /opt/conda/envs/gdf/bin/python(+0x12827a) [0x5642eed2a27a]
55  /opt/conda/envs/gdf/bin/python(_PyEval_EvalCodeWithName+0x47) [0x5642eed29f07]
56  /opt/conda/envs/gdf/bin/python(PyEval_EvalCodeEx+0x39) [0x5642eed29eb9]
57  /opt/conda/envs/gdf/bin/python(PyEval_EvalCode+0x1b) [0x5642eedda8bb]
58  /opt/conda/envs/gdf/bin/python(+0x206adc) [0x5642eee08adc]
59  /opt/conda/envs/gdf/bin/python(+0x202c24) [0x5642eee04c24]
60  /opt/conda/envs/gdf/bin/python(PyRun_StringFlags+0x9d) [0x5642eedfc7ed]
61  /opt/conda/envs/gdf/bin/python(PyRun_SimpleStringFlags+0x3d) [0x5642eedfc6bd]
=================================
[dgx13:1416 :0:1416] Caught signal 11 (Segmentation fault: address not mapped to object at address 0x448)
==== backtrace (tid:   1416) ====
 0  /opt/conda/envs/gdf/lib/libucs.so.0(ucs_handle_error+0x2dc) [0x7f7ea8cdc11c]
 1  /opt/conda/envs/gdf/lib/libucs.so.0(+0x302ff) [0x7f7ea8cdc2ff]
 2  /opt/conda/envs/gdf/lib/libucs.so.0(+0x30634) [0x7f7ea8cdc634]
 3  /usr/lib/x86_64-linux-gnu/libpthread.so.0(+0x14420) [0x7f7f47e19420]
 4  /opt/conda/envs/gdf/lib/libucp.so.0(ucp_mem_type_unpack+0x1b) [0x7f7ea8d5d28b]
 5  /opt/conda/envs/gdf/lib/libucp.so.0(ucp_rndv_data_handler+0x508) [0x7f7ea8d870b8]
 6  /opt/conda/envs/gdf/lib/libuct.so.0(+0x216a7) [0x7f7ea8c8e6a7]
 7  /opt/conda/envs/gdf/lib/libuct.so.0(+0x21c28) [0x7f7ea8c8ec28]
 8  /opt/conda/envs/gdf/lib/libuct.so.0(+0x240fc) [0x7f7ea8c910fc]
 9  /opt/conda/envs/gdf/lib/libucs.so.0(ucs_event_set_wait+0xf9) [0x7f7ea8ce6639]
10  /opt/conda/envs/gdf/lib/libuct.so.0(uct_tcp_iface_progress+0x7b) [0x7f7ea8c911ab]
11  /opt/conda/envs/gdf/lib/libucp.so.0(ucp_worker_progress+0x6a) [0x7f7ea8d59f1a]
12  /opt/conda/envs/gdf/lib/python3.9/site-packages/ucp/_libs/ucx_api.cpython-39-x86_64-linux-gnu.so(+0x286e1) [0x7f7ea8e096e1]
13  /opt/conda/envs/gdf/bin/python(+0x13eb08) [0x55759da80b08]
14  /opt/conda/envs/gdf/bin/python(_PyEval_EvalFrameDefault+0x5f82) [0x55759da71112]
15  /opt/conda/envs/gdf/bin/python(+0x12827a) [0x55759da6a27a]
16  /opt/conda/envs/gdf/bin/python(_PyFunction_Vectorcall+0xd5) [0x55759da7bc05]
17  /opt/conda/envs/gdf/bin/python(_PyEval_EvalFrameDefault+0x68b) [0x55759da6b81b]
18  /opt/conda/envs/gdf/bin/python(+0x139ef3) [0x55759da7bef3]
19  /opt/conda/envs/gdf/bin/python(+0x147a16) [0x55759da89a16]
20  /opt/conda/envs/gdf/bin/python(+0x2579b1) [0x55759db999b1]
21  /opt/conda/envs/gdf/bin/python(+0xe5817) [0x55759da27817]
22  /opt/conda/envs/gdf/bin/python(+0x130f83) [0x55759da72f83]
23  /opt/conda/envs/gdf/bin/python(_PyEval_EvalFrameDefault+0x5ba6) [0x55759da70d36]
24  /opt/conda/envs/gdf/bin/python(+0x139ef3) [0x55759da7bef3]
25  /opt/conda/envs/gdf/bin/python(_PyEval_EvalFrameDefault+0x68b) [0x55759da6b81b]
26  /opt/conda/envs/gdf/bin/python(+0x139ef3) [0x55759da7bef3]
27  /opt/conda/envs/gdf/bin/python(_PyEval_EvalFrameDefault+0x68b) [0x55759da6b81b]
28  /opt/conda/envs/gdf/bin/python(+0x139ef3) [0x55759da7bef3]
29  /opt/conda/envs/gdf/bin/python(_PyEval_EvalFrameDefault+0x68b) [0x55759da6b81b]
30  /opt/conda/envs/gdf/bin/python(+0x139ef3) [0x55759da7bef3]
31  /opt/conda/envs/gdf/bin/python(_PyEval_EvalFrameDefault+0x68b) [0x55759da6b81b]
32  /opt/conda/envs/gdf/bin/python(+0x12827a) [0x55759da6a27a]
33  /opt/conda/envs/gdf/bin/python(_PyFunction_Vectorcall+0xd5) [0x55759da7bc05]
34  /opt/conda/envs/gdf/bin/python(_PyEval_EvalFrameDefault+0x4e17) [0x55759da6ffa7]
35  /opt/conda/envs/gdf/bin/python(+0x12827a) [0x55759da6a27a]
36  /opt/conda/envs/gdf/bin/python(+0x147935) [0x55759da89935]
37  /opt/conda/envs/gdf/bin/python(PyObject_Call+0xb4) [0x55759da8a104]
38  /opt/conda/envs/gdf/bin/python(+0x20efc8) [0x55759db50fc8]
39  /opt/conda/envs/gdf/bin/python(_PyObject_MakeTpCall+0x2fc) [0x55759da742bc]
40  /opt/conda/envs/gdf/bin/python(_PyEval_EvalFrameDefault+0x402b) [0x55759da6f1bb]
41  /opt/conda/envs/gdf/bin/python(+0x139ef3) [0x55759da7bef3]
42  /opt/conda/envs/gdf/bin/python(+0x147c72) [0x55759da89c72]
43  /opt/conda/envs/gdf/bin/python(_PyEval_EvalFrameDefault+0x402b) [0x55759da6f1bb]
44  /opt/conda/envs/gdf/bin/python(+0x139ef3) [0x55759da7bef3]
45  /opt/conda/envs/gdf/bin/python(_PyEval_EvalFrameDefault+0x68b) [0x55759da6b81b]
46  /opt/conda/envs/gdf/bin/python(+0x12827a) [0x55759da6a27a]
47  /opt/conda/envs/gdf/bin/python(_PyFunction_Vectorcall+0xd5) [0x55759da7bc05]
48  /opt/conda/envs/gdf/bin/python(_PyEval_EvalFrameDefault+0x68b) [0x55759da6b81b]
49  /opt/conda/envs/gdf/bin/python(+0x139ef3) [0x55759da7bef3]
50  /opt/conda/envs/gdf/bin/python(_PyEval_EvalFrameDefault+0x3d8) [0x55759da6b568]
51  /opt/conda/envs/gdf/bin/python(+0x12827a) [0x55759da6a27a]
52  /opt/conda/envs/gdf/bin/python(_PyFunction_Vectorcall+0xd5) [0x55759da7bc05]
53  /opt/conda/envs/gdf/bin/python(_PyEval_EvalFrameDefault+0x123b) [0x55759da6c3cb]
54  /opt/conda/envs/gdf/bin/python(+0x12827a) [0x55759da6a27a]
55  /opt/conda/envs/gdf/bin/python(_PyEval_EvalCodeWithName+0x47) [0x55759da69f07]
56  /opt/conda/envs/gdf/bin/python(PyEval_EvalCodeEx+0x39) [0x55759da69eb9]
57  /opt/conda/envs/gdf/bin/python(PyEval_EvalCode+0x1b) [0x55759db1a8bb]
58  /opt/conda/envs/gdf/bin/python(+0x206adc) [0x55759db48adc]
59  /opt/conda/envs/gdf/bin/python(+0x202c24) [0x55759db44c24]
60  /opt/conda/envs/gdf/bin/python(PyRun_StringFlags+0x9d) [0x55759db3c7ed]
61  /opt/conda/envs/gdf/bin/python(PyRun_SimpleStringFlags+0x3d) [0x55759db3c6bd]
=================================
2023-05-10 06:31:38,354 - distributed.worker - ERROR - Worker stream died during communication: ucx://127.0.0.1:37783
Traceback (most recent call last):
  File "/opt/conda/envs/gdf/lib/python3.9/site-packages/distributed/comm/ucx.py", line 391, in read
    await self.ep.recv(each_frame)
  File "/opt/conda/envs/gdf/lib/python3.9/site-packages/ucp/core.py", line 725, in recv
    ret = await comm.tag_recv(self._ep, buffer, nbytes, tag, name=log)
ucp._libs.exceptions.UCXError: <[Recv #007] ep: 0x7f1ca8c67140, tag: 0x6e018dc2ae252ee9, nbytes: 50000000, type: <class 'rmm._lib.device_buffer.DeviceBuffer'>>: Endpoint timeout

During handling of the above exception, another exception occurred:

Traceback (most recent call last):
  File "/opt/conda/envs/gdf/lib/python3.9/site-packages/distributed/worker.py", line 2066, in gather_dep
    response = await get_data_from_worker(
  File "/opt/conda/envs/gdf/lib/python3.9/site-packages/distributed/worker.py", line 2892, in get_data_from_worker
    response = await send_recv(
  File "/opt/conda/envs/gdf/lib/python3.9/site-packages/distributed/core.py", line 1024, in send_recv
    response = await comm.read(deserializers=deserializers)
  File "/opt/conda/envs/gdf/lib/python3.9/site-packages/distributed/utils.py", line 752, in wrapper
    return await func(*args, **kwargs)
  File "/opt/conda/envs/gdf/lib/python3.9/site-packages/distributed/comm/ucx.py", line 397, in read
    raise CommClosedError(
distributed.comm.core.CommClosedError: Connection closed by writer.
Inner exception: UCXError("<[Recv #007] ep: 0x7f1ca8c67140, tag: 0x6e018dc2ae252ee9, nbytes: 50000000, type: <class 'rmm._lib.device_buffer.DeviceBuffer'>>: Endpoint timeout")
2023-05-10 06:31:38,356 - distributed.worker - ERROR - failed during get data with ucx://127.0.0.1:35277 -> ucx://127.0.0.1:37783
Traceback (most recent call last):
  File "/opt/conda/envs/gdf/lib/python3.9/site-packages/distributed/comm/ucx.py", line 349, in read
    await self.ep.recv(msg)
  File "/opt/conda/envs/gdf/lib/python3.9/site-packages/ucp/core.py", line 725, in recv
    ret = await comm.tag_recv(self._ep, buffer, nbytes, tag, name=log)
ucp._libs.exceptions.UCXCanceled: <[Recv #006] ep: 0x7f1ca8c67200, tag: 0x8a260be0d6d8c3be, nbytes: 16, type: <class 'numpy.ndarray'>>: 

During handling of the above exception, another exception occurred:

Traceback (most recent call last):
  File "/opt/conda/envs/gdf/lib/python3.9/site-packages/distributed/worker.py", line 1793, in get_data
    response = await comm.read(deserializers=serializers)
  File "/opt/conda/envs/gdf/lib/python3.9/site-packages/distributed/utils.py", line 752, in wrapper
    return await func(*args, **kwargs)
  File "/opt/conda/envs/gdf/lib/python3.9/site-packages/distributed/comm/ucx.py", line 367, in read
    raise CommClosedError(
distributed.comm.core.CommClosedError: Connection closed by writer.
Inner exception: UCXCanceled("<[Recv #006] ep: 0x7f1ca8c67200, tag: 0x8a260be0d6d8c3be, nbytes: 16, type: <class 'numpy.ndarray'>>: ")
2023-05-10 06:31:38,354 - distributed.worker - ERROR - Worker stream died during communication: ucx://127.0.0.1:37783
Traceback (most recent call last):
  File "/opt/conda/envs/gdf/lib/python3.9/site-packages/distributed/comm/ucx.py", line 391, in read
    await self.ep.recv(each_frame)
  File "/opt/conda/envs/gdf/lib/python3.9/site-packages/ucp/core.py", line 725, in recv
    ret = await comm.tag_recv(self._ep, buffer, nbytes, tag, name=log)
ucp._libs.exceptions.UCXError: <[Recv #007] ep: 0x7fb5936c3100, tag: 0x832c09c0b4d96a9b, nbytes: 50000000, type: <class 'rmm._lib.device_buffer.DeviceBuffer'>>: Endpoint timeout

During handling of the above exception, another exception occurred:

Traceback (most recent call last):
  File "/opt/conda/envs/gdf/lib/python3.9/site-packages/distributed/worker.py", line 2066, in gather_dep
    response = await get_data_from_worker(
  File "/opt/conda/envs/gdf/lib/python3.9/site-packages/distributed/worker.py", line 2892, in get_data_from_worker
    response = await send_recv(
  File "/opt/conda/envs/gdf/lib/python3.9/site-packages/distributed/core.py", line 1024, in send_recv
    response = await comm.read(deserializers=deserializers)
  File "/opt/conda/envs/gdf/lib/python3.9/site-packages/distributed/utils.py", line 752, in wrapper
    return await func(*args, **kwargs)
  File "/opt/conda/envs/gdf/lib/python3.9/site-packages/distributed/comm/ucx.py", line 397, in read
    raise CommClosedError(
distributed.comm.core.CommClosedError: Connection closed by writer.
Inner exception: UCXError("<[Recv #007] ep: 0x7fb5936c3100, tag: 0x832c09c0b4d96a9b, nbytes: 50000000, type: <class 'rmm._lib.device_buffer.DeviceBuffer'>>: Endpoint timeout")
2023-05-10 06:31:38,358 - distributed.worker - ERROR - failed during get data with ucx://127.0.0.1:36013 -> ucx://127.0.0.1:37783
Traceback (most recent call last):
  File "/opt/conda/envs/gdf/lib/python3.9/site-packages/distributed/comm/ucx.py", line 333, in write
    await self.ep.send(each_frame)
  File "/opt/conda/envs/gdf/lib/python3.9/site-packages/ucp/core.py", line 650, in send
    return await comm.tag_send(self._ep, buffer, nbytes, tag, name=log)
ucp._libs.exceptions.UCXError: <[Send #007] ep: 0x7fb5936c30c0, tag: 0x469c0331bc116e45, nbytes: 50000000, type: <class 'cupy.ndarray'>>: Endpoint timeout

During handling of the above exception, another exception occurred:

Traceback (most recent call last):
  File "/opt/conda/envs/gdf/lib/python3.9/site-packages/distributed/worker.py", line 1792, in get_data
    compressed = await comm.write(msg, serializers=serializers)
  File "/opt/conda/envs/gdf/lib/python3.9/site-packages/distributed/utils.py", line 752, in wrapper
    return await func(*args, **kwargs)
  File "/opt/conda/envs/gdf/lib/python3.9/site-packages/distributed/comm/ucx.py", line 337, in write
    raise CommClosedError("While writing, the connection was closed")
distributed.comm.core.CommClosedError: While writing, the connection was closed
[dgx13:1422 :0:1422] Caught signal 11 (Segmentation fault: address not mapped to object at address 0x448)
==== backtrace (tid:   1422) ====
 0  /opt/conda/envs/gdf/lib/libucs.so.0(ucs_handle_error+0x2dc) [0x7fe06382011c]
 1  /opt/conda/envs/gdf/lib/libucs.so.0(+0x302ff) [0x7fe0638202ff]
 2  /opt/conda/envs/gdf/lib/libucs.so.0(+0x30634) [0x7fe063820634]
 3  /usr/lib/x86_64-linux-gnu/libpthread.so.0(+0x14420) [0x7fe106971420]
 4  /opt/conda/envs/gdf/lib/libucp.so.0(ucp_mem_type_unpack+0x1b) [0x7fe0638a128b]
 5  /opt/conda/envs/gdf/lib/libucp.so.0(ucp_rndv_data_handler+0x508) [0x7fe0638cb0b8]
 6  /opt/conda/envs/gdf/lib/libuct.so.0(+0x216a7) [0x7fe0637d26a7]
 7  /opt/conda/envs/gdf/lib/libuct.so.0(+0x21c28) [0x7fe0637d2c28]
 8  /opt/conda/envs/gdf/lib/libuct.so.0(+0x240fc) [0x7fe0637d50fc]
 9  /opt/conda/envs/gdf/lib/libucs.so.0(ucs_event_set_wait+0xf9) [0x7fe06382a639]
10  /opt/conda/envs/gdf/lib/libuct.so.0(uct_tcp_iface_progress+0x7b) [0x7fe0637d51ab]
11  /opt/conda/envs/gdf/lib/libucp.so.0(ucp_worker_progress+0x6a) [0x7fe06389df1a]
12  /opt/conda/envs/gdf/lib/python3.9/site-packages/ucp/_libs/ucx_api.cpython-39-x86_64-linux-gnu.so(+0x286e1) [0x7fe06394d6e1]
13  /opt/conda/envs/gdf/bin/python(+0x13eb08) [0x564c854fdb08]
14  /opt/conda/envs/gdf/bin/python(_PyEval_EvalFrameDefault+0x5f82) [0x564c854ee112]
15  /opt/conda/envs/gdf/bin/python(+0x12827a) [0x564c854e727a]
16  /opt/conda/envs/gdf/bin/python(_PyFunction_Vectorcall+0xd5) [0x564c854f8c05]
17  /opt/conda/envs/gdf/bin/python(_PyEval_EvalFrameDefault+0x68b) [0x564c854e881b]
18  /opt/conda/envs/gdf/bin/python(+0x14e70e) [0x564c8550d70e]
19  /opt/conda/envs/gdf/lib/python3.9/lib-dynload/_asyncio.cpython-39-x86_64-linux-gnu.so(+0x82fe) [0x7fe0863d82fe]
20  /opt/conda/envs/gdf/bin/python(_PyObject_MakeTpCall+0x2fc) [0x564c854f12bc]
21  /opt/conda/envs/gdf/bin/python(+0xe5817) [0x564c854a4817]
22  /opt/conda/envs/gdf/bin/python(+0x130f83) [0x564c854eff83]
23  /opt/conda/envs/gdf/bin/python(_PyEval_EvalFrameDefault+0x5ba6) [0x564c854edd36]
24  /opt/conda/envs/gdf/bin/python(+0x139ef3) [0x564c854f8ef3]
25  /opt/conda/envs/gdf/bin/python(_PyEval_EvalFrameDefault+0x68b) [0x564c854e881b]
26  /opt/conda/envs/gdf/bin/python(+0x139ef3) [0x564c854f8ef3]
27  /opt/conda/envs/gdf/bin/python(_PyEval_EvalFrameDefault+0x68b) [0x564c854e881b]
28  /opt/conda/envs/gdf/bin/python(+0x139ef3) [0x564c854f8ef3]
29  /opt/conda/envs/gdf/bin/python(_PyEval_EvalFrameDefault+0x68b) [0x564c854e881b]
30  /opt/conda/envs/gdf/bin/python(+0x139ef3) [0x564c854f8ef3]
31  /opt/conda/envs/gdf/bin/python(_PyEval_EvalFrameDefault+0x68b) [0x564c854e881b]
32  /opt/conda/envs/gdf/bin/python(+0x12827a) [0x564c854e727a]
33  /opt/conda/envs/gdf/bin/python(_PyFunction_Vectorcall+0xd5) [0x564c854f8c05]
34  /opt/conda/envs/gdf/bin/python(_PyEval_EvalFrameDefault+0x4e17) [0x564c854ecfa7]
35  /opt/conda/envs/gdf/bin/python(+0x12827a) [0x564c854e727a]
36  /opt/conda/envs/gdf/bin/python(+0x147935) [0x564c85506935]
37  /opt/conda/envs/gdf/bin/python(PyObject_Call+0xb4) [0x564c85507104]
38  /opt/conda/envs/gdf/bin/python(+0x20efc8) [0x564c855cdfc8]
39  /opt/conda/envs/gdf/bin/python(_PyObject_MakeTpCall+0x2fc) [0x564c854f12bc]
40  /opt/conda/envs/gdf/bin/python(_PyEval_EvalFrameDefault+0x402b) [0x564c854ec1bb]
41  /opt/conda/envs/gdf/bin/python(+0x139ef3) [0x564c854f8ef3]
42  /opt/conda/envs/gdf/bin/python(+0x147c72) [0x564c85506c72]
43  /opt/conda/envs/gdf/bin/python(_PyEval_EvalFrameDefault+0x402b) [0x564c854ec1bb]
44  /opt/conda/envs/gdf/bin/python(+0x139ef3) [0x564c854f8ef3]
45  /opt/conda/envs/gdf/bin/python(_PyEval_EvalFrameDefault+0x68b) [0x564c854e881b]
46  /opt/conda/envs/gdf/bin/python(+0x12827a) [0x564c854e727a]
47  /opt/conda/envs/gdf/bin/python(_PyFunction_Vectorcall+0xd5) [0x564c854f8c05]
48  /opt/conda/envs/gdf/bin/python(_PyEval_EvalFrameDefault+0x68b) [0x564c854e881b]
49  /opt/conda/envs/gdf/bin/python(+0x139ef3) [0x564c854f8ef3]
50  /opt/conda/envs/gdf/bin/python(_PyEval_EvalFrameDefault+0x3d8) [0x564c854e8568]
51  /opt/conda/envs/gdf/bin/python(+0x12827a) [0x564c854e727a]
52  /opt/conda/envs/gdf/bin/python(_PyFunction_Vectorcall+0xd5) [0x564c854f8c05]
53  /opt/conda/envs/gdf/bin/python(_PyEval_EvalFrameDefault+0x123b) [0x564c854e93cb]
54  /opt/conda/envs/gdf/bin/python(+0x12827a) [0x564c854e727a]
55  /opt/conda/envs/gdf/bin/python(_PyEval_EvalCodeWithName+0x47) [0x564c854e6f07]
56  /opt/conda/envs/gdf/bin/python(PyEval_EvalCodeEx+0x39) [0x564c854e6eb9]
57  /opt/conda/envs/gdf/bin/python(PyEval_EvalCode+0x1b) [0x564c855978bb]
58  /opt/conda/envs/gdf/bin/python(+0x206adc) [0x564c855c5adc]
59  /opt/conda/envs/gdf/bin/python(+0x202c24) [0x564c855c1c24]
60  /opt/conda/envs/gdf/bin/python(PyRun_StringFlags+0x9d) [0x564c855b97ed]
61  /opt/conda/envs/gdf/bin/python(PyRun_SimpleStringFlags+0x3d) [0x564c855b96bd]
=================================
2023-05-10 06:31:38,409 - distributed.nanny - WARNING - Restarting worker
2023-05-10 06:31:38,447 - distributed.nanny - WARNING - Restarting worker
2023-05-10 06:31:38,557 - distributed.worker - ERROR - failed during get data with ucx://127.0.0.1:55469 -> ucx://127.0.0.1:42585
Traceback (most recent call last):
  File "/opt/conda/envs/gdf/lib/python3.9/site-packages/distributed/comm/ucx.py", line 333, in write
    await self.ep.send(each_frame)
  File "/opt/conda/envs/gdf/lib/python3.9/site-packages/ucp/core.py", line 650, in send
    return await comm.tag_send(self._ep, buffer, nbytes, tag, name=log)
ucp._libs.exceptions.UCXError: <[Send #007] ep: 0x7fa2fc2b23c0, tag: 0x9314612bdb624bee, nbytes: 50000000, type: <class 'cupy.ndarray'>>: Endpoint timeout

During handling of the above exception, another exception occurred:

Traceback (most recent call last):
  File "/opt/conda/envs/gdf/lib/python3.9/site-packages/distributed/worker.py", line 1792, in get_data
    compressed = await comm.write(msg, serializers=serializers)
  File "/opt/conda/envs/gdf/lib/python3.9/site-packages/distributed/utils.py", line 752, in wrapper
    return await func(*args, **kwargs)
  File "/opt/conda/envs/gdf/lib/python3.9/site-packages/distributed/comm/ucx.py", line 337, in write
    raise CommClosedError("While writing, the connection was closed")
distributed.comm.core.CommClosedError: While writing, the connection was closed
2023-05-10 06:31:38,559 - distributed.worker - ERROR - Worker stream died during communication: ucx://127.0.0.1:42585
Traceback (most recent call last):
  File "/opt/conda/envs/gdf/lib/python3.9/site-packages/distributed/comm/ucx.py", line 391, in read
    await self.ep.recv(each_frame)
  File "/opt/conda/envs/gdf/lib/python3.9/site-packages/ucp/core.py", line 725, in recv
    ret = await comm.tag_recv(self._ep, buffer, nbytes, tag, name=log)
ucp._libs.exceptions.UCXError: <[Recv #007] ep: 0x7fa2fc2b2340, tag: 0x6198f02feedf2b03, nbytes: 50000000, type: <class 'rmm._lib.device_buffer.DeviceBuffer'>>: Endpoint timeout

During handling of the above exception, another exception occurred:

Traceback (most recent call last):
  File "/opt/conda/envs/gdf/lib/python3.9/site-packages/distributed/worker.py", line 2066, in gather_dep
    response = await get_data_from_worker(
  File "/opt/conda/envs/gdf/lib/python3.9/site-packages/distributed/worker.py", line 2892, in get_data_from_worker
    response = await send_recv(
  File "/opt/conda/envs/gdf/lib/python3.9/site-packages/distributed/core.py", line 1024, in send_recv
    response = await comm.read(deserializers=deserializers)
  File "/opt/conda/envs/gdf/lib/python3.9/site-packages/distributed/utils.py", line 752, in wrapper
    return await func(*args, **kwargs)
  File "/opt/conda/envs/gdf/lib/python3.9/site-packages/distributed/comm/ucx.py", line 397, in read
    raise CommClosedError(
distributed.comm.core.CommClosedError: Connection closed by writer.
Inner exception: UCXError("<[Recv #007] ep: 0x7fa2fc2b2340, tag: 0x6198f02feedf2b03, nbytes: 50000000, type: <class 'rmm._lib.device_buffer.DeviceBuffer'>>: Endpoint timeout")
2023-05-10 06:31:38,575 - distributed.nanny - WARNING - Restarting worker
2023-05-10 06:31:39,610 - distributed.preloading - INFO - Creating preload: dask_cuda.initialize
2023-05-10 06:31:39,610 - distributed.preloading - INFO - Import preload module: dask_cuda.initialize
2023-05-10 06:31:39,908 - distributed.preloading - INFO - Creating preload: dask_cuda.initialize
2023-05-10 06:31:39,908 - distributed.preloading - INFO - Import preload module: dask_cuda.initialize
2023-05-10 06:31:39,908 - distributed.preloading - INFO - Creating preload: dask_cuda.initialize
2023-05-10 06:31:39,908 - distributed.preloading - INFO - Import preload module: dask_cuda.initialize
2023-05-10 06:31:40,040 - distributed.preloading - INFO - Creating preload: dask_cuda.initialize
2023-05-10 06:31:40,040 - distributed.preloading - INFO - Import preload module: dask_cuda.initialize
2023-05-10 06:32:05,695 - distributed.worker - ERROR - Worker stream died during communication: ucx://127.0.0.1:54573
Traceback (most recent call last):
  File "/opt/conda/envs/gdf/lib/python3.9/site-packages/distributed/comm/ucx.py", line 466, in connect
    ep = await ucp.create_endpoint(ip, port)
  File "/opt/conda/envs/gdf/lib/python3.9/site-packages/ucp/core.py", line 1004, in create_endpoint
    return await _get_ctx().create_endpoint(
  File "/opt/conda/envs/gdf/lib/python3.9/site-packages/ucp/core.py", line 316, in create_endpoint
    peer_info = await exchange_peer_info(
  File "/opt/conda/envs/gdf/lib/python3.9/site-packages/ucp/core.py", line 54, in exchange_peer_info
    await comm.stream_recv(endpoint, peer_info_arr, peer_info_arr.nbytes)
asyncio.exceptions.CancelledError

During handling of the above exception, another exception occurred:

Traceback (most recent call last):
  File "/opt/conda/envs/gdf/lib/python3.9/asyncio/tasks.py", line 490, in wait_for
    return fut.result()
asyncio.exceptions.CancelledError

The above exception was the direct cause of the following exception:

Traceback (most recent call last):
  File "/opt/conda/envs/gdf/lib/python3.9/site-packages/distributed/comm/core.py", line 292, in connect
    comm = await wait_for(
  File "/opt/conda/envs/gdf/lib/python3.9/site-packages/distributed/utils.py", line 1849, in wait_for
    return await asyncio.wait_for(fut, timeout)
  File "/opt/conda/envs/gdf/lib/python3.9/asyncio/tasks.py", line 492, in wait_for
    raise exceptions.TimeoutError() from exc
asyncio.exceptions.TimeoutError

The above exception was the direct cause of the following exception:

Traceback (most recent call last):
  File "/opt/conda/envs/gdf/lib/python3.9/site-packages/distributed/worker.py", line 2066, in gather_dep
    response = await get_data_from_worker(
  File "/opt/conda/envs/gdf/lib/python3.9/site-packages/distributed/worker.py", line 2889, in get_data_from_worker
    comm = await rpc.connect(worker)
  File "/opt/conda/envs/gdf/lib/python3.9/site-packages/distributed/core.py", line 1506, in connect
    return await connect_attempt
  File "/opt/conda/envs/gdf/lib/python3.9/site-packages/distributed/core.py", line 1427, in _connect
    comm = await connect(
  File "/opt/conda/envs/gdf/lib/python3.9/site-packages/distributed/comm/core.py", line 318, in connect
    raise OSError(
OSError: Timed out trying to connect to ucx://127.0.0.1:54573 after 30 s
/opt/conda/envs/gdf/lib/python3.9/multiprocessing/resource_tracker.py:216: UserWarning: resource_tracker: There appear to be 48 leaked semaphore objects to clean up at shutdown
  warnings.warn('resource_tracker: There appear to be %d '
