2023-06-06 06:16:43,473 - distributed.preloading - INFO - Creating preload: dask_cuda.initialize
2023-06-06 06:16:43,473 - distributed.preloading - INFO - Import preload module: dask_cuda.initialize
2023-06-06 06:16:43,514 - distributed.preloading - INFO - Creating preload: dask_cuda.initialize
2023-06-06 06:16:43,515 - distributed.preloading - INFO - Import preload module: dask_cuda.initialize
2023-06-06 06:16:43,520 - distributed.preloading - INFO - Creating preload: dask_cuda.initialize
2023-06-06 06:16:43,520 - distributed.preloading - INFO - Import preload module: dask_cuda.initialize
2023-06-06 06:16:43,522 - distributed.preloading - INFO - Creating preload: dask_cuda.initialize
2023-06-06 06:16:43,522 - distributed.preloading - INFO - Import preload module: dask_cuda.initialize
2023-06-06 06:16:43,525 - distributed.preloading - INFO - Creating preload: dask_cuda.initialize
2023-06-06 06:16:43,525 - distributed.preloading - INFO - Import preload module: dask_cuda.initialize
2023-06-06 06:16:43,548 - distributed.preloading - INFO - Creating preload: dask_cuda.initialize
2023-06-06 06:16:43,548 - distributed.preloading - INFO - Import preload module: dask_cuda.initialize
2023-06-06 06:16:43,555 - distributed.preloading - INFO - Creating preload: dask_cuda.initialize
2023-06-06 06:16:43,555 - distributed.preloading - INFO - Import preload module: dask_cuda.initialize
2023-06-06 06:16:43,562 - distributed.preloading - INFO - Creating preload: dask_cuda.initialize
2023-06-06 06:16:43,563 - distributed.preloading - INFO - Import preload module: dask_cuda.initialize
[dgx13:76576:0:76576] Caught signal 11 (Segmentation fault: address not mapped to object at address 0x448)
==== backtrace (tid:  76576) ====
 0  /opt/conda/envs/gdf/lib/libucs.so.0(ucs_handle_error+0x2fd) [0x7f3e60ec7f5d]
 1  /opt/conda/envs/gdf/lib/libucs.so.0(+0x2b154) [0x7f3e60ec8154]
 2  /opt/conda/envs/gdf/lib/libucs.so.0(+0x2b31a) [0x7f3e60ec831a]
 3  /usr/lib/x86_64-linux-gnu/libpthread.so.0(+0x14420) [0x7f3ef36e6420]
 4  /opt/conda/envs/gdf/lib/libucp.so.0(ucp_mem_type_unpack+0x14) [0x7f3e60f46bd4]
 5  /opt/conda/envs/gdf/lib/libucp.so.0(ucp_rndv_data_handler+0x4e9) [0x7f3e60f6def9]
 6  /opt/conda/envs/gdf/lib/libuct.so.0(+0x2033f) [0x7f3e60e8133f]
 7  /opt/conda/envs/gdf/lib/libuct.so.0(+0x237a8) [0x7f3e60e847a8]
 8  /opt/conda/envs/gdf/lib/libucs.so.0(ucs_event_set_wait+0xb9) [0x7f3e60ed1529]
 9  /opt/conda/envs/gdf/lib/libuct.so.0(uct_tcp_iface_progress+0x7d) [0x7f3e60e8353d]
10  /opt/conda/envs/gdf/lib/libucp.so.0(ucp_worker_progress+0x5a) [0x7f3e60f43daa]
11  /opt/conda/envs/gdf/lib/python3.9/site-packages/ucp/_libs/ucx_api.cpython-39-x86_64-linux-gnu.so(+0x2b17a) [0x7f3e60ff517a]
12  /opt/conda/envs/gdf/bin/python(+0x13eb08) [0x55addd707b08]
13  /opt/conda/envs/gdf/bin/python(_PyEval_EvalFrameDefault+0x5f82) [0x55addd6f8112]
14  /opt/conda/envs/gdf/bin/python(+0x12827a) [0x55addd6f127a]
15  /opt/conda/envs/gdf/bin/python(_PyFunction_Vectorcall+0xd5) [0x55addd702c05]
16  /opt/conda/envs/gdf/bin/python(_PyEval_EvalFrameDefault+0x68b) [0x55addd6f281b]
17  /opt/conda/envs/gdf/bin/python(+0x14e70e) [0x55addd71770e]
18  /opt/conda/envs/gdf/lib/python3.9/lib-dynload/_asyncio.cpython-39-x86_64-linux-gnu.so(+0x82fe) [0x7f3e732782fe]
19  /opt/conda/envs/gdf/bin/python(_PyObject_MakeTpCall+0x2fc) [0x55addd6fb2bc]
20  /opt/conda/envs/gdf/bin/python(+0xe5817) [0x55addd6ae817]
21  /opt/conda/envs/gdf/bin/python(+0x130f83) [0x55addd6f9f83]
22  /opt/conda/envs/gdf/bin/python(_PyEval_EvalFrameDefault+0x5ba6) [0x55addd6f7d36]
23  /opt/conda/envs/gdf/bin/python(+0x139ef3) [0x55addd702ef3]
24  /opt/conda/envs/gdf/bin/python(_PyEval_EvalFrameDefault+0x68b) [0x55addd6f281b]
25  /opt/conda/envs/gdf/bin/python(+0x139ef3) [0x55addd702ef3]
26  /opt/conda/envs/gdf/bin/python(_PyEval_EvalFrameDefault+0x68b) [0x55addd6f281b]
27  /opt/conda/envs/gdf/bin/python(+0x139ef3) [0x55addd702ef3]
28  /opt/conda/envs/gdf/bin/python(_PyEval_EvalFrameDefault+0x68b) [0x55addd6f281b]
29  /opt/conda/envs/gdf/bin/python(+0x139ef3) [0x55addd702ef3]
30  /opt/conda/envs/gdf/bin/python(_PyEval_EvalFrameDefault+0x68b) [0x55addd6f281b]
31  /opt/conda/envs/gdf/bin/python(+0x12827a) [0x55addd6f127a]
32  /opt/conda/envs/gdf/bin/python(_PyFunction_Vectorcall+0xd5) [0x55addd702c05]
33  /opt/conda/envs/gdf/bin/python(_PyEval_EvalFrameDefault+0x4e17) [0x55addd6f6fa7]
34  /opt/conda/envs/gdf/bin/python(+0x12827a) [0x55addd6f127a]
35  /opt/conda/envs/gdf/bin/python(+0x147935) [0x55addd710935]
36  /opt/conda/envs/gdf/bin/python(PyObject_Call+0xb4) [0x55addd711104]
37  /opt/conda/envs/gdf/bin/python(+0x20efc8) [0x55addd7d7fc8]
38  /opt/conda/envs/gdf/bin/python(_PyObject_MakeTpCall+0x2fc) [0x55addd6fb2bc]
39  /opt/conda/envs/gdf/bin/python(_PyEval_EvalFrameDefault+0x402b) [0x55addd6f61bb]
40  /opt/conda/envs/gdf/bin/python(+0x139ef3) [0x55addd702ef3]
41  /opt/conda/envs/gdf/bin/python(+0x147c72) [0x55addd710c72]
42  /opt/conda/envs/gdf/bin/python(_PyEval_EvalFrameDefault+0x402b) [0x55addd6f61bb]
43  /opt/conda/envs/gdf/bin/python(+0x139ef3) [0x55addd702ef3]
44  /opt/conda/envs/gdf/bin/python(_PyEval_EvalFrameDefault+0x68b) [0x55addd6f281b]
45  /opt/conda/envs/gdf/bin/python(+0x12827a) [0x55addd6f127a]
46  /opt/conda/envs/gdf/bin/python(_PyFunction_Vectorcall+0xd5) [0x55addd702c05]
47  /opt/conda/envs/gdf/bin/python(_PyEval_EvalFrameDefault+0x68b) [0x55addd6f281b]
48  /opt/conda/envs/gdf/bin/python(+0x139ef3) [0x55addd702ef3]
49  /opt/conda/envs/gdf/bin/python(_PyEval_EvalFrameDefault+0x3d8) [0x55addd6f2568]
50  /opt/conda/envs/gdf/bin/python(+0x12827a) [0x55addd6f127a]
51  /opt/conda/envs/gdf/bin/python(_PyFunction_Vectorcall+0xd5) [0x55addd702c05]
52  /opt/conda/envs/gdf/bin/python(_PyEval_EvalFrameDefault+0x123b) [0x55addd6f33cb]
53  /opt/conda/envs/gdf/bin/python(+0x12827a) [0x55addd6f127a]
54  /opt/conda/envs/gdf/bin/python(_PyEval_EvalCodeWithName+0x47) [0x55addd6f0f07]
55  /opt/conda/envs/gdf/bin/python(PyEval_EvalCodeEx+0x39) [0x55addd6f0eb9]
56  /opt/conda/envs/gdf/bin/python(PyEval_EvalCode+0x1b) [0x55addd7a18bb]
57  /opt/conda/envs/gdf/bin/python(+0x206adc) [0x55addd7cfadc]
58  /opt/conda/envs/gdf/bin/python(+0x202c24) [0x55addd7cbc24]
59  /opt/conda/envs/gdf/bin/python(PyRun_StringFlags+0x9d) [0x55addd7c37ed]
60  /opt/conda/envs/gdf/bin/python(PyRun_SimpleStringFlags+0x3d) [0x55addd7c36bd]
61  /opt/conda/envs/gdf/bin/python(Py_RunMain+0x262) [0x55addd7c28a2]
=================================
[dgx13:76572:0:76572] Caught signal 11 (Segmentation fault: address not mapped to object at address 0x448)
==== backtrace (tid:  76572) ====
 0  /opt/conda/envs/gdf/lib/libucs.so.0(ucs_handle_error+0x2fd) [0x7f3065c35f5d]
 1  /opt/conda/envs/gdf/lib/libucs.so.0(+0x2b154) [0x7f3065c36154]
 2  /opt/conda/envs/gdf/lib/libucs.so.0(+0x2b31a) [0x7f3065c3631a]
 3  /usr/lib/x86_64-linux-gnu/libpthread.so.0(+0x14420) [0x7f312046b420]
 4  /opt/conda/envs/gdf/lib/libucp.so.0(ucp_mem_type_unpack+0x14) [0x7f3065cb4bd4]
 5  /opt/conda/envs/gdf/lib/libucp.so.0(ucp_rndv_data_handler+0x4e9) [0x7f3065cdbef9]
 6  /opt/conda/envs/gdf/lib/libuct.so.0(+0x2033f) [0x7f3065bef33f]
 7  /opt/conda/envs/gdf/lib/libuct.so.0(+0x237a8) [0x7f3065bf27a8]
 8  /opt/conda/envs/gdf/lib/libucs.so.0(ucs_event_set_wait+0xb9) [0x7f3065c3f529]
 9  /opt/conda/envs/gdf/lib/libuct.so.0(uct_tcp_iface_progress+0x7d) [0x7f3065bf153d]
10  /opt/conda/envs/gdf/lib/libucp.so.0(ucp_worker_progress+0x5a) [0x7f3065cb1daa]
11  /opt/conda/envs/gdf/lib/python3.9/site-packages/ucp/_libs/ucx_api.cpython-39-x86_64-linux-gnu.so(+0x2b17a) [0x7f3065d6317a]
12  /opt/conda/envs/gdf/bin/python(+0x13eb08) [0x55c1dcd9eb08]
13  /opt/conda/envs/gdf/bin/python(_PyEval_EvalFrameDefault+0x5f82) [0x55c1dcd8f112]
14  /opt/conda/envs/gdf/bin/python(+0x12827a) [0x55c1dcd8827a]
15  /opt/conda/envs/gdf/bin/python(_PyFunction_Vectorcall+0xd5) [0x55c1dcd99c05]
16  /opt/conda/envs/gdf/bin/python(_PyEval_EvalFrameDefault+0x68b) [0x55c1dcd8981b]
17  /opt/conda/envs/gdf/bin/python(+0x139ef3) [0x55c1dcd99ef3]
18  /opt/conda/envs/gdf/bin/python(+0x147a16) [0x55c1dcda7a16]
19  /opt/conda/envs/gdf/bin/python(+0x2579b1) [0x55c1dceb79b1]
20  /opt/conda/envs/gdf/bin/python(+0xe5817) [0x55c1dcd45817]
21  /opt/conda/envs/gdf/bin/python(+0x130f83) [0x55c1dcd90f83]
22  /opt/conda/envs/gdf/bin/python(_PyEval_EvalFrameDefault+0x5ba6) [0x55c1dcd8ed36]
23  /opt/conda/envs/gdf/bin/python(+0x139ef3) [0x55c1dcd99ef3]
24  /opt/conda/envs/gdf/bin/python(_PyEval_EvalFrameDefault+0x68b) [0x55c1dcd8981b]
25  /opt/conda/envs/gdf/bin/python(+0x139ef3) [0x55c1dcd99ef3]
26  /opt/conda/envs/gdf/bin/python(_PyEval_EvalFrameDefault+0x68b) [0x55c1dcd8981b]
27  /opt/conda/envs/gdf/bin/python(+0x139ef3) [0x55c1dcd99ef3]
28  /opt/conda/envs/gdf/bin/python(_PyEval_EvalFrameDefault+0x68b) [0x55c1dcd8981b]
29  /opt/conda/envs/gdf/bin/python(+0x139ef3) [0x55c1dcd99ef3]
30  /opt/conda/envs/gdf/bin/python(_PyEval_EvalFrameDefault+0x68b) [0x55c1dcd8981b]
31  /opt/conda/envs/gdf/bin/python(+0x12827a) [0x55c1dcd8827a]
32  /opt/conda/envs/gdf/bin/python(_PyFunction_Vectorcall+0xd5) [0x55c1dcd99c05]
33  /opt/conda/envs/gdf/bin/python(_PyEval_EvalFrameDefault+0x4e17) [0x55c1dcd8dfa7]
34  /opt/conda/envs/gdf/bin/python(+0x12827a) [0x55c1dcd8827a]
35  /opt/conda/envs/gdf/bin/python(+0x147935) [0x55c1dcda7935]
36  /opt/conda/envs/gdf/bin/python(PyObject_Call+0xb4) [0x55c1dcda8104]
37  /opt/conda/envs/gdf/bin/python(+0x20efc8) [0x55c1dce6efc8]
38  /opt/conda/envs/gdf/bin/python(_PyObject_MakeTpCall+0x2fc) [0x55c1dcd922bc]
39  /opt/conda/envs/gdf/bin/python(_PyEval_EvalFrameDefault+0x402b) [0x55c1dcd8d1bb]
40  /opt/conda/envs/gdf/bin/python(+0x139ef3) [0x55c1dcd99ef3]
41  /opt/conda/envs/gdf/bin/python(+0x147c72) [0x55c1dcda7c72]
42  /opt/conda/envs/gdf/bin/python(_PyEval_EvalFrameDefault+0x402b) [0x55c1dcd8d1bb]
43  /opt/conda/envs/gdf/bin/python(+0x139ef3) [0x55c1dcd99ef3]
44  /opt/conda/envs/gdf/bin/python(_PyEval_EvalFrameDefault+0x68b) [0x55c1dcd8981b]
45  /opt/conda/envs/gdf/bin/python(+0x12827a) [0x55c1dcd8827a]
46  /opt/conda/envs/gdf/bin/python(_PyFunction_Vectorcall+0xd5) [0x55c1dcd99c05]
47  /opt/conda/envs/gdf/bin/python(_PyEval_EvalFrameDefault+0x68b) [0x55c1dcd8981b]
48  /opt/conda/envs/gdf/bin/python(+0x139ef3) [0x55c1dcd99ef3]
49  /opt/conda/envs/gdf/bin/python(_PyEval_EvalFrameDefault+0x3d8) [0x55c1dcd89568]
50  /opt/conda/envs/gdf/bin/python(+0x12827a) [0x55c1dcd8827a]
51  /opt/conda/envs/gdf/bin/python(_PyFunction_Vectorcall+0xd5) [0x55c1dcd99c05]
52  /opt/conda/envs/gdf/bin/python(_PyEval_EvalFrameDefault+0x123b) [0x55c1dcd8a3cb]
53  /opt/conda/envs/gdf/bin/python(+0x12827a) [0x55c1dcd8827a]
54  /opt/conda/envs/gdf/bin/python(_PyEval_EvalCodeWithName+0x47) [0x55c1dcd87f07]
55  /opt/conda/envs/gdf/bin/python(PyEval_EvalCodeEx+0x39) [0x55c1dcd87eb9]
56  /opt/conda/envs/gdf/bin/python(PyEval_EvalCode+0x1b) [0x55c1dce388bb]
57  /opt/conda/envs/gdf/bin/python(+0x206adc) [0x55c1dce66adc]
58  /opt/conda/envs/gdf/bin/python(+0x202c24) [0x55c1dce62c24]
59  /opt/conda/envs/gdf/bin/python(PyRun_StringFlags+0x9d) [0x55c1dce5a7ed]
60  /opt/conda/envs/gdf/bin/python(PyRun_SimpleStringFlags+0x3d) [0x55c1dce5a6bd]
61  /opt/conda/envs/gdf/bin/python(Py_RunMain+0x262) [0x55c1dce598a2]
=================================
[dgx13:76568:0:76568] Caught signal 11 (Segmentation fault: address not mapped to object at address 0x448)
==== backtrace (tid:  76568) ====
 0  /opt/conda/envs/gdf/lib/libucs.so.0(ucs_handle_error+0x2fd) [0x7efe333f1f5d]
 1  /opt/conda/envs/gdf/lib/libucs.so.0(+0x2b154) [0x7efe333f2154]
 2  /opt/conda/envs/gdf/lib/libucs.so.0(+0x2b31a) [0x7efe333f231a]
 3  /usr/lib/x86_64-linux-gnu/libpthread.so.0(+0x14420) [0x7efed3c12420]
 4  /opt/conda/envs/gdf/lib/libucp.so.0(ucp_mem_type_unpack+0x14) [0x7efe33470bd4]
 5  /opt/conda/envs/gdf/lib/libucp.so.0(ucp_rndv_data_handler+0x4e9) [0x7efe33497ef9]
 6  /opt/conda/envs/gdf/lib/libuct.so.0(+0x2033f) [0x7efe333ab33f]
 7  /opt/conda/envs/gdf/lib/libuct.so.0(+0x237a8) [0x7efe333ae7a8]
 8  /opt/conda/envs/gdf/lib/libucs.so.0(ucs_event_set_wait+0xb9) [0x7efe333fb529]
 9  /opt/conda/envs/gdf/lib/libuct.so.0(uct_tcp_iface_progress+0x7d) [0x7efe333ad53d]
10  /opt/conda/envs/gdf/lib/libucp.so.0(ucp_worker_progress+0x5a) [0x7efe3346ddaa]
11  /opt/conda/envs/gdf/lib/python3.9/site-packages/ucp/_libs/ucx_api.cpython-39-x86_64-linux-gnu.so(+0x2b17a) [0x7efe3351f17a]
12  /opt/conda/envs/gdf/bin/python(+0x13eb08) [0x55a358713b08]
13  /opt/conda/envs/gdf/bin/python(_PyEval_EvalFrameDefault+0x5f82) [0x55a358704112]
14  /opt/conda/envs/gdf/bin/python(+0x12827a) [0x55a3586fd27a]
15  /opt/conda/envs/gdf/bin/python(_PyFunction_Vectorcall+0xd5) [0x55a35870ec05]
16  /opt/conda/envs/gdf/bin/python(_PyEval_EvalFrameDefault+0x68b) [0x55a3586fe81b]
17  /opt/conda/envs/gdf/bin/python(+0x14e70e) [0x55a35872370e]
18  /opt/conda/envs/gdf/lib/python3.9/lib-dynload/_asyncio.cpython-39-x86_64-linux-gnu.so(+0x82fe) [0x7efe537a22fe]
19  /opt/conda/envs/gdf/bin/python(_PyObject_MakeTpCall+0x2fc) [0x55a3587072bc]
20  /opt/conda/envs/gdf/bin/python(+0xe5817) [0x55a3586ba817]
21  /opt/conda/envs/gdf/bin/python(+0x130f83) [0x55a358705f83]
22  /opt/conda/envs/gdf/bin/python(_PyEval_EvalFrameDefault+0x5ba6) [0x55a358703d36]
23  /opt/conda/envs/gdf/bin/python(+0x139ef3) [0x55a35870eef3]
24  /opt/conda/envs/gdf/bin/python(_PyEval_EvalFrameDefault+0x68b) [0x55a3586fe81b]
25  /opt/conda/envs/gdf/bin/python(+0x139ef3) [0x55a35870eef3]
26  /opt/conda/envs/gdf/bin/python(_PyEval_EvalFrameDefault+0x68b) [0x55a3586fe81b]
27  /opt/conda/envs/gdf/bin/python(+0x139ef3) [0x55a35870eef3]
28  /opt/conda/envs/gdf/bin/python(_PyEval_EvalFrameDefault+0x68b) [0x55a3586fe81b]
29  /opt/conda/envs/gdf/bin/python(+0x139ef3) [0x55a35870eef3]
30  /opt/conda/envs/gdf/bin/python(_PyEval_EvalFrameDefault+0x68b) [0x55a3586fe81b]
31  /opt/conda/envs/gdf/bin/python(+0x12827a) [0x55a3586fd27a]
32  /opt/conda/envs/gdf/bin/python(_PyFunction_Vectorcall+0xd5) [0x55a35870ec05]
33  /opt/conda/envs/gdf/bin/python(_PyEval_EvalFrameDefault+0x4e17) [0x55a358702fa7]
34  /opt/conda/envs/gdf/bin/python(+0x12827a) [0x55a3586fd27a]
35  /opt/conda/envs/gdf/bin/python(+0x147935) [0x55a35871c935]
36  /opt/conda/envs/gdf/bin/python(PyObject_Call+0xb4) [0x55a35871d104]
37  /opt/conda/envs/gdf/bin/python(+0x20efc8) [0x55a3587e3fc8]
38  /opt/conda/envs/gdf/bin/python(_PyObject_MakeTpCall+0x2fc) [0x55a3587072bc]
39  /opt/conda/envs/gdf/bin/python(_PyEval_EvalFrameDefault+0x402b) [0x55a3587021bb]
40  /opt/conda/envs/gdf/bin/python(+0x139ef3) [0x55a35870eef3]
41  /opt/conda/envs/gdf/bin/python(+0x147c72) [0x55a35871cc72]
42  /opt/conda/envs/gdf/bin/python(_PyEval_EvalFrameDefault+0x402b) [0x55a3587021bb]
43  /opt/conda/envs/gdf/bin/python(+0x139ef3) [0x55a35870eef3]
44  /opt/conda/envs/gdf/bin/python(_PyEval_EvalFrameDefault+0x68b) [0x55a3586fe81b]
45  /opt/conda/envs/gdf/bin/python(+0x12827a) [0x55a3586fd27a]
46  /opt/conda/envs/gdf/bin/python(_PyFunction_Vectorcall+0xd5) [0x55a35870ec05]
47  /opt/conda/envs/gdf/bin/python(_PyEval_EvalFrameDefault+0x68b) [0x55a3586fe81b]
48  /opt/conda/envs/gdf/bin/python(+0x139ef3) [0x55a35870eef3]
49  /opt/conda/envs/gdf/bin/python(_PyEval_EvalFrameDefault+0x3d8) [0x55a3586fe568]
50  /opt/conda/envs/gdf/bin/python(+0x12827a) [0x55a3586fd27a]
51  /opt/conda/envs/gdf/bin/python(_PyFunction_Vectorcall+0xd5) [0x55a35870ec05]
52  /opt/conda/envs/gdf/bin/python(_PyEval_EvalFrameDefault+0x123b) [0x55a3586ff3cb]
53  /opt/conda/envs/gdf/bin/python(+0x12827a) [0x55a3586fd27a]
54  /opt/conda/envs/gdf/bin/python(_PyEval_EvalCodeWithName+0x47) [0x55a3586fcf07]
55  /opt/conda/envs/gdf/bin/python(PyEval_EvalCodeEx+0x39) [0x55a3586fceb9]
[dgx13:76588:0:76588] Caught signal 11 (Segmentation fault: address not mapped to object at address 0x448)
56  /opt/conda/envs/gdf/bin/python(PyEval_EvalCode+0x1b) [0x55a3587ad8bb]
57  /opt/conda/envs/gdf/bin/python(+0x206adc) [0x55a3587dbadc]
58  /opt/conda/envs/gdf/bin/python(+0x202c24) [0x55a3587d7c24]
59  /opt/conda/envs/gdf/bin/python(PyRun_StringFlags+0x9d) [0x55a3587cf7ed]
60  /opt/conda/envs/gdf/bin/python(PyRun_SimpleStringFlags+0x3d) [0x55a3587cf6bd]
61  /opt/conda/envs/gdf/bin/python(Py_RunMain+0x262) [0x55a3587ce8a2]
=================================
==== backtrace (tid:  76588) ====
 0  /opt/conda/envs/gdf/lib/libucs.so.0(ucs_handle_error+0x2fd) [0x7f0e81634f5d]
 1  /opt/conda/envs/gdf/lib/libucs.so.0(+0x2b154) [0x7f0e81635154]
 2  /opt/conda/envs/gdf/lib/libucs.so.0(+0x2b31a) [0x7f0e8163531a]
 3  /usr/lib/x86_64-linux-gnu/libpthread.so.0(+0x14420) [0x7f0f25d34420]
 4  /opt/conda/envs/gdf/lib/libucp.so.0(ucp_mem_type_unpack+0x14) [0x7f0e816b3bd4]
 5  /opt/conda/envs/gdf/lib/libucp.so.0(ucp_rndv_data_handler+0x4e9) [0x7f0e816daef9]
 6  /opt/conda/envs/gdf/lib/libuct.so.0(+0x2033f) [0x7f0e815ee33f]
 7  /opt/conda/envs/gdf/lib/libuct.so.0(+0x237a8) [0x7f0e815f17a8]
 8  /opt/conda/envs/gdf/lib/libucs.so.0(ucs_event_set_wait+0xb9) [0x7f0e8163e529]
 9  /opt/conda/envs/gdf/lib/libuct.so.0(uct_tcp_iface_progress+0x7d) [0x7f0e815f053d]
10  /opt/conda/envs/gdf/lib/libucp.so.0(ucp_worker_progress+0x5a) [0x7f0e816b0daa]
11  /opt/conda/envs/gdf/lib/python3.9/site-packages/ucp/_libs/ucx_api.cpython-39-x86_64-linux-gnu.so(+0x2b17a) [0x7f0e8176217a]
12  /opt/conda/envs/gdf/bin/python(+0x13eb08) [0x5628bf853b08]
13  /opt/conda/envs/gdf/bin/python(_PyEval_EvalFrameDefault+0x5f82) [0x5628bf844112]
14  /opt/conda/envs/gdf/bin/python(+0x12827a) [0x5628bf83d27a]
15  /opt/conda/envs/gdf/bin/python(_PyFunction_Vectorcall+0xd5) [0x5628bf84ec05]
16  /opt/conda/envs/gdf/bin/python(_PyEval_EvalFrameDefault+0x68b) [0x5628bf83e81b]
17  /opt/conda/envs/gdf/bin/python(+0x14e70e) [0x5628bf86370e]
18  /opt/conda/envs/gdf/lib/python3.9/lib-dynload/_asyncio.cpython-39-x86_64-linux-gnu.so(+0x82fe) [0x7f0ea58c72fe]
19  /opt/conda/envs/gdf/bin/python(_PyObject_MakeTpCall+0x2fc) [0x5628bf8472bc]
20  /opt/conda/envs/gdf/bin/python(+0xe5817) [0x5628bf7fa817]
21  /opt/conda/envs/gdf/bin/python(+0x130f83) [0x5628bf845f83]
22  /opt/conda/envs/gdf/bin/python(_PyEval_EvalFrameDefault+0x5ba6) [0x5628bf843d36]
23  /opt/conda/envs/gdf/bin/python(+0x139ef3) [0x5628bf84eef3]
24  /opt/conda/envs/gdf/bin/python(_PyEval_EvalFrameDefault+0x68b) [0x5628bf83e81b]
25  /opt/conda/envs/gdf/bin/python(+0x139ef3) [0x5628bf84eef3]
26  /opt/conda/envs/gdf/bin/python(_PyEval_EvalFrameDefault+0x68b) [0x5628bf83e81b]
27  /opt/conda/envs/gdf/bin/python(+0x139ef3) [0x5628bf84eef3]
28  /opt/conda/envs/gdf/bin/python(_PyEval_EvalFrameDefault+0x68b) [0x5628bf83e81b]
29  /opt/conda/envs/gdf/bin/python(+0x139ef3) [0x5628bf84eef3]
30  /opt/conda/envs/gdf/bin/python(_PyEval_EvalFrameDefault+0x68b) [0x5628bf83e81b]
31  /opt/conda/envs/gdf/bin/python(+0x12827a) [0x5628bf83d27a]
32  /opt/conda/envs/gdf/bin/python(_PyFunction_Vectorcall+0xd5) [0x5628bf84ec05]
33  /opt/conda/envs/gdf/bin/python(_PyEval_EvalFrameDefault+0x4e17) [0x5628bf842fa7]
34  /opt/conda/envs/gdf/bin/python(+0x12827a) [0x5628bf83d27a]
35  /opt/conda/envs/gdf/bin/python(+0x147935) [0x5628bf85c935]
36  /opt/conda/envs/gdf/bin/python(PyObject_Call+0xb4) [0x5628bf85d104]
37  /opt/conda/envs/gdf/bin/python(+0x20efc8) [0x5628bf923fc8]
38  /opt/conda/envs/gdf/bin/python(_PyObject_MakeTpCall+0x2fc) [0x5628bf8472bc]
39  /opt/conda/envs/gdf/bin/python(_PyEval_EvalFrameDefault+0x402b) [0x5628bf8421bb]
40  /opt/conda/envs/gdf/bin/python(+0x139ef3) [0x5628bf84eef3]
41  /opt/conda/envs/gdf/bin/python(+0x147c72) [0x5628bf85cc72]
42  /opt/conda/envs/gdf/bin/python(_PyEval_EvalFrameDefault+0x402b) [0x5628bf8421bb]
43  /opt/conda/envs/gdf/bin/python(+0x139ef3) [0x5628bf84eef3]
44  /opt/conda/envs/gdf/bin/python(_PyEval_EvalFrameDefault+0x68b) [0x5628bf83e81b]
45  /opt/conda/envs/gdf/bin/python(+0x12827a) [0x5628bf83d27a]
46  /opt/conda/envs/gdf/bin/python(_PyFunction_Vectorcall+0xd5) [0x5628bf84ec05]
47  /opt/conda/envs/gdf/bin/python(_PyEval_EvalFrameDefault+0x68b) [0x5628bf83e81b]
48  /opt/conda/envs/gdf/bin/python(+0x139ef3) [0x5628bf84eef3]
49  /opt/conda/envs/gdf/bin/python(_PyEval_EvalFrameDefault+0x3d8) [0x5628bf83e568]
50  /opt/conda/envs/gdf/bin/python(+0x12827a) [0x5628bf83d27a]
51  /opt/conda/envs/gdf/bin/python(_PyFunction_Vectorcall+0xd5) [0x5628bf84ec05]
52  /opt/conda/envs/gdf/bin/python(_PyEval_EvalFrameDefault+0x123b) [0x5628bf83f3cb]
53  /opt/conda/envs/gdf/bin/python(+0x12827a) [0x5628bf83d27a]
54  /opt/conda/envs/gdf/bin/python(_PyEval_EvalCodeWithName+0x47) [0x5628bf83cf07]
55  /opt/conda/envs/gdf/bin/python(PyEval_EvalCodeEx+0x39) [0x5628bf83ceb9]
56  /opt/conda/envs/gdf/bin/python(PyEval_EvalCode+0x1b) [0x5628bf8ed8bb]
57  /opt/conda/envs/gdf/bin/python(+0x206adc) [0x5628bf91badc]
58  /opt/conda/envs/gdf/bin/python(+0x202c24) [0x5628bf917c24]
59  /opt/conda/envs/gdf/bin/python(PyRun_StringFlags+0x9d) [0x5628bf90f7ed]
60  /opt/conda/envs/gdf/bin/python(PyRun_SimpleStringFlags+0x3d) [0x5628bf90f6bd]
61  /opt/conda/envs/gdf/bin/python(Py_RunMain+0x262) [0x5628bf90e8a2]
=================================
2023-06-06 06:16:47,255 - distributed.worker - ERROR - failed during get data with ucx://127.0.0.1:48219 -> ucx://127.0.0.1:42501
Traceback (most recent call last):
  File "/opt/conda/envs/gdf/lib/python3.9/site-packages/distributed/comm/ucx.py", line 333, in write
    await self.ep.send(each_frame)
  File "/opt/conda/envs/gdf/lib/python3.9/site-packages/ucp/core.py", line 650, in send
    return await comm.tag_send(self._ep, buffer, nbytes, tag, name=log)
ucp._libs.exceptions.UCXError: <[Send #007] ep: 0x7fd28d55c280, tag: 0xb257a3c27f67a1a6, nbytes: 50000000, type: <class 'cupy.ndarray'>>: Connection reset by remote peer

During handling of the above exception, another exception occurred:

Traceback (most recent call last):
  File "/opt/conda/envs/gdf/lib/python3.9/site-packages/distributed/worker.py", line 1792, in get_data
    compressed = await comm.write(msg, serializers=serializers)
  File "/opt/conda/envs/gdf/lib/python3.9/site-packages/distributed/utils.py", line 752, in wrapper
    return await func(*args, **kwargs)
  File "/opt/conda/envs/gdf/lib/python3.9/site-packages/distributed/comm/ucx.py", line 337, in write
    raise CommClosedError("While writing, the connection was closed")
distributed.comm.core.CommClosedError: While writing, the connection was closed
Task exception was never retrieved
future: <Task finished name='Task-279' coro=<_listener_handler_coroutine() done, defined at /opt/conda/envs/gdf/lib/python3.9/site-packages/ucp/core.py:128> exception=UCXError('<stream_recv>: Connection reset by remote peer')>
Traceback (most recent call last):
  File "/opt/conda/envs/gdf/lib/python3.9/site-packages/ucp/core.py", line 143, in _listener_handler_coroutine
    peer_info = await exchange_peer_info(
  File "/opt/conda/envs/gdf/lib/python3.9/site-packages/ucp/core.py", line 52, in exchange_peer_info
    await comm.stream_recv(endpoint, peer_info_arr, peer_info_arr.nbytes)
ucp._libs.exceptions.UCXError: <stream_recv>: Connection reset by remote peer
2023-06-06 06:16:47,256 - distributed.worker - ERROR - Worker stream died during communication: ucx://127.0.0.1:42501
Traceback (most recent call last):
  File "/opt/conda/envs/gdf/lib/python3.9/site-packages/distributed/comm/ucx.py", line 349, in read
    await self.ep.recv(msg)
  File "/opt/conda/envs/gdf/lib/python3.9/site-packages/ucp/core.py", line 725, in recv
    ret = await comm.tag_recv(self._ep, buffer, nbytes, tag, name=log)
ucp._libs.exceptions.UCXCanceled: <[Recv #000] ep: 0x7fd28d55c140, tag: 0xd7a0901a1f7342bf, nbytes: 16, type: <class 'numpy.ndarray'>>: 

During handling of the above exception, another exception occurred:

Traceback (most recent call last):
  File "/opt/conda/envs/gdf/lib/python3.9/site-packages/distributed/comm/core.py", line 329, in connect
    handshake = await wait_for(comm.read(), time_left())
  File "/opt/conda/envs/gdf/lib/python3.9/site-packages/distributed/utils.py", line 1849, in wait_for
    return await asyncio.wait_for(fut, timeout)
  File "/opt/conda/envs/gdf/lib/python3.9/asyncio/tasks.py", line 479, in wait_for
    return fut.result()
  File "/opt/conda/envs/gdf/lib/python3.9/site-packages/distributed/utils.py", line 752, in wrapper
    return await func(*args, **kwargs)
  File "/opt/conda/envs/gdf/lib/python3.9/site-packages/distributed/comm/ucx.py", line 367, in read
    raise CommClosedError(
distributed.comm.core.CommClosedError: Connection closed by writer.
Inner exception: UCXCanceled("<[Recv #000] ep: 0x7fd28d55c140, tag: 0xd7a0901a1f7342bf, nbytes: 16, type: <class 'numpy.ndarray'>>: ")

The above exception was the direct cause of the following exception:

Traceback (most recent call last):
  File "/opt/conda/envs/gdf/lib/python3.9/site-packages/distributed/worker.py", line 2066, in gather_dep
    response = await get_data_from_worker(
  File "/opt/conda/envs/gdf/lib/python3.9/site-packages/distributed/worker.py", line 2889, in get_data_from_worker
    comm = await rpc.connect(worker)
  File "/opt/conda/envs/gdf/lib/python3.9/site-packages/distributed/core.py", line 1506, in connect
    return await connect_attempt
  File "/opt/conda/envs/gdf/lib/python3.9/site-packages/distributed/core.py", line 1427, in _connect
    comm = await connect(
  File "/opt/conda/envs/gdf/lib/python3.9/site-packages/distributed/comm/core.py", line 334, in connect
    raise OSError(
OSError: Timed out during handshake while connecting to ucx://127.0.0.1:42501 after 30 s
Task exception was never retrieved
future: <Task finished name='Task-332' coro=<_listener_handler_coroutine() done, defined at /opt/conda/envs/gdf/lib/python3.9/site-packages/ucp/core.py:128> exception=UCXError('<stream_send>: Connection reset by remote peer')>
Traceback (most recent call last):
  File "/opt/conda/envs/gdf/lib/python3.9/site-packages/ucp/core.py", line 143, in _listener_handler_coroutine
    peer_info = await exchange_peer_info(
  File "/opt/conda/envs/gdf/lib/python3.9/site-packages/ucp/core.py", line 51, in exchange_peer_info
    await comm.stream_send(endpoint, my_info_arr, my_info_arr.nbytes)
ucp._libs.exceptions.UCXError: <stream_send>: Connection reset by remote peer
2023-06-06 06:16:47,263 - distributed.worker - ERROR - Worker stream died during communication: ucx://127.0.0.1:42501
Traceback (most recent call last):
  File "/opt/conda/envs/gdf/lib/python3.9/site-packages/distributed/core.py", line 1427, in _connect
    comm = await connect(
  File "/opt/conda/envs/gdf/lib/python3.9/site-packages/distributed/comm/core.py", line 292, in connect
    comm = await wait_for(
  File "/opt/conda/envs/gdf/lib/python3.9/site-packages/distributed/utils.py", line 1849, in wait_for
    return await asyncio.wait_for(fut, timeout)
  File "/opt/conda/envs/gdf/lib/python3.9/asyncio/tasks.py", line 466, in wait_for
    await waiter
asyncio.exceptions.CancelledError

During handling of the above exception, another exception occurred:

Traceback (most recent call last):
  File "/opt/conda/envs/gdf/lib/python3.9/site-packages/distributed/worker.py", line 2066, in gather_dep
    response = await get_data_from_worker(
  File "/opt/conda/envs/gdf/lib/python3.9/site-packages/distributed/worker.py", line 2889, in get_data_from_worker
    comm = await rpc.connect(worker)
  File "/opt/conda/envs/gdf/lib/python3.9/site-packages/distributed/core.py", line 1506, in connect
    return await connect_attempt
  File "/opt/conda/envs/gdf/lib/python3.9/site-packages/distributed/core.py", line 1450, in _connect
    raise CommClosedError(reason)
distributed.comm.core.CommClosedError: Address removed.
2023-06-06 06:16:47,263 - distributed.worker - ERROR - Worker stream died during communication: ucx://127.0.0.1:42501
Traceback (most recent call last):
  File "/opt/conda/envs/gdf/lib/python3.9/site-packages/distributed/comm/ucx.py", line 466, in connect
    ep = await ucp.create_endpoint(ip, port)
  File "/opt/conda/envs/gdf/lib/python3.9/site-packages/ucp/core.py", line 1004, in create_endpoint
    return await _get_ctx().create_endpoint(
  File "/opt/conda/envs/gdf/lib/python3.9/site-packages/ucp/core.py", line 316, in create_endpoint
    peer_info = await exchange_peer_info(
  File "/opt/conda/envs/gdf/lib/python3.9/site-packages/ucp/core.py", line 54, in exchange_peer_info
    await comm.stream_recv(endpoint, peer_info_arr, peer_info_arr.nbytes)
ucp._libs.exceptions.UCXNotConnected: <stream_recv>: 

During handling of the above exception, another exception occurred:

Traceback (most recent call last):
  File "/opt/conda/envs/gdf/lib/python3.9/site-packages/distributed/comm/core.py", line 292, in connect
    comm = await wait_for(
  File "/opt/conda/envs/gdf/lib/python3.9/site-packages/distributed/utils.py", line 1849, in wait_for
    return await asyncio.wait_for(fut, timeout)
  File "/opt/conda/envs/gdf/lib/python3.9/asyncio/tasks.py", line 479, in wait_for
    return fut.result()
  File "/opt/conda/envs/gdf/lib/python3.9/site-packages/distributed/comm/ucx.py", line 468, in connect
    raise CommClosedError("Connection closed before handshake completed")
distributed.comm.core.CommClosedError: Connection closed before handshake completed

During handling of the above exception, another exception occurred:

Traceback (most recent call last):
  File "/opt/conda/envs/gdf/lib/python3.9/site-packages/distributed/core.py", line 1427, in _connect
    comm = await connect(
  File "/opt/conda/envs/gdf/lib/python3.9/site-packages/distributed/comm/core.py", line 316, in connect
    await asyncio.sleep(backoff)
  File "/opt/conda/envs/gdf/lib/python3.9/asyncio/tasks.py", line 652, in sleep
    return await future
asyncio.exceptions.CancelledError

During handling of the above exception, another exception occurred:

Traceback (most recent call last):
  File "/opt/conda/envs/gdf/lib/python3.9/site-packages/distributed/worker.py", line 2066, in gather_dep
    response = await get_data_from_worker(
  File "/opt/conda/envs/gdf/lib/python3.9/site-packages/distributed/worker.py", line 2889, in get_data_from_worker
    comm = await rpc.connect(worker)
  File "/opt/conda/envs/gdf/lib/python3.9/site-packages/distributed/core.py", line 1506, in connect
    return await connect_attempt
  File "/opt/conda/envs/gdf/lib/python3.9/site-packages/distributed/core.py", line 1450, in _connect
    raise CommClosedError(reason)
distributed.comm.core.CommClosedError: Address removed.
2023-06-06 06:16:47,263 - distributed.worker - ERROR - Worker stream died during communication: ucx://127.0.0.1:42501
Traceback (most recent call last):
  File "/opt/conda/envs/gdf/lib/python3.9/site-packages/distributed/comm/ucx.py", line 466, in connect
    ep = await ucp.create_endpoint(ip, port)
  File "/opt/conda/envs/gdf/lib/python3.9/site-packages/ucp/core.py", line 1004, in create_endpoint
    return await _get_ctx().create_endpoint(
  File "/opt/conda/envs/gdf/lib/python3.9/site-packages/ucp/core.py", line 316, in create_endpoint
    peer_info = await exchange_peer_info(
  File "/opt/conda/envs/gdf/lib/python3.9/site-packages/ucp/core.py", line 54, in exchange_peer_info
    await comm.stream_recv(endpoint, peer_info_arr, peer_info_arr.nbytes)
ucp._libs.exceptions.UCXError: <stream_recv>: Connection reset by remote peer

During handling of the above exception, another exception occurred:

Traceback (most recent call last):
  File "/opt/conda/envs/gdf/lib/python3.9/site-packages/distributed/comm/core.py", line 292, in connect
    comm = await wait_for(
  File "/opt/conda/envs/gdf/lib/python3.9/site-packages/distributed/utils.py", line 1849, in wait_for
    return await asyncio.wait_for(fut, timeout)
  File "/opt/conda/envs/gdf/lib/python3.9/asyncio/tasks.py", line 479, in wait_for
    return fut.result()
  File "/opt/conda/envs/gdf/lib/python3.9/site-packages/distributed/comm/ucx.py", line 468, in connect
    raise CommClosedError("Connection closed before handshake completed")
distributed.comm.core.CommClosedError: Connection closed before handshake completed

During handling of the above exception, another exception occurred:

Traceback (most recent call last):
  File "/opt/conda/envs/gdf/lib/python3.9/site-packages/distributed/core.py", line 1427, in _connect
    comm = await connect(
  File "/opt/conda/envs/gdf/lib/python3.9/site-packages/distributed/comm/core.py", line 316, in connect
    await asyncio.sleep(backoff)
  File "/opt/conda/envs/gdf/lib/python3.9/asyncio/tasks.py", line 652, in sleep
    return await future
asyncio.exceptions.CancelledError

During handling of the above exception, another exception occurred:

Traceback (most recent call last):
  File "/opt/conda/envs/gdf/lib/python3.9/site-packages/distributed/worker.py", line 2066, in gather_dep
    response = await get_data_from_worker(
  File "/opt/conda/envs/gdf/lib/python3.9/site-packages/distributed/worker.py", line 2889, in get_data_from_worker
    comm = await rpc.connect(worker)
  File "/opt/conda/envs/gdf/lib/python3.9/site-packages/distributed/core.py", line 1506, in connect
    return await connect_attempt
  File "/opt/conda/envs/gdf/lib/python3.9/site-packages/distributed/core.py", line 1450, in _connect
    raise CommClosedError(reason)
distributed.comm.core.CommClosedError: Address removed.
2023-06-06 06:16:47,299 - distributed.worker - ERROR - Worker stream died during communication: ucx://127.0.0.1:42615
Traceback (most recent call last):
  File "/opt/conda/envs/gdf/lib/python3.9/site-packages/distributed/comm/ucx.py", line 391, in read
    await self.ep.recv(each_frame)
  File "/opt/conda/envs/gdf/lib/python3.9/site-packages/ucp/core.py", line 725, in recv
    ret = await comm.tag_recv(self._ep, buffer, nbytes, tag, name=log)
ucp._libs.exceptions.UCXError: <[Recv #007] ep: 0x7f649740e180, tag: 0x47120f1706fb9989, nbytes: 50000000, type: <class 'rmm._lib.device_buffer.DeviceBuffer'>>: Connection reset by remote peer

During handling of the above exception, another exception occurred:

Traceback (most recent call last):
  File "/opt/conda/envs/gdf/lib/python3.9/site-packages/distributed/worker.py", line 2066, in gather_dep
    response = await get_data_from_worker(
  File "/opt/conda/envs/gdf/lib/python3.9/site-packages/distributed/worker.py", line 2892, in get_data_from_worker
    response = await send_recv(
  File "/opt/conda/envs/gdf/lib/python3.9/site-packages/distributed/core.py", line 1024, in send_recv
    response = await comm.read(deserializers=deserializers)
  File "/opt/conda/envs/gdf/lib/python3.9/site-packages/distributed/utils.py", line 752, in wrapper
    return await func(*args, **kwargs)
  File "/opt/conda/envs/gdf/lib/python3.9/site-packages/distributed/comm/ucx.py", line 397, in read
    raise CommClosedError(
distributed.comm.core.CommClosedError: Connection closed by writer.
Inner exception: UCXError("<[Recv #007] ep: 0x7f649740e180, tag: 0x47120f1706fb9989, nbytes: 50000000, type: <class 'rmm._lib.device_buffer.DeviceBuffer'>>: Connection reset by remote peer")
2023-06-06 06:16:47,299 - distributed.worker - ERROR - Worker stream died during communication: ucx://127.0.0.1:42615
Traceback (most recent call last):
  File "/opt/conda/envs/gdf/lib/python3.9/site-packages/distributed/comm/ucx.py", line 391, in read
    await self.ep.recv(each_frame)
  File "/opt/conda/envs/gdf/lib/python3.9/site-packages/ucp/core.py", line 725, in recv
    ret = await comm.tag_recv(self._ep, buffer, nbytes, tag, name=log)
ucp._libs.exceptions.UCXError: <[Recv #007] ep: 0x7f373c7cd100, tag: 0x7497a4a6bd7cf973, nbytes: 50000000, type: <class 'rmm._lib.device_buffer.DeviceBuffer'>>: Connection reset by remote peer

During handling of the above exception, another exception occurred:

Traceback (most recent call last):
  File "/opt/conda/envs/gdf/lib/python3.9/site-packages/distributed/worker.py", line 2066, in gather_dep
    response = await get_data_from_worker(
  File "/opt/conda/envs/gdf/lib/python3.9/site-packages/distributed/worker.py", line 2892, in get_data_from_worker
    response = await send_recv(
  File "/opt/conda/envs/gdf/lib/python3.9/site-packages/distributed/core.py", line 1024, in send_recv
    response = await comm.read(deserializers=deserializers)
  File "/opt/conda/envs/gdf/lib/python3.9/site-packages/distributed/utils.py", line 752, in wrapper
    return await func(*args, **kwargs)
  File "/opt/conda/envs/gdf/lib/python3.9/site-packages/distributed/comm/ucx.py", line 397, in read
    raise CommClosedError(
distributed.comm.core.CommClosedError: Connection closed by writer.
Inner exception: UCXError("<[Recv #007] ep: 0x7f373c7cd100, tag: 0x7497a4a6bd7cf973, nbytes: 50000000, type: <class 'rmm._lib.device_buffer.DeviceBuffer'>>: Connection reset by remote peer")
2023-06-06 06:16:47,299 - distributed.worker - ERROR - Worker stream died during communication: ucx://127.0.0.1:42615
Traceback (most recent call last):
  File "/opt/conda/envs/gdf/lib/python3.9/site-packages/distributed/comm/ucx.py", line 349, in read
    await self.ep.recv(msg)
  File "/opt/conda/envs/gdf/lib/python3.9/site-packages/ucp/core.py", line 725, in recv
    ret = await comm.tag_recv(self._ep, buffer, nbytes, tag, name=log)
ucp._libs.exceptions.UCXCanceled: <[Recv #008] ep: 0x7fd28d55c100, tag: 0x9ecdb8d9c9996d1f, nbytes: 16, type: <class 'numpy.ndarray'>>: 

During handling of the above exception, another exception occurred:

Traceback (most recent call last):
  File "/opt/conda/envs/gdf/lib/python3.9/site-packages/distributed/worker.py", line 2066, in gather_dep
    response = await get_data_from_worker(
  File "/opt/conda/envs/gdf/lib/python3.9/site-packages/distributed/worker.py", line 2892, in get_data_from_worker
    response = await send_recv(
  File "/opt/conda/envs/gdf/lib/python3.9/site-packages/distributed/core.py", line 1024, in send_recv
    response = await comm.read(deserializers=deserializers)
  File "/opt/conda/envs/gdf/lib/python3.9/site-packages/distributed/utils.py", line 752, in wrapper
    return await func(*args, **kwargs)
  File "/opt/conda/envs/gdf/lib/python3.9/site-packages/distributed/comm/ucx.py", line 367, in read
    raise CommClosedError(
distributed.comm.core.CommClosedError: Connection closed by writer.
Inner exception: UCXCanceled("<[Recv #008] ep: 0x7fd28d55c100, tag: 0x9ecdb8d9c9996d1f, nbytes: 16, type: <class 'numpy.ndarray'>>: ")
2023-06-06 06:16:47,300 - distributed.worker - ERROR - failed during get data with ucx://127.0.0.1:57179 -> ucx://127.0.0.1:42615
Traceback (most recent call last):
  File "/opt/conda/envs/gdf/lib/python3.9/site-packages/distributed/comm/ucx.py", line 333, in write
    await self.ep.send(each_frame)
  File "/opt/conda/envs/gdf/lib/python3.9/site-packages/ucp/core.py", line 650, in send
    return await comm.tag_send(self._ep, buffer, nbytes, tag, name=log)
ucp._libs.exceptions.UCXError: <[Send #007] ep: 0x7f649740e280, tag: 0xa7cf1843e97a892b, nbytes: 50000000, type: <class 'cupy.ndarray'>>: Connection reset by remote peer

During handling of the above exception, another exception occurred:

Traceback (most recent call last):
  File "/opt/conda/envs/gdf/lib/python3.9/site-packages/distributed/worker.py", line 1792, in get_data
    compressed = await comm.write(msg, serializers=serializers)
  File "/opt/conda/envs/gdf/lib/python3.9/site-packages/distributed/utils.py", line 752, in wrapper
    return await func(*args, **kwargs)
  File "/opt/conda/envs/gdf/lib/python3.9/site-packages/distributed/comm/ucx.py", line 337, in write
    raise CommClosedError("While writing, the connection was closed")
distributed.comm.core.CommClosedError: While writing, the connection was closed
2023-06-06 06:16:47,300 - distributed.worker - ERROR - failed during get data with ucx://127.0.0.1:48219 -> ucx://127.0.0.1:42615
Traceback (most recent call last):
  File "/opt/conda/envs/gdf/lib/python3.9/site-packages/distributed/comm/ucx.py", line 333, in write
    await self.ep.send(each_frame)
  File "/opt/conda/envs/gdf/lib/python3.9/site-packages/ucp/core.py", line 650, in send
    return await comm.tag_send(self._ep, buffer, nbytes, tag, name=log)
ucp._libs.exceptions.UCXError: <[Send #012] ep: 0x7fd28d55c200, tag: 0x1e09163524e2f2bf, nbytes: 50000000, type: <class 'cupy.ndarray'>>: Connection reset by remote peer

During handling of the above exception, another exception occurred:

Traceback (most recent call last):
  File "/opt/conda/envs/gdf/lib/python3.9/site-packages/distributed/worker.py", line 1792, in get_data
    compressed = await comm.write(msg, serializers=serializers)
  File "/opt/conda/envs/gdf/lib/python3.9/site-packages/distributed/utils.py", line 752, in wrapper
    return await func(*args, **kwargs)
  File "/opt/conda/envs/gdf/lib/python3.9/site-packages/distributed/comm/ucx.py", line 337, in write
    raise CommClosedError("While writing, the connection was closed")
distributed.comm.core.CommClosedError: While writing, the connection was closed
2023-06-06 06:16:47,312 - distributed.nanny - WARNING - Restarting worker
2023-06-06 06:16:47,352 - distributed.nanny - WARNING - Restarting worker
[dgx13:76585:0:76585] Caught signal 11 (Segmentation fault: address not mapped to object at address 0x448)
==== backtrace (tid:  76585) ====
 0  /opt/conda/envs/gdf/lib/libucs.so.0(ucs_handle_error+0x2fd) [0x7fd28d807f5d]
 1  /opt/conda/envs/gdf/lib/libucs.so.0(+0x2b154) [0x7fd28d808154]
 2  /opt/conda/envs/gdf/lib/libucs.so.0(+0x2b31a) [0x7fd28d80831a]
 3  /usr/lib/x86_64-linux-gnu/libpthread.so.0(+0x14420) [0x7fd332038420]
 4  /opt/conda/envs/gdf/lib/libucp.so.0(ucp_mem_type_unpack+0x14) [0x7fd28d886bd4]
 5  /opt/conda/envs/gdf/lib/libucp.so.0(ucp_rndv_data_handler+0x4e9) [0x7fd28d8adef9]
 6  /opt/conda/envs/gdf/lib/libuct.so.0(+0x2033f) [0x7fd28d7c133f]
 7  /opt/conda/envs/gdf/lib/libuct.so.0(+0x237a8) [0x7fd28d7c47a8]
 8  /opt/conda/envs/gdf/lib/libucs.so.0(ucs_event_set_wait+0xb9) [0x7fd28d811529]
 9  /opt/conda/envs/gdf/lib/libuct.so.0(uct_tcp_iface_progress+0x7d) [0x7fd28d7c353d]
10  /opt/conda/envs/gdf/lib/libucp.so.0(ucp_worker_progress+0x5a) [0x7fd28d883daa]
11  /opt/conda/envs/gdf/lib/python3.9/site-packages/ucp/_libs/ucx_api.cpython-39-x86_64-linux-gnu.so(+0x2b17a) [0x7fd28d93517a]
12  /opt/conda/envs/gdf/bin/python(+0x13eb08) [0x5564c4c94b08]
13  /opt/conda/envs/gdf/bin/python(_PyEval_EvalFrameDefault+0x5f82) [0x5564c4c85112]
14  /opt/conda/envs/gdf/bin/python(+0x12827a) [0x5564c4c7e27a]
15  /opt/conda/envs/gdf/bin/python(_PyFunction_Vectorcall+0xd5) [0x5564c4c8fc05]
16  /opt/conda/envs/gdf/bin/python(_PyEval_EvalFrameDefault+0x68b) [0x5564c4c7f81b]
17  /opt/conda/envs/gdf/bin/python(+0x14e70e) [0x5564c4ca470e]
18  /opt/conda/envs/gdf/lib/python3.9/lib-dynload/_asyncio.cpython-39-x86_64-linux-gnu.so(+0x82fe) [0x7fd2b1bd02fe]
19  /opt/conda/envs/gdf/bin/python(_PyObject_MakeTpCall+0x2fc) [0x5564c4c882bc]
20  /opt/conda/envs/gdf/bin/python(+0xe5817) [0x5564c4c3b817]
21  /opt/conda/envs/gdf/bin/python(+0x130f83) [0x5564c4c86f83]
22  /opt/conda/envs/gdf/bin/python(_PyEval_EvalFrameDefault+0x5ba6) [0x5564c4c84d36]
23  /opt/conda/envs/gdf/bin/python(+0x139ef3) [0x5564c4c8fef3]
24  /opt/conda/envs/gdf/bin/python(_PyEval_EvalFrameDefault+0x68b) [0x5564c4c7f81b]
25  /opt/conda/envs/gdf/bin/python(+0x139ef3) [0x5564c4c8fef3]
26  /opt/conda/envs/gdf/bin/python(_PyEval_EvalFrameDefault+0x68b) [0x5564c4c7f81b]
27  /opt/conda/envs/gdf/bin/python(+0x139ef3) [0x5564c4c8fef3]
28  /opt/conda/envs/gdf/bin/python(_PyEval_EvalFrameDefault+0x68b) [0x5564c4c7f81b]
29  /opt/conda/envs/gdf/bin/python(+0x139ef3) [0x5564c4c8fef3]
30  /opt/conda/envs/gdf/bin/python(_PyEval_EvalFrameDefault+0x68b) [0x5564c4c7f81b]
31  /opt/conda/envs/gdf/bin/python(+0x12827a) [0x5564c4c7e27a]
32  /opt/conda/envs/gdf/bin/python(_PyFunction_Vectorcall+0xd5) [0x5564c4c8fc05]
33  /opt/conda/envs/gdf/bin/python(_PyEval_EvalFrameDefault+0x4e17) [0x5564c4c83fa7]
34  /opt/conda/envs/gdf/bin/python(+0x12827a) [0x5564c4c7e27a]
35  /opt/conda/envs/gdf/bin/python(+0x147935) [0x5564c4c9d935]
36  /opt/conda/envs/gdf/bin/python(PyObject_Call+0xb4) [0x5564c4c9e104]
37  /opt/conda/envs/gdf/bin/python(+0x20efc8) [0x5564c4d64fc8]
38  /opt/conda/envs/gdf/bin/python(_PyObject_MakeTpCall+0x2fc) [0x5564c4c882bc]
39  /opt/conda/envs/gdf/bin/python(_PyEval_EvalFrameDefault+0x402b) [0x5564c4c831bb]
40  /opt/conda/envs/gdf/bin/python(+0x139ef3) [0x5564c4c8fef3]
41  /opt/conda/envs/gdf/bin/python(+0x147c72) [0x5564c4c9dc72]
42  /opt/conda/envs/gdf/bin/python(_PyEval_EvalFrameDefault+0x402b) [0x5564c4c831bb]
43  /opt/conda/envs/gdf/bin/python(+0x139ef3) [0x5564c4c8fef3]
44  /opt/conda/envs/gdf/bin/python(_PyEval_EvalFrameDefault+0x68b) [0x5564c4c7f81b]
45  /opt/conda/envs/gdf/bin/python(+0x12827a) [0x5564c4c7e27a]
46  /opt/conda/envs/gdf/bin/python(_PyFunction_Vectorcall+0xd5) [0x5564c4c8fc05]
47  /opt/conda/envs/gdf/bin/python(_PyEval_EvalFrameDefault+0x68b) [0x5564c4c7f81b]
48  /opt/conda/envs/gdf/bin/python(+0x139ef3) [0x5564c4c8fef3]
49  /opt/conda/envs/gdf/bin/python(_PyEval_EvalFrameDefault+0x3d8) [0x5564c4c7f568]
50  /opt/conda/envs/gdf/bin/python(+0x12827a) [0x5564c4c7e27a]
51  /opt/conda/envs/gdf/bin/python(_PyFunction_Vectorcall+0xd5) [0x5564c4c8fc05]
52  /opt/conda/envs/gdf/bin/python(_PyEval_EvalFrameDefault+0x123b) [0x5564c4c803cb]
53  /opt/conda/envs/gdf/bin/python(+0x12827a) [0x5564c4c7e27a]
54  /opt/conda/envs/gdf/bin/python(_PyEval_EvalCodeWithName+0x47) [0x5564c4c7df07]
55  /opt/conda/envs/gdf/bin/python(PyEval_EvalCodeEx+0x39) [0x5564c4c7deb9]
56  /opt/conda/envs/gdf/bin/python(PyEval_EvalCode+0x1b) [0x5564c4d2e8bb]
57  /opt/conda/envs/gdf/bin/python(+0x206adc) [0x5564c4d5cadc]
58  /opt/conda/envs/gdf/bin/python(+0x202c24) [0x5564c4d58c24]
59  /opt/conda/envs/gdf/bin/python(PyRun_StringFlags+0x9d) [0x5564c4d507ed]
60  /opt/conda/envs/gdf/bin/python(PyRun_SimpleStringFlags+0x3d) [0x5564c4d506bd]
61  /opt/conda/envs/gdf/bin/python(Py_RunMain+0x262) [0x5564c4d4f8a2]
=================================
2023-06-06 06:16:47,432 - distributed.worker - ERROR - failed during get data with ucx://127.0.0.1:37305 -> ucx://127.0.0.1:42921
Traceback (most recent call last):
  File "/opt/conda/envs/gdf/lib/python3.9/site-packages/distributed/comm/ucx.py", line 333, in write
    await self.ep.send(each_frame)
  File "/opt/conda/envs/gdf/lib/python3.9/site-packages/ucp/core.py", line 650, in send
    return await comm.tag_send(self._ep, buffer, nbytes, tag, name=log)
ucp._libs.exceptions.UCXError: <[Send #007] ep: 0x7f5c10225240, tag: 0x902b76e19b7f0dc9, nbytes: 50000000, type: <class 'cupy.ndarray'>>: Connection reset by remote peer

During handling of the above exception, another exception occurred:

Traceback (most recent call last):
  File "/opt/conda/envs/gdf/lib/python3.9/site-packages/distributed/worker.py", line 1792, in get_data
    compressed = await comm.write(msg, serializers=serializers)
  File "/opt/conda/envs/gdf/lib/python3.9/site-packages/distributed/utils.py", line 752, in wrapper
    return await func(*args, **kwargs)
  File "/opt/conda/envs/gdf/lib/python3.9/site-packages/distributed/comm/ucx.py", line 337, in write
    raise CommClosedError("While writing, the connection was closed")
distributed.comm.core.CommClosedError: While writing, the connection was closed
2023-06-06 06:16:47,432 - distributed.worker - ERROR - Worker stream died during communication: ucx://127.0.0.1:42921
Traceback (most recent call last):
  File "/opt/conda/envs/gdf/lib/python3.9/site-packages/distributed/comm/ucx.py", line 391, in read
    await self.ep.recv(each_frame)
  File "/opt/conda/envs/gdf/lib/python3.9/site-packages/ucp/core.py", line 725, in recv
    ret = await comm.tag_recv(self._ep, buffer, nbytes, tag, name=log)
ucp._libs.exceptions.UCXError: <[Recv #007] ep: 0x7f5c102251c0, tag: 0xaf4d9b676e64b60c, nbytes: 50000000, type: <class 'rmm._lib.device_buffer.DeviceBuffer'>>: Connection reset by remote peer

During handling of the above exception, another exception occurred:

Traceback (most recent call last):
  File "/opt/conda/envs/gdf/lib/python3.9/site-packages/distributed/worker.py", line 2066, in gather_dep
    response = await get_data_from_worker(
  File "/opt/conda/envs/gdf/lib/python3.9/site-packages/distributed/worker.py", line 2892, in get_data_from_worker
    response = await send_recv(
  File "/opt/conda/envs/gdf/lib/python3.9/site-packages/distributed/core.py", line 1024, in send_recv
    response = await comm.read(deserializers=deserializers)
  File "/opt/conda/envs/gdf/lib/python3.9/site-packages/distributed/utils.py", line 752, in wrapper
    return await func(*args, **kwargs)
  File "/opt/conda/envs/gdf/lib/python3.9/site-packages/distributed/comm/ucx.py", line 397, in read
    raise CommClosedError(
distributed.comm.core.CommClosedError: Connection closed by writer.
Inner exception: UCXError("<[Recv #007] ep: 0x7f5c102251c0, tag: 0xaf4d9b676e64b60c, nbytes: 50000000, type: <class 'rmm._lib.device_buffer.DeviceBuffer'>>: Connection reset by remote peer")
2023-06-06 06:16:47,442 - distributed.worker - ERROR - failed during get data with ucx://127.0.0.1:51451 -> ucx://127.0.0.1:42615
Traceback (most recent call last):
  File "/opt/conda/envs/gdf/lib/python3.9/site-packages/distributed/comm/ucx.py", line 333, in write
    await self.ep.send(each_frame)
  File "/opt/conda/envs/gdf/lib/python3.9/site-packages/ucp/core.py", line 650, in send
    return await comm.tag_send(self._ep, buffer, nbytes, tag, name=log)
ucp._libs.exceptions.UCXError: <[Send #007] ep: 0x7f373c7cd240, tag: 0x9ad00ee81d93a566, nbytes: 50000000, type: <class 'cupy.ndarray'>>: Connection reset by remote peer

During handling of the above exception, another exception occurred:

Traceback (most recent call last):
  File "/opt/conda/envs/gdf/lib/python3.9/site-packages/distributed/worker.py", line 1792, in get_data
    compressed = await comm.write(msg, serializers=serializers)
  File "/opt/conda/envs/gdf/lib/python3.9/site-packages/distributed/utils.py", line 752, in wrapper
    return await func(*args, **kwargs)
  File "/opt/conda/envs/gdf/lib/python3.9/site-packages/distributed/comm/ucx.py", line 337, in write
    raise CommClosedError("While writing, the connection was closed")
distributed.comm.core.CommClosedError: While writing, the connection was closed
2023-06-06 06:16:47,442 - distributed.worker - ERROR - Worker stream died during communication: ucx://127.0.0.1:35275
Traceback (most recent call last):
  File "/opt/conda/envs/gdf/lib/python3.9/site-packages/distributed/comm/ucx.py", line 391, in read
    await self.ep.recv(each_frame)
  File "/opt/conda/envs/gdf/lib/python3.9/site-packages/ucp/core.py", line 725, in recv
    ret = await comm.tag_recv(self._ep, buffer, nbytes, tag, name=log)
ucp._libs.exceptions.UCXError: <[Recv #007] ep: 0x7f5c10225180, tag: 0x95204fe2fc3e2521, nbytes: 50000000, type: <class 'rmm._lib.device_buffer.DeviceBuffer'>>: Connection reset by remote peer

During handling of the above exception, another exception occurred:

Traceback (most recent call last):
  File "/opt/conda/envs/gdf/lib/python3.9/site-packages/distributed/worker.py", line 2066, in gather_dep
    response = await get_data_from_worker(
  File "/opt/conda/envs/gdf/lib/python3.9/site-packages/distributed/worker.py", line 2892, in get_data_from_worker
    response = await send_recv(
  File "/opt/conda/envs/gdf/lib/python3.9/site-packages/distributed/core.py", line 1024, in send_recv
    response = await comm.read(deserializers=deserializers)
  File "/opt/conda/envs/gdf/lib/python3.9/site-packages/distributed/utils.py", line 752, in wrapper
    return await func(*args, **kwargs)
  File "/opt/conda/envs/gdf/lib/python3.9/site-packages/distributed/comm/ucx.py", line 397, in read
    raise CommClosedError(
distributed.comm.core.CommClosedError: Connection closed by writer.
Inner exception: UCXError("<[Recv #007] ep: 0x7f5c10225180, tag: 0x95204fe2fc3e2521, nbytes: 50000000, type: <class 'rmm._lib.device_buffer.DeviceBuffer'>>: Connection reset by remote peer")
2023-06-06 06:16:47,442 - distributed.worker - ERROR - failed during get data with ucx://127.0.0.1:57179 -> ucx://127.0.0.1:35275
Traceback (most recent call last):
  File "/opt/conda/envs/gdf/lib/python3.9/site-packages/distributed/comm/ucx.py", line 333, in write
    await self.ep.send(each_frame)
  File "/opt/conda/envs/gdf/lib/python3.9/site-packages/ucp/core.py", line 650, in send
    return await comm.tag_send(self._ep, buffer, nbytes, tag, name=log)
ucp._libs.exceptions.UCXError: <[Send #007] ep: 0x7f649740e240, tag: 0xef2336a17cd3c38f, nbytes: 50000000, type: <class 'cupy.ndarray'>>: Connection reset by remote peer

During handling of the above exception, another exception occurred:

Traceback (most recent call last):
  File "/opt/conda/envs/gdf/lib/python3.9/site-packages/distributed/worker.py", line 1792, in get_data
    compressed = await comm.write(msg, serializers=serializers)
  File "/opt/conda/envs/gdf/lib/python3.9/site-packages/distributed/utils.py", line 752, in wrapper
    return await func(*args, **kwargs)
  File "/opt/conda/envs/gdf/lib/python3.9/site-packages/distributed/comm/ucx.py", line 337, in write
    raise CommClosedError("While writing, the connection was closed")
distributed.comm.core.CommClosedError: While writing, the connection was closed
2023-06-06 06:16:47,442 - distributed.worker - ERROR - failed during get data with ucx://127.0.0.1:51451 -> ucx://127.0.0.1:42921
Traceback (most recent call last):
  File "/opt/conda/envs/gdf/lib/python3.9/site-packages/distributed/comm/ucx.py", line 333, in write
    await self.ep.send(each_frame)
  File "/opt/conda/envs/gdf/lib/python3.9/site-packages/ucp/core.py", line 650, in send
    return await comm.tag_send(self._ep, buffer, nbytes, tag, name=log)
ucp._libs.exceptions.UCXError: <[Send #007] ep: 0x7f373c7cd280, tag: 0x9e7c7e81c711bac5, nbytes: 50000000, type: <class 'cupy.ndarray'>>: Connection reset by remote peer

During handling of the above exception, another exception occurred:

Traceback (most recent call last):
  File "/opt/conda/envs/gdf/lib/python3.9/site-packages/distributed/worker.py", line 1792, in get_data
    compressed = await comm.write(msg, serializers=serializers)
  File "/opt/conda/envs/gdf/lib/python3.9/site-packages/distributed/utils.py", line 752, in wrapper
    return await func(*args, **kwargs)
  File "/opt/conda/envs/gdf/lib/python3.9/site-packages/distributed/comm/ucx.py", line 337, in write
    raise CommClosedError("While writing, the connection was closed")
distributed.comm.core.CommClosedError: While writing, the connection was closed
2023-06-06 06:16:47,443 - distributed.worker - ERROR - Worker stream died during communication: ucx://127.0.0.1:35275
Traceback (most recent call last):
  File "/opt/conda/envs/gdf/lib/python3.9/site-packages/distributed/comm/ucx.py", line 349, in read
    await self.ep.recv(msg)
  File "/opt/conda/envs/gdf/lib/python3.9/site-packages/ucp/core.py", line 725, in recv
    ret = await comm.tag_recv(self._ep, buffer, nbytes, tag, name=log)
ucp._libs.exceptions.UCXCanceled: <[Recv #003] ep: 0x7f649740e100, tag: 0x23fb32e377c1dbdc, nbytes: 16, type: <class 'numpy.ndarray'>>: 

During handling of the above exception, another exception occurred:

Traceback (most recent call last):
  File "/opt/conda/envs/gdf/lib/python3.9/site-packages/distributed/worker.py", line 2066, in gather_dep
    response = await get_data_from_worker(
  File "/opt/conda/envs/gdf/lib/python3.9/site-packages/distributed/worker.py", line 2892, in get_data_from_worker
    response = await send_recv(
  File "/opt/conda/envs/gdf/lib/python3.9/site-packages/distributed/core.py", line 1024, in send_recv
    response = await comm.read(deserializers=deserializers)
  File "/opt/conda/envs/gdf/lib/python3.9/site-packages/distributed/utils.py", line 752, in wrapper
    return await func(*args, **kwargs)
  File "/opt/conda/envs/gdf/lib/python3.9/site-packages/distributed/comm/ucx.py", line 367, in read
    raise CommClosedError(
distributed.comm.core.CommClosedError: Connection closed by writer.
Inner exception: UCXCanceled("<[Recv #003] ep: 0x7f649740e100, tag: 0x23fb32e377c1dbdc, nbytes: 16, type: <class 'numpy.ndarray'>>: ")
2023-06-06 06:16:47,443 - distributed.worker - ERROR - failed during get data with ucx://127.0.0.1:37305 -> ucx://127.0.0.1:42615
Traceback (most recent call last):
  File "/opt/conda/envs/gdf/lib/python3.9/site-packages/distributed/comm/ucx.py", line 333, in write
    await self.ep.send(each_frame)
  File "/opt/conda/envs/gdf/lib/python3.9/site-packages/ucp/core.py", line 650, in send
    return await comm.tag_send(self._ep, buffer, nbytes, tag, name=log)
ucp._libs.exceptions.UCXError: <[Send #007] ep: 0x7f5c10225200, tag: 0xbbc0181aa8365eeb, nbytes: 50000000, type: <class 'cupy.ndarray'>>: Connection reset by remote peer

During handling of the above exception, another exception occurred:

Traceback (most recent call last):
  File "/opt/conda/envs/gdf/lib/python3.9/site-packages/distributed/worker.py", line 1792, in get_data
    compressed = await comm.write(msg, serializers=serializers)
  File "/opt/conda/envs/gdf/lib/python3.9/site-packages/distributed/utils.py", line 752, in wrapper
    return await func(*args, **kwargs)
  File "/opt/conda/envs/gdf/lib/python3.9/site-packages/distributed/comm/ucx.py", line 337, in write
    raise CommClosedError("While writing, the connection was closed")
distributed.comm.core.CommClosedError: While writing, the connection was closed
2023-06-06 06:16:47,443 - distributed.worker - ERROR - failed during get data with ucx://127.0.0.1:51451 -> ucx://127.0.0.1:35275
Traceback (most recent call last):
  File "/opt/conda/envs/gdf/lib/python3.9/site-packages/distributed/comm/ucx.py", line 333, in write
    await self.ep.send(each_frame)
  File "/opt/conda/envs/gdf/lib/python3.9/site-packages/ucp/core.py", line 650, in send
    return await comm.tag_send(self._ep, buffer, nbytes, tag, name=log)
ucp._libs.exceptions.UCXError: <[Send #007] ep: 0x7f373c7cd300, tag: 0x832bac8eec65482, nbytes: 50000000, type: <class 'cupy.ndarray'>>: Connection reset by remote peer

During handling of the above exception, another exception occurred:

Traceback (most recent call last):
  File "/opt/conda/envs/gdf/lib/python3.9/site-packages/distributed/worker.py", line 1792, in get_data
    compressed = await comm.write(msg, serializers=serializers)
  File "/opt/conda/envs/gdf/lib/python3.9/site-packages/distributed/utils.py", line 752, in wrapper
    return await func(*args, **kwargs)
  File "/opt/conda/envs/gdf/lib/python3.9/site-packages/distributed/comm/ucx.py", line 337, in write
    raise CommClosedError("While writing, the connection was closed")
distributed.comm.core.CommClosedError: While writing, the connection was closed
2023-06-06 06:16:47,443 - distributed.worker - ERROR - failed during get data with ucx://127.0.0.1:37305 -> ucx://127.0.0.1:35275
Traceback (most recent call last):
  File "/opt/conda/envs/gdf/lib/python3.9/site-packages/distributed/comm/ucx.py", line 333, in write
    await self.ep.send(each_frame)
  File "/opt/conda/envs/gdf/lib/python3.9/site-packages/ucp/core.py", line 650, in send
    return await comm.tag_send(self._ep, buffer, nbytes, tag, name=log)
ucp._libs.exceptions.UCXError: <[Send #007] ep: 0x7f5c102252c0, tag: 0xa4bcd0512dd2a7aa, nbytes: 50000000, type: <class 'cupy.ndarray'>>: Connection reset by remote peer

During handling of the above exception, another exception occurred:

Traceback (most recent call last):
  File "/opt/conda/envs/gdf/lib/python3.9/site-packages/distributed/worker.py", line 1792, in get_data
    compressed = await comm.write(msg, serializers=serializers)
  File "/opt/conda/envs/gdf/lib/python3.9/site-packages/distributed/utils.py", line 752, in wrapper
    return await func(*args, **kwargs)
  File "/opt/conda/envs/gdf/lib/python3.9/site-packages/distributed/comm/ucx.py", line 337, in write
    raise CommClosedError("While writing, the connection was closed")
distributed.comm.core.CommClosedError: While writing, the connection was closed
2023-06-06 06:16:47,481 - distributed.nanny - WARNING - Restarting worker
2023-06-06 06:16:47,563 - distributed.nanny - WARNING - Restarting worker
2023-06-06 06:16:47,610 - distributed.worker - ERROR - failed during get data with ucx://127.0.0.1:51451 -> ucx://127.0.0.1:48219
Traceback (most recent call last):
  File "/opt/conda/envs/gdf/lib/python3.9/site-packages/distributed/comm/ucx.py", line 333, in write
    await self.ep.send(each_frame)
  File "/opt/conda/envs/gdf/lib/python3.9/site-packages/ucp/core.py", line 650, in send
    return await comm.tag_send(self._ep, buffer, nbytes, tag, name=log)
ucp._libs.exceptions.UCXError: <[Send #007] ep: 0x7f373c7cd100, tag: 0x698fa6bbbed098, nbytes: 50000000, type: <class 'cupy.ndarray'>>: Connection reset by remote peer

During handling of the above exception, another exception occurred:

Traceback (most recent call last):
  File "/opt/conda/envs/gdf/lib/python3.9/site-packages/distributed/worker.py", line 1792, in get_data
    compressed = await comm.write(msg, serializers=serializers)
  File "/opt/conda/envs/gdf/lib/python3.9/site-packages/distributed/utils.py", line 752, in wrapper
    return await func(*args, **kwargs)
  File "/opt/conda/envs/gdf/lib/python3.9/site-packages/distributed/comm/ucx.py", line 337, in write
    raise CommClosedError("While writing, the connection was closed")
distributed.comm.core.CommClosedError: While writing, the connection was closed
2023-06-06 06:16:47,611 - distributed.worker - ERROR - Worker stream died during communication: ucx://127.0.0.1:48219
Traceback (most recent call last):
  File "/opt/conda/envs/gdf/lib/python3.9/site-packages/distributed/comm/ucx.py", line 391, in read
    await self.ep.recv(each_frame)
  File "/opt/conda/envs/gdf/lib/python3.9/site-packages/ucp/core.py", line 725, in recv
    ret = await comm.tag_recv(self._ep, buffer, nbytes, tag, name=log)
ucp._libs.exceptions.UCXError: <[Recv #007] ep: 0x7f373c7cd180, tag: 0xa245c6f359938d42, nbytes: 50000000, type: <class 'rmm._lib.device_buffer.DeviceBuffer'>>: Connection reset by remote peer

During handling of the above exception, another exception occurred:

Traceback (most recent call last):
  File "/opt/conda/envs/gdf/lib/python3.9/site-packages/distributed/worker.py", line 2066, in gather_dep
    response = await get_data_from_worker(
  File "/opt/conda/envs/gdf/lib/python3.9/site-packages/distributed/worker.py", line 2892, in get_data_from_worker
    response = await send_recv(
  File "/opt/conda/envs/gdf/lib/python3.9/site-packages/distributed/core.py", line 1024, in send_recv
    response = await comm.read(deserializers=deserializers)
  File "/opt/conda/envs/gdf/lib/python3.9/site-packages/distributed/utils.py", line 752, in wrapper
    return await func(*args, **kwargs)
  File "/opt/conda/envs/gdf/lib/python3.9/site-packages/distributed/comm/ucx.py", line 397, in read
    raise CommClosedError(
distributed.comm.core.CommClosedError: Connection closed by writer.
Inner exception: UCXError("<[Recv #007] ep: 0x7f373c7cd180, tag: 0xa245c6f359938d42, nbytes: 50000000, type: <class 'rmm._lib.device_buffer.DeviceBuffer'>>: Connection reset by remote peer")
2023-06-06 06:16:47,611 - distributed.worker - ERROR - failed during get data with ucx://127.0.0.1:37305 -> ucx://127.0.0.1:48219
Traceback (most recent call last):
  File "/opt/conda/envs/gdf/lib/python3.9/site-packages/distributed/comm/ucx.py", line 333, in write
    await self.ep.send(each_frame)
  File "/opt/conda/envs/gdf/lib/python3.9/site-packages/ucp/core.py", line 650, in send
    return await comm.tag_send(self._ep, buffer, nbytes, tag, name=log)
ucp._libs.exceptions.UCXError: <[Send #007] ep: 0x7f5c10225140, tag: 0xb5c2d35313be9b9e, nbytes: 50000000, type: <class 'cupy.ndarray'>>: Connection reset by remote peer

During handling of the above exception, another exception occurred:

Traceback (most recent call last):
  File "/opt/conda/envs/gdf/lib/python3.9/site-packages/distributed/worker.py", line 1792, in get_data
    compressed = await comm.write(msg, serializers=serializers)
  File "/opt/conda/envs/gdf/lib/python3.9/site-packages/distributed/utils.py", line 752, in wrapper
    return await func(*args, **kwargs)
  File "/opt/conda/envs/gdf/lib/python3.9/site-packages/distributed/comm/ucx.py", line 337, in write
    raise CommClosedError("While writing, the connection was closed")
distributed.comm.core.CommClosedError: While writing, the connection was closed
2023-06-06 06:16:47,697 - distributed.nanny - WARNING - Restarting worker
2023-06-06 06:16:48,857 - distributed.preloading - INFO - Creating preload: dask_cuda.initialize
2023-06-06 06:16:48,857 - distributed.preloading - INFO - Import preload module: dask_cuda.initialize
2023-06-06 06:16:48,860 - distributed.preloading - INFO - Creating preload: dask_cuda.initialize
2023-06-06 06:16:48,861 - distributed.preloading - INFO - Import preload module: dask_cuda.initialize
2023-06-06 06:16:49,037 - distributed.preloading - INFO - Creating preload: dask_cuda.initialize
2023-06-06 06:16:49,037 - distributed.preloading - INFO - Import preload module: dask_cuda.initialize
2023-06-06 06:16:49,147 - distributed.preloading - INFO - Creating preload: dask_cuda.initialize
2023-06-06 06:16:49,147 - distributed.preloading - INFO - Import preload module: dask_cuda.initialize
2023-06-06 06:16:49,244 - distributed.preloading - INFO - Creating preload: dask_cuda.initialize
2023-06-06 06:16:49,244 - distributed.preloading - INFO - Import preload module: dask_cuda.initialize
[dgx13:76733:0:76733] Caught signal 11 (Segmentation fault: address not mapped to object at address 0x448)
==== backtrace (tid:  76733) ====
 0  /opt/conda/envs/gdf/lib/libucs.so.0(ucs_handle_error+0x2fd) [0x7f48fcc26f5d]
 1  /opt/conda/envs/gdf/lib/libucs.so.0(+0x2b154) [0x7f48fcc27154]
 2  /opt/conda/envs/gdf/lib/libucs.so.0(+0x2b31a) [0x7f48fcc2731a]
 3  /usr/lib/x86_64-linux-gnu/libpthread.so.0(+0x14420) [0x7f499d30c420]
 4  /opt/conda/envs/gdf/lib/libucp.so.0(ucp_mem_type_unpack+0x14) [0x7f48fcca5bd4]
 5  /opt/conda/envs/gdf/lib/libucp.so.0(ucp_rndv_data_handler+0x4e9) [0x7f48fccccef9]
 6  /opt/conda/envs/gdf/lib/libuct.so.0(+0x2033f) [0x7f48fcbe033f]
 7  /opt/conda/envs/gdf/lib/libuct.so.0(+0x237a8) [0x7f48fcbe37a8]
 8  /opt/conda/envs/gdf/lib/libucs.so.0(ucs_event_set_wait+0xb9) [0x7f48fcc30529]
 9  /opt/conda/envs/gdf/lib/libuct.so.0(uct_tcp_iface_progress+0x7d) [0x7f48fcbe253d]
10  /opt/conda/envs/gdf/lib/libucp.so.0(ucp_worker_progress+0x5a) [0x7f48fcca2daa]
11  /opt/conda/envs/gdf/lib/python3.9/site-packages/ucp/_libs/ucx_api.cpython-39-x86_64-linux-gnu.so(+0x2b17a) [0x7f48fcd5417a]
12  /opt/conda/envs/gdf/bin/python(+0x13eb08) [0x56207c0b6b08]
13  /opt/conda/envs/gdf/bin/python(_PyEval_EvalFrameDefault+0x5f82) [0x56207c0a7112]
14  /opt/conda/envs/gdf/bin/python(+0x12827a) [0x56207c0a027a]
15  /opt/conda/envs/gdf/bin/python(_PyFunction_Vectorcall+0xd5) [0x56207c0b1c05]
16  /opt/conda/envs/gdf/bin/python(_PyEval_EvalFrameDefault+0x68b) [0x56207c0a181b]
17  /opt/conda/envs/gdf/bin/python(+0x139ef3) [0x56207c0b1ef3]
18  /opt/conda/envs/gdf/bin/python(+0x147a16) [0x56207c0bfa16]
19  /opt/conda/envs/gdf/bin/python(+0x2579b1) [0x56207c1cf9b1]
20  /opt/conda/envs/gdf/bin/python(+0xe5817) [0x56207c05d817]
21  /opt/conda/envs/gdf/bin/python(+0x130f83) [0x56207c0a8f83]
22  /opt/conda/envs/gdf/bin/python(_PyEval_EvalFrameDefault+0x5ba6) [0x56207c0a6d36]
23  /opt/conda/envs/gdf/bin/python(+0x139ef3) [0x56207c0b1ef3]
24  /opt/conda/envs/gdf/bin/python(_PyEval_EvalFrameDefault+0x68b) [0x56207c0a181b]
25  /opt/conda/envs/gdf/bin/python(+0x139ef3) [0x56207c0b1ef3]
26  /opt/conda/envs/gdf/bin/python(_PyEval_EvalFrameDefault+0x68b) [0x56207c0a181b]
27  /opt/conda/envs/gdf/bin/python(+0x139ef3) [0x56207c0b1ef3]
28  /opt/conda/envs/gdf/bin/python(_PyEval_EvalFrameDefault+0x68b) [0x56207c0a181b]
29  /opt/conda/envs/gdf/bin/python(+0x139ef3) [0x56207c0b1ef3]
30  /opt/conda/envs/gdf/bin/python(_PyEval_EvalFrameDefault+0x68b) [0x56207c0a181b]
31  /opt/conda/envs/gdf/bin/python(+0x12827a) [0x56207c0a027a]
32  /opt/conda/envs/gdf/bin/python(_PyFunction_Vectorcall+0xd5) [0x56207c0b1c05]
33  /opt/conda/envs/gdf/bin/python(_PyEval_EvalFrameDefault+0x4e17) [0x56207c0a5fa7]
34  /opt/conda/envs/gdf/bin/python(+0x12827a) [0x56207c0a027a]
35  /opt/conda/envs/gdf/bin/python(+0x147935) [0x56207c0bf935]
36  /opt/conda/envs/gdf/bin/python(PyObject_Call+0xb4) [0x56207c0c0104]
37  /opt/conda/envs/gdf/bin/python(+0x20efc8) [0x56207c186fc8]
38  /opt/conda/envs/gdf/bin/python(_PyObject_MakeTpCall+0x2fc) [0x56207c0aa2bc]
39  /opt/conda/envs/gdf/bin/python(_PyEval_EvalFrameDefault+0x402b) [0x56207c0a51bb]
40  /opt/conda/envs/gdf/bin/python(+0x139ef3) [0x56207c0b1ef3]
41  /opt/conda/envs/gdf/bin/python(+0x147c72) [0x56207c0bfc72]
42  /opt/conda/envs/gdf/bin/python(_PyEval_EvalFrameDefault+0x402b) [0x56207c0a51bb]
43  /opt/conda/envs/gdf/bin/python(+0x139ef3) [0x56207c0b1ef3]
44  /opt/conda/envs/gdf/bin/python(_PyEval_EvalFrameDefault+0x68b) [0x56207c0a181b]
45  /opt/conda/envs/gdf/bin/python(+0x12827a) [0x56207c0a027a]
46  /opt/conda/envs/gdf/bin/python(_PyFunction_Vectorcall+0xd5) [0x56207c0b1c05]
47  /opt/conda/envs/gdf/bin/python(_PyEval_EvalFrameDefault+0x68b) [0x56207c0a181b]
48  /opt/conda/envs/gdf/bin/python(+0x139ef3) [0x56207c0b1ef3]
49  /opt/conda/envs/gdf/bin/python(_PyEval_EvalFrameDefault+0x3d8) [0x56207c0a1568]
50  /opt/conda/envs/gdf/bin/python(+0x12827a) [0x56207c0a027a]
51  /opt/conda/envs/gdf/bin/python(_PyFunction_Vectorcall+0xd5) [0x56207c0b1c05]
52  /opt/conda/envs/gdf/bin/python(_PyEval_EvalFrameDefault+0x123b) [0x56207c0a23cb]
53  /opt/conda/envs/gdf/bin/python(+0x12827a) [0x56207c0a027a]
54  /opt/conda/envs/gdf/bin/python(_PyEval_EvalCodeWithName+0x47) [0x56207c09ff07]
55  /opt/conda/envs/gdf/bin/python(PyEval_EvalCodeEx+0x39) [0x56207c09feb9]
56  /opt/conda/envs/gdf/bin/python(PyEval_EvalCode+0x1b) [0x56207c1508bb]
57  /opt/conda/envs/gdf/bin/python(+0x206adc) [0x56207c17eadc]
58  /opt/conda/envs/gdf/bin/python(+0x202c24) [0x56207c17ac24]
59  /opt/conda/envs/gdf/bin/python(PyRun_StringFlags+0x9d) [0x56207c1727ed]
60  /opt/conda/envs/gdf/bin/python(PyRun_SimpleStringFlags+0x3d) [0x56207c1726bd]
61  /opt/conda/envs/gdf/bin/python(Py_RunMain+0x262) [0x56207c1718a2]
=================================
[dgx13:76724:0:76724] Caught signal 11 (Segmentation fault: address not mapped to object at address 0x448)
==== backtrace (tid:  76724) ====
 0  /opt/conda/envs/gdf/lib/libucs.so.0(ucs_handle_error+0x2fd) [0x7fc30cc26f5d]
 1  /opt/conda/envs/gdf/lib/libucs.so.0(+0x2b154) [0x7fc30cc27154]
 2  /opt/conda/envs/gdf/lib/libucs.so.0(+0x2b31a) [0x7fc30cc2731a]
 3  /usr/lib/x86_64-linux-gnu/libpthread.so.0(+0x14420) [0x7fc3ad30c420]
 4  /opt/conda/envs/gdf/lib/libucp.so.0(ucp_mem_type_unpack+0x14) [0x7fc30cca5bd4]
 5  /opt/conda/envs/gdf/lib/libucp.so.0(ucp_rndv_data_handler+0x4e9) [0x7fc30ccccef9]
 6  /opt/conda/envs/gdf/lib/libuct.so.0(+0x2033f) [0x7fc30cbe033f]
 7  /opt/conda/envs/gdf/lib/libuct.so.0(+0x237a8) [0x7fc30cbe37a8]
 8  /opt/conda/envs/gdf/lib/libucs.so.0(ucs_event_set_wait+0xb9) [0x7fc30cc30529]
 9  /opt/conda/envs/gdf/lib/libuct.so.0(uct_tcp_iface_progress+0x7d) [0x7fc30cbe253d]
10  /opt/conda/envs/gdf/lib/libucp.so.0(ucp_worker_progress+0x5a) [0x7fc30cca2daa]
11  /opt/conda/envs/gdf/lib/python3.9/site-packages/ucp/_libs/ucx_api.cpython-39-x86_64-linux-gnu.so(+0x2b17a) [0x7fc30cd5417a]
12  /opt/conda/envs/gdf/bin/python(+0x13eb08) [0x560a8dcdab08]
13  /opt/conda/envs/gdf/bin/python(_PyEval_EvalFrameDefault+0x5f82) [0x560a8dccb112]
14  /opt/conda/envs/gdf/bin/python(+0x12827a) [0x560a8dcc427a]
15  /opt/conda/envs/gdf/bin/python(_PyFunction_Vectorcall+0xd5) [0x560a8dcd5c05]
16  /opt/conda/envs/gdf/bin/python(_PyEval_EvalFrameDefault+0x68b) [0x560a8dcc581b]
17  /opt/conda/envs/gdf/bin/python(+0x139ef3) [0x560a8dcd5ef3]
18  /opt/conda/envs/gdf/bin/python(+0x147a16) [0x560a8dce3a16]
19  /opt/conda/envs/gdf/bin/python(+0x2579b1) [0x560a8ddf39b1]
20  /opt/conda/envs/gdf/bin/python(+0xe5817) [0x560a8dc81817]
21  /opt/conda/envs/gdf/bin/python(+0x130f83) [0x560a8dcccf83]
22  /opt/conda/envs/gdf/bin/python(_PyEval_EvalFrameDefault+0x5ba6) [0x560a8dccad36]
23  /opt/conda/envs/gdf/bin/python(+0x139ef3) [0x560a8dcd5ef3]
24  /opt/conda/envs/gdf/bin/python(_PyEval_EvalFrameDefault+0x68b) [0x560a8dcc581b]
25  /opt/conda/envs/gdf/bin/python(+0x139ef3) [0x560a8dcd5ef3]
26  /opt/conda/envs/gdf/bin/python(_PyEval_EvalFrameDefault+0x68b) [0x560a8dcc581b]
27  /opt/conda/envs/gdf/bin/python(+0x139ef3) [0x560a8dcd5ef3]
28  /opt/conda/envs/gdf/bin/python(_PyEval_EvalFrameDefault+0x68b) [0x560a8dcc581b]
29  /opt/conda/envs/gdf/bin/python(+0x139ef3) [0x560a8dcd5ef3]
30  /opt/conda/envs/gdf/bin/python(_PyEval_EvalFrameDefault+0x68b) [0x560a8dcc581b]
31  /opt/conda/envs/gdf/bin/python(+0x12827a) [0x560a8dcc427a]
32  /opt/conda/envs/gdf/bin/python(_PyFunction_Vectorcall+0xd5) [0x560a8dcd5c05]
33  /opt/conda/envs/gdf/bin/python(_PyEval_EvalFrameDefault+0x4e17) [0x560a8dcc9fa7]
34  /opt/conda/envs/gdf/bin/python(+0x12827a) [0x560a8dcc427a]
35  /opt/conda/envs/gdf/bin/python(+0x147935) [0x560a8dce3935]
36  /opt/conda/envs/gdf/bin/python(PyObject_Call+0xb4) [0x560a8dce4104]
37  /opt/conda/envs/gdf/bin/python(+0x20efc8) [0x560a8ddaafc8]
38  /opt/conda/envs/gdf/bin/python(_PyObject_MakeTpCall+0x2fc) [0x560a8dcce2bc]
39  /opt/conda/envs/gdf/bin/python(_PyEval_EvalFrameDefault+0x402b) [0x560a8dcc91bb]
40  /opt/conda/envs/gdf/bin/python(+0x139ef3) [0x560a8dcd5ef3]
41  /opt/conda/envs/gdf/bin/python(+0x147c72) [0x560a8dce3c72]
42  /opt/conda/envs/gdf/bin/python(_PyEval_EvalFrameDefault+0x402b) [0x560a8dcc91bb]
43  /opt/conda/envs/gdf/bin/python(+0x139ef3) [0x560a8dcd5ef3]
44  /opt/conda/envs/gdf/bin/python(_PyEval_EvalFrameDefault+0x68b) [0x560a8dcc581b]
45  /opt/conda/envs/gdf/bin/python(+0x12827a) [0x560a8dcc427a]
46  /opt/conda/envs/gdf/bin/python(_PyFunction_Vectorcall+0xd5) [0x560a8dcd5c05]
47  /opt/conda/envs/gdf/bin/python(_PyEval_EvalFrameDefault+0x68b) [0x560a8dcc581b]
48  /opt/conda/envs/gdf/bin/python(+0x139ef3) [0x560a8dcd5ef3]
49  /opt/conda/envs/gdf/bin/python(_PyEval_EvalFrameDefault+0x3d8) [0x560a8dcc5568]
50  /opt/conda/envs/gdf/bin/python(+0x12827a) [0x560a8dcc427a]
51  /opt/conda/envs/gdf/bin/python(_PyFunction_Vectorcall+0xd5) [0x560a8dcd5c05]
52  /opt/conda/envs/gdf/bin/python(_PyEval_EvalFrameDefault+0x123b) [0x560a8dcc63cb]
53  /opt/conda/envs/gdf/bin/python(+0x12827a) [0x560a8dcc427a]
54  /opt/conda/envs/gdf/bin/python(_PyEval_EvalCodeWithName+0x47) [0x560a8dcc3f07]
55  /opt/conda/envs/gdf/bin/python(PyEval_EvalCodeEx+0x39) [0x560a8dcc3eb9]
56  /opt/conda/envs/gdf/bin/python(PyEval_EvalCode+0x1b) [0x560a8dd748bb]
57  /opt/conda/envs/gdf/bin/python(+0x206adc) [0x560a8dda2adc]
58  /opt/conda/envs/gdf/bin/python(+0x202c24) [0x560a8dd9ec24]
59  /opt/conda/envs/gdf/bin/python(PyRun_StringFlags+0x9d) [0x560a8dd967ed]
60  /opt/conda/envs/gdf/bin/python(PyRun_SimpleStringFlags+0x3d) [0x560a8dd966bd]
61  /opt/conda/envs/gdf/bin/python(Py_RunMain+0x262) [0x560a8dd958a2]
=================================
[dgx13:76729:0:76729] Caught signal 11 (Segmentation fault: address not mapped to object at address 0x448)
==== backtrace (tid:  76729) ====
 0  /opt/conda/envs/gdf/lib/libucs.so.0(ucs_handle_error+0x2fd) [0x7f0ea0cc6f5d]
 1  /opt/conda/envs/gdf/lib/libucs.so.0(+0x2b154) [0x7f0ea0cc7154]
 2  /opt/conda/envs/gdf/lib/libucs.so.0(+0x2b31a) [0x7f0ea0cc731a]
 3  /usr/lib/x86_64-linux-gnu/libpthread.so.0(+0x14420) [0x7f0f413c1420]
 4  /opt/conda/envs/gdf/lib/libucp.so.0(ucp_mem_type_unpack+0x14) [0x7f0ea0d45bd4]
 5  /opt/conda/envs/gdf/lib/libucp.so.0(ucp_rndv_data_handler+0x4e9) [0x7f0ea0d6cef9]
 6  /opt/conda/envs/gdf/lib/libuct.so.0(+0x2033f) [0x7f0ea0c8033f]
 7  /opt/conda/envs/gdf/lib/libuct.so.0(+0x237a8) [0x7f0ea0c837a8]
 8  /opt/conda/envs/gdf/lib/libucs.so.0(ucs_event_set_wait+0xb9) [0x7f0ea0cd0529]
 9  /opt/conda/envs/gdf/lib/libuct.so.0(uct_tcp_iface_progress+0x7d) [0x7f0ea0c8253d]
10  /opt/conda/envs/gdf/lib/libucp.so.0(ucp_worker_progress+0x5a) [0x7f0ea0d42daa]
11  /opt/conda/envs/gdf/lib/python3.9/site-packages/ucp/_libs/ucx_api.cpython-39-x86_64-linux-gnu.so(+0x2b17a) [0x7f0ea0df417a]
12  /opt/conda/envs/gdf/bin/python(+0x13eb08) [0x5568bd6b8b08]
13  /opt/conda/envs/gdf/bin/python(_PyEval_EvalFrameDefault+0x5f82) [0x5568bd6a9112]
14  /opt/conda/envs/gdf/bin/python(+0x12827a) [0x5568bd6a227a]
15  /opt/conda/envs/gdf/bin/python(_PyFunction_Vectorcall+0xd5) [0x5568bd6b3c05]
16  /opt/conda/envs/gdf/bin/python(_PyEval_EvalFrameDefault+0x68b) [0x5568bd6a381b]
17  /opt/conda/envs/gdf/bin/python(+0x139ef3) [0x5568bd6b3ef3]
18  /opt/conda/envs/gdf/bin/python(+0x147a16) [0x5568bd6c1a16]
19  /opt/conda/envs/gdf/bin/python(+0x2579b1) [0x5568bd7d19b1]
20  /opt/conda/envs/gdf/bin/python(+0xe5817) [0x5568bd65f817]
21  /opt/conda/envs/gdf/bin/python(+0x130f83) [0x5568bd6aaf83]
22  /opt/conda/envs/gdf/bin/python(_PyEval_EvalFrameDefault+0x5ba6) [0x5568bd6a8d36]
23  /opt/conda/envs/gdf/bin/python(+0x139ef3) [0x5568bd6b3ef3]
24  /opt/conda/envs/gdf/bin/python(_PyEval_EvalFrameDefault+0x68b) [0x5568bd6a381b]
25  /opt/conda/envs/gdf/bin/python(+0x139ef3) [0x5568bd6b3ef3]
26  /opt/conda/envs/gdf/bin/python(_PyEval_EvalFrameDefault+0x68b) [0x5568bd6a381b]
27  /opt/conda/envs/gdf/bin/python(+0x139ef3) [0x5568bd6b3ef3]
28  /opt/conda/envs/gdf/bin/python(_PyEval_EvalFrameDefault+0x68b) [0x5568bd6a381b]
29  /opt/conda/envs/gdf/bin/python(+0x139ef3) [0x5568bd6b3ef3]
30  /opt/conda/envs/gdf/bin/python(_PyEval_EvalFrameDefault+0x68b) [0x5568bd6a381b]
31  /opt/conda/envs/gdf/bin/python(+0x12827a) [0x5568bd6a227a]
32  /opt/conda/envs/gdf/bin/python(_PyFunction_Vectorcall+0xd5) [0x5568bd6b3c05]
33  /opt/conda/envs/gdf/bin/python(_PyEval_EvalFrameDefault+0x4e17) [0x5568bd6a7fa7]
34  /opt/conda/envs/gdf/bin/python(+0x12827a) [0x5568bd6a227a]
35  /opt/conda/envs/gdf/bin/python(+0x147935) [0x5568bd6c1935]
36  /opt/conda/envs/gdf/bin/python(PyObject_Call+0xb4) [0x5568bd6c2104]
37  /opt/conda/envs/gdf/bin/python(+0x20efc8) [0x5568bd788fc8]
38  /opt/conda/envs/gdf/bin/python(_PyObject_MakeTpCall+0x2fc) [0x5568bd6ac2bc]
39  /opt/conda/envs/gdf/bin/python(_PyEval_EvalFrameDefault+0x402b) [0x5568bd6a71bb]
40  /opt/conda/envs/gdf/bin/python(+0x139ef3) [0x5568bd6b3ef3]
41  /opt/conda/envs/gdf/bin/python(+0x147c72) [0x5568bd6c1c72]
42  /opt/conda/envs/gdf/bin/python(_PyEval_EvalFrameDefault+0x402b) [0x5568bd6a71bb]
43  /opt/conda/envs/gdf/bin/python(+0x139ef3) [0x5568bd6b3ef3]
44  /opt/conda/envs/gdf/bin/python(_PyEval_EvalFrameDefault+0x68b) [0x5568bd6a381b]
45  /opt/conda/envs/gdf/bin/python(+0x12827a) [0x5568bd6a227a]
46  /opt/conda/envs/gdf/bin/python(_PyFunction_Vectorcall+0xd5) [0x5568bd6b3c05]
47  /opt/conda/envs/gdf/bin/python(_PyEval_EvalFrameDefault+0x68b) [0x5568bd6a381b]
48  /opt/conda/envs/gdf/bin/python(+0x139ef3) [0x5568bd6b3ef3]
49  /opt/conda/envs/gdf/bin/python(_PyEval_EvalFrameDefault+0x3d8) [0x5568bd6a3568]
50  /opt/conda/envs/gdf/bin/python(+0x12827a) [0x5568bd6a227a]
51  /opt/conda/envs/gdf/bin/python(_PyFunction_Vectorcall+0xd5) [0x5568bd6b3c05]
52  /opt/conda/envs/gdf/bin/python(_PyEval_EvalFrameDefault+0x123b) [0x5568bd6a43cb]
53  /opt/conda/envs/gdf/bin/python(+0x12827a) [0x5568bd6a227a]
54  /opt/conda/envs/gdf/bin/python(_PyEval_EvalCodeWithName+0x47) [0x5568bd6a1f07]
55  /opt/conda/envs/gdf/bin/python(PyEval_EvalCodeEx+0x39) [0x5568bd6a1eb9]
56  /opt/conda/envs/gdf/bin/python(PyEval_EvalCode+0x1b) [0x5568bd7528bb]
57  /opt/conda/envs/gdf/bin/python(+0x206adc) [0x5568bd780adc]
58  /opt/conda/envs/gdf/bin/python(+0x202c24) [0x5568bd77cc24]
59  /opt/conda/envs/gdf/bin/python(PyRun_StringFlags+0x9d) [0x5568bd7747ed]
60  /opt/conda/envs/gdf/bin/python(PyRun_SimpleStringFlags+0x3d) [0x5568bd7746bd]
61  /opt/conda/envs/gdf/bin/python(Py_RunMain+0x262) [0x5568bd7738a2]
=================================
2023-06-06 06:16:50,924 - distributed.worker - ERROR - failed during get data with ucx://127.0.0.1:37305 -> ucx://127.0.0.1:55803
Traceback (most recent call last):
  File "/opt/conda/envs/gdf/lib/python3.9/site-packages/distributed/comm/ucx.py", line 333, in write
    await self.ep.send(each_frame)
  File "/opt/conda/envs/gdf/lib/python3.9/site-packages/ucp/core.py", line 650, in send
    return await comm.tag_send(self._ep, buffer, nbytes, tag, name=log)
ucp._libs.exceptions.UCXError: <[Send #007] ep: 0x7f5c10225300, tag: 0xa4ade86b3fd5ea6b, nbytes: 50000000, type: <class 'cupy.ndarray'>>: Connection reset by remote peer

During handling of the above exception, another exception occurred:

Traceback (most recent call last):
  File "/opt/conda/envs/gdf/lib/python3.9/site-packages/distributed/worker.py", line 1792, in get_data
    compressed = await comm.write(msg, serializers=serializers)
  File "/opt/conda/envs/gdf/lib/python3.9/site-packages/distributed/utils.py", line 752, in wrapper
    return await func(*args, **kwargs)
  File "/opt/conda/envs/gdf/lib/python3.9/site-packages/distributed/comm/ucx.py", line 337, in write
    raise CommClosedError("While writing, the connection was closed")
distributed.comm.core.CommClosedError: While writing, the connection was closed
2023-06-06 06:16:50,924 - distributed.worker - ERROR - failed during get data with ucx://127.0.0.1:57179 -> ucx://127.0.0.1:55803
Traceback (most recent call last):
  File "/opt/conda/envs/gdf/lib/python3.9/site-packages/distributed/comm/ucx.py", line 333, in write
    await self.ep.send(each_frame)
  File "/opt/conda/envs/gdf/lib/python3.9/site-packages/ucp/core.py", line 650, in send
    return await comm.tag_send(self._ep, buffer, nbytes, tag, name=log)
ucp._libs.exceptions.UCXError: <[Send #007] ep: 0x7f649740e180, tag: 0x98cdace8cae819ae, nbytes: 50000000, type: <class 'cupy.ndarray'>>: Connection reset by remote peer

During handling of the above exception, another exception occurred:

Traceback (most recent call last):
  File "/opt/conda/envs/gdf/lib/python3.9/site-packages/distributed/worker.py", line 1792, in get_data
    compressed = await comm.write(msg, serializers=serializers)
  File "/opt/conda/envs/gdf/lib/python3.9/site-packages/distributed/utils.py", line 752, in wrapper
    return await func(*args, **kwargs)
  File "/opt/conda/envs/gdf/lib/python3.9/site-packages/distributed/comm/ucx.py", line 337, in write
    raise CommClosedError("While writing, the connection was closed")
distributed.comm.core.CommClosedError: While writing, the connection was closed
2023-06-06 06:16:50,930 - distributed.worker - ERROR - failed during get data with ucx://127.0.0.1:37305 -> ucx://127.0.0.1:51805
Traceback (most recent call last):
  File "/opt/conda/envs/gdf/lib/python3.9/site-packages/distributed/comm/ucx.py", line 333, in write
    await self.ep.send(each_frame)
  File "/opt/conda/envs/gdf/lib/python3.9/site-packages/ucp/core.py", line 650, in send
    return await comm.tag_send(self._ep, buffer, nbytes, tag, name=log)
ucp._libs.exceptions.UCXError: <[Send #007] ep: 0x7f5c102251c0, tag: 0x36e82203efaebd20, nbytes: 50000000, type: <class 'cupy.ndarray'>>: Connection reset by remote peer

During handling of the above exception, another exception occurred:

Traceback (most recent call last):
  File "/opt/conda/envs/gdf/lib/python3.9/site-packages/distributed/worker.py", line 1792, in get_data
    compressed = await comm.write(msg, serializers=serializers)
  File "/opt/conda/envs/gdf/lib/python3.9/site-packages/distributed/utils.py", line 752, in wrapper
    return await func(*args, **kwargs)
  File "/opt/conda/envs/gdf/lib/python3.9/site-packages/distributed/comm/ucx.py", line 337, in write
    raise CommClosedError("While writing, the connection was closed")
distributed.comm.core.CommClosedError: While writing, the connection was closed
2023-06-06 06:16:50,929 - distributed.worker - ERROR - failed during get data with ucx://127.0.0.1:51451 -> ucx://127.0.0.1:51805
Traceback (most recent call last):
  File "/opt/conda/envs/gdf/lib/python3.9/site-packages/distributed/comm/ucx.py", line 333, in write
    await self.ep.send(each_frame)
  File "/opt/conda/envs/gdf/lib/python3.9/site-packages/ucp/core.py", line 650, in send
    return await comm.tag_send(self._ep, buffer, nbytes, tag, name=log)
ucp._libs.exceptions.UCXError: <[Send #007] ep: 0x7f373c7cd100, tag: 0x7a48f00e1fd88e5b, nbytes: 50000000, type: <class 'cupy.ndarray'>>: Connection reset by remote peer

During handling of the above exception, another exception occurred:

Traceback (most recent call last):
  File "/opt/conda/envs/gdf/lib/python3.9/site-packages/distributed/worker.py", line 1792, in get_data
    compressed = await comm.write(msg, serializers=serializers)
  File "/opt/conda/envs/gdf/lib/python3.9/site-packages/distributed/utils.py", line 752, in wrapper
    return await func(*args, **kwargs)
  File "/opt/conda/envs/gdf/lib/python3.9/site-packages/distributed/comm/ucx.py", line 337, in write
    raise CommClosedError("While writing, the connection was closed")
distributed.comm.core.CommClosedError: While writing, the connection was closed
2023-06-06 06:16:50,930 - distributed.worker - ERROR - failed during get data with ucx://127.0.0.1:57179 -> ucx://127.0.0.1:38683
Traceback (most recent call last):
  File "/opt/conda/envs/gdf/lib/python3.9/site-packages/distributed/comm/ucx.py", line 333, in write
    await self.ep.send(each_frame)
  File "/opt/conda/envs/gdf/lib/python3.9/site-packages/ucp/core.py", line 650, in send
    return await comm.tag_send(self._ep, buffer, nbytes, tag, name=log)
ucp._libs.exceptions.UCXError: <[Send #007] ep: 0x7f649740e300, tag: 0xfa82f42b95f9f9ef, nbytes: 50000000, type: <class 'cupy.ndarray'>>: Connection reset by remote peer

During handling of the above exception, another exception occurred:

Traceback (most recent call last):
  File "/opt/conda/envs/gdf/lib/python3.9/site-packages/distributed/worker.py", line 1792, in get_data
    compressed = await comm.write(msg, serializers=serializers)
  File "/opt/conda/envs/gdf/lib/python3.9/site-packages/distributed/utils.py", line 752, in wrapper
    return await func(*args, **kwargs)
  File "/opt/conda/envs/gdf/lib/python3.9/site-packages/distributed/comm/ucx.py", line 337, in write
    raise CommClosedError("While writing, the connection was closed")
distributed.comm.core.CommClosedError: While writing, the connection was closed
2023-06-06 06:16:50,972 - distributed.nanny - WARNING - Restarting worker
2023-06-06 06:16:51,006 - distributed.nanny - WARNING - Restarting worker
2023-06-06 06:16:51,035 - distributed.nanny - WARNING - Restarting worker
2023-06-06 06:16:52,383 - distributed.preloading - INFO - Creating preload: dask_cuda.initialize
2023-06-06 06:16:52,383 - distributed.preloading - INFO - Import preload module: dask_cuda.initialize
2023-06-06 06:16:52,427 - distributed.preloading - INFO - Creating preload: dask_cuda.initialize
2023-06-06 06:16:52,427 - distributed.preloading - INFO - Import preload module: dask_cuda.initialize
2023-06-06 06:16:52,476 - distributed.preloading - INFO - Creating preload: dask_cuda.initialize
2023-06-06 06:16:52,476 - distributed.preloading - INFO - Import preload module: dask_cuda.initialize
/opt/conda/envs/gdf/lib/python3.9/multiprocessing/resource_tracker.py:216: UserWarning: resource_tracker: There appear to be 48 leaked semaphore objects to clean up at shutdown
  warnings.warn('resource_tracker: There appear to be %d '
