2022-11-02 01:00:43,467 - distributed.preloading - INFO - Creating preload: dask_cuda.initialize
2022-11-02 01:00:43,467 - distributed.preloading - INFO - Import preload module: dask_cuda.initialize
2022-11-02 01:00:43,467 - distributed.preloading - INFO - Creating preload: dask_cuda.initialize
2022-11-02 01:00:43,468 - distributed.preloading - INFO - Import preload module: dask_cuda.initialize
2022-11-02 01:00:43,475 - distributed.preloading - INFO - Creating preload: dask_cuda.initialize
2022-11-02 01:00:43,475 - distributed.preloading - INFO - Import preload module: dask_cuda.initialize
2022-11-02 01:00:43,476 - distributed.preloading - INFO - Creating preload: dask_cuda.initialize
2022-11-02 01:00:43,476 - distributed.preloading - INFO - Import preload module: dask_cuda.initialize
2022-11-02 01:00:43,479 - distributed.preloading - INFO - Creating preload: dask_cuda.initialize
2022-11-02 01:00:43,480 - distributed.preloading - INFO - Import preload module: dask_cuda.initialize
2022-11-02 01:00:43,484 - distributed.preloading - INFO - Creating preload: dask_cuda.initialize
2022-11-02 01:00:43,484 - distributed.preloading - INFO - Import preload module: dask_cuda.initialize
2022-11-02 01:00:43,490 - distributed.preloading - INFO - Creating preload: dask_cuda.initialize
2022-11-02 01:00:43,490 - distributed.preloading - INFO - Import preload module: dask_cuda.initialize
2022-11-02 01:00:43,515 - distributed.preloading - INFO - Creating preload: dask_cuda.initialize
2022-11-02 01:00:43,516 - distributed.preloading - INFO - Import preload module: dask_cuda.initialize
[dgx13:7426 :0:7426] Caught signal 11 (Segmentation fault: invalid permissions for mapped object at address 0x214157c58)
==== backtrace (tid:   7426) ====
 0  /datasets/pentschev/miniconda3/envs/gdf/lib/libucs.so.0(ucs_handle_error+0x2d4) [0x7f98280611e4]
 1  /datasets/pentschev/miniconda3/envs/gdf/lib/libucs.so.0(+0x2e3bf) [0x7f98280613bf]
 2  /datasets/pentschev/miniconda3/envs/gdf/lib/libucs.so.0(+0x2e6e4) [0x7f98280616e4]
 3  /lib/x86_64-linux-gnu/libpthread.so.0(+0x12980) [0x7f98c6da5980]
 4  /datasets/pentschev/miniconda3/envs/gdf/lib/libucp.so.0(ucp_mem_type_unpack+0x14) [0x7f98282e4914]
 5  /datasets/pentschev/miniconda3/envs/gdf/lib/libucp.so.0(ucp_rndv_data_handler+0x508) [0x7f9828314eb8]
 6  /datasets/pentschev/miniconda3/envs/gdf/lib/libuct.so.0(+0x207bf) [0x7f9821de37bf]
 7  /datasets/pentschev/miniconda3/envs/gdf/lib/libuct.so.0(+0x20d94) [0x7f9821de3d94]
 8  /datasets/pentschev/miniconda3/envs/gdf/lib/libuct.so.0(+0x231e8) [0x7f9821de61e8]
 9  /datasets/pentschev/miniconda3/envs/gdf/lib/libucs.so.0(ucs_event_set_wait+0xb9) [0x7f982806b8b9]
10  /datasets/pentschev/miniconda3/envs/gdf/lib/libuct.so.0(uct_tcp_iface_progress+0x7b) [0x7f9821de628b]
11  /datasets/pentschev/miniconda3/envs/gdf/lib/libucp.so.0(ucp_worker_progress+0x6a) [0x7f98282e11fa]
12  /datasets/pentschev/miniconda3/envs/gdf/lib/python3.8/site-packages/ucp/_libs/ucx_api.cpython-38-x86_64-linux-gnu.so(+0x27ef9) [0x7f982859cef9]
13  /datasets/pentschev/miniconda3/envs/gdf/bin/python(+0x131397) [0x557358abf397]
14  /datasets/pentschev/miniconda3/envs/gdf/bin/python(PyObject_Call+0x2d2) [0x557358acc172]
15  /datasets/pentschev/miniconda3/envs/gdf/bin/python(_PyEval_EvalFrameDefault+0x2150) [0x557358aab870]
16  /datasets/pentschev/miniconda3/envs/gdf/bin/python(_PyEval_EvalCodeWithName+0x9f6) [0x557358aa8b76]
17  /datasets/pentschev/miniconda3/envs/gdf/bin/python(_PyFunction_Vectorcall+0x18c) [0x557358aba33c]
18  /datasets/pentschev/miniconda3/envs/gdf/bin/python(_PyEval_EvalFrameDefault+0x67d) [0x557358aa9d9d]
19  /datasets/pentschev/miniconda3/envs/gdf/bin/python(+0x143ad0) [0x557358ad1ad0]
20  /datasets/pentschev/miniconda3/envs/gdf/lib/python3.8/lib-dynload/_asyncio.cpython-38-x86_64-linux-gnu.so(+0x700d) [0x7f98b6cb200d]
21  /datasets/pentschev/miniconda3/envs/gdf/bin/python(_PyObject_MakeTpCall+0x501) [0x557358ab2631]
22  /datasets/pentschev/miniconda3/envs/gdf/bin/python(+0xda441) [0x557358a68441]
23  /datasets/pentschev/miniconda3/envs/gdf/bin/python(+0x1230c6) [0x557358ab10c6]
24  /datasets/pentschev/miniconda3/envs/gdf/bin/python(PyVectorcall_Call+0x6f) [0x557358aca0bf]
25  /datasets/pentschev/miniconda3/envs/gdf/bin/python(_PyEval_EvalFrameDefault+0x560e) [0x557358aaed2e]
26  /datasets/pentschev/miniconda3/envs/gdf/bin/python(_PyFunction_Vectorcall+0xf6) [0x557358aba2a6]
27  /datasets/pentschev/miniconda3/envs/gdf/bin/python(_PyEval_EvalFrameDefault+0x67d) [0x557358aa9d9d]
28  /datasets/pentschev/miniconda3/envs/gdf/bin/python(_PyFunction_Vectorcall+0xf6) [0x557358aba2a6]
29  /datasets/pentschev/miniconda3/envs/gdf/bin/python(_PyEval_EvalFrameDefault+0x67d) [0x557358aa9d9d]
30  /datasets/pentschev/miniconda3/envs/gdf/bin/python(_PyFunction_Vectorcall+0xf6) [0x557358aba2a6]
31  /datasets/pentschev/miniconda3/envs/gdf/bin/python(_PyEval_EvalFrameDefault+0x67d) [0x557358aa9d9d]
32  /datasets/pentschev/miniconda3/envs/gdf/bin/python(_PyFunction_Vectorcall+0xf6) [0x557358aba2a6]
33  /datasets/pentschev/miniconda3/envs/gdf/bin/python(_PyEval_EvalFrameDefault+0x67d) [0x557358aa9d9d]
34  /datasets/pentschev/miniconda3/envs/gdf/bin/python(_PyEval_EvalCodeWithName+0x9f6) [0x557358aa8b76]
35  /datasets/pentschev/miniconda3/envs/gdf/bin/python(_PyFunction_Vectorcall+0x18c) [0x557358aba33c]
36  /datasets/pentschev/miniconda3/envs/gdf/bin/python(_PyEval_EvalFrameDefault+0x67d) [0x557358aa9d9d]
37  /datasets/pentschev/miniconda3/envs/gdf/bin/python(_PyEval_EvalCodeWithName+0x9f6) [0x557358aa8b76]
38  /datasets/pentschev/miniconda3/envs/gdf/bin/python(_PyFunction_Vectorcall+0x18c) [0x557358aba33c]
39  /datasets/pentschev/miniconda3/envs/gdf/bin/python(+0x13bc72) [0x557358ac9c72]
40  /datasets/pentschev/miniconda3/envs/gdf/bin/python(PyObject_Call+0x1fc) [0x557358acc09c]
41  /datasets/pentschev/miniconda3/envs/gdf/bin/python(_PyEval_EvalFrameDefault+0x2150) [0x557358aab870]
42  /datasets/pentschev/miniconda3/envs/gdf/bin/python(_PyFunction_Vectorcall+0xf6) [0x557358aba2a6]
43  /datasets/pentschev/miniconda3/envs/gdf/bin/python(+0x13bc72) [0x557358ac9c72]
44  /datasets/pentschev/miniconda3/envs/gdf/bin/python(PyObject_Call+0x2d2) [0x557358acc172]
45  /datasets/pentschev/miniconda3/envs/gdf/bin/python(_PyEval_EvalFrameDefault+0x2150) [0x557358aab870]
46  /datasets/pentschev/miniconda3/envs/gdf/bin/python(_PyFunction_Vectorcall+0xf6) [0x557358aba2a6]
47  /datasets/pentschev/miniconda3/envs/gdf/bin/python(_PyEval_EvalFrameDefault+0x67d) [0x557358aa9d9d]
48  /datasets/pentschev/miniconda3/envs/gdf/bin/python(_PyEval_EvalCodeWithName+0x2e1) [0x557358aa8461]
49  /datasets/pentschev/miniconda3/envs/gdf/bin/python(_PyFunction_Vectorcall+0x18c) [0x557358aba33c]
50  /datasets/pentschev/miniconda3/envs/gdf/bin/python(_PyEval_EvalFrameDefault+0x67d) [0x557358aa9d9d]
51  /datasets/pentschev/miniconda3/envs/gdf/bin/python(_PyFunction_Vectorcall+0xf6) [0x557358aba2a6]
52  /datasets/pentschev/miniconda3/envs/gdf/bin/python(_PyEval_EvalFrameDefault+0x38b) [0x557358aa9aab]
53  /datasets/pentschev/miniconda3/envs/gdf/bin/python(_PyEval_EvalCodeWithName+0x2e1) [0x557358aa8461]
54  /datasets/pentschev/miniconda3/envs/gdf/bin/python(_PyFunction_Vectorcall+0x18c) [0x557358aba33c]
55  /datasets/pentschev/miniconda3/envs/gdf/bin/python(_PyEval_EvalFrameDefault+0x10e8) [0x557358aaa808]
56  /datasets/pentschev/miniconda3/envs/gdf/bin/python(_PyEval_EvalCodeWithName+0x2e1) [0x557358aa8461]
57  /datasets/pentschev/miniconda3/envs/gdf/bin/python(PyEval_EvalCodeEx+0x39) [0x557358b67de9]
58  /datasets/pentschev/miniconda3/envs/gdf/bin/python(PyEval_EvalCode+0x1b) [0x557358b67dab]
59  /datasets/pentschev/miniconda3/envs/gdf/bin/python(+0x1fa903) [0x557358b88903]
60  /datasets/pentschev/miniconda3/envs/gdf/bin/python(+0x1f98e3) [0x557358b878e3]
61  /datasets/pentschev/miniconda3/envs/gdf/bin/python(PyRun_StringFlags+0x7d) [0x557358b852ad]
=================================
[dgx13:7432 :0:7432] Caught signal 11 (Segmentation fault: Sent by the kernel at address (nil))
==== backtrace (tid:   7432) ====
 0  /datasets/pentschev/miniconda3/envs/gdf/lib/libucs.so.0(ucs_handle_error+0x2d4) [0x7f3c61dcc1e4]
 1  /datasets/pentschev/miniconda3/envs/gdf/lib/libucs.so.0(+0x2e3bf) [0x7f3c61dcc3bf]
 2  /datasets/pentschev/miniconda3/envs/gdf/lib/libucs.so.0(+0x2e6e4) [0x7f3c61dcc6e4]
 3  /lib/x86_64-linux-gnu/libpthread.so.0(+0x12980) [0x7f3d04b96980]
 4  /datasets/pentschev/miniconda3/envs/gdf/lib/libucp.so.0(ucp_mem_type_unpack+0x14) [0x7f3c780da914]
 5  /datasets/pentschev/miniconda3/envs/gdf/lib/libucp.so.0(ucp_rndv_data_handler+0x508) [0x7f3c7810aeb8]
 6  /datasets/pentschev/miniconda3/envs/gdf/lib/libuct.so.0(+0x207bf) [0x7f3c61b817bf]
 7  /datasets/pentschev/miniconda3/envs/gdf/lib/libuct.so.0(+0x20d94) [0x7f3c61b81d94]
 8  /datasets/pentschev/miniconda3/envs/gdf/lib/libuct.so.0(+0x231e8) [0x7f3c61b841e8]
 9  /datasets/pentschev/miniconda3/envs/gdf/lib/libucs.so.0(ucs_event_set_wait+0xb9) [0x7f3c61dd68b9]
10  /datasets/pentschev/miniconda3/envs/gdf/lib/libuct.so.0(uct_tcp_iface_progress+0x7b) [0x7f3c61b8428b]
11  /datasets/pentschev/miniconda3/envs/gdf/lib/libucp.so.0(ucp_worker_progress+0x6a) [0x7f3c780d71fa]
12  /datasets/pentschev/miniconda3/envs/gdf/lib/python3.8/site-packages/ucp/_libs/ucx_api.cpython-38-x86_64-linux-gnu.so(+0x27ef9) [0x7f3c78392ef9]
13  /datasets/pentschev/miniconda3/envs/gdf/bin/python(+0x131397) [0x56321de83397]
14  /datasets/pentschev/miniconda3/envs/gdf/bin/python(PyObject_Call+0x2d2) [0x56321de90172]
15  /datasets/pentschev/miniconda3/envs/gdf/bin/python(_PyEval_EvalFrameDefault+0x2150) [0x56321de6f870]
16  /datasets/pentschev/miniconda3/envs/gdf/bin/python(_PyEval_EvalCodeWithName+0x9f6) [0x56321de6cb76]
17  /datasets/pentschev/miniconda3/envs/gdf/bin/python(_PyFunction_Vectorcall+0x18c) [0x56321de7e33c]
18  /datasets/pentschev/miniconda3/envs/gdf/bin/python(_PyEval_EvalFrameDefault+0x67d) [0x56321de6dd9d]
19  /datasets/pentschev/miniconda3/envs/gdf/bin/python(_PyFunction_Vectorcall+0xf6) [0x56321de7e2a6]
20  /datasets/pentschev/miniconda3/envs/gdf/bin/python(+0x13ba3b) [0x56321de8da3b]
21  /datasets/pentschev/miniconda3/envs/gdf/bin/python(+0x244c6a) [0x56321df96c6a]
22  /datasets/pentschev/miniconda3/envs/gdf/bin/python(+0xda441) [0x56321de2c441]
23  /datasets/pentschev/miniconda3/envs/gdf/bin/python(+0x1230c6) [0x56321de750c6]
24  /datasets/pentschev/miniconda3/envs/gdf/bin/python(PyVectorcall_Call+0x6f) [0x56321de8e0bf]
25  /datasets/pentschev/miniconda3/envs/gdf/bin/python(_PyEval_EvalFrameDefault+0x560e) [0x56321de72d2e]
26  /datasets/pentschev/miniconda3/envs/gdf/bin/python(_PyFunction_Vectorcall+0xf6) [0x56321de7e2a6]
27  /datasets/pentschev/miniconda3/envs/gdf/bin/python(_PyEval_EvalFrameDefault+0x67d) [0x56321de6dd9d]
28  /datasets/pentschev/miniconda3/envs/gdf/bin/python(_PyFunction_Vectorcall+0xf6) [0x56321de7e2a6]
29  /datasets/pentschev/miniconda3/envs/gdf/bin/python(_PyEval_EvalFrameDefault+0x67d) [0x56321de6dd9d]
30  /datasets/pentschev/miniconda3/envs/gdf/bin/python(_PyFunction_Vectorcall+0xf6) [0x56321de7e2a6]
31  /datasets/pentschev/miniconda3/envs/gdf/bin/python(_PyEval_EvalFrameDefault+0x67d) [0x56321de6dd9d]
32  /datasets/pentschev/miniconda3/envs/gdf/bin/python(_PyFunction_Vectorcall+0xf6) [0x56321de7e2a6]
33  /datasets/pentschev/miniconda3/envs/gdf/bin/python(_PyEval_EvalFrameDefault+0x67d) [0x56321de6dd9d]
34  /datasets/pentschev/miniconda3/envs/gdf/bin/python(_PyEval_EvalCodeWithName+0x9f6) [0x56321de6cb76]
35  /datasets/pentschev/miniconda3/envs/gdf/bin/python(_PyFunction_Vectorcall+0x18c) [0x56321de7e33c]
36  /datasets/pentschev/miniconda3/envs/gdf/bin/python(_PyEval_EvalFrameDefault+0x67d) [0x56321de6dd9d]
37  /datasets/pentschev/miniconda3/envs/gdf/bin/python(_PyEval_EvalCodeWithName+0x9f6) [0x56321de6cb76]
38  /datasets/pentschev/miniconda3/envs/gdf/bin/python(_PyFunction_Vectorcall+0x18c) [0x56321de7e33c]
39  /datasets/pentschev/miniconda3/envs/gdf/bin/python(+0x13bc72) [0x56321de8dc72]
40  /datasets/pentschev/miniconda3/envs/gdf/bin/python(PyObject_Call+0x1fc) [0x56321de9009c]
41  /datasets/pentschev/miniconda3/envs/gdf/bin/python(_PyEval_EvalFrameDefault+0x2150) [0x56321de6f870]
42  /datasets/pentschev/miniconda3/envs/gdf/bin/python(_PyFunction_Vectorcall+0xf6) [0x56321de7e2a6]
43  /datasets/pentschev/miniconda3/envs/gdf/bin/python(+0x13bc72) [0x56321de8dc72]
44  /datasets/pentschev/miniconda3/envs/gdf/bin/python(PyObject_Call+0x2d2) [0x56321de90172]
45  /datasets/pentschev/miniconda3/envs/gdf/bin/python(_PyEval_EvalFrameDefault+0x2150) [0x56321de6f870]
46  /datasets/pentschev/miniconda3/envs/gdf/bin/python(_PyFunction_Vectorcall+0xf6) [0x56321de7e2a6]
47  /datasets/pentschev/miniconda3/envs/gdf/bin/python(_PyEval_EvalFrameDefault+0x67d) [0x56321de6dd9d]
48  /datasets/pentschev/miniconda3/envs/gdf/bin/python(_PyEval_EvalCodeWithName+0x2e1) [0x56321de6c461]
49  /datasets/pentschev/miniconda3/envs/gdf/bin/python(_PyFunction_Vectorcall+0x18c) [0x56321de7e33c]
50  /datasets/pentschev/miniconda3/envs/gdf/bin/python(_PyEval_EvalFrameDefault+0x67d) [0x56321de6dd9d]
51  /datasets/pentschev/miniconda3/envs/gdf/bin/python(_PyFunction_Vectorcall+0xf6) [0x56321de7e2a6]
52  /datasets/pentschev/miniconda3/envs/gdf/bin/python(_PyEval_EvalFrameDefault+0x38b) [0x56321de6daab]
53  /datasets/pentschev/miniconda3/envs/gdf/bin/python(_PyEval_EvalCodeWithName+0x2e1) [0x56321de6c461]
54  /datasets/pentschev/miniconda3/envs/gdf/bin/python(_PyFunction_Vectorcall+0x18c) [0x56321de7e33c]
55  /datasets/pentschev/miniconda3/envs/gdf/bin/python(_PyEval_EvalFrameDefault+0x10e8) [0x56321de6e808]
56  /datasets/pentschev/miniconda3/envs/gdf/bin/python(_PyEval_EvalCodeWithName+0x2e1) [0x56321de6c461]
57  /datasets/pentschev/miniconda3/envs/gdf/bin/python(PyEval_EvalCodeEx+0x39) [0x56321df2bde9]
58  /datasets/pentschev/miniconda3/envs/gdf/bin/python(PyEval_EvalCode+0x1b) [0x56321df2bdab]
59  /datasets/pentschev/miniconda3/envs/gdf/bin/python(+0x1fa903) [0x56321df4c903]
60  /datasets/pentschev/miniconda3/envs/gdf/bin/python(+0x1f98e3) [0x56321df4b8e3]
61  /datasets/pentschev/miniconda3/envs/gdf/bin/python(PyRun_StringFlags+0x7d) [0x56321df492ad]
=================================
[dgx13:7408 :0:7408] Caught signal 11 (Segmentation fault: invalid permissions for mapped object at address 0x8ff08465a)
==== backtrace (tid:   7408) ====
 0  /datasets/pentschev/miniconda3/envs/gdf/lib/libucs.so.0(ucs_handle_error+0x2d4) [0x7fcfa41ee1e4]
 1  /datasets/pentschev/miniconda3/envs/gdf/lib/libucs.so.0(+0x2e3bf) [0x7fcfa41ee3bf]
 2  /datasets/pentschev/miniconda3/envs/gdf/lib/libucs.so.0(+0x2e6e4) [0x7fcfa41ee6e4]
 3  /lib/x86_64-linux-gnu/libpthread.so.0(+0x12980) [0x7fd042f2f980]
 4  /datasets/pentschev/miniconda3/envs/gdf/lib/libucp.so.0(ucp_mem_type_unpack+0x14) [0x7fcfa4471914]
 5  /datasets/pentschev/miniconda3/envs/gdf/lib/libucp.so.0(ucp_rndv_data_handler+0x508) [0x7fcfa44a1eb8]
 6  /datasets/pentschev/miniconda3/envs/gdf/lib/libuct.so.0(+0x207bf) [0x7fcfa1de37bf]
 7  /datasets/pentschev/miniconda3/envs/gdf/lib/libuct.so.0(+0x20d94) [0x7fcfa1de3d94]
 8  /datasets/pentschev/miniconda3/envs/gdf/lib/libuct.so.0(+0x231e8) [0x7fcfa1de61e8]
 9  /datasets/pentschev/miniconda3/envs/gdf/lib/libucs.so.0(ucs_event_set_wait+0xb9) [0x7fcfa41f88b9]
10  /datasets/pentschev/miniconda3/envs/gdf/lib/libuct.so.0(uct_tcp_iface_progress+0x7b) [0x7fcfa1de628b]
11  /datasets/pentschev/miniconda3/envs/gdf/lib/libucp.so.0(ucp_worker_progress+0x6a) [0x7fcfa446e1fa]
12  /datasets/pentschev/miniconda3/envs/gdf/lib/python3.8/site-packages/ucp/_libs/ucx_api.cpython-38-x86_64-linux-gnu.so(+0x27ef9) [0x7fcfa4729ef9]
13  /datasets/pentschev/miniconda3/envs/gdf/bin/python(+0x131397) [0x55bd87b7e397]
14  /datasets/pentschev/miniconda3/envs/gdf/bin/python(PyObject_Call+0x2d2) [0x55bd87b8b172]
15  /datasets/pentschev/miniconda3/envs/gdf/bin/python(_PyEval_EvalFrameDefault+0x2150) [0x55bd87b6a870]
16  /datasets/pentschev/miniconda3/envs/gdf/bin/python(_PyEval_EvalCodeWithName+0x9f6) [0x55bd87b67b76]
17  /datasets/pentschev/miniconda3/envs/gdf/bin/python(_PyFunction_Vectorcall+0x18c) [0x55bd87b7933c]
18  /datasets/pentschev/miniconda3/envs/gdf/bin/python(_PyEval_EvalFrameDefault+0x67d) [0x55bd87b68d9d]
19  /datasets/pentschev/miniconda3/envs/gdf/bin/python(+0x143ad0) [0x55bd87b90ad0]
20  /datasets/pentschev/miniconda3/envs/gdf/lib/python3.8/lib-dynload/_asyncio.cpython-38-x86_64-linux-gnu.so(+0x700d) [0x7fd032e3d00d]
21  /datasets/pentschev/miniconda3/envs/gdf/bin/python(_PyObject_MakeTpCall+0x501) [0x55bd87b71631]
22  /datasets/pentschev/miniconda3/envs/gdf/bin/python(+0xda441) [0x55bd87b27441]
23  /datasets/pentschev/miniconda3/envs/gdf/bin/python(+0x1230c6) [0x55bd87b700c6]
24  /datasets/pentschev/miniconda3/envs/gdf/bin/python(PyVectorcall_Call+0x6f) [0x55bd87b890bf]
25  /datasets/pentschev/miniconda3/envs/gdf/bin/python(_PyEval_EvalFrameDefault+0x560e) [0x55bd87b6dd2e]
26  /datasets/pentschev/miniconda3/envs/gdf/bin/python(_PyFunction_Vectorcall+0xf6) [0x55bd87b792a6]
27  /datasets/pentschev/miniconda3/envs/gdf/bin/python(_PyEval_EvalFrameDefault+0x67d) [0x55bd87b68d9d]
28  /datasets/pentschev/miniconda3/envs/gdf/bin/python(_PyFunction_Vectorcall+0xf6) [0x55bd87b792a6]
29  /datasets/pentschev/miniconda3/envs/gdf/bin/python(_PyEval_EvalFrameDefault+0x67d) [0x55bd87b68d9d]
30  /datasets/pentschev/miniconda3/envs/gdf/bin/python(_PyFunction_Vectorcall+0xf6) [0x55bd87b792a6]
31  /datasets/pentschev/miniconda3/envs/gdf/bin/python(_PyEval_EvalFrameDefault+0x67d) [0x55bd87b68d9d]
32  /datasets/pentschev/miniconda3/envs/gdf/bin/python(_PyFunction_Vectorcall+0xf6) [0x55bd87b792a6]
33  /datasets/pentschev/miniconda3/envs/gdf/bin/python(_PyEval_EvalFrameDefault+0x67d) [0x55bd87b68d9d]
34  /datasets/pentschev/miniconda3/envs/gdf/bin/python(_PyEval_EvalCodeWithName+0x9f6) [0x55bd87b67b76]
35  /datasets/pentschev/miniconda3/envs/gdf/bin/python(_PyFunction_Vectorcall+0x18c) [0x55bd87b7933c]
36  /datasets/pentschev/miniconda3/envs/gdf/bin/python(_PyEval_EvalFrameDefault+0x67d) [0x55bd87b68d9d]
37  /datasets/pentschev/miniconda3/envs/gdf/bin/python(_PyEval_EvalCodeWithName+0x9f6) [0x55bd87b67b76]
38  /datasets/pentschev/miniconda3/envs/gdf/bin/python(_PyFunction_Vectorcall+0x18c) [0x55bd87b7933c]
39  /datasets/pentschev/miniconda3/envs/gdf/bin/python(+0x13bc72) [0x55bd87b88c72]
40  /datasets/pentschev/miniconda3/envs/gdf/bin/python(PyObject_Call+0x1fc) [0x55bd87b8b09c]
41  /datasets/pentschev/miniconda3/envs/gdf/bin/python(_PyEval_EvalFrameDefault+0x2150) [0x55bd87b6a870]
42  /datasets/pentschev/miniconda3/envs/gdf/bin/python(_PyFunction_Vectorcall+0xf6) [0x55bd87b792a6]
43  /datasets/pentschev/miniconda3/envs/gdf/bin/python(+0x13bc72) [0x55bd87b88c72]
44  /datasets/pentschev/miniconda3/envs/gdf/bin/python(PyObject_Call+0x2d2) [0x55bd87b8b172]
45  /datasets/pentschev/miniconda3/envs/gdf/bin/python(_PyEval_EvalFrameDefault+0x2150) [0x55bd87b6a870]
46  /datasets/pentschev/miniconda3/envs/gdf/bin/python(_PyFunction_Vectorcall+0xf6) [0x55bd87b792a6]
47  /datasets/pentschev/miniconda3/envs/gdf/bin/python(_PyEval_EvalFrameDefault+0x67d) [0x55bd87b68d9d]
48  /datasets/pentschev/miniconda3/envs/gdf/bin/python(_PyEval_EvalCodeWithName+0x2e1) [0x55bd87b67461]
49  /datasets/pentschev/miniconda3/envs/gdf/bin/python(_PyFunction_Vectorcall+0x18c) [0x55bd87b7933c]
50  /datasets/pentschev/miniconda3/envs/gdf/bin/python(_PyEval_EvalFrameDefault+0x67d) [0x55bd87b68d9d]
51  /datasets/pentschev/miniconda3/envs/gdf/bin/python(_PyFunction_Vectorcall+0xf6) [0x55bd87b792a6]
52  /datasets/pentschev/miniconda3/envs/gdf/bin/python(_PyEval_EvalFrameDefault+0x38b) [0x55bd87b68aab]
53  /datasets/pentschev/miniconda3/envs/gdf/bin/python(_PyEval_EvalCodeWithName+0x2e1) [0x55bd87b67461]
54  /datasets/pentschev/miniconda3/envs/gdf/bin/python(_PyFunction_Vectorcall+0x18c) [0x55bd87b7933c]
55  /datasets/pentschev/miniconda3/envs/gdf/bin/python(_PyEval_EvalFrameDefault+0x10e8) [0x55bd87b69808]
56  /datasets/pentschev/miniconda3/envs/gdf/bin/python(_PyEval_EvalCodeWithName+0x2e1) [0x55bd87b67461]
57  /datasets/pentschev/miniconda3/envs/gdf/bin/python(PyEval_EvalCodeEx+0x39) [0x55bd87c26de9]
58  /datasets/pentschev/miniconda3/envs/gdf/bin/python(PyEval_EvalCode+0x1b) [0x55bd87c26dab]
59  /datasets/pentschev/miniconda3/envs/gdf/bin/python(+0x1fa903) [0x55bd87c47903]
60  /datasets/pentschev/miniconda3/envs/gdf/bin/python(+0x1f98e3) [0x55bd87c468e3]
61  /datasets/pentschev/miniconda3/envs/gdf/bin/python(PyRun_StringFlags+0x7d) [0x55bd87c442ad]
=================================
[dgx13:7417 :0:7417] Caught signal 11 (Segmentation fault: address not mapped to object at address 0x22002a157dcc)
==== backtrace (tid:   7417) ====
 0  /datasets/pentschev/miniconda3/envs/gdf/lib/libucs.so.0(ucs_handle_error+0x2d4) [0x7fa1d1e061e4]
 1  /datasets/pentschev/miniconda3/envs/gdf/lib/libucs.so.0(+0x2e3bf) [0x7fa1d1e063bf]
 2  /datasets/pentschev/miniconda3/envs/gdf/lib/libucs.so.0(+0x2e6e4) [0x7fa1d1e066e4]
 3  /lib/x86_64-linux-gnu/libpthread.so.0(+0x12980) [0x7fa262c8a980]
 4  /datasets/pentschev/miniconda3/envs/gdf/lib/libucp.so.0(ucp_mem_type_unpack+0x14) [0x7fa1d2089914]
 5  /datasets/pentschev/miniconda3/envs/gdf/lib/libucp.so.0(ucp_rndv_data_handler+0x508) [0x7fa1d20b9eb8]
 6  /datasets/pentschev/miniconda3/envs/gdf/lib/libuct.so.0(+0x207bf) [0x7fa1d1bbb7bf]
 7  /datasets/pentschev/miniconda3/envs/gdf/lib/libuct.so.0(+0x20d94) [0x7fa1d1bbbd94]
 8  /datasets/pentschev/miniconda3/envs/gdf/lib/libuct.so.0(+0x231e8) [0x7fa1d1bbe1e8]
 9  /datasets/pentschev/miniconda3/envs/gdf/lib/libucs.so.0(ucs_event_set_wait+0xb9) [0x7fa1d1e108b9]
10  /datasets/pentschev/miniconda3/envs/gdf/lib/libuct.so.0(uct_tcp_iface_progress+0x7b) [0x7fa1d1bbe28b]
11  /datasets/pentschev/miniconda3/envs/gdf/lib/libucp.so.0(ucp_worker_progress+0x6a) [0x7fa1d20861fa]
12  /datasets/pentschev/miniconda3/envs/gdf/lib/python3.8/site-packages/ucp/_libs/ucx_api.cpython-38-x86_64-linux-gnu.so(+0x27ef9) [0x7fa1d2341ef9]
13  /datasets/pentschev/miniconda3/envs/gdf/bin/python(+0x131397) [0x5564725bf397]
14  /datasets/pentschev/miniconda3/envs/gdf/bin/python(PyObject_Call+0x2d2) [0x5564725cc172]
15  /datasets/pentschev/miniconda3/envs/gdf/bin/python(_PyEval_EvalFrameDefault+0x2150) [0x5564725ab870]
16  /datasets/pentschev/miniconda3/envs/gdf/bin/python(_PyEval_EvalCodeWithName+0x9f6) [0x5564725a8b76]
17  /datasets/pentschev/miniconda3/envs/gdf/bin/python(_PyFunction_Vectorcall+0x18c) [0x5564725ba33c]
18  /datasets/pentschev/miniconda3/envs/gdf/bin/python(_PyEval_EvalFrameDefault+0x67d) [0x5564725a9d9d]
19  /datasets/pentschev/miniconda3/envs/gdf/bin/python(+0x143ad0) [0x5564725d1ad0]
20  /datasets/pentschev/miniconda3/envs/gdf/lib/python3.8/lib-dynload/_asyncio.cpython-38-x86_64-linux-gnu.so(+0x700d) [0x7fa252b9800d]
21  /datasets/pentschev/miniconda3/envs/gdf/bin/python(_PyObject_MakeTpCall+0x501) [0x5564725b2631]
22  /datasets/pentschev/miniconda3/envs/gdf/bin/python(+0xda441) [0x556472568441]
23  /datasets/pentschev/miniconda3/envs/gdf/bin/python(+0x1230c6) [0x5564725b10c6]
24  /datasets/pentschev/miniconda3/envs/gdf/bin/python(PyVectorcall_Call+0x6f) [0x5564725ca0bf]
25  /datasets/pentschev/miniconda3/envs/gdf/bin/python(_PyEval_EvalFrameDefault+0x560e) [0x5564725aed2e]
26  /datasets/pentschev/miniconda3/envs/gdf/bin/python(_PyFunction_Vectorcall+0xf6) [0x5564725ba2a6]
27  /datasets/pentschev/miniconda3/envs/gdf/bin/python(_PyEval_EvalFrameDefault+0x67d) [0x5564725a9d9d]
28  /datasets/pentschev/miniconda3/envs/gdf/bin/python(_PyFunction_Vectorcall+0xf6) [0x5564725ba2a6]
29  /datasets/pentschev/miniconda3/envs/gdf/bin/python(_PyEval_EvalFrameDefault+0x67d) [0x5564725a9d9d]
30  /datasets/pentschev/miniconda3/envs/gdf/bin/python(_PyFunction_Vectorcall+0xf6) [0x5564725ba2a6]
31  /datasets/pentschev/miniconda3/envs/gdf/bin/python(_PyEval_EvalFrameDefault+0x67d) [0x5564725a9d9d]
32  /datasets/pentschev/miniconda3/envs/gdf/bin/python(_PyFunction_Vectorcall+0xf6) [0x5564725ba2a6]
33  /datasets/pentschev/miniconda3/envs/gdf/bin/python(_PyEval_EvalFrameDefault+0x67d) [0x5564725a9d9d]
34  /datasets/pentschev/miniconda3/envs/gdf/bin/python(_PyEval_EvalCodeWithName+0x9f6) [0x5564725a8b76]
35  /datasets/pentschev/miniconda3/envs/gdf/bin/python(_PyFunction_Vectorcall+0x18c) [0x5564725ba33c]
36  /datasets/pentschev/miniconda3/envs/gdf/bin/python(_PyEval_EvalFrameDefault+0x67d) [0x5564725a9d9d]
37  /datasets/pentschev/miniconda3/envs/gdf/bin/python(_PyEval_EvalCodeWithName+0x9f6) [0x5564725a8b76]
38  /datasets/pentschev/miniconda3/envs/gdf/bin/python(_PyFunction_Vectorcall+0x18c) [0x5564725ba33c]
39  /datasets/pentschev/miniconda3/envs/gdf/bin/python(+0x13bc72) [0x5564725c9c72]
40  /datasets/pentschev/miniconda3/envs/gdf/bin/python(PyObject_Call+0x1fc) [0x5564725cc09c]
41  /datasets/pentschev/miniconda3/envs/gdf/bin/python(_PyEval_EvalFrameDefault+0x2150) [0x5564725ab870]
42  /datasets/pentschev/miniconda3/envs/gdf/bin/python(_PyFunction_Vectorcall+0xf6) [0x5564725ba2a6]
43  /datasets/pentschev/miniconda3/envs/gdf/bin/python(+0x13bc72) [0x5564725c9c72]
44  /datasets/pentschev/miniconda3/envs/gdf/bin/python(PyObject_Call+0x2d2) [0x5564725cc172]
45  /datasets/pentschev/miniconda3/envs/gdf/bin/python(_PyEval_EvalFrameDefault+0x2150) [0x5564725ab870]
46  /datasets/pentschev/miniconda3/envs/gdf/bin/python(_PyFunction_Vectorcall+0xf6) [0x5564725ba2a6]
47  /datasets/pentschev/miniconda3/envs/gdf/bin/python(_PyEval_EvalFrameDefault+0x67d) [0x5564725a9d9d]
48  /datasets/pentschev/miniconda3/envs/gdf/bin/python(_PyEval_EvalCodeWithName+0x2e1) [0x5564725a8461]
49  /datasets/pentschev/miniconda3/envs/gdf/bin/python(_PyFunction_Vectorcall+0x18c) [0x5564725ba33c]
50  /datasets/pentschev/miniconda3/envs/gdf/bin/python(_PyEval_EvalFrameDefault+0x67d) [0x5564725a9d9d]
51  /datasets/pentschev/miniconda3/envs/gdf/bin/python(_PyFunction_Vectorcall+0xf6) [0x5564725ba2a6]
52  /datasets/pentschev/miniconda3/envs/gdf/bin/python(_PyEval_EvalFrameDefault+0x38b) [0x5564725a9aab]
53  /datasets/pentschev/miniconda3/envs/gdf/bin/python(_PyEval_EvalCodeWithName+0x2e1) [0x5564725a8461]
54  /datasets/pentschev/miniconda3/envs/gdf/bin/python(_PyFunction_Vectorcall+0x18c) [0x5564725ba33c]
55  /datasets/pentschev/miniconda3/envs/gdf/bin/python(_PyEval_EvalFrameDefault+0x10e8) [0x5564725aa808]
56  /datasets/pentschev/miniconda3/envs/gdf/bin/python(_PyEval_EvalCodeWithName+0x2e1) [0x5564725a8461]
57  /datasets/pentschev/miniconda3/envs/gdf/bin/python(PyEval_EvalCodeEx+0x39) [0x556472667de9]
58  /datasets/pentschev/miniconda3/envs/gdf/bin/python(PyEval_EvalCode+0x1b) [0x556472667dab]
59  /datasets/pentschev/miniconda3/envs/gdf/bin/python(+0x1fa903) [0x556472688903]
60  /datasets/pentschev/miniconda3/envs/gdf/bin/python(+0x1f98e3) [0x5564726878e3]
61  /datasets/pentschev/miniconda3/envs/gdf/bin/python(PyRun_StringFlags+0x7d) [0x5564726852ad]
=================================
2022-11-02 01:00:46,346 - distributed.worker - ERROR - Worker stream died during communication: ucx://127.0.0.1:42343
Traceback (most recent call last):
  File "/datasets/pentschev/miniconda3/envs/gdf/lib/python3.8/site-packages/distributed/comm/core.py", line 328, in connect
    handshake = await asyncio.wait_for(comm.read(), time_left())
  File "/datasets/pentschev/miniconda3/envs/gdf/lib/python3.8/asyncio/tasks.py", line 494, in wait_for
    return fut.result()
  File "/datasets/pentschev/miniconda3/envs/gdf/lib/python3.8/site-packages/distributed/utils.py", line 742, in wrapper
    return await func(*args, **kwargs)
  File "/datasets/pentschev/miniconda3/envs/gdf/lib/python3.8/site-packages/distributed/comm/ucx.py", line 351, in read
    raise CommClosedError(
distributed.comm.core.CommClosedError: Connection closed by writer.
Inner exception: UCXCanceled("<[Recv #000] ep: 0x7f1800078180, tag: 0xbb824f828f7248b0, nbytes: 16, type: <class 'numpy.ndarray'>>: ")

The above exception was the direct cause of the following exception:

Traceback (most recent call last):
  File "/datasets/pentschev/miniconda3/envs/gdf/lib/python3.8/site-packages/distributed/worker.py", line 2055, in gather_dep
    response = await get_data_from_worker(
  File "/datasets/pentschev/miniconda3/envs/gdf/lib/python3.8/site-packages/distributed/worker.py", line 2844, in get_data_from_worker
    return await retry_operation(_get_data, operation="get_data_from_worker")
  File "/datasets/pentschev/miniconda3/envs/gdf/lib/python3.8/site-packages/distributed/utils_comm.py", line 383, in retry_operation
    return await retry(
  File "/datasets/pentschev/miniconda3/envs/gdf/lib/python3.8/site-packages/distributed/utils_comm.py", line 368, in retry
    return await coro()
  File "/datasets/pentschev/miniconda3/envs/gdf/lib/python3.8/site-packages/distributed/worker.py", line 2821, in _get_data
    comm = await rpc.connect(worker)
  File "/datasets/pentschev/miniconda3/envs/gdf/lib/python3.8/site-packages/distributed/core.py", line 1373, in connect
    return await connect_attempt
  File "/datasets/pentschev/miniconda3/envs/gdf/lib/python3.8/site-packages/distributed/core.py", line 1309, in _connect
    comm = await connect(
  File "/datasets/pentschev/miniconda3/envs/gdf/lib/python3.8/site-packages/distributed/comm/core.py", line 333, in connect
    raise OSError(
OSError: Timed out during handshake while connecting to ucx://127.0.0.1:42343 after 30 s
2022-11-02 01:00:46,354 - distributed.worker - ERROR - failed during get data with ucx://127.0.0.1:56753 -> ucx://127.0.0.1:42343
Traceback (most recent call last):
  File "/datasets/pentschev/miniconda3/envs/gdf/lib/python3.8/site-packages/distributed/comm/ucx.py", line 317, in write
    await self.ep.send(each_frame)
  File "/datasets/pentschev/miniconda3/envs/gdf/lib/python3.8/site-packages/ucp/core.py", line 650, in send
    return await comm.tag_send(self._ep, buffer, nbytes, tag, name=log)
ucp._libs.exceptions.UCXError: <[Send #007] ep: 0x7f5ed1011280, tag: 0x6129ac775571a6b1, nbytes: 50000000, type: <class 'cupy.ndarray'>>: Connection reset by remote peer

During handling of the above exception, another exception occurred:

Traceback (most recent call last):
  File "/datasets/pentschev/miniconda3/envs/gdf/lib/python3.8/site-packages/distributed/worker.py", line 1761, in get_data
    compressed = await comm.write(msg, serializers=serializers)
  File "/datasets/pentschev/miniconda3/envs/gdf/lib/python3.8/site-packages/distributed/utils.py", line 742, in wrapper
    return await func(*args, **kwargs)
  File "/datasets/pentschev/miniconda3/envs/gdf/lib/python3.8/site-packages/distributed/comm/ucx.py", line 321, in write
    raise CommClosedError("While writing, the connection was closed")
distributed.comm.core.CommClosedError: While writing, the connection was closed
2022-11-02 01:00:46,357 - distributed.worker - ERROR - Worker stream died during communication: ucx://127.0.0.1:42343
Traceback (most recent call last):
  File "/datasets/pentschev/miniconda3/envs/gdf/lib/python3.8/site-packages/distributed/comm/ucx.py", line 333, in read
    await self.ep.recv(msg)
  File "/datasets/pentschev/miniconda3/envs/gdf/lib/python3.8/site-packages/ucp/core.py", line 725, in recv
    ret = await comm.tag_recv(self._ep, buffer, nbytes, tag, name=log)
ucp._libs.exceptions.UCXCanceled: <[Recv #003] ep: 0x7f5ed10111c0, tag: 0x1d713ee25c66433c, nbytes: 16, type: <class 'numpy.ndarray'>>: 

During handling of the above exception, another exception occurred:

Traceback (most recent call last):
  File "/datasets/pentschev/miniconda3/envs/gdf/lib/python3.8/site-packages/distributed/worker.py", line 2055, in gather_dep
    response = await get_data_from_worker(
  File "/datasets/pentschev/miniconda3/envs/gdf/lib/python3.8/site-packages/distributed/worker.py", line 2844, in get_data_from_worker
    return await retry_operation(_get_data, operation="get_data_from_worker")
  File "/datasets/pentschev/miniconda3/envs/gdf/lib/python3.8/site-packages/distributed/utils_comm.py", line 383, in retry_operation
    return await retry(
  File "/datasets/pentschev/miniconda3/envs/gdf/lib/python3.8/site-packages/distributed/utils_comm.py", line 368, in retry
    return await coro()
  File "/datasets/pentschev/miniconda3/envs/gdf/lib/python3.8/site-packages/distributed/worker.py", line 2824, in _get_data
    response = await send_recv(
  File "/datasets/pentschev/miniconda3/envs/gdf/lib/python3.8/site-packages/distributed/core.py", line 920, in send_recv
    response = await comm.read(deserializers=deserializers)
  File "/datasets/pentschev/miniconda3/envs/gdf/lib/python3.8/site-packages/distributed/utils.py", line 742, in wrapper
    return await func(*args, **kwargs)
  File "/datasets/pentschev/miniconda3/envs/gdf/lib/python3.8/site-packages/distributed/comm/ucx.py", line 351, in read
    raise CommClosedError(
distributed.comm.core.CommClosedError: Connection closed by writer.
Inner exception: UCXCanceled("<[Recv #003] ep: 0x7f5ed10111c0, tag: 0x1d713ee25c66433c, nbytes: 16, type: <class 'numpy.ndarray'>>: ")
2022-11-02 01:00:46,357 - distributed.worker - ERROR - failed during get data with ucx://127.0.0.1:36081 -> ucx://127.0.0.1:44845
Traceback (most recent call last):
  File "/datasets/pentschev/miniconda3/envs/gdf/lib/python3.8/site-packages/distributed/comm/ucx.py", line 317, in write
    await self.ep.send(each_frame)
  File "/datasets/pentschev/miniconda3/envs/gdf/lib/python3.8/site-packages/ucp/core.py", line 650, in send
    return await comm.tag_send(self._ep, buffer, nbytes, tag, name=log)
ucp._libs.exceptions.UCXError: <[Send #007] ep: 0x7f194c06f280, tag: 0x1ab33b5f235d2c0, nbytes: 50000000, type: <class 'cupy.ndarray'>>: Connection reset by remote peer

During handling of the above exception, another exception occurred:

Traceback (most recent call last):
  File "/datasets/pentschev/miniconda3/envs/gdf/lib/python3.8/site-packages/distributed/worker.py", line 1761, in get_data
    compressed = await comm.write(msg, serializers=serializers)
  File "/datasets/pentschev/miniconda3/envs/gdf/lib/python3.8/site-packages/distributed/utils.py", line 742, in wrapper
    return await func(*args, **kwargs)
  File "/datasets/pentschev/miniconda3/envs/gdf/lib/python3.8/site-packages/distributed/comm/ucx.py", line 321, in write
    raise CommClosedError("While writing, the connection was closed")
distributed.comm.core.CommClosedError: While writing, the connection was closed
2022-11-02 01:00:46,362 - distributed.worker - ERROR - Worker stream died during communication: ucx://127.0.0.1:44845
Traceback (most recent call last):
  File "/datasets/pentschev/miniconda3/envs/gdf/lib/python3.8/site-packages/distributed/comm/ucx.py", line 333, in read
    await self.ep.recv(msg)
  File "/datasets/pentschev/miniconda3/envs/gdf/lib/python3.8/site-packages/ucp/core.py", line 725, in recv
    ret = await comm.tag_recv(self._ep, buffer, nbytes, tag, name=log)
ucp._libs.exceptions.UCXCanceled: <[Recv #003] ep: 0x7f5a63c31180, tag: 0x9a5740562d7e49a8, nbytes: 16, type: <class 'numpy.ndarray'>>: 

During handling of the above exception, another exception occurred:

Traceback (most recent call last):
  File "/datasets/pentschev/miniconda3/envs/gdf/lib/python3.8/site-packages/distributed/worker.py", line 2055, in gather_dep
    response = await get_data_from_worker(
  File "/datasets/pentschev/miniconda3/envs/gdf/lib/python3.8/site-packages/distributed/worker.py", line 2844, in get_data_from_worker
    return await retry_operation(_get_data, operation="get_data_from_worker")
  File "/datasets/pentschev/miniconda3/envs/gdf/lib/python3.8/site-packages/distributed/utils_comm.py", line 383, in retry_operation
    return await retry(
  File "/datasets/pentschev/miniconda3/envs/gdf/lib/python3.8/site-packages/distributed/utils_comm.py", line 368, in retry
    return await coro()
  File "/datasets/pentschev/miniconda3/envs/gdf/lib/python3.8/site-packages/distributed/worker.py", line 2824, in _get_data
    response = await send_recv(
  File "/datasets/pentschev/miniconda3/envs/gdf/lib/python3.8/site-packages/distributed/core.py", line 920, in send_recv
    response = await comm.read(deserializers=deserializers)
  File "/datasets/pentschev/miniconda3/envs/gdf/lib/python3.8/site-packages/distributed/utils.py", line 742, in wrapper
    return await func(*args, **kwargs)
  File "/datasets/pentschev/miniconda3/envs/gdf/lib/python3.8/site-packages/distributed/comm/ucx.py", line 351, in read
    raise CommClosedError(
distributed.comm.core.CommClosedError: Connection closed by writer.
Inner exception: UCXCanceled("<[Recv #003] ep: 0x7f5a63c31180, tag: 0x9a5740562d7e49a8, nbytes: 16, type: <class 'numpy.ndarray'>>: ")
2022-11-02 01:00:46,378 - distributed.worker - ERROR - Worker stream died during communication: ucx://127.0.0.1:60337
Traceback (most recent call last):
  File "/datasets/pentschev/miniconda3/envs/gdf/lib/python3.8/site-packages/distributed/comm/ucx.py", line 333, in read
    await self.ep.recv(msg)
  File "/datasets/pentschev/miniconda3/envs/gdf/lib/python3.8/site-packages/ucp/core.py", line 725, in recv
    ret = await comm.tag_recv(self._ep, buffer, nbytes, tag, name=log)
ucp._libs.exceptions.UCXCanceled: <[Recv #003] ep: 0x7f5ed1011200, tag: 0x32a9313ab277adf0, nbytes: 16, type: <class 'numpy.ndarray'>>: 

During handling of the above exception, another exception occurred:

Traceback (most recent call last):
  File "/datasets/pentschev/miniconda3/envs/gdf/lib/python3.8/site-packages/distributed/worker.py", line 2055, in gather_dep
    response = await get_data_from_worker(
  File "/datasets/pentschev/miniconda3/envs/gdf/lib/python3.8/site-packages/distributed/worker.py", line 2844, in get_data_from_worker
    return await retry_operation(_get_data, operation="get_data_from_worker")
  File "/datasets/pentschev/miniconda3/envs/gdf/lib/python3.8/site-packages/distributed/utils_comm.py", line 383, in retry_operation
    return await retry(
  File "/datasets/pentschev/miniconda3/envs/gdf/lib/python3.8/site-packages/distributed/utils_comm.py", line 368, in retry
    return await coro()
  File "/datasets/pentschev/miniconda3/envs/gdf/lib/python3.8/site-packages/distributed/worker.py", line 2824, in _get_data
    response = await send_recv(
  File "/datasets/pentschev/miniconda3/envs/gdf/lib/python3.8/site-packages/distributed/core.py", line 920, in send_recv
    response = await comm.read(deserializers=deserializers)
  File "/datasets/pentschev/miniconda3/envs/gdf/lib/python3.8/site-packages/distributed/utils.py", line 742, in wrapper
    return await func(*args, **kwargs)
  File "/datasets/pentschev/miniconda3/envs/gdf/lib/python3.8/site-packages/distributed/comm/ucx.py", line 351, in read
    raise CommClosedError(
distributed.comm.core.CommClosedError: Connection closed by writer.
Inner exception: UCXCanceled("<[Recv #003] ep: 0x7f5ed1011200, tag: 0x32a9313ab277adf0, nbytes: 16, type: <class 'numpy.ndarray'>>: ")
2022-11-02 01:00:46,387 - distributed.worker - ERROR - Worker stream died during communication: ucx://127.0.0.1:60337
Traceback (most recent call last):
  File "/datasets/pentschev/miniconda3/envs/gdf/lib/python3.8/site-packages/distributed/comm/ucx.py", line 375, in read
    await self.ep.recv(each_frame)
  File "/datasets/pentschev/miniconda3/envs/gdf/lib/python3.8/site-packages/ucp/core.py", line 725, in recv
    ret = await comm.tag_recv(self._ep, buffer, nbytes, tag, name=log)
ucp._libs.exceptions.UCXError: <[Recv #007] ep: 0x7f5a63c31200, tag: 0xcbb5dd3235f71e45, nbytes: 50000000, type: <class 'rmm._lib.device_buffer.DeviceBuffer'>>: Connection reset by remote peer

During handling of the above exception, another exception occurred:

Traceback (most recent call last):
  File "/datasets/pentschev/miniconda3/envs/gdf/lib/python3.8/site-packages/distributed/worker.py", line 2055, in gather_dep
    response = await get_data_from_worker(
  File "/datasets/pentschev/miniconda3/envs/gdf/lib/python3.8/site-packages/distributed/worker.py", line 2844, in get_data_from_worker
    return await retry_operation(_get_data, operation="get_data_from_worker")
  File "/datasets/pentschev/miniconda3/envs/gdf/lib/python3.8/site-packages/distributed/utils_comm.py", line 383, in retry_operation
    return await retry(
  File "/datasets/pentschev/miniconda3/envs/gdf/lib/python3.8/site-packages/distributed/utils_comm.py", line 368, in retry
    return await coro()
  File "/datasets/pentschev/miniconda3/envs/gdf/lib/python3.8/site-packages/distributed/worker.py", line 2824, in _get_data
    response = await send_recv(
  File "/datasets/pentschev/miniconda3/envs/gdf/lib/python3.8/site-packages/distributed/core.py", line 920, in send_recv
    response = await comm.read(deserializers=deserializers)
  File "/datasets/pentschev/miniconda3/envs/gdf/lib/python3.8/site-packages/distributed/utils.py", line 742, in wrapper
    return await func(*args, **kwargs)
  File "/datasets/pentschev/miniconda3/envs/gdf/lib/python3.8/site-packages/distributed/comm/ucx.py", line 381, in read
    raise CommClosedError(
distributed.comm.core.CommClosedError: Connection closed by writer.
Inner exception: UCXError("<[Recv #007] ep: 0x7f5a63c31200, tag: 0xcbb5dd3235f71e45, nbytes: 50000000, type: <class 'rmm._lib.device_buffer.DeviceBuffer'>>: Connection reset by remote peer")
2022-11-02 01:00:46,389 - distributed.nanny - WARNING - Restarting worker
2022-11-02 01:00:46,484 - distributed.worker - ERROR - failed during get data with ucx://127.0.0.1:56753 -> ucx://127.0.0.1:36279
Traceback (most recent call last):
  File "/datasets/pentschev/miniconda3/envs/gdf/lib/python3.8/site-packages/distributed/comm/ucx.py", line 317, in write
    await self.ep.send(each_frame)
  File "/datasets/pentschev/miniconda3/envs/gdf/lib/python3.8/site-packages/ucp/core.py", line 650, in send
    return await comm.tag_send(self._ep, buffer, nbytes, tag, name=log)
ucp._libs.exceptions.UCXError: <[Send #007] ep: 0x7f5ed1011340, tag: 0xc3a55e34a9310785, nbytes: 50000000, type: <class 'cupy.ndarray'>>: Connection reset by remote peer

During handling of the above exception, another exception occurred:

Traceback (most recent call last):
  File "/datasets/pentschev/miniconda3/envs/gdf/lib/python3.8/site-packages/distributed/worker.py", line 1761, in get_data
    compressed = await comm.write(msg, serializers=serializers)
  File "/datasets/pentschev/miniconda3/envs/gdf/lib/python3.8/site-packages/distributed/utils.py", line 742, in wrapper
    return await func(*args, **kwargs)
  File "/datasets/pentschev/miniconda3/envs/gdf/lib/python3.8/site-packages/distributed/comm/ucx.py", line 321, in write
    raise CommClosedError("While writing, the connection was closed")
distributed.comm.core.CommClosedError: While writing, the connection was closed
2022-11-02 01:00:46,485 - distributed.worker - ERROR - Worker stream died during communication: ucx://127.0.0.1:36279
Traceback (most recent call last):
  File "/datasets/pentschev/miniconda3/envs/gdf/lib/python3.8/site-packages/distributed/comm/ucx.py", line 375, in read
    await self.ep.recv(each_frame)
  File "/datasets/pentschev/miniconda3/envs/gdf/lib/python3.8/site-packages/ucp/core.py", line 725, in recv
    ret = await comm.tag_recv(self._ep, buffer, nbytes, tag, name=log)
ucp._libs.exceptions.UCXError: <[Recv #007] ep: 0x7f5ed1011140, tag: 0xa48a85b6f434beef, nbytes: 50000000, type: <class 'rmm._lib.device_buffer.DeviceBuffer'>>: Connection reset by remote peer

During handling of the above exception, another exception occurred:

Traceback (most recent call last):
  File "/datasets/pentschev/miniconda3/envs/gdf/lib/python3.8/site-packages/distributed/worker.py", line 2055, in gather_dep
    response = await get_data_from_worker(
  File "/datasets/pentschev/miniconda3/envs/gdf/lib/python3.8/site-packages/distributed/worker.py", line 2844, in get_data_from_worker
    return await retry_operation(_get_data, operation="get_data_from_worker")
  File "/datasets/pentschev/miniconda3/envs/gdf/lib/python3.8/site-packages/distributed/utils_comm.py", line 383, in retry_operation
    return await retry(
  File "/datasets/pentschev/miniconda3/envs/gdf/lib/python3.8/site-packages/distributed/utils_comm.py", line 368, in retry
    return await coro()
  File "/datasets/pentschev/miniconda3/envs/gdf/lib/python3.8/site-packages/distributed/worker.py", line 2824, in _get_data
    response = await send_recv(
  File "/datasets/pentschev/miniconda3/envs/gdf/lib/python3.8/site-packages/distributed/core.py", line 920, in send_recv
    response = await comm.read(deserializers=deserializers)
  File "/datasets/pentschev/miniconda3/envs/gdf/lib/python3.8/site-packages/distributed/utils.py", line 742, in wrapper
    return await func(*args, **kwargs)
  File "/datasets/pentschev/miniconda3/envs/gdf/lib/python3.8/site-packages/distributed/comm/ucx.py", line 381, in read
    raise CommClosedError(
distributed.comm.core.CommClosedError: Connection closed by writer.
Inner exception: UCXError("<[Recv #007] ep: 0x7f5ed1011140, tag: 0xa48a85b6f434beef, nbytes: 50000000, type: <class 'rmm._lib.device_buffer.DeviceBuffer'>>: Connection reset by remote peer")
2022-11-02 01:00:46,490 - distributed.worker - ERROR - failed during get data with ucx://127.0.0.1:36081 -> ucx://127.0.0.1:36279
Traceback (most recent call last):
  File "/datasets/pentschev/miniconda3/envs/gdf/lib/python3.8/site-packages/distributed/comm/ucx.py", line 317, in write
    await self.ep.send(each_frame)
  File "/datasets/pentschev/miniconda3/envs/gdf/lib/python3.8/site-packages/ucp/core.py", line 650, in send
    return await comm.tag_send(self._ep, buffer, nbytes, tag, name=log)
ucp._libs.exceptions.UCXError: <[Send #007] ep: 0x7f194c06f240, tag: 0x830987be945aeee6, nbytes: 50000000, type: <class 'cupy.ndarray'>>: Connection reset by remote peer

During handling of the above exception, another exception occurred:

Traceback (most recent call last):
  File "/datasets/pentschev/miniconda3/envs/gdf/lib/python3.8/site-packages/distributed/worker.py", line 1761, in get_data
    compressed = await comm.write(msg, serializers=serializers)
  File "/datasets/pentschev/miniconda3/envs/gdf/lib/python3.8/site-packages/distributed/utils.py", line 742, in wrapper
    return await func(*args, **kwargs)
  File "/datasets/pentschev/miniconda3/envs/gdf/lib/python3.8/site-packages/distributed/comm/ucx.py", line 321, in write
    raise CommClosedError("While writing, the connection was closed")
distributed.comm.core.CommClosedError: While writing, the connection was closed
2022-11-02 01:00:46,491 - distributed.worker - ERROR - Worker stream died during communication: ucx://127.0.0.1:36279
Traceback (most recent call last):
  File "/datasets/pentschev/miniconda3/envs/gdf/lib/python3.8/site-packages/distributed/comm/ucx.py", line 333, in read
    await self.ep.recv(msg)
  File "/datasets/pentschev/miniconda3/envs/gdf/lib/python3.8/site-packages/ucp/core.py", line 725, in recv
    ret = await comm.tag_recv(self._ep, buffer, nbytes, tag, name=log)
ucp._libs.exceptions.UCXCanceled: <[Recv #003] ep: 0x7f1800078140, tag: 0xc1ea02608ddfe2bd, nbytes: 16, type: <class 'numpy.ndarray'>>: 

During handling of the above exception, another exception occurred:

Traceback (most recent call last):
  File "/datasets/pentschev/miniconda3/envs/gdf/lib/python3.8/site-packages/distributed/worker.py", line 2055, in gather_dep
    response = await get_data_from_worker(
  File "/datasets/pentschev/miniconda3/envs/gdf/lib/python3.8/site-packages/distributed/worker.py", line 2844, in get_data_from_worker
    return await retry_operation(_get_data, operation="get_data_from_worker")
  File "/datasets/pentschev/miniconda3/envs/gdf/lib/python3.8/site-packages/distributed/utils_comm.py", line 383, in retry_operation
    return await retry(
  File "/datasets/pentschev/miniconda3/envs/gdf/lib/python3.8/site-packages/distributed/utils_comm.py", line 368, in retry
    return await coro()
  File "/datasets/pentschev/miniconda3/envs/gdf/lib/python3.8/site-packages/distributed/worker.py", line 2824, in _get_data
    response = await send_recv(
  File "/datasets/pentschev/miniconda3/envs/gdf/lib/python3.8/site-packages/distributed/core.py", line 920, in send_recv
    response = await comm.read(deserializers=deserializers)
  File "/datasets/pentschev/miniconda3/envs/gdf/lib/python3.8/site-packages/distributed/utils.py", line 742, in wrapper
    return await func(*args, **kwargs)
  File "/datasets/pentschev/miniconda3/envs/gdf/lib/python3.8/site-packages/distributed/comm/ucx.py", line 351, in read
    raise CommClosedError(
distributed.comm.core.CommClosedError: Connection closed by writer.
Inner exception: UCXCanceled("<[Recv #003] ep: 0x7f1800078140, tag: 0xc1ea02608ddfe2bd, nbytes: 16, type: <class 'numpy.ndarray'>>: ")
2022-11-02 01:00:46,495 - distributed.nanny - WARNING - Restarting worker
2022-11-02 01:00:46,564 - distributed.nanny - WARNING - Restarting worker
2022-11-02 01:00:46,568 - distributed.nanny - WARNING - Restarting worker
2022-11-02 01:00:48,199 - distributed.preloading - INFO - Creating preload: dask_cuda.initialize
2022-11-02 01:00:48,200 - distributed.preloading - INFO - Import preload module: dask_cuda.initialize
2022-11-02 01:00:48,255 - distributed.preloading - INFO - Creating preload: dask_cuda.initialize
2022-11-02 01:00:48,255 - distributed.preloading - INFO - Import preload module: dask_cuda.initialize
2022-11-02 01:00:48,297 - distributed.preloading - INFO - Creating preload: dask_cuda.initialize
2022-11-02 01:00:48,297 - distributed.preloading - INFO - Import preload module: dask_cuda.initialize
2022-11-02 01:00:48,307 - distributed.preloading - INFO - Creating preload: dask_cuda.initialize
2022-11-02 01:00:48,307 - distributed.preloading - INFO - Import preload module: dask_cuda.initialize
2022-11-02 01:01:16,148 - distributed.worker - ERROR - Worker stream died during communication: ucx://127.0.0.1:36279
Traceback (most recent call last):
  File "/datasets/pentschev/miniconda3/envs/gdf/lib/python3.8/site-packages/distributed/comm/core.py", line 291, in connect
    comm = await asyncio.wait_for(
  File "/datasets/pentschev/miniconda3/envs/gdf/lib/python3.8/asyncio/tasks.py", line 501, in wait_for
    raise exceptions.TimeoutError()
asyncio.exceptions.TimeoutError

The above exception was the direct cause of the following exception:

Traceback (most recent call last):
  File "/datasets/pentschev/miniconda3/envs/gdf/lib/python3.8/site-packages/distributed/worker.py", line 2055, in gather_dep
    response = await get_data_from_worker(
  File "/datasets/pentschev/miniconda3/envs/gdf/lib/python3.8/site-packages/distributed/worker.py", line 2844, in get_data_from_worker
    return await retry_operation(_get_data, operation="get_data_from_worker")
  File "/datasets/pentschev/miniconda3/envs/gdf/lib/python3.8/site-packages/distributed/utils_comm.py", line 383, in retry_operation
    return await retry(
  File "/datasets/pentschev/miniconda3/envs/gdf/lib/python3.8/site-packages/distributed/utils_comm.py", line 368, in retry
    return await coro()
  File "/datasets/pentschev/miniconda3/envs/gdf/lib/python3.8/site-packages/distributed/worker.py", line 2821, in _get_data
    comm = await rpc.connect(worker)
  File "/datasets/pentschev/miniconda3/envs/gdf/lib/python3.8/site-packages/distributed/core.py", line 1373, in connect
    return await connect_attempt
  File "/datasets/pentschev/miniconda3/envs/gdf/lib/python3.8/site-packages/distributed/core.py", line 1309, in _connect
    comm = await connect(
  File "/datasets/pentschev/miniconda3/envs/gdf/lib/python3.8/site-packages/distributed/comm/core.py", line 317, in connect
    raise OSError(
OSError: Timed out trying to connect to ucx://127.0.0.1:36279 after 30 s
/datasets/pentschev/miniconda3/envs/gdf/lib/python3.8/multiprocessing/resource_tracker.py:216: UserWarning: resource_tracker: There appear to be 48 leaked semaphore objects to clean up at shutdown
  warnings.warn('resource_tracker: There appear to be %d '
