[dgx13:86510:0:86510] Caught signal 11 (Segmentation fault: address not mapped to object at address 0x448)
[dgx13:86515:0:86515] Caught signal 11 (Segmentation fault: address not mapped to object at address 0x448)
==== backtrace (tid:  86510) ====
 0  /opt/conda/envs/gdf/lib/libucs.so.0(ucs_handle_error+0x2fd) [0x7f2060c31f1d]
 1  /opt/conda/envs/gdf/lib/libucs.so.0(+0x29114) [0x7f2060c32114]
 2  /opt/conda/envs/gdf/lib/libucs.so.0(+0x292da) [0x7f2060c322da]
 3  /usr/lib/x86_64-linux-gnu/libpthread.so.0(+0x14420) [0x7f2102264420]
 4  /opt/conda/envs/gdf/lib/libucp.so.0(ucp_mem_type_unpack+0x14) [0x7f2060cab5d4]
 5  /opt/conda/envs/gdf/lib/libucp.so.0(ucp_rndv_data_handler+0x4e9) [0x7f2060cd0859]
 6  /opt/conda/envs/gdf/lib/libuct.so.0(+0x2042f) [0x7f2060bed42f]
 7  /opt/conda/envs/gdf/lib/libuct.so.0(+0x23798) [0x7f2060bf0798]
 8  /opt/conda/envs/gdf/lib/libucs.so.0(ucs_event_set_wait+0xb9) [0x7f2060c3a989]
 9  /opt/conda/envs/gdf/lib/libuct.so.0(uct_tcp_iface_progress+0x7d) [0x7f2060bef62d]
10  /opt/conda/envs/gdf/lib/libucp.so.0(ucp_worker_progress+0x5a) [0x7f2060ca8c4a]
11  /opt/conda/envs/gdf/lib/python3.9/site-packages/ucp/_libs/ucx_api.cpython-39-x86_64-linux-gnu.so(+0x3206a) [0x7f2060d5a06a]
12  /opt/conda/envs/gdf/bin/python(_PyEval_EvalFrameDefault+0x37cb) [0x55824b8586fb]
13  /opt/conda/envs/gdf/bin/python(+0x12f094) [0x55824b854094]
14  /opt/conda/envs/gdf/bin/python(_PyFunction_Vectorcall+0xd9) [0x55824b865519]
15  /opt/conda/envs/gdf/bin/python(_PyEval_EvalFrameDefault+0x696) [0x55824b8555c6]
16  /opt/conda/envs/gdf/bin/python(+0x1407c2) [0x55824b8657c2]
17  /opt/conda/envs/gdf/bin/python(+0x14de83) [0x55824b872e83]
18  /opt/conda/envs/gdf/bin/python(+0x258b2c) [0x55824b97db2c]
19  /opt/conda/envs/gdf/bin/python(+0xead05) [0x55824b80fd05]
20  /opt/conda/envs/gdf/bin/python(+0x1377f3) [0x55824b85c7f3]
21  /opt/conda/envs/gdf/bin/python(_PyEval_EvalFrameDefault+0x59f9) [0x55824b85a929]
22  /opt/conda/envs/gdf/bin/python(+0x1407c2) [0x55824b8657c2]
23  /opt/conda/envs/gdf/bin/python(_PyEval_EvalFrameDefault+0x696) [0x55824b8555c6]
24  /opt/conda/envs/gdf/bin/python(+0x1407c2) [0x55824b8657c2]
25  /opt/conda/envs/gdf/bin/python(_PyEval_EvalFrameDefault+0x696) [0x55824b8555c6]
26  /opt/conda/envs/gdf/bin/python(+0x1407c2) [0x55824b8657c2]
27  /opt/conda/envs/gdf/bin/python(_PyEval_EvalFrameDefault+0x696) [0x55824b8555c6]
28  /opt/conda/envs/gdf/bin/python(+0x1407c2) [0x55824b8657c2]
29  /opt/conda/envs/gdf/bin/python(_PyEval_EvalFrameDefault+0x696) [0x55824b8555c6]
30  /opt/conda/envs/gdf/bin/python(+0x12f094) [0x55824b854094]
31  /opt/conda/envs/gdf/bin/python(_PyFunction_Vectorcall+0xd9) [0x55824b865519]
32  /opt/conda/envs/gdf/bin/python(_PyEval_EvalFrameDefault+0x11f8) [0x55824b856128]
33  /opt/conda/envs/gdf/bin/python(+0x12f094) [0x55824b854094]
34  /opt/conda/envs/gdf/bin/python(+0x14dccb) [0x55824b872ccb]
35  /opt/conda/envs/gdf/bin/python(PyObject_Call+0xbc) [0x55824b87344c]
36  /opt/conda/envs/gdf/bin/python(+0x21110e) [0x55824b93610e]
37  /opt/conda/envs/gdf/bin/python(_PyObject_MakeTpCall+0x2ec) [0x55824b85d77c]
38  /opt/conda/envs/gdf/bin/python(_PyEval_EvalFrameDefault+0x37cb) [0x55824b8586fb]
39  /opt/conda/envs/gdf/bin/python(+0x1407c2) [0x55824b8657c2]
==== backtrace (tid:  86515) ====
40  /opt/conda/envs/gdf/bin/python(+0x14ddac) [0x55824b872dac]
41  /opt/conda/envs/gdf/bin/python(_PyEval_EvalFrameDefault+0x37cb) [0x55824b8586fb]
 0  /opt/conda/envs/gdf/lib/libucs.so.0(ucs_handle_error+0x2fd) [0x7fb8c71bff1d]
42  /opt/conda/envs/gdf/bin/python(+0x1407c2) [0x55824b8657c2]
 1  /opt/conda/envs/gdf/lib/libucs.so.0(+0x29114) [0x7fb8c71c0114]
43  /opt/conda/envs/gdf/bin/python(_PyEval_EvalFrameDefault+0x696) [0x55824b8555c6]
 2  /opt/conda/envs/gdf/lib/libucs.so.0(+0x292da) [0x7fb8c71c02da]
44  /opt/conda/envs/gdf/bin/python(+0x12f094) [0x55824b854094]
45  /opt/conda/envs/gdf/bin/python(_PyFunction_Vectorcall+0xd9) [0x55824b865519]
46  /opt/conda/envs/gdf/bin/python(_PyEval_EvalFrameDefault+0x696) [0x55824b8555c6]
47  /opt/conda/envs/gdf/bin/python(+0x1407c2) [0x55824b8657c2]
 3  /usr/lib/x86_64-linux-gnu/libpthread.so.0(+0x14420) [0x7fb96c7fc420]
48  /opt/conda/envs/gdf/bin/python(_PyEval_EvalFrameDefault+0x3e2) [0x55824b855312]
 4  /opt/conda/envs/gdf/lib/libucp.so.0(ucp_mem_type_unpack+0x14) [0x7fb8c72395d4]
49  /opt/conda/envs/gdf/bin/python(+0x12f094) [0x55824b854094]
 5  /opt/conda/envs/gdf/lib/libucp.so.0(ucp_rndv_data_handler+0x4e9) [0x7fb8c725e859]
50  /opt/conda/envs/gdf/bin/python(_PyFunction_Vectorcall+0xd9) [0x55824b865519]
 6  /opt/conda/envs/gdf/lib/libuct.so.0(+0x2042f) [0x7fb8c717b42f]
51  /opt/conda/envs/gdf/bin/python(_PyEval_EvalFrameDefault+0x11f8) [0x55824b856128]
 7  /opt/conda/envs/gdf/lib/libuct.so.0(+0x23798) [0x7fb8c717e798]
52  /opt/conda/envs/gdf/bin/python(+0x12f094) [0x55824b854094]
 8  /opt/conda/envs/gdf/lib/libucs.so.0(ucs_event_set_wait+0xb9) [0x7fb8c71c8989]
53  /opt/conda/envs/gdf/bin/python(_PyEval_EvalCodeWithName+0x48) [0x55824b853d68]
 9  /opt/conda/envs/gdf/lib/libuct.so.0(uct_tcp_iface_progress+0x7d) [0x7fb8c717d62d]
10  /opt/conda/envs/gdf/lib/libucp.so.0(ucp_worker_progress+0x5a) [0x7fb8c7236c4a]
54  /opt/conda/envs/gdf/bin/python(PyEval_EvalCodeEx+0x39) [0x55824b853d19]
11  /opt/conda/envs/gdf/lib/python3.9/site-packages/ucp/_libs/ucx_api.cpython-39-x86_64-linux-gnu.so(+0x3206a) [0x7fb8c72e806a]
55  /opt/conda/envs/gdf/bin/python(PyEval_EvalCode+0x1b) [0x55824b90107b]
12  /opt/conda/envs/gdf/bin/python(_PyEval_EvalFrameDefault+0x37cb) [0x55fcdbf296fb]
56  /opt/conda/envs/gdf/bin/python(+0x208fca) [0x55824b92dfca]
13  /opt/conda/envs/gdf/bin/python(+0x12f094) [0x55fcdbf25094]
57  /opt/conda/envs/gdf/bin/python(+0x205353) [0x55824b92a353]
14  /opt/conda/envs/gdf/bin/python(_PyFunction_Vectorcall+0xd9) [0x55fcdbf36519]
58  /opt/conda/envs/gdf/bin/python(PyRun_StringFlags+0x9a) [0x55824b92216a]
15  /opt/conda/envs/gdf/bin/python(_PyEval_EvalFrameDefault+0x696) [0x55fcdbf265c6]
59  /opt/conda/envs/gdf/bin/python(PyRun_SimpleStringFlags+0x3c) [0x55824b92205c]
16  /opt/conda/envs/gdf/bin/python(+0x1407c2) [0x55fcdbf367c2]
60  /opt/conda/envs/gdf/bin/python(Py_RunMain+0x267) [0x55824b921297]
17  /opt/conda/envs/gdf/bin/python(+0x14de83) [0x55fcdbf43e83]
61  /opt/conda/envs/gdf/bin/python(Py_BytesMain+0x37) [0x55824b8f4f07]
18  /opt/conda/envs/gdf/bin/python(+0x258b2c) [0x55fcdc04eb2c]
=================================
19  /opt/conda/envs/gdf/bin/python(+0xead05) [0x55fcdbee0d05]
20  /opt/conda/envs/gdf/bin/python(+0x1377f3) [0x55fcdbf2d7f3]
21  /opt/conda/envs/gdf/bin/python(_PyEval_EvalFrameDefault+0x59f9) [0x55fcdbf2b929]
22  /opt/conda/envs/gdf/bin/python(+0x1407c2) [0x55fcdbf367c2]
23  /opt/conda/envs/gdf/bin/python(_PyEval_EvalFrameDefault+0x696) [0x55fcdbf265c6]
24  /opt/conda/envs/gdf/bin/python(+0x1407c2) [0x55fcdbf367c2]
25  /opt/conda/envs/gdf/bin/python(_PyEval_EvalFrameDefault+0x696) [0x55fcdbf265c6]
26  /opt/conda/envs/gdf/bin/python(+0x1407c2) [0x55fcdbf367c2]
27  /opt/conda/envs/gdf/bin/python(_PyEval_EvalFrameDefault+0x696) [0x55fcdbf265c6]
28  /opt/conda/envs/gdf/bin/python(+0x1407c2) [0x55fcdbf367c2]
29  /opt/conda/envs/gdf/bin/python(_PyEval_EvalFrameDefault+0x696) [0x55fcdbf265c6]
30  /opt/conda/envs/gdf/bin/python(+0x12f094) [0x55fcdbf25094]
31  /opt/conda/envs/gdf/bin/python(_PyFunction_Vectorcall+0xd9) [0x55fcdbf36519]
32  /opt/conda/envs/gdf/bin/python(_PyEval_EvalFrameDefault+0x11f8) [0x55fcdbf27128]
33  /opt/conda/envs/gdf/bin/python(+0x12f094) [0x55fcdbf25094]
34  /opt/conda/envs/gdf/bin/python(+0x14dccb) [0x55fcdbf43ccb]
35  /opt/conda/envs/gdf/bin/python(PyObject_Call+0xbc) [0x55fcdbf4444c]
36  /opt/conda/envs/gdf/bin/python(+0x21110e) [0x55fcdc00710e]
37  /opt/conda/envs/gdf/bin/python(_PyObject_MakeTpCall+0x2ec) [0x55fcdbf2e77c]
38  /opt/conda/envs/gdf/bin/python(_PyEval_EvalFrameDefault+0x37cb) [0x55fcdbf296fb]
39  /opt/conda/envs/gdf/bin/python(+0x1407c2) [0x55fcdbf367c2]
40  /opt/conda/envs/gdf/bin/python(+0x14ddac) [0x55fcdbf43dac]
41  /opt/conda/envs/gdf/bin/python(_PyEval_EvalFrameDefault+0x37cb) [0x55fcdbf296fb]
42  /opt/conda/envs/gdf/bin/python(+0x1407c2) [0x55fcdbf367c2]
43  /opt/conda/envs/gdf/bin/python(_PyEval_EvalFrameDefault+0x696) [0x55fcdbf265c6]
44  /opt/conda/envs/gdf/bin/python(+0x12f094) [0x55fcdbf25094]
45  /opt/conda/envs/gdf/bin/python(_PyFunction_Vectorcall+0xd9) [0x55fcdbf36519]
46  /opt/conda/envs/gdf/bin/python(_PyEval_EvalFrameDefault+0x696) [0x55fcdbf265c6]
47  /opt/conda/envs/gdf/bin/python(+0x1407c2) [0x55fcdbf367c2]
48  /opt/conda/envs/gdf/bin/python(_PyEval_EvalFrameDefault+0x3e2) [0x55fcdbf26312]
49  /opt/conda/envs/gdf/bin/python(+0x12f094) [0x55fcdbf25094]
50  /opt/conda/envs/gdf/bin/python(_PyFunction_Vectorcall+0xd9) [0x55fcdbf36519]
51  /opt/conda/envs/gdf/bin/python(_PyEval_EvalFrameDefault+0x11f8) [0x55fcdbf27128]
52  /opt/conda/envs/gdf/bin/python(+0x12f094) [0x55fcdbf25094]
53  /opt/conda/envs/gdf/bin/python(_PyEval_EvalCodeWithName+0x48) [0x55fcdbf24d68]
54  /opt/conda/envs/gdf/bin/python(PyEval_EvalCodeEx+0x39) [0x55fcdbf24d19]
55  /opt/conda/envs/gdf/bin/python(PyEval_EvalCode+0x1b) [0x55fcdbfd207b]
56  /opt/conda/envs/gdf/bin/python(+0x208fca) [0x55fcdbffefca]
57  /opt/conda/envs/gdf/bin/python(+0x205353) [0x55fcdbffb353]
58  /opt/conda/envs/gdf/bin/python(PyRun_StringFlags+0x9a) [0x55fcdbff316a]
59  /opt/conda/envs/gdf/bin/python(PyRun_SimpleStringFlags+0x3c) [0x55fcdbff305c]
60  /opt/conda/envs/gdf/bin/python(Py_RunMain+0x267) [0x55fcdbff2297]
61  /opt/conda/envs/gdf/bin/python(Py_BytesMain+0x37) [0x55fcdbfc5f07]
=================================
[dgx13:86521:0:86521] Caught signal 11 (Segmentation fault: address not mapped to object at address 0x448)
==== backtrace (tid:  86521) ====
 0  /opt/conda/envs/gdf/lib/libucs.so.0(ucs_handle_error+0x2fd) [0x7effe08aff1d]
 1  /opt/conda/envs/gdf/lib/libucs.so.0(+0x29114) [0x7effe08b0114]
 2  /opt/conda/envs/gdf/lib/libucs.so.0(+0x292da) [0x7effe08b02da]
 3  /usr/lib/x86_64-linux-gnu/libpthread.so.0(+0x14420) [0x7f0073eed420]
 4  /opt/conda/envs/gdf/lib/libucp.so.0(ucp_mem_type_unpack+0x14) [0x7effe09295d4]
 5  /opt/conda/envs/gdf/lib/libucp.so.0(ucp_rndv_data_handler+0x4e9) [0x7effe094e859]
 6  /opt/conda/envs/gdf/lib/libuct.so.0(+0x2042f) [0x7effe086b42f]
 7  /opt/conda/envs/gdf/lib/libuct.so.0(+0x23798) [0x7effe086e798]
 8  /opt/conda/envs/gdf/lib/libucs.so.0(ucs_event_set_wait+0xb9) [0x7effe08b8989]
 9  /opt/conda/envs/gdf/lib/libuct.so.0(uct_tcp_iface_progress+0x7d) [0x7effe086d62d]
10  /opt/conda/envs/gdf/lib/libucp.so.0(ucp_worker_progress+0x5a) [0x7effe0926c4a]
11  /opt/conda/envs/gdf/lib/python3.9/site-packages/ucp/_libs/ucx_api.cpython-39-x86_64-linux-gnu.so(+0x3206a) [0x7effe09d806a]
12  /opt/conda/envs/gdf/bin/python(_PyEval_EvalFrameDefault+0x37cb) [0x5616a80b56fb]
13  /opt/conda/envs/gdf/bin/python(+0x12f094) [0x5616a80b1094]
14  /opt/conda/envs/gdf/bin/python(_PyFunction_Vectorcall+0xd9) [0x5616a80c2519]
15  /opt/conda/envs/gdf/bin/python(_PyEval_EvalFrameDefault+0x696) [0x5616a80b25c6]
16  /opt/conda/envs/gdf/bin/python(+0x1e3162) [0x5616a8165162]
17  /opt/conda/envs/gdf/lib/python3.9/lib-dynload/_asyncio.cpython-39-x86_64-linux-gnu.so(+0x81e9) [0x7f0069ed91e9]
18  /opt/conda/envs/gdf/bin/python(_PyObject_MakeTpCall+0x2ec) [0x5616a80ba77c]
19  /opt/conda/envs/gdf/bin/python(+0xead05) [0x5616a806cd05]
20  /opt/conda/envs/gdf/bin/python(+0x1377f3) [0x5616a80b97f3]
21  /opt/conda/envs/gdf/bin/python(_PyEval_EvalFrameDefault+0x59f9) [0x5616a80b7929]
22  /opt/conda/envs/gdf/bin/python(+0x1407c2) [0x5616a80c27c2]
23  /opt/conda/envs/gdf/bin/python(_PyEval_EvalFrameDefault+0x696) [0x5616a80b25c6]
24  /opt/conda/envs/gdf/bin/python(+0x1407c2) [0x5616a80c27c2]
25  /opt/conda/envs/gdf/bin/python(_PyEval_EvalFrameDefault+0x696) [0x5616a80b25c6]
26  /opt/conda/envs/gdf/bin/python(+0x1407c2) [0x5616a80c27c2]
27  /opt/conda/envs/gdf/bin/python(_PyEval_EvalFrameDefault+0x696) [0x5616a80b25c6]
28  /opt/conda/envs/gdf/bin/python(+0x1407c2) [0x5616a80c27c2]
29  /opt/conda/envs/gdf/bin/python(_PyEval_EvalFrameDefault+0x696) [0x5616a80b25c6]
30  /opt/conda/envs/gdf/bin/python(+0x12f094) [0x5616a80b1094]
31  /opt/conda/envs/gdf/bin/python(_PyFunction_Vectorcall+0xd9) [0x5616a80c2519]
32  /opt/conda/envs/gdf/bin/python(_PyEval_EvalFrameDefault+0x11f8) [0x5616a80b3128]
33  /opt/conda/envs/gdf/bin/python(+0x12f094) [0x5616a80b1094]
34  /opt/conda/envs/gdf/bin/python(+0x14dccb) [0x5616a80cfccb]
35  /opt/conda/envs/gdf/bin/python(PyObject_Call+0xbc) [0x5616a80d044c]
36  /opt/conda/envs/gdf/bin/python(+0x21110e) [0x5616a819310e]
37  /opt/conda/envs/gdf/bin/python(_PyObject_MakeTpCall+0x2ec) [0x5616a80ba77c]
38  /opt/conda/envs/gdf/bin/python(_PyEval_EvalFrameDefault+0x37cb) [0x5616a80b56fb]
39  /opt/conda/envs/gdf/bin/python(+0x1407c2) [0x5616a80c27c2]
40  /opt/conda/envs/gdf/bin/python(+0x14ddac) [0x5616a80cfdac]
41  /opt/conda/envs/gdf/bin/python(_PyEval_EvalFrameDefault+0x37cb) [0x5616a80b56fb]
42  /opt/conda/envs/gdf/bin/python(+0x1407c2) [0x5616a80c27c2]
43  /opt/conda/envs/gdf/bin/python(_PyEval_EvalFrameDefault+0x696) [0x5616a80b25c6]
44  /opt/conda/envs/gdf/bin/python(+0x12f094) [0x5616a80b1094]
45  /opt/conda/envs/gdf/bin/python(_PyFunction_Vectorcall+0xd9) [0x5616a80c2519]
46  /opt/conda/envs/gdf/bin/python(_PyEval_EvalFrameDefault+0x696) [0x5616a80b25c6]
47  /opt/conda/envs/gdf/bin/python(+0x1407c2) [0x5616a80c27c2]
48  /opt/conda/envs/gdf/bin/python(_PyEval_EvalFrameDefault+0x3e2) [0x5616a80b2312]
49  /opt/conda/envs/gdf/bin/python(+0x12f094) [0x5616a80b1094]
50  /opt/conda/envs/gdf/bin/python(_PyFunction_Vectorcall+0xd9) [0x5616a80c2519]
51  /opt/conda/envs/gdf/bin/python(_PyEval_EvalFrameDefault+0x11f8) [0x5616a80b3128]
52  /opt/conda/envs/gdf/bin/python(+0x12f094) [0x5616a80b1094]
53  /opt/conda/envs/gdf/bin/python(_PyEval_EvalCodeWithName+0x48) [0x5616a80b0d68]
54  /opt/conda/envs/gdf/bin/python(PyEval_EvalCodeEx+0x39) [0x5616a80b0d19]
55  /opt/conda/envs/gdf/bin/python(PyEval_EvalCode+0x1b) [0x5616a815e07b]
56  /opt/conda/envs/gdf/bin/python(+0x208fca) [0x5616a818afca]
57  /opt/conda/envs/gdf/bin/python(+0x205353) [0x5616a8187353]
58  /opt/conda/envs/gdf/bin/python(PyRun_StringFlags+0x9a) [0x5616a817f16a]
59  /opt/conda/envs/gdf/bin/python(PyRun_SimpleStringFlags+0x3c) [0x5616a817f05c]
60  /opt/conda/envs/gdf/bin/python(Py_RunMain+0x267) [0x5616a817e297]
61  /opt/conda/envs/gdf/bin/python(Py_BytesMain+0x37) [0x5616a8151f07]
=================================
2023-12-21 07:02:44,690 - distributed.worker - ERROR - Worker stream died during communication: ucx://127.0.0.1:40963
Traceback (most recent call last):
  File "/opt/conda/envs/gdf/lib/python3.9/site-packages/distributed/comm/ucx.py", line 354, in read
    await self.ep.recv(msg)
  File "/opt/conda/envs/gdf/lib/python3.9/site-packages/ucp/core.py", line 725, in recv
    ret = await comm.tag_recv(self._ep, buffer, nbytes, tag, name=log)
ucp._libs.exceptions.UCXCanceled: <[Recv #003] ep: 0x7fbe19670200, tag: 0x55eebe5e88f13344, nbytes: 16, type: <class 'numpy.ndarray'>>: 

During handling of the above exception, another exception occurred:

Traceback (most recent call last):
  File "/opt/conda/envs/gdf/lib/python3.9/site-packages/distributed/worker.py", line 2059, in gather_dep
    response = await get_data_from_worker(
  File "/opt/conda/envs/gdf/lib/python3.9/site-packages/distributed/worker.py", line 2852, in get_data_from_worker
    response = await send_recv(
  File "/opt/conda/envs/gdf/lib/python3.9/site-packages/distributed/core.py", line 1106, in send_recv
    response = await comm.read(deserializers=deserializers)
  File "/opt/conda/envs/gdf/lib/python3.9/site-packages/distributed/utils.py", line 803, in wrapper
    return await func(*args, **kwargs)
  File "/opt/conda/envs/gdf/lib/python3.9/site-packages/distributed/comm/ucx.py", line 372, in read
    raise CommClosedError(
distributed.comm.core.CommClosedError: Connection closed by writer.
Inner exception: UCXCanceled("<[Recv #003] ep: 0x7fbe19670200, tag: 0x55eebe5e88f13344, nbytes: 16, type: <class 'numpy.ndarray'>>: ")
2023-12-21 07:02:44,690 - distributed.worker - ERROR - Worker stream died during communication: ucx://127.0.0.1:40963
Traceback (most recent call last):
  File "/opt/conda/envs/gdf/lib/python3.9/site-packages/distributed/comm/ucx.py", line 354, in read
    await self.ep.recv(msg)
  File "/opt/conda/envs/gdf/lib/python3.9/site-packages/ucp/core.py", line 725, in recv
    ret = await comm.tag_recv(self._ep, buffer, nbytes, tag, name=log)
ucp._libs.exceptions.UCXCanceled: <[Recv #003] ep: 0x7ff3e89031c0, tag: 0xb07f183ae9cb5ec7, nbytes: 16, type: <class 'numpy.ndarray'>>: 

During handling of the above exception, another exception occurred:

Traceback (most recent call last):
  File "/opt/conda/envs/gdf/lib/python3.9/site-packages/distributed/worker.py", line 2059, in gather_dep
    response = await get_data_from_worker(
  File "/opt/conda/envs/gdf/lib/python3.9/site-packages/distributed/worker.py", line 2852, in get_data_from_worker
    response = await send_recv(
  File "/opt/conda/envs/gdf/lib/python3.9/site-packages/distributed/core.py", line 1106, in send_recv
    response = await comm.read(deserializers=deserializers)
  File "/opt/conda/envs/gdf/lib/python3.9/site-packages/distributed/utils.py", line 803, in wrapper
    return await func(*args, **kwargs)
  File "/opt/conda/envs/gdf/lib/python3.9/site-packages/distributed/comm/ucx.py", line 372, in read
    raise CommClosedError(
distributed.comm.core.CommClosedError: Connection closed by writer.
Inner exception: UCXCanceled("<[Recv #003] ep: 0x7ff3e89031c0, tag: 0xb07f183ae9cb5ec7, nbytes: 16, type: <class 'numpy.ndarray'>>: ")
2023-12-21 07:02:44,691 - distributed.worker - ERROR - failed during get data with ucx://127.0.0.1:38179 -> ucx://127.0.0.1:40963
Traceback (most recent call last):
  File "/opt/conda/envs/gdf/lib/python3.9/site-packages/distributed/comm/ucx.py", line 338, in write
    await self.ep.send(each_frame)
  File "/opt/conda/envs/gdf/lib/python3.9/site-packages/ucp/core.py", line 650, in send
    return await comm.tag_send(self._ep, buffer, nbytes, tag, name=log)
ucp._libs.exceptions.UCXError: <[Send #007] ep: 0x7f5f54c5c240, tag: 0x5cdce644d9891f47, nbytes: 50000000, type: <class 'cupy.ndarray'>>: Connection reset by remote peer

During handling of the above exception, another exception occurred:

Traceback (most recent call last):
  File "/opt/conda/envs/gdf/lib/python3.9/site-packages/distributed/worker.py", line 1782, in get_data
    compressed = await comm.write(msg, serializers=serializers)
  File "/opt/conda/envs/gdf/lib/python3.9/site-packages/distributed/utils.py", line 803, in wrapper
    return await func(*args, **kwargs)
  File "/opt/conda/envs/gdf/lib/python3.9/site-packages/distributed/comm/ucx.py", line 342, in write
    raise CommClosedError("While writing, the connection was closed")
distributed.comm.core.CommClosedError: While writing, the connection was closed
2023-12-21 07:02:44,690 - distributed.worker - ERROR - Worker stream died during communication: ucx://127.0.0.1:40963
Traceback (most recent call last):
  File "/opt/conda/envs/gdf/lib/python3.9/site-packages/distributed/comm/ucx.py", line 396, in read
    await self.ep.recv(each_frame)
  File "/opt/conda/envs/gdf/lib/python3.9/site-packages/ucp/core.py", line 725, in recv
    ret = await comm.tag_recv(self._ep, buffer, nbytes, tag, name=log)
ucp._libs.exceptions.UCXError: <[Recv #007] ep: 0x7f58f73f9100, tag: 0x39a52c6f74acef5f, nbytes: 50000000, type: <class 'rmm._lib.device_buffer.DeviceBuffer'>>: Connection reset by remote peer

During handling of the above exception, another exception occurred:

Traceback (most recent call last):
  File "/opt/conda/envs/gdf/lib/python3.9/site-packages/distributed/worker.py", line 2059, in gather_dep
    response = await get_data_from_worker(
  File "/opt/conda/envs/gdf/lib/python3.9/site-packages/distributed/worker.py", line 2852, in get_data_from_worker
    response = await send_recv(
  File "/opt/conda/envs/gdf/lib/python3.9/site-packages/distributed/core.py", line 1106, in send_recv
    response = await comm.read(deserializers=deserializers)
  File "/opt/conda/envs/gdf/lib/python3.9/site-packages/distributed/utils.py", line 803, in wrapper
    return await func(*args, **kwargs)
  File "/opt/conda/envs/gdf/lib/python3.9/site-packages/distributed/comm/ucx.py", line 402, in read
    raise CommClosedError(
distributed.comm.core.CommClosedError: Connection closed by writer.
Inner exception: UCXError("<[Recv #007] ep: 0x7f58f73f9100, tag: 0x39a52c6f74acef5f, nbytes: 50000000, type: <class 'rmm._lib.device_buffer.DeviceBuffer'>>: Connection reset by remote peer")
2023-12-21 07:02:44,691 - distributed.worker - ERROR - Worker stream died during communication: ucx://127.0.0.1:40963
Traceback (most recent call last):
  File "/opt/conda/envs/gdf/lib/python3.9/site-packages/distributed/comm/ucx.py", line 354, in read
    await self.ep.recv(msg)
  File "/opt/conda/envs/gdf/lib/python3.9/site-packages/ucp/core.py", line 725, in recv
    ret = await comm.tag_recv(self._ep, buffer, nbytes, tag, name=log)
ucp._libs.exceptions.UCXCanceled: <[Recv #008] ep: 0x7f0ec8543100, tag: 0xb0915502b491da50, nbytes: 16, type: <class 'numpy.ndarray'>>: 

During handling of the above exception, another exception occurred:

Traceback (most recent call last):
  File "/opt/conda/envs/gdf/lib/python3.9/site-packages/distributed/worker.py", line 2059, in gather_dep
    response = await get_data_from_worker(
  File "/opt/conda/envs/gdf/lib/python3.9/site-packages/distributed/worker.py", line 2852, in get_data_from_worker
    response = await send_recv(
  File "/opt/conda/envs/gdf/lib/python3.9/site-packages/distributed/core.py", line 1106, in send_recv
    response = await comm.read(deserializers=deserializers)
  File "/opt/conda/envs/gdf/lib/python3.9/site-packages/distributed/utils.py", line 803, in wrapper
    return await func(*args, **kwargs)
  File "/opt/conda/envs/gdf/lib/python3.9/site-packages/distributed/comm/ucx.py", line 372, in read
    raise CommClosedError(
distributed.comm.core.CommClosedError: Connection closed by writer.
Inner exception: UCXCanceled("<[Recv #008] ep: 0x7f0ec8543100, tag: 0xb0915502b491da50, nbytes: 16, type: <class 'numpy.ndarray'>>: ")
2023-12-21 07:02:44,693 - distributed.worker - ERROR - failed during get data with ucx://127.0.0.1:38939 -> ucx://127.0.0.1:40963
Traceback (most recent call last):
  File "/opt/conda/envs/gdf/lib/python3.9/site-packages/distributed/comm/ucx.py", line 338, in write
    await self.ep.send(each_frame)
  File "/opt/conda/envs/gdf/lib/python3.9/site-packages/ucp/core.py", line 650, in send
    return await comm.tag_send(self._ep, buffer, nbytes, tag, name=log)
ucp._libs.exceptions.UCXError: <[Send #007] ep: 0x7ff3e8903200, tag: 0x8ef75c928f4ac00a, nbytes: 50000000, type: <class 'cupy.ndarray'>>: Connection reset by remote peer

During handling of the above exception, another exception occurred:

Traceback (most recent call last):
  File "/opt/conda/envs/gdf/lib/python3.9/site-packages/distributed/worker.py", line 1782, in get_data
    compressed = await comm.write(msg, serializers=serializers)
  File "/opt/conda/envs/gdf/lib/python3.9/site-packages/distributed/utils.py", line 803, in wrapper
    return await func(*args, **kwargs)
  File "/opt/conda/envs/gdf/lib/python3.9/site-packages/distributed/comm/ucx.py", line 342, in write
    raise CommClosedError("While writing, the connection was closed")
distributed.comm.core.CommClosedError: While writing, the connection was closed
2023-12-21 07:02:44,693 - distributed.worker - ERROR - Worker stream died during communication: ucx://127.0.0.1:40963
Traceback (most recent call last):
  File "/opt/conda/envs/gdf/lib/python3.9/site-packages/distributed/comm/ucx.py", line 354, in read
    await self.ep.recv(msg)
  File "/opt/conda/envs/gdf/lib/python3.9/site-packages/ucp/core.py", line 725, in recv
    ret = await comm.tag_recv(self._ep, buffer, nbytes, tag, name=log)
ucp._libs.exceptions.UCXCanceled: <[Recv #003] ep: 0x7f5f54c5c200, tag: 0x8a64634970eae938, nbytes: 16, type: <class 'numpy.ndarray'>>: 

During handling of the above exception, another exception occurred:

Traceback (most recent call last):
  File "/opt/conda/envs/gdf/lib/python3.9/site-packages/distributed/worker.py", line 2059, in gather_dep
    response = await get_data_from_worker(
  File "/opt/conda/envs/gdf/lib/python3.9/site-packages/distributed/worker.py", line 2852, in get_data_from_worker
    response = await send_recv(
  File "/opt/conda/envs/gdf/lib/python3.9/site-packages/distributed/core.py", line 1106, in send_recv
    response = await comm.read(deserializers=deserializers)
  File "/opt/conda/envs/gdf/lib/python3.9/site-packages/distributed/utils.py", line 803, in wrapper
    return await func(*args, **kwargs)
  File "/opt/conda/envs/gdf/lib/python3.9/site-packages/distributed/comm/ucx.py", line 372, in read
    raise CommClosedError(
distributed.comm.core.CommClosedError: Connection closed by writer.
Inner exception: UCXCanceled("<[Recv #003] ep: 0x7f5f54c5c200, tag: 0x8a64634970eae938, nbytes: 16, type: <class 'numpy.ndarray'>>: ")
2023-12-21 07:02:44,702 - distributed.worker - ERROR - Worker stream died during communication: ucx://127.0.0.1:41479
Traceback (most recent call last):
  File "/opt/conda/envs/gdf/lib/python3.9/site-packages/distributed/comm/ucx.py", line 354, in read
    await self.ep.recv(msg)
  File "/opt/conda/envs/gdf/lib/python3.9/site-packages/ucp/core.py", line 725, in recv
    ret = await comm.tag_recv(self._ep, buffer, nbytes, tag, name=log)
ucp._libs.exceptions.UCXCanceled: <[Recv #008] ep: 0x7f5f54c5c140, tag: 0x137e5303944c694a, nbytes: 16, type: <class 'numpy.ndarray'>>: 

During handling of the above exception, another exception occurred:

Traceback (most recent call last):
  File "/opt/conda/envs/gdf/lib/python3.9/site-packages/distributed/worker.py", line 2059, in gather_dep
    response = await get_data_from_worker(
  File "/opt/conda/envs/gdf/lib/python3.9/site-packages/distributed/worker.py", line 2852, in get_data_from_worker
    response = await send_recv(
  File "/opt/conda/envs/gdf/lib/python3.9/site-packages/distributed/core.py", line 1106, in send_recv
    response = await comm.read(deserializers=deserializers)
  File "/opt/conda/envs/gdf/lib/python3.9/site-packages/distributed/utils.py", line 803, in wrapper
    return await func(*args, **kwargs)
  File "/opt/conda/envs/gdf/lib/python3.9/site-packages/distributed/comm/ucx.py", line 372, in read
    raise CommClosedError(
distributed.comm.core.CommClosedError: Connection closed by writer.
Inner exception: UCXCanceled("<[Recv #008] ep: 0x7f5f54c5c140, tag: 0x137e5303944c694a, nbytes: 16, type: <class 'numpy.ndarray'>>: ")
2023-12-21 07:02:44,702 - distributed.worker - ERROR - Worker stream died during communication: ucx://127.0.0.1:41479
Traceback (most recent call last):
  File "/opt/conda/envs/gdf/lib/python3.9/site-packages/distributed/comm/ucx.py", line 354, in read
    await self.ep.recv(msg)
  File "/opt/conda/envs/gdf/lib/python3.9/site-packages/ucp/core.py", line 725, in recv
    ret = await comm.tag_recv(self._ep, buffer, nbytes, tag, name=log)
ucp._libs.exceptions.UCXCanceled: <[Recv #003] ep: 0x7f0ec8543180, tag: 0xfc5e6f015ed89f0e, nbytes: 16, type: <class 'numpy.ndarray'>>: 

During handling of the above exception, another exception occurred:

Traceback (most recent call last):
  File "/opt/conda/envs/gdf/lib/python3.9/site-packages/distributed/worker.py", line 2059, in gather_dep
    response = await get_data_from_worker(
  File "/opt/conda/envs/gdf/lib/python3.9/site-packages/distributed/worker.py", line 2852, in get_data_from_worker
    response = await send_recv(
  File "/opt/conda/envs/gdf/lib/python3.9/site-packages/distributed/core.py", line 1106, in send_recv
    response = await comm.read(deserializers=deserializers)
  File "/opt/conda/envs/gdf/lib/python3.9/site-packages/distributed/utils.py", line 803, in wrapper
    return await func(*args, **kwargs)
  File "/opt/conda/envs/gdf/lib/python3.9/site-packages/distributed/comm/ucx.py", line 372, in read
    raise CommClosedError(
distributed.comm.core.CommClosedError: Connection closed by writer.
Inner exception: UCXCanceled("<[Recv #003] ep: 0x7f0ec8543180, tag: 0xfc5e6f015ed89f0e, nbytes: 16, type: <class 'numpy.ndarray'>>: ")
2023-12-21 07:02:44,703 - distributed.worker - ERROR - failed during get data with ucx://127.0.0.1:55665 -> ucx://127.0.0.1:41479
Traceback (most recent call last):
  File "/opt/conda/envs/gdf/lib/python3.9/site-packages/distributed/comm/ucx.py", line 338, in write
    await self.ep.send(each_frame)
  File "/opt/conda/envs/gdf/lib/python3.9/site-packages/ucp/core.py", line 650, in send
    return await comm.tag_send(self._ep, buffer, nbytes, tag, name=log)
ucp._libs.exceptions.UCXError: <[Send #007] ep: 0x7f0ec8543300, tag: 0xb4b85cef96a3c779, nbytes: 50000000, type: <class 'cupy.ndarray'>>: Connection reset by remote peer

During handling of the above exception, another exception occurred:

Traceback (most recent call last):
  File "/opt/conda/envs/gdf/lib/python3.9/site-packages/distributed/worker.py", line 1782, in get_data
    compressed = await comm.write(msg, serializers=serializers)
  File "/opt/conda/envs/gdf/lib/python3.9/site-packages/distributed/utils.py", line 803, in wrapper
    return await func(*args, **kwargs)
  File "/opt/conda/envs/gdf/lib/python3.9/site-packages/distributed/comm/ucx.py", line 342, in write
    raise CommClosedError("While writing, the connection was closed")
distributed.comm.core.CommClosedError: While writing, the connection was closed
2023-12-21 07:02:44,711 - distributed.worker - ERROR - Worker stream died during communication: ucx://127.0.0.1:41479
Traceback (most recent call last):
  File "/opt/conda/envs/gdf/lib/python3.9/site-packages/distributed/comm/ucx.py", line 471, in connect
    ep = await ucp.create_endpoint(ip, port)
  File "/opt/conda/envs/gdf/lib/python3.9/site-packages/ucp/core.py", line 1004, in create_endpoint
    return await _get_ctx().create_endpoint(
  File "/opt/conda/envs/gdf/lib/python3.9/site-packages/ucp/core.py", line 316, in create_endpoint
    peer_info = await exchange_peer_info(
  File "/opt/conda/envs/gdf/lib/python3.9/site-packages/ucp/core.py", line 54, in exchange_peer_info
    await comm.stream_recv(endpoint, peer_info_arr, peer_info_arr.nbytes)
ucp._libs.exceptions.UCXError: <stream_recv>: Connection reset by remote peer

During handling of the above exception, another exception occurred:

Traceback (most recent call last):
  File "/opt/conda/envs/gdf/lib/python3.9/site-packages/distributed/comm/core.py", line 342, in connect
    comm = await wait_for(
  File "/opt/conda/envs/gdf/lib/python3.9/site-packages/distributed/utils.py", line 1920, in wait_for
    return await asyncio.wait_for(fut, timeout)
  File "/opt/conda/envs/gdf/lib/python3.9/asyncio/tasks.py", line 479, in wait_for
    return fut.result()
  File "/opt/conda/envs/gdf/lib/python3.9/site-packages/distributed/comm/ucx.py", line 473, in connect
    raise CommClosedError("Connection closed before handshake completed")
distributed.comm.core.CommClosedError: Connection closed before handshake completed

During handling of the above exception, another exception occurred:

Traceback (most recent call last):
  File "/opt/conda/envs/gdf/lib/python3.9/site-packages/distributed/core.py", line 1516, in _connect
    comm = await connect(
  File "/opt/conda/envs/gdf/lib/python3.9/site-packages/distributed/comm/core.py", line 366, in connect
    await asyncio.sleep(backoff)
  File "/opt/conda/envs/gdf/lib/python3.9/asyncio/tasks.py", line 652, in sleep
    return await future
asyncio.exceptions.CancelledError

During handling of the above exception, another exception occurred:

Traceback (most recent call last):
  File "/opt/conda/envs/gdf/lib/python3.9/site-packages/distributed/core.py", line 1626, in connect
    return connect_attempt.result()
asyncio.exceptions.CancelledError

During handling of the above exception, another exception occurred:

Traceback (most recent call last):
  File "/opt/conda/envs/gdf/lib/python3.9/site-packages/distributed/worker.py", line 2059, in gather_dep
    response = await get_data_from_worker(
  File "/opt/conda/envs/gdf/lib/python3.9/site-packages/distributed/worker.py", line 2849, in get_data_from_worker
    comm = await rpc.connect(worker)
  File "/opt/conda/envs/gdf/lib/python3.9/site-packages/distributed/core.py", line 1628, in connect
    raise CommClosedError(reason)
distributed.comm.core.CommClosedError: Address removed.
2023-12-21 07:02:44,709 - distributed.worker - ERROR - Worker stream died during communication: ucx://127.0.0.1:41479
Traceback (most recent call last):
  File "/opt/conda/envs/gdf/lib/python3.9/site-packages/distributed/comm/ucx.py", line 471, in connect
    ep = await ucp.create_endpoint(ip, port)
  File "/opt/conda/envs/gdf/lib/python3.9/site-packages/ucp/core.py", line 1004, in create_endpoint
    return await _get_ctx().create_endpoint(
  File "/opt/conda/envs/gdf/lib/python3.9/site-packages/ucp/core.py", line 316, in create_endpoint
    peer_info = await exchange_peer_info(
  File "/opt/conda/envs/gdf/lib/python3.9/site-packages/ucp/core.py", line 54, in exchange_peer_info
    await comm.stream_recv(endpoint, peer_info_arr, peer_info_arr.nbytes)
ucp._libs.exceptions.UCXError: <stream_recv>: Connection reset by remote peer

During handling of the above exception, another exception occurred:

Traceback (most recent call last):
  File "/opt/conda/envs/gdf/lib/python3.9/site-packages/distributed/comm/core.py", line 342, in connect
    comm = await wait_for(
  File "/opt/conda/envs/gdf/lib/python3.9/site-packages/distributed/utils.py", line 1920, in wait_for
    return await asyncio.wait_for(fut, timeout)
  File "/opt/conda/envs/gdf/lib/python3.9/asyncio/tasks.py", line 479, in wait_for
    return fut.result()
  File "/opt/conda/envs/gdf/lib/python3.9/site-packages/distributed/comm/ucx.py", line 473, in connect
    raise CommClosedError("Connection closed before handshake completed")
distributed.comm.core.CommClosedError: Connection closed before handshake completed

During handling of the above exception, another exception occurred:

Traceback (most recent call last):
  File "/opt/conda/envs/gdf/lib/python3.9/site-packages/distributed/core.py", line 1516, in _connect
    comm = await connect(
  File "/opt/conda/envs/gdf/lib/python3.9/site-packages/distributed/comm/core.py", line 366, in connect
    await asyncio.sleep(backoff)
  File "/opt/conda/envs/gdf/lib/python3.9/asyncio/tasks.py", line 652, in sleep
    return await future
asyncio.exceptions.CancelledError

During handling of the above exception, another exception occurred:

Traceback (most recent call last):
  File "/opt/conda/envs/gdf/lib/python3.9/site-packages/distributed/core.py", line 1626, in connect
    return connect_attempt.result()
asyncio.exceptions.CancelledError

During handling of the above exception, another exception occurred:

Traceback (most recent call last):
  File "/opt/conda/envs/gdf/lib/python3.9/site-packages/distributed/worker.py", line 2059, in gather_dep
    response = await get_data_from_worker(
  File "/opt/conda/envs/gdf/lib/python3.9/site-packages/distributed/worker.py", line 2849, in get_data_from_worker
    comm = await rpc.connect(worker)
  File "/opt/conda/envs/gdf/lib/python3.9/site-packages/distributed/core.py", line 1628, in connect
    raise CommClosedError(reason)
distributed.comm.core.CommClosedError: Address removed.
[dgx13:86517:0:86517] Caught signal 11 (Segmentation fault: address not mapped to object at address 0x448)
==== backtrace (tid:  86517) ====
 0  /opt/conda/envs/gdf/lib/libucs.so.0(ucs_handle_error+0x2fd) [0x7fbe1995af1d]
 1  /opt/conda/envs/gdf/lib/libucs.so.0(+0x29114) [0x7fbe1995b114]
 2  /opt/conda/envs/gdf/lib/libucs.so.0(+0x292da) [0x7fbe1995b2da]
 3  /usr/lib/x86_64-linux-gnu/libpthread.so.0(+0x14420) [0x7fbebefd2420]
 4  /opt/conda/envs/gdf/lib/libucp.so.0(ucp_mem_type_unpack+0x14) [0x7fbe199d45d4]
 5  /opt/conda/envs/gdf/lib/libucp.so.0(ucp_rndv_data_handler+0x4e9) [0x7fbe199f9859]
 6  /opt/conda/envs/gdf/lib/libuct.so.0(+0x2042f) [0x7fbe1991642f]
 7  /opt/conda/envs/gdf/lib/libuct.so.0(+0x23798) [0x7fbe19919798]
 8  /opt/conda/envs/gdf/lib/libucs.so.0(ucs_event_set_wait+0xb9) [0x7fbe19963989]
 9  /opt/conda/envs/gdf/lib/libuct.so.0(uct_tcp_iface_progress+0x7d) [0x7fbe1991862d]
10  /opt/conda/envs/gdf/lib/libucp.so.0(ucp_worker_progress+0x5a) [0x7fbe199d1c4a]
11  /opt/conda/envs/gdf/lib/python3.9/site-packages/ucp/_libs/ucx_api.cpython-39-x86_64-linux-gnu.so(+0x3206a) [0x7fbe19a8306a]
12  /opt/conda/envs/gdf/bin/python(_PyEval_EvalFrameDefault+0x37cb) [0x5584e80ba6fb]
13  /opt/conda/envs/gdf/bin/python(+0x12f094) [0x5584e80b6094]
14  /opt/conda/envs/gdf/bin/python(_PyFunction_Vectorcall+0xd9) [0x5584e80c7519]
15  /opt/conda/envs/gdf/bin/python(_PyEval_EvalFrameDefault+0x696) [0x5584e80b75c6]
16  /opt/conda/envs/gdf/bin/python(+0x1407c2) [0x5584e80c77c2]
17  /opt/conda/envs/gdf/bin/python(+0x14de83) [0x5584e80d4e83]
18  /opt/conda/envs/gdf/bin/python(+0x258b2c) [0x5584e81dfb2c]
19  /opt/conda/envs/gdf/bin/python(+0xead05) [0x5584e8071d05]
20  /opt/conda/envs/gdf/bin/python(+0x1377f3) [0x5584e80be7f3]
21  /opt/conda/envs/gdf/bin/python(_PyEval_EvalFrameDefault+0x59f9) [0x5584e80bc929]
22  /opt/conda/envs/gdf/bin/python(+0x1407c2) [0x5584e80c77c2]
23  /opt/conda/envs/gdf/bin/python(_PyEval_EvalFrameDefault+0x696) [0x5584e80b75c6]
24  /opt/conda/envs/gdf/bin/python(+0x1407c2) [0x5584e80c77c2]
25  /opt/conda/envs/gdf/bin/python(_PyEval_EvalFrameDefault+0x696) [0x5584e80b75c6]
26  /opt/conda/envs/gdf/bin/python(+0x1407c2) [0x5584e80c77c2]
27  /opt/conda/envs/gdf/bin/python(_PyEval_EvalFrameDefault+0x696) [0x5584e80b75c6]
28  /opt/conda/envs/gdf/bin/python(+0x1407c2) [0x5584e80c77c2]
29  /opt/conda/envs/gdf/bin/python(_PyEval_EvalFrameDefault+0x696) [0x5584e80b75c6]
30  /opt/conda/envs/gdf/bin/python(+0x12f094) [0x5584e80b6094]
31  /opt/conda/envs/gdf/bin/python(_PyFunction_Vectorcall+0xd9) [0x5584e80c7519]
32  /opt/conda/envs/gdf/bin/python(_PyEval_EvalFrameDefault+0x11f8) [0x5584e80b8128]
33  /opt/conda/envs/gdf/bin/python(+0x12f094) [0x5584e80b6094]
34  /opt/conda/envs/gdf/bin/python(+0x14dccb) [0x5584e80d4ccb]
35  /opt/conda/envs/gdf/bin/python(PyObject_Call+0xbc) [0x5584e80d544c]
36  /opt/conda/envs/gdf/bin/python(+0x21110e) [0x5584e819810e]
37  /opt/conda/envs/gdf/bin/python(_PyObject_MakeTpCall+0x2ec) [0x5584e80bf77c]
38  /opt/conda/envs/gdf/bin/python(_PyEval_EvalFrameDefault+0x37cb) [0x5584e80ba6fb]
39  /opt/conda/envs/gdf/bin/python(+0x1407c2) [0x5584e80c77c2]
40  /opt/conda/envs/gdf/bin/python(+0x14ddac) [0x5584e80d4dac]
41  /opt/conda/envs/gdf/bin/python(_PyEval_EvalFrameDefault+0x37cb) [0x5584e80ba6fb]
42  /opt/conda/envs/gdf/bin/python(+0x1407c2) [0x5584e80c77c2]
43  /opt/conda/envs/gdf/bin/python(_PyEval_EvalFrameDefault+0x696) [0x5584e80b75c6]
44  /opt/conda/envs/gdf/bin/python(+0x12f094) [0x5584e80b6094]
45  /opt/conda/envs/gdf/bin/python(_PyFunction_Vectorcall+0xd9) [0x5584e80c7519]
46  /opt/conda/envs/gdf/bin/python(_PyEval_EvalFrameDefault+0x696) [0x5584e80b75c6]
47  /opt/conda/envs/gdf/bin/python(+0x1407c2) [0x5584e80c77c2]
48  /opt/conda/envs/gdf/bin/python(_PyEval_EvalFrameDefault+0x3e2) [0x5584e80b7312]
49  /opt/conda/envs/gdf/bin/python(+0x12f094) [0x5584e80b6094]
50  /opt/conda/envs/gdf/bin/python(_PyFunction_Vectorcall+0xd9) [0x5584e80c7519]
51  /opt/conda/envs/gdf/bin/python(_PyEval_EvalFrameDefault+0x11f8) [0x5584e80b8128]
52  /opt/conda/envs/gdf/bin/python(+0x12f094) [0x5584e80b6094]
53  /opt/conda/envs/gdf/bin/python(_PyEval_EvalCodeWithName+0x48) [0x5584e80b5d68]
54  /opt/conda/envs/gdf/bin/python(PyEval_EvalCodeEx+0x39) [0x5584e80b5d19]
55  /opt/conda/envs/gdf/bin/python(PyEval_EvalCode+0x1b) [0x5584e816307b]
56  /opt/conda/envs/gdf/bin/python(+0x208fca) [0x5584e818ffca]
57  /opt/conda/envs/gdf/bin/python(+0x205353) [0x5584e818c353]
58  /opt/conda/envs/gdf/bin/python(PyRun_StringFlags+0x9a) [0x5584e818416a]
59  /opt/conda/envs/gdf/bin/python(PyRun_SimpleStringFlags+0x3c) [0x5584e818405c]
60  /opt/conda/envs/gdf/bin/python(Py_RunMain+0x267) [0x5584e8183297]
61  /opt/conda/envs/gdf/bin/python(Py_BytesMain+0x37) [0x5584e8156f07]
=================================
[dgx13:86507:0:86507] Caught signal 11 (Segmentation fault: address not mapped to object at address 0x448)
==== backtrace (tid:  86507) ====
 0  /opt/conda/envs/gdf/lib/libucs.so.0(ucs_handle_error+0x2fd) [0x7f58f76f9f1d]
 1  /opt/conda/envs/gdf/lib/libucs.so.0(+0x29114) [0x7f58f76fa114]
 2  /opt/conda/envs/gdf/lib/libucs.so.0(+0x292da) [0x7f58f76fa2da]
 3  /usr/lib/x86_64-linux-gnu/libpthread.so.0(+0x14420) [0x7f599cd3c420]
 4  /opt/conda/envs/gdf/lib/libucp.so.0(ucp_mem_type_unpack+0x14) [0x7f58f77735d4]
 5  /opt/conda/envs/gdf/lib/libucp.so.0(ucp_rndv_data_handler+0x4e9) [0x7f58f7798859]
 6  /opt/conda/envs/gdf/lib/libuct.so.0(+0x2042f) [0x7f58f76b542f]
 7  /opt/conda/envs/gdf/lib/libuct.so.0(+0x23798) [0x7f58f76b8798]
 8  /opt/conda/envs/gdf/lib/libucs.so.0(ucs_event_set_wait+0xb9) [0x7f58f7702989]
 9  /opt/conda/envs/gdf/lib/libuct.so.0(uct_tcp_iface_progress+0x7d) [0x7f58f76b762d]
10  /opt/conda/envs/gdf/lib/libucp.so.0(ucp_worker_progress+0x5a) [0x7f58f7770c4a]
11  /opt/conda/envs/gdf/lib/python3.9/site-packages/ucp/_libs/ucx_api.cpython-39-x86_64-linux-gnu.so(+0x3206a) [0x7f58f782206a]
12  /opt/conda/envs/gdf/bin/python(_PyEval_EvalFrameDefault+0x37cb) [0x560c5f3ee6fb]
13  /opt/conda/envs/gdf/bin/python(+0x12f094) [0x560c5f3ea094]
14  /opt/conda/envs/gdf/bin/python(_PyFunction_Vectorcall+0xd9) [0x560c5f3fb519]
15  /opt/conda/envs/gdf/bin/python(_PyEval_EvalFrameDefault+0x696) [0x560c5f3eb5c6]
16  /opt/conda/envs/gdf/bin/python(+0x1407c2) [0x560c5f3fb7c2]
17  /opt/conda/envs/gdf/bin/python(+0x14de83) [0x560c5f408e83]
18  /opt/conda/envs/gdf/bin/python(+0x258b2c) [0x560c5f513b2c]
19  /opt/conda/envs/gdf/bin/python(+0xead05) [0x560c5f3a5d05]
20  /opt/conda/envs/gdf/bin/python(+0x1377f3) [0x560c5f3f27f3]
21  /opt/conda/envs/gdf/bin/python(_PyEval_EvalFrameDefault+0x59f9) [0x560c5f3f0929]
22  /opt/conda/envs/gdf/bin/python(+0x1407c2) [0x560c5f3fb7c2]
23  /opt/conda/envs/gdf/bin/python(_PyEval_EvalFrameDefault+0x696) [0x560c5f3eb5c6]
24  /opt/conda/envs/gdf/bin/python(+0x1407c2) [0x560c5f3fb7c2]
25  /opt/conda/envs/gdf/bin/python(_PyEval_EvalFrameDefault+0x696) [0x560c5f3eb5c6]
26  /opt/conda/envs/gdf/bin/python(+0x1407c2) [0x560c5f3fb7c2]
27  /opt/conda/envs/gdf/bin/python(_PyEval_EvalFrameDefault+0x696) [0x560c5f3eb5c6]
28  /opt/conda/envs/gdf/bin/python(+0x1407c2) [0x560c5f3fb7c2]
29  /opt/conda/envs/gdf/bin/python(_PyEval_EvalFrameDefault+0x696) [0x560c5f3eb5c6]
30  /opt/conda/envs/gdf/bin/python(+0x12f094) [0x560c5f3ea094]
31  /opt/conda/envs/gdf/bin/python(_PyFunction_Vectorcall+0xd9) [0x560c5f3fb519]
32  /opt/conda/envs/gdf/bin/python(_PyEval_EvalFrameDefault+0x11f8) [0x560c5f3ec128]
33  /opt/conda/envs/gdf/bin/python(+0x12f094) [0x560c5f3ea094]
34  /opt/conda/envs/gdf/bin/python(+0x14dccb) [0x560c5f408ccb]
35  /opt/conda/envs/gdf/bin/python(PyObject_Call+0xbc) [0x560c5f40944c]
36  /opt/conda/envs/gdf/bin/python(+0x21110e) [0x560c5f4cc10e]
37  /opt/conda/envs/gdf/bin/python(_PyObject_MakeTpCall+0x2ec) [0x560c5f3f377c]
38  /opt/conda/envs/gdf/bin/python(_PyEval_EvalFrameDefault+0x37cb) [0x560c5f3ee6fb]
39  /opt/conda/envs/gdf/bin/python(+0x1407c2) [0x560c5f3fb7c2]
40  /opt/conda/envs/gdf/bin/python(+0x14ddac) [0x560c5f408dac]
41  /opt/conda/envs/gdf/bin/python(_PyEval_EvalFrameDefault+0x37cb) [0x560c5f3ee6fb]
42  /opt/conda/envs/gdf/bin/python(+0x1407c2) [0x560c5f3fb7c2]
43  /opt/conda/envs/gdf/bin/python(_PyEval_EvalFrameDefault+0x696) [0x560c5f3eb5c6]
44  /opt/conda/envs/gdf/bin/python(+0x12f094) [0x560c5f3ea094]
45  /opt/conda/envs/gdf/bin/python(_PyFunction_Vectorcall+0xd9) [0x560c5f3fb519]
46  /opt/conda/envs/gdf/bin/python(_PyEval_EvalFrameDefault+0x696) [0x560c5f3eb5c6]
47  /opt/conda/envs/gdf/bin/python(+0x1407c2) [0x560c5f3fb7c2]
48  /opt/conda/envs/gdf/bin/python(_PyEval_EvalFrameDefault+0x3e2) [0x560c5f3eb312]
49  /opt/conda/envs/gdf/bin/python(+0x12f094) [0x560c5f3ea094]
50  /opt/conda/envs/gdf/bin/python(_PyFunction_Vectorcall+0xd9) [0x560c5f3fb519]
51  /opt/conda/envs/gdf/bin/python(_PyEval_EvalFrameDefault+0x11f8) [0x560c5f3ec128]
52  /opt/conda/envs/gdf/bin/python(+0x12f094) [0x560c5f3ea094]
53  /opt/conda/envs/gdf/bin/python(_PyEval_EvalCodeWithName+0x48) [0x560c5f3e9d68]
54  /opt/conda/envs/gdf/bin/python(PyEval_EvalCodeEx+0x39) [0x560c5f3e9d19]
55  /opt/conda/envs/gdf/bin/python(PyEval_EvalCode+0x1b) [0x560c5f49707b]
56  /opt/conda/envs/gdf/bin/python(+0x208fca) [0x560c5f4c3fca]
57  /opt/conda/envs/gdf/bin/python(+0x205353) [0x560c5f4c0353]
58  /opt/conda/envs/gdf/bin/python(PyRun_StringFlags+0x9a) [0x560c5f4b816a]
59  /opt/conda/envs/gdf/bin/python(PyRun_SimpleStringFlags+0x3c) [0x560c5f4b805c]
60  /opt/conda/envs/gdf/bin/python(Py_RunMain+0x267) [0x560c5f4b7297]
61  /opt/conda/envs/gdf/bin/python(Py_BytesMain+0x37) [0x560c5f48af07]
=================================
2023-12-21 07:02:45,801 - distributed.worker - ERROR - failed during get data with ucx://127.0.0.1:38179 -> ucx://127.0.0.1:60293
Traceback (most recent call last):
  File "/opt/conda/envs/gdf/lib/python3.9/site-packages/distributed/comm/ucx.py", line 338, in write
    await self.ep.send(each_frame)
  File "/opt/conda/envs/gdf/lib/python3.9/site-packages/ucp/core.py", line 650, in send
    return await comm.tag_send(self._ep, buffer, nbytes, tag, name=log)
ucp._libs.exceptions.UCXError: <[Send #012] ep: 0x7f5f54c5c300, tag: 0xff163a0f136215d6, nbytes: 50000000, type: <class 'cupy.ndarray'>>: Connection reset by remote peer

During handling of the above exception, another exception occurred:

Traceback (most recent call last):
  File "/opt/conda/envs/gdf/lib/python3.9/site-packages/distributed/worker.py", line 1782, in get_data
    compressed = await comm.write(msg, serializers=serializers)
  File "/opt/conda/envs/gdf/lib/python3.9/site-packages/distributed/utils.py", line 803, in wrapper
    return await func(*args, **kwargs)
  File "/opt/conda/envs/gdf/lib/python3.9/site-packages/distributed/comm/ucx.py", line 342, in write
    raise CommClosedError("While writing, the connection was closed")
distributed.comm.core.CommClosedError: While writing, the connection was closed
2023-12-21 07:02:45,802 - distributed.worker - ERROR - failed during get data with ucx://127.0.0.1:38939 -> ucx://127.0.0.1:60293
Traceback (most recent call last):
  File "/opt/conda/envs/gdf/lib/python3.9/site-packages/distributed/comm/ucx.py", line 338, in write
    await self.ep.send(each_frame)
  File "/opt/conda/envs/gdf/lib/python3.9/site-packages/ucp/core.py", line 650, in send
    return await comm.tag_send(self._ep, buffer, nbytes, tag, name=log)
ucp._libs.exceptions.UCXError: <[Send #012] ep: 0x7ff3e89032c0, tag: 0x50c1ca8589b1be16, nbytes: 50000000, type: <class 'cupy.ndarray'>>: Connection reset by remote peer

During handling of the above exception, another exception occurred:

Traceback (most recent call last):
  File "/opt/conda/envs/gdf/lib/python3.9/site-packages/distributed/worker.py", line 1782, in get_data
    compressed = await comm.write(msg, serializers=serializers)
  File "/opt/conda/envs/gdf/lib/python3.9/site-packages/distributed/utils.py", line 803, in wrapper
    return await func(*args, **kwargs)
  File "/opt/conda/envs/gdf/lib/python3.9/site-packages/distributed/comm/ucx.py", line 342, in write
    raise CommClosedError("While writing, the connection was closed")
distributed.comm.core.CommClosedError: While writing, the connection was closed
2023-12-21 07:02:45,809 - distributed.worker - ERROR - Worker stream died during communication: ucx://127.0.0.1:60293
Traceback (most recent call last):
  File "/opt/conda/envs/gdf/lib/python3.9/site-packages/distributed/core.py", line 1516, in _connect
    comm = await connect(
  File "/opt/conda/envs/gdf/lib/python3.9/site-packages/distributed/comm/core.py", line 342, in connect
    comm = await wait_for(
  File "/opt/conda/envs/gdf/lib/python3.9/site-packages/distributed/utils.py", line 1920, in wait_for
    return await asyncio.wait_for(fut, timeout)
  File "/opt/conda/envs/gdf/lib/python3.9/asyncio/tasks.py", line 466, in wait_for
    await waiter
asyncio.exceptions.CancelledError

During handling of the above exception, another exception occurred:

Traceback (most recent call last):
  File "/opt/conda/envs/gdf/lib/python3.9/site-packages/distributed/core.py", line 1626, in connect
    return connect_attempt.result()
asyncio.exceptions.CancelledError

During handling of the above exception, another exception occurred:

Traceback (most recent call last):
  File "/opt/conda/envs/gdf/lib/python3.9/site-packages/distributed/worker.py", line 2059, in gather_dep
    response = await get_data_from_worker(
  File "/opt/conda/envs/gdf/lib/python3.9/site-packages/distributed/worker.py", line 2849, in get_data_from_worker
    comm = await rpc.connect(worker)
  File "/opt/conda/envs/gdf/lib/python3.9/site-packages/distributed/core.py", line 1628, in connect
    raise CommClosedError(reason)
distributed.comm.core.CommClosedError: Address removed.
2023-12-21 07:02:45,809 - distributed.worker - ERROR - Worker stream died during communication: ucx://127.0.0.1:60293
Traceback (most recent call last):
  File "/opt/conda/envs/gdf/lib/python3.9/site-packages/distributed/comm/ucx.py", line 471, in connect
    ep = await ucp.create_endpoint(ip, port)
  File "/opt/conda/envs/gdf/lib/python3.9/site-packages/ucp/core.py", line 1004, in create_endpoint
    return await _get_ctx().create_endpoint(
  File "/opt/conda/envs/gdf/lib/python3.9/site-packages/ucp/core.py", line 316, in create_endpoint
    peer_info = await exchange_peer_info(
  File "/opt/conda/envs/gdf/lib/python3.9/site-packages/ucp/core.py", line 54, in exchange_peer_info
    await comm.stream_recv(endpoint, peer_info_arr, peer_info_arr.nbytes)
ucp._libs.exceptions.UCXError: <stream_recv>: Connection reset by remote peer

During handling of the above exception, another exception occurred:

Traceback (most recent call last):
  File "/opt/conda/envs/gdf/lib/python3.9/site-packages/distributed/comm/core.py", line 342, in connect
    comm = await wait_for(
  File "/opt/conda/envs/gdf/lib/python3.9/site-packages/distributed/utils.py", line 1920, in wait_for
    return await asyncio.wait_for(fut, timeout)
  File "/opt/conda/envs/gdf/lib/python3.9/asyncio/tasks.py", line 479, in wait_for
    return fut.result()
  File "/opt/conda/envs/gdf/lib/python3.9/site-packages/distributed/comm/ucx.py", line 473, in connect
    raise CommClosedError("Connection closed before handshake completed")
distributed.comm.core.CommClosedError: Connection closed before handshake completed

During handling of the above exception, another exception occurred:

Traceback (most recent call last):
  File "/opt/conda/envs/gdf/lib/python3.9/site-packages/distributed/core.py", line 1516, in _connect
    comm = await connect(
  File "/opt/conda/envs/gdf/lib/python3.9/site-packages/distributed/comm/core.py", line 366, in connect
    await asyncio.sleep(backoff)
  File "/opt/conda/envs/gdf/lib/python3.9/asyncio/tasks.py", line 652, in sleep
    return await future
asyncio.exceptions.CancelledError

During handling of the above exception, another exception occurred:

Traceback (most recent call last):
  File "/opt/conda/envs/gdf/lib/python3.9/site-packages/distributed/core.py", line 1626, in connect
    return connect_attempt.result()
asyncio.exceptions.CancelledError

During handling of the above exception, another exception occurred:

Traceback (most recent call last):
  File "/opt/conda/envs/gdf/lib/python3.9/site-packages/distributed/worker.py", line 2059, in gather_dep
    response = await get_data_from_worker(
  File "/opt/conda/envs/gdf/lib/python3.9/site-packages/distributed/worker.py", line 2849, in get_data_from_worker
    comm = await rpc.connect(worker)
  File "/opt/conda/envs/gdf/lib/python3.9/site-packages/distributed/core.py", line 1628, in connect
    raise CommClosedError(reason)
distributed.comm.core.CommClosedError: Address removed.
2023-12-21 07:02:46,008 - distributed.worker - ERROR - Worker stream died during communication: ucx://127.0.0.1:56271
Traceback (most recent call last):
  File "/opt/conda/envs/gdf/lib/python3.9/site-packages/distributed/comm/ucx.py", line 396, in read
    await self.ep.recv(each_frame)
  File "/opt/conda/envs/gdf/lib/python3.9/site-packages/ucp/core.py", line 725, in recv
    ret = await comm.tag_recv(self._ep, buffer, nbytes, tag, name=log)
ucp._libs.exceptions.UCXError: <[Recv #007] ep: 0x7f0ec8543200, tag: 0x707b428a13e7b647, nbytes: 50000000, type: <class 'rmm._lib.device_buffer.DeviceBuffer'>>: Connection reset by remote peer

During handling of the above exception, another exception occurred:

Traceback (most recent call last):
  File "/opt/conda/envs/gdf/lib/python3.9/site-packages/distributed/worker.py", line 2059, in gather_dep
    response = await get_data_from_worker(
  File "/opt/conda/envs/gdf/lib/python3.9/site-packages/distributed/worker.py", line 2852, in get_data_from_worker
    response = await send_recv(
  File "/opt/conda/envs/gdf/lib/python3.9/site-packages/distributed/core.py", line 1106, in send_recv
    response = await comm.read(deserializers=deserializers)
  File "/opt/conda/envs/gdf/lib/python3.9/site-packages/distributed/utils.py", line 803, in wrapper
    return await func(*args, **kwargs)
  File "/opt/conda/envs/gdf/lib/python3.9/site-packages/distributed/comm/ucx.py", line 402, in read
    raise CommClosedError(
distributed.comm.core.CommClosedError: Connection closed by writer.
Inner exception: UCXError("<[Recv #007] ep: 0x7f0ec8543200, tag: 0x707b428a13e7b647, nbytes: 50000000, type: <class 'rmm._lib.device_buffer.DeviceBuffer'>>: Connection reset by remote peer")
2023-12-21 07:02:46,009 - distributed.worker - ERROR - failed during get data with ucx://127.0.0.1:55665 -> ucx://127.0.0.1:56271
Traceback (most recent call last):
  File "/opt/conda/envs/gdf/lib/python3.9/site-packages/distributed/comm/ucx.py", line 338, in write
    await self.ep.send(each_frame)
  File "/opt/conda/envs/gdf/lib/python3.9/site-packages/ucp/core.py", line 650, in send
    return await comm.tag_send(self._ep, buffer, nbytes, tag, name=log)
ucp._libs.exceptions.UCXError: <[Send #007] ep: 0x7f0ec8543300, tag: 0xf0d4dbe9ef6c1afd, nbytes: 50000000, type: <class 'cupy.ndarray'>>: Connection reset by remote peer

During handling of the above exception, another exception occurred:

Traceback (most recent call last):
  File "/opt/conda/envs/gdf/lib/python3.9/site-packages/distributed/worker.py", line 1782, in get_data
    compressed = await comm.write(msg, serializers=serializers)
  File "/opt/conda/envs/gdf/lib/python3.9/site-packages/distributed/utils.py", line 803, in wrapper
    return await func(*args, **kwargs)
  File "/opt/conda/envs/gdf/lib/python3.9/site-packages/distributed/comm/ucx.py", line 342, in write
    raise CommClosedError("While writing, the connection was closed")
distributed.comm.core.CommClosedError: While writing, the connection was closed
2023-12-21 07:02:46,009 - distributed.worker - ERROR - Worker stream died during communication: ucx://127.0.0.1:56271
Traceback (most recent call last):
  File "/opt/conda/envs/gdf/lib/python3.9/site-packages/distributed/comm/ucx.py", line 354, in read
    await self.ep.recv(msg)
  File "/opt/conda/envs/gdf/lib/python3.9/site-packages/ucp/core.py", line 725, in recv
    ret = await comm.tag_recv(self._ep, buffer, nbytes, tag, name=log)
ucp._libs.exceptions.UCXCanceled: <[Recv #032] ep: 0x7ff3e8903140, tag: 0xdb4a81fd0e5a63ec, nbytes: 16, type: <class 'numpy.ndarray'>>: 

During handling of the above exception, another exception occurred:

Traceback (most recent call last):
  File "/opt/conda/envs/gdf/lib/python3.9/site-packages/distributed/worker.py", line 2059, in gather_dep
    response = await get_data_from_worker(
  File "/opt/conda/envs/gdf/lib/python3.9/site-packages/distributed/worker.py", line 2852, in get_data_from_worker
    response = await send_recv(
  File "/opt/conda/envs/gdf/lib/python3.9/site-packages/distributed/core.py", line 1106, in send_recv
    response = await comm.read(deserializers=deserializers)
  File "/opt/conda/envs/gdf/lib/python3.9/site-packages/distributed/utils.py", line 803, in wrapper
    return await func(*args, **kwargs)
  File "/opt/conda/envs/gdf/lib/python3.9/site-packages/distributed/comm/ucx.py", line 372, in read
    raise CommClosedError(
distributed.comm.core.CommClosedError: Connection closed by writer.
Inner exception: UCXCanceled("<[Recv #032] ep: 0x7ff3e8903140, tag: 0xdb4a81fd0e5a63ec, nbytes: 16, type: <class 'numpy.ndarray'>>: ")
2023-12-21 07:02:49,902 - distributed.nanny - WARNING - Restarting worker
2023-12-21 07:02:50,063 - distributed.nanny - WARNING - Restarting worker
2023-12-21 07:02:50,176 - distributed.nanny - WARNING - Restarting worker
2023-12-21 07:02:50,959 - distributed.nanny - WARNING - Restarting worker
2023-12-21 07:02:50,999 - distributed.nanny - WARNING - Restarting worker
/opt/conda/envs/gdf/lib/python3.9/multiprocessing/resource_tracker.py:216: UserWarning: resource_tracker: There appear to be 48 leaked semaphore objects to clean up at shutdown
  warnings.warn('resource_tracker: There appear to be %d '
