[dgx13:80923:0:80923] Caught signal 11 (Segmentation fault: address not mapped to object at address 0x448)
==== backtrace (tid:  80923) ====
 0  /opt/conda/envs/gdf/lib/libucs.so.0(ucs_handle_error+0x2fd) [0x7f1f3003407d]
 1  /opt/conda/envs/gdf/lib/libucs.so.0(+0x2a274) [0x7f1f30034274]
 2  /opt/conda/envs/gdf/lib/libucs.so.0(+0x2a43a) [0x7f1f3003443a]
 3  /usr/lib/x86_64-linux-gnu/libpthread.so.0(+0x14420) [0x7f1f5ae07420]
 4  /opt/conda/envs/gdf/lib/libucp.so.0(ucp_mem_type_unpack+0x14) [0x7f1f1df7c6b4]
 5  /opt/conda/envs/gdf/lib/libucp.so.0(ucp_rndv_data_handler+0x4e9) [0x7f1f1dfa5839]
 6  /opt/conda/envs/gdf/lib/libuct.so.0(+0x203df) [0x7f1f1df163df]
 7  /opt/conda/envs/gdf/lib/libuct.so.0(+0x23838) [0x7f1f1df19838]
 8  /opt/conda/envs/gdf/lib/libucs.so.0(ucs_event_set_wait+0xb9) [0x7f1f3003d4a9]
 9  /opt/conda/envs/gdf/lib/libuct.so.0(uct_tcp_iface_progress+0x7d) [0x7f1f1df185dd]
10  /opt/conda/envs/gdf/lib/libucp.so.0(ucp_worker_progress+0x5a) [0x7f1f1df798da]
11  /opt/conda/envs/gdf/lib/python3.9/site-packages/ucp/_libs/ucx_api.cpython-39-x86_64-linux-gnu.so(+0x3206a) [0x7f1f3009b06a]
12  /opt/conda/envs/gdf/bin/python(_PyEval_EvalFrameDefault+0x45a6) [0x556f706343f6]
13  /opt/conda/envs/gdf/bin/python(+0x12dfb4) [0x556f7062efb4]
14  /opt/conda/envs/gdf/bin/python(_PyFunction_Vectorcall+0xd9) [0x556f70640469]
15  /opt/conda/envs/gdf/bin/python(_PyEval_EvalFrameDefault+0x696) [0x556f706304e6]
16  /opt/conda/envs/gdf/bin/python(+0x1e26d2) [0x556f706e36d2]
17  /opt/conda/envs/gdf/lib/python3.9/lib-dynload/_asyncio.cpython-39-x86_64-linux-gnu.so(+0x81e9) [0x7f1f50c881e9]
18  /opt/conda/envs/gdf/bin/python(_PyObject_MakeTpCall+0x2ec) [0x556f706386ac]
19  /opt/conda/envs/gdf/bin/python(+0xf23ff) [0x556f705f33ff]
20  /opt/conda/envs/gdf/bin/python(+0x136723) [0x556f70637723]
21  /opt/conda/envs/gdf/bin/python(_PyEval_EvalFrameDefault+0x5ad9) [0x556f70635929]
22  /opt/conda/envs/gdf/bin/python(+0x13f712) [0x556f70640712]
23  /opt/conda/envs/gdf/bin/python(_PyEval_EvalFrameDefault+0x696) [0x556f706304e6]
24  /opt/conda/envs/gdf/bin/python(+0x13f712) [0x556f70640712]
25  /opt/conda/envs/gdf/bin/python(_PyEval_EvalFrameDefault+0x696) [0x556f706304e6]
26  /opt/conda/envs/gdf/bin/python(+0x13f712) [0x556f70640712]
27  /opt/conda/envs/gdf/bin/python(_PyEval_EvalFrameDefault+0x696) [0x556f706304e6]
28  /opt/conda/envs/gdf/bin/python(+0x13f712) [0x556f70640712]
29  /opt/conda/envs/gdf/bin/python(_PyEval_EvalFrameDefault+0x696) [0x556f706304e6]
30  /opt/conda/envs/gdf/bin/python(+0x12dfb4) [0x556f7062efb4]
31  /opt/conda/envs/gdf/bin/python(_PyFunction_Vectorcall+0xd9) [0x556f70640469]
32  /opt/conda/envs/gdf/bin/python(_PyEval_EvalFrameDefault+0x11f2) [0x556f70631042]
33  /opt/conda/envs/gdf/bin/python(+0x12dfb4) [0x556f7062efb4]
34  /opt/conda/envs/gdf/bin/python(+0x14c8cb) [0x556f7064d8cb]
35  /opt/conda/envs/gdf/bin/python(PyObject_Call+0xbc) [0x556f7064e04c]
36  /opt/conda/envs/gdf/bin/python(+0x21080e) [0x556f7071180e]
37  /opt/conda/envs/gdf/bin/python(_PyObject_MakeTpCall+0x2ec) [0x556f706386ac]
38  /opt/conda/envs/gdf/bin/python(_PyEval_EvalFrameDefault+0x45a6) [0x556f706343f6]
39  /opt/conda/envs/gdf/bin/python(+0x13f712) [0x556f70640712]
40  /opt/conda/envs/gdf/bin/python(+0x14c9ac) [0x556f7064d9ac]
41  /opt/conda/envs/gdf/bin/python(_PyEval_EvalFrameDefault+0x45a6) [0x556f706343f6]
42  /opt/conda/envs/gdf/bin/python(+0x13f712) [0x556f70640712]
43  /opt/conda/envs/gdf/bin/python(_PyEval_EvalFrameDefault+0x696) [0x556f706304e6]
44  /opt/conda/envs/gdf/bin/python(+0x12dfb4) [0x556f7062efb4]
45  /opt/conda/envs/gdf/bin/python(_PyFunction_Vectorcall+0xd9) [0x556f70640469]
46  /opt/conda/envs/gdf/bin/python(_PyEval_EvalFrameDefault+0x696) [0x556f706304e6]
47  /opt/conda/envs/gdf/bin/python(+0x13f712) [0x556f70640712]
48  /opt/conda/envs/gdf/bin/python(_PyEval_EvalFrameDefault+0x3e2) [0x556f70630232]
49  /opt/conda/envs/gdf/bin/python(+0x12dfb4) [0x556f7062efb4]
50  /opt/conda/envs/gdf/bin/python(_PyFunction_Vectorcall+0xd9) [0x556f70640469]
51  /opt/conda/envs/gdf/bin/python(_PyEval_EvalFrameDefault+0x11f2) [0x556f70631042]
52  /opt/conda/envs/gdf/bin/python(+0x12dfb4) [0x556f7062efb4]
53  /opt/conda/envs/gdf/bin/python(_PyEval_EvalCodeWithName+0x48) [0x556f7062ec88]
54  /opt/conda/envs/gdf/bin/python(PyEval_EvalCodeEx+0x39) [0x556f7062ec39]
55  /opt/conda/envs/gdf/bin/python(PyEval_EvalCode+0x1b) [0x556f706dc2cb]
56  /opt/conda/envs/gdf/bin/python(+0x2086ca) [0x556f707096ca]
57  /opt/conda/envs/gdf/bin/python(+0x204a63) [0x556f70705a63]
58  /opt/conda/envs/gdf/bin/python(PyRun_StringFlags+0x9a) [0x556f706fd87a]
59  /opt/conda/envs/gdf/bin/python(PyRun_SimpleStringFlags+0x3c) [0x556f706fd76c]
60  /opt/conda/envs/gdf/bin/python(Py_RunMain+0x267) [0x556f706fc9a7]
61  /opt/conda/envs/gdf/bin/python(Py_BytesMain+0x37) [0x556f706d0107]
=================================
[dgx13:80912:0:80912] Caught signal 11 (Segmentation fault: address not mapped to object at address 0x448)
==== backtrace (tid:  80912) ====
 0  /opt/conda/envs/gdf/lib/libucs.so.0(ucs_handle_error+0x2fd) [0x7fd72042507d]
 1  /opt/conda/envs/gdf/lib/libucs.so.0(+0x2a274) [0x7fd720425274]
 2  /opt/conda/envs/gdf/lib/libucs.so.0(+0x2a43a) [0x7fd72042543a]
 3  /usr/lib/x86_64-linux-gnu/libpthread.so.0(+0x14420) [0x7fd74b42d420]
 4  /opt/conda/envs/gdf/lib/libucp.so.0(ucp_mem_type_unpack+0x14) [0x7fd7204a46b4]
 5  /opt/conda/envs/gdf/lib/libucp.so.0(ucp_rndv_data_handler+0x4e9) [0x7fd7204cd839]
 6  /opt/conda/envs/gdf/lib/libuct.so.0(+0x203df) [0x7fd7203df3df]
 7  /opt/conda/envs/gdf/lib/libuct.so.0(+0x23838) [0x7fd7203e2838]
 8  /opt/conda/envs/gdf/lib/libucs.so.0(ucs_event_set_wait+0xb9) [0x7fd72042e4a9]
 9  /opt/conda/envs/gdf/lib/libuct.so.0(uct_tcp_iface_progress+0x7d) [0x7fd7203e15dd]
10  /opt/conda/envs/gdf/lib/libucp.so.0(ucp_worker_progress+0x5a) [0x7fd7204a18da]
11  /opt/conda/envs/gdf/lib/python3.9/site-packages/ucp/_libs/ucx_api.cpython-39-x86_64-linux-gnu.so(+0x3206a) [0x7fd72055a06a]
12  /opt/conda/envs/gdf/bin/python(_PyEval_EvalFrameDefault+0x45a6) [0x55aabc3153f6]
13  /opt/conda/envs/gdf/bin/python(+0x12dfb4) [0x55aabc30ffb4]
14  /opt/conda/envs/gdf/bin/python(_PyFunction_Vectorcall+0xd9) [0x55aabc321469]
15  /opt/conda/envs/gdf/bin/python(_PyEval_EvalFrameDefault+0x696) [0x55aabc3114e6]
16  /opt/conda/envs/gdf/bin/python(+0x1e26d2) [0x55aabc3c46d2]
17  /opt/conda/envs/gdf/lib/python3.9/lib-dynload/_asyncio.cpython-39-x86_64-linux-gnu.so(+0x81e9) [0x7fd7412ae1e9]
18  /opt/conda/envs/gdf/bin/python(_PyObject_MakeTpCall+0x2ec) [0x55aabc3196ac]
19  /opt/conda/envs/gdf/bin/python(+0xf23ff) [0x55aabc2d43ff]
20  /opt/conda/envs/gdf/bin/python(+0x136723) [0x55aabc318723]
21  /opt/conda/envs/gdf/bin/python(_PyEval_EvalFrameDefault+0x5ad9) [0x55aabc316929]
22  /opt/conda/envs/gdf/bin/python(+0x13f712) [0x55aabc321712]
23  /opt/conda/envs/gdf/bin/python(_PyEval_EvalFrameDefault+0x696) [0x55aabc3114e6]
24  /opt/conda/envs/gdf/bin/python(+0x13f712) [0x55aabc321712]
25  /opt/conda/envs/gdf/bin/python(_PyEval_EvalFrameDefault+0x696) [0x55aabc3114e6]
26  /opt/conda/envs/gdf/bin/python(+0x13f712) [0x55aabc321712]
27  /opt/conda/envs/gdf/bin/python(_PyEval_EvalFrameDefault+0x696) [0x55aabc3114e6]
28  /opt/conda/envs/gdf/bin/python(+0x13f712) [0x55aabc321712]
29  /opt/conda/envs/gdf/bin/python(_PyEval_EvalFrameDefault+0x696) [0x55aabc3114e6]
30  /opt/conda/envs/gdf/bin/python(+0x12dfb4) [0x55aabc30ffb4]
31  /opt/conda/envs/gdf/bin/python(_PyFunction_Vectorcall+0xd9) [0x55aabc321469]
32  /opt/conda/envs/gdf/bin/python(_PyEval_EvalFrameDefault+0x11f2) [0x55aabc312042]
33  /opt/conda/envs/gdf/bin/python(+0x12dfb4) [0x55aabc30ffb4]
34  /opt/conda/envs/gdf/bin/python(+0x14c8cb) [0x55aabc32e8cb]
35  /opt/conda/envs/gdf/bin/python(PyObject_Call+0xbc) [0x55aabc32f04c]
36  /opt/conda/envs/gdf/bin/python(+0x21080e) [0x55aabc3f280e]
37  /opt/conda/envs/gdf/bin/python(_PyObject_MakeTpCall+0x2ec) [0x55aabc3196ac]
38  /opt/conda/envs/gdf/bin/python(_PyEval_EvalFrameDefault+0x45a6) [0x55aabc3153f6]
39  /opt/conda/envs/gdf/bin/python(+0x13f712) [0x55aabc321712]
40  /opt/conda/envs/gdf/bin/python(+0x14c9ac) [0x55aabc32e9ac]
41  /opt/conda/envs/gdf/bin/python(_PyEval_EvalFrameDefault+0x45a6) [0x55aabc3153f6]
42  /opt/conda/envs/gdf/bin/python(+0x13f712) [0x55aabc321712]
43  /opt/conda/envs/gdf/bin/python(_PyEval_EvalFrameDefault+0x696) [0x55aabc3114e6]
44  /opt/conda/envs/gdf/bin/python(+0x12dfb4) [0x55aabc30ffb4]
45  /opt/conda/envs/gdf/bin/python(_PyFunction_Vectorcall+0xd9) [0x55aabc321469]
46  /opt/conda/envs/gdf/bin/python(_PyEval_EvalFrameDefault+0x696) [0x55aabc3114e6]
47  /opt/conda/envs/gdf/bin/python(+0x13f712) [0x55aabc321712]
48  /opt/conda/envs/gdf/bin/python(_PyEval_EvalFrameDefault+0x3e2) [0x55aabc311232]
49  /opt/conda/envs/gdf/bin/python(+0x12dfb4) [0x55aabc30ffb4]
50  /opt/conda/envs/gdf/bin/python(_PyFunction_Vectorcall+0xd9) [0x55aabc321469]
51  /opt/conda/envs/gdf/bin/python(_PyEval_EvalFrameDefault+0x11f2) [0x55aabc312042]
52  /opt/conda/envs/gdf/bin/python(+0x12dfb4) [0x55aabc30ffb4]
53  /opt/conda/envs/gdf/bin/python(_PyEval_EvalCodeWithName+0x48) [0x55aabc30fc88]
54  /opt/conda/envs/gdf/bin/python(PyEval_EvalCodeEx+0x39) [0x55aabc30fc39]
55  /opt/conda/envs/gdf/bin/python(PyEval_EvalCode+0x1b) [0x55aabc3bd2cb]
56  /opt/conda/envs/gdf/bin/python(+0x2086ca) [0x55aabc3ea6ca]
57  /opt/conda/envs/gdf/bin/python(+0x204a63) [0x55aabc3e6a63]
58  /opt/conda/envs/gdf/bin/python(PyRun_StringFlags+0x9a) [0x55aabc3de87a]
59  /opt/conda/envs/gdf/bin/python(PyRun_SimpleStringFlags+0x3c) [0x55aabc3de76c]
60  /opt/conda/envs/gdf/bin/python(Py_RunMain+0x267) [0x55aabc3dd9a7]
61  /opt/conda/envs/gdf/bin/python(Py_BytesMain+0x37) [0x55aabc3b1107]
=================================
[dgx13:80927:0:80927] Caught signal 11 (Segmentation fault: address not mapped to object at address 0x448)
[dgx13:80897:0:80897] Caught signal 11 (Segmentation fault: address not mapped to object at address 0x448)
==== backtrace (tid:  80927) ====
 0  /opt/conda/envs/gdf/lib/libucs.so.0(ucs_handle_error+0x2fd) [0x7f996dae407d]
 1  /opt/conda/envs/gdf/lib/libucs.so.0(+0x2a274) [0x7f996dae4274]
 2  /opt/conda/envs/gdf/lib/libucs.so.0(+0x2a43a) [0x7f996dae443a]
 3  /usr/lib/x86_64-linux-gnu/libpthread.so.0(+0x14420) [0x7f99aaafc420]
 4  /opt/conda/envs/gdf/lib/libucp.so.0(ucp_mem_type_unpack+0x14) [0x7f996db636b4]
 5  /opt/conda/envs/gdf/lib/libucp.so.0(ucp_rndv_data_handler+0x4e9) [0x7f996db8c839]
 6  /opt/conda/envs/gdf/lib/libuct.so.0(+0x203df) [0x7f996da9e3df]
 7  /opt/conda/envs/gdf/lib/libuct.so.0(+0x23838) [0x7f996daa1838]
 8  /opt/conda/envs/gdf/lib/libucs.so.0(ucs_event_set_wait+0xb9) [0x7f996daed4a9]
 9  /opt/conda/envs/gdf/lib/libuct.so.0(uct_tcp_iface_progress+0x7d) [0x7f996daa05dd]
10  /opt/conda/envs/gdf/lib/libucp.so.0(ucp_worker_progress+0x5a) [0x7f996db608da]
11  /opt/conda/envs/gdf/lib/python3.9/site-packages/ucp/_libs/ucx_api.cpython-39-x86_64-linux-gnu.so(+0x3206a) [0x7f996dc1906a]
12  /opt/conda/envs/gdf/bin/python(_PyEval_EvalFrameDefault+0x45a6) [0x5633229dd3f6]
13  /opt/conda/envs/gdf/bin/python(+0x12dfb4) [0x5633229d7fb4]
14  /opt/conda/envs/gdf/bin/python(_PyFunction_Vectorcall+0xd9) [0x5633229e9469]
15  /opt/conda/envs/gdf/bin/python(_PyEval_EvalFrameDefault+0x696) [0x5633229d94e6]
16  /opt/conda/envs/gdf/bin/python(+0x1e26d2) [0x563322a8c6d2]
17  /opt/conda/envs/gdf/lib/python3.9/lib-dynload/_asyncio.cpython-39-x86_64-linux-gnu.so(+0x81e9) [0x7f99a097d1e9]
18  /opt/conda/envs/gdf/bin/python(_PyObject_MakeTpCall+0x2ec) [0x5633229e16ac]
19  /opt/conda/envs/gdf/bin/python(+0xf23ff) [0x56332299c3ff]
20  /opt/conda/envs/gdf/bin/python(+0x136723) [0x5633229e0723]
21  /opt/conda/envs/gdf/bin/python(_PyEval_EvalFrameDefault+0x5ad9) [0x5633229de929]
22  /opt/conda/envs/gdf/bin/python(+0x13f712) [0x5633229e9712]
23  /opt/conda/envs/gdf/bin/python(_PyEval_EvalFrameDefault+0x696) [0x5633229d94e6]
24  /opt/conda/envs/gdf/bin/python(+0x13f712) [0x5633229e9712]
25  /opt/conda/envs/gdf/bin/python(_PyEval_EvalFrameDefault+0x696) [0x5633229d94e6]
26  /opt/conda/envs/gdf/bin/python(+0x13f712) [0x5633229e9712]
27  /opt/conda/envs/gdf/bin/python(_PyEval_EvalFrameDefault+0x696) [0x5633229d94e6]
28  /opt/conda/envs/gdf/bin/python(+0x13f712) [0x5633229e9712]
29  /opt/conda/envs/gdf/bin/python(_PyEval_EvalFrameDefault+0x696) [0x5633229d94e6]
30  /opt/conda/envs/gdf/bin/python(+0x12dfb4) [0x5633229d7fb4]
31  /opt/conda/envs/gdf/bin/python(_PyFunction_Vectorcall+0xd9) [0x5633229e9469]
32  /opt/conda/envs/gdf/bin/python(_PyEval_EvalFrameDefault+0x11f2) [0x5633229da042]
33  /opt/conda/envs/gdf/bin/python(+0x12dfb4) [0x5633229d7fb4]
34  /opt/conda/envs/gdf/bin/python(+0x14c8cb) [0x5633229f68cb]
35  /opt/conda/envs/gdf/bin/python(PyObject_Call+0xbc) [0x5633229f704c]
36  /opt/conda/envs/gdf/bin/python(+0x21080e) [0x563322aba80e]
37  /opt/conda/envs/gdf/bin/python(_PyObject_MakeTpCall+0x2ec) [0x5633229e16ac]
38  /opt/conda/envs/gdf/bin/python(_PyEval_EvalFrameDefault+0x45a6) [0x5633229dd3f6]
39  /opt/conda/envs/gdf/bin/python(+0x13f712) [0x5633229e9712]
40  /opt/conda/envs/gdf/bin/python(+0x14c9ac) [0x5633229f69ac]
41  /opt/conda/envs/gdf/bin/python(_PyEval_EvalFrameDefault+0x45a6) [0x5633229dd3f6]
42  /opt/conda/envs/gdf/bin/python(+0x13f712) [0x5633229e9712]
43  /opt/conda/envs/gdf/bin/python(_PyEval_EvalFrameDefault+0x696) [0x5633229d94e6]
44  /opt/conda/envs/gdf/bin/python(+0x12dfb4) [0x5633229d7fb4]
45  /opt/conda/envs/gdf/bin/python(_PyFunction_Vectorcall+0xd9) [0x5633229e9469]
46  /opt/conda/envs/gdf/bin/python(_PyEval_EvalFrameDefault+0x696) [0x5633229d94e6]
47  /opt/conda/envs/gdf/bin/python(+0x13f712) [0x5633229e9712]
48  /opt/conda/envs/gdf/bin/python(_PyEval_EvalFrameDefault+0x3e2) [0x5633229d9232]
49  /opt/conda/envs/gdf/bin/python(+0x12dfb4) [0x5633229d7fb4]
50  /opt/conda/envs/gdf/bin/python(_PyFunction_Vectorcall+0xd9) [0x5633229e9469]
51  /opt/conda/envs/gdf/bin/python(_PyEval_EvalFrameDefault+0x11f2) [0x5633229da042]
52  /opt/conda/envs/gdf/bin/python(+0x12dfb4) [0x5633229d7fb4]
53  /opt/conda/envs/gdf/bin/python(_PyEval_EvalCodeWithName+0x48) [0x5633229d7c88]
54  /opt/conda/envs/gdf/bin/python(PyEval_EvalCodeEx+0x39) [0x5633229d7c39]
55  /opt/conda/envs/gdf/bin/python(PyEval_EvalCode+0x1b) [0x563322a852cb]
56  /opt/conda/envs/gdf/bin/python(+0x2086ca) [0x563322ab26ca]
57  /opt/conda/envs/gdf/bin/python(+0x204a63) [0x563322aaea63]
58  /opt/conda/envs/gdf/bin/python(PyRun_StringFlags+0x9a) [0x563322aa687a]
59  /opt/conda/envs/gdf/bin/python(PyRun_SimpleStringFlags+0x3c) [0x563322aa676c]
60  /opt/conda/envs/gdf/bin/python(Py_RunMain+0x267) [0x563322aa59a7]
61  /opt/conda/envs/gdf/bin/python(Py_BytesMain+0x37) [0x563322a79107]
=================================
==== backtrace (tid:  80897) ====
 0  /opt/conda/envs/gdf/lib/libucs.so.0(ucs_handle_error+0x2fd) [0x7f9838b9207d]
 1  /opt/conda/envs/gdf/lib/libucs.so.0(+0x2a274) [0x7f9838b92274]
 2  /opt/conda/envs/gdf/lib/libucs.so.0(+0x2a43a) [0x7f9838b9243a]
 3  /usr/lib/x86_64-linux-gnu/libpthread.so.0(+0x14420) [0x7f9871b9e420]
 4  /opt/conda/envs/gdf/lib/libucp.so.0(ucp_mem_type_unpack+0x14) [0x7f9838c116b4]
 5  /opt/conda/envs/gdf/lib/libucp.so.0(ucp_rndv_data_handler+0x4e9) [0x7f9838c3a839]
 6  /opt/conda/envs/gdf/lib/libuct.so.0(+0x203df) [0x7f9838b4c3df]
 7  /opt/conda/envs/gdf/lib/libuct.so.0(+0x23838) [0x7f9838b4f838]
 8  /opt/conda/envs/gdf/lib/libucs.so.0(ucs_event_set_wait+0xb9) [0x7f9838b9b4a9]
 9  /opt/conda/envs/gdf/lib/libuct.so.0(uct_tcp_iface_progress+0x7d) [0x7f9838b4e5dd]
10  /opt/conda/envs/gdf/lib/libucp.so.0(ucp_worker_progress+0x5a) [0x7f9838c0e8da]
11  /opt/conda/envs/gdf/lib/python3.9/site-packages/ucp/_libs/ucx_api.cpython-39-x86_64-linux-gnu.so(+0x3206a) [0x7f9838cc706a]
12  /opt/conda/envs/gdf/bin/python(_PyEval_EvalFrameDefault+0x45a6) [0x559d56d203f6]
13  /opt/conda/envs/gdf/bin/python(+0x12dfb4) [0x559d56d1afb4]
14  /opt/conda/envs/gdf/bin/python(_PyFunction_Vectorcall+0xd9) [0x559d56d2c469]
15  /opt/conda/envs/gdf/bin/python(_PyEval_EvalFrameDefault+0x696) [0x559d56d1c4e6]
16  /opt/conda/envs/gdf/bin/python(+0x13f712) [0x559d56d2c712]
17  /opt/conda/envs/gdf/bin/python(+0x14ca83) [0x559d56d39a83]
18  /opt/conda/envs/gdf/bin/python(+0x25819c) [0x559d56e4519c]
19  /opt/conda/envs/gdf/bin/python(+0xf23ff) [0x559d56cdf3ff]
20  /opt/conda/envs/gdf/bin/python(+0x136723) [0x559d56d23723]
21  /opt/conda/envs/gdf/bin/python(_PyEval_EvalFrameDefault+0x5ad9) [0x559d56d21929]
22  /opt/conda/envs/gdf/bin/python(+0x13f712) [0x559d56d2c712]
23  /opt/conda/envs/gdf/bin/python(_PyEval_EvalFrameDefault+0x696) [0x559d56d1c4e6]
24  /opt/conda/envs/gdf/bin/python(+0x13f712) [0x559d56d2c712]
25  /opt/conda/envs/gdf/bin/python(_PyEval_EvalFrameDefault+0x696) [0x559d56d1c4e6]
26  /opt/conda/envs/gdf/bin/python(+0x13f712) [0x559d56d2c712]
27  /opt/conda/envs/gdf/bin/python(_PyEval_EvalFrameDefault+0x696) [0x559d56d1c4e6]
28  /opt/conda/envs/gdf/bin/python(+0x13f712) [0x559d56d2c712]
29  /opt/conda/envs/gdf/bin/python(_PyEval_EvalFrameDefault+0x696) [0x559d56d1c4e6]
30  /opt/conda/envs/gdf/bin/python(+0x12dfb4) [0x559d56d1afb4]
31  /opt/conda/envs/gdf/bin/python(_PyFunction_Vectorcall+0xd9) [0x559d56d2c469]
32  /opt/conda/envs/gdf/bin/python(_PyEval_EvalFrameDefault+0x11f2) [0x559d56d1d042]
33  /opt/conda/envs/gdf/bin/python(+0x12dfb4) [0x559d56d1afb4]
34  /opt/conda/envs/gdf/bin/python(+0x14c8cb) [0x559d56d398cb]
35  /opt/conda/envs/gdf/bin/python(PyObject_Call+0xbc) [0x559d56d3a04c]
36  /opt/conda/envs/gdf/bin/python(+0x21080e) [0x559d56dfd80e]
37  /opt/conda/envs/gdf/bin/python(_PyObject_MakeTpCall+0x2ec) [0x559d56d246ac]
38  /opt/conda/envs/gdf/bin/python(_PyEval_EvalFrameDefault+0x45a6) [0x559d56d203f6]
39  /opt/conda/envs/gdf/bin/python(+0x13f712) [0x559d56d2c712]
40  /opt/conda/envs/gdf/bin/python(+0x14c9ac) [0x559d56d399ac]
41  /opt/conda/envs/gdf/bin/python(_PyEval_EvalFrameDefault+0x45a6) [0x559d56d203f6]
42  /opt/conda/envs/gdf/bin/python(+0x13f712) [0x559d56d2c712]
43  /opt/conda/envs/gdf/bin/python(_PyEval_EvalFrameDefault+0x696) [0x559d56d1c4e6]
44  /opt/conda/envs/gdf/bin/python(+0x12dfb4) [0x559d56d1afb4]
45  /opt/conda/envs/gdf/bin/python(_PyFunction_Vectorcall+0xd9) [0x559d56d2c469]
46  /opt/conda/envs/gdf/bin/python(_PyEval_EvalFrameDefault+0x696) [0x559d56d1c4e6]
47  /opt/conda/envs/gdf/bin/python(+0x13f712) [0x559d56d2c712]
48  /opt/conda/envs/gdf/bin/python(_PyEval_EvalFrameDefault+0x3e2) [0x559d56d1c232]
49  /opt/conda/envs/gdf/bin/python(+0x12dfb4) [0x559d56d1afb4]
50  /opt/conda/envs/gdf/bin/python(_PyFunction_Vectorcall+0xd9) [0x559d56d2c469]
51  /opt/conda/envs/gdf/bin/python(_PyEval_EvalFrameDefault+0x11f2) [0x559d56d1d042]
52  /opt/conda/envs/gdf/bin/python(+0x12dfb4) [0x559d56d1afb4]
53  /opt/conda/envs/gdf/bin/python(_PyEval_EvalCodeWithName+0x48) [0x559d56d1ac88]
54  /opt/conda/envs/gdf/bin/python(PyEval_EvalCodeEx+0x39) [0x559d56d1ac39]
55  /opt/conda/envs/gdf/bin/python(PyEval_EvalCode+0x1b) [0x559d56dc82cb]
56  /opt/conda/envs/gdf/bin/python(+0x2086ca) [0x559d56df56ca]
57  /opt/conda/envs/gdf/bin/python(+0x204a63) [0x559d56df1a63]
58  /opt/conda/envs/gdf/bin/python(PyRun_StringFlags+0x9a) [0x559d56de987a]
59  /opt/conda/envs/gdf/bin/python(PyRun_SimpleStringFlags+0x3c) [0x559d56de976c]
60  /opt/conda/envs/gdf/bin/python(Py_RunMain+0x267) [0x559d56de89a7]
61  /opt/conda/envs/gdf/bin/python(Py_BytesMain+0x37) [0x559d56dbc107]
=================================
2024-03-07 07:39:10,591 - distributed.worker - ERROR - Worker stream died during communication: ucx://127.0.0.1:47639
Traceback (most recent call last):
  File "/opt/conda/envs/gdf/lib/python3.9/site-packages/distributed/comm/ucx.py", line 350, in read
    await self.ep.recv(msg)
  File "/opt/conda/envs/gdf/lib/python3.9/site-packages/ucp/core.py", line 737, in recv
    ret = await comm.tag_recv(self._ep, buffer, nbytes, tag, name=log)
ucp._libs.exceptions.UCXCanceled: <[Recv #000] ep: 0x7fa150003100, tag: 0x837ab72ef7a21290, nbytes: 16, type: <class 'numpy.ndarray'>>: 

During handling of the above exception, another exception occurred:

Traceback (most recent call last):
  File "/opt/conda/envs/gdf/lib/python3.9/site-packages/distributed/worker.py", line 2056, in gather_dep
    response = await get_data_from_worker(
  File "/opt/conda/envs/gdf/lib/python3.9/site-packages/distributed/worker.py", line 2857, in get_data_from_worker
    comm = await rpc.connect(worker)
  File "/opt/conda/envs/gdf/lib/python3.9/site-packages/distributed/core.py", line 1674, in connect
    return connect_attempt.result()
  File "/opt/conda/envs/gdf/lib/python3.9/site-packages/distributed/core.py", line 1564, in _connect
    comm = await connect(
  File "/opt/conda/envs/gdf/lib/python3.9/site-packages/distributed/comm/core.py", line 377, in connect
    handshake = await comm.read()
  File "/opt/conda/envs/gdf/lib/python3.9/site-packages/distributed/utils.py", line 832, in wrapper
    return await func(*args, **kwargs)
  File "/opt/conda/envs/gdf/lib/python3.9/site-packages/distributed/comm/ucx.py", line 368, in read
    raise CommClosedError(
distributed.comm.core.CommClosedError: Connection closed by writer.
Inner exception: UCXCanceled("<[Recv #000] ep: 0x7fa150003100, tag: 0x837ab72ef7a21290, nbytes: 16, type: <class 'numpy.ndarray'>>: ")
Task exception was never retrieved
future: <Task finished name='Task-250' coro=<_listener_handler_coroutine() done, defined at /opt/conda/envs/gdf/lib/python3.9/site-packages/ucp/core.py:140> exception=UCXError('<stream_send>: Connection reset by remote peer')>
Traceback (most recent call last):
  File "/opt/conda/envs/gdf/lib/python3.9/site-packages/ucp/core.py", line 155, in _listener_handler_coroutine
    peer_info = await exchange_peer_info(
  File "/opt/conda/envs/gdf/lib/python3.9/site-packages/ucp/core.py", line 51, in exchange_peer_info
    await asyncio.wait_for(
  File "/opt/conda/envs/gdf/lib/python3.9/asyncio/tasks.py", line 479, in wait_for
    return fut.result()
ucp._libs.exceptions.UCXError: <stream_send>: Connection reset by remote peer
Task exception was never retrieved
future: <Task finished name='Task-266' coro=<_listener_handler_coroutine() done, defined at /opt/conda/envs/gdf/lib/python3.9/site-packages/ucp/core.py:140> exception=UCXError('<stream_send>: Connection reset by remote peer')>
Traceback (most recent call last):
  File "/opt/conda/envs/gdf/lib/python3.9/site-packages/ucp/core.py", line 155, in _listener_handler_coroutine
    peer_info = await exchange_peer_info(
  File "/opt/conda/envs/gdf/lib/python3.9/site-packages/ucp/core.py", line 51, in exchange_peer_info
    await asyncio.wait_for(
  File "/opt/conda/envs/gdf/lib/python3.9/asyncio/tasks.py", line 479, in wait_for
    return fut.result()
ucp._libs.exceptions.UCXError: <stream_send>: Connection reset by remote peer
2024-03-07 07:39:10,598 - distributed.worker - ERROR - Worker stream died during communication: ucx://127.0.0.1:47639
Traceback (most recent call last):
  File "/opt/conda/envs/gdf/lib/python3.9/site-packages/distributed/comm/ucx.py", line 467, in connect
    ep = await ucp.create_endpoint(ip, port)
  File "/opt/conda/envs/gdf/lib/python3.9/site-packages/ucp/core.py", line 1016, in create_endpoint
    return await _get_ctx().create_endpoint(
  File "/opt/conda/envs/gdf/lib/python3.9/site-packages/ucp/core.py", line 328, in create_endpoint
    peer_info = await exchange_peer_info(
  File "/opt/conda/envs/gdf/lib/python3.9/site-packages/ucp/core.py", line 60, in exchange_peer_info
    await asyncio.wait_for(
  File "/opt/conda/envs/gdf/lib/python3.9/asyncio/tasks.py", line 479, in wait_for
    return fut.result()
ucp._libs.exceptions.UCXError: <stream_recv>: Connection reset by remote peer

During handling of the above exception, another exception occurred:

Traceback (most recent call last):
  File "/opt/conda/envs/gdf/lib/python3.9/site-packages/distributed/comm/core.py", line 342, in connect
    comm = await wait_for(
  File "/opt/conda/envs/gdf/lib/python3.9/site-packages/distributed/utils.py", line 1940, in wait_for
    return await asyncio.wait_for(fut, timeout)
  File "/opt/conda/envs/gdf/lib/python3.9/asyncio/tasks.py", line 479, in wait_for
    return fut.result()
  File "/opt/conda/envs/gdf/lib/python3.9/site-packages/distributed/comm/ucx.py", line 469, in connect
    raise CommClosedError("Connection closed before handshake completed")
distributed.comm.core.CommClosedError: Connection closed before handshake completed

During handling of the above exception, another exception occurred:

Traceback (most recent call last):
  File "/opt/conda/envs/gdf/lib/python3.9/site-packages/distributed/core.py", line 1564, in _connect
    comm = await connect(
  File "/opt/conda/envs/gdf/lib/python3.9/site-packages/distributed/comm/core.py", line 366, in connect
    await asyncio.sleep(backoff)
  File "/opt/conda/envs/gdf/lib/python3.9/asyncio/tasks.py", line 652, in sleep
    return await future
asyncio.exceptions.CancelledError

During handling of the above exception, another exception occurred:

Traceback (most recent call last):
  File "/opt/conda/envs/gdf/lib/python3.9/site-packages/distributed/core.py", line 1674, in connect
    return connect_attempt.result()
asyncio.exceptions.CancelledError

During handling of the above exception, another exception occurred:

Traceback (most recent call last):
  File "/opt/conda/envs/gdf/lib/python3.9/site-packages/distributed/worker.py", line 2056, in gather_dep
    response = await get_data_from_worker(
  File "/opt/conda/envs/gdf/lib/python3.9/site-packages/distributed/worker.py", line 2857, in get_data_from_worker
    comm = await rpc.connect(worker)
  File "/opt/conda/envs/gdf/lib/python3.9/site-packages/distributed/core.py", line 1676, in connect
    raise CommClosedError(reason)
distributed.comm.core.CommClosedError: Address removed.
2024-03-07 07:39:10,600 - distributed.worker - ERROR - Worker stream died during communication: ucx://127.0.0.1:47639
Traceback (most recent call last):
  File "/opt/conda/envs/gdf/lib/python3.9/site-packages/distributed/comm/ucx.py", line 467, in connect
    ep = await ucp.create_endpoint(ip, port)
  File "/opt/conda/envs/gdf/lib/python3.9/site-packages/ucp/core.py", line 1016, in create_endpoint
    return await _get_ctx().create_endpoint(
  File "/opt/conda/envs/gdf/lib/python3.9/site-packages/ucp/core.py", line 328, in create_endpoint
    peer_info = await exchange_peer_info(
  File "/opt/conda/envs/gdf/lib/python3.9/site-packages/ucp/core.py", line 60, in exchange_peer_info
    await asyncio.wait_for(
  File "/opt/conda/envs/gdf/lib/python3.9/asyncio/tasks.py", line 479, in wait_for
    return fut.result()
ucp._libs.exceptions.UCXError: <stream_recv>: Connection reset by remote peer

During handling of the above exception, another exception occurred:

Traceback (most recent call last):
  File "/opt/conda/envs/gdf/lib/python3.9/site-packages/distributed/comm/core.py", line 342, in connect
    comm = await wait_for(
  File "/opt/conda/envs/gdf/lib/python3.9/site-packages/distributed/utils.py", line 1940, in wait_for
    return await asyncio.wait_for(fut, timeout)
  File "/opt/conda/envs/gdf/lib/python3.9/asyncio/tasks.py", line 479, in wait_for
    return fut.result()
  File "/opt/conda/envs/gdf/lib/python3.9/site-packages/distributed/comm/ucx.py", line 469, in connect
    raise CommClosedError("Connection closed before handshake completed")
distributed.comm.core.CommClosedError: Connection closed before handshake completed

During handling of the above exception, another exception occurred:

Traceback (most recent call last):
  File "/opt/conda/envs/gdf/lib/python3.9/site-packages/distributed/core.py", line 1564, in _connect
    comm = await connect(
  File "/opt/conda/envs/gdf/lib/python3.9/site-packages/distributed/comm/core.py", line 366, in connect
    await asyncio.sleep(backoff)
  File "/opt/conda/envs/gdf/lib/python3.9/asyncio/tasks.py", line 652, in sleep
    return await future
asyncio.exceptions.CancelledError

During handling of the above exception, another exception occurred:

Traceback (most recent call last):
  File "/opt/conda/envs/gdf/lib/python3.9/site-packages/distributed/core.py", line 1674, in connect
    return connect_attempt.result()
asyncio.exceptions.CancelledError

During handling of the above exception, another exception occurred:

Traceback (most recent call last):
  File "/opt/conda/envs/gdf/lib/python3.9/site-packages/distributed/worker.py", line 2056, in gather_dep
    response = await get_data_from_worker(
  File "/opt/conda/envs/gdf/lib/python3.9/site-packages/distributed/worker.py", line 2857, in get_data_from_worker
    comm = await rpc.connect(worker)
  File "/opt/conda/envs/gdf/lib/python3.9/site-packages/distributed/core.py", line 1676, in connect
    raise CommClosedError(reason)
distributed.comm.core.CommClosedError: Address removed.
2024-03-07 07:39:10,622 - distributed.worker - ERROR - Worker stream died during communication: ucx://127.0.0.1:55119
Traceback (most recent call last):
  File "/opt/conda/envs/gdf/lib/python3.9/site-packages/distributed/comm/ucx.py", line 350, in read
    await self.ep.recv(msg)
  File "/opt/conda/envs/gdf/lib/python3.9/site-packages/ucp/core.py", line 737, in recv
    ret = await comm.tag_recv(self._ep, buffer, nbytes, tag, name=log)
ucp._libs.exceptions.UCXCanceled: <[Recv #000] ep: 0x7fa7fd6f10c0, tag: 0xa44df003c3290ff6, nbytes: 16, type: <class 'numpy.ndarray'>>: 

During handling of the above exception, another exception occurred:

Traceback (most recent call last):
  File "/opt/conda/envs/gdf/lib/python3.9/site-packages/distributed/worker.py", line 2056, in gather_dep
    response = await get_data_from_worker(
  File "/opt/conda/envs/gdf/lib/python3.9/site-packages/distributed/worker.py", line 2857, in get_data_from_worker
    comm = await rpc.connect(worker)
  File "/opt/conda/envs/gdf/lib/python3.9/site-packages/distributed/core.py", line 1674, in connect
    return connect_attempt.result()
  File "/opt/conda/envs/gdf/lib/python3.9/site-packages/distributed/core.py", line 1564, in _connect
    comm = await connect(
  File "/opt/conda/envs/gdf/lib/python3.9/site-packages/distributed/comm/core.py", line 377, in connect
    handshake = await comm.read()
  File "/opt/conda/envs/gdf/lib/python3.9/site-packages/distributed/utils.py", line 832, in wrapper
    return await func(*args, **kwargs)
  File "/opt/conda/envs/gdf/lib/python3.9/site-packages/distributed/comm/ucx.py", line 368, in read
    raise CommClosedError(
distributed.comm.core.CommClosedError: Connection closed by writer.
Inner exception: UCXCanceled("<[Recv #000] ep: 0x7fa7fd6f10c0, tag: 0xa44df003c3290ff6, nbytes: 16, type: <class 'numpy.ndarray'>>: ")
Task exception was never retrieved
future: <Task finished name='Task-268' coro=<_listener_handler_coroutine() done, defined at /opt/conda/envs/gdf/lib/python3.9/site-packages/ucp/core.py:140> exception=UCXError('<stream_send>: Connection reset by remote peer')>
Traceback (most recent call last):
  File "/opt/conda/envs/gdf/lib/python3.9/site-packages/ucp/core.py", line 155, in _listener_handler_coroutine
    peer_info = await exchange_peer_info(
  File "/opt/conda/envs/gdf/lib/python3.9/site-packages/ucp/core.py", line 51, in exchange_peer_info
    await asyncio.wait_for(
  File "/opt/conda/envs/gdf/lib/python3.9/asyncio/tasks.py", line 479, in wait_for
    return fut.result()
ucp._libs.exceptions.UCXError: <stream_send>: Connection reset by remote peer
2024-03-07 07:39:10,624 - distributed.worker - ERROR - Worker stream died during communication: ucx://127.0.0.1:55119
Traceback (most recent call last):
  File "/opt/conda/envs/gdf/lib/python3.9/site-packages/distributed/comm/ucx.py", line 350, in read
    await self.ep.recv(msg)
  File "/opt/conda/envs/gdf/lib/python3.9/site-packages/ucp/core.py", line 737, in recv
    ret = await comm.tag_recv(self._ep, buffer, nbytes, tag, name=log)
ucp._libs.exceptions.UCXCanceled: <[Recv #000] ep: 0x7fa150003140, tag: 0x6df3e018692250a8, nbytes: 16, type: <class 'numpy.ndarray'>>: 

During handling of the above exception, another exception occurred:

Traceback (most recent call last):
  File "/opt/conda/envs/gdf/lib/python3.9/site-packages/distributed/worker.py", line 2056, in gather_dep
    response = await get_data_from_worker(
  File "/opt/conda/envs/gdf/lib/python3.9/site-packages/distributed/worker.py", line 2857, in get_data_from_worker
    comm = await rpc.connect(worker)
  File "/opt/conda/envs/gdf/lib/python3.9/site-packages/distributed/core.py", line 1674, in connect
    return connect_attempt.result()
  File "/opt/conda/envs/gdf/lib/python3.9/site-packages/distributed/core.py", line 1564, in _connect
    comm = await connect(
  File "/opt/conda/envs/gdf/lib/python3.9/site-packages/distributed/comm/core.py", line 377, in connect
    handshake = await comm.read()
  File "/opt/conda/envs/gdf/lib/python3.9/site-packages/distributed/utils.py", line 832, in wrapper
    return await func(*args, **kwargs)
  File "/opt/conda/envs/gdf/lib/python3.9/site-packages/distributed/comm/ucx.py", line 368, in read
    raise CommClosedError(
distributed.comm.core.CommClosedError: Connection closed by writer.
Inner exception: UCXCanceled("<[Recv #000] ep: 0x7fa150003140, tag: 0x6df3e018692250a8, nbytes: 16, type: <class 'numpy.ndarray'>>: ")
2024-03-07 07:39:10,690 - distributed.worker - ERROR - Worker stream died during communication: ucx://127.0.0.1:43255
Traceback (most recent call last):
  File "/opt/conda/envs/gdf/lib/python3.9/site-packages/distributed/comm/ucx.py", line 350, in read
    await self.ep.recv(msg)
  File "/opt/conda/envs/gdf/lib/python3.9/site-packages/ucp/core.py", line 737, in recv
    ret = await comm.tag_recv(self._ep, buffer, nbytes, tag, name=log)
ucp._libs.exceptions.UCXCanceled: <[Recv #008] ep: 0x7f5aa666f100, tag: 0x3e1391874db68e88, nbytes: 16, type: <class 'numpy.ndarray'>>: 

During handling of the above exception, another exception occurred:

Traceback (most recent call last):
  File "/opt/conda/envs/gdf/lib/python3.9/site-packages/distributed/worker.py", line 2056, in gather_dep
    response = await get_data_from_worker(
  File "/opt/conda/envs/gdf/lib/python3.9/site-packages/distributed/worker.py", line 2860, in get_data_from_worker
    response = await send_recv(
  File "/opt/conda/envs/gdf/lib/python3.9/site-packages/distributed/core.py", line 1154, in send_recv
    response = await comm.read(deserializers=deserializers)
  File "/opt/conda/envs/gdf/lib/python3.9/site-packages/distributed/utils.py", line 832, in wrapper
    return await func(*args, **kwargs)
  File "/opt/conda/envs/gdf/lib/python3.9/site-packages/distributed/comm/ucx.py", line 368, in read
    raise CommClosedError(
distributed.comm.core.CommClosedError: Connection closed by writer.
Inner exception: UCXCanceled("<[Recv #008] ep: 0x7f5aa666f100, tag: 0x3e1391874db68e88, nbytes: 16, type: <class 'numpy.ndarray'>>: ")
2024-03-07 07:39:10,690 - distributed.worker - ERROR - Worker stream died during communication: ucx://127.0.0.1:43255
Traceback (most recent call last):
  File "/opt/conda/envs/gdf/lib/python3.9/site-packages/distributed/comm/ucx.py", line 350, in read
    await self.ep.recv(msg)
  File "/opt/conda/envs/gdf/lib/python3.9/site-packages/ucp/core.py", line 737, in recv
    ret = await comm.tag_recv(self._ep, buffer, nbytes, tag, name=log)
ucp._libs.exceptions.UCXCanceled: <[Recv #003] ep: 0x7fa150003180, tag: 0x941b61c95df8763d, nbytes: 16, type: <class 'numpy.ndarray'>>: 

During handling of the above exception, another exception occurred:

Traceback (most recent call last):
  File "/opt/conda/envs/gdf/lib/python3.9/site-packages/distributed/worker.py", line 2056, in gather_dep
    response = await get_data_from_worker(
  File "/opt/conda/envs/gdf/lib/python3.9/site-packages/distributed/worker.py", line 2860, in get_data_from_worker
    response = await send_recv(
  File "/opt/conda/envs/gdf/lib/python3.9/site-packages/distributed/core.py", line 1154, in send_recv
    response = await comm.read(deserializers=deserializers)
  File "/opt/conda/envs/gdf/lib/python3.9/site-packages/distributed/utils.py", line 832, in wrapper
    return await func(*args, **kwargs)
  File "/opt/conda/envs/gdf/lib/python3.9/site-packages/distributed/comm/ucx.py", line 368, in read
    raise CommClosedError(
distributed.comm.core.CommClosedError: Connection closed by writer.
Inner exception: UCXCanceled("<[Recv #003] ep: 0x7fa150003180, tag: 0x941b61c95df8763d, nbytes: 16, type: <class 'numpy.ndarray'>>: ")
2024-03-07 07:39:10,707 - distributed.worker - ERROR - Worker stream died during communication: ucx://127.0.0.1:34155
Traceback (most recent call last):
  File "/opt/conda/envs/gdf/lib/python3.9/site-packages/distributed/comm/ucx.py", line 350, in read
    await self.ep.recv(msg)
  File "/opt/conda/envs/gdf/lib/python3.9/site-packages/ucp/core.py", line 737, in recv
    ret = await comm.tag_recv(self._ep, buffer, nbytes, tag, name=log)
ucp._libs.exceptions.UCXCanceled: <[Recv #003] ep: 0x7f5aa666f180, tag: 0xa8e74cc36e5ea0a6, nbytes: 16, type: <class 'numpy.ndarray'>>: 

During handling of the above exception, another exception occurred:

Traceback (most recent call last):
  File "/opt/conda/envs/gdf/lib/python3.9/site-packages/distributed/worker.py", line 2056, in gather_dep
    response = await get_data_from_worker(
  File "/opt/conda/envs/gdf/lib/python3.9/site-packages/distributed/worker.py", line 2860, in get_data_from_worker
    response = await send_recv(
  File "/opt/conda/envs/gdf/lib/python3.9/site-packages/distributed/core.py", line 1154, in send_recv
    response = await comm.read(deserializers=deserializers)
  File "/opt/conda/envs/gdf/lib/python3.9/site-packages/distributed/utils.py", line 832, in wrapper
    return await func(*args, **kwargs)
  File "/opt/conda/envs/gdf/lib/python3.9/site-packages/distributed/comm/ucx.py", line 368, in read
    raise CommClosedError(
distributed.comm.core.CommClosedError: Connection closed by writer.
Inner exception: UCXCanceled("<[Recv #003] ep: 0x7f5aa666f180, tag: 0xa8e74cc36e5ea0a6, nbytes: 16, type: <class 'numpy.ndarray'>>: ")
2024-03-07 07:39:10,707 - distributed.worker - ERROR - Worker stream died during communication: ucx://127.0.0.1:34155
Traceback (most recent call last):
  File "/opt/conda/envs/gdf/lib/python3.9/site-packages/distributed/comm/ucx.py", line 350, in read
    await self.ep.recv(msg)
  File "/opt/conda/envs/gdf/lib/python3.9/site-packages/ucp/core.py", line 737, in recv
    ret = await comm.tag_recv(self._ep, buffer, nbytes, tag, name=log)
ucp._libs.exceptions.UCXCanceled: <[Recv #008] ep: 0x7fa7fd6f1100, tag: 0xd736dc8d832cc4d0, nbytes: 16, type: <class 'numpy.ndarray'>>: 

During handling of the above exception, another exception occurred:

Traceback (most recent call last):
  File "/opt/conda/envs/gdf/lib/python3.9/site-packages/distributed/worker.py", line 2056, in gather_dep
    response = await get_data_from_worker(
  File "/opt/conda/envs/gdf/lib/python3.9/site-packages/distributed/worker.py", line 2860, in get_data_from_worker
    response = await send_recv(
  File "/opt/conda/envs/gdf/lib/python3.9/site-packages/distributed/core.py", line 1154, in send_recv
    response = await comm.read(deserializers=deserializers)
  File "/opt/conda/envs/gdf/lib/python3.9/site-packages/distributed/utils.py", line 832, in wrapper
    return await func(*args, **kwargs)
  File "/opt/conda/envs/gdf/lib/python3.9/site-packages/distributed/comm/ucx.py", line 368, in read
    raise CommClosedError(
distributed.comm.core.CommClosedError: Connection closed by writer.
Inner exception: UCXCanceled("<[Recv #008] ep: 0x7fa7fd6f1100, tag: 0xd736dc8d832cc4d0, nbytes: 16, type: <class 'numpy.ndarray'>>: ")
2024-03-07 07:39:10,707 - distributed.worker - ERROR - Worker stream died during communication: ucx://127.0.0.1:34155
Traceback (most recent call last):
  File "/opt/conda/envs/gdf/lib/python3.9/site-packages/distributed/comm/ucx.py", line 350, in read
    await self.ep.recv(msg)
  File "/opt/conda/envs/gdf/lib/python3.9/site-packages/ucp/core.py", line 737, in recv
    ret = await comm.tag_recv(self._ep, buffer, nbytes, tag, name=log)
ucp._libs.exceptions.UCXCanceled: <[Recv #003] ep: 0x7f7401697100, tag: 0x38e1c8aa80996057, nbytes: 16, type: <class 'numpy.ndarray'>>: 

During handling of the above exception, another exception occurred:

Traceback (most recent call last):
  File "/opt/conda/envs/gdf/lib/python3.9/site-packages/distributed/worker.py", line 2056, in gather_dep
    response = await get_data_from_worker(
  File "/opt/conda/envs/gdf/lib/python3.9/site-packages/distributed/worker.py", line 2860, in get_data_from_worker
    response = await send_recv(
  File "/opt/conda/envs/gdf/lib/python3.9/site-packages/distributed/core.py", line 1154, in send_recv
    response = await comm.read(deserializers=deserializers)
  File "/opt/conda/envs/gdf/lib/python3.9/site-packages/distributed/utils.py", line 832, in wrapper
    return await func(*args, **kwargs)
  File "/opt/conda/envs/gdf/lib/python3.9/site-packages/distributed/comm/ucx.py", line 368, in read
    raise CommClosedError(
distributed.comm.core.CommClosedError: Connection closed by writer.
Inner exception: UCXCanceled("<[Recv #003] ep: 0x7f7401697100, tag: 0x38e1c8aa80996057, nbytes: 16, type: <class 'numpy.ndarray'>>: ")
2024-03-07 07:39:10,708 - distributed.worker - ERROR - failed during get data with ucx://127.0.0.1:59047 -> ucx://127.0.0.1:34155
Traceback (most recent call last):
  File "/opt/conda/envs/gdf/lib/python3.9/site-packages/distributed/comm/ucx.py", line 350, in read
    await self.ep.recv(msg)
  File "/opt/conda/envs/gdf/lib/python3.9/site-packages/ucp/core.py", line 737, in recv
    ret = await comm.tag_recv(self._ep, buffer, nbytes, tag, name=log)
ucp._libs.exceptions.UCXCanceled: <[Recv #006] ep: 0x7fa7fd6f1180, tag: 0x29b8dbb7989a4c7e, nbytes: 16, type: <class 'numpy.ndarray'>>: 

During handling of the above exception, another exception occurred:

Traceback (most recent call last):
  File "/opt/conda/envs/gdf/lib/python3.9/site-packages/distributed/worker.py", line 1780, in get_data
    response = await comm.read(deserializers=serializers)
  File "/opt/conda/envs/gdf/lib/python3.9/site-packages/distributed/utils.py", line 832, in wrapper
    return await func(*args, **kwargs)
  File "/opt/conda/envs/gdf/lib/python3.9/site-packages/distributed/comm/ucx.py", line 368, in read
    raise CommClosedError(
distributed.comm.core.CommClosedError: Connection closed by writer.
Inner exception: UCXCanceled("<[Recv #006] ep: 0x7fa7fd6f1180, tag: 0x29b8dbb7989a4c7e, nbytes: 16, type: <class 'numpy.ndarray'>>: ")
2024-03-07 07:39:10,713 - distributed.worker - ERROR - Worker stream died during communication: ucx://127.0.0.1:34155
Traceback (most recent call last):
  File "/opt/conda/envs/gdf/lib/python3.9/site-packages/distributed/comm/ucx.py", line 467, in connect
    ep = await ucp.create_endpoint(ip, port)
  File "/opt/conda/envs/gdf/lib/python3.9/site-packages/ucp/core.py", line 1016, in create_endpoint
    return await _get_ctx().create_endpoint(
  File "/opt/conda/envs/gdf/lib/python3.9/site-packages/ucp/core.py", line 328, in create_endpoint
    peer_info = await exchange_peer_info(
  File "/opt/conda/envs/gdf/lib/python3.9/site-packages/ucp/core.py", line 60, in exchange_peer_info
    await asyncio.wait_for(
  File "/opt/conda/envs/gdf/lib/python3.9/asyncio/tasks.py", line 479, in wait_for
    return fut.result()
ucp._libs.exceptions.UCXError: <stream_recv>: Connection reset by remote peer

During handling of the above exception, another exception occurred:

Traceback (most recent call last):
  File "/opt/conda/envs/gdf/lib/python3.9/site-packages/distributed/comm/core.py", line 342, in connect
    comm = await wait_for(
  File "/opt/conda/envs/gdf/lib/python3.9/site-packages/distributed/utils.py", line 1940, in wait_for
    return await asyncio.wait_for(fut, timeout)
  File "/opt/conda/envs/gdf/lib/python3.9/asyncio/tasks.py", line 479, in wait_for
    return fut.result()
  File "/opt/conda/envs/gdf/lib/python3.9/site-packages/distributed/comm/ucx.py", line 469, in connect
    raise CommClosedError("Connection closed before handshake completed")
distributed.comm.core.CommClosedError: Connection closed before handshake completed

During handling of the above exception, another exception occurred:

Traceback (most recent call last):
  File "/opt/conda/envs/gdf/lib/python3.9/site-packages/distributed/core.py", line 1564, in _connect
    comm = await connect(
  File "/opt/conda/envs/gdf/lib/python3.9/site-packages/distributed/comm/core.py", line 366, in connect
    await asyncio.sleep(backoff)
  File "/opt/conda/envs/gdf/lib/python3.9/asyncio/tasks.py", line 652, in sleep
    return await future
asyncio.exceptions.CancelledError

During handling of the above exception, another exception occurred:

Traceback (most recent call last):
  File "/opt/conda/envs/gdf/lib/python3.9/site-packages/distributed/core.py", line 1674, in connect
    return connect_attempt.result()
asyncio.exceptions.CancelledError

During handling of the above exception, another exception occurred:

Traceback (most recent call last):
  File "/opt/conda/envs/gdf/lib/python3.9/site-packages/distributed/worker.py", line 2056, in gather_dep
    response = await get_data_from_worker(
  File "/opt/conda/envs/gdf/lib/python3.9/site-packages/distributed/worker.py", line 2857, in get_data_from_worker
    comm = await rpc.connect(worker)
  File "/opt/conda/envs/gdf/lib/python3.9/site-packages/distributed/core.py", line 1676, in connect
    raise CommClosedError(reason)
distributed.comm.core.CommClosedError: Address removed.
[dgx13:80916:0:80916] Caught signal 11 (Segmentation fault: address not mapped to object at address 0x448)
==== backtrace (tid:  80916) ====
 0  /opt/conda/envs/gdf/lib/libucs.so.0(ucs_handle_error+0x2fd) [0x7fa8104e407d]
 1  /opt/conda/envs/gdf/lib/libucs.so.0(+0x2a274) [0x7fa8104e4274]
 2  /opt/conda/envs/gdf/lib/libucs.so.0(+0x2a43a) [0x7fa8104e443a]
 3  /usr/lib/x86_64-linux-gnu/libpthread.so.0(+0x14420) [0x7fa83b508420]
 4  /opt/conda/envs/gdf/lib/libucp.so.0(ucp_mem_type_unpack+0x14) [0x7fa8105636b4]
 5  /opt/conda/envs/gdf/lib/libucp.so.0(ucp_rndv_data_handler+0x4e9) [0x7fa81058c839]
 6  /opt/conda/envs/gdf/lib/libuct.so.0(+0x203df) [0x7fa81049e3df]
 7  /opt/conda/envs/gdf/lib/libuct.so.0(+0x23838) [0x7fa8104a1838]
 8  /opt/conda/envs/gdf/lib/libucs.so.0(ucs_event_set_wait+0xb9) [0x7fa8104ed4a9]
 9  /opt/conda/envs/gdf/lib/libuct.so.0(uct_tcp_iface_progress+0x7d) [0x7fa8104a05dd]
10  /opt/conda/envs/gdf/lib/libucp.so.0(ucp_worker_progress+0x5a) [0x7fa8105608da]
11  /opt/conda/envs/gdf/lib/python3.9/site-packages/ucp/_libs/ucx_api.cpython-39-x86_64-linux-gnu.so(+0x3206a) [0x7fa81061906a]
12  /opt/conda/envs/gdf/bin/python(_PyEval_EvalFrameDefault+0x45a6) [0x55a7f657b3f6]
13  /opt/conda/envs/gdf/bin/python(+0x12dfb4) [0x55a7f6575fb4]
14  /opt/conda/envs/gdf/bin/python(_PyFunction_Vectorcall+0xd9) [0x55a7f6587469]
15  /opt/conda/envs/gdf/bin/python(_PyEval_EvalFrameDefault+0x696) [0x55a7f65774e6]
16  /opt/conda/envs/gdf/bin/python(+0x13f712) [0x55a7f6587712]
17  /opt/conda/envs/gdf/bin/python(+0x14ca83) [0x55a7f6594a83]
18  /opt/conda/envs/gdf/bin/python(+0x25819c) [0x55a7f66a019c]
19  /opt/conda/envs/gdf/bin/python(+0xf23ff) [0x55a7f653a3ff]
20  /opt/conda/envs/gdf/bin/python(+0x136723) [0x55a7f657e723]
21  /opt/conda/envs/gdf/bin/python(_PyEval_EvalFrameDefault+0x5ad9) [0x55a7f657c929]
22  /opt/conda/envs/gdf/bin/python(+0x13f712) [0x55a7f6587712]
23  /opt/conda/envs/gdf/bin/python(_PyEval_EvalFrameDefault+0x696) [0x55a7f65774e6]
24  /opt/conda/envs/gdf/bin/python(+0x13f712) [0x55a7f6587712]
25  /opt/conda/envs/gdf/bin/python(_PyEval_EvalFrameDefault+0x696) [0x55a7f65774e6]
26  /opt/conda/envs/gdf/bin/python(+0x13f712) [0x55a7f6587712]
27  /opt/conda/envs/gdf/bin/python(_PyEval_EvalFrameDefault+0x696) [0x55a7f65774e6]
28  /opt/conda/envs/gdf/bin/python(+0x13f712) [0x55a7f6587712]
29  /opt/conda/envs/gdf/bin/python(_PyEval_EvalFrameDefault+0x696) [0x55a7f65774e6]
30  /opt/conda/envs/gdf/bin/python(+0x12dfb4) [0x55a7f6575fb4]
31  /opt/conda/envs/gdf/bin/python(_PyFunction_Vectorcall+0xd9) [0x55a7f6587469]
32  /opt/conda/envs/gdf/bin/python(_PyEval_EvalFrameDefault+0x11f2) [0x55a7f6578042]
33  /opt/conda/envs/gdf/bin/python(+0x12dfb4) [0x55a7f6575fb4]
34  /opt/conda/envs/gdf/bin/python(+0x14c8cb) [0x55a7f65948cb]
35  /opt/conda/envs/gdf/bin/python(PyObject_Call+0xbc) [0x55a7f659504c]
36  /opt/conda/envs/gdf/bin/python(+0x21080e) [0x55a7f665880e]
37  /opt/conda/envs/gdf/bin/python(_PyObject_MakeTpCall+0x2ec) [0x55a7f657f6ac]
38  /opt/conda/envs/gdf/bin/python(_PyEval_EvalFrameDefault+0x45a6) [0x55a7f657b3f6]
39  /opt/conda/envs/gdf/bin/python(+0x13f712) [0x55a7f6587712]
40  /opt/conda/envs/gdf/bin/python(+0x14c9ac) [0x55a7f65949ac]
41  /opt/conda/envs/gdf/bin/python(_PyEval_EvalFrameDefault+0x45a6) [0x55a7f657b3f6]
42  /opt/conda/envs/gdf/bin/python(+0x13f712) [0x55a7f6587712]
43  /opt/conda/envs/gdf/bin/python(_PyEval_EvalFrameDefault+0x696) [0x55a7f65774e6]
44  /opt/conda/envs/gdf/bin/python(+0x12dfb4) [0x55a7f6575fb4]
45  /opt/conda/envs/gdf/bin/python(_PyFunction_Vectorcall+0xd9) [0x55a7f6587469]
46  /opt/conda/envs/gdf/bin/python(_PyEval_EvalFrameDefault+0x696) [0x55a7f65774e6]
47  /opt/conda/envs/gdf/bin/python(+0x13f712) [0x55a7f6587712]
48  /opt/conda/envs/gdf/bin/python(_PyEval_EvalFrameDefault+0x3e2) [0x55a7f6577232]
49  /opt/conda/envs/gdf/bin/python(+0x12dfb4) [0x55a7f6575fb4]
50  /opt/conda/envs/gdf/bin/python(_PyFunction_Vectorcall+0xd9) [0x55a7f6587469]
51  /opt/conda/envs/gdf/bin/python(_PyEval_EvalFrameDefault+0x11f2) [0x55a7f6578042]
52  /opt/conda/envs/gdf/bin/python(+0x12dfb4) [0x55a7f6575fb4]
53  /opt/conda/envs/gdf/bin/python(_PyEval_EvalCodeWithName+0x48) [0x55a7f6575c88]
54  /opt/conda/envs/gdf/bin/python(PyEval_EvalCodeEx+0x39) [0x55a7f6575c39]
55  /opt/conda/envs/gdf/bin/python(PyEval_EvalCode+0x1b) [0x55a7f66232cb]
56  /opt/conda/envs/gdf/bin/python(+0x2086ca) [0x55a7f66506ca]
57  /opt/conda/envs/gdf/bin/python(+0x204a63) [0x55a7f664ca63]
58  /opt/conda/envs/gdf/bin/python(PyRun_StringFlags+0x9a) [0x55a7f664487a]
59  /opt/conda/envs/gdf/bin/python(PyRun_SimpleStringFlags+0x3c) [0x55a7f664476c]
60  /opt/conda/envs/gdf/bin/python(Py_RunMain+0x267) [0x55a7f66439a7]
61  /opt/conda/envs/gdf/bin/python(Py_BytesMain+0x37) [0x55a7f6617107]
=================================
2024-03-07 07:39:11,466 - distributed.worker - ERROR - failed during get data with ucx://127.0.0.1:49971 -> ucx://127.0.0.1:59047
Traceback (most recent call last):
  File "/opt/conda/envs/gdf/lib/python3.9/site-packages/distributed/comm/ucx.py", line 350, in read
    await self.ep.recv(msg)
  File "/opt/conda/envs/gdf/lib/python3.9/site-packages/ucp/core.py", line 737, in recv
    ret = await comm.tag_recv(self._ep, buffer, nbytes, tag, name=log)
ucp._libs.exceptions.UCXCanceled: <[Recv #006] ep: 0x7f5aa666f180, tag: 0x8dad8cebbde08cf8, nbytes: 16, type: <class 'numpy.ndarray'>>: 

During handling of the above exception, another exception occurred:

Traceback (most recent call last):
  File "/opt/conda/envs/gdf/lib/python3.9/site-packages/distributed/worker.py", line 1780, in get_data
    response = await comm.read(deserializers=serializers)
  File "/opt/conda/envs/gdf/lib/python3.9/site-packages/distributed/utils.py", line 832, in wrapper
    return await func(*args, **kwargs)
  File "/opt/conda/envs/gdf/lib/python3.9/site-packages/distributed/comm/ucx.py", line 368, in read
    raise CommClosedError(
distributed.comm.core.CommClosedError: Connection closed by writer.
Inner exception: UCXCanceled("<[Recv #006] ep: 0x7f5aa666f180, tag: 0x8dad8cebbde08cf8, nbytes: 16, type: <class 'numpy.ndarray'>>: ")
2024-03-07 07:39:11,466 - distributed.worker - ERROR - failed during get data with ucx://127.0.0.1:58427 -> ucx://127.0.0.1:59047
Traceback (most recent call last):
  File "/opt/conda/envs/gdf/lib/python3.9/site-packages/distributed/comm/ucx.py", line 334, in write
    await self.ep.send(each_frame)
  File "/opt/conda/envs/gdf/lib/python3.9/site-packages/ucp/core.py", line 662, in send
    return await comm.tag_send(self._ep, buffer, nbytes, tag, name=log)
ucp._libs.exceptions.UCXError: <[Send #007] ep: 0x7f74016972c0, tag: 0xf323e99645f132b4, nbytes: 50000000, type: <class 'cupy.ndarray'>>: Connection reset by remote peer

During handling of the above exception, another exception occurred:

Traceback (most recent call last):
  File "/opt/conda/envs/gdf/lib/python3.9/site-packages/distributed/worker.py", line 1779, in get_data
    compressed = await comm.write(msg, serializers=serializers)
  File "/opt/conda/envs/gdf/lib/python3.9/site-packages/distributed/utils.py", line 832, in wrapper
    return await func(*args, **kwargs)
  File "/opt/conda/envs/gdf/lib/python3.9/site-packages/distributed/comm/ucx.py", line 338, in write
    raise CommClosedError("While writing, the connection was closed")
distributed.comm.core.CommClosedError: While writing, the connection was closed
2024-03-07 07:39:11,467 - distributed.worker - ERROR - Worker stream died during communication: ucx://127.0.0.1:59047
Traceback (most recent call last):
  File "/opt/conda/envs/gdf/lib/python3.9/site-packages/distributed/comm/ucx.py", line 392, in read
    await self.ep.recv(each_frame)
  File "/opt/conda/envs/gdf/lib/python3.9/site-packages/ucp/core.py", line 737, in recv
    ret = await comm.tag_recv(self._ep, buffer, nbytes, tag, name=log)
ucp._libs.exceptions.UCXError: <[Recv #033] ep: 0x7f7401697100, tag: 0x7c4808d723ace418, nbytes: 50000000, type: <class 'rmm._lib.device_buffer.DeviceBuffer'>>: Connection reset by remote peer

During handling of the above exception, another exception occurred:

Traceback (most recent call last):
  File "/opt/conda/envs/gdf/lib/python3.9/site-packages/distributed/worker.py", line 2056, in gather_dep
    response = await get_data_from_worker(
  File "/opt/conda/envs/gdf/lib/python3.9/site-packages/distributed/worker.py", line 2860, in get_data_from_worker
    response = await send_recv(
  File "/opt/conda/envs/gdf/lib/python3.9/site-packages/distributed/core.py", line 1154, in send_recv
    response = await comm.read(deserializers=deserializers)
  File "/opt/conda/envs/gdf/lib/python3.9/site-packages/distributed/utils.py", line 832, in wrapper
    return await func(*args, **kwargs)
  File "/opt/conda/envs/gdf/lib/python3.9/site-packages/distributed/comm/ucx.py", line 398, in read
    raise CommClosedError(
distributed.comm.core.CommClosedError: Connection closed by writer.
Inner exception: UCXError("<[Recv #033] ep: 0x7f7401697100, tag: 0x7c4808d723ace418, nbytes: 50000000, type: <class 'rmm._lib.device_buffer.DeviceBuffer'>>: Connection reset by remote peer")
2024-03-07 07:39:12,654 - distributed.nanny - WARNING - Restarting worker
2024-03-07 07:39:12,881 - distributed.nanny - WARNING - Restarting worker
2024-03-07 07:39:13,051 - distributed.nanny - WARNING - Restarting worker
2024-03-07 07:39:13,080 - distributed.nanny - WARNING - Restarting worker
2024-03-07 07:39:13,270 - distributed.nanny - WARNING - Restarting worker
/opt/conda/envs/gdf/lib/python3.9/multiprocessing/resource_tracker.py:216: UserWarning: resource_tracker: There appear to be 48 leaked semaphore objects to clean up at shutdown
  warnings.warn('resource_tracker: There appear to be %d '
