2023-04-29 06:44:36,742 - distributed.preloading - INFO - Creating preload: dask_cuda.initialize
2023-04-29 06:44:36,742 - distributed.preloading - INFO - Import preload module: dask_cuda.initialize
2023-04-29 06:44:36,801 - distributed.preloading - INFO - Creating preload: dask_cuda.initialize
2023-04-29 06:44:36,801 - distributed.preloading - INFO - Import preload module: dask_cuda.initialize
2023-04-29 06:44:36,803 - distributed.preloading - INFO - Creating preload: dask_cuda.initialize
2023-04-29 06:44:36,803 - distributed.preloading - INFO - Import preload module: dask_cuda.initialize
2023-04-29 06:44:36,810 - distributed.preloading - INFO - Creating preload: dask_cuda.initialize
2023-04-29 06:44:36,811 - distributed.preloading - INFO - Import preload module: dask_cuda.initialize
2023-04-29 06:44:36,830 - distributed.preloading - INFO - Creating preload: dask_cuda.initialize
2023-04-29 06:44:36,830 - distributed.preloading - INFO - Import preload module: dask_cuda.initialize
2023-04-29 06:44:36,844 - distributed.preloading - INFO - Creating preload: dask_cuda.initialize
2023-04-29 06:44:36,845 - distributed.preloading - INFO - Import preload module: dask_cuda.initialize
2023-04-29 06:44:36,846 - distributed.preloading - INFO - Creating preload: dask_cuda.initialize
2023-04-29 06:44:36,846 - distributed.preloading - INFO - Import preload module: dask_cuda.initialize
2023-04-29 06:44:36,847 - distributed.preloading - INFO - Creating preload: dask_cuda.initialize
2023-04-29 06:44:36,847 - distributed.preloading - INFO - Import preload module: dask_cuda.initialize
[dgx13:722  :0:722] Caught signal 11 (Segmentation fault: address not mapped to object at address 0x448)
==== backtrace (tid:    722) ====
 0  /opt/conda/envs/gdf/lib/libucs.so.0(ucs_handle_error+0x2dc) [0x7fa9337adc1c]
 1  /opt/conda/envs/gdf/lib/libucs.so.0(+0x30dff) [0x7fa9337addff]
 2  /opt/conda/envs/gdf/lib/libucs.so.0(+0x31134) [0x7fa9337ae134]
 3  /usr/lib/x86_64-linux-gnu/libpthread.so.0(+0x14420) [0x7fa9d2bfc420]
 4  /opt/conda/envs/gdf/lib/libucp.so.0(ucp_mem_type_unpack+0x18) [0x7fa933837aa8]
 5  /opt/conda/envs/gdf/lib/libucp.so.0(ucp_rndv_data_handler+0x508) [0x7fa933868b48]
 6  /opt/conda/envs/gdf/lib/libuct.so.0(+0x23427) [0x7fa93375e427]
 7  /opt/conda/envs/gdf/lib/libuct.so.0(+0x23a08) [0x7fa93375ea08]
 8  /opt/conda/envs/gdf/lib/libuct.so.0(+0x25f2c) [0x7fa933760f2c]
 9  /opt/conda/envs/gdf/lib/libucs.so.0(ucs_event_set_wait+0xf9) [0x7fa9337b8539]
10  /opt/conda/envs/gdf/lib/libuct.so.0(uct_tcp_iface_progress+0x7b) [0x7fa933760fdb]
11  /opt/conda/envs/gdf/lib/libucp.so.0(ucp_worker_progress+0x6a) [0x7fa93383428a]
12  /opt/conda/envs/gdf/lib/python3.9/site-packages/ucp/_libs/ucx_api.cpython-39-x86_64-linux-gnu.so(+0x286e1) [0x7fa9338f26e1]
13  /opt/conda/envs/gdf/bin/python(+0x13eb08) [0x561fe7be0b08]
14  /opt/conda/envs/gdf/bin/python(_PyEval_EvalFrameDefault+0x5f82) [0x561fe7bd1112]
15  /opt/conda/envs/gdf/bin/python(+0x12827a) [0x561fe7bca27a]
16  /opt/conda/envs/gdf/bin/python(_PyFunction_Vectorcall+0xd5) [0x561fe7bdbc05]
17  /opt/conda/envs/gdf/bin/python(_PyEval_EvalFrameDefault+0x68b) [0x561fe7bcb81b]
18  /opt/conda/envs/gdf/bin/python(+0x14e70e) [0x561fe7bf070e]
19  /opt/conda/envs/gdf/lib/python3.9/lib-dynload/_asyncio.cpython-39-x86_64-linux-gnu.so(+0x82fe) [0x7fa95249c2fe]
20  /opt/conda/envs/gdf/bin/python(_PyObject_MakeTpCall+0x2fc) [0x561fe7bd42bc]
21  /opt/conda/envs/gdf/bin/python(+0xe5817) [0x561fe7b87817]
22  /opt/conda/envs/gdf/bin/python(+0x130f83) [0x561fe7bd2f83]
23  /opt/conda/envs/gdf/bin/python(_PyEval_EvalFrameDefault+0x5ba6) [0x561fe7bd0d36]
24  /opt/conda/envs/gdf/bin/python(+0x139ef3) [0x561fe7bdbef3]
25  /opt/conda/envs/gdf/bin/python(_PyEval_EvalFrameDefault+0x68b) [0x561fe7bcb81b]
26  /opt/conda/envs/gdf/bin/python(+0x139ef3) [0x561fe7bdbef3]
27  /opt/conda/envs/gdf/bin/python(_PyEval_EvalFrameDefault+0x68b) [0x561fe7bcb81b]
28  /opt/conda/envs/gdf/bin/python(+0x139ef3) [0x561fe7bdbef3]
29  /opt/conda/envs/gdf/bin/python(_PyEval_EvalFrameDefault+0x68b) [0x561fe7bcb81b]
30  /opt/conda/envs/gdf/bin/python(+0x139ef3) [0x561fe7bdbef3]
31  /opt/conda/envs/gdf/bin/python(_PyEval_EvalFrameDefault+0x68b) [0x561fe7bcb81b]
32  /opt/conda/envs/gdf/bin/python(+0x12827a) [0x561fe7bca27a]
33  /opt/conda/envs/gdf/bin/python(_PyFunction_Vectorcall+0xd5) [0x561fe7bdbc05]
34  /opt/conda/envs/gdf/bin/python(_PyEval_EvalFrameDefault+0x4e17) [0x561fe7bcffa7]
35  /opt/conda/envs/gdf/bin/python(+0x12827a) [0x561fe7bca27a]
36  /opt/conda/envs/gdf/bin/python(+0x147935) [0x561fe7be9935]
37  /opt/conda/envs/gdf/bin/python(PyObject_Call+0xb4) [0x561fe7bea104]
38  /opt/conda/envs/gdf/bin/python(+0x20efc8) [0x561fe7cb0fc8]
39  /opt/conda/envs/gdf/bin/python(_PyObject_MakeTpCall+0x2fc) [0x561fe7bd42bc]
40  /opt/conda/envs/gdf/bin/python(_PyEval_EvalFrameDefault+0x402b) [0x561fe7bcf1bb]
41  /opt/conda/envs/gdf/bin/python(+0x139ef3) [0x561fe7bdbef3]
42  /opt/conda/envs/gdf/bin/python(+0x147c72) [0x561fe7be9c72]
43  /opt/conda/envs/gdf/bin/python(_PyEval_EvalFrameDefault+0x402b) [0x561fe7bcf1bb]
44  /opt/conda/envs/gdf/bin/python(+0x139ef3) [0x561fe7bdbef3]
45  /opt/conda/envs/gdf/bin/python(_PyEval_EvalFrameDefault+0x68b) [0x561fe7bcb81b]
46  /opt/conda/envs/gdf/bin/python(+0x12827a) [0x561fe7bca27a]
47  /opt/conda/envs/gdf/bin/python(_PyFunction_Vectorcall+0xd5) [0x561fe7bdbc05]
48  /opt/conda/envs/gdf/bin/python(_PyEval_EvalFrameDefault+0x68b) [0x561fe7bcb81b]
49  /opt/conda/envs/gdf/bin/python(+0x139ef3) [0x561fe7bdbef3]
50  /opt/conda/envs/gdf/bin/python(_PyEval_EvalFrameDefault+0x3d8) [0x561fe7bcb568]
51  /opt/conda/envs/gdf/bin/python(+0x12827a) [0x561fe7bca27a]
52  /opt/conda/envs/gdf/bin/python(_PyFunction_Vectorcall+0xd5) [0x561fe7bdbc05]
53  /opt/conda/envs/gdf/bin/python(_PyEval_EvalFrameDefault+0x123b) [0x561fe7bcc3cb]
54  /opt/conda/envs/gdf/bin/python(+0x12827a) [0x561fe7bca27a]
55  /opt/conda/envs/gdf/bin/python(_PyEval_EvalCodeWithName+0x47) [0x561fe7bc9f07]
56  /opt/conda/envs/gdf/bin/python(PyEval_EvalCodeEx+0x39) [0x561fe7bc9eb9]
57  /opt/conda/envs/gdf/bin/python(PyEval_EvalCode+0x1b) [0x561fe7c7a8bb]
58  /opt/conda/envs/gdf/bin/python(+0x206adc) [0x561fe7ca8adc]
59  /opt/conda/envs/gdf/bin/python(+0x202c24) [0x561fe7ca4c24]
60  /opt/conda/envs/gdf/bin/python(PyRun_StringFlags+0x9d) [0x561fe7c9c7ed]
61  /opt/conda/envs/gdf/bin/python(PyRun_SimpleStringFlags+0x3d) [0x561fe7c9c6bd]
=================================
[dgx13:733  :0:733] Caught signal 11 (Segmentation fault: address not mapped to object at address 0x448)
==== backtrace (tid:    733) ====
 0  /opt/conda/envs/gdf/lib/libucs.so.0(ucs_handle_error+0x2dc) [0x7f6005912c1c]
 1  /opt/conda/envs/gdf/lib/libucs.so.0(+0x30dff) [0x7f6005912dff]
 2  /opt/conda/envs/gdf/lib/libucs.so.0(+0x31134) [0x7f6005913134]
 3  /usr/lib/x86_64-linux-gnu/libpthread.so.0(+0x14420) [0x7f60aad96420]
 4  /opt/conda/envs/gdf/lib/libucp.so.0(ucp_mem_type_unpack+0x18) [0x7f600599caa8]
 5  /opt/conda/envs/gdf/lib/libucp.so.0(ucp_rndv_data_handler+0x508) [0x7f60059cdb48]
 6  /opt/conda/envs/gdf/lib/libuct.so.0(+0x23427) [0x7f60058c3427]
 7  /opt/conda/envs/gdf/lib/libuct.so.0(+0x23a08) [0x7f60058c3a08]
 8  /opt/conda/envs/gdf/lib/libuct.so.0(+0x25f2c) [0x7f60058c5f2c]
 9  /opt/conda/envs/gdf/lib/libucs.so.0(ucs_event_set_wait+0xf9) [0x7f600591d539]
10  /opt/conda/envs/gdf/lib/libuct.so.0(uct_tcp_iface_progress+0x7b) [0x7f60058c5fdb]
11  /opt/conda/envs/gdf/lib/libucp.so.0(ucp_worker_progress+0x6a) [0x7f600599928a]
12  /opt/conda/envs/gdf/lib/python3.9/site-packages/ucp/_libs/ucx_api.cpython-39-x86_64-linux-gnu.so(+0x286e1) [0x7f6005a576e1]
13  /opt/conda/envs/gdf/bin/python(+0x13eb08) [0x561865a4db08]
14  /opt/conda/envs/gdf/bin/python(_PyEval_EvalFrameDefault+0x5f82) [0x561865a3e112]
15  /opt/conda/envs/gdf/bin/python(+0x12827a) [0x561865a3727a]
16  /opt/conda/envs/gdf/bin/python(_PyFunction_Vectorcall+0xd5) [0x561865a48c05]
17  /opt/conda/envs/gdf/bin/python(_PyEval_EvalFrameDefault+0x68b) [0x561865a3881b]
18  /opt/conda/envs/gdf/bin/python(+0x14e70e) [0x561865a5d70e]
19  /opt/conda/envs/gdf/lib/python3.9/lib-dynload/_asyncio.cpython-39-x86_64-linux-gnu.so(+0x82fe) [0x7f602a6362fe]
20  /opt/conda/envs/gdf/bin/python(_PyObject_MakeTpCall+0x2fc) [0x561865a412bc]
21  /opt/conda/envs/gdf/bin/python(+0xe5817) [0x5618659f4817]
22  /opt/conda/envs/gdf/bin/python(+0x130f83) [0x561865a3ff83]
23  /opt/conda/envs/gdf/bin/python(_PyEval_EvalFrameDefault+0x5ba6) [0x561865a3dd36]
24  /opt/conda/envs/gdf/bin/python(+0x139ef3) [0x561865a48ef3]
25  /opt/conda/envs/gdf/bin/python(_PyEval_EvalFrameDefault+0x68b) [0x561865a3881b]
26  /opt/conda/envs/gdf/bin/python(+0x139ef3) [0x561865a48ef3]
27  /opt/conda/envs/gdf/bin/python(_PyEval_EvalFrameDefault+0x68b) [0x561865a3881b]
28  /opt/conda/envs/gdf/bin/python(+0x139ef3) [0x561865a48ef3]
29  /opt/conda/envs/gdf/bin/python(_PyEval_EvalFrameDefault+0x68b) [0x561865a3881b]
30  /opt/conda/envs/gdf/bin/python(+0x139ef3) [0x561865a48ef3]
31  /opt/conda/envs/gdf/bin/python(_PyEval_EvalFrameDefault+0x68b) [0x561865a3881b]
32  /opt/conda/envs/gdf/bin/python(+0x12827a) [0x561865a3727a]
33  /opt/conda/envs/gdf/bin/python(_PyFunction_Vectorcall+0xd5) [0x561865a48c05]
34  /opt/conda/envs/gdf/bin/python(_PyEval_EvalFrameDefault+0x4e17) [0x561865a3cfa7]
35  /opt/conda/envs/gdf/bin/python(+0x12827a) [0x561865a3727a]
36  /opt/conda/envs/gdf/bin/python(+0x147935) [0x561865a56935]
37  /opt/conda/envs/gdf/bin/python(PyObject_Call+0xb4) [0x561865a57104]
38  /opt/conda/envs/gdf/bin/python(+0x20efc8) [0x561865b1dfc8]
39  /opt/conda/envs/gdf/bin/python(_PyObject_MakeTpCall+0x2fc) [0x561865a412bc]
40  /opt/conda/envs/gdf/bin/python(_PyEval_EvalFrameDefault+0x402b) [0x561865a3c1bb]
41  /opt/conda/envs/gdf/bin/python(+0x139ef3) [0x561865a48ef3]
42  /opt/conda/envs/gdf/bin/python(+0x147c72) [0x561865a56c72]
43  /opt/conda/envs/gdf/bin/python(_PyEval_EvalFrameDefault+0x402b) [0x561865a3c1bb]
44  /opt/conda/envs/gdf/bin/python(+0x139ef3) [0x561865a48ef3]
45  /opt/conda/envs/gdf/bin/python(_PyEval_EvalFrameDefault+0x68b) [0x561865a3881b]
46  /opt/conda/envs/gdf/bin/python(+0x12827a) [0x561865a3727a]
47  /opt/conda/envs/gdf/bin/python(_PyFunction_Vectorcall+0xd5) [0x561865a48c05]
48  /opt/conda/envs/gdf/bin/python(_PyEval_EvalFrameDefault+0x68b) [0x561865a3881b]
49  /opt/conda/envs/gdf/bin/python(+0x139ef3) [0x561865a48ef3]
50  /opt/conda/envs/gdf/bin/python(_PyEval_EvalFrameDefault+0x3d8) [0x561865a38568]
51  /opt/conda/envs/gdf/bin/python(+0x12827a) [0x561865a3727a]
52  /opt/conda/envs/gdf/bin/python(_PyFunction_Vectorcall+0xd5) [0x561865a48c05]
53  /opt/conda/envs/gdf/bin/python(_PyEval_EvalFrameDefault+0x123b) [0x561865a393cb]
54  /opt/conda/envs/gdf/bin/python(+0x12827a) [0x561865a3727a]
55  /opt/conda/envs/gdf/bin/python(_PyEval_EvalCodeWithName+0x47) [0x561865a36f07]
56  /opt/conda/envs/gdf/bin/python(PyEval_EvalCodeEx+0x39) [0x561865a36eb9]
57  /opt/conda/envs/gdf/bin/python(PyEval_EvalCode+0x1b) [0x561865ae78bb]
58  /opt/conda/envs/gdf/bin/python(+0x206adc) [0x561865b15adc]
59  /opt/conda/envs/gdf/bin/python(+0x202c24) [0x561865b11c24]
60  /opt/conda/envs/gdf/bin/python(PyRun_StringFlags+0x9d) [0x561865b097ed]
61  /opt/conda/envs/gdf/bin/python(PyRun_SimpleStringFlags+0x3d) [0x561865b096bd]
=================================
[dgx13:742  :0:742] Caught signal 11 (Segmentation fault: address not mapped to object at address 0x448)
[dgx13:740  :0:740] Caught signal 11 (Segmentation fault: address not mapped to object at address 0x448)
==== backtrace (tid:    742) ====
 0  /opt/conda/envs/gdf/lib/libucs.so.0(ucs_handle_error+0x2dc) [0x7fe7e81cec1c]
 1  /opt/conda/envs/gdf/lib/libucs.so.0(+0x30dff) [0x7fe7e81cedff]
 2  /opt/conda/envs/gdf/lib/libucs.so.0(+0x31134) [0x7fe7e81cf134]
 3  /usr/lib/x86_64-linux-gnu/libpthread.so.0(+0x14420) [0x7fe887623420]
 4  /opt/conda/envs/gdf/lib/libucp.so.0(ucp_mem_type_unpack+0x18) [0x7fe7e8258aa8]
 5  /opt/conda/envs/gdf/lib/libucp.so.0(ucp_rndv_data_handler+0x508) [0x7fe7e8289b48]
 6  /opt/conda/envs/gdf/lib/libuct.so.0(+0x23427) [0x7fe7e817f427]
 7  /opt/conda/envs/gdf/lib/libuct.so.0(+0x23a08) [0x7fe7e817fa08]
 8  /opt/conda/envs/gdf/lib/libuct.so.0(+0x25f2c) [0x7fe7e8181f2c]
 9  /opt/conda/envs/gdf/lib/libucs.so.0(ucs_event_set_wait+0xf9) [0x7fe7e81d9539]
10  /opt/conda/envs/gdf/lib/libuct.so.0(uct_tcp_iface_progress+0x7b) [0x7fe7e8181fdb]
11  /opt/conda/envs/gdf/lib/libucp.so.0(ucp_worker_progress+0x6a) [0x7fe7e825528a]
12  /opt/conda/envs/gdf/lib/python3.9/site-packages/ucp/_libs/ucx_api.cpython-39-x86_64-linux-gnu.so(+0x286e1) [0x7fe7e83136e1]
13  /opt/conda/envs/gdf/bin/python(+0x13eb08) [0x55e22c3b6b08]
14  /opt/conda/envs/gdf/bin/python(_PyEval_EvalFrameDefault+0x5f82) [0x55e22c3a7112]
15  /opt/conda/envs/gdf/bin/python(+0x12827a) [0x55e22c3a027a]
16  /opt/conda/envs/gdf/bin/python(_PyFunction_Vectorcall+0xd5) [0x55e22c3b1c05]
17  /opt/conda/envs/gdf/bin/python(_PyEval_EvalFrameDefault+0x68b) [0x55e22c3a181b]
18  /opt/conda/envs/gdf/bin/python(+0x139ef3) [0x55e22c3b1ef3]
19  /opt/conda/envs/gdf/bin/python(+0x147a16) [0x55e22c3bfa16]
20  /opt/conda/envs/gdf/bin/python(+0x2579b1) [0x55e22c4cf9b1]
21  /opt/conda/envs/gdf/bin/python(+0xe5817) [0x55e22c35d817]
22  /opt/conda/envs/gdf/bin/python(+0x130f83) [0x55e22c3a8f83]
23  /opt/conda/envs/gdf/bin/python(_PyEval_EvalFrameDefault+0x5ba6) [0x55e22c3a6d36]
24  /opt/conda/envs/gdf/bin/python(+0x139ef3) [0x55e22c3b1ef3]
25  /opt/conda/envs/gdf/bin/python(_PyEval_EvalFrameDefault+0x68b) [0x55e22c3a181b]
26  /opt/conda/envs/gdf/bin/python(+0x139ef3) [0x55e22c3b1ef3]
27  /opt/conda/envs/gdf/bin/python(_PyEval_EvalFrameDefault+0x68b) [0x55e22c3a181b]
28  /opt/conda/envs/gdf/bin/python(+0x139ef3) [0x55e22c3b1ef3]
29  /opt/conda/envs/gdf/bin/python(_PyEval_EvalFrameDefault+0x68b) [0x55e22c3a181b]
30  /opt/conda/envs/gdf/bin/python(+0x139ef3) [0x55e22c3b1ef3]
31  /opt/conda/envs/gdf/bin/python(_PyEval_EvalFrameDefault+0x68b) [0x55e22c3a181b]
32  /opt/conda/envs/gdf/bin/python(+0x12827a) [0x55e22c3a027a]
33  /opt/conda/envs/gdf/bin/python(_PyFunction_Vectorcall+0xd5) [0x55e22c3b1c05]
34  /opt/conda/envs/gdf/bin/python(_PyEval_EvalFrameDefault+0x4e17) [0x55e22c3a5fa7]
35  /opt/conda/envs/gdf/bin/python(+0x12827a) [0x55e22c3a027a]
36  /opt/conda/envs/gdf/bin/python(+0x147935) [0x55e22c3bf935]
37  /opt/conda/envs/gdf/bin/python(PyObject_Call+0xb4) [0x55e22c3c0104]
38  /opt/conda/envs/gdf/bin/python(+0x20efc8) [0x55e22c486fc8]
39  /opt/conda/envs/gdf/bin/python(_PyObject_MakeTpCall+0x2fc) [0x55e22c3aa2bc]
40  /opt/conda/envs/gdf/bin/python(_PyEval_EvalFrameDefault+0x402b) [0x55e22c3a51bb]
41  /opt/conda/envs/gdf/bin/python(+0x139ef3) [0x55e22c3b1ef3]
42  /opt/conda/envs/gdf/bin/python(+0x147c72) [0x55e22c3bfc72]
43  /opt/conda/envs/gdf/bin/python(_PyEval_EvalFrameDefault+0x402b) [0x55e22c3a51bb]
44  /opt/conda/envs/gdf/bin/python(+0x139ef3) [0x55e22c3b1ef3]
45  /opt/conda/envs/gdf/bin/python(_PyEval_EvalFrameDefault+0x68b) [0x55e22c3a181b]
46  /opt/conda/envs/gdf/bin/python(+0x12827a) [0x55e22c3a027a]
47  /opt/conda/envs/gdf/bin/python(_PyFunction_Vectorcall+0xd5) [0x55e22c3b1c05]
48  /opt/conda/envs/gdf/bin/python(_PyEval_EvalFrameDefault+0x68b) [0x55e22c3a181b]
49  /opt/conda/envs/gdf/bin/python(+0x139ef3) [0x55e22c3b1ef3]
50  /opt/conda/envs/gdf/bin/python(_PyEval_EvalFrameDefault+0x3d8) [0x55e22c3a1568]
51  /opt/conda/envs/gdf/bin/python(+0x12827a) [0x55e22c3a027a]
52  /opt/conda/envs/gdf/bin/python(_PyFunction_Vectorcall+0xd5) [0x55e22c3b1c05]
53  /opt/conda/envs/gdf/bin/python(_PyEval_EvalFrameDefault+0x123b) [0x55e22c3a23cb]
54  /opt/conda/envs/gdf/bin/python(+0x12827a) [0x55e22c3a027a]
55  /opt/conda/envs/gdf/bin/python(_PyEval_EvalCodeWithName+0x47) [0x55e22c39ff07]
56  /opt/conda/envs/gdf/bin/python(PyEval_EvalCodeEx+0x39) [0x55e22c39feb9]
57  /opt/conda/envs/gdf/bin/python(PyEval_EvalCode+0x1b) [0x55e22c4508bb]
58  /opt/conda/envs/gdf/bin/python(+0x206adc) [0x55e22c47eadc]
59  /opt/conda/envs/gdf/bin/python(+0x202c24) [0x55e22c47ac24]
60  /opt/conda/envs/gdf/bin/python(PyRun_StringFlags+0x9d) [0x55e22c4727ed]
61  /opt/conda/envs/gdf/bin/python(PyRun_SimpleStringFlags+0x3d) [0x55e22c4726bd]
=================================
==== backtrace (tid:    740) ====
 0  /opt/conda/envs/gdf/lib/libucs.so.0(ucs_handle_error+0x2dc) [0x7f6a78bc7c1c]
 1  /opt/conda/envs/gdf/lib/libucs.so.0(+0x30dff) [0x7f6a78bc7dff]
 2  /opt/conda/envs/gdf/lib/libucs.so.0(+0x31134) [0x7f6a78bc8134]
 3  /usr/lib/x86_64-linux-gnu/libpthread.so.0(+0x14420) [0x7f6b18017420]
 4  /opt/conda/envs/gdf/lib/libucp.so.0(ucp_mem_type_unpack+0x18) [0x7f6a78c51aa8]
 5  /opt/conda/envs/gdf/lib/libucp.so.0(ucp_rndv_data_handler+0x508) [0x7f6a78c82b48]
 6  /opt/conda/envs/gdf/lib/libuct.so.0(+0x23427) [0x7f6a78b78427]
 7  /opt/conda/envs/gdf/lib/libuct.so.0(+0x23a08) [0x7f6a78b78a08]
 8  /opt/conda/envs/gdf/lib/libuct.so.0(+0x25f2c) [0x7f6a78b7af2c]
 9  /opt/conda/envs/gdf/lib/libucs.so.0(ucs_event_set_wait+0xf9) [0x7f6a78bd2539]
10  /opt/conda/envs/gdf/lib/libuct.so.0(uct_tcp_iface_progress+0x7b) [0x7f6a78b7afdb]
11  /opt/conda/envs/gdf/lib/libucp.so.0(ucp_worker_progress+0x6a) [0x7f6a78c4e28a]
12  /opt/conda/envs/gdf/lib/python3.9/site-packages/ucp/_libs/ucx_api.cpython-39-x86_64-linux-gnu.so(+0x286e1) [0x7f6a78d0c6e1]
13  /opt/conda/envs/gdf/bin/python(+0x13eb08) [0x55cef0f79b08]
14  /opt/conda/envs/gdf/bin/python(_PyEval_EvalFrameDefault+0x5f82) [0x55cef0f6a112]
15  /opt/conda/envs/gdf/bin/python(+0x12827a) [0x55cef0f6327a]
16  /opt/conda/envs/gdf/bin/python(_PyFunction_Vectorcall+0xd5) [0x55cef0f74c05]
17  /opt/conda/envs/gdf/bin/python(_PyEval_EvalFrameDefault+0x68b) [0x55cef0f6481b]
18  /opt/conda/envs/gdf/bin/python(+0x139ef3) [0x55cef0f74ef3]
19  /opt/conda/envs/gdf/bin/python(+0x147a16) [0x55cef0f82a16]
20  /opt/conda/envs/gdf/bin/python(+0x2579b1) [0x55cef10929b1]
21  /opt/conda/envs/gdf/bin/python(+0xe5817) [0x55cef0f20817]
22  /opt/conda/envs/gdf/bin/python(+0x130f83) [0x55cef0f6bf83]
23  /opt/conda/envs/gdf/bin/python(_PyEval_EvalFrameDefault+0x5ba6) [0x55cef0f69d36]
24  /opt/conda/envs/gdf/bin/python(+0x139ef3) [0x55cef0f74ef3]
25  /opt/conda/envs/gdf/bin/python(_PyEval_EvalFrameDefault+0x68b) [0x55cef0f6481b]
26  /opt/conda/envs/gdf/bin/python(+0x139ef3) [0x55cef0f74ef3]
27  /opt/conda/envs/gdf/bin/python(_PyEval_EvalFrameDefault+0x68b) [0x55cef0f6481b]
28  /opt/conda/envs/gdf/bin/python(+0x139ef3) [0x55cef0f74ef3]
29  /opt/conda/envs/gdf/bin/python(_PyEval_EvalFrameDefault+0x68b) [0x55cef0f6481b]
30  /opt/conda/envs/gdf/bin/python(+0x139ef3) [0x55cef0f74ef3]
31  /opt/conda/envs/gdf/bin/python(_PyEval_EvalFrameDefault+0x68b) [0x55cef0f6481b]
32  /opt/conda/envs/gdf/bin/python(+0x12827a) [0x55cef0f6327a]
33  /opt/conda/envs/gdf/bin/python(_PyFunction_Vectorcall+0xd5) [0x55cef0f74c05]
34  /opt/conda/envs/gdf/bin/python(_PyEval_EvalFrameDefault+0x4e17) [0x55cef0f68fa7]
35  /opt/conda/envs/gdf/bin/python(+0x12827a) [0x55cef0f6327a]
36  /opt/conda/envs/gdf/bin/python(+0x147935) [0x55cef0f82935]
37  /opt/conda/envs/gdf/bin/python(PyObject_Call+0xb4) [0x55cef0f83104]
38  /opt/conda/envs/gdf/bin/python(+0x20efc8) [0x55cef1049fc8]
39  /opt/conda/envs/gdf/bin/python(_PyObject_MakeTpCall+0x2fc) [0x55cef0f6d2bc]
40  /opt/conda/envs/gdf/bin/python(_PyEval_EvalFrameDefault+0x402b) [0x55cef0f681bb]
41  /opt/conda/envs/gdf/bin/python(+0x139ef3) [0x55cef0f74ef3]
42  /opt/conda/envs/gdf/bin/python(+0x147c72) [0x55cef0f82c72]
43  /opt/conda/envs/gdf/bin/python(_PyEval_EvalFrameDefault+0x402b) [0x55cef0f681bb]
44  /opt/conda/envs/gdf/bin/python(+0x139ef3) [0x55cef0f74ef3]
45  /opt/conda/envs/gdf/bin/python(_PyEval_EvalFrameDefault+0x68b) [0x55cef0f6481b]
46  /opt/conda/envs/gdf/bin/python(+0x12827a) [0x55cef0f6327a]
47  /opt/conda/envs/gdf/bin/python(_PyFunction_Vectorcall+0xd5) [0x55cef0f74c05]
48  /opt/conda/envs/gdf/bin/python(_PyEval_EvalFrameDefault+0x68b) [0x55cef0f6481b]
49  /opt/conda/envs/gdf/bin/python(+0x139ef3) [0x55cef0f74ef3]
50  /opt/conda/envs/gdf/bin/python(_PyEval_EvalFrameDefault+0x3d8) [0x55cef0f64568]
51  /opt/conda/envs/gdf/bin/python(+0x12827a) [0x55cef0f6327a]
52  /opt/conda/envs/gdf/bin/python(_PyFunction_Vectorcall+0xd5) [0x55cef0f74c05]
53  /opt/conda/envs/gdf/bin/python(_PyEval_EvalFrameDefault+0x123b) [0x55cef0f653cb]
54  /opt/conda/envs/gdf/bin/python(+0x12827a) [0x55cef0f6327a]
55  /opt/conda/envs/gdf/bin/python(_PyEval_EvalCodeWithName+0x47) [0x55cef0f62f07]
56  /opt/conda/envs/gdf/bin/python(PyEval_EvalCodeEx+0x39) [0x55cef0f62eb9]
57  /opt/conda/envs/gdf/bin/python(PyEval_EvalCode+0x1b) [0x55cef10138bb]
58  /opt/conda/envs/gdf/bin/python(+0x206adc) [0x55cef1041adc]
59  /opt/conda/envs/gdf/bin/python(+0x202c24) [0x55cef103dc24]
60  /opt/conda/envs/gdf/bin/python(PyRun_StringFlags+0x9d) [0x55cef10357ed]
61  /opt/conda/envs/gdf/bin/python(PyRun_SimpleStringFlags+0x3d) [0x55cef10356bd]
=================================
[dgx13:730  :0:730] Caught signal 11 (Segmentation fault: address not mapped to object at address 0x448)
==== backtrace (tid:    730) ====
 0  /opt/conda/envs/gdf/lib/libucs.so.0(ucs_handle_error+0x2dc) [0x7f1fef3c8c1c]
 1  /opt/conda/envs/gdf/lib/libucs.so.0(+0x30dff) [0x7f1fef3c8dff]
 2  /opt/conda/envs/gdf/lib/libucs.so.0(+0x31134) [0x7f1fef3c9134]
 3  /usr/lib/x86_64-linux-gnu/libpthread.so.0(+0x14420) [0x7f209e827420]
 4  /opt/conda/envs/gdf/lib/libucp.so.0(ucp_mem_type_unpack+0x18) [0x7f1fef452aa8]
 5  /opt/conda/envs/gdf/lib/libucp.so.0(ucp_rndv_data_handler+0x508) [0x7f1fef483b48]
 6  /opt/conda/envs/gdf/lib/libuct.so.0(+0x23427) [0x7f1fef379427]
 7  /opt/conda/envs/gdf/lib/libuct.so.0(+0x23a08) [0x7f1fef379a08]
 8  /opt/conda/envs/gdf/lib/libuct.so.0(+0x25f2c) [0x7f1fef37bf2c]
 9  /opt/conda/envs/gdf/lib/libucs.so.0(ucs_event_set_wait+0xf9) [0x7f1fef3d3539]
10  /opt/conda/envs/gdf/lib/libuct.so.0(uct_tcp_iface_progress+0x7b) [0x7f1fef37bfdb]
11  /opt/conda/envs/gdf/lib/libucp.so.0(ucp_worker_progress+0x6a) [0x7f1fef44f28a]
12  /opt/conda/envs/gdf/lib/python3.9/site-packages/ucp/_libs/ucx_api.cpython-39-x86_64-linux-gnu.so(+0x286e1) [0x7f1fef50d6e1]
13  /opt/conda/envs/gdf/bin/python(+0x13eb08) [0x56506bba7b08]
14  /opt/conda/envs/gdf/bin/python(_PyEval_EvalFrameDefault+0x5f82) [0x56506bb98112]
15  /opt/conda/envs/gdf/bin/python(+0x12827a) [0x56506bb9127a]
16  /opt/conda/envs/gdf/bin/python(_PyFunction_Vectorcall+0xd5) [0x56506bba2c05]
17  /opt/conda/envs/gdf/bin/python(_PyEval_EvalFrameDefault+0x68b) [0x56506bb9281b]
18  /opt/conda/envs/gdf/bin/python(+0x139ef3) [0x56506bba2ef3]
19  /opt/conda/envs/gdf/bin/python(+0x147a16) [0x56506bbb0a16]
20  /opt/conda/envs/gdf/bin/python(+0x2579b1) [0x56506bcc09b1]
21  /opt/conda/envs/gdf/bin/python(+0xe5817) [0x56506bb4e817]
22  /opt/conda/envs/gdf/bin/python(+0x130f83) [0x56506bb99f83]
23  /opt/conda/envs/gdf/bin/python(_PyEval_EvalFrameDefault+0x5ba6) [0x56506bb97d36]
24  /opt/conda/envs/gdf/bin/python(+0x139ef3) [0x56506bba2ef3]
25  /opt/conda/envs/gdf/bin/python(_PyEval_EvalFrameDefault+0x68b) [0x56506bb9281b]
26  /opt/conda/envs/gdf/bin/python(+0x139ef3) [0x56506bba2ef3]
27  /opt/conda/envs/gdf/bin/python(_PyEval_EvalFrameDefault+0x68b) [0x56506bb9281b]
28  /opt/conda/envs/gdf/bin/python(+0x139ef3) [0x56506bba2ef3]
29  /opt/conda/envs/gdf/bin/python(_PyEval_EvalFrameDefault+0x68b) [0x56506bb9281b]
30  /opt/conda/envs/gdf/bin/python(+0x139ef3) [0x56506bba2ef3]
31  /opt/conda/envs/gdf/bin/python(_PyEval_EvalFrameDefault+0x68b) [0x56506bb9281b]
32  /opt/conda/envs/gdf/bin/python(+0x12827a) [0x56506bb9127a]
33  /opt/conda/envs/gdf/bin/python(_PyFunction_Vectorcall+0xd5) [0x56506bba2c05]
34  /opt/conda/envs/gdf/bin/python(_PyEval_EvalFrameDefault+0x4e17) [0x56506bb96fa7]
35  /opt/conda/envs/gdf/bin/python(+0x12827a) [0x56506bb9127a]
36  /opt/conda/envs/gdf/bin/python(+0x147935) [0x56506bbb0935]
37  /opt/conda/envs/gdf/bin/python(PyObject_Call+0xb4) [0x56506bbb1104]
38  /opt/conda/envs/gdf/bin/python(+0x20efc8) [0x56506bc77fc8]
39  /opt/conda/envs/gdf/bin/python(_PyObject_MakeTpCall+0x2fc) [0x56506bb9b2bc]
40  /opt/conda/envs/gdf/bin/python(_PyEval_EvalFrameDefault+0x402b) [0x56506bb961bb]
41  /opt/conda/envs/gdf/bin/python(+0x139ef3) [0x56506bba2ef3]
42  /opt/conda/envs/gdf/bin/python(+0x147c72) [0x56506bbb0c72]
43  /opt/conda/envs/gdf/bin/python(_PyEval_EvalFrameDefault+0x402b) [0x56506bb961bb]
44  /opt/conda/envs/gdf/bin/python(+0x139ef3) [0x56506bba2ef3]
45  /opt/conda/envs/gdf/bin/python(_PyEval_EvalFrameDefault+0x68b) [0x56506bb9281b]
46  /opt/conda/envs/gdf/bin/python(+0x12827a) [0x56506bb9127a]
47  /opt/conda/envs/gdf/bin/python(_PyFunction_Vectorcall+0xd5) [0x56506bba2c05]
48  /opt/conda/envs/gdf/bin/python(_PyEval_EvalFrameDefault+0x68b) [0x56506bb9281b]
49  /opt/conda/envs/gdf/bin/python(+0x139ef3) [0x56506bba2ef3]
50  /opt/conda/envs/gdf/bin/python(_PyEval_EvalFrameDefault+0x3d8) [0x56506bb92568]
51  /opt/conda/envs/gdf/bin/python(+0x12827a) [0x56506bb9127a]
52  /opt/conda/envs/gdf/bin/python(_PyFunction_Vectorcall+0xd5) [0x56506bba2c05]
53  /opt/conda/envs/gdf/bin/python(_PyEval_EvalFrameDefault+0x123b) [0x56506bb933cb]
54  /opt/conda/envs/gdf/bin/python(+0x12827a) [0x56506bb9127a]
55  /opt/conda/envs/gdf/bin/python(_PyEval_EvalCodeWithName+0x47) [0x56506bb90f07]
56  /opt/conda/envs/gdf/bin/python(PyEval_EvalCodeEx+0x39) [0x56506bb90eb9]
57  /opt/conda/envs/gdf/bin/python(PyEval_EvalCode+0x1b) [0x56506bc418bb]
58  /opt/conda/envs/gdf/bin/python(+0x206adc) [0x56506bc6fadc]
59  /opt/conda/envs/gdf/bin/python(+0x202c24) [0x56506bc6bc24]
60  /opt/conda/envs/gdf/bin/python(PyRun_StringFlags+0x9d) [0x56506bc637ed]
61  /opt/conda/envs/gdf/bin/python(PyRun_SimpleStringFlags+0x3d) [0x56506bc636bd]
=================================
[dgx13:718  :0:718] Caught signal 11 (Segmentation fault: address not mapped to object at address 0x448)
==== backtrace (tid:    718) ====
 0  /opt/conda/envs/gdf/lib/libucs.so.0(ucs_handle_error+0x2dc) [0x7f3eb085cc1c]
 1  /opt/conda/envs/gdf/lib/libucs.so.0(+0x30dff) [0x7f3eb085cdff]
 2  /opt/conda/envs/gdf/lib/libucs.so.0(+0x31134) [0x7f3eb085d134]
 3  /usr/lib/x86_64-linux-gnu/libpthread.so.0(+0x14420) [0x7f3f41b39420]
 4  /opt/conda/envs/gdf/lib/libucp.so.0(ucp_mem_type_unpack+0x18) [0x7f3eb08e6aa8]
 5  /opt/conda/envs/gdf/lib/libucp.so.0(ucp_rndv_data_handler+0x508) [0x7f3eb0917b48]
 6  /opt/conda/envs/gdf/lib/libuct.so.0(+0x23427) [0x7f3eb080d427]
 7  /opt/conda/envs/gdf/lib/libuct.so.0(+0x23a08) [0x7f3eb080da08]
 8  /opt/conda/envs/gdf/lib/libuct.so.0(+0x25f2c) [0x7f3eb080ff2c]
 9  /opt/conda/envs/gdf/lib/libucs.so.0(ucs_event_set_wait+0xf9) [0x7f3eb0867539]
10  /opt/conda/envs/gdf/lib/libuct.so.0(uct_tcp_iface_progress+0x7b) [0x7f3eb080ffdb]
11  /opt/conda/envs/gdf/lib/libucp.so.0(ucp_worker_progress+0x6a) [0x7f3eb08e328a]
12  /opt/conda/envs/gdf/lib/python3.9/site-packages/ucp/_libs/ucx_api.cpython-39-x86_64-linux-gnu.so(+0x286e1) [0x7f3eb09a16e1]
13  /opt/conda/envs/gdf/bin/python(+0x13eb08) [0x563ca34c2b08]
14  /opt/conda/envs/gdf/bin/python(_PyEval_EvalFrameDefault+0x5f82) [0x563ca34b3112]
15  /opt/conda/envs/gdf/bin/python(+0x12827a) [0x563ca34ac27a]
16  /opt/conda/envs/gdf/bin/python(_PyFunction_Vectorcall+0xd5) [0x563ca34bdc05]
17  /opt/conda/envs/gdf/bin/python(_PyEval_EvalFrameDefault+0x68b) [0x563ca34ad81b]
18  /opt/conda/envs/gdf/bin/python(+0x139ef3) [0x563ca34bdef3]
19  /opt/conda/envs/gdf/bin/python(+0x147a16) [0x563ca34cba16]
20  /opt/conda/envs/gdf/bin/python(+0x2579b1) [0x563ca35db9b1]
21  /opt/conda/envs/gdf/bin/python(+0xe5817) [0x563ca3469817]
22  /opt/conda/envs/gdf/bin/python(+0x130f83) [0x563ca34b4f83]
23  /opt/conda/envs/gdf/bin/python(_PyEval_EvalFrameDefault+0x5ba6) [0x563ca34b2d36]
24  /opt/conda/envs/gdf/bin/python(+0x139ef3) [0x563ca34bdef3]
25  /opt/conda/envs/gdf/bin/python(_PyEval_EvalFrameDefault+0x68b) [0x563ca34ad81b]
26  /opt/conda/envs/gdf/bin/python(+0x139ef3) [0x563ca34bdef3]
27  /opt/conda/envs/gdf/bin/python(_PyEval_EvalFrameDefault+0x68b) [0x563ca34ad81b]
28  /opt/conda/envs/gdf/bin/python(+0x139ef3) [0x563ca34bdef3]
29  /opt/conda/envs/gdf/bin/python(_PyEval_EvalFrameDefault+0x68b) [0x563ca34ad81b]
30  /opt/conda/envs/gdf/bin/python(+0x139ef3) [0x563ca34bdef3]
31  /opt/conda/envs/gdf/bin/python(_PyEval_EvalFrameDefault+0x68b) [0x563ca34ad81b]
32  /opt/conda/envs/gdf/bin/python(+0x12827a) [0x563ca34ac27a]
33  /opt/conda/envs/gdf/bin/python(_PyFunction_Vectorcall+0xd5) [0x563ca34bdc05]
34  /opt/conda/envs/gdf/bin/python(_PyEval_EvalFrameDefault+0x4e17) [0x563ca34b1fa7]
35  /opt/conda/envs/gdf/bin/python(+0x12827a) [0x563ca34ac27a]
36  /opt/conda/envs/gdf/bin/python(+0x147935) [0x563ca34cb935]
37  /opt/conda/envs/gdf/bin/python(PyObject_Call+0xb4) [0x563ca34cc104]
38  /opt/conda/envs/gdf/bin/python(+0x20efc8) [0x563ca3592fc8]
39  /opt/conda/envs/gdf/bin/python(_PyObject_MakeTpCall+0x2fc) [0x563ca34b62bc]
40  /opt/conda/envs/gdf/bin/python(_PyEval_EvalFrameDefault+0x402b) [0x563ca34b11bb]
41  /opt/conda/envs/gdf/bin/python(+0x139ef3) [0x563ca34bdef3]
42  /opt/conda/envs/gdf/bin/python(+0x147c72) [0x563ca34cbc72]
43  /opt/conda/envs/gdf/bin/python(_PyEval_EvalFrameDefault+0x402b) [0x563ca34b11bb]
44  /opt/conda/envs/gdf/bin/python(+0x139ef3) [0x563ca34bdef3]
45  /opt/conda/envs/gdf/bin/python(_PyEval_EvalFrameDefault+0x68b) [0x563ca34ad81b]
46  /opt/conda/envs/gdf/bin/python(+0x12827a) [0x563ca34ac27a]
47  /opt/conda/envs/gdf/bin/python(_PyFunction_Vectorcall+0xd5) [0x563ca34bdc05]
48  /opt/conda/envs/gdf/bin/python(_PyEval_EvalFrameDefault+0x68b) [0x563ca34ad81b]
49  /opt/conda/envs/gdf/bin/python(+0x139ef3) [0x563ca34bdef3]
50  /opt/conda/envs/gdf/bin/python(_PyEval_EvalFrameDefault+0x3d8) [0x563ca34ad568]
51  /opt/conda/envs/gdf/bin/python(+0x12827a) [0x563ca34ac27a]
52  /opt/conda/envs/gdf/bin/python(_PyFunction_Vectorcall+0xd5) [0x563ca34bdc05]
53  /opt/conda/envs/gdf/bin/python(_PyEval_EvalFrameDefault+0x123b) [0x563ca34ae3cb]
54  /opt/conda/envs/gdf/bin/python(+0x12827a) [0x563ca34ac27a]
55  /opt/conda/envs/gdf/bin/python(_PyEval_EvalCodeWithName+0x47) [0x563ca34abf07]
56  /opt/conda/envs/gdf/bin/python(PyEval_EvalCodeEx+0x39) [0x563ca34abeb9]
57  /opt/conda/envs/gdf/bin/python(PyEval_EvalCode+0x1b) [0x563ca355c8bb]
58  /opt/conda/envs/gdf/bin/python(+0x206adc) [0x563ca358aadc]
59  /opt/conda/envs/gdf/bin/python(+0x202c24) [0x563ca3586c24]
60  /opt/conda/envs/gdf/bin/python(PyRun_StringFlags+0x9d) [0x563ca357e7ed]
61  /opt/conda/envs/gdf/bin/python(PyRun_SimpleStringFlags+0x3d) [0x563ca357e6bd]
=================================
[dgx13:736  :0:736] Caught signal 11 (Segmentation fault: address not mapped to object at address 0x448)
==== backtrace (tid:    736) ====
 0  /opt/conda/envs/gdf/lib/libucs.so.0(ucs_handle_error+0x2dc) [0x7f4a15fc8c1c]
 1  /opt/conda/envs/gdf/lib/libucs.so.0(+0x30dff) [0x7f4a15fc8dff]
 2  /opt/conda/envs/gdf/lib/libucs.so.0(+0x31134) [0x7f4a15fc9134]
 3  /usr/lib/x86_64-linux-gnu/libpthread.so.0(+0x14420) [0x7f4abb46c420]
 4  /opt/conda/envs/gdf/lib/libucp.so.0(ucp_mem_type_unpack+0x18) [0x7f4a1c0abaa8]
 5  /opt/conda/envs/gdf/lib/libucp.so.0(ucp_rndv_data_handler+0x508) [0x7f4a1c0dcb48]
 6  /opt/conda/envs/gdf/lib/libuct.so.0(+0x23427) [0x7f4a1c03a427]
 7  /opt/conda/envs/gdf/lib/libuct.so.0(+0x23a08) [0x7f4a1c03aa08]
 8  /opt/conda/envs/gdf/lib/libuct.so.0(+0x25f2c) [0x7f4a1c03cf2c]
 9  /opt/conda/envs/gdf/lib/libucs.so.0(ucs_event_set_wait+0xf9) [0x7f4a15fd3539]
10  /opt/conda/envs/gdf/lib/libuct.so.0(uct_tcp_iface_progress+0x7b) [0x7f4a1c03cfdb]
11  /opt/conda/envs/gdf/lib/libucp.so.0(ucp_worker_progress+0x6a) [0x7f4a1c0a828a]
12  /opt/conda/envs/gdf/lib/python3.9/site-packages/ucp/_libs/ucx_api.cpython-39-x86_64-linux-gnu.so(+0x286e1) [0x7f4a1c1666e1]
13  /opt/conda/envs/gdf/bin/python(+0x13eb08) [0x55e9e071fb08]
14  /opt/conda/envs/gdf/bin/python(_PyEval_EvalFrameDefault+0x5f82) [0x55e9e0710112]
15  /opt/conda/envs/gdf/bin/python(+0x12827a) [0x55e9e070927a]
16  /opt/conda/envs/gdf/bin/python(_PyFunction_Vectorcall+0xd5) [0x55e9e071ac05]
17  /opt/conda/envs/gdf/bin/python(_PyEval_EvalFrameDefault+0x68b) [0x55e9e070a81b]
18  /opt/conda/envs/gdf/bin/python(+0x14e70e) [0x55e9e072f70e]
19  /opt/conda/envs/gdf/lib/python3.9/lib-dynload/_asyncio.cpython-39-x86_64-linux-gnu.so(+0x82fe) [0x7f4a3ad0b2fe]
20  /opt/conda/envs/gdf/bin/python(_PyObject_MakeTpCall+0x2fc) [0x55e9e07132bc]
21  /opt/conda/envs/gdf/bin/python(+0xe5817) [0x55e9e06c6817]
22  /opt/conda/envs/gdf/bin/python(+0x130f83) [0x55e9e0711f83]
23  /opt/conda/envs/gdf/bin/python(_PyEval_EvalFrameDefault+0x5ba6) [0x55e9e070fd36]
24  /opt/conda/envs/gdf/bin/python(+0x139ef3) [0x55e9e071aef3]
25  /opt/conda/envs/gdf/bin/python(_PyEval_EvalFrameDefault+0x68b) [0x55e9e070a81b]
26  /opt/conda/envs/gdf/bin/python(+0x139ef3) [0x55e9e071aef3]
27  /opt/conda/envs/gdf/bin/python(_PyEval_EvalFrameDefault+0x68b) [0x55e9e070a81b]
28  /opt/conda/envs/gdf/bin/python(+0x139ef3) [0x55e9e071aef3]
29  /opt/conda/envs/gdf/bin/python(_PyEval_EvalFrameDefault+0x68b) [0x55e9e070a81b]
30  /opt/conda/envs/gdf/bin/python(+0x139ef3) [0x55e9e071aef3]
31  /opt/conda/envs/gdf/bin/python(_PyEval_EvalFrameDefault+0x68b) [0x55e9e070a81b]
32  /opt/conda/envs/gdf/bin/python(+0x12827a) [0x55e9e070927a]
33  /opt/conda/envs/gdf/bin/python(_PyFunction_Vectorcall+0xd5) [0x55e9e071ac05]
34  /opt/conda/envs/gdf/bin/python(_PyEval_EvalFrameDefault+0x4e17) [0x55e9e070efa7]
35  /opt/conda/envs/gdf/bin/python(+0x12827a) [0x55e9e070927a]
36  /opt/conda/envs/gdf/bin/python(+0x147935) [0x55e9e0728935]
37  /opt/conda/envs/gdf/bin/python(PyObject_Call+0xb4) [0x55e9e0729104]
38  /opt/conda/envs/gdf/bin/python(+0x20efc8) [0x55e9e07effc8]
39  /opt/conda/envs/gdf/bin/python(_PyObject_MakeTpCall+0x2fc) [0x55e9e07132bc]
40  /opt/conda/envs/gdf/bin/python(_PyEval_EvalFrameDefault+0x402b) [0x55e9e070e1bb]
41  /opt/conda/envs/gdf/bin/python(+0x139ef3) [0x55e9e071aef3]
42  /opt/conda/envs/gdf/bin/python(+0x147c72) [0x55e9e0728c72]
43  /opt/conda/envs/gdf/bin/python(_PyEval_EvalFrameDefault+0x402b) [0x55e9e070e1bb]
44  /opt/conda/envs/gdf/bin/python(+0x139ef3) [0x55e9e071aef3]
45  /opt/conda/envs/gdf/bin/python(_PyEval_EvalFrameDefault+0x68b) [0x55e9e070a81b]
46  /opt/conda/envs/gdf/bin/python(+0x12827a) [0x55e9e070927a]
47  /opt/conda/envs/gdf/bin/python(_PyFunction_Vectorcall+0xd5) [0x55e9e071ac05]
48  /opt/conda/envs/gdf/bin/python(_PyEval_EvalFrameDefault+0x68b) [0x55e9e070a81b]
49  /opt/conda/envs/gdf/bin/python(+0x139ef3) [0x55e9e071aef3]
50  /opt/conda/envs/gdf/bin/python(_PyEval_EvalFrameDefault+0x3d8) [0x55e9e070a568]
51  /opt/conda/envs/gdf/bin/python(+0x12827a) [0x55e9e070927a]
52  /opt/conda/envs/gdf/bin/python(_PyFunction_Vectorcall+0xd5) [0x55e9e071ac05]
53  /opt/conda/envs/gdf/bin/python(_PyEval_EvalFrameDefault+0x123b) [0x55e9e070b3cb]
54  /opt/conda/envs/gdf/bin/python(+0x12827a) [0x55e9e070927a]
55  /opt/conda/envs/gdf/bin/python(_PyEval_EvalCodeWithName+0x47) [0x55e9e0708f07]
56  /opt/conda/envs/gdf/bin/python(PyEval_EvalCodeEx+0x39) [0x55e9e0708eb9]
57  /opt/conda/envs/gdf/bin/python(PyEval_EvalCode+0x1b) [0x55e9e07b98bb]
58  /opt/conda/envs/gdf/bin/python(+0x206adc) [0x55e9e07e7adc]
59  /opt/conda/envs/gdf/bin/python(+0x202c24) [0x55e9e07e3c24]
60  /opt/conda/envs/gdf/bin/python(PyRun_StringFlags+0x9d) [0x55e9e07db7ed]
61  /opt/conda/envs/gdf/bin/python(PyRun_SimpleStringFlags+0x3d) [0x55e9e07db6bd]
=================================
2023-04-29 06:44:39,904 - distributed.worker - ERROR - Worker stream died during communication: ucx://127.0.0.1:34187
Traceback (most recent call last):
  File "/opt/conda/envs/gdf/lib/python3.9/site-packages/distributed/comm/ucx.py", line 349, in read
    await self.ep.recv(msg)
  File "/opt/conda/envs/gdf/lib/python3.9/site-packages/ucp/core.py", line 725, in recv
    ret = await comm.tag_recv(self._ep, buffer, nbytes, tag, name=log)
ucp._libs.exceptions.UCXCanceled: <[Recv #003] ep: 0x7f1f1c282140, tag: 0xb8ecd3b90eb91842, nbytes: 16, type: <class 'numpy.ndarray'>>: 

During handling of the above exception, another exception occurred:

Traceback (most recent call last):
  File "/opt/conda/envs/gdf/lib/python3.9/site-packages/distributed/worker.py", line 2066, in gather_dep
    response = await get_data_from_worker(
  File "/opt/conda/envs/gdf/lib/python3.9/site-packages/distributed/worker.py", line 2892, in get_data_from_worker
    response = await send_recv(
  File "/opt/conda/envs/gdf/lib/python3.9/site-packages/distributed/core.py", line 1024, in send_recv
    response = await comm.read(deserializers=deserializers)
  File "/opt/conda/envs/gdf/lib/python3.9/site-packages/distributed/utils.py", line 752, in wrapper
    return await func(*args, **kwargs)
  File "/opt/conda/envs/gdf/lib/python3.9/site-packages/distributed/comm/ucx.py", line 367, in read
    raise CommClosedError(
distributed.comm.core.CommClosedError: Connection closed by writer.
Inner exception: UCXCanceled("<[Recv #003] ep: 0x7f1f1c282140, tag: 0xb8ecd3b90eb91842, nbytes: 16, type: <class 'numpy.ndarray'>>: ")
2023-04-29 06:44:39,905 - distributed.worker - ERROR - failed during get data with ucx://127.0.0.1:51903 -> ucx://127.0.0.1:34187
Traceback (most recent call last):
  File "/opt/conda/envs/gdf/lib/python3.9/site-packages/distributed/comm/ucx.py", line 333, in write
    await self.ep.send(each_frame)
  File "/opt/conda/envs/gdf/lib/python3.9/site-packages/ucp/core.py", line 650, in send
    return await comm.tag_send(self._ep, buffer, nbytes, tag, name=log)
ucp._libs.exceptions.UCXError: <[Send #007] ep: 0x7f1f1c282240, tag: 0xfa8baf58db61aca, nbytes: 50000000, type: <class 'cupy.ndarray'>>: Connection reset by remote peer

During handling of the above exception, another exception occurred:

Traceback (most recent call last):
  File "/opt/conda/envs/gdf/lib/python3.9/site-packages/distributed/worker.py", line 1792, in get_data
    compressed = await comm.write(msg, serializers=serializers)
  File "/opt/conda/envs/gdf/lib/python3.9/site-packages/distributed/utils.py", line 752, in wrapper
    return await func(*args, **kwargs)
  File "/opt/conda/envs/gdf/lib/python3.9/site-packages/distributed/comm/ucx.py", line 337, in write
    raise CommClosedError("While writing, the connection was closed")
distributed.comm.core.CommClosedError: While writing, the connection was closed
2023-04-29 06:44:39,912 - distributed.worker - ERROR - failed during get data with ucx://127.0.0.1:51903 -> ucx://127.0.0.1:44707
Traceback (most recent call last):
  File "/opt/conda/envs/gdf/lib/python3.9/site-packages/distributed/comm/ucx.py", line 333, in write
    await self.ep.send(each_frame)
  File "/opt/conda/envs/gdf/lib/python3.9/site-packages/ucp/core.py", line 650, in send
    return await comm.tag_send(self._ep, buffer, nbytes, tag, name=log)
ucp._libs.exceptions.UCXError: <[Send #007] ep: 0x7f1f1c2822c0, tag: 0xdb3f62e0985c721f, nbytes: 50000000, type: <class 'cupy.ndarray'>>: Connection reset by remote peer

During handling of the above exception, another exception occurred:

Traceback (most recent call last):
  File "/opt/conda/envs/gdf/lib/python3.9/site-packages/distributed/worker.py", line 1792, in get_data
    compressed = await comm.write(msg, serializers=serializers)
  File "/opt/conda/envs/gdf/lib/python3.9/site-packages/distributed/utils.py", line 752, in wrapper
    return await func(*args, **kwargs)
  File "/opt/conda/envs/gdf/lib/python3.9/site-packages/distributed/comm/ucx.py", line 337, in write
    raise CommClosedError("While writing, the connection was closed")
distributed.comm.core.CommClosedError: While writing, the connection was closed
2023-04-29 06:44:39,912 - distributed.worker - ERROR - Worker stream died during communication: ucx://127.0.0.1:44707
Traceback (most recent call last):
  File "/opt/conda/envs/gdf/lib/python3.9/site-packages/distributed/comm/ucx.py", line 391, in read
    await self.ep.recv(each_frame)
  File "/opt/conda/envs/gdf/lib/python3.9/site-packages/ucp/core.py", line 725, in recv
    ret = await comm.tag_recv(self._ep, buffer, nbytes, tag, name=log)
ucp._libs.exceptions.UCXError: <[Recv #007] ep: 0x7f1f1c282200, tag: 0xf735773ea4a4a2cc, nbytes: 50000000, type: <class 'rmm._lib.device_buffer.DeviceBuffer'>>: Connection reset by remote peer

During handling of the above exception, another exception occurred:

Traceback (most recent call last):
  File "/opt/conda/envs/gdf/lib/python3.9/site-packages/distributed/worker.py", line 2066, in gather_dep
    response = await get_data_from_worker(
  File "/opt/conda/envs/gdf/lib/python3.9/site-packages/distributed/worker.py", line 2892, in get_data_from_worker
    response = await send_recv(
  File "/opt/conda/envs/gdf/lib/python3.9/site-packages/distributed/core.py", line 1024, in send_recv
    response = await comm.read(deserializers=deserializers)
  File "/opt/conda/envs/gdf/lib/python3.9/site-packages/distributed/utils.py", line 752, in wrapper
    return await func(*args, **kwargs)
  File "/opt/conda/envs/gdf/lib/python3.9/site-packages/distributed/comm/ucx.py", line 397, in read
    raise CommClosedError(
distributed.comm.core.CommClosedError: Connection closed by writer.
Inner exception: UCXError("<[Recv #007] ep: 0x7f1f1c282200, tag: 0xf735773ea4a4a2cc, nbytes: 50000000, type: <class 'rmm._lib.device_buffer.DeviceBuffer'>>: Connection reset by remote peer")
2023-04-29 06:44:39,914 - distributed.worker - ERROR - Worker stream died during communication: ucx://127.0.0.1:59083
Traceback (most recent call last):
  File "/opt/conda/envs/gdf/lib/python3.9/site-packages/distributed/comm/ucx.py", line 349, in read
    await self.ep.recv(msg)
  File "/opt/conda/envs/gdf/lib/python3.9/site-packages/ucp/core.py", line 725, in recv
    ret = await comm.tag_recv(self._ep, buffer, nbytes, tag, name=log)
ucp._libs.exceptions.UCXCanceled: <[Recv #008] ep: 0x7f1f1c282180, tag: 0x7760d6418e594d82, nbytes: 16, type: <class 'numpy.ndarray'>>: 

During handling of the above exception, another exception occurred:

Traceback (most recent call last):
  File "/opt/conda/envs/gdf/lib/python3.9/site-packages/distributed/worker.py", line 2066, in gather_dep
    response = await get_data_from_worker(
  File "/opt/conda/envs/gdf/lib/python3.9/site-packages/distributed/worker.py", line 2892, in get_data_from_worker
    response = await send_recv(
  File "/opt/conda/envs/gdf/lib/python3.9/site-packages/distributed/core.py", line 1024, in send_recv
    response = await comm.read(deserializers=deserializers)
  File "/opt/conda/envs/gdf/lib/python3.9/site-packages/distributed/utils.py", line 752, in wrapper
    return await func(*args, **kwargs)
  File "/opt/conda/envs/gdf/lib/python3.9/site-packages/distributed/comm/ucx.py", line 367, in read
    raise CommClosedError(
distributed.comm.core.CommClosedError: Connection closed by writer.
Inner exception: UCXCanceled("<[Recv #008] ep: 0x7f1f1c282180, tag: 0x7760d6418e594d82, nbytes: 16, type: <class 'numpy.ndarray'>>: ")
2023-04-29 06:44:39,917 - distributed.worker - ERROR - failed during get data with ucx://127.0.0.1:51903 -> ucx://127.0.0.1:47573
Traceback (most recent call last):
  File "/opt/conda/envs/gdf/lib/python3.9/site-packages/distributed/comm/ucx.py", line 349, in read
    await self.ep.recv(msg)
  File "/opt/conda/envs/gdf/lib/python3.9/site-packages/ucp/core.py", line 725, in recv
    ret = await comm.tag_recv(self._ep, buffer, nbytes, tag, name=log)
ucp._libs.exceptions.UCXCanceled: <[Recv #006] ep: 0x7f1f1c282280, tag: 0xf41e6692be011c8e, nbytes: 16, type: <class 'numpy.ndarray'>>: 

During handling of the above exception, another exception occurred:

Traceback (most recent call last):
  File "/opt/conda/envs/gdf/lib/python3.9/site-packages/distributed/worker.py", line 1793, in get_data
    response = await comm.read(deserializers=serializers)
  File "/opt/conda/envs/gdf/lib/python3.9/site-packages/distributed/utils.py", line 752, in wrapper
    return await func(*args, **kwargs)
  File "/opt/conda/envs/gdf/lib/python3.9/site-packages/distributed/comm/ucx.py", line 367, in read
    raise CommClosedError(
distributed.comm.core.CommClosedError: Connection closed by writer.
Inner exception: UCXCanceled("<[Recv #006] ep: 0x7f1f1c282280, tag: 0xf41e6692be011c8e, nbytes: 16, type: <class 'numpy.ndarray'>>: ")
2023-04-29 06:44:39,917 - distributed.worker - ERROR - Worker stream died during communication: ucx://127.0.0.1:47573
Traceback (most recent call last):
  File "/opt/conda/envs/gdf/lib/python3.9/site-packages/distributed/comm/ucx.py", line 349, in read
    await self.ep.recv(msg)
  File "/opt/conda/envs/gdf/lib/python3.9/site-packages/ucp/core.py", line 725, in recv
    ret = await comm.tag_recv(self._ep, buffer, nbytes, tag, name=log)
ucp._libs.exceptions.UCXCanceled: <[Recv #008] ep: 0x7f1f1c2821c0, tag: 0xc821271c9b2e303f, nbytes: 16, type: <class 'numpy.ndarray'>>: 

During handling of the above exception, another exception occurred:

Traceback (most recent call last):
  File "/opt/conda/envs/gdf/lib/python3.9/site-packages/distributed/worker.py", line 2066, in gather_dep
    response = await get_data_from_worker(
  File "/opt/conda/envs/gdf/lib/python3.9/site-packages/distributed/worker.py", line 2892, in get_data_from_worker
    response = await send_recv(
  File "/opt/conda/envs/gdf/lib/python3.9/site-packages/distributed/core.py", line 1024, in send_recv
    response = await comm.read(deserializers=deserializers)
  File "/opt/conda/envs/gdf/lib/python3.9/site-packages/distributed/utils.py", line 752, in wrapper
    return await func(*args, **kwargs)
  File "/opt/conda/envs/gdf/lib/python3.9/site-packages/distributed/comm/ucx.py", line 367, in read
    raise CommClosedError(
distributed.comm.core.CommClosedError: Connection closed by writer.
Inner exception: UCXCanceled("<[Recv #008] ep: 0x7f1f1c2821c0, tag: 0xc821271c9b2e303f, nbytes: 16, type: <class 'numpy.ndarray'>>: ")
2023-04-29 06:44:39,967 - distributed.nanny - WARNING - Restarting worker
2023-04-29 06:44:40,003 - distributed.nanny - WARNING - Restarting worker
2023-04-29 06:44:40,062 - distributed.nanny - WARNING - Restarting worker
2023-04-29 06:44:40,091 - distributed.nanny - WARNING - Restarting worker
2023-04-29 06:44:40,154 - distributed.nanny - WARNING - Restarting worker
2023-04-29 06:44:40,201 - distributed.nanny - WARNING - Restarting worker
2023-04-29 06:44:40,229 - distributed.nanny - WARNING - Restarting worker
2023-04-29 06:44:41,465 - distributed.preloading - INFO - Creating preload: dask_cuda.initialize
2023-04-29 06:44:41,465 - distributed.preloading - INFO - Import preload module: dask_cuda.initialize
2023-04-29 06:44:41,474 - distributed.preloading - INFO - Creating preload: dask_cuda.initialize
2023-04-29 06:44:41,474 - distributed.preloading - INFO - Import preload module: dask_cuda.initialize
2023-04-29 06:44:41,527 - distributed.preloading - INFO - Creating preload: dask_cuda.initialize
2023-04-29 06:44:41,527 - distributed.preloading - INFO - Import preload module: dask_cuda.initialize
2023-04-29 06:44:41,692 - distributed.preloading - INFO - Creating preload: dask_cuda.initialize
2023-04-29 06:44:41,692 - distributed.preloading - INFO - Import preload module: dask_cuda.initialize
2023-04-29 06:44:41,699 - distributed.preloading - INFO - Creating preload: dask_cuda.initialize
2023-04-29 06:44:41,699 - distributed.preloading - INFO - Import preload module: dask_cuda.initialize
2023-04-29 06:44:41,724 - distributed.preloading - INFO - Creating preload: dask_cuda.initialize
2023-04-29 06:44:41,724 - distributed.preloading - INFO - Import preload module: dask_cuda.initialize
2023-04-29 06:44:41,726 - distributed.preloading - INFO - Creating preload: dask_cuda.initialize
2023-04-29 06:44:41,726 - distributed.preloading - INFO - Import preload module: dask_cuda.initialize
[dgx13:876  :0:876] Caught signal 11 (Segmentation fault: address not mapped to object at address 0x448)
==== backtrace (tid:    876) ====
 0  /opt/conda/envs/gdf/lib/libucs.so.0(ucs_handle_error+0x2dc) [0x7fb43cefec1c]
 1  /opt/conda/envs/gdf/lib/libucs.so.0(+0x30dff) [0x7fb43cefedff]
 2  /opt/conda/envs/gdf/lib/libucs.so.0(+0x31134) [0x7fb43ceff134]
 3  /usr/lib/x86_64-linux-gnu/libpthread.so.0(+0x14420) [0x7fb4ce1dd420]
 4  /opt/conda/envs/gdf/lib/libucp.so.0(ucp_mem_type_unpack+0x18) [0x7fb43cf88aa8]
 5  /opt/conda/envs/gdf/lib/libucp.so.0(ucp_rndv_data_handler+0x508) [0x7fb43cfb9b48]
 6  /opt/conda/envs/gdf/lib/libuct.so.0(+0x23427) [0x7fb43ceaf427]
 7  /opt/conda/envs/gdf/lib/libuct.so.0(+0x23a08) [0x7fb43ceafa08]
 8  /opt/conda/envs/gdf/lib/libuct.so.0(+0x25f2c) [0x7fb43ceb1f2c]
 9  /opt/conda/envs/gdf/lib/libucs.so.0(ucs_event_set_wait+0xf9) [0x7fb43cf09539]
10  /opt/conda/envs/gdf/lib/libuct.so.0(uct_tcp_iface_progress+0x7b) [0x7fb43ceb1fdb]
11  /opt/conda/envs/gdf/lib/libucp.so.0(ucp_worker_progress+0x6a) [0x7fb43cf8528a]
12  /opt/conda/envs/gdf/lib/python3.9/site-packages/ucp/_libs/ucx_api.cpython-39-x86_64-linux-gnu.so(+0x286e1) [0x7fb43d0436e1]
13  /opt/conda/envs/gdf/bin/python(+0x13eb08) [0x559db7789b08]
14  /opt/conda/envs/gdf/bin/python(_PyEval_EvalFrameDefault+0x5f82) [0x559db777a112]
15  /opt/conda/envs/gdf/bin/python(+0x12827a) [0x559db777327a]
16  /opt/conda/envs/gdf/bin/python(_PyFunction_Vectorcall+0xd5) [0x559db7784c05]
17  /opt/conda/envs/gdf/bin/python(_PyEval_EvalFrameDefault+0x68b) [0x559db777481b]
18  /opt/conda/envs/gdf/bin/python(+0x139ef3) [0x559db7784ef3]
19  /opt/conda/envs/gdf/bin/python(+0x147a16) [0x559db7792a16]
20  /opt/conda/envs/gdf/bin/python(+0x2579b1) [0x559db78a29b1]
21  /opt/conda/envs/gdf/bin/python(+0xe5817) [0x559db7730817]
22  /opt/conda/envs/gdf/bin/python(+0x130f83) [0x559db777bf83]
23  /opt/conda/envs/gdf/bin/python(_PyEval_EvalFrameDefault+0x5ba6) [0x559db7779d36]
24  /opt/conda/envs/gdf/bin/python(+0x139ef3) [0x559db7784ef3]
25  /opt/conda/envs/gdf/bin/python(_PyEval_EvalFrameDefault+0x68b) [0x559db777481b]
26  /opt/conda/envs/gdf/bin/python(+0x139ef3) [0x559db7784ef3]
27  /opt/conda/envs/gdf/bin/python(_PyEval_EvalFrameDefault+0x68b) [0x559db777481b]
28  /opt/conda/envs/gdf/bin/python(+0x139ef3) [0x559db7784ef3]
29  /opt/conda/envs/gdf/bin/python(_PyEval_EvalFrameDefault+0x68b) [0x559db777481b]
30  /opt/conda/envs/gdf/bin/python(+0x139ef3) [0x559db7784ef3]
31  /opt/conda/envs/gdf/bin/python(_PyEval_EvalFrameDefault+0x68b) [0x559db777481b]
32  /opt/conda/envs/gdf/bin/python(+0x12827a) [0x559db777327a]
33  /opt/conda/envs/gdf/bin/python(_PyFunction_Vectorcall+0xd5) [0x559db7784c05]
34  /opt/conda/envs/gdf/bin/python(_PyEval_EvalFrameDefault+0x4e17) [0x559db7778fa7]
35  /opt/conda/envs/gdf/bin/python(+0x12827a) [0x559db777327a]
36  /opt/conda/envs/gdf/bin/python(+0x147935) [0x559db7792935]
37  /opt/conda/envs/gdf/bin/python(PyObject_Call+0xb4) [0x559db7793104]
38  /opt/conda/envs/gdf/bin/python(+0x20efc8) [0x559db7859fc8]
39  /opt/conda/envs/gdf/bin/python(_PyObject_MakeTpCall+0x2fc) [0x559db777d2bc]
40  /opt/conda/envs/gdf/bin/python(_PyEval_EvalFrameDefault+0x402b) [0x559db77781bb]
41  /opt/conda/envs/gdf/bin/python(+0x139ef3) [0x559db7784ef3]
42  /opt/conda/envs/gdf/bin/python(+0x147c72) [0x559db7792c72]
43  /opt/conda/envs/gdf/bin/python(_PyEval_EvalFrameDefault+0x402b) [0x559db77781bb]
44  /opt/conda/envs/gdf/bin/python(+0x139ef3) [0x559db7784ef3]
45  /opt/conda/envs/gdf/bin/python(_PyEval_EvalFrameDefault+0x68b) [0x559db777481b]
46  /opt/conda/envs/gdf/bin/python(+0x12827a) [0x559db777327a]
47  /opt/conda/envs/gdf/bin/python(_PyFunction_Vectorcall+0xd5) [0x559db7784c05]
48  /opt/conda/envs/gdf/bin/python(_PyEval_EvalFrameDefault+0x68b) [0x559db777481b]
49  /opt/conda/envs/gdf/bin/python(+0x139ef3) [0x559db7784ef3]
50  /opt/conda/envs/gdf/bin/python(_PyEval_EvalFrameDefault+0x3d8) [0x559db7774568]
51  /opt/conda/envs/gdf/bin/python(+0x12827a) [0x559db777327a]
52  /opt/conda/envs/gdf/bin/python(_PyFunction_Vectorcall+0xd5) [0x559db7784c05]
53  /opt/conda/envs/gdf/bin/python(_PyEval_EvalFrameDefault+0x123b) [0x559db77753cb]
54  /opt/conda/envs/gdf/bin/python(+0x12827a) [0x559db777327a]
55  /opt/conda/envs/gdf/bin/python(_PyEval_EvalCodeWithName+0x47) [0x559db7772f07]
56  /opt/conda/envs/gdf/bin/python(PyEval_EvalCodeEx+0x39) [0x559db7772eb9]
57  /opt/conda/envs/gdf/bin/python(PyEval_EvalCode+0x1b) [0x559db78238bb]
58  /opt/conda/envs/gdf/bin/python(+0x206adc) [0x559db7851adc]
59  /opt/conda/envs/gdf/bin/python(+0x202c24) [0x559db784dc24]
60  /opt/conda/envs/gdf/bin/python(PyRun_StringFlags+0x9d) [0x559db78457ed]
61  /opt/conda/envs/gdf/bin/python(PyRun_SimpleStringFlags+0x3d) [0x559db78456bd]
=================================
2023-04-29 06:44:43,351 - distributed.worker - ERROR - failed during get data with ucx://127.0.0.1:51903 -> ucx://127.0.0.1:57473
Traceback (most recent call last):
  File "/opt/conda/envs/gdf/lib/python3.9/site-packages/distributed/comm/ucx.py", line 333, in write
    await self.ep.send(each_frame)
  File "/opt/conda/envs/gdf/lib/python3.9/site-packages/ucp/core.py", line 650, in send
    return await comm.tag_send(self._ep, buffer, nbytes, tag, name=log)
ucp._libs.exceptions.UCXError: <[Send #007] ep: 0x7f1f1c2821c0, tag: 0xef667549546ccafb, nbytes: 50000000, type: <class 'cupy.ndarray'>>: Connection reset by remote peer

During handling of the above exception, another exception occurred:

Traceback (most recent call last):
  File "/opt/conda/envs/gdf/lib/python3.9/site-packages/distributed/worker.py", line 1792, in get_data
    compressed = await comm.write(msg, serializers=serializers)
  File "/opt/conda/envs/gdf/lib/python3.9/site-packages/distributed/utils.py", line 752, in wrapper
    return await func(*args, **kwargs)
  File "/opt/conda/envs/gdf/lib/python3.9/site-packages/distributed/comm/ucx.py", line 337, in write
    raise CommClosedError("While writing, the connection was closed")
distributed.comm.core.CommClosedError: While writing, the connection was closed
2023-04-29 06:44:43,397 - distributed.nanny - WARNING - Restarting worker
[dgx13:882  :0:882] Caught signal 11 (Segmentation fault: address not mapped to object at address 0x448)
==== backtrace (tid:    882) ====
 0  /opt/conda/envs/gdf/lib/libucs.so.0(ucs_handle_error+0x2dc) [0x7f637456ec1c]
 1  /opt/conda/envs/gdf/lib/libucs.so.0(+0x30dff) [0x7f637456edff]
 2  /opt/conda/envs/gdf/lib/libucs.so.0(+0x31134) [0x7f637456f134]
 3  /usr/lib/x86_64-linux-gnu/libpthread.so.0(+0x14420) [0x7f6413835420]
 4  /opt/conda/envs/gdf/lib/libucp.so.0(ucp_mem_type_unpack+0x18) [0x7f63745f8aa8]
 5  /opt/conda/envs/gdf/lib/libucp.so.0(ucp_rndv_data_handler+0x508) [0x7f6374629b48]
 6  /opt/conda/envs/gdf/lib/libuct.so.0(+0x23427) [0x7f637451f427]
 7  /opt/conda/envs/gdf/lib/libuct.so.0(+0x23a08) [0x7f637451fa08]
 8  /opt/conda/envs/gdf/lib/libuct.so.0(+0x25f2c) [0x7f6374521f2c]
 9  /opt/conda/envs/gdf/lib/libucs.so.0(ucs_event_set_wait+0xf9) [0x7f6374579539]
10  /opt/conda/envs/gdf/lib/libuct.so.0(uct_tcp_iface_progress+0x7b) [0x7f6374521fdb]
11  /opt/conda/envs/gdf/lib/libucp.so.0(ucp_worker_progress+0x6a) [0x7f63745f528a]
12  /opt/conda/envs/gdf/lib/python3.9/site-packages/ucp/_libs/ucx_api.cpython-39-x86_64-linux-gnu.so(+0x286e1) [0x7f63746b36e1]
13  /opt/conda/envs/gdf/bin/python(+0x13eb08) [0x56078fbbcb08]
14  /opt/conda/envs/gdf/bin/python(_PyEval_EvalFrameDefault+0x5f82) [0x56078fbad112]
15  /opt/conda/envs/gdf/bin/python(+0x12827a) [0x56078fba627a]
16  /opt/conda/envs/gdf/bin/python(_PyFunction_Vectorcall+0xd5) [0x56078fbb7c05]
17  /opt/conda/envs/gdf/bin/python(_PyEval_EvalFrameDefault+0x68b) [0x56078fba781b]
18  /opt/conda/envs/gdf/bin/python(+0x139ef3) [0x56078fbb7ef3]
19  /opt/conda/envs/gdf/bin/python(+0x147a16) [0x56078fbc5a16]
20  /opt/conda/envs/gdf/bin/python(+0x2579b1) [0x56078fcd59b1]
21  /opt/conda/envs/gdf/bin/python(+0xe5817) [0x56078fb63817]
22  /opt/conda/envs/gdf/bin/python(+0x130f83) [0x56078fbaef83]
23  /opt/conda/envs/gdf/bin/python(_PyEval_EvalFrameDefault+0x5ba6) [0x56078fbacd36]
24  /opt/conda/envs/gdf/bin/python(+0x139ef3) [0x56078fbb7ef3]
25  /opt/conda/envs/gdf/bin/python(_PyEval_EvalFrameDefault+0x68b) [0x56078fba781b]
26  /opt/conda/envs/gdf/bin/python(+0x139ef3) [0x56078fbb7ef3]
27  /opt/conda/envs/gdf/bin/python(_PyEval_EvalFrameDefault+0x68b) [0x56078fba781b]
28  /opt/conda/envs/gdf/bin/python(+0x139ef3) [0x56078fbb7ef3]
29  /opt/conda/envs/gdf/bin/python(_PyEval_EvalFrameDefault+0x68b) [0x56078fba781b]
30  /opt/conda/envs/gdf/bin/python(+0x139ef3) [0x56078fbb7ef3]
31  /opt/conda/envs/gdf/bin/python(_PyEval_EvalFrameDefault+0x68b) [0x56078fba781b]
32  /opt/conda/envs/gdf/bin/python(+0x12827a) [0x56078fba627a]
33  /opt/conda/envs/gdf/bin/python(_PyFunction_Vectorcall+0xd5) [0x56078fbb7c05]
34  /opt/conda/envs/gdf/bin/python(_PyEval_EvalFrameDefault+0x4e17) [0x56078fbabfa7]
35  /opt/conda/envs/gdf/bin/python(+0x12827a) [0x56078fba627a]
36  /opt/conda/envs/gdf/bin/python(+0x147935) [0x56078fbc5935]
37  /opt/conda/envs/gdf/bin/python(PyObject_Call+0xb4) [0x56078fbc6104]
38  /opt/conda/envs/gdf/bin/python(+0x20efc8) [0x56078fc8cfc8]
39  /opt/conda/envs/gdf/bin/python(_PyObject_MakeTpCall+0x2fc) [0x56078fbb02bc]
40  /opt/conda/envs/gdf/bin/python(_PyEval_EvalFrameDefault+0x402b) [0x56078fbab1bb]
41  /opt/conda/envs/gdf/bin/python(+0x139ef3) [0x56078fbb7ef3]
42  /opt/conda/envs/gdf/bin/python(+0x147c72) [0x56078fbc5c72]
43  /opt/conda/envs/gdf/bin/python(_PyEval_EvalFrameDefault+0x402b) [0x56078fbab1bb]
44  /opt/conda/envs/gdf/bin/python(+0x139ef3) [0x56078fbb7ef3]
45  /opt/conda/envs/gdf/bin/python(_PyEval_EvalFrameDefault+0x68b) [0x56078fba781b]
46  /opt/conda/envs/gdf/bin/python(+0x12827a) [0x56078fba627a]
47  /opt/conda/envs/gdf/bin/python(_PyFunction_Vectorcall+0xd5) [0x56078fbb7c05]
48  /opt/conda/envs/gdf/bin/python(_PyEval_EvalFrameDefault+0x68b) [0x56078fba781b]
49  /opt/conda/envs/gdf/bin/python(+0x139ef3) [0x56078fbb7ef3]
50  /opt/conda/envs/gdf/bin/python(_PyEval_EvalFrameDefault+0x3d8) [0x56078fba7568]
51  /opt/conda/envs/gdf/bin/python(+0x12827a) [0x56078fba627a]
52  /opt/conda/envs/gdf/bin/python(_PyFunction_Vectorcall+0xd5) [0x56078fbb7c05]
53  /opt/conda/envs/gdf/bin/python(_PyEval_EvalFrameDefault+0x123b) [0x56078fba83cb]
54  /opt/conda/envs/gdf/bin/python(+0x12827a) [0x56078fba627a]
55  /opt/conda/envs/gdf/bin/python(_PyEval_EvalCodeWithName+0x47) [0x56078fba5f07]
56  /opt/conda/envs/gdf/bin/python(PyEval_EvalCodeEx+0x39) [0x56078fba5eb9]
57  /opt/conda/envs/gdf/bin/python(PyEval_EvalCode+0x1b) [0x56078fc568bb]
58  /opt/conda/envs/gdf/bin/python(+0x206adc) [0x56078fc84adc]
59  /opt/conda/envs/gdf/bin/python(+0x202c24) [0x56078fc80c24]
60  /opt/conda/envs/gdf/bin/python(PyRun_StringFlags+0x9d) [0x56078fc787ed]
61  /opt/conda/envs/gdf/bin/python(PyRun_SimpleStringFlags+0x3d) [0x56078fc786bd]
=================================
2023-04-29 06:44:43,793 - distributed.worker - ERROR - failed during get data with ucx://127.0.0.1:51903 -> ucx://127.0.0.1:48539
Traceback (most recent call last):
  File "/opt/conda/envs/gdf/lib/python3.9/site-packages/distributed/comm/ucx.py", line 333, in write
    await self.ep.send(each_frame)
  File "/opt/conda/envs/gdf/lib/python3.9/site-packages/ucp/core.py", line 650, in send
    return await comm.tag_send(self._ep, buffer, nbytes, tag, name=log)
ucp._libs.exceptions.UCXError: <[Send #007] ep: 0x7f1f1c2822c0, tag: 0x379891d4b1e94600, nbytes: 50000000, type: <class 'cupy.ndarray'>>: Connection reset by remote peer

During handling of the above exception, another exception occurred:

Traceback (most recent call last):
  File "/opt/conda/envs/gdf/lib/python3.9/site-packages/distributed/worker.py", line 1792, in get_data
    compressed = await comm.write(msg, serializers=serializers)
  File "/opt/conda/envs/gdf/lib/python3.9/site-packages/distributed/utils.py", line 752, in wrapper
    return await func(*args, **kwargs)
  File "/opt/conda/envs/gdf/lib/python3.9/site-packages/distributed/comm/ucx.py", line 337, in write
    raise CommClosedError("While writing, the connection was closed")
distributed.comm.core.CommClosedError: While writing, the connection was closed
2023-04-29 06:44:43,794 - distributed.worker - ERROR - Worker stream died during communication: ucx://127.0.0.1:48539
Traceback (most recent call last):
  File "/opt/conda/envs/gdf/lib/python3.9/site-packages/distributed/comm/ucx.py", line 349, in read
    await self.ep.recv(msg)
  File "/opt/conda/envs/gdf/lib/python3.9/site-packages/ucp/core.py", line 725, in recv
    ret = await comm.tag_recv(self._ep, buffer, nbytes, tag, name=log)
ucp._libs.exceptions.UCXCanceled: <[Recv #003] ep: 0x7f1f1c282200, tag: 0xe66aae993abecc40, nbytes: 16, type: <class 'numpy.ndarray'>>: 

During handling of the above exception, another exception occurred:

Traceback (most recent call last):
  File "/opt/conda/envs/gdf/lib/python3.9/site-packages/distributed/worker.py", line 2066, in gather_dep
    response = await get_data_from_worker(
  File "/opt/conda/envs/gdf/lib/python3.9/site-packages/distributed/worker.py", line 2892, in get_data_from_worker
    response = await send_recv(
  File "/opt/conda/envs/gdf/lib/python3.9/site-packages/distributed/core.py", line 1024, in send_recv
    response = await comm.read(deserializers=deserializers)
  File "/opt/conda/envs/gdf/lib/python3.9/site-packages/distributed/utils.py", line 752, in wrapper
    return await func(*args, **kwargs)
  File "/opt/conda/envs/gdf/lib/python3.9/site-packages/distributed/comm/ucx.py", line 367, in read
    raise CommClosedError(
distributed.comm.core.CommClosedError: Connection closed by writer.
Inner exception: UCXCanceled("<[Recv #003] ep: 0x7f1f1c282200, tag: 0xe66aae993abecc40, nbytes: 16, type: <class 'numpy.ndarray'>>: ")
2023-04-29 06:44:43,848 - distributed.nanny - WARNING - Restarting worker
[dgx13:873  :0:873] Caught signal 11 (Segmentation fault: address not mapped to object at address 0x448)
==== backtrace (tid:    873) ====
 0  /opt/conda/envs/gdf/lib/libucs.so.0(ucs_handle_error+0x2dc) [0x7f63f33c5c1c]
 1  /opt/conda/envs/gdf/lib/libucs.so.0(+0x30dff) [0x7f63f33c5dff]
 2  /opt/conda/envs/gdf/lib/libucs.so.0(+0x31134) [0x7f63f33c6134]
 3  /usr/lib/x86_64-linux-gnu/libpthread.so.0(+0x14420) [0x7f6492693420]
 4  /opt/conda/envs/gdf/lib/libucp.so.0(ucp_mem_type_unpack+0x18) [0x7f63f344faa8]
 5  /opt/conda/envs/gdf/lib/libucp.so.0(ucp_rndv_data_handler+0x508) [0x7f63f3480b48]
 6  /opt/conda/envs/gdf/lib/libuct.so.0(+0x23427) [0x7f63f3376427]
 7  /opt/conda/envs/gdf/lib/libuct.so.0(+0x23a08) [0x7f63f3376a08]
 8  /opt/conda/envs/gdf/lib/libuct.so.0(+0x25f2c) [0x7f63f3378f2c]
 9  /opt/conda/envs/gdf/lib/libucs.so.0(ucs_event_set_wait+0xf9) [0x7f63f33d0539]
10  /opt/conda/envs/gdf/lib/libuct.so.0(uct_tcp_iface_progress+0x7b) [0x7f63f3378fdb]
11  /opt/conda/envs/gdf/lib/libucp.so.0(ucp_worker_progress+0x6a) [0x7f63f344c28a]
12  /opt/conda/envs/gdf/lib/python3.9/site-packages/ucp/_libs/ucx_api.cpython-39-x86_64-linux-gnu.so(+0x286e1) [0x7f63f350a6e1]
13  /opt/conda/envs/gdf/bin/python(+0x13eb08) [0x55982618cb08]
14  /opt/conda/envs/gdf/bin/python(_PyEval_EvalFrameDefault+0x5f82) [0x55982617d112]
15  /opt/conda/envs/gdf/bin/python(+0x12827a) [0x55982617627a]
16  /opt/conda/envs/gdf/bin/python(_PyFunction_Vectorcall+0xd5) [0x559826187c05]
17  /opt/conda/envs/gdf/bin/python(_PyEval_EvalFrameDefault+0x68b) [0x55982617781b]
18  /opt/conda/envs/gdf/bin/python(+0x139ef3) [0x559826187ef3]
19  /opt/conda/envs/gdf/bin/python(+0x147a16) [0x559826195a16]
20  /opt/conda/envs/gdf/bin/python(+0x2579b1) [0x5598262a59b1]
21  /opt/conda/envs/gdf/bin/python(+0xe5817) [0x559826133817]
22  /opt/conda/envs/gdf/bin/python(+0x130f83) [0x55982617ef83]
23  /opt/conda/envs/gdf/bin/python(_PyEval_EvalFrameDefault+0x5ba6) [0x55982617cd36]
24  /opt/conda/envs/gdf/bin/python(+0x139ef3) [0x559826187ef3]
25  /opt/conda/envs/gdf/bin/python(_PyEval_EvalFrameDefault+0x68b) [0x55982617781b]
26  /opt/conda/envs/gdf/bin/python(+0x139ef3) [0x559826187ef3]
27  /opt/conda/envs/gdf/bin/python(_PyEval_EvalFrameDefault+0x68b) [0x55982617781b]
28  /opt/conda/envs/gdf/bin/python(+0x139ef3) [0x559826187ef3]
29  /opt/conda/envs/gdf/bin/python(_PyEval_EvalFrameDefault+0x68b) [0x55982617781b]
30  /opt/conda/envs/gdf/bin/python(+0x139ef3) [0x559826187ef3]
31  /opt/conda/envs/gdf/bin/python(_PyEval_EvalFrameDefault+0x68b) [0x55982617781b]
32  /opt/conda/envs/gdf/bin/python(+0x12827a) [0x55982617627a]
33  /opt/conda/envs/gdf/bin/python(_PyFunction_Vectorcall+0xd5) [0x559826187c05]
34  /opt/conda/envs/gdf/bin/python(_PyEval_EvalFrameDefault+0x4e17) [0x55982617bfa7]
35  /opt/conda/envs/gdf/bin/python(+0x12827a) [0x55982617627a]
36  /opt/conda/envs/gdf/bin/python(+0x147935) [0x559826195935]
37  /opt/conda/envs/gdf/bin/python(PyObject_Call+0xb4) [0x559826196104]
38  /opt/conda/envs/gdf/bin/python(+0x20efc8) [0x55982625cfc8]
39  /opt/conda/envs/gdf/bin/python(_PyObject_MakeTpCall+0x2fc) [0x5598261802bc]
40  /opt/conda/envs/gdf/bin/python(_PyEval_EvalFrameDefault+0x402b) [0x55982617b1bb]
41  /opt/conda/envs/gdf/bin/python(+0x139ef3) [0x559826187ef3]
42  /opt/conda/envs/gdf/bin/python(+0x147c72) [0x559826195c72]
43  /opt/conda/envs/gdf/bin/python(_PyEval_EvalFrameDefault+0x402b) [0x55982617b1bb]
44  /opt/conda/envs/gdf/bin/python(+0x139ef3) [0x559826187ef3]
45  /opt/conda/envs/gdf/bin/python(_PyEval_EvalFrameDefault+0x68b) [0x55982617781b]
46  /opt/conda/envs/gdf/bin/python(+0x12827a) [0x55982617627a]
47  /opt/conda/envs/gdf/bin/python(_PyFunction_Vectorcall+0xd5) [0x559826187c05]
48  /opt/conda/envs/gdf/bin/python(_PyEval_EvalFrameDefault+0x68b) [0x55982617781b]
49  /opt/conda/envs/gdf/bin/python(+0x139ef3) [0x559826187ef3]
50  /opt/conda/envs/gdf/bin/python(_PyEval_EvalFrameDefault+0x3d8) [0x559826177568]
51  /opt/conda/envs/gdf/bin/python(+0x12827a) [0x55982617627a]
52  /opt/conda/envs/gdf/bin/python(_PyFunction_Vectorcall+0xd5) [0x559826187c05]
53  /opt/conda/envs/gdf/bin/python(_PyEval_EvalFrameDefault+0x123b) [0x5598261783cb]
54  /opt/conda/envs/gdf/bin/python(+0x12827a) [0x55982617627a]
55  /opt/conda/envs/gdf/bin/python(_PyEval_EvalCodeWithName+0x47) [0x559826175f07]
56  /opt/conda/envs/gdf/bin/python(PyEval_EvalCodeEx+0x39) [0x559826175eb9]
57  /opt/conda/envs/gdf/bin/python(PyEval_EvalCode+0x1b) [0x5598262268bb]
58  /opt/conda/envs/gdf/bin/python(+0x206adc) [0x559826254adc]
59  /opt/conda/envs/gdf/bin/python(+0x202c24) [0x559826250c24]
60  /opt/conda/envs/gdf/bin/python(PyRun_StringFlags+0x9d) [0x5598262487ed]
61  /opt/conda/envs/gdf/bin/python(PyRun_SimpleStringFlags+0x3d) [0x5598262486bd]
=================================
[dgx13:890  :0:890] Caught signal 11 (Segmentation fault: address not mapped to object at address 0x448)
==== backtrace (tid:    890) ====
 0  /opt/conda/envs/gdf/lib/libucs.so.0(ucs_handle_error+0x2dc) [0x7f17f0649c1c]
 1  /opt/conda/envs/gdf/lib/libucs.so.0(+0x30dff) [0x7f17f0649dff]
 2  /opt/conda/envs/gdf/lib/libucs.so.0(+0x31134) [0x7f17f064a134]
 3  /usr/lib/x86_64-linux-gnu/libpthread.so.0(+0x14420) [0x7f1881921420]
 4  /opt/conda/envs/gdf/lib/libucp.so.0(ucp_mem_type_unpack+0x18) [0x7f17f06d3aa8]
 5  /opt/conda/envs/gdf/lib/libucp.so.0(ucp_rndv_data_handler+0x508) [0x7f17f0704b48]
 6  /opt/conda/envs/gdf/lib/libuct.so.0(+0x23427) [0x7f17f05fa427]
 7  /opt/conda/envs/gdf/lib/libuct.so.0(+0x23a08) [0x7f17f05faa08]
 8  /opt/conda/envs/gdf/lib/libuct.so.0(+0x25f2c) [0x7f17f05fcf2c]
 9  /opt/conda/envs/gdf/lib/libucs.so.0(ucs_event_set_wait+0xf9) [0x7f17f0654539]
10  /opt/conda/envs/gdf/lib/libuct.so.0(uct_tcp_iface_progress+0x7b) [0x7f17f05fcfdb]
11  /opt/conda/envs/gdf/lib/libucp.so.0(ucp_worker_progress+0x6a) [0x7f17f06d028a]
12  /opt/conda/envs/gdf/lib/python3.9/site-packages/ucp/_libs/ucx_api.cpython-39-x86_64-linux-gnu.so(+0x286e1) [0x7f17f078e6e1]
13  /opt/conda/envs/gdf/bin/python(+0x13eb08) [0x55d55e66cb08]
14  /opt/conda/envs/gdf/bin/python(_PyEval_EvalFrameDefault+0x5f82) [0x55d55e65d112]
15  /opt/conda/envs/gdf/bin/python(+0x12827a) [0x55d55e65627a]
16  /opt/conda/envs/gdf/bin/python(_PyFunction_Vectorcall+0xd5) [0x55d55e667c05]
17  /opt/conda/envs/gdf/bin/python(_PyEval_EvalFrameDefault+0x68b) [0x55d55e65781b]
18  /opt/conda/envs/gdf/bin/python(+0x139ef3) [0x55d55e667ef3]
19  /opt/conda/envs/gdf/bin/python(+0x147a16) [0x55d55e675a16]
20  /opt/conda/envs/gdf/bin/python(+0x2579b1) [0x55d55e7859b1]
21  /opt/conda/envs/gdf/bin/python(+0xe5817) [0x55d55e613817]
22  /opt/conda/envs/gdf/bin/python(+0x130f83) [0x55d55e65ef83]
23  /opt/conda/envs/gdf/bin/python(_PyEval_EvalFrameDefault+0x5ba6) [0x55d55e65cd36]
24  /opt/conda/envs/gdf/bin/python(+0x139ef3) [0x55d55e667ef3]
25  /opt/conda/envs/gdf/bin/python(_PyEval_EvalFrameDefault+0x68b) [0x55d55e65781b]
26  /opt/conda/envs/gdf/bin/python(+0x139ef3) [0x55d55e667ef3]
27  /opt/conda/envs/gdf/bin/python(_PyEval_EvalFrameDefault+0x68b) [0x55d55e65781b]
28  /opt/conda/envs/gdf/bin/python(+0x139ef3) [0x55d55e667ef3]
29  /opt/conda/envs/gdf/bin/python(_PyEval_EvalFrameDefault+0x68b) [0x55d55e65781b]
30  /opt/conda/envs/gdf/bin/python(+0x139ef3) [0x55d55e667ef3]
31  /opt/conda/envs/gdf/bin/python(_PyEval_EvalFrameDefault+0x68b) [0x55d55e65781b]
32  /opt/conda/envs/gdf/bin/python(+0x12827a) [0x55d55e65627a]
33  /opt/conda/envs/gdf/bin/python(_PyFunction_Vectorcall+0xd5) [0x55d55e667c05]
34  /opt/conda/envs/gdf/bin/python(_PyEval_EvalFrameDefault+0x4e17) [0x55d55e65bfa7]
35  /opt/conda/envs/gdf/bin/python(+0x12827a) [0x55d55e65627a]
36  /opt/conda/envs/gdf/bin/python(+0x147935) [0x55d55e675935]
37  /opt/conda/envs/gdf/bin/python(PyObject_Call+0xb4) [0x55d55e676104]
38  /opt/conda/envs/gdf/bin/python(+0x20efc8) [0x55d55e73cfc8]
39  /opt/conda/envs/gdf/bin/python(_PyObject_MakeTpCall+0x2fc) [0x55d55e6602bc]
40  /opt/conda/envs/gdf/bin/python(_PyEval_EvalFrameDefault+0x402b) [0x55d55e65b1bb]
41  /opt/conda/envs/gdf/bin/python(+0x139ef3) [0x55d55e667ef3]
42  /opt/conda/envs/gdf/bin/python(+0x147c72) [0x55d55e675c72]
43  /opt/conda/envs/gdf/bin/python(_PyEval_EvalFrameDefault+0x402b) [0x55d55e65b1bb]
44  /opt/conda/envs/gdf/bin/python(+0x139ef3) [0x55d55e667ef3]
45  /opt/conda/envs/gdf/bin/python(_PyEval_EvalFrameDefault+0x68b) [0x55d55e65781b]
46  /opt/conda/envs/gdf/bin/python(+0x12827a) [0x55d55e65627a]
47  /opt/conda/envs/gdf/bin/python(_PyFunction_Vectorcall+0xd5) [0x55d55e667c05]
48  /opt/conda/envs/gdf/bin/python(_PyEval_EvalFrameDefault+0x68b) [0x55d55e65781b]
49  /opt/conda/envs/gdf/bin/python(+0x139ef3) [0x55d55e667ef3]
50  /opt/conda/envs/gdf/bin/python(_PyEval_EvalFrameDefault+0x3d8) [0x55d55e657568]
51  /opt/conda/envs/gdf/bin/python(+0x12827a) [0x55d55e65627a]
52  /opt/conda/envs/gdf/bin/python(_PyFunction_Vectorcall+0xd5) [0x55d55e667c05]
53  /opt/conda/envs/gdf/bin/python(_PyEval_EvalFrameDefault+0x123b) [0x55d55e6583cb]
54  /opt/conda/envs/gdf/bin/python(+0x12827a) [0x55d55e65627a]
55  /opt/conda/envs/gdf/bin/python(_PyEval_EvalCodeWithName+0x47) [0x55d55e655f07]
56  /opt/conda/envs/gdf/bin/python(PyEval_EvalCodeEx+0x39) [0x55d55e655eb9]
57  /opt/conda/envs/gdf/bin/python(PyEval_EvalCode+0x1b) [0x55d55e7068bb]
58  /opt/conda/envs/gdf/bin/python(+0x206adc) [0x55d55e734adc]
59  /opt/conda/envs/gdf/bin/python(+0x202c24) [0x55d55e730c24]
60  /opt/conda/envs/gdf/bin/python(PyRun_StringFlags+0x9d) [0x55d55e7287ed]
61  /opt/conda/envs/gdf/bin/python(PyRun_SimpleStringFlags+0x3d) [0x55d55e7286bd]
=================================
[dgx13:887  :0:887] Caught signal 11 (Segmentation fault: address not mapped to object at address 0x448)
==== backtrace (tid:    887) ====
 0  /opt/conda/envs/gdf/lib/libucs.so.0(ucs_handle_error+0x2dc) [0x7f1db4767c1c]
 1  /opt/conda/envs/gdf/lib/libucs.so.0(+0x30dff) [0x7f1db4767dff]
 2  /opt/conda/envs/gdf/lib/libucs.so.0(+0x31134) [0x7f1db4768134]
 3  /usr/lib/x86_64-linux-gnu/libpthread.so.0(+0x14420) [0x7f1e45a30420]
 4  /opt/conda/envs/gdf/lib/libucp.so.0(ucp_mem_type_unpack+0x18) [0x7f1db47f1aa8]
 5  /opt/conda/envs/gdf/lib/libucp.so.0(ucp_rndv_data_handler+0x508) [0x7f1db4822b48]
 6  /opt/conda/envs/gdf/lib/libuct.so.0(+0x23427) [0x7f1db4718427]
 7  /opt/conda/envs/gdf/lib/libuct.so.0(+0x23a08) [0x7f1db4718a08]
 8  /opt/conda/envs/gdf/lib/libuct.so.0(+0x25f2c) [0x7f1db471af2c]
 9  /opt/conda/envs/gdf/lib/libucs.so.0(ucs_event_set_wait+0xf9) [0x7f1db4772539]
10  /opt/conda/envs/gdf/lib/libuct.so.0(uct_tcp_iface_progress+0x7b) [0x7f1db471afdb]
11  /opt/conda/envs/gdf/lib/libucp.so.0(ucp_worker_progress+0x6a) [0x7f1db47ee28a]
12  /opt/conda/envs/gdf/lib/python3.9/site-packages/ucp/_libs/ucx_api.cpython-39-x86_64-linux-gnu.so(+0x286e1) [0x7f1db48ac6e1]
13  /opt/conda/envs/gdf/bin/python(+0x13eb08) [0x556c340d2b08]
14  /opt/conda/envs/gdf/bin/python(_PyEval_EvalFrameDefault+0x5f82) [0x556c340c3112]
15  /opt/conda/envs/gdf/bin/python(+0x12827a) [0x556c340bc27a]
16  /opt/conda/envs/gdf/bin/python(_PyFunction_Vectorcall+0xd5) [0x556c340cdc05]
17  /opt/conda/envs/gdf/bin/python(_PyEval_EvalFrameDefault+0x68b) [0x556c340bd81b]
18  /opt/conda/envs/gdf/bin/python(+0x139ef3) [0x556c340cdef3]
19  /opt/conda/envs/gdf/bin/python(+0x147a16) [0x556c340dba16]
20  /opt/conda/envs/gdf/bin/python(+0x2579b1) [0x556c341eb9b1]
21  /opt/conda/envs/gdf/bin/python(+0xe5817) [0x556c34079817]
22  /opt/conda/envs/gdf/bin/python(+0x130f83) [0x556c340c4f83]
23  /opt/conda/envs/gdf/bin/python(_PyEval_EvalFrameDefault+0x5ba6) [0x556c340c2d36]
24  /opt/conda/envs/gdf/bin/python(+0x139ef3) [0x556c340cdef3]
25  /opt/conda/envs/gdf/bin/python(_PyEval_EvalFrameDefault+0x68b) [0x556c340bd81b]
26  /opt/conda/envs/gdf/bin/python(+0x139ef3) [0x556c340cdef3]
27  /opt/conda/envs/gdf/bin/python(_PyEval_EvalFrameDefault+0x68b) [0x556c340bd81b]
28  /opt/conda/envs/gdf/bin/python(+0x139ef3) [0x556c340cdef3]
29  /opt/conda/envs/gdf/bin/python(_PyEval_EvalFrameDefault+0x68b) [0x556c340bd81b]
30  /opt/conda/envs/gdf/bin/python(+0x139ef3) [0x556c340cdef3]
31  /opt/conda/envs/gdf/bin/python(_PyEval_EvalFrameDefault+0x68b) [0x556c340bd81b]
32  /opt/conda/envs/gdf/bin/python(+0x12827a) [0x556c340bc27a]
33  /opt/conda/envs/gdf/bin/python(_PyFunction_Vectorcall+0xd5) [0x556c340cdc05]
34  /opt/conda/envs/gdf/bin/python(_PyEval_EvalFrameDefault+0x4e17) [0x556c340c1fa7]
35  /opt/conda/envs/gdf/bin/python(+0x12827a) [0x556c340bc27a]
36  /opt/conda/envs/gdf/bin/python(+0x147935) [0x556c340db935]
37  /opt/conda/envs/gdf/bin/python(PyObject_Call+0xb4) [0x556c340dc104]
38  /opt/conda/envs/gdf/bin/python(+0x20efc8) [0x556c341a2fc8]
39  /opt/conda/envs/gdf/bin/python(_PyObject_MakeTpCall+0x2fc) [0x556c340c62bc]
40  /opt/conda/envs/gdf/bin/python(_PyEval_EvalFrameDefault+0x402b) [0x556c340c11bb]
41  /opt/conda/envs/gdf/bin/python(+0x139ef3) [0x556c340cdef3]
42  /opt/conda/envs/gdf/bin/python(+0x147c72) [0x556c340dbc72]
43  /opt/conda/envs/gdf/bin/python(_PyEval_EvalFrameDefault+0x402b) [0x556c340c11bb]
44  /opt/conda/envs/gdf/bin/python(+0x139ef3) [0x556c340cdef3]
45  /opt/conda/envs/gdf/bin/python(_PyEval_EvalFrameDefault+0x68b) [0x556c340bd81b]
46  /opt/conda/envs/gdf/bin/python(+0x12827a) [0x556c340bc27a]
47  /opt/conda/envs/gdf/bin/python(_PyFunction_Vectorcall+0xd5) [0x556c340cdc05]
48  /opt/conda/envs/gdf/bin/python(_PyEval_EvalFrameDefault+0x68b) [0x556c340bd81b]
49  /opt/conda/envs/gdf/bin/python(+0x139ef3) [0x556c340cdef3]
50  /opt/conda/envs/gdf/bin/python(_PyEval_EvalFrameDefault+0x3d8) [0x556c340bd568]
51  /opt/conda/envs/gdf/bin/python(+0x12827a) [0x556c340bc27a]
52  /opt/conda/envs/gdf/bin/python(_PyFunction_Vectorcall+0xd5) [0x556c340cdc05]
53  /opt/conda/envs/gdf/bin/python(_PyEval_EvalFrameDefault+0x123b) [0x556c340be3cb]
54  /opt/conda/envs/gdf/bin/python(+0x12827a) [0x556c340bc27a]
55  /opt/conda/envs/gdf/bin/python(_PyEval_EvalCodeWithName+0x47) [0x556c340bbf07]
56  /opt/conda/envs/gdf/bin/python(PyEval_EvalCodeEx+0x39) [0x556c340bbeb9]
57  /opt/conda/envs/gdf/bin/python(PyEval_EvalCode+0x1b) [0x556c3416c8bb]
58  /opt/conda/envs/gdf/bin/python(+0x206adc) [0x556c3419aadc]
59  /opt/conda/envs/gdf/bin/python(+0x202c24) [0x556c34196c24]
60  /opt/conda/envs/gdf/bin/python(PyRun_StringFlags+0x9d) [0x556c3418e7ed]
61  /opt/conda/envs/gdf/bin/python(PyRun_SimpleStringFlags+0x3d) [0x556c3418e6bd]
=================================
2023-04-29 06:44:44,549 - distributed.worker - ERROR - Worker stream died during communication: ucx://127.0.0.1:57251
Traceback (most recent call last):
  File "/opt/conda/envs/gdf/lib/python3.9/site-packages/distributed/comm/ucx.py", line 391, in read
    await self.ep.recv(each_frame)
  File "/opt/conda/envs/gdf/lib/python3.9/site-packages/ucp/core.py", line 725, in recv
    ret = await comm.tag_recv(self._ep, buffer, nbytes, tag, name=log)
ucp._libs.exceptions.UCXError: <[Recv #012] ep: 0x7fe3144d61c0, tag: 0xf6e669ecbd322b47, nbytes: 50000000, type: <class 'rmm._lib.device_buffer.DeviceBuffer'>>: Connection reset by remote peer

During handling of the above exception, another exception occurred:

Traceback (most recent call last):
  File "/opt/conda/envs/gdf/lib/python3.9/site-packages/distributed/worker.py", line 2066, in gather_dep
    response = await get_data_from_worker(
  File "/opt/conda/envs/gdf/lib/python3.9/site-packages/distributed/worker.py", line 2892, in get_data_from_worker
    response = await send_recv(
  File "/opt/conda/envs/gdf/lib/python3.9/site-packages/distributed/core.py", line 1024, in send_recv
    response = await comm.read(deserializers=deserializers)
  File "/opt/conda/envs/gdf/lib/python3.9/site-packages/distributed/utils.py", line 752, in wrapper
    return await func(*args, **kwargs)
  File "/opt/conda/envs/gdf/lib/python3.9/site-packages/distributed/comm/ucx.py", line 397, in read
    raise CommClosedError(
distributed.comm.core.CommClosedError: Connection closed by writer.
Inner exception: UCXError("<[Recv #012] ep: 0x7fe3144d61c0, tag: 0xf6e669ecbd322b47, nbytes: 50000000, type: <class 'rmm._lib.device_buffer.DeviceBuffer'>>: Connection reset by remote peer")
2023-04-29 06:44:44,551 - distributed.worker - ERROR - failed during get data with ucx://127.0.0.1:37413 -> ucx://127.0.0.1:57251
Traceback (most recent call last):
  File "/opt/conda/envs/gdf/lib/python3.9/site-packages/distributed/comm/ucx.py", line 333, in write
    await self.ep.send(each_frame)
  File "/opt/conda/envs/gdf/lib/python3.9/site-packages/ucp/core.py", line 650, in send
    return await comm.tag_send(self._ep, buffer, nbytes, tag, name=log)
ucp._libs.exceptions.UCXError: <[Send #017] ep: 0x7fe3144d6140, tag: 0xd7210cf595eae2fe, nbytes: 50000000, type: <class 'cupy.ndarray'>>: Connection reset by remote peer

During handling of the above exception, another exception occurred:

Traceback (most recent call last):
  File "/opt/conda/envs/gdf/lib/python3.9/site-packages/distributed/worker.py", line 1792, in get_data
    compressed = await comm.write(msg, serializers=serializers)
  File "/opt/conda/envs/gdf/lib/python3.9/site-packages/distributed/utils.py", line 752, in wrapper
    return await func(*args, **kwargs)
  File "/opt/conda/envs/gdf/lib/python3.9/site-packages/distributed/comm/ucx.py", line 337, in write
    raise CommClosedError("While writing, the connection was closed")
distributed.comm.core.CommClosedError: While writing, the connection was closed
[dgx13:726  :0:726] Caught signal 11 (Segmentation fault: address not mapped to object at address 0x448)
==== backtrace (tid:    726) ====
 0  /opt/conda/envs/gdf/lib/libucs.so.0(ucs_handle_error+0x2dc) [0x7f1f1c5bdc1c]
 1  /opt/conda/envs/gdf/lib/libucs.so.0(+0x30dff) [0x7f1f1c5bddff]
 2  /opt/conda/envs/gdf/lib/libucs.so.0(+0x31134) [0x7f1f1c5be134]
 3  /usr/lib/x86_64-linux-gnu/libpthread.so.0(+0x14420) [0x7f1fada12420]
 4  /opt/conda/envs/gdf/lib/libucp.so.0(ucp_mem_type_unpack+0x18) [0x7f1f1c647aa8]
 5  /opt/conda/envs/gdf/lib/libucp.so.0(ucp_rndv_data_handler+0x508) [0x7f1f1c678b48]
 6  /opt/conda/envs/gdf/lib/libuct.so.0(+0x23427) [0x7f1f1c56e427]
 7  /opt/conda/envs/gdf/lib/libuct.so.0(+0x23a08) [0x7f1f1c56ea08]
 8  /opt/conda/envs/gdf/lib/libuct.so.0(+0x25f2c) [0x7f1f1c570f2c]
 9  /opt/conda/envs/gdf/lib/libucs.so.0(ucs_event_set_wait+0xf9) [0x7f1f1c5c8539]
10  /opt/conda/envs/gdf/lib/libuct.so.0(uct_tcp_iface_progress+0x7b) [0x7f1f1c570fdb]
11  /opt/conda/envs/gdf/lib/libucp.so.0(ucp_worker_progress+0x6a) [0x7f1f1c64428a]
12  /opt/conda/envs/gdf/lib/python3.9/site-packages/ucp/_libs/ucx_api.cpython-39-x86_64-linux-gnu.so(+0x286e1) [0x7f1f1c7026e1]
13  /opt/conda/envs/gdf/bin/python(+0x13eb08) [0x55d59be18b08]
14  /opt/conda/envs/gdf/bin/python(_PyEval_EvalFrameDefault+0x5f82) [0x55d59be09112]
15  /opt/conda/envs/gdf/bin/python(+0x12827a) [0x55d59be0227a]
16  /opt/conda/envs/gdf/bin/python(_PyFunction_Vectorcall+0xd5) [0x55d59be13c05]
17  /opt/conda/envs/gdf/bin/python(_PyEval_EvalFrameDefault+0x68b) [0x55d59be0381b]
18  /opt/conda/envs/gdf/bin/python(+0x14e70e) [0x55d59be2870e]
19  /opt/conda/envs/gdf/lib/python3.9/lib-dynload/_asyncio.cpython-39-x86_64-linux-gnu.so(+0x82fe) [0x7f1f2d2ac2fe]
20  /opt/conda/envs/gdf/bin/python(_PyObject_MakeTpCall+0x2fc) [0x55d59be0c2bc]
21  /opt/conda/envs/gdf/bin/python(+0xe5817) [0x55d59bdbf817]
22  /opt/conda/envs/gdf/bin/python(+0x130f83) [0x55d59be0af83]
23  /opt/conda/envs/gdf/bin/python(_PyEval_EvalFrameDefault+0x5ba6) [0x55d59be08d36]
24  /opt/conda/envs/gdf/bin/python(+0x139ef3) [0x55d59be13ef3]
25  /opt/conda/envs/gdf/bin/python(_PyEval_EvalFrameDefault+0x68b) [0x55d59be0381b]
26  /opt/conda/envs/gdf/bin/python(+0x139ef3) [0x55d59be13ef3]
27  /opt/conda/envs/gdf/bin/python(_PyEval_EvalFrameDefault+0x68b) [0x55d59be0381b]
28  /opt/conda/envs/gdf/bin/python(+0x139ef3) [0x55d59be13ef3]
29  /opt/conda/envs/gdf/bin/python(_PyEval_EvalFrameDefault+0x68b) [0x55d59be0381b]
30  /opt/conda/envs/gdf/bin/python(+0x139ef3) [0x55d59be13ef3]
31  /opt/conda/envs/gdf/bin/python(_PyEval_EvalFrameDefault+0x68b) [0x55d59be0381b]
32  /opt/conda/envs/gdf/bin/python(+0x12827a) [0x55d59be0227a]
33  /opt/conda/envs/gdf/bin/python(_PyFunction_Vectorcall+0xd5) [0x55d59be13c05]
34  /opt/conda/envs/gdf/bin/python(_PyEval_EvalFrameDefault+0x4e17) [0x55d59be07fa7]
35  /opt/conda/envs/gdf/bin/python(+0x12827a) [0x55d59be0227a]
36  /opt/conda/envs/gdf/bin/python(+0x147935) [0x55d59be21935]
37  /opt/conda/envs/gdf/bin/python(PyObject_Call+0xb4) [0x55d59be22104]
38  /opt/conda/envs/gdf/bin/python(+0x20efc8) [0x55d59bee8fc8]
39  /opt/conda/envs/gdf/bin/python(_PyObject_MakeTpCall+0x2fc) [0x55d59be0c2bc]
40  /opt/conda/envs/gdf/bin/python(_PyEval_EvalFrameDefault+0x402b) [0x55d59be071bb]
41  /opt/conda/envs/gdf/bin/python(+0x139ef3) [0x55d59be13ef3]
42  /opt/conda/envs/gdf/bin/python(+0x147c72) [0x55d59be21c72]
43  /opt/conda/envs/gdf/bin/python(_PyEval_EvalFrameDefault+0x402b) [0x55d59be071bb]
44  /opt/conda/envs/gdf/bin/python(+0x139ef3) [0x55d59be13ef3]
45  /opt/conda/envs/gdf/bin/python(_PyEval_EvalFrameDefault+0x68b) [0x55d59be0381b]
46  /opt/conda/envs/gdf/bin/python(+0x12827a) [0x55d59be0227a]
47  /opt/conda/envs/gdf/bin/python(_PyFunction_Vectorcall+0xd5) [0x55d59be13c05]
48  /opt/conda/envs/gdf/bin/python(_PyEval_EvalFrameDefault+0x68b) [0x55d59be0381b]
49  /opt/conda/envs/gdf/bin/python(+0x139ef3) [0x55d59be13ef3]
50  /opt/conda/envs/gdf/bin/python(_PyEval_EvalFrameDefault+0x3d8) [0x55d59be03568]
51  /opt/conda/envs/gdf/bin/python(+0x12827a) [0x55d59be0227a]
52  /opt/conda/envs/gdf/bin/python(_PyFunction_Vectorcall+0xd5) [0x55d59be13c05]
53  /opt/conda/envs/gdf/bin/python(_PyEval_EvalFrameDefault+0x123b) [0x55d59be043cb]
54  /opt/conda/envs/gdf/bin/python(+0x12827a) [0x55d59be0227a]
55  /opt/conda/envs/gdf/bin/python(_PyEval_EvalCodeWithName+0x47) [0x55d59be01f07]
56  /opt/conda/envs/gdf/bin/python(PyEval_EvalCodeEx+0x39) [0x55d59be01eb9]
57  /opt/conda/envs/gdf/bin/python(PyEval_EvalCode+0x1b) [0x55d59beb28bb]
58  /opt/conda/envs/gdf/bin/python(+0x206adc) [0x55d59bee0adc]
59  /opt/conda/envs/gdf/bin/python(+0x202c24) [0x55d59bedcc24]
60  /opt/conda/envs/gdf/bin/python(PyRun_StringFlags+0x9d) [0x55d59bed47ed]
61  /opt/conda/envs/gdf/bin/python(PyRun_SimpleStringFlags+0x3d) [0x55d59bed46bd]
=================================
2023-04-29 06:44:44,586 - distributed.worker - ERROR - failed during get data with ucx://127.0.0.1:37413 -> ucx://127.0.0.1:43237
Traceback (most recent call last):
  File "/opt/conda/envs/gdf/lib/python3.9/site-packages/distributed/comm/ucx.py", line 333, in write
    await self.ep.send(each_frame)
  File "/opt/conda/envs/gdf/lib/python3.9/site-packages/ucp/core.py", line 650, in send
    return await comm.tag_send(self._ep, buffer, nbytes, tag, name=log)
ucp._libs.exceptions.UCXError: <[Send #007] ep: 0x7fe3144d6280, tag: 0xc97ddf8a6b5d075, nbytes: 50000000, type: <class 'cupy.ndarray'>>: Connection reset by remote peer

During handling of the above exception, another exception occurred:

Traceback (most recent call last):
  File "/opt/conda/envs/gdf/lib/python3.9/site-packages/distributed/worker.py", line 1792, in get_data
    compressed = await comm.write(msg, serializers=serializers)
  File "/opt/conda/envs/gdf/lib/python3.9/site-packages/distributed/utils.py", line 752, in wrapper
    return await func(*args, **kwargs)
  File "/opt/conda/envs/gdf/lib/python3.9/site-packages/distributed/comm/ucx.py", line 337, in write
    raise CommClosedError("While writing, the connection was closed")
distributed.comm.core.CommClosedError: While writing, the connection was closed
2023-04-29 06:44:44,589 - distributed.worker - ERROR - failed during get data with ucx://127.0.0.1:37413 -> ucx://127.0.0.1:58983
Traceback (most recent call last):
  File "/opt/conda/envs/gdf/lib/python3.9/site-packages/distributed/comm/ucx.py", line 333, in write
    await self.ep.send(each_frame)
  File "/opt/conda/envs/gdf/lib/python3.9/site-packages/ucp/core.py", line 650, in send
    return await comm.tag_send(self._ep, buffer, nbytes, tag, name=log)
ucp._libs.exceptions.UCXError: <[Send #007] ep: 0x7fe3144d62c0, tag: 0x24d84eaaed49a8d8, nbytes: 50000000, type: <class 'cupy.ndarray'>>: Connection reset by remote peer

During handling of the above exception, another exception occurred:

Traceback (most recent call last):
  File "/opt/conda/envs/gdf/lib/python3.9/site-packages/distributed/worker.py", line 1792, in get_data
    compressed = await comm.write(msg, serializers=serializers)
  File "/opt/conda/envs/gdf/lib/python3.9/site-packages/distributed/utils.py", line 752, in wrapper
    return await func(*args, **kwargs)
  File "/opt/conda/envs/gdf/lib/python3.9/site-packages/distributed/comm/ucx.py", line 337, in write
    raise CommClosedError("While writing, the connection was closed")
distributed.comm.core.CommClosedError: While writing, the connection was closed
2023-04-29 06:44:44,617 - distributed.nanny - WARNING - Restarting worker
2023-04-29 06:44:44,617 - distributed.worker - ERROR - Worker stream died during communication: ucx://127.0.0.1:58983
Traceback (most recent call last):
  File "/opt/conda/envs/gdf/lib/python3.9/site-packages/distributed/comm/ucx.py", line 466, in connect
    ep = await ucp.create_endpoint(ip, port)
  File "/opt/conda/envs/gdf/lib/python3.9/site-packages/ucp/core.py", line 1004, in create_endpoint
    return await _get_ctx().create_endpoint(
  File "/opt/conda/envs/gdf/lib/python3.9/site-packages/ucp/core.py", line 316, in create_endpoint
    peer_info = await exchange_peer_info(
  File "/opt/conda/envs/gdf/lib/python3.9/site-packages/ucp/core.py", line 54, in exchange_peer_info
    await comm.stream_recv(endpoint, peer_info_arr, peer_info_arr.nbytes)
ucp._libs.exceptions.UCXNotConnected: <stream_recv>: 

During handling of the above exception, another exception occurred:

Traceback (most recent call last):
  File "/opt/conda/envs/gdf/lib/python3.9/site-packages/distributed/comm/core.py", line 292, in connect
    comm = await wait_for(
  File "/opt/conda/envs/gdf/lib/python3.9/site-packages/distributed/utils.py", line 1849, in wait_for
    return await asyncio.wait_for(fut, timeout)
  File "/opt/conda/envs/gdf/lib/python3.9/asyncio/tasks.py", line 479, in wait_for
    return fut.result()
  File "/opt/conda/envs/gdf/lib/python3.9/site-packages/distributed/comm/ucx.py", line 468, in connect
    raise CommClosedError("Connection closed before handshake completed")
distributed.comm.core.CommClosedError: Connection closed before handshake completed

During handling of the above exception, another exception occurred:

Traceback (most recent call last):
  File "/opt/conda/envs/gdf/lib/python3.9/site-packages/distributed/core.py", line 1427, in _connect
    comm = await connect(
  File "/opt/conda/envs/gdf/lib/python3.9/site-packages/distributed/comm/core.py", line 316, in connect
    await asyncio.sleep(backoff)
  File "/opt/conda/envs/gdf/lib/python3.9/asyncio/tasks.py", line 652, in sleep
    return await future
asyncio.exceptions.CancelledError

During handling of the above exception, another exception occurred:

Traceback (most recent call last):
  File "/opt/conda/envs/gdf/lib/python3.9/site-packages/distributed/worker.py", line 2066, in gather_dep
    response = await get_data_from_worker(
  File "/opt/conda/envs/gdf/lib/python3.9/site-packages/distributed/worker.py", line 2889, in get_data_from_worker
    comm = await rpc.connect(worker)
  File "/opt/conda/envs/gdf/lib/python3.9/site-packages/distributed/core.py", line 1506, in connect
    return await connect_attempt
  File "/opt/conda/envs/gdf/lib/python3.9/site-packages/distributed/core.py", line 1450, in _connect
    raise CommClosedError(reason)
distributed.comm.core.CommClosedError: Address removed.
2023-04-29 06:44:44,656 - distributed.nanny - WARNING - Restarting worker
2023-04-29 06:44:44,686 - distributed.nanny - WARNING - Restarting worker
2023-04-29 06:44:44,730 - distributed.worker - ERROR - failed during get data with ucx://127.0.0.1:36477 -> ucx://127.0.0.1:51903
Traceback (most recent call last):
  File "/opt/conda/envs/gdf/lib/python3.9/site-packages/distributed/comm/ucx.py", line 333, in write
    await self.ep.send(each_frame)
  File "/opt/conda/envs/gdf/lib/python3.9/site-packages/ucp/core.py", line 650, in send
    return await comm.tag_send(self._ep, buffer, nbytes, tag, name=log)
ucp._libs.exceptions.UCXError: <[Send #007] ep: 0x7f68902901c0, tag: 0x3214ed7f0cc31716, nbytes: 50000000, type: <class 'cupy.ndarray'>>: Connection reset by remote peer

During handling of the above exception, another exception occurred:

Traceback (most recent call last):
  File "/opt/conda/envs/gdf/lib/python3.9/site-packages/distributed/worker.py", line 1792, in get_data
    compressed = await comm.write(msg, serializers=serializers)
  File "/opt/conda/envs/gdf/lib/python3.9/site-packages/distributed/utils.py", line 752, in wrapper
    return await func(*args, **kwargs)
  File "/opt/conda/envs/gdf/lib/python3.9/site-packages/distributed/comm/ucx.py", line 337, in write
    raise CommClosedError("While writing, the connection was closed")
distributed.comm.core.CommClosedError: While writing, the connection was closed
2023-04-29 06:44:44,730 - distributed.worker - ERROR - failed during get data with ucx://127.0.0.1:37413 -> ucx://127.0.0.1:51903
Traceback (most recent call last):
  File "/opt/conda/envs/gdf/lib/python3.9/site-packages/distributed/comm/ucx.py", line 349, in read
    await self.ep.recv(msg)
  File "/opt/conda/envs/gdf/lib/python3.9/site-packages/ucp/core.py", line 725, in recv
    ret = await comm.tag_recv(self._ep, buffer, nbytes, tag, name=log)
ucp._libs.exceptions.UCXCanceled: <[Recv #030] ep: 0x7fe3144d6100, tag: 0x8e981f53b04b70f0, nbytes: 16, type: <class 'numpy.ndarray'>>: 

During handling of the above exception, another exception occurred:

Traceback (most recent call last):
  File "/opt/conda/envs/gdf/lib/python3.9/site-packages/distributed/worker.py", line 1793, in get_data
    response = await comm.read(deserializers=serializers)
  File "/opt/conda/envs/gdf/lib/python3.9/site-packages/distributed/utils.py", line 752, in wrapper
    return await func(*args, **kwargs)
  File "/opt/conda/envs/gdf/lib/python3.9/site-packages/distributed/comm/ucx.py", line 367, in read
    raise CommClosedError(
distributed.comm.core.CommClosedError: Connection closed by writer.
Inner exception: UCXCanceled("<[Recv #030] ep: 0x7fe3144d6100, tag: 0x8e981f53b04b70f0, nbytes: 16, type: <class 'numpy.ndarray'>>: ")
2023-04-29 06:44:44,730 - distributed.worker - ERROR - Worker stream died during communication: ucx://127.0.0.1:51903
Traceback (most recent call last):
  File "/opt/conda/envs/gdf/lib/python3.9/site-packages/distributed/comm/ucx.py", line 391, in read
    await self.ep.recv(each_frame)
  File "/opt/conda/envs/gdf/lib/python3.9/site-packages/ucp/core.py", line 725, in recv
    ret = await comm.tag_recv(self._ep, buffer, nbytes, tag, name=log)
ucp._libs.exceptions.UCXError: <[Recv #007] ep: 0x7f6890290140, tag: 0xe1d6dc27ec8cb046, nbytes: 50000000, type: <class 'rmm._lib.device_buffer.DeviceBuffer'>>: Connection reset by remote peer

During handling of the above exception, another exception occurred:

Traceback (most recent call last):
  File "/opt/conda/envs/gdf/lib/python3.9/site-packages/distributed/worker.py", line 2066, in gather_dep
    response = await get_data_from_worker(
  File "/opt/conda/envs/gdf/lib/python3.9/site-packages/distributed/worker.py", line 2892, in get_data_from_worker
    response = await send_recv(
  File "/opt/conda/envs/gdf/lib/python3.9/site-packages/distributed/core.py", line 1024, in send_recv
    response = await comm.read(deserializers=deserializers)
  File "/opt/conda/envs/gdf/lib/python3.9/site-packages/distributed/utils.py", line 752, in wrapper
    return await func(*args, **kwargs)
  File "/opt/conda/envs/gdf/lib/python3.9/site-packages/distributed/comm/ucx.py", line 397, in read
    raise CommClosedError(
distributed.comm.core.CommClosedError: Connection closed by writer.
Inner exception: UCXError("<[Recv #007] ep: 0x7f6890290140, tag: 0xe1d6dc27ec8cb046, nbytes: 50000000, type: <class 'rmm._lib.device_buffer.DeviceBuffer'>>: Connection reset by remote peer")
2023-04-29 06:44:44,731 - distributed.worker - ERROR - Worker stream died during communication: ucx://127.0.0.1:51903
Traceback (most recent call last):
  File "/opt/conda/envs/gdf/lib/python3.9/site-packages/distributed/comm/ucx.py", line 349, in read
    await self.ep.recv(msg)
  File "/opt/conda/envs/gdf/lib/python3.9/site-packages/ucp/core.py", line 725, in recv
    ret = await comm.tag_recv(self._ep, buffer, nbytes, tag, name=log)
ucp._libs.exceptions.UCXCanceled: <[Recv #037] ep: 0x7fe3144d60c0, tag: 0xc56229dda32efdeb, nbytes: 16, type: <class 'numpy.ndarray'>>: 

During handling of the above exception, another exception occurred:

Traceback (most recent call last):
  File "/opt/conda/envs/gdf/lib/python3.9/site-packages/distributed/worker.py", line 2066, in gather_dep
    response = await get_data_from_worker(
  File "/opt/conda/envs/gdf/lib/python3.9/site-packages/distributed/worker.py", line 2892, in get_data_from_worker
    response = await send_recv(
  File "/opt/conda/envs/gdf/lib/python3.9/site-packages/distributed/core.py", line 1024, in send_recv
    response = await comm.read(deserializers=deserializers)
  File "/opt/conda/envs/gdf/lib/python3.9/site-packages/distributed/utils.py", line 752, in wrapper
    return await func(*args, **kwargs)
  File "/opt/conda/envs/gdf/lib/python3.9/site-packages/distributed/comm/ucx.py", line 367, in read
    raise CommClosedError(
distributed.comm.core.CommClosedError: Connection closed by writer.
Inner exception: UCXCanceled("<[Recv #037] ep: 0x7fe3144d60c0, tag: 0xc56229dda32efdeb, nbytes: 16, type: <class 'numpy.ndarray'>>: ")
2023-04-29 06:44:44,834 - distributed.nanny - WARNING - Restarting worker
2023-04-29 06:44:44,944 - distributed.preloading - INFO - Creating preload: dask_cuda.initialize
2023-04-29 06:44:44,944 - distributed.preloading - INFO - Import preload module: dask_cuda.initialize
2023-04-29 06:44:45,358 - distributed.preloading - INFO - Creating preload: dask_cuda.initialize
2023-04-29 06:44:45,358 - distributed.preloading - INFO - Import preload module: dask_cuda.initialize
2023-04-29 06:44:46,186 - distributed.preloading - INFO - Creating preload: dask_cuda.initialize
2023-04-29 06:44:46,186 - distributed.preloading - INFO - Import preload module: dask_cuda.initialize
2023-04-29 06:44:46,209 - distributed.preloading - INFO - Creating preload: dask_cuda.initialize
2023-04-29 06:44:46,209 - distributed.preloading - INFO - Import preload module: dask_cuda.initialize
2023-04-29 06:44:46,315 - distributed.preloading - INFO - Creating preload: dask_cuda.initialize
2023-04-29 06:44:46,316 - distributed.preloading - INFO - Import preload module: dask_cuda.initialize
2023-04-29 06:44:46,357 - distributed.preloading - INFO - Creating preload: dask_cuda.initialize
2023-04-29 06:44:46,358 - distributed.preloading - INFO - Import preload module: dask_cuda.initialize
/opt/conda/envs/gdf/lib/python3.9/multiprocessing/resource_tracker.py:216: UserWarning: resource_tracker: There appear to be 48 leaked semaphore objects to clean up at shutdown
  warnings.warn('resource_tracker: There appear to be %d '
