2023-06-06 05:54:40,125 - distributed.preloading - INFO - Creating preload: dask_cuda.initialize
2023-06-06 05:54:40,125 - distributed.preloading - INFO - Import preload module: dask_cuda.initialize
2023-06-06 05:54:40,230 - distributed.preloading - INFO - Creating preload: dask_cuda.initialize
2023-06-06 05:54:40,230 - distributed.preloading - INFO - Import preload module: dask_cuda.initialize
2023-06-06 05:54:40,230 - distributed.preloading - INFO - Creating preload: dask_cuda.initialize
2023-06-06 05:54:40,230 - distributed.preloading - INFO - Import preload module: dask_cuda.initialize
2023-06-06 05:54:40,235 - distributed.preloading - INFO - Creating preload: dask_cuda.initialize
2023-06-06 05:54:40,235 - distributed.preloading - INFO - Import preload module: dask_cuda.initialize
2023-06-06 05:54:40,275 - distributed.preloading - INFO - Creating preload: dask_cuda.initialize
2023-06-06 05:54:40,275 - distributed.preloading - INFO - Import preload module: dask_cuda.initialize
2023-06-06 05:54:40,291 - distributed.preloading - INFO - Creating preload: dask_cuda.initialize
2023-06-06 05:54:40,292 - distributed.preloading - INFO - Import preload module: dask_cuda.initialize
2023-06-06 05:54:40,300 - distributed.preloading - INFO - Creating preload: dask_cuda.initialize
2023-06-06 05:54:40,300 - distributed.preloading - INFO - Import preload module: dask_cuda.initialize
2023-06-06 05:54:40,304 - distributed.preloading - INFO - Creating preload: dask_cuda.initialize
2023-06-06 05:54:40,304 - distributed.preloading - INFO - Import preload module: dask_cuda.initialize
[dgx13:76726:0:76726] Caught signal 11 (Segmentation fault: address not mapped to object at address 0x448)
==== backtrace (tid:  76726) ====
 0  /opt/conda/envs/gdf/lib/libucs.so.0(ucs_handle_error+0x2fd) [0x7fbf78bad80d]
 1  /opt/conda/envs/gdf/lib/libucs.so.0(+0x28a04) [0x7fbf78bada04]
 2  /opt/conda/envs/gdf/lib/libucs.so.0(+0x28bca) [0x7fbf78badbca]
 3  /usr/lib/x86_64-linux-gnu/libpthread.so.0(+0x14420) [0x7fc0193b3420]
 4  /opt/conda/envs/gdf/lib/libucp.so.0(ucp_mem_type_unpack+0x17) [0x7fbf78c1f987]
 5  /opt/conda/envs/gdf/lib/libucp.so.0(ucp_rndv_data_handler+0x4e9) [0x7fbf78c3e549]
 6  /opt/conda/envs/gdf/lib/libuct.so.0(+0x1e9bf) [0x7fbf78b6a9bf]
 7  /opt/conda/envs/gdf/lib/libuct.so.0(+0x21be8) [0x7fbf78b6dbe8]
 8  /opt/conda/envs/gdf/lib/libucs.so.0(ucs_event_set_wait+0xb9) [0x7fbf78bb5df9]
 9  /opt/conda/envs/gdf/lib/libuct.so.0(uct_tcp_iface_progress+0x7d) [0x7fbf78b6cbad]
10  /opt/conda/envs/gdf/lib/libucp.so.0(ucp_worker_progress+0x5a) [0x7fbf78c1d36a]
11  /opt/conda/envs/gdf/lib/python3.9/site-packages/ucp/_libs/ucx_api.cpython-39-x86_64-linux-gnu.so(+0x2b17a) [0x7fbf8c03a17a]
12  /opt/conda/envs/gdf/bin/python(+0x13eb08) [0x55992bd9db08]
13  /opt/conda/envs/gdf/bin/python(_PyEval_EvalFrameDefault+0x5f82) [0x55992bd8e112]
14  /opt/conda/envs/gdf/bin/python(+0x12827a) [0x55992bd8727a]
15  /opt/conda/envs/gdf/bin/python(_PyFunction_Vectorcall+0xd5) [0x55992bd98c05]
16  /opt/conda/envs/gdf/bin/python(_PyEval_EvalFrameDefault+0x68b) [0x55992bd8881b]
17  /opt/conda/envs/gdf/bin/python(+0x139ef3) [0x55992bd98ef3]
18  /opt/conda/envs/gdf/bin/python(+0x147a16) [0x55992bda6a16]
19  /opt/conda/envs/gdf/bin/python(+0x2579b1) [0x55992beb69b1]
20  /opt/conda/envs/gdf/bin/python(+0xe5817) [0x55992bd44817]
21  /opt/conda/envs/gdf/bin/python(+0x130f83) [0x55992bd8ff83]
22  /opt/conda/envs/gdf/bin/python(_PyEval_EvalFrameDefault+0x5ba6) [0x55992bd8dd36]
23  /opt/conda/envs/gdf/bin/python(+0x139ef3) [0x55992bd98ef3]
24  /opt/conda/envs/gdf/bin/python(_PyEval_EvalFrameDefault+0x68b) [0x55992bd8881b]
25  /opt/conda/envs/gdf/bin/python(+0x139ef3) [0x55992bd98ef3]
26  /opt/conda/envs/gdf/bin/python(_PyEval_EvalFrameDefault+0x68b) [0x55992bd8881b]
27  /opt/conda/envs/gdf/bin/python(+0x139ef3) [0x55992bd98ef3]
28  /opt/conda/envs/gdf/bin/python(_PyEval_EvalFrameDefault+0x68b) [0x55992bd8881b]
29  /opt/conda/envs/gdf/bin/python(+0x139ef3) [0x55992bd98ef3]
30  /opt/conda/envs/gdf/bin/python(_PyEval_EvalFrameDefault+0x68b) [0x55992bd8881b]
31  /opt/conda/envs/gdf/bin/python(+0x12827a) [0x55992bd8727a]
32  /opt/conda/envs/gdf/bin/python(_PyFunction_Vectorcall+0xd5) [0x55992bd98c05]
33  /opt/conda/envs/gdf/bin/python(_PyEval_EvalFrameDefault+0x4e17) [0x55992bd8cfa7]
34  /opt/conda/envs/gdf/bin/python(+0x12827a) [0x55992bd8727a]
35  /opt/conda/envs/gdf/bin/python(+0x147935) [0x55992bda6935]
36  /opt/conda/envs/gdf/bin/python(PyObject_Call+0xb4) [0x55992bda7104]
37  /opt/conda/envs/gdf/bin/python(+0x20efc8) [0x55992be6dfc8]
38  /opt/conda/envs/gdf/bin/python(_PyObject_MakeTpCall+0x2fc) [0x55992bd912bc]
39  /opt/conda/envs/gdf/bin/python(_PyEval_EvalFrameDefault+0x402b) [0x55992bd8c1bb]
40  /opt/conda/envs/gdf/bin/python(+0x139ef3) [0x55992bd98ef3]
41  /opt/conda/envs/gdf/bin/python(+0x147c72) [0x55992bda6c72]
42  /opt/conda/envs/gdf/bin/python(_PyEval_EvalFrameDefault+0x402b) [0x55992bd8c1bb]
43  /opt/conda/envs/gdf/bin/python(+0x139ef3) [0x55992bd98ef3]
44  /opt/conda/envs/gdf/bin/python(_PyEval_EvalFrameDefault+0x68b) [0x55992bd8881b]
45  /opt/conda/envs/gdf/bin/python(+0x12827a) [0x55992bd8727a]
46  /opt/conda/envs/gdf/bin/python(_PyFunction_Vectorcall+0xd5) [0x55992bd98c05]
47  /opt/conda/envs/gdf/bin/python(_PyEval_EvalFrameDefault+0x68b) [0x55992bd8881b]
48  /opt/conda/envs/gdf/bin/python(+0x139ef3) [0x55992bd98ef3]
49  /opt/conda/envs/gdf/bin/python(_PyEval_EvalFrameDefault+0x3d8) [0x55992bd88568]
50  /opt/conda/envs/gdf/bin/python(+0x12827a) [0x55992bd8727a]
51  /opt/conda/envs/gdf/bin/python(_PyFunction_Vectorcall+0xd5) [0x55992bd98c05]
52  /opt/conda/envs/gdf/bin/python(_PyEval_EvalFrameDefault+0x123b) [0x55992bd893cb]
53  /opt/conda/envs/gdf/bin/python(+0x12827a) [0x55992bd8727a]
54  /opt/conda/envs/gdf/bin/python(_PyEval_EvalCodeWithName+0x47) [0x55992bd86f07]
55  /opt/conda/envs/gdf/bin/python(PyEval_EvalCodeEx+0x39) [0x55992bd86eb9]
56  /opt/conda/envs/gdf/bin/python(PyEval_EvalCode+0x1b) [0x55992be378bb]
57  /opt/conda/envs/gdf/bin/python(+0x206adc) [0x55992be65adc]
58  /opt/conda/envs/gdf/bin/python(+0x202c24) [0x55992be61c24]
59  /opt/conda/envs/gdf/bin/python(PyRun_StringFlags+0x9d) [0x55992be597ed]
60  /opt/conda/envs/gdf/bin/python(PyRun_SimpleStringFlags+0x3d) [0x55992be596bd]
61  /opt/conda/envs/gdf/bin/python(Py_RunMain+0x262) [0x55992be588a2]
=================================
[dgx13:76734:0:76734] Caught signal 11 (Segmentation fault: address not mapped to object at address 0x448)
[dgx13:76731:0:76731] Caught signal 11 (Segmentation fault: address not mapped to object at address 0x448)
==== backtrace (tid:  76734) ====
 0  /opt/conda/envs/gdf/lib/libucs.so.0(ucs_handle_error+0x2fd) [0x7f8910f2680d]
 1  /opt/conda/envs/gdf/lib/libucs.so.0(+0x28a04) [0x7f8910f26a04]
 2  /opt/conda/envs/gdf/lib/libucs.so.0(+0x28bca) [0x7f8910f26bca]
 3  /usr/lib/x86_64-linux-gnu/libpthread.so.0(+0x14420) [0x7f89a3725420]
 4  /opt/conda/envs/gdf/lib/libucp.so.0(ucp_mem_type_unpack+0x17) [0x7f8910f98987]
 5  /opt/conda/envs/gdf/lib/libucp.so.0(ucp_rndv_data_handler+0x4e9) [0x7f8910fb7549]
 6  /opt/conda/envs/gdf/lib/libuct.so.0(+0x1e9bf) [0x7f8910ee39bf]
 7  /opt/conda/envs/gdf/lib/libuct.so.0(+0x21be8) [0x7f8910ee6be8]
 8  /opt/conda/envs/gdf/lib/libucs.so.0(ucs_event_set_wait+0xb9) [0x7f8910f2edf9]
 9  /opt/conda/envs/gdf/lib/libuct.so.0(uct_tcp_iface_progress+0x7d) [0x7f8910ee5bad]
10  /opt/conda/envs/gdf/lib/libucp.so.0(ucp_worker_progress+0x5a) [0x7f8910f9636a]
11  /opt/conda/envs/gdf/lib/python3.9/site-packages/ucp/_libs/ucx_api.cpython-39-x86_64-linux-gnu.so(+0x2b17a) [0x7f891103517a]
12  /opt/conda/envs/gdf/bin/python(+0x13eb08) [0x5645d9f25b08]
13  /opt/conda/envs/gdf/bin/python(_PyEval_EvalFrameDefault+0x5f82) [0x5645d9f16112]
14  /opt/conda/envs/gdf/bin/python(+0x12827a) [0x5645d9f0f27a]
15  /opt/conda/envs/gdf/bin/python(_PyFunction_Vectorcall+0xd5) [0x5645d9f20c05]
16  /opt/conda/envs/gdf/bin/python(_PyEval_EvalFrameDefault+0x68b) [0x5645d9f1081b]
17  /opt/conda/envs/gdf/bin/python(+0x139ef3) [0x5645d9f20ef3]
18  /opt/conda/envs/gdf/bin/python(+0x147a16) [0x5645d9f2ea16]
19  /opt/conda/envs/gdf/bin/python(+0x2579b1) [0x5645da03e9b1]
20  /opt/conda/envs/gdf/bin/python(+0xe5817) [0x5645d9ecc817]
21  /opt/conda/envs/gdf/bin/python(+0x130f83) [0x5645d9f17f83]
22  /opt/conda/envs/gdf/bin/python(_PyEval_EvalFrameDefault+0x5ba6) [0x5645d9f15d36]
23  /opt/conda/envs/gdf/bin/python(+0x139ef3) [0x5645d9f20ef3]
24  /opt/conda/envs/gdf/bin/python(_PyEval_EvalFrameDefault+0x68b) [0x5645d9f1081b]
25  /opt/conda/envs/gdf/bin/python(+0x139ef3) [0x5645d9f20ef3]
26  /opt/conda/envs/gdf/bin/python(_PyEval_EvalFrameDefault+0x68b) [0x5645d9f1081b]
27  /opt/conda/envs/gdf/bin/python(+0x139ef3) [0x5645d9f20ef3]
28  /opt/conda/envs/gdf/bin/python(_PyEval_EvalFrameDefault+0x68b) [0x5645d9f1081b]
29  /opt/conda/envs/gdf/bin/python(+0x139ef3) [0x5645d9f20ef3]
30  /opt/conda/envs/gdf/bin/python(_PyEval_EvalFrameDefault+0x68b) [0x5645d9f1081b]
31  /opt/conda/envs/gdf/bin/python(+0x12827a) [0x5645d9f0f27a]
32  /opt/conda/envs/gdf/bin/python(_PyFunction_Vectorcall+0xd5) [0x5645d9f20c05]
33  /opt/conda/envs/gdf/bin/python(_PyEval_EvalFrameDefault+0x4e17) [0x5645d9f14fa7]
34  /opt/conda/envs/gdf/bin/python(+0x12827a) [0x5645d9f0f27a]
35  /opt/conda/envs/gdf/bin/python(+0x147935) [0x5645d9f2e935]
36  /opt/conda/envs/gdf/bin/python(PyObject_Call+0xb4) [0x5645d9f2f104]
37  /opt/conda/envs/gdf/bin/python(+0x20efc8) [0x5645d9ff5fc8]
38  /opt/conda/envs/gdf/bin/python(_PyObject_MakeTpCall+0x2fc) [0x5645d9f192bc]
39  /opt/conda/envs/gdf/bin/python(_PyEval_EvalFrameDefault+0x402b) [0x5645d9f141bb]
40  /opt/conda/envs/gdf/bin/python(+0x139ef3) [0x5645d9f20ef3]
41  /opt/conda/envs/gdf/bin/python(+0x147c72) [0x5645d9f2ec72]
42  /opt/conda/envs/gdf/bin/python(_PyEval_EvalFrameDefault+0x402b) [0x5645d9f141bb]
43  /opt/conda/envs/gdf/bin/python(+0x139ef3) [0x5645d9f20ef3]
44  /opt/conda/envs/gdf/bin/python(_PyEval_EvalFrameDefault+0x68b) [0x5645d9f1081b]
45  /opt/conda/envs/gdf/bin/python(+0x12827a) [0x5645d9f0f27a]
46  /opt/conda/envs/gdf/bin/python(_PyFunction_Vectorcall+0xd5) [0x5645d9f20c05]
47  /opt/conda/envs/gdf/bin/python(_PyEval_EvalFrameDefault+0x68b) [0x5645d9f1081b]
48  /opt/conda/envs/gdf/bin/python(+0x139ef3) [0x5645d9f20ef3]
49  /opt/conda/envs/gdf/bin/python(_PyEval_EvalFrameDefault+0x3d8) [0x5645d9f10568]
50  /opt/conda/envs/gdf/bin/python(+0x12827a) [0x5645d9f0f27a]
51  /opt/conda/envs/gdf/bin/python(_PyFunction_Vectorcall+0xd5) [0x5645d9f20c05]
52  /opt/conda/envs/gdf/bin/python(_PyEval_EvalFrameDefault+0x123b) [0x5645d9f113cb]
53  /opt/conda/envs/gdf/bin/python(+0x12827a) [0x5645d9f0f27a]
54  /opt/conda/envs/gdf/bin/python(_PyEval_EvalCodeWithName+0x47) [0x5645d9f0ef07]
55  /opt/conda/envs/gdf/bin/python(PyEval_EvalCodeEx+0x39) [0x5645d9f0eeb9]
56  /opt/conda/envs/gdf/bin/python(PyEval_EvalCode+0x1b) [0x5645d9fbf8bb]
57  /opt/conda/envs/gdf/bin/python(+0x206adc) [0x5645d9fedadc]
58  /opt/conda/envs/gdf/bin/python(+0x202c24) [0x5645d9fe9c24]
59  /opt/conda/envs/gdf/bin/python(PyRun_StringFlags+0x9d) [0x5645d9fe17ed]
60  /opt/conda/envs/gdf/bin/python(PyRun_SimpleStringFlags+0x3d) [0x5645d9fe16bd]
61  /opt/conda/envs/gdf/bin/python(Py_RunMain+0x262) [0x5645d9fe08a2]
=================================
==== backtrace (tid:  76731) ====
 0  /opt/conda/envs/gdf/lib/libucs.so.0(ucs_handle_error+0x2fd) [0x7f05f56b380d]
 1  /opt/conda/envs/gdf/lib/libucs.so.0(+0x28a04) [0x7f05f56b3a04]
 2  /opt/conda/envs/gdf/lib/libucs.so.0(+0x28bca) [0x7f05f56b3bca]
 3  /usr/lib/x86_64-linux-gnu/libpthread.so.0(+0x14420) [0x7f0699ea3420]
 4  /opt/conda/envs/gdf/lib/libucp.so.0(ucp_mem_type_unpack+0x17) [0x7f05f5725987]
 5  /opt/conda/envs/gdf/lib/libucp.so.0(ucp_rndv_data_handler+0x4e9) [0x7f05f5744549]
 6  /opt/conda/envs/gdf/lib/libuct.so.0(+0x1e9bf) [0x7f05f56709bf]
 7  /opt/conda/envs/gdf/lib/libuct.so.0(+0x21be8) [0x7f05f5673be8]
 8  /opt/conda/envs/gdf/lib/libucs.so.0(ucs_event_set_wait+0xb9) [0x7f05f56bbdf9]
 9  /opt/conda/envs/gdf/lib/libuct.so.0(uct_tcp_iface_progress+0x7d) [0x7f05f5672bad]
10  /opt/conda/envs/gdf/lib/libucp.so.0(ucp_worker_progress+0x5a) [0x7f05f572336a]
11  /opt/conda/envs/gdf/lib/python3.9/site-packages/ucp/_libs/ucx_api.cpython-39-x86_64-linux-gnu.so(+0x2b17a) [0x7f05f57c217a]
12  /opt/conda/envs/gdf/bin/python(+0x13eb08) [0x55d76f097b08]
13  /opt/conda/envs/gdf/bin/python(_PyEval_EvalFrameDefault+0x5f82) [0x55d76f088112]
14  /opt/conda/envs/gdf/bin/python(+0x12827a) [0x55d76f08127a]
15  /opt/conda/envs/gdf/bin/python(_PyFunction_Vectorcall+0xd5) [0x55d76f092c05]
16  /opt/conda/envs/gdf/bin/python(_PyEval_EvalFrameDefault+0x68b) [0x55d76f08281b]
17  /opt/conda/envs/gdf/bin/python(+0x14e70e) [0x55d76f0a770e]
18  /opt/conda/envs/gdf/lib/python3.9/lib-dynload/_asyncio.cpython-39-x86_64-linux-gnu.so(+0x82fe) [0x7f0619a352fe]
19  /opt/conda/envs/gdf/bin/python(_PyObject_MakeTpCall+0x2fc) [0x55d76f08b2bc]
20  /opt/conda/envs/gdf/bin/python(+0xe5817) [0x55d76f03e817]
21  /opt/conda/envs/gdf/bin/python(+0x130f83) [0x55d76f089f83]
22  /opt/conda/envs/gdf/bin/python(_PyEval_EvalFrameDefault+0x5ba6) [0x55d76f087d36]
23  /opt/conda/envs/gdf/bin/python(+0x139ef3) [0x55d76f092ef3]
24  /opt/conda/envs/gdf/bin/python(_PyEval_EvalFrameDefault+0x68b) [0x55d76f08281b]
25  /opt/conda/envs/gdf/bin/python(+0x139ef3) [0x55d76f092ef3]
26  /opt/conda/envs/gdf/bin/python(_PyEval_EvalFrameDefault+0x68b) [0x55d76f08281b]
27  /opt/conda/envs/gdf/bin/python(+0x139ef3) [0x55d76f092ef3]
28  /opt/conda/envs/gdf/bin/python(_PyEval_EvalFrameDefault+0x68b) [0x55d76f08281b]
29  /opt/conda/envs/gdf/bin/python(+0x139ef3) [0x55d76f092ef3]
30  /opt/conda/envs/gdf/bin/python(_PyEval_EvalFrameDefault+0x68b) [0x55d76f08281b]
31  /opt/conda/envs/gdf/bin/python(+0x12827a) [0x55d76f08127a]
32  /opt/conda/envs/gdf/bin/python(_PyFunction_Vectorcall+0xd5) [0x55d76f092c05]
33  /opt/conda/envs/gdf/bin/python(_PyEval_EvalFrameDefault+0x4e17) [0x55d76f086fa7]
34  /opt/conda/envs/gdf/bin/python(+0x12827a) [0x55d76f08127a]
35  /opt/conda/envs/gdf/bin/python(+0x147935) [0x55d76f0a0935]
36  /opt/conda/envs/gdf/bin/python(PyObject_Call+0xb4) [0x55d76f0a1104]
37  /opt/conda/envs/gdf/bin/python(+0x20efc8) [0x55d76f167fc8]
38  /opt/conda/envs/gdf/bin/python(_PyObject_MakeTpCall+0x2fc) [0x55d76f08b2bc]
39  /opt/conda/envs/gdf/bin/python(_PyEval_EvalFrameDefault+0x402b) [0x55d76f0861bb]
40  /opt/conda/envs/gdf/bin/python(+0x139ef3) [0x55d76f092ef3]
41  /opt/conda/envs/gdf/bin/python(+0x147c72) [0x55d76f0a0c72]
42  /opt/conda/envs/gdf/bin/python(_PyEval_EvalFrameDefault+0x402b) [0x55d76f0861bb]
43  /opt/conda/envs/gdf/bin/python(+0x139ef3) [0x55d76f092ef3]
44  /opt/conda/envs/gdf/bin/python(_PyEval_EvalFrameDefault+0x68b) [0x55d76f08281b]
45  /opt/conda/envs/gdf/bin/python(+0x12827a) [0x55d76f08127a]
46  /opt/conda/envs/gdf/bin/python(_PyFunction_Vectorcall+0xd5) [0x55d76f092c05]
47  /opt/conda/envs/gdf/bin/python(_PyEval_EvalFrameDefault+0x68b) [0x55d76f08281b]
48  /opt/conda/envs/gdf/bin/python(+0x139ef3) [0x55d76f092ef3]
49  /opt/conda/envs/gdf/bin/python(_PyEval_EvalFrameDefault+0x3d8) [0x55d76f082568]
50  /opt/conda/envs/gdf/bin/python(+0x12827a) [0x55d76f08127a]
51  /opt/conda/envs/gdf/bin/python(_PyFunction_Vectorcall+0xd5) [0x55d76f092c05]
52  /opt/conda/envs/gdf/bin/python(_PyEval_EvalFrameDefault+0x123b) [0x55d76f0833cb]
53  /opt/conda/envs/gdf/bin/python(+0x12827a) [0x55d76f08127a]
54  /opt/conda/envs/gdf/bin/python(_PyEval_EvalCodeWithName+0x47) [0x55d76f080f07]
55  /opt/conda/envs/gdf/bin/python(PyEval_EvalCodeEx+0x39) [0x55d76f080eb9]
56  /opt/conda/envs/gdf/bin/python(PyEval_EvalCode+0x1b) [0x55d76f1318bb]
57  /opt/conda/envs/gdf/bin/python(+0x206adc) [0x55d76f15fadc]
58  /opt/conda/envs/gdf/bin/python(+0x202c24) [0x55d76f15bc24]
59  /opt/conda/envs/gdf/bin/python(PyRun_StringFlags+0x9d) [0x55d76f1537ed]
60  /opt/conda/envs/gdf/bin/python(PyRun_SimpleStringFlags+0x3d) [0x55d76f1536bd]
61  /opt/conda/envs/gdf/bin/python(Py_RunMain+0x262) [0x55d76f1528a2]
=================================
[dgx13:76710:0:76710] Caught signal 11 (Segmentation fault: address not mapped to object at address 0x448)
==== backtrace (tid:  76710) ====
 0  /opt/conda/envs/gdf/lib/libucs.so.0(ucs_handle_error+0x2fd) [0x7f3bcc36680d]
 1  /opt/conda/envs/gdf/lib/libucs.so.0(+0x28a04) [0x7f3bcc366a04]
 2  /opt/conda/envs/gdf/lib/libucs.so.0(+0x28bca) [0x7f3bcc366bca]
 3  /usr/lib/x86_64-linux-gnu/libpthread.so.0(+0x14420) [0x7f3c6cb63420]
 4  /opt/conda/envs/gdf/lib/libucp.so.0(ucp_mem_type_unpack+0x17) [0x7f3bcc3d8987]
 5  /opt/conda/envs/gdf/lib/libucp.so.0(ucp_rndv_data_handler+0x4e9) [0x7f3bcc3f7549]
 6  /opt/conda/envs/gdf/lib/libuct.so.0(+0x1e9bf) [0x7f3bcc3239bf]
 7  /opt/conda/envs/gdf/lib/libuct.so.0(+0x21be8) [0x7f3bcc326be8]
 8  /opt/conda/envs/gdf/lib/libucs.so.0(ucs_event_set_wait+0xb9) [0x7f3bcc36edf9]
 9  /opt/conda/envs/gdf/lib/libuct.so.0(uct_tcp_iface_progress+0x7d) [0x7f3bcc325bad]
10  /opt/conda/envs/gdf/lib/libucp.so.0(ucp_worker_progress+0x5a) [0x7f3bcc3d636a]
11  /opt/conda/envs/gdf/lib/python3.9/site-packages/ucp/_libs/ucx_api.cpython-39-x86_64-linux-gnu.so(+0x2b17a) [0x7f3bcc47517a]
12  /opt/conda/envs/gdf/bin/python(+0x13eb08) [0x5566dc56db08]
13  /opt/conda/envs/gdf/bin/python(_PyEval_EvalFrameDefault+0x5f82) [0x5566dc55e112]
14  /opt/conda/envs/gdf/bin/python(+0x12827a) [0x5566dc55727a]
15  /opt/conda/envs/gdf/bin/python(_PyFunction_Vectorcall+0xd5) [0x5566dc568c05]
16  /opt/conda/envs/gdf/bin/python(_PyEval_EvalFrameDefault+0x68b) [0x5566dc55881b]
17  /opt/conda/envs/gdf/bin/python(+0x139ef3) [0x5566dc568ef3]
18  /opt/conda/envs/gdf/bin/python(+0x147a16) [0x5566dc576a16]
19  /opt/conda/envs/gdf/bin/python(+0x2579b1) [0x5566dc6869b1]
20  /opt/conda/envs/gdf/bin/python(+0xe5817) [0x5566dc514817]
21  /opt/conda/envs/gdf/bin/python(+0x130f83) [0x5566dc55ff83]
22  /opt/conda/envs/gdf/bin/python(_PyEval_EvalFrameDefault+0x5ba6) [0x5566dc55dd36]
23  /opt/conda/envs/gdf/bin/python(+0x139ef3) [0x5566dc568ef3]
24  /opt/conda/envs/gdf/bin/python(_PyEval_EvalFrameDefault+0x68b) [0x5566dc55881b]
25  /opt/conda/envs/gdf/bin/python(+0x139ef3) [0x5566dc568ef3]
26  /opt/conda/envs/gdf/bin/python(_PyEval_EvalFrameDefault+0x68b) [0x5566dc55881b]
27  /opt/conda/envs/gdf/bin/python(+0x139ef3) [0x5566dc568ef3]
28  /opt/conda/envs/gdf/bin/python(_PyEval_EvalFrameDefault+0x68b) [0x5566dc55881b]
29  /opt/conda/envs/gdf/bin/python(+0x139ef3) [0x5566dc568ef3]
30  /opt/conda/envs/gdf/bin/python(_PyEval_EvalFrameDefault+0x68b) [0x5566dc55881b]
31  /opt/conda/envs/gdf/bin/python(+0x12827a) [0x5566dc55727a]
32  /opt/conda/envs/gdf/bin/python(_PyFunction_Vectorcall+0xd5) [0x5566dc568c05]
33  /opt/conda/envs/gdf/bin/python(_PyEval_EvalFrameDefault+0x4e17) [0x5566dc55cfa7]
34  /opt/conda/envs/gdf/bin/python(+0x12827a) [0x5566dc55727a]
35  /opt/conda/envs/gdf/bin/python(+0x147935) [0x5566dc576935]
36  /opt/conda/envs/gdf/bin/python(PyObject_Call+0xb4) [0x5566dc577104]
37  /opt/conda/envs/gdf/bin/python(+0x20efc8) [0x5566dc63dfc8]
38  /opt/conda/envs/gdf/bin/python(_PyObject_MakeTpCall+0x2fc) [0x5566dc5612bc]
39  /opt/conda/envs/gdf/bin/python(_PyEval_EvalFrameDefault+0x402b) [0x5566dc55c1bb]
40  /opt/conda/envs/gdf/bin/python(+0x139ef3) [0x5566dc568ef3]
41  /opt/conda/envs/gdf/bin/python(+0x147c72) [0x5566dc576c72]
42  /opt/conda/envs/gdf/bin/python(_PyEval_EvalFrameDefault+0x402b) [0x5566dc55c1bb]
43  /opt/conda/envs/gdf/bin/python(+0x139ef3) [0x5566dc568ef3]
44  /opt/conda/envs/gdf/bin/python(_PyEval_EvalFrameDefault+0x68b) [0x5566dc55881b]
45  /opt/conda/envs/gdf/bin/python(+0x12827a) [0x5566dc55727a]
46  /opt/conda/envs/gdf/bin/python(_PyFunction_Vectorcall+0xd5) [0x5566dc568c05]
47  /opt/conda/envs/gdf/bin/python(_PyEval_EvalFrameDefault+0x68b) [0x5566dc55881b]
48  /opt/conda/envs/gdf/bin/python(+0x139ef3) [0x5566dc568ef3]
49  /opt/conda/envs/gdf/bin/python(_PyEval_EvalFrameDefault+0x3d8) [0x5566dc558568]
50  /opt/conda/envs/gdf/bin/python(+0x12827a) [0x5566dc55727a]
51  /opt/conda/envs/gdf/bin/python(_PyFunction_Vectorcall+0xd5) [0x5566dc568c05]
52  /opt/conda/envs/gdf/bin/python(_PyEval_EvalFrameDefault+0x123b) [0x5566dc5593cb]
53  /opt/conda/envs/gdf/bin/python(+0x12827a) [0x5566dc55727a]
54  /opt/conda/envs/gdf/bin/python(_PyEval_EvalCodeWithName+0x47) [0x5566dc556f07]
55  /opt/conda/envs/gdf/bin/python(PyEval_EvalCodeEx+0x39) [0x5566dc556eb9]
56  /opt/conda/envs/gdf/bin/python(PyEval_EvalCode+0x1b) [0x5566dc6078bb]
57  /opt/conda/envs/gdf/bin/python(+0x206adc) [0x5566dc635adc]
58  /opt/conda/envs/gdf/bin/python(+0x202c24) [0x5566dc631c24]
59  /opt/conda/envs/gdf/bin/python(PyRun_StringFlags+0x9d) [0x5566dc6297ed]
60  /opt/conda/envs/gdf/bin/python(PyRun_SimpleStringFlags+0x3d) [0x5566dc6296bd]
61  /opt/conda/envs/gdf/bin/python(Py_RunMain+0x262) [0x5566dc6288a2]
=================================
2023-06-06 05:54:43,928 - distributed.worker - ERROR - failed during get data with ucx://127.0.0.1:33915 -> ucx://127.0.0.1:57455
Traceback (most recent call last):
  File "/opt/conda/envs/gdf/lib/python3.9/site-packages/distributed/comm/ucx.py", line 333, in write
    await self.ep.send(each_frame)
  File "/opt/conda/envs/gdf/lib/python3.9/site-packages/ucp/core.py", line 650, in send
    return await comm.tag_send(self._ep, buffer, nbytes, tag, name=log)
ucp._libs.exceptions.UCXError: <[Send #007] ep: 0x7f19cc60a380, tag: 0x4beb142dba4d0344, nbytes: 50000000, type: <class 'cupy.ndarray'>>: Endpoint timeout

During handling of the above exception, another exception occurred:

Traceback (most recent call last):
  File "/opt/conda/envs/gdf/lib/python3.9/site-packages/distributed/worker.py", line 1792, in get_data
    compressed = await comm.write(msg, serializers=serializers)
  File "/opt/conda/envs/gdf/lib/python3.9/site-packages/distributed/utils.py", line 752, in wrapper
    return await func(*args, **kwargs)
  File "/opt/conda/envs/gdf/lib/python3.9/site-packages/distributed/comm/ucx.py", line 337, in write
    raise CommClosedError("While writing, the connection was closed")
distributed.comm.core.CommClosedError: While writing, the connection was closed
2023-06-06 05:54:43,929 - distributed.worker - ERROR - Worker stream died during communication: ucx://127.0.0.1:57455
Traceback (most recent call last):
  File "/opt/conda/envs/gdf/lib/python3.9/site-packages/distributed/comm/ucx.py", line 349, in read
    await self.ep.recv(msg)
  File "/opt/conda/envs/gdf/lib/python3.9/site-packages/ucp/core.py", line 725, in recv
    ret = await comm.tag_recv(self._ep, buffer, nbytes, tag, name=log)
ucp._libs.exceptions.UCXCanceled: <[Recv #003] ep: 0x7f19cc60a180, tag: 0x263d5c80c6c1a088, nbytes: 16, type: <class 'numpy.ndarray'>>: 

During handling of the above exception, another exception occurred:

Traceback (most recent call last):
  File "/opt/conda/envs/gdf/lib/python3.9/site-packages/distributed/worker.py", line 2066, in gather_dep
    response = await get_data_from_worker(
  File "/opt/conda/envs/gdf/lib/python3.9/site-packages/distributed/worker.py", line 2892, in get_data_from_worker
    response = await send_recv(
  File "/opt/conda/envs/gdf/lib/python3.9/site-packages/distributed/core.py", line 1024, in send_recv
    response = await comm.read(deserializers=deserializers)
  File "/opt/conda/envs/gdf/lib/python3.9/site-packages/distributed/utils.py", line 752, in wrapper
    return await func(*args, **kwargs)
  File "/opt/conda/envs/gdf/lib/python3.9/site-packages/distributed/comm/ucx.py", line 367, in read
    raise CommClosedError(
distributed.comm.core.CommClosedError: Connection closed by writer.
Inner exception: UCXCanceled("<[Recv #003] ep: 0x7f19cc60a180, tag: 0x263d5c80c6c1a088, nbytes: 16, type: <class 'numpy.ndarray'>>: ")
2023-06-06 05:54:43,928 - distributed.worker - ERROR - Worker stream died during communication: ucx://127.0.0.1:57455
Traceback (most recent call last):
  File "/opt/conda/envs/gdf/lib/python3.9/site-packages/distributed/comm/ucx.py", line 349, in read
    await self.ep.recv(msg)
  File "/opt/conda/envs/gdf/lib/python3.9/site-packages/ucp/core.py", line 725, in recv
    ret = await comm.tag_recv(self._ep, buffer, nbytes, tag, name=log)
ucp._libs.exceptions.UCXCanceled: <[Recv #003] ep: 0x7f7700bd7100, tag: 0x45adfb1cfa5c3536, nbytes: 16, type: <class 'numpy.ndarray'>>: 

During handling of the above exception, another exception occurred:

Traceback (most recent call last):
  File "/opt/conda/envs/gdf/lib/python3.9/site-packages/distributed/worker.py", line 2066, in gather_dep
    response = await get_data_from_worker(
  File "/opt/conda/envs/gdf/lib/python3.9/site-packages/distributed/worker.py", line 2892, in get_data_from_worker
    response = await send_recv(
  File "/opt/conda/envs/gdf/lib/python3.9/site-packages/distributed/core.py", line 1024, in send_recv
    response = await comm.read(deserializers=deserializers)
  File "/opt/conda/envs/gdf/lib/python3.9/site-packages/distributed/utils.py", line 752, in wrapper
    return await func(*args, **kwargs)
  File "/opt/conda/envs/gdf/lib/python3.9/site-packages/distributed/comm/ucx.py", line 367, in read
    raise CommClosedError(
distributed.comm.core.CommClosedError: Connection closed by writer.
Inner exception: UCXCanceled("<[Recv #003] ep: 0x7f7700bd7100, tag: 0x45adfb1cfa5c3536, nbytes: 16, type: <class 'numpy.ndarray'>>: ")
2023-06-06 05:54:43,960 - distributed.worker - ERROR - failed during get data with ucx://127.0.0.1:52839 -> ucx://127.0.0.1:57455
Traceback (most recent call last):
  File "/opt/conda/envs/gdf/lib/python3.9/site-packages/distributed/comm/ucx.py", line 333, in write
    await self.ep.send(each_frame)
  File "/opt/conda/envs/gdf/lib/python3.9/site-packages/ucp/core.py", line 650, in send
    return await comm.tag_send(self._ep, buffer, nbytes, tag, name=log)
ucp._libs.exceptions.UCXError: <[Send #007] ep: 0x7f4a001832c0, tag: 0xbb7f801fa184a416, nbytes: 50000000, type: <class 'cupy.ndarray'>>: Endpoint timeout

During handling of the above exception, another exception occurred:

Traceback (most recent call last):
  File "/opt/conda/envs/gdf/lib/python3.9/site-packages/distributed/worker.py", line 1792, in get_data
    compressed = await comm.write(msg, serializers=serializers)
  File "/opt/conda/envs/gdf/lib/python3.9/site-packages/distributed/utils.py", line 752, in wrapper
    return await func(*args, **kwargs)
  File "/opt/conda/envs/gdf/lib/python3.9/site-packages/distributed/comm/ucx.py", line 337, in write
    raise CommClosedError("While writing, the connection was closed")
distributed.comm.core.CommClosedError: While writing, the connection was closed
2023-06-06 05:54:43,963 - distributed.worker - ERROR - Worker stream died during communication: ucx://127.0.0.1:57455
Traceback (most recent call last):
  File "/opt/conda/envs/gdf/lib/python3.9/site-packages/distributed/comm/ucx.py", line 391, in read
    await self.ep.recv(each_frame)
  File "/opt/conda/envs/gdf/lib/python3.9/site-packages/ucp/core.py", line 725, in recv
    ret = await comm.tag_recv(self._ep, buffer, nbytes, tag, name=log)
ucp._libs.exceptions.UCXError: <[Recv #007] ep: 0x7f4a00183100, tag: 0xfd5e3ab6a15a5450, nbytes: 50000000, type: <class 'rmm._lib.device_buffer.DeviceBuffer'>>: Endpoint timeout

During handling of the above exception, another exception occurred:

Traceback (most recent call last):
  File "/opt/conda/envs/gdf/lib/python3.9/site-packages/distributed/worker.py", line 2066, in gather_dep
    response = await get_data_from_worker(
  File "/opt/conda/envs/gdf/lib/python3.9/site-packages/distributed/worker.py", line 2892, in get_data_from_worker
    response = await send_recv(
  File "/opt/conda/envs/gdf/lib/python3.9/site-packages/distributed/core.py", line 1024, in send_recv
    response = await comm.read(deserializers=deserializers)
  File "/opt/conda/envs/gdf/lib/python3.9/site-packages/distributed/utils.py", line 752, in wrapper
    return await func(*args, **kwargs)
  File "/opt/conda/envs/gdf/lib/python3.9/site-packages/distributed/comm/ucx.py", line 397, in read
    raise CommClosedError(
distributed.comm.core.CommClosedError: Connection closed by writer.
Inner exception: UCXError("<[Recv #007] ep: 0x7f4a00183100, tag: 0xfd5e3ab6a15a5450, nbytes: 50000000, type: <class 'rmm._lib.device_buffer.DeviceBuffer'>>: Endpoint timeout")
2023-06-06 05:54:43,971 - distributed.nanny - WARNING - Restarting worker
2023-06-06 05:54:44,056 - distributed.worker - ERROR - Worker stream died during communication: ucx://127.0.0.1:50435
Traceback (most recent call last):
  File "/opt/conda/envs/gdf/lib/python3.9/site-packages/distributed/comm/ucx.py", line 349, in read
    await self.ep.recv(msg)
  File "/opt/conda/envs/gdf/lib/python3.9/site-packages/ucp/core.py", line 725, in recv
    ret = await comm.tag_recv(self._ep, buffer, nbytes, tag, name=log)
ucp._libs.exceptions.UCXCanceled: <[Recv #003] ep: 0x7f7700bd7240, tag: 0x6a6062fbc77d31da, nbytes: 16, type: <class 'numpy.ndarray'>>: 

During handling of the above exception, another exception occurred:

Traceback (most recent call last):
  File "/opt/conda/envs/gdf/lib/python3.9/site-packages/distributed/worker.py", line 2066, in gather_dep
    response = await get_data_from_worker(
  File "/opt/conda/envs/gdf/lib/python3.9/site-packages/distributed/worker.py", line 2892, in get_data_from_worker
    response = await send_recv(
  File "/opt/conda/envs/gdf/lib/python3.9/site-packages/distributed/core.py", line 1024, in send_recv
    response = await comm.read(deserializers=deserializers)
  File "/opt/conda/envs/gdf/lib/python3.9/site-packages/distributed/utils.py", line 752, in wrapper
    return await func(*args, **kwargs)
  File "/opt/conda/envs/gdf/lib/python3.9/site-packages/distributed/comm/ucx.py", line 367, in read
    raise CommClosedError(
distributed.comm.core.CommClosedError: Connection closed by writer.
Inner exception: UCXCanceled("<[Recv #003] ep: 0x7f7700bd7240, tag: 0x6a6062fbc77d31da, nbytes: 16, type: <class 'numpy.ndarray'>>: ")
2023-06-06 05:54:44,056 - distributed.worker - ERROR - Worker stream died during communication: ucx://127.0.0.1:50435
Traceback (most recent call last):
  File "/opt/conda/envs/gdf/lib/python3.9/site-packages/distributed/comm/ucx.py", line 349, in read
    await self.ep.recv(msg)
  File "/opt/conda/envs/gdf/lib/python3.9/site-packages/ucp/core.py", line 725, in recv
    ret = await comm.tag_recv(self._ep, buffer, nbytes, tag, name=log)
ucp._libs.exceptions.UCXCanceled: <[Recv #003] ep: 0x7f4a001831c0, tag: 0xbbfeb7ab2b7d3c8, nbytes: 16, type: <class 'numpy.ndarray'>>: 

During handling of the above exception, another exception occurred:

Traceback (most recent call last):
  File "/opt/conda/envs/gdf/lib/python3.9/site-packages/distributed/worker.py", line 2066, in gather_dep
    response = await get_data_from_worker(
  File "/opt/conda/envs/gdf/lib/python3.9/site-packages/distributed/worker.py", line 2892, in get_data_from_worker
    response = await send_recv(
  File "/opt/conda/envs/gdf/lib/python3.9/site-packages/distributed/core.py", line 1024, in send_recv
    response = await comm.read(deserializers=deserializers)
  File "/opt/conda/envs/gdf/lib/python3.9/site-packages/distributed/utils.py", line 752, in wrapper
    return await func(*args, **kwargs)
  File "/opt/conda/envs/gdf/lib/python3.9/site-packages/distributed/comm/ucx.py", line 367, in read
    raise CommClosedError(
distributed.comm.core.CommClosedError: Connection closed by writer.
Inner exception: UCXCanceled("<[Recv #003] ep: 0x7f4a001831c0, tag: 0xbbfeb7ab2b7d3c8, nbytes: 16, type: <class 'numpy.ndarray'>>: ")
2023-06-06 05:54:44,056 - distributed.worker - ERROR - failed during get data with ucx://127.0.0.1:33915 -> ucx://127.0.0.1:50435
Traceback (most recent call last):
  File "/opt/conda/envs/gdf/lib/python3.9/site-packages/distributed/comm/ucx.py", line 333, in write
    await self.ep.send(each_frame)
  File "/opt/conda/envs/gdf/lib/python3.9/site-packages/ucp/core.py", line 650, in send
    return await comm.tag_send(self._ep, buffer, nbytes, tag, name=log)
ucp._libs.exceptions.UCXError: <[Send #007] ep: 0x7f19cc60a300, tag: 0x18f5df344c797954, nbytes: 50000000, type: <class 'cupy.ndarray'>>: Endpoint timeout

During handling of the above exception, another exception occurred:

Traceback (most recent call last):
  File "/opt/conda/envs/gdf/lib/python3.9/site-packages/distributed/worker.py", line 1792, in get_data
    compressed = await comm.write(msg, serializers=serializers)
  File "/opt/conda/envs/gdf/lib/python3.9/site-packages/distributed/utils.py", line 752, in wrapper
    return await func(*args, **kwargs)
  File "/opt/conda/envs/gdf/lib/python3.9/site-packages/distributed/comm/ucx.py", line 337, in write
    raise CommClosedError("While writing, the connection was closed")
distributed.comm.core.CommClosedError: While writing, the connection was closed
2023-06-06 05:54:44,056 - distributed.worker - ERROR - failed during get data with ucx://127.0.0.1:33907 -> ucx://127.0.0.1:50435
Traceback (most recent call last):
  File "/opt/conda/envs/gdf/lib/python3.9/site-packages/distributed/comm/ucx.py", line 333, in write
    await self.ep.send(each_frame)
  File "/opt/conda/envs/gdf/lib/python3.9/site-packages/ucp/core.py", line 650, in send
    return await comm.tag_send(self._ep, buffer, nbytes, tag, name=log)
ucp._libs.exceptions.UCXError: <[Send #007] ep: 0x7f83bc424300, tag: 0x9aa99fcd3a4341fc, nbytes: 50000000, type: <class 'cupy.ndarray'>>: Endpoint timeout

During handling of the above exception, another exception occurred:

Traceback (most recent call last):
  File "/opt/conda/envs/gdf/lib/python3.9/site-packages/distributed/worker.py", line 1792, in get_data
    compressed = await comm.write(msg, serializers=serializers)
  File "/opt/conda/envs/gdf/lib/python3.9/site-packages/distributed/utils.py", line 752, in wrapper
    return await func(*args, **kwargs)
  File "/opt/conda/envs/gdf/lib/python3.9/site-packages/distributed/comm/ucx.py", line 337, in write
    raise CommClosedError("While writing, the connection was closed")
distributed.comm.core.CommClosedError: While writing, the connection was closed
2023-06-06 05:54:44,057 - distributed.worker - ERROR - Worker stream died during communication: ucx://127.0.0.1:50435
Traceback (most recent call last):
  File "/opt/conda/envs/gdf/lib/python3.9/site-packages/distributed/comm/ucx.py", line 349, in read
    await self.ep.recv(msg)
  File "/opt/conda/envs/gdf/lib/python3.9/site-packages/ucp/core.py", line 725, in recv
    ret = await comm.tag_recv(self._ep, buffer, nbytes, tag, name=log)
ucp._libs.exceptions.UCXCanceled: <[Recv #003] ep: 0x7f19cc60a1c0, tag: 0xc61d8d87aca02591, nbytes: 16, type: <class 'numpy.ndarray'>>: 

During handling of the above exception, another exception occurred:

Traceback (most recent call last):
  File "/opt/conda/envs/gdf/lib/python3.9/site-packages/distributed/worker.py", line 2066, in gather_dep
    response = await get_data_from_worker(
  File "/opt/conda/envs/gdf/lib/python3.9/site-packages/distributed/worker.py", line 2892, in get_data_from_worker
    response = await send_recv(
  File "/opt/conda/envs/gdf/lib/python3.9/site-packages/distributed/core.py", line 1024, in send_recv
    response = await comm.read(deserializers=deserializers)
  File "/opt/conda/envs/gdf/lib/python3.9/site-packages/distributed/utils.py", line 752, in wrapper
    return await func(*args, **kwargs)
  File "/opt/conda/envs/gdf/lib/python3.9/site-packages/distributed/comm/ucx.py", line 367, in read
    raise CommClosedError(
distributed.comm.core.CommClosedError: Connection closed by writer.
Inner exception: UCXCanceled("<[Recv #003] ep: 0x7f19cc60a1c0, tag: 0xc61d8d87aca02591, nbytes: 16, type: <class 'numpy.ndarray'>>: ")
2023-06-06 05:54:44,057 - distributed.worker - ERROR - Worker stream died during communication: ucx://127.0.0.1:50435
Traceback (most recent call last):
  File "/opt/conda/envs/gdf/lib/python3.9/site-packages/distributed/comm/ucx.py", line 391, in read
    await self.ep.recv(each_frame)
  File "/opt/conda/envs/gdf/lib/python3.9/site-packages/ucp/core.py", line 725, in recv
    ret = await comm.tag_recv(self._ep, buffer, nbytes, tag, name=log)
ucp._libs.exceptions.UCXError: <[Recv #007] ep: 0x7f83bc424180, tag: 0xbc5f91347c1b0285, nbytes: 50000000, type: <class 'rmm._lib.device_buffer.DeviceBuffer'>>: Endpoint timeout

During handling of the above exception, another exception occurred:

Traceback (most recent call last):
  File "/opt/conda/envs/gdf/lib/python3.9/site-packages/distributed/worker.py", line 2066, in gather_dep
    response = await get_data_from_worker(
  File "/opt/conda/envs/gdf/lib/python3.9/site-packages/distributed/worker.py", line 2892, in get_data_from_worker
    response = await send_recv(
  File "/opt/conda/envs/gdf/lib/python3.9/site-packages/distributed/core.py", line 1024, in send_recv
    response = await comm.read(deserializers=deserializers)
  File "/opt/conda/envs/gdf/lib/python3.9/site-packages/distributed/utils.py", line 752, in wrapper
    return await func(*args, **kwargs)
  File "/opt/conda/envs/gdf/lib/python3.9/site-packages/distributed/comm/ucx.py", line 397, in read
    raise CommClosedError(
distributed.comm.core.CommClosedError: Connection closed by writer.
Inner exception: UCXError("<[Recv #007] ep: 0x7f83bc424180, tag: 0xbc5f91347c1b0285, nbytes: 50000000, type: <class 'rmm._lib.device_buffer.DeviceBuffer'>>: Endpoint timeout")
2023-06-06 05:54:44,060 - distributed.worker - ERROR - Worker stream died during communication: ucx://127.0.0.1:48311
Traceback (most recent call last):
  File "/opt/conda/envs/gdf/lib/python3.9/site-packages/distributed/comm/ucx.py", line 349, in read
    await self.ep.recv(msg)
  File "/opt/conda/envs/gdf/lib/python3.9/site-packages/ucp/core.py", line 725, in recv
    ret = await comm.tag_recv(self._ep, buffer, nbytes, tag, name=log)
ucp._libs.exceptions.UCXCanceled: <[Recv #003] ep: 0x7f83bc424240, tag: 0x7bd20514564831fd, nbytes: 16, type: <class 'numpy.ndarray'>>: 

During handling of the above exception, another exception occurred:

Traceback (most recent call last):
  File "/opt/conda/envs/gdf/lib/python3.9/site-packages/distributed/worker.py", line 2066, in gather_dep
    response = await get_data_from_worker(
  File "/opt/conda/envs/gdf/lib/python3.9/site-packages/distributed/worker.py", line 2892, in get_data_from_worker
    response = await send_recv(
  File "/opt/conda/envs/gdf/lib/python3.9/site-packages/distributed/core.py", line 1024, in send_recv
    response = await comm.read(deserializers=deserializers)
  File "/opt/conda/envs/gdf/lib/python3.9/site-packages/distributed/utils.py", line 752, in wrapper
    return await func(*args, **kwargs)
  File "/opt/conda/envs/gdf/lib/python3.9/site-packages/distributed/comm/ucx.py", line 367, in read
    raise CommClosedError(
distributed.comm.core.CommClosedError: Connection closed by writer.
Inner exception: UCXCanceled("<[Recv #003] ep: 0x7f83bc424240, tag: 0x7bd20514564831fd, nbytes: 16, type: <class 'numpy.ndarray'>>: ")
2023-06-06 05:54:44,060 - distributed.worker - ERROR - failed during get data with ucx://127.0.0.1:33915 -> ucx://127.0.0.1:48311
Traceback (most recent call last):
  File "/opt/conda/envs/gdf/lib/python3.9/site-packages/distributed/comm/ucx.py", line 349, in read
    await self.ep.recv(msg)
  File "/opt/conda/envs/gdf/lib/python3.9/site-packages/ucp/core.py", line 725, in recv
    ret = await comm.tag_recv(self._ep, buffer, nbytes, tag, name=log)
ucp._libs.exceptions.UCXCanceled: <[Recv #006] ep: 0x7f19cc60a2c0, tag: 0xb8218b33fc0686f0, nbytes: 16, type: <class 'numpy.ndarray'>>: 

During handling of the above exception, another exception occurred:

Traceback (most recent call last):
  File "/opt/conda/envs/gdf/lib/python3.9/site-packages/distributed/worker.py", line 1793, in get_data
    response = await comm.read(deserializers=serializers)
  File "/opt/conda/envs/gdf/lib/python3.9/site-packages/distributed/utils.py", line 752, in wrapper
    return await func(*args, **kwargs)
  File "/opt/conda/envs/gdf/lib/python3.9/site-packages/distributed/comm/ucx.py", line 367, in read
    raise CommClosedError(
distributed.comm.core.CommClosedError: Connection closed by writer.
Inner exception: UCXCanceled("<[Recv #006] ep: 0x7f19cc60a2c0, tag: 0xb8218b33fc0686f0, nbytes: 16, type: <class 'numpy.ndarray'>>: ")
2023-06-06 05:54:44,060 - distributed.worker - ERROR - Worker stream died during communication: ucx://127.0.0.1:48311
Traceback (most recent call last):
  File "/opt/conda/envs/gdf/lib/python3.9/site-packages/distributed/comm/ucx.py", line 349, in read
    await self.ep.recv(msg)
  File "/opt/conda/envs/gdf/lib/python3.9/site-packages/ucp/core.py", line 725, in recv
    ret = await comm.tag_recv(self._ep, buffer, nbytes, tag, name=log)
ucp._libs.exceptions.UCXCanceled: <[Recv #003] ep: 0x7f7700bd71c0, tag: 0x75cfd66fca531965, nbytes: 16, type: <class 'numpy.ndarray'>>: 

During handling of the above exception, another exception occurred:

Traceback (most recent call last):
  File "/opt/conda/envs/gdf/lib/python3.9/site-packages/distributed/worker.py", line 2066, in gather_dep
    response = await get_data_from_worker(
  File "/opt/conda/envs/gdf/lib/python3.9/site-packages/distributed/worker.py", line 2892, in get_data_from_worker
    response = await send_recv(
  File "/opt/conda/envs/gdf/lib/python3.9/site-packages/distributed/core.py", line 1024, in send_recv
    response = await comm.read(deserializers=deserializers)
  File "/opt/conda/envs/gdf/lib/python3.9/site-packages/distributed/utils.py", line 752, in wrapper
    return await func(*args, **kwargs)
  File "/opt/conda/envs/gdf/lib/python3.9/site-packages/distributed/comm/ucx.py", line 367, in read
    raise CommClosedError(
distributed.comm.core.CommClosedError: Connection closed by writer.
Inner exception: UCXCanceled("<[Recv #003] ep: 0x7f7700bd71c0, tag: 0x75cfd66fca531965, nbytes: 16, type: <class 'numpy.ndarray'>>: ")
2023-06-06 05:54:44,061 - distributed.worker - ERROR - Worker stream died during communication: ucx://127.0.0.1:48311
Traceback (most recent call last):
  File "/opt/conda/envs/gdf/lib/python3.9/site-packages/distributed/comm/ucx.py", line 349, in read
    await self.ep.recv(msg)
  File "/opt/conda/envs/gdf/lib/python3.9/site-packages/ucp/core.py", line 725, in recv
    ret = await comm.tag_recv(self._ep, buffer, nbytes, tag, name=log)
ucp._libs.exceptions.UCXCanceled: <[Recv #003] ep: 0x7f19cc60a200, tag: 0x2314fa06e824056, nbytes: 16, type: <class 'numpy.ndarray'>>: 

During handling of the above exception, another exception occurred:

Traceback (most recent call last):
  File "/opt/conda/envs/gdf/lib/python3.9/site-packages/distributed/worker.py", line 2066, in gather_dep
    response = await get_data_from_worker(
  File "/opt/conda/envs/gdf/lib/python3.9/site-packages/distributed/worker.py", line 2892, in get_data_from_worker
    response = await send_recv(
  File "/opt/conda/envs/gdf/lib/python3.9/site-packages/distributed/core.py", line 1024, in send_recv
    response = await comm.read(deserializers=deserializers)
  File "/opt/conda/envs/gdf/lib/python3.9/site-packages/distributed/utils.py", line 752, in wrapper
    return await func(*args, **kwargs)
  File "/opt/conda/envs/gdf/lib/python3.9/site-packages/distributed/comm/ucx.py", line 367, in read
    raise CommClosedError(
distributed.comm.core.CommClosedError: Connection closed by writer.
Inner exception: UCXCanceled("<[Recv #003] ep: 0x7f19cc60a200, tag: 0x2314fa06e824056, nbytes: 16, type: <class 'numpy.ndarray'>>: ")
2023-06-06 05:54:44,073 - distributed.worker - ERROR - failed during get data with ucx://127.0.0.1:49813 -> ucx://127.0.0.1:54589
Traceback (most recent call last):
  File "/opt/conda/envs/gdf/lib/python3.9/site-packages/distributed/comm/ucx.py", line 333, in write
    await self.ep.send(each_frame)
  File "/opt/conda/envs/gdf/lib/python3.9/site-packages/ucp/core.py", line 650, in send
    return await comm.tag_send(self._ep, buffer, nbytes, tag, name=log)
ucp._libs.exceptions.UCXError: <[Send #007] ep: 0x7f7700bd7380, tag: 0xf3bf73ece3a016ba, nbytes: 50000000, type: <class 'cupy.ndarray'>>: Endpoint timeout

During handling of the above exception, another exception occurred:

Traceback (most recent call last):
  File "/opt/conda/envs/gdf/lib/python3.9/site-packages/distributed/worker.py", line 1792, in get_data
    compressed = await comm.write(msg, serializers=serializers)
  File "/opt/conda/envs/gdf/lib/python3.9/site-packages/distributed/utils.py", line 752, in wrapper
    return await func(*args, **kwargs)
  File "/opt/conda/envs/gdf/lib/python3.9/site-packages/distributed/comm/ucx.py", line 337, in write
    raise CommClosedError("While writing, the connection was closed")
distributed.comm.core.CommClosedError: While writing, the connection was closed
2023-06-06 05:54:44,074 - distributed.worker - ERROR - Worker stream died during communication: ucx://127.0.0.1:54589
Traceback (most recent call last):
  File "/opt/conda/envs/gdf/lib/python3.9/site-packages/distributed/comm/ucx.py", line 349, in read
    await self.ep.recv(msg)
  File "/opt/conda/envs/gdf/lib/python3.9/site-packages/ucp/core.py", line 725, in recv
    ret = await comm.tag_recv(self._ep, buffer, nbytes, tag, name=log)
ucp._libs.exceptions.UCXCanceled: <[Recv #003] ep: 0x7f7700bd7200, tag: 0x60c3d6686f3bf3d, nbytes: 16, type: <class 'numpy.ndarray'>>: 

During handling of the above exception, another exception occurred:

Traceback (most recent call last):
  File "/opt/conda/envs/gdf/lib/python3.9/site-packages/distributed/worker.py", line 2066, in gather_dep
    response = await get_data_from_worker(
  File "/opt/conda/envs/gdf/lib/python3.9/site-packages/distributed/worker.py", line 2892, in get_data_from_worker
    response = await send_recv(
  File "/opt/conda/envs/gdf/lib/python3.9/site-packages/distributed/core.py", line 1024, in send_recv
    response = await comm.read(deserializers=deserializers)
  File "/opt/conda/envs/gdf/lib/python3.9/site-packages/distributed/utils.py", line 752, in wrapper
    return await func(*args, **kwargs)
  File "/opt/conda/envs/gdf/lib/python3.9/site-packages/distributed/comm/ucx.py", line 367, in read
    raise CommClosedError(
distributed.comm.core.CommClosedError: Connection closed by writer.
Inner exception: UCXCanceled("<[Recv #003] ep: 0x7f7700bd7200, tag: 0x60c3d6686f3bf3d, nbytes: 16, type: <class 'numpy.ndarray'>>: ")
2023-06-06 05:54:44,120 - distributed.nanny - WARNING - Restarting worker
2023-06-06 05:54:44,166 - distributed.nanny - WARNING - Restarting worker
2023-06-06 05:54:44,225 - distributed.nanny - WARNING - Restarting worker
2023-06-06 05:54:45,516 - distributed.preloading - INFO - Creating preload: dask_cuda.initialize
2023-06-06 05:54:45,516 - distributed.preloading - INFO - Import preload module: dask_cuda.initialize
2023-06-06 05:54:45,623 - distributed.preloading - INFO - Creating preload: dask_cuda.initialize
2023-06-06 05:54:45,623 - distributed.preloading - INFO - Import preload module: dask_cuda.initialize
2023-06-06 05:54:45,634 - distributed.preloading - INFO - Creating preload: dask_cuda.initialize
2023-06-06 05:54:45,634 - distributed.preloading - INFO - Import preload module: dask_cuda.initialize
2023-06-06 05:54:45,692 - distributed.preloading - INFO - Creating preload: dask_cuda.initialize
2023-06-06 05:54:45,692 - distributed.preloading - INFO - Import preload module: dask_cuda.initialize
/opt/conda/envs/gdf/lib/python3.9/multiprocessing/resource_tracker.py:216: UserWarning: resource_tracker: There appear to be 48 leaked semaphore objects to clean up at shutdown
  warnings.warn('resource_tracker: There appear to be %d '
