2023-06-27 06:23:15,377 - distributed.preloading - INFO - Creating preload: dask_cuda.initialize
2023-06-27 06:23:15,377 - distributed.preloading - INFO - Import preload module: dask_cuda.initialize
2023-06-27 06:23:15,498 - distributed.preloading - INFO - Creating preload: dask_cuda.initialize
2023-06-27 06:23:15,498 - distributed.preloading - INFO - Import preload module: dask_cuda.initialize
2023-06-27 06:23:15,499 - distributed.preloading - INFO - Creating preload: dask_cuda.initialize
2023-06-27 06:23:15,499 - distributed.preloading - INFO - Import preload module: dask_cuda.initialize
2023-06-27 06:23:15,516 - distributed.preloading - INFO - Creating preload: dask_cuda.initialize
2023-06-27 06:23:15,516 - distributed.preloading - INFO - Import preload module: dask_cuda.initialize
2023-06-27 06:23:15,552 - distributed.preloading - INFO - Creating preload: dask_cuda.initialize
2023-06-27 06:23:15,552 - distributed.preloading - INFO - Import preload module: dask_cuda.initialize
2023-06-27 06:23:15,564 - distributed.preloading - INFO - Creating preload: dask_cuda.initialize
2023-06-27 06:23:15,564 - distributed.preloading - INFO - Import preload module: dask_cuda.initialize
2023-06-27 06:23:15,565 - distributed.preloading - INFO - Creating preload: dask_cuda.initialize
2023-06-27 06:23:15,565 - distributed.preloading - INFO - Import preload module: dask_cuda.initialize
2023-06-27 06:23:15,581 - distributed.preloading - INFO - Creating preload: dask_cuda.initialize
2023-06-27 06:23:15,581 - distributed.preloading - INFO - Import preload module: dask_cuda.initialize
[dgx13:76179:0:76179] Caught signal 11 (Segmentation fault: address not mapped to object at address 0x448)
==== backtrace (tid:  76179) ====
 0  /opt/conda/envs/gdf/lib/libucs.so.0(ucs_handle_error+0x2fd) [0x7f10d59a8c8d]
 1  /opt/conda/envs/gdf/lib/libucs.so.0(+0x2ae84) [0x7f10d59a8e84]
 2  /opt/conda/envs/gdf/lib/libucs.so.0(+0x2b04a) [0x7f10d59a904a]
 3  /usr/lib/x86_64-linux-gnu/libpthread.so.0(+0x14420) [0x7f11901e8420]
 4  /opt/conda/envs/gdf/lib/libucp.so.0(ucp_mem_type_unpack+0x14) [0x7f10d5a27ba4]
 5  /opt/conda/envs/gdf/lib/libucp.so.0(ucp_rndv_data_handler+0x4e9) [0x7f10d5a4edc9]
 6  /opt/conda/envs/gdf/lib/libuct.so.0(+0x2045f) [0x7f10d596245f]
 7  /opt/conda/envs/gdf/lib/libuct.so.0(+0x238c8) [0x7f10d59658c8]
 8  /opt/conda/envs/gdf/lib/libucs.so.0(ucs_event_set_wait+0xb9) [0x7f10d59b2299]
 9  /opt/conda/envs/gdf/lib/libuct.so.0(uct_tcp_iface_progress+0x7d) [0x7f10d596465d]
10  /opt/conda/envs/gdf/lib/libucp.so.0(ucp_worker_progress+0x5a) [0x7f10d5a24d9a]
11  /opt/conda/envs/gdf/lib/python3.9/site-packages/ucp/_libs/ucx_api.cpython-39-x86_64-linux-gnu.so(+0x2b17a) [0x7f10d5ad617a]
12  /opt/conda/envs/gdf/bin/python(+0x13eb08) [0x5597e2e16b08]
13  /opt/conda/envs/gdf/bin/python(_PyEval_EvalFrameDefault+0x5f82) [0x5597e2e07112]
14  /opt/conda/envs/gdf/bin/python(+0x12827a) [0x5597e2e0027a]
15  /opt/conda/envs/gdf/bin/python(_PyFunction_Vectorcall+0xd5) [0x5597e2e11c05]
16  /opt/conda/envs/gdf/bin/python(_PyEval_EvalFrameDefault+0x68b) [0x5597e2e0181b]
17  /opt/conda/envs/gdf/bin/python(+0x139ef3) [0x5597e2e11ef3]
18  /opt/conda/envs/gdf/bin/python(+0x147a16) [0x5597e2e1fa16]
19  /opt/conda/envs/gdf/bin/python(+0x2579b1) [0x5597e2f2f9b1]
20  /opt/conda/envs/gdf/bin/python(+0xe5817) [0x5597e2dbd817]
21  /opt/conda/envs/gdf/bin/python(+0x130f83) [0x5597e2e08f83]
22  /opt/conda/envs/gdf/bin/python(_PyEval_EvalFrameDefault+0x5ba6) [0x5597e2e06d36]
23  /opt/conda/envs/gdf/bin/python(+0x139ef3) [0x5597e2e11ef3]
24  /opt/conda/envs/gdf/bin/python(_PyEval_EvalFrameDefault+0x68b) [0x5597e2e0181b]
25  /opt/conda/envs/gdf/bin/python(+0x139ef3) [0x5597e2e11ef3]
26  /opt/conda/envs/gdf/bin/python(_PyEval_EvalFrameDefault+0x68b) [0x5597e2e0181b]
27  /opt/conda/envs/gdf/bin/python(+0x139ef3) [0x5597e2e11ef3]
28  /opt/conda/envs/gdf/bin/python(_PyEval_EvalFrameDefault+0x68b) [0x5597e2e0181b]
29  /opt/conda/envs/gdf/bin/python(+0x139ef3) [0x5597e2e11ef3]
30  /opt/conda/envs/gdf/bin/python(_PyEval_EvalFrameDefault+0x68b) [0x5597e2e0181b]
31  /opt/conda/envs/gdf/bin/python(+0x12827a) [0x5597e2e0027a]
32  /opt/conda/envs/gdf/bin/python(_PyFunction_Vectorcall+0xd5) [0x5597e2e11c05]
33  /opt/conda/envs/gdf/bin/python(_PyEval_EvalFrameDefault+0x4e17) [0x5597e2e05fa7]
34  /opt/conda/envs/gdf/bin/python(+0x12827a) [0x5597e2e0027a]
35  /opt/conda/envs/gdf/bin/python(+0x147935) [0x5597e2e1f935]
36  /opt/conda/envs/gdf/bin/python(PyObject_Call+0xb4) [0x5597e2e20104]
37  /opt/conda/envs/gdf/bin/python(+0x20efc8) [0x5597e2ee6fc8]
38  /opt/conda/envs/gdf/bin/python(_PyObject_MakeTpCall+0x2fc) [0x5597e2e0a2bc]
39  /opt/conda/envs/gdf/bin/python(_PyEval_EvalFrameDefault+0x402b) [0x5597e2e051bb]
40  /opt/conda/envs/gdf/bin/python(+0x139ef3) [0x5597e2e11ef3]
41  /opt/conda/envs/gdf/bin/python(+0x147c72) [0x5597e2e1fc72]
42  /opt/conda/envs/gdf/bin/python(_PyEval_EvalFrameDefault+0x402b) [0x5597e2e051bb]
43  /opt/conda/envs/gdf/bin/python(+0x139ef3) [0x5597e2e11ef3]
44  /opt/conda/envs/gdf/bin/python(_PyEval_EvalFrameDefault+0x68b) [0x5597e2e0181b]
45  /opt/conda/envs/gdf/bin/python(+0x12827a) [0x5597e2e0027a]
46  /opt/conda/envs/gdf/bin/python(_PyFunction_Vectorcall+0xd5) [0x5597e2e11c05]
47  /opt/conda/envs/gdf/bin/python(_PyEval_EvalFrameDefault+0x68b) [0x5597e2e0181b]
48  /opt/conda/envs/gdf/bin/python(+0x139ef3) [0x5597e2e11ef3]
49  /opt/conda/envs/gdf/bin/python(_PyEval_EvalFrameDefault+0x3d8) [0x5597e2e01568]
50  /opt/conda/envs/gdf/bin/python(+0x12827a) [0x5597e2e0027a]
51  /opt/conda/envs/gdf/bin/python(_PyFunction_Vectorcall+0xd5) [0x5597e2e11c05]
52  /opt/conda/envs/gdf/bin/python(_PyEval_EvalFrameDefault+0x123b) [0x5597e2e023cb]
53  /opt/conda/envs/gdf/bin/python(+0x12827a) [0x5597e2e0027a]
54  /opt/conda/envs/gdf/bin/python(_PyEval_EvalCodeWithName+0x47) [0x5597e2dfff07]
55  /opt/conda/envs/gdf/bin/python(PyEval_EvalCodeEx+0x39) [0x5597e2dffeb9]
56  /opt/conda/envs/gdf/bin/python(PyEval_EvalCode+0x1b) [0x5597e2eb08bb]
57  /opt/conda/envs/gdf/bin/python(+0x206adc) [0x5597e2edeadc]
58  /opt/conda/envs/gdf/bin/python(+0x202c24) [0x5597e2edac24]
59  /opt/conda/envs/gdf/bin/python(PyRun_StringFlags+0x9d) [0x5597e2ed27ed]
60  /opt/conda/envs/gdf/bin/python(PyRun_SimpleStringFlags+0x3d) [0x5597e2ed26bd]
61  /opt/conda/envs/gdf/bin/python(Py_RunMain+0x262) [0x5597e2ed18a2]
=================================
[dgx13:76161:0:76161] Caught signal 11 (Segmentation fault: address not mapped to object at address 0x448)
==== backtrace (tid:  76161) ====
 0  /opt/conda/envs/gdf/lib/libucs.so.0(ucs_handle_error+0x2fd) [0x7fe7e5bccc8d]
 1  /opt/conda/envs/gdf/lib/libucs.so.0(+0x2ae84) [0x7fe7e5bcce84]
 2  /opt/conda/envs/gdf/lib/libucs.so.0(+0x2b04a) [0x7fe7e5bcd04a]
 3  /usr/lib/x86_64-linux-gnu/libpthread.so.0(+0x14420) [0x7fe88c413420]
 4  /opt/conda/envs/gdf/lib/libucp.so.0(ucp_mem_type_unpack+0x14) [0x7fe7e5c4bba4]
 5  /opt/conda/envs/gdf/lib/libucp.so.0(ucp_rndv_data_handler+0x4e9) [0x7fe7e5c72dc9]
 6  /opt/conda/envs/gdf/lib/libuct.so.0(+0x2045f) [0x7fe7e5b8645f]
 7  /opt/conda/envs/gdf/lib/libuct.so.0(+0x238c8) [0x7fe7e5b898c8]
 8  /opt/conda/envs/gdf/lib/libucs.so.0(ucs_event_set_wait+0xb9) [0x7fe7e5bd6299]
 9  /opt/conda/envs/gdf/lib/libuct.so.0(uct_tcp_iface_progress+0x7d) [0x7fe7e5b8865d]
10  /opt/conda/envs/gdf/lib/libucp.so.0(ucp_worker_progress+0x5a) [0x7fe7e5c48d9a]
11  /opt/conda/envs/gdf/lib/python3.9/site-packages/ucp/_libs/ucx_api.cpython-39-x86_64-linux-gnu.so(+0x2b17a) [0x7fe7e5cfa17a]
12  /opt/conda/envs/gdf/bin/python(+0x13eb08) [0x560c16c7cb08]
13  /opt/conda/envs/gdf/bin/python(_PyEval_EvalFrameDefault+0x5f82) [0x560c16c6d112]
14  /opt/conda/envs/gdf/bin/python(+0x12827a) [0x560c16c6627a]
15  /opt/conda/envs/gdf/bin/python(_PyFunction_Vectorcall+0xd5) [0x560c16c77c05]
16  /opt/conda/envs/gdf/bin/python(_PyEval_EvalFrameDefault+0x68b) [0x560c16c6781b]
17  /opt/conda/envs/gdf/bin/python(+0x14e70e) [0x560c16c8c70e]
18  /opt/conda/envs/gdf/lib/python3.9/lib-dynload/_asyncio.cpython-39-x86_64-linux-gnu.so(+0x82fe) [0x7fe80bf812fe]
19  /opt/conda/envs/gdf/bin/python(_PyObject_MakeTpCall+0x2fc) [0x560c16c702bc]
20  /opt/conda/envs/gdf/bin/python(+0xe5817) [0x560c16c23817]
21  /opt/conda/envs/gdf/bin/python(+0x130f83) [0x560c16c6ef83]
22  /opt/conda/envs/gdf/bin/python(_PyEval_EvalFrameDefault+0x5ba6) [0x560c16c6cd36]
23  /opt/conda/envs/gdf/bin/python(+0x139ef3) [0x560c16c77ef3]
24  /opt/conda/envs/gdf/bin/python(_PyEval_EvalFrameDefault+0x68b) [0x560c16c6781b]
25  /opt/conda/envs/gdf/bin/python(+0x139ef3) [0x560c16c77ef3]
26  /opt/conda/envs/gdf/bin/python(_PyEval_EvalFrameDefault+0x68b) [0x560c16c6781b]
27  /opt/conda/envs/gdf/bin/python(+0x139ef3) [0x560c16c77ef3]
28  /opt/conda/envs/gdf/bin/python(_PyEval_EvalFrameDefault+0x68b) [0x560c16c6781b]
29  /opt/conda/envs/gdf/bin/python(+0x139ef3) [0x560c16c77ef3]
30  /opt/conda/envs/gdf/bin/python(_PyEval_EvalFrameDefault+0x68b) [0x560c16c6781b]
31  /opt/conda/envs/gdf/bin/python(+0x12827a) [0x560c16c6627a]
32  /opt/conda/envs/gdf/bin/python(_PyFunction_Vectorcall+0xd5) [0x560c16c77c05]
33  /opt/conda/envs/gdf/bin/python(_PyEval_EvalFrameDefault+0x4e17) [0x560c16c6bfa7]
34  /opt/conda/envs/gdf/bin/python(+0x12827a) [0x560c16c6627a]
35  /opt/conda/envs/gdf/bin/python(+0x147935) [0x560c16c85935]
36  /opt/conda/envs/gdf/bin/python(PyObject_Call+0xb4) [0x560c16c86104]
37  /opt/conda/envs/gdf/bin/python(+0x20efc8) [0x560c16d4cfc8]
38  /opt/conda/envs/gdf/bin/python(_PyObject_MakeTpCall+0x2fc) [0x560c16c702bc]
39  /opt/conda/envs/gdf/bin/python(_PyEval_EvalFrameDefault+0x402b) [0x560c16c6b1bb]
40  /opt/conda/envs/gdf/bin/python(+0x139ef3) [0x560c16c77ef3]
41  /opt/conda/envs/gdf/bin/python(+0x147c72) [0x560c16c85c72]
42  /opt/conda/envs/gdf/bin/python(_PyEval_EvalFrameDefault+0x402b) [0x560c16c6b1bb]
43  /opt/conda/envs/gdf/bin/python(+0x139ef3) [0x560c16c77ef3]
44  /opt/conda/envs/gdf/bin/python(_PyEval_EvalFrameDefault+0x68b) [0x560c16c6781b]
45  /opt/conda/envs/gdf/bin/python(+0x12827a) [0x560c16c6627a]
46  /opt/conda/envs/gdf/bin/python(_PyFunction_Vectorcall+0xd5) [0x560c16c77c05]
47  /opt/conda/envs/gdf/bin/python(_PyEval_EvalFrameDefault+0x68b) [0x560c16c6781b]
48  /opt/conda/envs/gdf/bin/python(+0x139ef3) [0x560c16c77ef3]
49  /opt/conda/envs/gdf/bin/python(_PyEval_EvalFrameDefault+0x3d8) [0x560c16c67568]
50  /opt/conda/envs/gdf/bin/python(+0x12827a) [0x560c16c6627a]
51  /opt/conda/envs/gdf/bin/python(_PyFunction_Vectorcall+0xd5) [0x560c16c77c05]
52  /opt/conda/envs/gdf/bin/python(_PyEval_EvalFrameDefault+0x123b) [0x560c16c683cb]
53  /opt/conda/envs/gdf/bin/python(+0x12827a) [0x560c16c6627a]
54  /opt/conda/envs/gdf/bin/python(_PyEval_EvalCodeWithName+0x47) [0x560c16c65f07]
55  /opt/conda/envs/gdf/bin/python(PyEval_EvalCodeEx+0x39) [0x560c16c65eb9]
56  /opt/conda/envs/gdf/bin/python(PyEval_EvalCode+0x1b) [0x560c16d168bb]
57  /opt/conda/envs/gdf/bin/python(+0x206adc) [0x560c16d44adc]
58  /opt/conda/envs/gdf/bin/python(+0x202c24) [0x560c16d40c24]
59  /opt/conda/envs/gdf/bin/python(PyRun_StringFlags+0x9d) [0x560c16d387ed]
60  /opt/conda/envs/gdf/bin/python(PyRun_SimpleStringFlags+0x3d) [0x560c16d386bd]
61  /opt/conda/envs/gdf/bin/python(Py_RunMain+0x262) [0x560c16d378a2]
=================================
[dgx13:76185:0:76185] Caught signal 11 (Segmentation fault: address not mapped to object at address 0x448)
[dgx13:76176:0:76176] Caught signal 11 (Segmentation fault: address not mapped to object at address 0x448)
==== backtrace (tid:  76185) ====
 0  /opt/conda/envs/gdf/lib/libucs.so.0(ucs_handle_error+0x2fd) [0x7fd76c1dcc8d]
 1  /opt/conda/envs/gdf/lib/libucs.so.0(+0x2ae84) [0x7fd76c1dce84]
 2  /opt/conda/envs/gdf/lib/libucs.so.0(+0x2b04a) [0x7fd76c1dd04a]
 3  /usr/lib/x86_64-linux-gnu/libpthread.so.0(+0x14420) [0x7fd7fea25420]
 4  /opt/conda/envs/gdf/lib/libucp.so.0(ucp_mem_type_unpack+0x14) [0x7fd76c25bba4]
 5  /opt/conda/envs/gdf/lib/libucp.so.0(ucp_rndv_data_handler+0x4e9) [0x7fd76c282dc9]
 6  /opt/conda/envs/gdf/lib/libuct.so.0(+0x2045f) [0x7fd76c19645f]
 7  /opt/conda/envs/gdf/lib/libuct.so.0(+0x238c8) [0x7fd76c1998c8]
 8  /opt/conda/envs/gdf/lib/libucs.so.0(ucs_event_set_wait+0xb9) [0x7fd76c1e6299]
 9  /opt/conda/envs/gdf/lib/libuct.so.0(uct_tcp_iface_progress+0x7d) [0x7fd76c19865d]
10  /opt/conda/envs/gdf/lib/libucp.so.0(ucp_worker_progress+0x5a) [0x7fd76c258d9a]
11  /opt/conda/envs/gdf/lib/python3.9/site-packages/ucp/_libs/ucx_api.cpython-39-x86_64-linux-gnu.so(+0x2b17a) [0x7fd76c30a17a]
12  /opt/conda/envs/gdf/bin/python(+0x13eb08) [0x563fbf9b1b08]
13  /opt/conda/envs/gdf/bin/python(_PyEval_EvalFrameDefault+0x5f82) [0x563fbf9a2112]
14  /opt/conda/envs/gdf/bin/python(+0x12827a) [0x563fbf99b27a]
15  /opt/conda/envs/gdf/bin/python(_PyFunction_Vectorcall+0xd5) [0x563fbf9acc05]
16  /opt/conda/envs/gdf/bin/python(_PyEval_EvalFrameDefault+0x68b) [0x563fbf99c81b]
17  /opt/conda/envs/gdf/bin/python(+0x139ef3) [0x563fbf9acef3]
18  /opt/conda/envs/gdf/bin/python(+0x147a16) [0x563fbf9baa16]
19  /opt/conda/envs/gdf/bin/python(+0x2579b1) [0x563fbfaca9b1]
20  /opt/conda/envs/gdf/bin/python(+0xe5817) [0x563fbf958817]
21  /opt/conda/envs/gdf/bin/python(+0x130f83) [0x563fbf9a3f83]
22  /opt/conda/envs/gdf/bin/python(_PyEval_EvalFrameDefault+0x5ba6) [0x563fbf9a1d36]
23  /opt/conda/envs/gdf/bin/python(+0x139ef3) [0x563fbf9acef3]
24  /opt/conda/envs/gdf/bin/python(_PyEval_EvalFrameDefault+0x68b) [0x563fbf99c81b]
25  /opt/conda/envs/gdf/bin/python(+0x139ef3) [0x563fbf9acef3]
26  /opt/conda/envs/gdf/bin/python(_PyEval_EvalFrameDefault+0x68b) [0x563fbf99c81b]
27  /opt/conda/envs/gdf/bin/python(+0x139ef3) [0x563fbf9acef3]
28  /opt/conda/envs/gdf/bin/python(_PyEval_EvalFrameDefault+0x68b) [0x563fbf99c81b]
29  /opt/conda/envs/gdf/bin/python(+0x139ef3) [0x563fbf9acef3]
30  /opt/conda/envs/gdf/bin/python(_PyEval_EvalFrameDefault+0x68b) [0x563fbf99c81b]
31  /opt/conda/envs/gdf/bin/python(+0x12827a) [0x563fbf99b27a]
32  /opt/conda/envs/gdf/bin/python(_PyFunction_Vectorcall+0xd5) [0x563fbf9acc05]
33  /opt/conda/envs/gdf/bin/python(_PyEval_EvalFrameDefault+0x4e17) [0x563fbf9a0fa7]
34  /opt/conda/envs/gdf/bin/python(+0x12827a) [0x563fbf99b27a]
35  /opt/conda/envs/gdf/bin/python(+0x147935) [0x563fbf9ba935]
36  /opt/conda/envs/gdf/bin/python(PyObject_Call+0xb4) [0x563fbf9bb104]
37  /opt/conda/envs/gdf/bin/python(+0x20efc8) [0x563fbfa81fc8]
38  /opt/conda/envs/gdf/bin/python(_PyObject_MakeTpCall+0x2fc) [0x563fbf9a52bc]
39  /opt/conda/envs/gdf/bin/python(_PyEval_EvalFrameDefault+0x402b) [0x563fbf9a01bb]
40  /opt/conda/envs/gdf/bin/python(+0x139ef3) [0x563fbf9acef3]
41  /opt/conda/envs/gdf/bin/python(+0x147c72) [0x563fbf9bac72]
42  /opt/conda/envs/gdf/bin/python(_PyEval_EvalFrameDefault+0x402b) [0x563fbf9a01bb]
43  /opt/conda/envs/gdf/bin/python(+0x139ef3) [0x563fbf9acef3]
44  /opt/conda/envs/gdf/bin/python(_PyEval_EvalFrameDefault+0x68b) [0x563fbf99c81b]
45  /opt/conda/envs/gdf/bin/python(+0x12827a) [0x563fbf99b27a]
46  /opt/conda/envs/gdf/bin/python(_PyFunction_Vectorcall+0xd5) [0x563fbf9acc05]
47  /opt/conda/envs/gdf/bin/python(_PyEval_EvalFrameDefault+0x68b) [0x563fbf99c81b]
48  /opt/conda/envs/gdf/bin/python(+0x139ef3) [0x563fbf9acef3]
49  /opt/conda/envs/gdf/bin/python(_PyEval_EvalFrameDefault+0x3d8) [0x563fbf99c568]
50  /opt/conda/envs/gdf/bin/python(+0x12827a) [0x563fbf99b27a]
51  /opt/conda/envs/gdf/bin/python(_PyFunction_Vectorcall+0xd5) [0x563fbf9acc05]
52  /opt/conda/envs/gdf/bin/python(_PyEval_EvalFrameDefault+0x123b) [0x563fbf99d3cb]
53  /opt/conda/envs/gdf/bin/python(+0x12827a) [0x563fbf99b27a]
54  /opt/conda/envs/gdf/bin/python(_PyEval_EvalCodeWithName+0x47) [0x563fbf99af07]
55  /opt/conda/envs/gdf/bin/python(PyEval_EvalCodeEx+0x39) [0x563fbf99aeb9]
56  /opt/conda/envs/gdf/bin/python(PyEval_EvalCode+0x1b) [0x563fbfa4b8bb]
57  /opt/conda/envs/gdf/bin/python(+0x206adc) [0x563fbfa79adc]
58  /opt/conda/envs/gdf/bin/python(+0x202c24) [0x563fbfa75c24]
59  /opt/conda/envs/gdf/bin/python(PyRun_StringFlags+0x9d) [0x563fbfa6d7ed]
60  /opt/conda/envs/gdf/bin/python(PyRun_SimpleStringFlags+0x3d) [0x563fbfa6d6bd]
61  /opt/conda/envs/gdf/bin/python(Py_RunMain+0x262) [0x563fbfa6c8a2]
=================================
==== backtrace (tid:  76176) ====
 0  /opt/conda/envs/gdf/lib/libucs.so.0(ucs_handle_error+0x2fd) [0x7fd7b4498c8d]
 1  /opt/conda/envs/gdf/lib/libucs.so.0(+0x2ae84) [0x7fd7b4498e84]
 2  /opt/conda/envs/gdf/lib/libucs.so.0(+0x2b04a) [0x7fd7b449904a]
 3  /usr/lib/x86_64-linux-gnu/libpthread.so.0(+0x14420) [0x7fd854cd4420]
 4  /opt/conda/envs/gdf/lib/libucp.so.0(ucp_mem_type_unpack+0x14) [0x7fd7b4517ba4]
 5  /opt/conda/envs/gdf/lib/libucp.so.0(ucp_rndv_data_handler+0x4e9) [0x7fd7b453edc9]
 6  /opt/conda/envs/gdf/lib/libuct.so.0(+0x2045f) [0x7fd7b445245f]
 7  /opt/conda/envs/gdf/lib/libuct.so.0(+0x238c8) [0x7fd7b44558c8]
 8  /opt/conda/envs/gdf/lib/libucs.so.0(ucs_event_set_wait+0xb9) [0x7fd7b44a2299]
 9  /opt/conda/envs/gdf/lib/libuct.so.0(uct_tcp_iface_progress+0x7d) [0x7fd7b445465d]
10  /opt/conda/envs/gdf/lib/libucp.so.0(ucp_worker_progress+0x5a) [0x7fd7b4514d9a]
11  /opt/conda/envs/gdf/lib/python3.9/site-packages/ucp/_libs/ucx_api.cpython-39-x86_64-linux-gnu.so(+0x2b17a) [0x7fd7b45c617a]
12  /opt/conda/envs/gdf/bin/python(+0x13eb08) [0x5581cb659b08]
13  /opt/conda/envs/gdf/bin/python(_PyEval_EvalFrameDefault+0x5f82) [0x5581cb64a112]
14  /opt/conda/envs/gdf/bin/python(+0x12827a) [0x5581cb64327a]
15  /opt/conda/envs/gdf/bin/python(_PyFunction_Vectorcall+0xd5) [0x5581cb654c05]
16  /opt/conda/envs/gdf/bin/python(_PyEval_EvalFrameDefault+0x68b) [0x5581cb64481b]
17  /opt/conda/envs/gdf/bin/python(+0x139ef3) [0x5581cb654ef3]
18  /opt/conda/envs/gdf/bin/python(+0x147a16) [0x5581cb662a16]
19  /opt/conda/envs/gdf/bin/python(+0x2579b1) [0x5581cb7729b1]
20  /opt/conda/envs/gdf/bin/python(+0xe5817) [0x5581cb600817]
21  /opt/conda/envs/gdf/bin/python(+0x130f83) [0x5581cb64bf83]
22  /opt/conda/envs/gdf/bin/python(_PyEval_EvalFrameDefault+0x5ba6) [0x5581cb649d36]
23  /opt/conda/envs/gdf/bin/python(+0x139ef3) [0x5581cb654ef3]
24  /opt/conda/envs/gdf/bin/python(_PyEval_EvalFrameDefault+0x68b) [0x5581cb64481b]
25  /opt/conda/envs/gdf/bin/python(+0x139ef3) [0x5581cb654ef3]
26  /opt/conda/envs/gdf/bin/python(_PyEval_EvalFrameDefault+0x68b) [0x5581cb64481b]
27  /opt/conda/envs/gdf/bin/python(+0x139ef3) [0x5581cb654ef3]
28  /opt/conda/envs/gdf/bin/python(_PyEval_EvalFrameDefault+0x68b) [0x5581cb64481b]
29  /opt/conda/envs/gdf/bin/python(+0x139ef3) [0x5581cb654ef3]
30  /opt/conda/envs/gdf/bin/python(_PyEval_EvalFrameDefault+0x68b) [0x5581cb64481b]
31  /opt/conda/envs/gdf/bin/python(+0x12827a) [0x5581cb64327a]
32  /opt/conda/envs/gdf/bin/python(_PyFunction_Vectorcall+0xd5) [0x5581cb654c05]
33  /opt/conda/envs/gdf/bin/python(_PyEval_EvalFrameDefault+0x4e17) [0x5581cb648fa7]
34  /opt/conda/envs/gdf/bin/python(+0x12827a) [0x5581cb64327a]
35  /opt/conda/envs/gdf/bin/python(+0x147935) [0x5581cb662935]
36  /opt/conda/envs/gdf/bin/python(PyObject_Call+0xb4) [0x5581cb663104]
37  /opt/conda/envs/gdf/bin/python(+0x20efc8) [0x5581cb729fc8]
38  /opt/conda/envs/gdf/bin/python(_PyObject_MakeTpCall+0x2fc) [0x5581cb64d2bc]
39  /opt/conda/envs/gdf/bin/python(_PyEval_EvalFrameDefault+0x402b) [0x5581cb6481bb]
40  /opt/conda/envs/gdf/bin/python(+0x139ef3) [0x5581cb654ef3]
41  /opt/conda/envs/gdf/bin/python(+0x147c72) [0x5581cb662c72]
42  /opt/conda/envs/gdf/bin/python(_PyEval_EvalFrameDefault+0x402b) [0x5581cb6481bb]
43  /opt/conda/envs/gdf/bin/python(+0x139ef3) [0x5581cb654ef3]
44  /opt/conda/envs/gdf/bin/python(_PyEval_EvalFrameDefault+0x68b) [0x5581cb64481b]
45  /opt/conda/envs/gdf/bin/python(+0x12827a) [0x5581cb64327a]
46  /opt/conda/envs/gdf/bin/python(_PyFunction_Vectorcall+0xd5) [0x5581cb654c05]
47  /opt/conda/envs/gdf/bin/python(_PyEval_EvalFrameDefault+0x68b) [0x5581cb64481b]
48  /opt/conda/envs/gdf/bin/python(+0x139ef3) [0x5581cb654ef3]
49  /opt/conda/envs/gdf/bin/python(_PyEval_EvalFrameDefault+0x3d8) [0x5581cb644568]
50  /opt/conda/envs/gdf/bin/python(+0x12827a) [0x5581cb64327a]
51  /opt/conda/envs/gdf/bin/python(_PyFunction_Vectorcall+0xd5) [0x5581cb654c05]
52  /opt/conda/envs/gdf/bin/python(_PyEval_EvalFrameDefault+0x123b) [0x5581cb6453cb]
53  /opt/conda/envs/gdf/bin/python(+0x12827a) [0x5581cb64327a]
54  /opt/conda/envs/gdf/bin/python(_PyEval_EvalCodeWithName+0x47) [0x5581cb642f07]
55  /opt/conda/envs/gdf/bin/python(PyEval_EvalCodeEx+0x39) [0x5581cb642eb9]
56  /opt/conda/envs/gdf/bin/python(PyEval_EvalCode+0x1b) [0x5581cb6f38bb]
57  /opt/conda/envs/gdf/bin/python(+0x206adc) [0x5581cb721adc]
58  /opt/conda/envs/gdf/bin/python(+0x202c24) [0x5581cb71dc24]
59  /opt/conda/envs/gdf/bin/python(PyRun_StringFlags+0x9d) [0x5581cb7157ed]
60  /opt/conda/envs/gdf/bin/python(PyRun_SimpleStringFlags+0x3d) [0x5581cb7156bd]
61  /opt/conda/envs/gdf/bin/python(Py_RunMain+0x262) [0x5581cb7148a2]
=================================
[dgx13:76165:0:76165] Caught signal 11 (Segmentation fault: address not mapped to object at address 0x448)
==== backtrace (tid:  76165) ====
 0  /opt/conda/envs/gdf/lib/libucs.so.0(ucs_handle_error+0x2fd) [0x7fb741af6c8d]
 1  /opt/conda/envs/gdf/lib/libucs.so.0(+0x2ae84) [0x7fb741af6e84]
 2  /opt/conda/envs/gdf/lib/libucs.so.0(+0x2b04a) [0x7fb741af704a]
 3  /usr/lib/x86_64-linux-gnu/libpthread.so.0(+0x14420) [0x7fb7e41fb420]
 4  /opt/conda/envs/gdf/lib/libucp.so.0(ucp_mem_type_unpack+0x14) [0x7fb741b75ba4]
 5  /opt/conda/envs/gdf/lib/libucp.so.0(ucp_rndv_data_handler+0x4e9) [0x7fb741b9cdc9]
 6  /opt/conda/envs/gdf/lib/libuct.so.0(+0x2045f) [0x7fb74403145f]
 7  /opt/conda/envs/gdf/lib/libuct.so.0(+0x238c8) [0x7fb7440348c8]
 8  /opt/conda/envs/gdf/lib/libucs.so.0(ucs_event_set_wait+0xb9) [0x7fb741b00299]
 9  /opt/conda/envs/gdf/lib/libuct.so.0(uct_tcp_iface_progress+0x7d) [0x7fb74403365d]
10  /opt/conda/envs/gdf/lib/libucp.so.0(ucp_worker_progress+0x5a) [0x7fb741b72d9a]
11  /opt/conda/envs/gdf/lib/python3.9/site-packages/ucp/_libs/ucx_api.cpython-39-x86_64-linux-gnu.so(+0x2b17a) [0x7fb741c2417a]
12  /opt/conda/envs/gdf/bin/python(+0x13eb08) [0x55ef22260b08]
13  /opt/conda/envs/gdf/bin/python(_PyEval_EvalFrameDefault+0x5f82) [0x55ef22251112]
14  /opt/conda/envs/gdf/bin/python(+0x12827a) [0x55ef2224a27a]
15  /opt/conda/envs/gdf/bin/python(_PyFunction_Vectorcall+0xd5) [0x55ef2225bc05]
16  /opt/conda/envs/gdf/bin/python(_PyEval_EvalFrameDefault+0x68b) [0x55ef2224b81b]
17  /opt/conda/envs/gdf/bin/python(+0x14e70e) [0x55ef2227070e]
18  /opt/conda/envs/gdf/lib/python3.9/lib-dynload/_asyncio.cpython-39-x86_64-linux-gnu.so(+0x82fe) [0x7fb763d6d2fe]
19  /opt/conda/envs/gdf/bin/python(_PyObject_MakeTpCall+0x2fc) [0x55ef222542bc]
20  /opt/conda/envs/gdf/bin/python(+0xe5817) [0x55ef22207817]
21  /opt/conda/envs/gdf/bin/python(+0x130f83) [0x55ef22252f83]
22  /opt/conda/envs/gdf/bin/python(_PyEval_EvalFrameDefault+0x5ba6) [0x55ef22250d36]
23  /opt/conda/envs/gdf/bin/python(+0x139ef3) [0x55ef2225bef3]
24  /opt/conda/envs/gdf/bin/python(_PyEval_EvalFrameDefault+0x68b) [0x55ef2224b81b]
25  /opt/conda/envs/gdf/bin/python(+0x139ef3) [0x55ef2225bef3]
26  /opt/conda/envs/gdf/bin/python(_PyEval_EvalFrameDefault+0x68b) [0x55ef2224b81b]
27  /opt/conda/envs/gdf/bin/python(+0x139ef3) [0x55ef2225bef3]
28  /opt/conda/envs/gdf/bin/python(_PyEval_EvalFrameDefault+0x68b) [0x55ef2224b81b]
29  /opt/conda/envs/gdf/bin/python(+0x139ef3) [0x55ef2225bef3]
30  /opt/conda/envs/gdf/bin/python(_PyEval_EvalFrameDefault+0x68b) [0x55ef2224b81b]
31  /opt/conda/envs/gdf/bin/python(+0x12827a) [0x55ef2224a27a]
32  /opt/conda/envs/gdf/bin/python(_PyFunction_Vectorcall+0xd5) [0x55ef2225bc05]
33  /opt/conda/envs/gdf/bin/python(_PyEval_EvalFrameDefault+0x4e17) [0x55ef2224ffa7]
34  /opt/conda/envs/gdf/bin/python(+0x12827a) [0x55ef2224a27a]
35  /opt/conda/envs/gdf/bin/python(+0x147935) [0x55ef22269935]
36  /opt/conda/envs/gdf/bin/python(PyObject_Call+0xb4) [0x55ef2226a104]
37  /opt/conda/envs/gdf/bin/python(+0x20efc8) [0x55ef22330fc8]
38  /opt/conda/envs/gdf/bin/python(_PyObject_MakeTpCall+0x2fc) [0x55ef222542bc]
39  /opt/conda/envs/gdf/bin/python(_PyEval_EvalFrameDefault+0x402b) [0x55ef2224f1bb]
40  /opt/conda/envs/gdf/bin/python(+0x139ef3) [0x55ef2225bef3]
41  /opt/conda/envs/gdf/bin/python(+0x147c72) [0x55ef22269c72]
42  /opt/conda/envs/gdf/bin/python(_PyEval_EvalFrameDefault+0x402b) [0x55ef2224f1bb]
43  /opt/conda/envs/gdf/bin/python(+0x139ef3) [0x55ef2225bef3]
44  /opt/conda/envs/gdf/bin/python(_PyEval_EvalFrameDefault+0x68b) [0x55ef2224b81b]
45  /opt/conda/envs/gdf/bin/python(+0x12827a) [0x55ef2224a27a]
46  /opt/conda/envs/gdf/bin/python(_PyFunction_Vectorcall+0xd5) [0x55ef2225bc05]
47  /opt/conda/envs/gdf/bin/python(_PyEval_EvalFrameDefault+0x68b) [0x55ef2224b81b]
48  /opt/conda/envs/gdf/bin/python(+0x139ef3) [0x55ef2225bef3]
49  /opt/conda/envs/gdf/bin/python(_PyEval_EvalFrameDefault+0x3d8) [0x55ef2224b568]
50  /opt/conda/envs/gdf/bin/python(+0x12827a) [0x55ef2224a27a]
51  /opt/conda/envs/gdf/bin/python(_PyFunction_Vectorcall+0xd5) [0x55ef2225bc05]
52  /opt/conda/envs/gdf/bin/python(_PyEval_EvalFrameDefault+0x123b) [0x55ef2224c3cb]
53  /opt/conda/envs/gdf/bin/python(+0x12827a) [0x55ef2224a27a]
54  /opt/conda/envs/gdf/bin/python(_PyEval_EvalCodeWithName+0x47) [0x55ef22249f07]
55  /opt/conda/envs/gdf/bin/python(PyEval_EvalCodeEx+0x39) [0x55ef22249eb9]
56  /opt/conda/envs/gdf/bin/python(PyEval_EvalCode+0x1b) [0x55ef222fa8bb]
57  /opt/conda/envs/gdf/bin/python(+0x206adc) [0x55ef22328adc]
58  /opt/conda/envs/gdf/bin/python(+0x202c24) [0x55ef22324c24]
59  /opt/conda/envs/gdf/bin/python(PyRun_StringFlags+0x9d) [0x55ef2231c7ed]
60  /opt/conda/envs/gdf/bin/python(PyRun_SimpleStringFlags+0x3d) [0x55ef2231c6bd]
61  /opt/conda/envs/gdf/bin/python(Py_RunMain+0x262) [0x55ef2231b8a2]
=================================
2023-06-27 06:23:19,682 - distributed.worker - ERROR - Worker stream died during communication: ucx://127.0.0.1:59463
Traceback (most recent call last):
  File "/opt/conda/envs/gdf/lib/python3.9/site-packages/distributed/comm/ucx.py", line 349, in read
    await self.ep.recv(msg)
  File "/opt/conda/envs/gdf/lib/python3.9/site-packages/ucp/core.py", line 725, in recv
    ret = await comm.tag_recv(self._ep, buffer, nbytes, tag, name=log)
ucp._libs.exceptions.UCXCanceled: <[Recv #003] ep: 0x7f9918068180, tag: 0xd6244343e9c404f2, nbytes: 16, type: <class 'numpy.ndarray'>>: 

During handling of the above exception, another exception occurred:

Traceback (most recent call last):
  File "/opt/conda/envs/gdf/lib/python3.9/site-packages/distributed/worker.py", line 2066, in gather_dep
    response = await get_data_from_worker(
  File "/opt/conda/envs/gdf/lib/python3.9/site-packages/distributed/worker.py", line 2892, in get_data_from_worker
    response = await send_recv(
  File "/opt/conda/envs/gdf/lib/python3.9/site-packages/distributed/core.py", line 1024, in send_recv
    response = await comm.read(deserializers=deserializers)
  File "/opt/conda/envs/gdf/lib/python3.9/site-packages/distributed/utils.py", line 752, in wrapper
    return await func(*args, **kwargs)
  File "/opt/conda/envs/gdf/lib/python3.9/site-packages/distributed/comm/ucx.py", line 367, in read
    raise CommClosedError(
distributed.comm.core.CommClosedError: Connection closed by writer.
Inner exception: UCXCanceled("<[Recv #003] ep: 0x7f9918068180, tag: 0xd6244343e9c404f2, nbytes: 16, type: <class 'numpy.ndarray'>>: ")
2023-06-27 06:23:19,682 - distributed.worker - ERROR - Worker stream died during communication: ucx://127.0.0.1:59463
Traceback (most recent call last):
  File "/opt/conda/envs/gdf/lib/python3.9/site-packages/distributed/comm/ucx.py", line 349, in read
    await self.ep.recv(msg)
  File "/opt/conda/envs/gdf/lib/python3.9/site-packages/ucp/core.py", line 725, in recv
    ret = await comm.tag_recv(self._ep, buffer, nbytes, tag, name=log)
ucp._libs.exceptions.UCXCanceled: <[Recv #003] ep: 0x7fa9780c2200, tag: 0x18f8e0dafd138469, nbytes: 16, type: <class 'numpy.ndarray'>>: 

During handling of the above exception, another exception occurred:

Traceback (most recent call last):
  File "/opt/conda/envs/gdf/lib/python3.9/site-packages/distributed/worker.py", line 2066, in gather_dep
    response = await get_data_from_worker(
  File "/opt/conda/envs/gdf/lib/python3.9/site-packages/distributed/worker.py", line 2892, in get_data_from_worker
    response = await send_recv(
  File "/opt/conda/envs/gdf/lib/python3.9/site-packages/distributed/core.py", line 1024, in send_recv
    response = await comm.read(deserializers=deserializers)
  File "/opt/conda/envs/gdf/lib/python3.9/site-packages/distributed/utils.py", line 752, in wrapper
    return await func(*args, **kwargs)
  File "/opt/conda/envs/gdf/lib/python3.9/site-packages/distributed/comm/ucx.py", line 367, in read
    raise CommClosedError(
distributed.comm.core.CommClosedError: Connection closed by writer.
Inner exception: UCXCanceled("<[Recv #003] ep: 0x7fa9780c2200, tag: 0x18f8e0dafd138469, nbytes: 16, type: <class 'numpy.ndarray'>>: ")
2023-06-27 06:23:19,718 - distributed.worker - ERROR - Worker stream died during communication: ucx://127.0.0.1:54633
Traceback (most recent call last):
  File "/opt/conda/envs/gdf/lib/python3.9/site-packages/distributed/comm/ucx.py", line 349, in read
    await self.ep.recv(msg)
  File "/opt/conda/envs/gdf/lib/python3.9/site-packages/ucp/core.py", line 725, in recv
    ret = await comm.tag_recv(self._ep, buffer, nbytes, tag, name=log)
ucp._libs.exceptions.UCXCanceled: <[Recv #003] ep: 0x7f99180681c0, tag: 0xaecd3e44f03d2fb4, nbytes: 16, type: <class 'numpy.ndarray'>>: 

During handling of the above exception, another exception occurred:

Traceback (most recent call last):
  File "/opt/conda/envs/gdf/lib/python3.9/site-packages/distributed/worker.py", line 2066, in gather_dep
    response = await get_data_from_worker(
  File "/opt/conda/envs/gdf/lib/python3.9/site-packages/distributed/worker.py", line 2892, in get_data_from_worker
    response = await send_recv(
  File "/opt/conda/envs/gdf/lib/python3.9/site-packages/distributed/core.py", line 1024, in send_recv
    response = await comm.read(deserializers=deserializers)
  File "/opt/conda/envs/gdf/lib/python3.9/site-packages/distributed/utils.py", line 752, in wrapper
    return await func(*args, **kwargs)
  File "/opt/conda/envs/gdf/lib/python3.9/site-packages/distributed/comm/ucx.py", line 367, in read
    raise CommClosedError(
distributed.comm.core.CommClosedError: Connection closed by writer.
Inner exception: UCXCanceled("<[Recv #003] ep: 0x7f99180681c0, tag: 0xaecd3e44f03d2fb4, nbytes: 16, type: <class 'numpy.ndarray'>>: ")
2023-06-27 06:23:19,718 - distributed.worker - ERROR - Worker stream died during communication: ucx://127.0.0.1:54633
Traceback (most recent call last):
  File "/opt/conda/envs/gdf/lib/python3.9/site-packages/distributed/comm/ucx.py", line 349, in read
    await self.ep.recv(msg)
  File "/opt/conda/envs/gdf/lib/python3.9/site-packages/ucp/core.py", line 725, in recv
    ret = await comm.tag_recv(self._ep, buffer, nbytes, tag, name=log)
ucp._libs.exceptions.UCXCanceled: <[Recv #003] ep: 0x7f6f9d7401c0, tag: 0x71df5351d03a5387, nbytes: 16, type: <class 'numpy.ndarray'>>: 

During handling of the above exception, another exception occurred:

Traceback (most recent call last):
  File "/opt/conda/envs/gdf/lib/python3.9/site-packages/distributed/worker.py", line 2066, in gather_dep
    response = await get_data_from_worker(
  File "/opt/conda/envs/gdf/lib/python3.9/site-packages/distributed/worker.py", line 2892, in get_data_from_worker
    response = await send_recv(
  File "/opt/conda/envs/gdf/lib/python3.9/site-packages/distributed/core.py", line 1024, in send_recv
    response = await comm.read(deserializers=deserializers)
  File "/opt/conda/envs/gdf/lib/python3.9/site-packages/distributed/utils.py", line 752, in wrapper
    return await func(*args, **kwargs)
  File "/opt/conda/envs/gdf/lib/python3.9/site-packages/distributed/comm/ucx.py", line 367, in read
    raise CommClosedError(
distributed.comm.core.CommClosedError: Connection closed by writer.
Inner exception: UCXCanceled("<[Recv #003] ep: 0x7f6f9d7401c0, tag: 0x71df5351d03a5387, nbytes: 16, type: <class 'numpy.ndarray'>>: ")
2023-06-27 06:23:19,730 - distributed.worker - ERROR - Worker stream died during communication: ucx://127.0.0.1:52227
Traceback (most recent call last):
  File "/opt/conda/envs/gdf/lib/python3.9/site-packages/distributed/comm/ucx.py", line 391, in read
    await self.ep.recv(each_frame)
  File "/opt/conda/envs/gdf/lib/python3.9/site-packages/ucp/core.py", line 725, in recv
    ret = await comm.tag_recv(self._ep, buffer, nbytes, tag, name=log)
ucp._libs.exceptions.UCXError: <[Recv #007] ep: 0x7fa9780c21c0, tag: 0x139bad4f704e9094, nbytes: 50000000, type: <class 'rmm._lib.device_buffer.DeviceBuffer'>>: Connection reset by remote peer

During handling of the above exception, another exception occurred:

Traceback (most recent call last):
  File "/opt/conda/envs/gdf/lib/python3.9/site-packages/distributed/worker.py", line 2066, in gather_dep
    response = await get_data_from_worker(
  File "/opt/conda/envs/gdf/lib/python3.9/site-packages/distributed/worker.py", line 2892, in get_data_from_worker
    response = await send_recv(
  File "/opt/conda/envs/gdf/lib/python3.9/site-packages/distributed/core.py", line 1024, in send_recv
    response = await comm.read(deserializers=deserializers)
  File "/opt/conda/envs/gdf/lib/python3.9/site-packages/distributed/utils.py", line 752, in wrapper
    return await func(*args, **kwargs)
  File "/opt/conda/envs/gdf/lib/python3.9/site-packages/distributed/comm/ucx.py", line 397, in read
    raise CommClosedError(
distributed.comm.core.CommClosedError: Connection closed by writer.
Inner exception: UCXError("<[Recv #007] ep: 0x7fa9780c21c0, tag: 0x139bad4f704e9094, nbytes: 50000000, type: <class 'rmm._lib.device_buffer.DeviceBuffer'>>: Connection reset by remote peer")
2023-06-27 06:23:19,730 - distributed.worker - ERROR - failed during get data with ucx://127.0.0.1:47347 -> ucx://127.0.0.1:41155
Traceback (most recent call last):
  File "/opt/conda/envs/gdf/lib/python3.9/site-packages/distributed/comm/ucx.py", line 349, in read
    await self.ep.recv(msg)
  File "/opt/conda/envs/gdf/lib/python3.9/site-packages/ucp/core.py", line 725, in recv
    ret = await comm.tag_recv(self._ep, buffer, nbytes, tag, name=log)
ucp._libs.exceptions.UCXCanceled: <[Recv #006] ep: 0x7f6f9d7402c0, tag: 0x4a60ed3540fc17af, nbytes: 16, type: <class 'numpy.ndarray'>>: 

During handling of the above exception, another exception occurred:

Traceback (most recent call last):
  File "/opt/conda/envs/gdf/lib/python3.9/site-packages/distributed/worker.py", line 1793, in get_data
    response = await comm.read(deserializers=serializers)
  File "/opt/conda/envs/gdf/lib/python3.9/site-packages/distributed/utils.py", line 752, in wrapper
    return await func(*args, **kwargs)
  File "/opt/conda/envs/gdf/lib/python3.9/site-packages/distributed/comm/ucx.py", line 367, in read
    raise CommClosedError(
distributed.comm.core.CommClosedError: Connection closed by writer.
Inner exception: UCXCanceled("<[Recv #006] ep: 0x7f6f9d7402c0, tag: 0x4a60ed3540fc17af, nbytes: 16, type: <class 'numpy.ndarray'>>: ")
2023-06-27 06:23:19,730 - distributed.nanny - WARNING - Restarting worker
2023-06-27 06:23:19,731 - distributed.worker - ERROR - failed during get data with ucx://127.0.0.1:46093 -> ucx://127.0.0.1:41155
Traceback (most recent call last):
  File "/opt/conda/envs/gdf/lib/python3.9/site-packages/distributed/comm/ucx.py", line 333, in write
    await self.ep.send(each_frame)
  File "/opt/conda/envs/gdf/lib/python3.9/site-packages/ucp/core.py", line 650, in send
    return await comm.tag_send(self._ep, buffer, nbytes, tag, name=log)
ucp._libs.exceptions.UCXError: <[Send #007] ep: 0x7f99180682c0, tag: 0x749051d88fd71e7c, nbytes: 50000000, type: <class 'cupy.ndarray'>>: Connection reset by remote peer

During handling of the above exception, another exception occurred:

Traceback (most recent call last):
  File "/opt/conda/envs/gdf/lib/python3.9/site-packages/distributed/worker.py", line 1792, in get_data
    compressed = await comm.write(msg, serializers=serializers)
  File "/opt/conda/envs/gdf/lib/python3.9/site-packages/distributed/utils.py", line 752, in wrapper
    return await func(*args, **kwargs)
  File "/opt/conda/envs/gdf/lib/python3.9/site-packages/distributed/comm/ucx.py", line 337, in write
    raise CommClosedError("While writing, the connection was closed")
distributed.comm.core.CommClosedError: While writing, the connection was closed
2023-06-27 06:23:19,731 - distributed.worker - ERROR - failed during get data with ucx://127.0.0.1:33105 -> ucx://127.0.0.1:52227
Traceback (most recent call last):
  File "/opt/conda/envs/gdf/lib/python3.9/site-packages/distributed/comm/ucx.py", line 333, in write
    await self.ep.send(each_frame)
  File "/opt/conda/envs/gdf/lib/python3.9/site-packages/ucp/core.py", line 650, in send
    return await comm.tag_send(self._ep, buffer, nbytes, tag, name=log)
ucp._libs.exceptions.UCXError: <[Send #007] ep: 0x7fa9780c2340, tag: 0x1a646fa6644db02a, nbytes: 50000000, type: <class 'cupy.ndarray'>>: Connection reset by remote peer

During handling of the above exception, another exception occurred:

Traceback (most recent call last):
  File "/opt/conda/envs/gdf/lib/python3.9/site-packages/distributed/worker.py", line 1792, in get_data
    compressed = await comm.write(msg, serializers=serializers)
  File "/opt/conda/envs/gdf/lib/python3.9/site-packages/distributed/utils.py", line 752, in wrapper
    return await func(*args, **kwargs)
  File "/opt/conda/envs/gdf/lib/python3.9/site-packages/distributed/comm/ucx.py", line 337, in write
    raise CommClosedError("While writing, the connection was closed")
distributed.comm.core.CommClosedError: While writing, the connection was closed
2023-06-27 06:23:19,732 - distributed.worker - ERROR - failed during get data with ucx://127.0.0.1:33105 -> ucx://127.0.0.1:41155
Traceback (most recent call last):
  File "/opt/conda/envs/gdf/lib/python3.9/site-packages/distributed/comm/ucx.py", line 333, in write
    await self.ep.send(each_frame)
  File "/opt/conda/envs/gdf/lib/python3.9/site-packages/ucp/core.py", line 650, in send
    return await comm.tag_send(self._ep, buffer, nbytes, tag, name=log)
ucp._libs.exceptions.UCXError: <[Send #007] ep: 0x7fa9780c22c0, tag: 0xb69f61d71d92d215, nbytes: 50000000, type: <class 'cupy.ndarray'>>: Connection reset by remote peer

During handling of the above exception, another exception occurred:

Traceback (most recent call last):
  File "/opt/conda/envs/gdf/lib/python3.9/site-packages/distributed/worker.py", line 1792, in get_data
    compressed = await comm.write(msg, serializers=serializers)
  File "/opt/conda/envs/gdf/lib/python3.9/site-packages/distributed/utils.py", line 752, in wrapper
    return await func(*args, **kwargs)
  File "/opt/conda/envs/gdf/lib/python3.9/site-packages/distributed/comm/ucx.py", line 337, in write
    raise CommClosedError("While writing, the connection was closed")
distributed.comm.core.CommClosedError: While writing, the connection was closed
2023-06-27 06:23:19,732 - distributed.worker - ERROR - Worker stream died during communication: ucx://127.0.0.1:41155
Traceback (most recent call last):
  File "/opt/conda/envs/gdf/lib/python3.9/site-packages/distributed/comm/ucx.py", line 391, in read
    await self.ep.recv(each_frame)
  File "/opt/conda/envs/gdf/lib/python3.9/site-packages/ucp/core.py", line 725, in recv
    ret = await comm.tag_recv(self._ep, buffer, nbytes, tag, name=log)
ucp._libs.exceptions.UCXError: <[Recv #007] ep: 0x7fa9780c2180, tag: 0xe94224b16bbfe7cd, nbytes: 50000000, type: <class 'rmm._lib.device_buffer.DeviceBuffer'>>: Connection reset by remote peer

During handling of the above exception, another exception occurred:

Traceback (most recent call last):
  File "/opt/conda/envs/gdf/lib/python3.9/site-packages/distributed/worker.py", line 2066, in gather_dep
    response = await get_data_from_worker(
  File "/opt/conda/envs/gdf/lib/python3.9/site-packages/distributed/worker.py", line 2892, in get_data_from_worker
    response = await send_recv(
  File "/opt/conda/envs/gdf/lib/python3.9/site-packages/distributed/core.py", line 1024, in send_recv
    response = await comm.read(deserializers=deserializers)
  File "/opt/conda/envs/gdf/lib/python3.9/site-packages/distributed/utils.py", line 752, in wrapper
    return await func(*args, **kwargs)
  File "/opt/conda/envs/gdf/lib/python3.9/site-packages/distributed/comm/ucx.py", line 397, in read
    raise CommClosedError(
distributed.comm.core.CommClosedError: Connection closed by writer.
Inner exception: UCXError("<[Recv #007] ep: 0x7fa9780c2180, tag: 0xe94224b16bbfe7cd, nbytes: 50000000, type: <class 'rmm._lib.device_buffer.DeviceBuffer'>>: Connection reset by remote peer")
2023-06-27 06:23:19,740 - distributed.worker - ERROR - failed during get data with ucx://127.0.0.1:47347 -> ucx://127.0.0.1:54633
Traceback (most recent call last):
  File "/opt/conda/envs/gdf/lib/python3.9/site-packages/distributed/comm/ucx.py", line 333, in write
    await self.ep.send(each_frame)
  File "/opt/conda/envs/gdf/lib/python3.9/site-packages/ucp/core.py", line 650, in send
    return await comm.tag_send(self._ep, buffer, nbytes, tag, name=log)
ucp._libs.exceptions.UCXError: <[Send #007] ep: 0x7f6f9d740280, tag: 0x2fc5a19e093ba058, nbytes: 50000000, type: <class 'cupy.ndarray'>>: Connection reset by remote peer

During handling of the above exception, another exception occurred:

Traceback (most recent call last):
  File "/opt/conda/envs/gdf/lib/python3.9/site-packages/distributed/worker.py", line 1792, in get_data
    compressed = await comm.write(msg, serializers=serializers)
  File "/opt/conda/envs/gdf/lib/python3.9/site-packages/distributed/utils.py", line 752, in wrapper
    return await func(*args, **kwargs)
  File "/opt/conda/envs/gdf/lib/python3.9/site-packages/distributed/comm/ucx.py", line 337, in write
    raise CommClosedError("While writing, the connection was closed")
distributed.comm.core.CommClosedError: While writing, the connection was closed
2023-06-27 06:23:19,740 - distributed.worker - ERROR - Worker stream died during communication: ucx://127.0.0.1:49785
Traceback (most recent call last):
  File "/opt/conda/envs/gdf/lib/python3.9/site-packages/distributed/comm/ucx.py", line 349, in read
    await self.ep.recv(msg)
  File "/opt/conda/envs/gdf/lib/python3.9/site-packages/ucp/core.py", line 725, in recv
    ret = await comm.tag_recv(self._ep, buffer, nbytes, tag, name=log)
ucp._libs.exceptions.UCXCanceled: <[Recv #003] ep: 0x7f9918068240, tag: 0xfe26e612d4f7b3, nbytes: 16, type: <class 'numpy.ndarray'>>: 

During handling of the above exception, another exception occurred:

Traceback (most recent call last):
  File "/opt/conda/envs/gdf/lib/python3.9/site-packages/distributed/worker.py", line 2066, in gather_dep
    response = await get_data_from_worker(
  File "/opt/conda/envs/gdf/lib/python3.9/site-packages/distributed/worker.py", line 2892, in get_data_from_worker
    response = await send_recv(
  File "/opt/conda/envs/gdf/lib/python3.9/site-packages/distributed/core.py", line 1024, in send_recv
    response = await comm.read(deserializers=deserializers)
  File "/opt/conda/envs/gdf/lib/python3.9/site-packages/distributed/utils.py", line 752, in wrapper
    return await func(*args, **kwargs)
  File "/opt/conda/envs/gdf/lib/python3.9/site-packages/distributed/comm/ucx.py", line 367, in read
    raise CommClosedError(
distributed.comm.core.CommClosedError: Connection closed by writer.
Inner exception: UCXCanceled("<[Recv #003] ep: 0x7f9918068240, tag: 0xfe26e612d4f7b3, nbytes: 16, type: <class 'numpy.ndarray'>>: ")
2023-06-27 06:23:19,741 - distributed.worker - ERROR - failed during get data with ucx://127.0.0.1:33105 -> ucx://127.0.0.1:49785
Traceback (most recent call last):
  File "/opt/conda/envs/gdf/lib/python3.9/site-packages/distributed/comm/ucx.py", line 333, in write
    await self.ep.send(each_frame)
  File "/opt/conda/envs/gdf/lib/python3.9/site-packages/ucp/core.py", line 650, in send
    return await comm.tag_send(self._ep, buffer, nbytes, tag, name=log)
ucp._libs.exceptions.UCXError: <[Send #007] ep: 0x7fa9780c2240, tag: 0x14b5cb4b6fdfc861, nbytes: 50000000, type: <class 'cupy.ndarray'>>: Connection reset by remote peer

During handling of the above exception, another exception occurred:

Traceback (most recent call last):
  File "/opt/conda/envs/gdf/lib/python3.9/site-packages/distributed/worker.py", line 1792, in get_data
    compressed = await comm.write(msg, serializers=serializers)
  File "/opt/conda/envs/gdf/lib/python3.9/site-packages/distributed/utils.py", line 752, in wrapper
    return await func(*args, **kwargs)
  File "/opt/conda/envs/gdf/lib/python3.9/site-packages/distributed/comm/ucx.py", line 337, in write
    raise CommClosedError("While writing, the connection was closed")
distributed.comm.core.CommClosedError: While writing, the connection was closed
2023-06-27 06:23:19,741 - distributed.worker - ERROR - failed during get data with ucx://127.0.0.1:47347 -> ucx://127.0.0.1:49785
Traceback (most recent call last):
  File "/opt/conda/envs/gdf/lib/python3.9/site-packages/distributed/comm/ucx.py", line 333, in write
    await self.ep.send(each_frame)
  File "/opt/conda/envs/gdf/lib/python3.9/site-packages/ucp/core.py", line 650, in send
    return await comm.tag_send(self._ep, buffer, nbytes, tag, name=log)
ucp._libs.exceptions.UCXError: <[Send #012] ep: 0x7f6f9d740200, tag: 0x30cb52cfc9b5e20f, nbytes: 50000000, type: <class 'cupy.ndarray'>>: Connection reset by remote peer

During handling of the above exception, another exception occurred:

Traceback (most recent call last):
  File "/opt/conda/envs/gdf/lib/python3.9/site-packages/distributed/worker.py", line 1792, in get_data
    compressed = await comm.write(msg, serializers=serializers)
  File "/opt/conda/envs/gdf/lib/python3.9/site-packages/distributed/utils.py", line 752, in wrapper
    return await func(*args, **kwargs)
  File "/opt/conda/envs/gdf/lib/python3.9/site-packages/distributed/comm/ucx.py", line 337, in write
    raise CommClosedError("While writing, the connection was closed")
distributed.comm.core.CommClosedError: While writing, the connection was closed
2023-06-27 06:23:19,741 - distributed.worker - ERROR - failed during get data with ucx://127.0.0.1:46093 -> ucx://127.0.0.1:49785
Traceback (most recent call last):
  File "/opt/conda/envs/gdf/lib/python3.9/site-packages/distributed/comm/ucx.py", line 333, in write
    await self.ep.send(each_frame)
  File "/opt/conda/envs/gdf/lib/python3.9/site-packages/ucp/core.py", line 650, in send
    return await comm.tag_send(self._ep, buffer, nbytes, tag, name=log)
ucp._libs.exceptions.UCXError: <[Send #007] ep: 0x7f9918068380, tag: 0xeb3eef32727e193d, nbytes: 50000000, type: <class 'cupy.ndarray'>>: Connection reset by remote peer

During handling of the above exception, another exception occurred:

Traceback (most recent call last):
  File "/opt/conda/envs/gdf/lib/python3.9/site-packages/distributed/worker.py", line 1792, in get_data
    compressed = await comm.write(msg, serializers=serializers)
  File "/opt/conda/envs/gdf/lib/python3.9/site-packages/distributed/utils.py", line 752, in wrapper
    return await func(*args, **kwargs)
  File "/opt/conda/envs/gdf/lib/python3.9/site-packages/distributed/comm/ucx.py", line 337, in write
    raise CommClosedError("While writing, the connection was closed")
distributed.comm.core.CommClosedError: While writing, the connection was closed
2023-06-27 06:23:19,741 - distributed.worker - ERROR - failed during get data with ucx://127.0.0.1:33105 -> ucx://127.0.0.1:59463
Traceback (most recent call last):
  File "/opt/conda/envs/gdf/lib/python3.9/site-packages/distributed/comm/ucx.py", line 333, in write
    await self.ep.send(each_frame)
  File "/opt/conda/envs/gdf/lib/python3.9/site-packages/ucp/core.py", line 650, in send
    return await comm.tag_send(self._ep, buffer, nbytes, tag, name=log)
ucp._libs.exceptions.UCXError: <[Send #007] ep: 0x7fa9780c2380, tag: 0xe2708ef1d5fb17a8, nbytes: 50000000, type: <class 'cupy.ndarray'>>: Connection reset by remote peer

During handling of the above exception, another exception occurred:

Traceback (most recent call last):
  File "/opt/conda/envs/gdf/lib/python3.9/site-packages/distributed/worker.py", line 1792, in get_data
    compressed = await comm.write(msg, serializers=serializers)
  File "/opt/conda/envs/gdf/lib/python3.9/site-packages/distributed/utils.py", line 752, in wrapper
    return await func(*args, **kwargs)
  File "/opt/conda/envs/gdf/lib/python3.9/site-packages/distributed/comm/ucx.py", line 337, in write
    raise CommClosedError("While writing, the connection was closed")
distributed.comm.core.CommClosedError: While writing, the connection was closed
2023-06-27 06:23:19,741 - distributed.worker - ERROR - Worker stream died during communication: ucx://127.0.0.1:49785
Traceback (most recent call last):
  File "/opt/conda/envs/gdf/lib/python3.9/site-packages/distributed/comm/ucx.py", line 349, in read
    await self.ep.recv(msg)
  File "/opt/conda/envs/gdf/lib/python3.9/site-packages/ucp/core.py", line 725, in recv
    ret = await comm.tag_recv(self._ep, buffer, nbytes, tag, name=log)
ucp._libs.exceptions.UCXCanceled: <[Recv #008] ep: 0x7f6f9d740180, tag: 0xa2fd2f0fda4c96ac, nbytes: 16, type: <class 'numpy.ndarray'>>: 

During handling of the above exception, another exception occurred:

Traceback (most recent call last):
  File "/opt/conda/envs/gdf/lib/python3.9/site-packages/distributed/worker.py", line 2066, in gather_dep
    response = await get_data_from_worker(
  File "/opt/conda/envs/gdf/lib/python3.9/site-packages/distributed/worker.py", line 2892, in get_data_from_worker
    response = await send_recv(
  File "/opt/conda/envs/gdf/lib/python3.9/site-packages/distributed/core.py", line 1024, in send_recv
    response = await comm.read(deserializers=deserializers)
  File "/opt/conda/envs/gdf/lib/python3.9/site-packages/distributed/utils.py", line 752, in wrapper
    return await func(*args, **kwargs)
  File "/opt/conda/envs/gdf/lib/python3.9/site-packages/distributed/comm/ucx.py", line 367, in read
    raise CommClosedError(
distributed.comm.core.CommClosedError: Connection closed by writer.
Inner exception: UCXCanceled("<[Recv #008] ep: 0x7f6f9d740180, tag: 0xa2fd2f0fda4c96ac, nbytes: 16, type: <class 'numpy.ndarray'>>: ")
2023-06-27 06:23:19,742 - distributed.worker - ERROR - failed during get data with ucx://127.0.0.1:46093 -> ucx://127.0.0.1:59463
Traceback (most recent call last):
  File "/opt/conda/envs/gdf/lib/python3.9/site-packages/distributed/comm/ucx.py", line 333, in write
    await self.ep.send(each_frame)
  File "/opt/conda/envs/gdf/lib/python3.9/site-packages/ucp/core.py", line 650, in send
    return await comm.tag_send(self._ep, buffer, nbytes, tag, name=log)
ucp._libs.exceptions.UCXError: <[Send #007] ep: 0x7f9918068300, tag: 0x8b95458403bdcc0b, nbytes: 50000000, type: <class 'cupy.ndarray'>>: Connection reset by remote peer

During handling of the above exception, another exception occurred:

Traceback (most recent call last):
  File "/opt/conda/envs/gdf/lib/python3.9/site-packages/distributed/worker.py", line 1792, in get_data
    compressed = await comm.write(msg, serializers=serializers)
  File "/opt/conda/envs/gdf/lib/python3.9/site-packages/distributed/utils.py", line 752, in wrapper
    return await func(*args, **kwargs)
  File "/opt/conda/envs/gdf/lib/python3.9/site-packages/distributed/comm/ucx.py", line 337, in write
    raise CommClosedError("While writing, the connection was closed")
distributed.comm.core.CommClosedError: While writing, the connection was closed
2023-06-27 06:23:19,742 - distributed.worker - ERROR - Worker stream died during communication: ucx://127.0.0.1:49785
Traceback (most recent call last):
  File "/opt/conda/envs/gdf/lib/python3.9/site-packages/distributed/comm/ucx.py", line 391, in read
    await self.ep.recv(each_frame)
  File "/opt/conda/envs/gdf/lib/python3.9/site-packages/ucp/core.py", line 725, in recv
    ret = await comm.tag_recv(self._ep, buffer, nbytes, tag, name=log)
ucp._libs.exceptions.UCXError: <[Recv #007] ep: 0x7fa9780c2100, tag: 0x19b806385d8c88a5, nbytes: 50000000, type: <class 'rmm._lib.device_buffer.DeviceBuffer'>>: Connection reset by remote peer

During handling of the above exception, another exception occurred:

Traceback (most recent call last):
  File "/opt/conda/envs/gdf/lib/python3.9/site-packages/distributed/worker.py", line 2066, in gather_dep
    response = await get_data_from_worker(
  File "/opt/conda/envs/gdf/lib/python3.9/site-packages/distributed/worker.py", line 2892, in get_data_from_worker
    response = await send_recv(
  File "/opt/conda/envs/gdf/lib/python3.9/site-packages/distributed/core.py", line 1024, in send_recv
    response = await comm.read(deserializers=deserializers)
  File "/opt/conda/envs/gdf/lib/python3.9/site-packages/distributed/utils.py", line 752, in wrapper
    return await func(*args, **kwargs)
  File "/opt/conda/envs/gdf/lib/python3.9/site-packages/distributed/comm/ucx.py", line 397, in read
    raise CommClosedError(
distributed.comm.core.CommClosedError: Connection closed by writer.
Inner exception: UCXError("<[Recv #007] ep: 0x7fa9780c2100, tag: 0x19b806385d8c88a5, nbytes: 50000000, type: <class 'rmm._lib.device_buffer.DeviceBuffer'>>: Connection reset by remote peer")
2023-06-27 06:23:19,742 - distributed.worker - ERROR - failed during get data with ucx://127.0.0.1:46093 -> ucx://127.0.0.1:54633
Traceback (most recent call last):
  File "/opt/conda/envs/gdf/lib/python3.9/site-packages/distributed/comm/ucx.py", line 333, in write
    await self.ep.send(each_frame)
  File "/opt/conda/envs/gdf/lib/python3.9/site-packages/ucp/core.py", line 650, in send
    return await comm.tag_send(self._ep, buffer, nbytes, tag, name=log)
ucp._libs.exceptions.UCXError: <[Send #007] ep: 0x7f9918068340, tag: 0x8d68e8f4fd541d8d, nbytes: 50000000, type: <class 'cupy.ndarray'>>: Connection reset by remote peer

During handling of the above exception, another exception occurred:

Traceback (most recent call last):
  File "/opt/conda/envs/gdf/lib/python3.9/site-packages/distributed/worker.py", line 1792, in get_data
    compressed = await comm.write(msg, serializers=serializers)
  File "/opt/conda/envs/gdf/lib/python3.9/site-packages/distributed/utils.py", line 752, in wrapper
    return await func(*args, **kwargs)
  File "/opt/conda/envs/gdf/lib/python3.9/site-packages/distributed/comm/ucx.py", line 337, in write
    raise CommClosedError("While writing, the connection was closed")
distributed.comm.core.CommClosedError: While writing, the connection was closed
2023-06-27 06:23:19,742 - distributed.worker - ERROR - failed during get data with ucx://127.0.0.1:46093 -> ucx://127.0.0.1:52227
Traceback (most recent call last):
  File "/opt/conda/envs/gdf/lib/python3.9/site-packages/distributed/comm/ucx.py", line 333, in write
    await self.ep.send(each_frame)
  File "/opt/conda/envs/gdf/lib/python3.9/site-packages/ucp/core.py", line 650, in send
    return await comm.tag_send(self._ep, buffer, nbytes, tag, name=log)
ucp._libs.exceptions.UCXError: <[Send #007] ep: 0x7f99180683c0, tag: 0x37e48341d020a7eb, nbytes: 50000000, type: <class 'cupy.ndarray'>>: Connection reset by remote peer

During handling of the above exception, another exception occurred:

Traceback (most recent call last):
  File "/opt/conda/envs/gdf/lib/python3.9/site-packages/distributed/worker.py", line 1792, in get_data
    compressed = await comm.write(msg, serializers=serializers)
  File "/opt/conda/envs/gdf/lib/python3.9/site-packages/distributed/utils.py", line 752, in wrapper
    return await func(*args, **kwargs)
  File "/opt/conda/envs/gdf/lib/python3.9/site-packages/distributed/comm/ucx.py", line 337, in write
    raise CommClosedError("While writing, the connection was closed")
distributed.comm.core.CommClosedError: While writing, the connection was closed
2023-06-27 06:23:19,798 - distributed.nanny - WARNING - Restarting worker
2023-06-27 06:23:19,838 - distributed.nanny - WARNING - Restarting worker
2023-06-27 06:23:19,953 - distributed.nanny - WARNING - Restarting worker
2023-06-27 06:23:19,955 - distributed.nanny - WARNING - Restarting worker
2023-06-27 06:23:21,311 - distributed.preloading - INFO - Creating preload: dask_cuda.initialize
2023-06-27 06:23:21,312 - distributed.preloading - INFO - Import preload module: dask_cuda.initialize
2023-06-27 06:23:21,334 - distributed.preloading - INFO - Creating preload: dask_cuda.initialize
2023-06-27 06:23:21,334 - distributed.preloading - INFO - Import preload module: dask_cuda.initialize
2023-06-27 06:23:21,353 - distributed.preloading - INFO - Creating preload: dask_cuda.initialize
2023-06-27 06:23:21,353 - distributed.preloading - INFO - Import preload module: dask_cuda.initialize
2023-06-27 06:23:21,548 - distributed.preloading - INFO - Creating preload: dask_cuda.initialize
2023-06-27 06:23:21,548 - distributed.preloading - INFO - Import preload module: dask_cuda.initialize
2023-06-27 06:23:21,549 - distributed.preloading - INFO - Creating preload: dask_cuda.initialize
2023-06-27 06:23:21,549 - distributed.preloading - INFO - Import preload module: dask_cuda.initialize
/opt/conda/envs/gdf/lib/python3.9/multiprocessing/resource_tracker.py:216: UserWarning: resource_tracker: There appear to be 48 leaked semaphore objects to clean up at shutdown
  warnings.warn('resource_tracker: There appear to be %d '
