/opt/conda/envs/gdf/lib/python3.9/site-packages/distributed/node.py:182: UserWarning: Port 8787 is already in use.
Perhaps you already have a cluster running?
Hosting the HTTP server on port 33453 instead
  warnings.warn(
[dgx13:84110:0:84110] Caught signal 11 (Segmentation fault: address not mapped to object at address 0x448)
==== backtrace (tid:  84110) ====
 0  /opt/conda/envs/gdf/lib/libucs.so.0(ucs_handle_error+0x2fd) [0x7fe3c8dddf1d]
 1  /opt/conda/envs/gdf/lib/libucs.so.0(+0x29114) [0x7fe3c8dde114]
 2  /opt/conda/envs/gdf/lib/libucs.so.0(+0x292da) [0x7fe3c8dde2da]
 3  /usr/lib/x86_64-linux-gnu/libpthread.so.0(+0x14420) [0x7fe469ebb420]
 4  /opt/conda/envs/gdf/lib/libucp.so.0(ucp_mem_type_unpack+0x14) [0x7fe3c8e575d4]
 5  /opt/conda/envs/gdf/lib/libucp.so.0(ucp_rndv_data_handler+0x4e9) [0x7fe3c8e7c859]
 6  /opt/conda/envs/gdf/lib/libuct.so.0(+0x2042f) [0x7fe3c8d9942f]
 7  /opt/conda/envs/gdf/lib/libuct.so.0(+0x23798) [0x7fe3c8d9c798]
 8  /opt/conda/envs/gdf/lib/libucs.so.0(ucs_event_set_wait+0xb9) [0x7fe3c8de6989]
 9  /opt/conda/envs/gdf/lib/libuct.so.0(uct_tcp_iface_progress+0x7d) [0x7fe3c8d9b62d]
10  /opt/conda/envs/gdf/lib/libucp.so.0(ucp_worker_progress+0x5a) [0x7fe3c8e54c4a]
11  /opt/conda/envs/gdf/lib/python3.9/site-packages/ucp/_libs/ucx_api.cpython-39-x86_64-linux-gnu.so(+0x3206a) [0x7fe3c8f0606a]
12  /opt/conda/envs/gdf/bin/python(_PyEval_EvalFrameDefault+0x37cb) [0x565365e8c6fb]
13  /opt/conda/envs/gdf/bin/python(+0x12f094) [0x565365e88094]
14  /opt/conda/envs/gdf/bin/python(_PyFunction_Vectorcall+0xd9) [0x565365e99519]
15  /opt/conda/envs/gdf/bin/python(_PyEval_EvalFrameDefault+0x696) [0x565365e895c6]
16  /opt/conda/envs/gdf/bin/python(+0x1407c2) [0x565365e997c2]
17  /opt/conda/envs/gdf/bin/python(+0x14de83) [0x565365ea6e83]
18  /opt/conda/envs/gdf/bin/python(+0x258b2c) [0x565365fb1b2c]
19  /opt/conda/envs/gdf/bin/python(+0xead05) [0x565365e43d05]
20  /opt/conda/envs/gdf/bin/python(+0x1377f3) [0x565365e907f3]
21  /opt/conda/envs/gdf/bin/python(_PyEval_EvalFrameDefault+0x59f9) [0x565365e8e929]
22  /opt/conda/envs/gdf/bin/python(+0x1407c2) [0x565365e997c2]
23  /opt/conda/envs/gdf/bin/python(_PyEval_EvalFrameDefault+0x696) [0x565365e895c6]
24  /opt/conda/envs/gdf/bin/python(+0x1407c2) [0x565365e997c2]
25  /opt/conda/envs/gdf/bin/python(_PyEval_EvalFrameDefault+0x696) [0x565365e895c6]
26  /opt/conda/envs/gdf/bin/python(+0x1407c2) [0x565365e997c2]
27  /opt/conda/envs/gdf/bin/python(_PyEval_EvalFrameDefault+0x696) [0x565365e895c6]
28  /opt/conda/envs/gdf/bin/python(+0x1407c2) [0x565365e997c2]
29  /opt/conda/envs/gdf/bin/python(_PyEval_EvalFrameDefault+0x696) [0x565365e895c6]
30  /opt/conda/envs/gdf/bin/python(+0x12f094) [0x565365e88094]
31  /opt/conda/envs/gdf/bin/python(_PyFunction_Vectorcall+0xd9) [0x565365e99519]
32  /opt/conda/envs/gdf/bin/python(_PyEval_EvalFrameDefault+0x11f8) [0x565365e8a128]
33  /opt/conda/envs/gdf/bin/python(+0x12f094) [0x565365e88094]
34  /opt/conda/envs/gdf/bin/python(+0x14dccb) [0x565365ea6ccb]
35  /opt/conda/envs/gdf/bin/python(PyObject_Call+0xbc) [0x565365ea744c]
36  /opt/conda/envs/gdf/bin/python(+0x21110e) [0x565365f6a10e]
37  /opt/conda/envs/gdf/bin/python(_PyObject_MakeTpCall+0x2ec) [0x565365e9177c]
38  /opt/conda/envs/gdf/bin/python(_PyEval_EvalFrameDefault+0x37cb) [0x565365e8c6fb]
39  /opt/conda/envs/gdf/bin/python(+0x1407c2) [0x565365e997c2]
40  /opt/conda/envs/gdf/bin/python(+0x14ddac) [0x565365ea6dac]
41  /opt/conda/envs/gdf/bin/python(_PyEval_EvalFrameDefault+0x37cb) [0x565365e8c6fb]
42  /opt/conda/envs/gdf/bin/python(+0x1407c2) [0x565365e997c2]
43  /opt/conda/envs/gdf/bin/python(_PyEval_EvalFrameDefault+0x696) [0x565365e895c6]
44  /opt/conda/envs/gdf/bin/python(+0x12f094) [0x565365e88094]
45  /opt/conda/envs/gdf/bin/python(_PyFunction_Vectorcall+0xd9) [0x565365e99519]
46  /opt/conda/envs/gdf/bin/python(_PyEval_EvalFrameDefault+0x696) [0x565365e895c6]
47  /opt/conda/envs/gdf/bin/python(+0x1407c2) [0x565365e997c2]
48  /opt/conda/envs/gdf/bin/python(_PyEval_EvalFrameDefault+0x3e2) [0x565365e89312]
49  /opt/conda/envs/gdf/bin/python(+0x12f094) [0x565365e88094]
50  /opt/conda/envs/gdf/bin/python(_PyFunction_Vectorcall+0xd9) [0x565365e99519]
51  /opt/conda/envs/gdf/bin/python(_PyEval_EvalFrameDefault+0x11f8) [0x565365e8a128]
52  /opt/conda/envs/gdf/bin/python(+0x12f094) [0x565365e88094]
53  /opt/conda/envs/gdf/bin/python(_PyEval_EvalCodeWithName+0x48) [0x565365e87d68]
54  /opt/conda/envs/gdf/bin/python(PyEval_EvalCodeEx+0x39) [0x565365e87d19]
55  /opt/conda/envs/gdf/bin/python(PyEval_EvalCode+0x1b) [0x565365f3507b]
56  /opt/conda/envs/gdf/bin/python(+0x208fca) [0x565365f61fca]
57  /opt/conda/envs/gdf/bin/python(+0x205353) [0x565365f5e353]
58  /opt/conda/envs/gdf/bin/python(PyRun_StringFlags+0x9a) [0x565365f5616a]
59  /opt/conda/envs/gdf/bin/python(PyRun_SimpleStringFlags+0x3c) [0x565365f5605c]
60  /opt/conda/envs/gdf/bin/python(Py_RunMain+0x267) [0x565365f55297]
61  /opt/conda/envs/gdf/bin/python(Py_BytesMain+0x37) [0x565365f28f07]
=================================
2023-10-16 05:53:30,745 - distributed.worker - ERROR - failed during get data with ucx://127.0.0.1:50397 -> ucx://127.0.0.1:52755
Traceback (most recent call last):
  File "/opt/conda/envs/gdf/lib/python3.9/site-packages/distributed/comm/ucx.py", line 338, in write
    await self.ep.send(each_frame)
  File "/opt/conda/envs/gdf/lib/python3.9/site-packages/ucp/core.py", line 650, in send
    return await comm.tag_send(self._ep, buffer, nbytes, tag, name=log)
ucp._libs.exceptions.UCXError: <[Send #007] ep: 0x7fe4ced9a100, tag: 0x78e14abc81a3c6d3, nbytes: 800000000, type: <class 'cudf.core.buffer.buffer.Buffer'>>: Connection reset by remote peer

During handling of the above exception, another exception occurred:

Traceback (most recent call last):
  File "/opt/conda/envs/gdf/lib/python3.9/site-packages/distributed/worker.py", line 1782, in get_data
    compressed = await comm.write(msg, serializers=serializers)
  File "/opt/conda/envs/gdf/lib/python3.9/site-packages/distributed/utils.py", line 803, in wrapper
    return await func(*args, **kwargs)
  File "/opt/conda/envs/gdf/lib/python3.9/site-packages/distributed/comm/ucx.py", line 342, in write
    raise CommClosedError("While writing, the connection was closed")
distributed.comm.core.CommClosedError: While writing, the connection was closed
[dgx13:84120:0:84120] Caught signal 11 (Segmentation fault: address not mapped to object at address 0x448)
==== backtrace (tid:  84120) ====
 0  /opt/conda/envs/gdf/lib/libucs.so.0(ucs_handle_error+0x2fd) [0x7f7209292f1d]
 1  /opt/conda/envs/gdf/lib/libucs.so.0(+0x29114) [0x7f7209293114]
 2  /opt/conda/envs/gdf/lib/libucs.so.0(+0x292da) [0x7f72092932da]
 3  /usr/lib/x86_64-linux-gnu/libpthread.so.0(+0x14420) [0x7f72ae373420]
 4  /opt/conda/envs/gdf/lib/libucp.so.0(ucp_mem_type_unpack+0x14) [0x7f720930c5d4]
 5  /opt/conda/envs/gdf/lib/libucp.so.0(ucp_rndv_data_handler+0x4e9) [0x7f7209331859]
 6  /opt/conda/envs/gdf/lib/libuct.so.0(+0x2042f) [0x7f720924e42f]
 7  /opt/conda/envs/gdf/lib/libuct.so.0(+0x23798) [0x7f7209251798]
 8  /opt/conda/envs/gdf/lib/libucs.so.0(ucs_event_set_wait+0xb9) [0x7f720929b989]
 9  /opt/conda/envs/gdf/lib/libuct.so.0(uct_tcp_iface_progress+0x7d) [0x7f720925062d]
10  /opt/conda/envs/gdf/lib/libucp.so.0(ucp_worker_progress+0x5a) [0x7f7209309c4a]
11  /opt/conda/envs/gdf/lib/python3.9/site-packages/ucp/_libs/ucx_api.cpython-39-x86_64-linux-gnu.so(+0x3206a) [0x7f72093bb06a]
12  /opt/conda/envs/gdf/bin/python(_PyEval_EvalFrameDefault+0x37cb) [0x5642873ae6fb]
13  /opt/conda/envs/gdf/bin/python(+0x12f094) [0x5642873aa094]
14  /opt/conda/envs/gdf/bin/python(_PyFunction_Vectorcall+0xd9) [0x5642873bb519]
15  /opt/conda/envs/gdf/bin/python(_PyEval_EvalFrameDefault+0x696) [0x5642873ab5c6]
16  /opt/conda/envs/gdf/bin/python(+0x1e3162) [0x56428745e162]
17  /opt/conda/envs/gdf/lib/python3.9/lib-dynload/_asyncio.cpython-39-x86_64-linux-gnu.so(+0x81e9) [0x7f722e5441e9]
18  /opt/conda/envs/gdf/bin/python(_PyObject_MakeTpCall+0x2ec) [0x5642873b377c]
19  /opt/conda/envs/gdf/bin/python(+0xead05) [0x564287365d05]
20  /opt/conda/envs/gdf/bin/python(+0x1377f3) [0x5642873b27f3]
21  /opt/conda/envs/gdf/bin/python(_PyEval_EvalFrameDefault+0x59f9) [0x5642873b0929]
22  /opt/conda/envs/gdf/bin/python(+0x1407c2) [0x5642873bb7c2]
23  /opt/conda/envs/gdf/bin/python(_PyEval_EvalFrameDefault+0x696) [0x5642873ab5c6]
24  /opt/conda/envs/gdf/bin/python(+0x1407c2) [0x5642873bb7c2]
25  /opt/conda/envs/gdf/bin/python(_PyEval_EvalFrameDefault+0x696) [0x5642873ab5c6]
26  /opt/conda/envs/gdf/bin/python(+0x1407c2) [0x5642873bb7c2]
27  /opt/conda/envs/gdf/bin/python(_PyEval_EvalFrameDefault+0x696) [0x5642873ab5c6]
28  /opt/conda/envs/gdf/bin/python(+0x1407c2) [0x5642873bb7c2]
29  /opt/conda/envs/gdf/bin/python(_PyEval_EvalFrameDefault+0x696) [0x5642873ab5c6]
30  /opt/conda/envs/gdf/bin/python(+0x12f094) [0x5642873aa094]
31  /opt/conda/envs/gdf/bin/python(_PyFunction_Vectorcall+0xd9) [0x5642873bb519]
32  /opt/conda/envs/gdf/bin/python(_PyEval_EvalFrameDefault+0x11f8) [0x5642873ac128]
33  /opt/conda/envs/gdf/bin/python(+0x12f094) [0x5642873aa094]
34  /opt/conda/envs/gdf/bin/python(+0x14dccb) [0x5642873c8ccb]
35  /opt/conda/envs/gdf/bin/python(PyObject_Call+0xbc) [0x5642873c944c]
36  /opt/conda/envs/gdf/bin/python(+0x21110e) [0x56428748c10e]
37  /opt/conda/envs/gdf/bin/python(_PyObject_MakeTpCall+0x2ec) [0x5642873b377c]
38  /opt/conda/envs/gdf/bin/python(_PyEval_EvalFrameDefault+0x37cb) [0x5642873ae6fb]
39  /opt/conda/envs/gdf/bin/python(+0x1407c2) [0x5642873bb7c2]
40  /opt/conda/envs/gdf/bin/python(+0x14ddac) [0x5642873c8dac]
41  /opt/conda/envs/gdf/bin/python(_PyEval_EvalFrameDefault+0x37cb) [0x5642873ae6fb]
42  /opt/conda/envs/gdf/bin/python(+0x1407c2) [0x5642873bb7c2]
43  /opt/conda/envs/gdf/bin/python(_PyEval_EvalFrameDefault+0x696) [0x5642873ab5c6]
44  /opt/conda/envs/gdf/bin/python(+0x12f094) [0x5642873aa094]
45  /opt/conda/envs/gdf/bin/python(_PyFunction_Vectorcall+0xd9) [0x5642873bb519]
46  /opt/conda/envs/gdf/bin/python(_PyEval_EvalFrameDefault+0x696) [0x5642873ab5c6]
47  /opt/conda/envs/gdf/bin/python(+0x1407c2) [0x5642873bb7c2]
48  /opt/conda/envs/gdf/bin/python(_PyEval_EvalFrameDefault+0x3e2) [0x5642873ab312]
49  /opt/conda/envs/gdf/bin/python(+0x12f094) [0x5642873aa094]
50  /opt/conda/envs/gdf/bin/python(_PyFunction_Vectorcall+0xd9) [0x5642873bb519]
51  /opt/conda/envs/gdf/bin/python(_PyEval_EvalFrameDefault+0x11f8) [0x5642873ac128]
52  /opt/conda/envs/gdf/bin/python(+0x12f094) [0x5642873aa094]
53  /opt/conda/envs/gdf/bin/python(_PyEval_EvalCodeWithName+0x48) [0x5642873a9d68]
54  /opt/conda/envs/gdf/bin/python(PyEval_EvalCodeEx+0x39) [0x5642873a9d19]
55  /opt/conda/envs/gdf/bin/python(PyEval_EvalCode+0x1b) [0x56428745707b]
56  /opt/conda/envs/gdf/bin/python(+0x208fca) [0x564287483fca]
57  /opt/conda/envs/gdf/bin/python(+0x205353) [0x564287480353]
58  /opt/conda/envs/gdf/bin/python(PyRun_StringFlags+0x9a) [0x56428747816a]
59  /opt/conda/envs/gdf/bin/python(PyRun_SimpleStringFlags+0x3c) [0x56428747805c]
60  /opt/conda/envs/gdf/bin/python(Py_RunMain+0x267) [0x564287477297]
61  /opt/conda/envs/gdf/bin/python(Py_BytesMain+0x37) [0x56428744af07]
=================================
[dgx13:84106:0:84106] Caught signal 11 (Segmentation fault: address not mapped to object at address 0x448)
2023-10-16 05:53:31,516 - distributed.nanny - WARNING - Restarting worker
==== backtrace (tid:  84106) ====
 0  /opt/conda/envs/gdf/lib/libucs.so.0(ucs_handle_error+0x2fd) [0x7fabe4a52f1d]
 1  /opt/conda/envs/gdf/lib/libucs.so.0(+0x29114) [0x7fabe4a53114]
 2  /opt/conda/envs/gdf/lib/libucs.so.0(+0x292da) [0x7fabe4a532da]
 3  /usr/lib/x86_64-linux-gnu/libpthread.so.0(+0x14420) [0x7fac77b0b420]
 4  /opt/conda/envs/gdf/lib/libucp.so.0(ucp_mem_type_unpack+0x14) [0x7fabe4acc5d4]
 5  /opt/conda/envs/gdf/lib/libucp.so.0(ucp_rndv_data_handler+0x4e9) [0x7fabe4af1859]
 6  /opt/conda/envs/gdf/lib/libuct.so.0(+0x2042f) [0x7fabe4a0e42f]
 7  /opt/conda/envs/gdf/lib/libuct.so.0(+0x23798) [0x7fabe4a11798]
 8  /opt/conda/envs/gdf/lib/libucs.so.0(ucs_event_set_wait+0xb9) [0x7fabe4a5b989]
 9  /opt/conda/envs/gdf/lib/libuct.so.0(uct_tcp_iface_progress+0x7d) [0x7fabe4a1062d]
10  /opt/conda/envs/gdf/lib/libucp.so.0(ucp_worker_progress+0x5a) [0x7fabe4ac9c4a]
11  /opt/conda/envs/gdf/lib/python3.9/site-packages/ucp/_libs/ucx_api.cpython-39-x86_64-linux-gnu.so(+0x3206a) [0x7fabe4b7b06a]
12  /opt/conda/envs/gdf/bin/python(_PyEval_EvalFrameDefault+0x37cb) [0x55d7c2ab76fb]
13  /opt/conda/envs/gdf/bin/python(+0x12f094) [0x55d7c2ab3094]
14  /opt/conda/envs/gdf/bin/python(_PyFunction_Vectorcall+0xd9) [0x55d7c2ac4519]
15  /opt/conda/envs/gdf/bin/python(_PyEval_EvalFrameDefault+0x696) [0x55d7c2ab45c6]
16  /opt/conda/envs/gdf/bin/python(+0x1407c2) [0x55d7c2ac47c2]
17  /opt/conda/envs/gdf/bin/python(+0x14de83) [0x55d7c2ad1e83]
18  /opt/conda/envs/gdf/bin/python(+0x258b2c) [0x55d7c2bdcb2c]
19  /opt/conda/envs/gdf/bin/python(+0xead05) [0x55d7c2a6ed05]
20  /opt/conda/envs/gdf/bin/python(+0x1377f3) [0x55d7c2abb7f3]
21  /opt/conda/envs/gdf/bin/python(_PyEval_EvalFrameDefault+0x59f9) [0x55d7c2ab9929]
22  /opt/conda/envs/gdf/bin/python(+0x1407c2) [0x55d7c2ac47c2]
23  /opt/conda/envs/gdf/bin/python(_PyEval_EvalFrameDefault+0x696) [0x55d7c2ab45c6]
24  /opt/conda/envs/gdf/bin/python(+0x1407c2) [0x55d7c2ac47c2]
25  /opt/conda/envs/gdf/bin/python(_PyEval_EvalFrameDefault+0x696) [0x55d7c2ab45c6]
26  /opt/conda/envs/gdf/bin/python(+0x1407c2) [0x55d7c2ac47c2]
27  /opt/conda/envs/gdf/bin/python(_PyEval_EvalFrameDefault+0x696) [0x55d7c2ab45c6]
28  /opt/conda/envs/gdf/bin/python(+0x1407c2) [0x55d7c2ac47c2]
29  /opt/conda/envs/gdf/bin/python(_PyEval_EvalFrameDefault+0x696) [0x55d7c2ab45c6]
30  /opt/conda/envs/gdf/bin/python(+0x12f094) [0x55d7c2ab3094]
31  /opt/conda/envs/gdf/bin/python(_PyFunction_Vectorcall+0xd9) [0x55d7c2ac4519]
32  /opt/conda/envs/gdf/bin/python(_PyEval_EvalFrameDefault+0x11f8) [0x55d7c2ab5128]
33  /opt/conda/envs/gdf/bin/python(+0x12f094) [0x55d7c2ab3094]
34  /opt/conda/envs/gdf/bin/python(+0x14dccb) [0x55d7c2ad1ccb]
35  /opt/conda/envs/gdf/bin/python(PyObject_Call+0xbc) [0x55d7c2ad244c]
36  /opt/conda/envs/gdf/bin/python(+0x21110e) [0x55d7c2b9510e]
37  /opt/conda/envs/gdf/bin/python(_PyObject_MakeTpCall+0x2ec) [0x55d7c2abc77c]
38  /opt/conda/envs/gdf/bin/python(_PyEval_EvalFrameDefault+0x37cb) [0x55d7c2ab76fb]
39  /opt/conda/envs/gdf/bin/python(+0x1407c2) [0x55d7c2ac47c2]
40  /opt/conda/envs/gdf/bin/python(+0x14ddac) [0x55d7c2ad1dac]
41  /opt/conda/envs/gdf/bin/python(_PyEval_EvalFrameDefault+0x37cb) [0x55d7c2ab76fb]
42  /opt/conda/envs/gdf/bin/python(+0x1407c2) [0x55d7c2ac47c2]
43  /opt/conda/envs/gdf/bin/python(_PyEval_EvalFrameDefault+0x696) [0x55d7c2ab45c6]
44  /opt/conda/envs/gdf/bin/python(+0x12f094) [0x55d7c2ab3094]
45  /opt/conda/envs/gdf/bin/python(_PyFunction_Vectorcall+0xd9) [0x55d7c2ac4519]
46  /opt/conda/envs/gdf/bin/python(_PyEval_EvalFrameDefault+0x696) [0x55d7c2ab45c6]
47  /opt/conda/envs/gdf/bin/python(+0x1407c2) [0x55d7c2ac47c2]
48  /opt/conda/envs/gdf/bin/python(_PyEval_EvalFrameDefault+0x3e2) [0x55d7c2ab4312]
49  /opt/conda/envs/gdf/bin/python(+0x12f094) [0x55d7c2ab3094]
50  /opt/conda/envs/gdf/bin/python(_PyFunction_Vectorcall+0xd9) [0x55d7c2ac4519]
51  /opt/conda/envs/gdf/bin/python(_PyEval_EvalFrameDefault+0x11f8) [0x55d7c2ab5128]
52  /opt/conda/envs/gdf/bin/python(+0x12f094) [0x55d7c2ab3094]
53  /opt/conda/envs/gdf/bin/python(_PyEval_EvalCodeWithName+0x48) [0x55d7c2ab2d68]
54  /opt/conda/envs/gdf/bin/python(PyEval_EvalCodeEx+0x39) [0x55d7c2ab2d19]
55  /opt/conda/envs/gdf/bin/python(PyEval_EvalCode+0x1b) [0x55d7c2b6007b]
56  /opt/conda/envs/gdf/bin/python(+0x208fca) [0x55d7c2b8cfca]
57  /opt/conda/envs/gdf/bin/python(+0x205353) [0x55d7c2b89353]
58  /opt/conda/envs/gdf/bin/python(PyRun_StringFlags+0x9a) [0x55d7c2b8116a]
59  /opt/conda/envs/gdf/bin/python(PyRun_SimpleStringFlags+0x3c) [0x55d7c2b8105c]
60  /opt/conda/envs/gdf/bin/python(Py_RunMain+0x267) [0x55d7c2b80297]
61  /opt/conda/envs/gdf/bin/python(Py_BytesMain+0x37) [0x55d7c2b53f07]
=================================
[dgx13:84123:0:84123] Caught signal 11 (Segmentation fault: address not mapped to object at address 0x448)
==== backtrace (tid:  84123) ====
 0  /opt/conda/envs/gdf/lib/libucs.so.0(ucs_handle_error+0x2fd) [0x7fc74c0eef1d]
 1  /opt/conda/envs/gdf/lib/libucs.so.0(+0x29114) [0x7fc74c0ef114]
 2  /opt/conda/envs/gdf/lib/libucs.so.0(+0x292da) [0x7fc74c0ef2da]
 3  /usr/lib/x86_64-linux-gnu/libpthread.so.0(+0x14420) [0x7fc7df1a8420]
 4  /opt/conda/envs/gdf/lib/libucp.so.0(ucp_mem_type_unpack+0x14) [0x7fc74c1685d4]
 5  /opt/conda/envs/gdf/lib/libucp.so.0(ucp_rndv_data_handler+0x4e9) [0x7fc74c18d859]
 6  /opt/conda/envs/gdf/lib/libuct.so.0(+0x2042f) [0x7fc74c0aa42f]
 7  /opt/conda/envs/gdf/lib/libuct.so.0(+0x23798) [0x7fc74c0ad798]
 8  /opt/conda/envs/gdf/lib/libucs.so.0(ucs_event_set_wait+0xb9) [0x7fc74c0f7989]
 9  /opt/conda/envs/gdf/lib/libuct.so.0(uct_tcp_iface_progress+0x7d) [0x7fc74c0ac62d]
10  /opt/conda/envs/gdf/lib/libucp.so.0(ucp_worker_progress+0x5a) [0x7fc74c165c4a]
11  /opt/conda/envs/gdf/lib/python3.9/site-packages/ucp/_libs/ucx_api.cpython-39-x86_64-linux-gnu.so(+0x3206a) [0x7fc74c21706a]
12  /opt/conda/envs/gdf/bin/python(_PyEval_EvalFrameDefault+0x37cb) [0x55e9201d16fb]
13  /opt/conda/envs/gdf/bin/python(+0x12f094) [0x55e9201cd094]
14  /opt/conda/envs/gdf/bin/python(_PyFunction_Vectorcall+0xd9) [0x55e9201de519]
15  /opt/conda/envs/gdf/bin/python(_PyEval_EvalFrameDefault+0x696) [0x55e9201ce5c6]
16  /opt/conda/envs/gdf/bin/python(+0x1e3162) [0x55e920281162]
17  /opt/conda/envs/gdf/lib/python3.9/lib-dynload/_asyncio.cpython-39-x86_64-linux-gnu.so(+0x81e9) [0x7fc75f37b1e9]
18  /opt/conda/envs/gdf/bin/python(_PyObject_MakeTpCall+0x2ec) [0x55e9201d677c]
19  /opt/conda/envs/gdf/bin/python(+0xead05) [0x55e920188d05]
20  /opt/conda/envs/gdf/bin/python(+0x1377f3) [0x55e9201d57f3]
21  /opt/conda/envs/gdf/bin/python(_PyEval_EvalFrameDefault+0x59f9) [0x55e9201d3929]
22  /opt/conda/envs/gdf/bin/python(+0x1407c2) [0x55e9201de7c2]
23  /opt/conda/envs/gdf/bin/python(_PyEval_EvalFrameDefault+0x696) [0x55e9201ce5c6]
24  /opt/conda/envs/gdf/bin/python(+0x1407c2) [0x55e9201de7c2]
25  /opt/conda/envs/gdf/bin/python(_PyEval_EvalFrameDefault+0x696) [0x55e9201ce5c6]
26  /opt/conda/envs/gdf/bin/python(+0x1407c2) [0x55e9201de7c2]
27  /opt/conda/envs/gdf/bin/python(_PyEval_EvalFrameDefault+0x696) [0x55e9201ce5c6]
28  /opt/conda/envs/gdf/bin/python(+0x1407c2) [0x55e9201de7c2]
29  /opt/conda/envs/gdf/bin/python(_PyEval_EvalFrameDefault+0x696) [0x55e9201ce5c6]
30  /opt/conda/envs/gdf/bin/python(+0x12f094) [0x55e9201cd094]
31  /opt/conda/envs/gdf/bin/python(_PyFunction_Vectorcall+0xd9) [0x55e9201de519]
32  /opt/conda/envs/gdf/bin/python(_PyEval_EvalFrameDefault+0x11f8) [0x55e9201cf128]
33  /opt/conda/envs/gdf/bin/python(+0x12f094) [0x55e9201cd094]
34  /opt/conda/envs/gdf/bin/python(+0x14dccb) [0x55e9201ebccb]
35  /opt/conda/envs/gdf/bin/python(PyObject_Call+0xbc) [0x55e9201ec44c]
36  /opt/conda/envs/gdf/bin/python(+0x21110e) [0x55e9202af10e]
37  /opt/conda/envs/gdf/bin/python(_PyObject_MakeTpCall+0x2ec) [0x55e9201d677c]
38  /opt/conda/envs/gdf/bin/python(_PyEval_EvalFrameDefault+0x37cb) [0x55e9201d16fb]
39  /opt/conda/envs/gdf/bin/python(+0x1407c2) [0x55e9201de7c2]
40  /opt/conda/envs/gdf/bin/python(+0x14ddac) [0x55e9201ebdac]
41  /opt/conda/envs/gdf/bin/python(_PyEval_EvalFrameDefault+0x37cb) [0x55e9201d16fb]
42  /opt/conda/envs/gdf/bin/python(+0x1407c2) [0x55e9201de7c2]
43  /opt/conda/envs/gdf/bin/python(_PyEval_EvalFrameDefault+0x696) [0x55e9201ce5c6]
44  /opt/conda/envs/gdf/bin/python(+0x12f094) [0x55e9201cd094]
45  /opt/conda/envs/gdf/bin/python(_PyFunction_Vectorcall+0xd9) [0x55e9201de519]
46  /opt/conda/envs/gdf/bin/python(_PyEval_EvalFrameDefault+0x696) [0x55e9201ce5c6]
47  /opt/conda/envs/gdf/bin/python(+0x1407c2) [0x55e9201de7c2]
48  /opt/conda/envs/gdf/bin/python(_PyEval_EvalFrameDefault+0x3e2) [0x55e9201ce312]
49  /opt/conda/envs/gdf/bin/python(+0x12f094) [0x55e9201cd094]
50  /opt/conda/envs/gdf/bin/python(_PyFunction_Vectorcall+0xd9) [0x55e9201de519]
51  /opt/conda/envs/gdf/bin/python(_PyEval_EvalFrameDefault+0x11f8) [0x55e9201cf128]
52  /opt/conda/envs/gdf/bin/python(+0x12f094) [0x55e9201cd094]
53  /opt/conda/envs/gdf/bin/python(_PyEval_EvalCodeWithName+0x48) [0x55e9201ccd68]
54  /opt/conda/envs/gdf/bin/python(PyEval_EvalCodeEx+0x39) [0x55e9201ccd19]
55  /opt/conda/envs/gdf/bin/python(PyEval_EvalCode+0x1b) [0x55e92027a07b]
56  /opt/conda/envs/gdf/bin/python(+0x208fca) [0x55e9202a6fca]
57  /opt/conda/envs/gdf/bin/python(+0x205353) [0x55e9202a3353]
58  /opt/conda/envs/gdf/bin/python(PyRun_StringFlags+0x9a) [0x55e92029b16a]
59  /opt/conda/envs/gdf/bin/python(PyRun_SimpleStringFlags+0x3c) [0x55e92029b05c]
60  /opt/conda/envs/gdf/bin/python(Py_RunMain+0x267) [0x55e92029a297]
61  /opt/conda/envs/gdf/bin/python(Py_BytesMain+0x37) [0x55e92026df07]
=================================
2023-10-16 05:53:31,780 - distributed.worker - ERROR - Worker stream died during communication: ucx://127.0.0.1:56401
Traceback (most recent call last):
  File "/opt/conda/envs/gdf/lib/python3.9/site-packages/distributed/comm/ucx.py", line 354, in read
    await self.ep.recv(msg)
  File "/opt/conda/envs/gdf/lib/python3.9/site-packages/ucp/core.py", line 725, in recv
    ret = await comm.tag_recv(self._ep, buffer, nbytes, tag, name=log)
ucp._libs.exceptions.UCXCanceled: <[Recv #003] ep: 0x7f50758b4140, tag: 0x23e05a85cd6caadd, nbytes: 16, type: <class 'numpy.ndarray'>>: 

During handling of the above exception, another exception occurred:

Traceback (most recent call last):
  File "/opt/conda/envs/gdf/lib/python3.9/site-packages/distributed/worker.py", line 2059, in gather_dep
    response = await get_data_from_worker(
  File "/opt/conda/envs/gdf/lib/python3.9/site-packages/distributed/worker.py", line 2852, in get_data_from_worker
    response = await send_recv(
  File "/opt/conda/envs/gdf/lib/python3.9/site-packages/distributed/core.py", line 1106, in send_recv
    response = await comm.read(deserializers=deserializers)
  File "/opt/conda/envs/gdf/lib/python3.9/site-packages/distributed/utils.py", line 803, in wrapper
    return await func(*args, **kwargs)
  File "/opt/conda/envs/gdf/lib/python3.9/site-packages/distributed/comm/ucx.py", line 372, in read
    raise CommClosedError(
distributed.comm.core.CommClosedError: Connection closed by writer.
Inner exception: UCXCanceled("<[Recv #003] ep: 0x7f50758b4140, tag: 0x23e05a85cd6caadd, nbytes: 16, type: <class 'numpy.ndarray'>>: ")
Task exception was never retrieved
future: <Task finished name='Task-1023' coro=<_listener_handler_coroutine() done, defined at /opt/conda/envs/gdf/lib/python3.9/site-packages/ucp/core.py:128> exception=UCXError('<stream_recv>: Connection reset by remote peer')>
Traceback (most recent call last):
  File "/opt/conda/envs/gdf/lib/python3.9/site-packages/ucp/core.py", line 143, in _listener_handler_coroutine
    peer_info = await exchange_peer_info(
  File "/opt/conda/envs/gdf/lib/python3.9/site-packages/ucp/core.py", line 52, in exchange_peer_info
    await comm.stream_recv(endpoint, peer_info_arr, peer_info_arr.nbytes)
ucp._libs.exceptions.UCXError: <stream_recv>: Connection reset by remote peer
2023-10-16 05:53:31,809 - distributed.worker - ERROR - Worker stream died during communication: ucx://127.0.0.1:54927
Traceback (most recent call last):
  File "/opt/conda/envs/gdf/lib/python3.9/site-packages/distributed/comm/ucx.py", line 354, in read
    await self.ep.recv(msg)
  File "/opt/conda/envs/gdf/lib/python3.9/site-packages/ucp/core.py", line 725, in recv
    ret = await comm.tag_recv(self._ep, buffer, nbytes, tag, name=log)
ucp._libs.exceptions.UCXCanceled: <[Recv #000] ep: 0x7f50758b41c0, tag: 0xd9ba2ac22be08b7f, nbytes: 16, type: <class 'numpy.ndarray'>>: 

During handling of the above exception, another exception occurred:

Traceback (most recent call last):
  File "/opt/conda/envs/gdf/lib/python3.9/site-packages/distributed/worker.py", line 2059, in gather_dep
    response = await get_data_from_worker(
  File "/opt/conda/envs/gdf/lib/python3.9/site-packages/distributed/worker.py", line 2849, in get_data_from_worker
    comm = await rpc.connect(worker)
  File "/opt/conda/envs/gdf/lib/python3.9/site-packages/distributed/core.py", line 1626, in connect
    return connect_attempt.result()
  File "/opt/conda/envs/gdf/lib/python3.9/site-packages/distributed/core.py", line 1516, in _connect
    comm = await connect(
  File "/opt/conda/envs/gdf/lib/python3.9/site-packages/distributed/comm/core.py", line 377, in connect
    handshake = await comm.read()
  File "/opt/conda/envs/gdf/lib/python3.9/site-packages/distributed/utils.py", line 803, in wrapper
    return await func(*args, **kwargs)
  File "/opt/conda/envs/gdf/lib/python3.9/site-packages/distributed/comm/ucx.py", line 372, in read
    raise CommClosedError(
distributed.comm.core.CommClosedError: Connection closed by writer.
Inner exception: UCXCanceled("<[Recv #000] ep: 0x7f50758b41c0, tag: 0xd9ba2ac22be08b7f, nbytes: 16, type: <class 'numpy.ndarray'>>: ")
2023-10-16 05:53:31,788 - distributed.worker - ERROR - Worker stream died during communication: ucx://127.0.0.1:56401
Traceback (most recent call last):
  File "/opt/conda/envs/gdf/lib/python3.9/site-packages/distributed/core.py", line 1516, in _connect
    comm = await connect(
  File "/opt/conda/envs/gdf/lib/python3.9/site-packages/distributed/comm/core.py", line 342, in connect
    comm = await wait_for(
  File "/opt/conda/envs/gdf/lib/python3.9/site-packages/distributed/utils.py", line 1920, in wait_for
    return await asyncio.wait_for(fut, timeout)
  File "/opt/conda/envs/gdf/lib/python3.9/asyncio/tasks.py", line 466, in wait_for
    await waiter
asyncio.exceptions.CancelledError

During handling of the above exception, another exception occurred:

Traceback (most recent call last):
  File "/opt/conda/envs/gdf/lib/python3.9/site-packages/distributed/core.py", line 1626, in connect
    return connect_attempt.result()
asyncio.exceptions.CancelledError

During handling of the above exception, another exception occurred:

Traceback (most recent call last):
  File "/opt/conda/envs/gdf/lib/python3.9/site-packages/distributed/worker.py", line 2059, in gather_dep
    response = await get_data_from_worker(
  File "/opt/conda/envs/gdf/lib/python3.9/site-packages/distributed/worker.py", line 2849, in get_data_from_worker
    comm = await rpc.connect(worker)
  File "/opt/conda/envs/gdf/lib/python3.9/site-packages/distributed/core.py", line 1628, in connect
    raise CommClosedError(reason)
distributed.comm.core.CommClosedError: Address removed.
2023-10-16 05:53:31,833 - distributed.worker - ERROR - failed during get data with ucx://127.0.0.1:43281 -> ucx://127.0.0.1:56401
Traceback (most recent call last):
  File "/opt/conda/envs/gdf/lib/python3.9/site-packages/distributed/comm/ucx.py", line 338, in write
    await self.ep.send(each_frame)
  File "/opt/conda/envs/gdf/lib/python3.9/site-packages/ucp/core.py", line 650, in send
    return await comm.tag_send(self._ep, buffer, nbytes, tag, name=log)
ucp._libs.exceptions.UCXError: <[Send #007] ep: 0x7fab80c6b100, tag: 0x1956f7d872fc217f, nbytes: 100000000, type: <class 'cudf.core.buffer.buffer.Buffer'>>: Connection reset by remote peer

During handling of the above exception, another exception occurred:

Traceback (most recent call last):
  File "/opt/conda/envs/gdf/lib/python3.9/site-packages/distributed/worker.py", line 1782, in get_data
    compressed = await comm.write(msg, serializers=serializers)
  File "/opt/conda/envs/gdf/lib/python3.9/site-packages/distributed/utils.py", line 803, in wrapper
    return await func(*args, **kwargs)
  File "/opt/conda/envs/gdf/lib/python3.9/site-packages/distributed/comm/ucx.py", line 342, in write
    raise CommClosedError("While writing, the connection was closed")
distributed.comm.core.CommClosedError: While writing, the connection was closed
2023-10-16 05:53:31,866 - distributed.worker - ERROR - failed during get data with ucx://127.0.0.1:60863 -> ucx://127.0.0.1:54927
Traceback (most recent call last):
  File "/opt/conda/envs/gdf/lib/python3.9/site-packages/distributed/comm/ucx.py", line 338, in write
    await self.ep.send(each_frame)
  File "/opt/conda/envs/gdf/lib/python3.9/site-packages/ucp/core.py", line 650, in send
    return await comm.tag_send(self._ep, buffer, nbytes, tag, name=log)
ucp._libs.exceptions.UCXError: <[Send #007] ep: 0x7f7eb48281c0, tag: 0xb7cfc76f762bcb94, nbytes: 100000000, type: <class 'cudf.core.buffer.buffer.Buffer'>>: Connection reset by remote peer

During handling of the above exception, another exception occurred:

Traceback (most recent call last):
  File "/opt/conda/envs/gdf/lib/python3.9/site-packages/distributed/worker.py", line 1782, in get_data
    compressed = await comm.write(msg, serializers=serializers)
  File "/opt/conda/envs/gdf/lib/python3.9/site-packages/distributed/utils.py", line 803, in wrapper
    return await func(*args, **kwargs)
  File "/opt/conda/envs/gdf/lib/python3.9/site-packages/distributed/comm/ucx.py", line 342, in write
    raise CommClosedError("While writing, the connection was closed")
distributed.comm.core.CommClosedError: While writing, the connection was closed
2023-10-16 05:53:31,868 - distributed.worker - ERROR - failed during get data with ucx://127.0.0.1:60863 -> ucx://127.0.0.1:57907
Traceback (most recent call last):
  File "/opt/conda/envs/gdf/lib/python3.9/site-packages/distributed/comm/ucx.py", line 338, in write
    await self.ep.send(each_frame)
  File "/opt/conda/envs/gdf/lib/python3.9/site-packages/ucp/core.py", line 650, in send
    return await comm.tag_send(self._ep, buffer, nbytes, tag, name=log)
ucp._libs.exceptions.UCXError: <[Send #007] ep: 0x7f7eb4828180, tag: 0x85dbf8ab059bddde, nbytes: 100000000, type: <class 'cudf.core.buffer.buffer.Buffer'>>: Connection reset by remote peer

During handling of the above exception, another exception occurred:

Traceback (most recent call last):
  File "/opt/conda/envs/gdf/lib/python3.9/site-packages/distributed/worker.py", line 1782, in get_data
    compressed = await comm.write(msg, serializers=serializers)
  File "/opt/conda/envs/gdf/lib/python3.9/site-packages/distributed/utils.py", line 803, in wrapper
    return await func(*args, **kwargs)
  File "/opt/conda/envs/gdf/lib/python3.9/site-packages/distributed/comm/ucx.py", line 342, in write
    raise CommClosedError("While writing, the connection was closed")
distributed.comm.core.CommClosedError: While writing, the connection was closed
2023-10-16 05:53:31,870 - distributed.worker - ERROR - Worker stream died during communication: ucx://127.0.0.1:54927
Traceback (most recent call last):
  File "/opt/conda/envs/gdf/lib/python3.9/site-packages/distributed/comm/ucx.py", line 354, in read
    await self.ep.recv(msg)
  File "/opt/conda/envs/gdf/lib/python3.9/site-packages/ucp/core.py", line 725, in recv
    ret = await comm.tag_recv(self._ep, buffer, nbytes, tag, name=log)
asyncio.exceptions.CancelledError

During handling of the above exception, another exception occurred:

Traceback (most recent call last):
  File "/opt/conda/envs/gdf/lib/python3.9/site-packages/distributed/worker.py", line 2059, in gather_dep
    response = await get_data_from_worker(
  File "/opt/conda/envs/gdf/lib/python3.9/site-packages/distributed/worker.py", line 2849, in get_data_from_worker
    comm = await rpc.connect(worker)
  File "/opt/conda/envs/gdf/lib/python3.9/site-packages/distributed/core.py", line 1626, in connect
    return connect_attempt.result()
  File "/opt/conda/envs/gdf/lib/python3.9/site-packages/distributed/core.py", line 1516, in _connect
    comm = await connect(
  File "/opt/conda/envs/gdf/lib/python3.9/site-packages/distributed/comm/core.py", line 377, in connect
    handshake = await comm.read()
  File "/opt/conda/envs/gdf/lib/python3.9/site-packages/distributed/utils.py", line 803, in wrapper
    return await func(*args, **kwargs)
  File "/opt/conda/envs/gdf/lib/python3.9/site-packages/distributed/comm/ucx.py", line 372, in read
    raise CommClosedError(
distributed.comm.core.CommClosedError: Connection closed by writer.
Inner exception: CancelledError()
Task exception was never retrieved
future: <Task finished name='Task-1024' coro=<_listener_handler_coroutine() done, defined at /opt/conda/envs/gdf/lib/python3.9/site-packages/ucp/core.py:128> exception=UCXError('<stream_send>: Connection reset by remote peer')>
Traceback (most recent call last):
  File "/opt/conda/envs/gdf/lib/python3.9/site-packages/ucp/core.py", line 143, in _listener_handler_coroutine
    peer_info = await exchange_peer_info(
  File "/opt/conda/envs/gdf/lib/python3.9/site-packages/ucp/core.py", line 51, in exchange_peer_info
    await comm.stream_send(endpoint, my_info_arr, my_info_arr.nbytes)
ucp._libs.exceptions.UCXError: <stream_send>: Connection reset by remote peer
2023-10-16 05:53:31,888 - distributed.worker - ERROR - Worker stream died during communication: ucx://127.0.0.1:57907
Traceback (most recent call last):
  File "/opt/conda/envs/gdf/lib/python3.9/site-packages/distributed/comm/ucx.py", line 354, in read
    await self.ep.recv(msg)
  File "/opt/conda/envs/gdf/lib/python3.9/site-packages/ucp/core.py", line 725, in recv
    ret = await comm.tag_recv(self._ep, buffer, nbytes, tag, name=log)
asyncio.exceptions.CancelledError

During handling of the above exception, another exception occurred:

Traceback (most recent call last):
  File "/opt/conda/envs/gdf/lib/python3.9/site-packages/distributed/worker.py", line 2059, in gather_dep
    response = await get_data_from_worker(
  File "/opt/conda/envs/gdf/lib/python3.9/site-packages/distributed/worker.py", line 2849, in get_data_from_worker
    comm = await rpc.connect(worker)
  File "/opt/conda/envs/gdf/lib/python3.9/site-packages/distributed/core.py", line 1626, in connect
    return connect_attempt.result()
  File "/opt/conda/envs/gdf/lib/python3.9/site-packages/distributed/core.py", line 1516, in _connect
    comm = await connect(
  File "/opt/conda/envs/gdf/lib/python3.9/site-packages/distributed/comm/core.py", line 377, in connect
    handshake = await comm.read()
  File "/opt/conda/envs/gdf/lib/python3.9/site-packages/distributed/utils.py", line 803, in wrapper
    return await func(*args, **kwargs)
  File "/opt/conda/envs/gdf/lib/python3.9/site-packages/distributed/comm/ucx.py", line 372, in read
    raise CommClosedError(
distributed.comm.core.CommClosedError: Connection closed by writer.
Inner exception: CancelledError()
2023-10-16 05:53:31,895 - distributed.nanny - WARNING - Restarting worker
2023-10-16 05:53:31,972 - distributed.worker - ERROR - Worker stream died during communication: ucx://127.0.0.1:54927
Traceback (most recent call last):
  File "/opt/conda/envs/gdf/lib/python3.9/site-packages/distributed/comm/ucx.py", line 354, in read
    await self.ep.recv(msg)
  File "/opt/conda/envs/gdf/lib/python3.9/site-packages/ucp/core.py", line 725, in recv
    ret = await comm.tag_recv(self._ep, buffer, nbytes, tag, name=log)
asyncio.exceptions.CancelledError

During handling of the above exception, another exception occurred:

Traceback (most recent call last):
  File "/opt/conda/envs/gdf/lib/python3.9/site-packages/distributed/worker.py", line 2059, in gather_dep
    response = await get_data_from_worker(
  File "/opt/conda/envs/gdf/lib/python3.9/site-packages/distributed/worker.py", line 2849, in get_data_from_worker
    comm = await rpc.connect(worker)
  File "/opt/conda/envs/gdf/lib/python3.9/site-packages/distributed/core.py", line 1626, in connect
    return connect_attempt.result()
  File "/opt/conda/envs/gdf/lib/python3.9/site-packages/distributed/core.py", line 1516, in _connect
    comm = await connect(
  File "/opt/conda/envs/gdf/lib/python3.9/site-packages/distributed/comm/core.py", line 377, in connect
    handshake = await comm.read()
  File "/opt/conda/envs/gdf/lib/python3.9/site-packages/distributed/utils.py", line 803, in wrapper
    return await func(*args, **kwargs)
  File "/opt/conda/envs/gdf/lib/python3.9/site-packages/distributed/comm/ucx.py", line 372, in read
    raise CommClosedError(
distributed.comm.core.CommClosedError: Connection closed by writer.
Inner exception: CancelledError()
2023-10-16 05:53:32,011 - distributed.nanny - WARNING - Restarting worker
2023-10-16 05:53:32,124 - distributed.nanny - WARNING - Restarting worker
[dgx13:84126:0:84126] Caught signal 11 (Segmentation fault: address not mapped to object at address 0x448)
==== backtrace (tid:  84126) ====
 0  /opt/conda/envs/gdf/lib/libucs.so.0(ucs_handle_error+0x2fd) [0x7fe4cf06ef1d]
 1  /opt/conda/envs/gdf/lib/libucs.so.0(+0x29114) [0x7fe4cf06f114]
 2  /opt/conda/envs/gdf/lib/libucs.so.0(+0x292da) [0x7fe4cf06f2da]
 3  /usr/lib/x86_64-linux-gnu/libpthread.so.0(+0x14420) [0x7fe580138420]
 4  /opt/conda/envs/gdf/lib/libucp.so.0(ucp_mem_type_unpack+0x14) [0x7fe4cf0e85d4]
 5  /opt/conda/envs/gdf/lib/libucp.so.0(ucp_rndv_data_handler+0x4e9) [0x7fe4cf10d859]
 6  /opt/conda/envs/gdf/lib/libuct.so.0(+0x2042f) [0x7fe4cf02a42f]
 7  /opt/conda/envs/gdf/lib/libuct.so.0(+0x23798) [0x7fe4cf02d798]
 8  /opt/conda/envs/gdf/lib/libucs.so.0(ucs_event_set_wait+0xb9) [0x7fe4cf077989]
 9  /opt/conda/envs/gdf/lib/libuct.so.0(uct_tcp_iface_progress+0x7d) [0x7fe4cf02c62d]
10  /opt/conda/envs/gdf/lib/libucp.so.0(ucp_worker_progress+0x5a) [0x7fe4cf0e5c4a]
11  /opt/conda/envs/gdf/lib/python3.9/site-packages/ucp/_libs/ucx_api.cpython-39-x86_64-linux-gnu.so(+0x3206a) [0x7fe4cf19706a]
12  /opt/conda/envs/gdf/bin/python(_PyEval_EvalFrameDefault+0x37cb) [0x55d3f98c26fb]
13  /opt/conda/envs/gdf/bin/python(+0x12f094) [0x55d3f98be094]
14  /opt/conda/envs/gdf/bin/python(_PyFunction_Vectorcall+0xd9) [0x55d3f98cf519]
15  /opt/conda/envs/gdf/bin/python(_PyEval_EvalFrameDefault+0x696) [0x55d3f98bf5c6]
16  /opt/conda/envs/gdf/bin/python(+0x1407c2) [0x55d3f98cf7c2]
17  /opt/conda/envs/gdf/bin/python(+0x14de83) [0x55d3f98dce83]
18  /opt/conda/envs/gdf/bin/python(+0x258b2c) [0x55d3f99e7b2c]
19  /opt/conda/envs/gdf/bin/python(+0xead05) [0x55d3f9879d05]
20  /opt/conda/envs/gdf/bin/python(+0x1377f3) [0x55d3f98c67f3]
21  /opt/conda/envs/gdf/bin/python(_PyEval_EvalFrameDefault+0x59f9) [0x55d3f98c4929]
22  /opt/conda/envs/gdf/bin/python(+0x1407c2) [0x55d3f98cf7c2]
23  /opt/conda/envs/gdf/bin/python(_PyEval_EvalFrameDefault+0x696) [0x55d3f98bf5c6]
24  /opt/conda/envs/gdf/bin/python(+0x1407c2) [0x55d3f98cf7c2]
25  /opt/conda/envs/gdf/bin/python(_PyEval_EvalFrameDefault+0x696) [0x55d3f98bf5c6]
26  /opt/conda/envs/gdf/bin/python(+0x1407c2) [0x55d3f98cf7c2]
27  /opt/conda/envs/gdf/bin/python(_PyEval_EvalFrameDefault+0x696) [0x55d3f98bf5c6]
28  /opt/conda/envs/gdf/bin/python(+0x1407c2) [0x55d3f98cf7c2]
29  /opt/conda/envs/gdf/bin/python(_PyEval_EvalFrameDefault+0x696) [0x55d3f98bf5c6]
30  /opt/conda/envs/gdf/bin/python(+0x12f094) [0x55d3f98be094]
31  /opt/conda/envs/gdf/bin/python(_PyFunction_Vectorcall+0xd9) [0x55d3f98cf519]
32  /opt/conda/envs/gdf/bin/python(_PyEval_EvalFrameDefault+0x11f8) [0x55d3f98c0128]
33  /opt/conda/envs/gdf/bin/python(+0x12f094) [0x55d3f98be094]
34  /opt/conda/envs/gdf/bin/python(+0x14dccb) [0x55d3f98dcccb]
35  /opt/conda/envs/gdf/bin/python(PyObject_Call+0xbc) [0x55d3f98dd44c]
36  /opt/conda/envs/gdf/bin/python(+0x21110e) [0x55d3f99a010e]
37  /opt/conda/envs/gdf/bin/python(_PyObject_MakeTpCall+0x2ec) [0x55d3f98c777c]
38  /opt/conda/envs/gdf/bin/python(_PyEval_EvalFrameDefault+0x37cb) [0x55d3f98c26fb]
39  /opt/conda/envs/gdf/bin/python(+0x1407c2) [0x55d3f98cf7c2]
40  /opt/conda/envs/gdf/bin/python(+0x14ddac) [0x55d3f98dcdac]
41  /opt/conda/envs/gdf/bin/python(_PyEval_EvalFrameDefault+0x37cb) [0x55d3f98c26fb]
42  /opt/conda/envs/gdf/bin/python(+0x1407c2) [0x55d3f98cf7c2]
43  /opt/conda/envs/gdf/bin/python(_PyEval_EvalFrameDefault+0x696) [0x55d3f98bf5c6]
44  /opt/conda/envs/gdf/bin/python(+0x12f094) [0x55d3f98be094]
45  /opt/conda/envs/gdf/bin/python(_PyFunction_Vectorcall+0xd9) [0x55d3f98cf519]
46  /opt/conda/envs/gdf/bin/python(_PyEval_EvalFrameDefault+0x696) [0x55d3f98bf5c6]
47  /opt/conda/envs/gdf/bin/python(+0x1407c2) [0x55d3f98cf7c2]
48  /opt/conda/envs/gdf/bin/python(_PyEval_EvalFrameDefault+0x3e2) [0x55d3f98bf312]
49  /opt/conda/envs/gdf/bin/python(+0x12f094) [0x55d3f98be094]
50  /opt/conda/envs/gdf/bin/python(_PyFunction_Vectorcall+0xd9) [0x55d3f98cf519]
51  /opt/conda/envs/gdf/bin/python(_PyEval_EvalFrameDefault+0x11f8) [0x55d3f98c0128]
52  /opt/conda/envs/gdf/bin/python(+0x12f094) [0x55d3f98be094]
53  /opt/conda/envs/gdf/bin/python(_PyEval_EvalCodeWithName+0x48) [0x55d3f98bdd68]
54  /opt/conda/envs/gdf/bin/python(PyEval_EvalCodeEx+0x39) [0x55d3f98bdd19]
55  /opt/conda/envs/gdf/bin/python(PyEval_EvalCode+0x1b) [0x55d3f996b07b]
56  /opt/conda/envs/gdf/bin/python(+0x208fca) [0x55d3f9997fca]
57  /opt/conda/envs/gdf/bin/python(+0x205353) [0x55d3f9994353]
58  /opt/conda/envs/gdf/bin/python(PyRun_StringFlags+0x9a) [0x55d3f998c16a]
59  /opt/conda/envs/gdf/bin/python(PyRun_SimpleStringFlags+0x3c) [0x55d3f998c05c]
60  /opt/conda/envs/gdf/bin/python(Py_RunMain+0x267) [0x55d3f998b297]
61  /opt/conda/envs/gdf/bin/python(Py_BytesMain+0x37) [0x55d3f995ef07]
=================================
2023-10-16 05:53:32,927 - distributed.worker - ERROR - failed during get data with ucx://127.0.0.1:60863 -> ucx://127.0.0.1:50397
Traceback (most recent call last):
  File "/opt/conda/envs/gdf/lib/python3.9/site-packages/distributed/comm/ucx.py", line 338, in write
    await self.ep.send(each_frame)
  File "/opt/conda/envs/gdf/lib/python3.9/site-packages/ucp/core.py", line 650, in send
    return await comm.tag_send(self._ep, buffer, nbytes, tag, name=log)
ucp._libs.exceptions.UCXError: <[Send #007] ep: 0x7f7eb48282c0, tag: 0xdc46a778b3fe485e, nbytes: 100000000, type: <class 'cudf.core.buffer.buffer.Buffer'>>: Connection reset by remote peer

During handling of the above exception, another exception occurred:

Traceback (most recent call last):
  File "/opt/conda/envs/gdf/lib/python3.9/site-packages/distributed/worker.py", line 1782, in get_data
    compressed = await comm.write(msg, serializers=serializers)
  File "/opt/conda/envs/gdf/lib/python3.9/site-packages/distributed/utils.py", line 803, in wrapper
    return await func(*args, **kwargs)
  File "/opt/conda/envs/gdf/lib/python3.9/site-packages/distributed/comm/ucx.py", line 342, in write
    raise CommClosedError("While writing, the connection was closed")
distributed.comm.core.CommClosedError: While writing, the connection was closed
2023-10-16 05:53:32,927 - distributed.worker - ERROR - failed during get data with ucx://127.0.0.1:43281 -> ucx://127.0.0.1:50397
Traceback (most recent call last):
  File "/opt/conda/envs/gdf/lib/python3.9/site-packages/distributed/comm/ucx.py", line 354, in read
    await self.ep.recv(msg)
  File "/opt/conda/envs/gdf/lib/python3.9/site-packages/ucp/core.py", line 725, in recv
    ret = await comm.tag_recv(self._ep, buffer, nbytes, tag, name=log)
ucp._libs.exceptions.UCXCanceled: <[Recv #006] ep: 0x7fab80c6b200, tag: 0x9b37795e3c3686cf, nbytes: 16, type: <class 'numpy.ndarray'>>: 

During handling of the above exception, another exception occurred:

Traceback (most recent call last):
  File "/opt/conda/envs/gdf/lib/python3.9/site-packages/distributed/worker.py", line 1783, in get_data
    response = await comm.read(deserializers=serializers)
  File "/opt/conda/envs/gdf/lib/python3.9/site-packages/distributed/utils.py", line 803, in wrapper
    return await func(*args, **kwargs)
  File "/opt/conda/envs/gdf/lib/python3.9/site-packages/distributed/comm/ucx.py", line 372, in read
    raise CommClosedError(
distributed.comm.core.CommClosedError: Connection closed by writer.
Inner exception: UCXCanceled("<[Recv #006] ep: 0x7fab80c6b200, tag: 0x9b37795e3c3686cf, nbytes: 16, type: <class 'numpy.ndarray'>>: ")
2023-10-16 05:53:33,007 - distributed.nanny - WARNING - Restarting worker
2023-10-16 05:54:01,434 - distributed.worker - ERROR - Worker stream died during communication: ucx://127.0.0.1:56401
Traceback (most recent call last):
  File "/opt/conda/envs/gdf/lib/python3.9/site-packages/distributed/comm/ucx.py", line 471, in connect
    ep = await ucp.create_endpoint(ip, port)
  File "/opt/conda/envs/gdf/lib/python3.9/site-packages/ucp/core.py", line 1004, in create_endpoint
    return await _get_ctx().create_endpoint(
  File "/opt/conda/envs/gdf/lib/python3.9/site-packages/ucp/core.py", line 316, in create_endpoint
    peer_info = await exchange_peer_info(
  File "/opt/conda/envs/gdf/lib/python3.9/site-packages/ucp/core.py", line 54, in exchange_peer_info
    await comm.stream_recv(endpoint, peer_info_arr, peer_info_arr.nbytes)
asyncio.exceptions.CancelledError

During handling of the above exception, another exception occurred:

Traceback (most recent call last):
  File "/opt/conda/envs/gdf/lib/python3.9/asyncio/tasks.py", line 490, in wait_for
    return fut.result()
asyncio.exceptions.CancelledError

The above exception was the direct cause of the following exception:

Traceback (most recent call last):
  File "/opt/conda/envs/gdf/lib/python3.9/site-packages/distributed/comm/core.py", line 342, in connect
    comm = await wait_for(
  File "/opt/conda/envs/gdf/lib/python3.9/site-packages/distributed/utils.py", line 1920, in wait_for
    return await asyncio.wait_for(fut, timeout)
  File "/opt/conda/envs/gdf/lib/python3.9/asyncio/tasks.py", line 492, in wait_for
    raise exceptions.TimeoutError() from exc
asyncio.exceptions.TimeoutError

The above exception was the direct cause of the following exception:

Traceback (most recent call last):
  File "/opt/conda/envs/gdf/lib/python3.9/site-packages/distributed/worker.py", line 2059, in gather_dep
    response = await get_data_from_worker(
  File "/opt/conda/envs/gdf/lib/python3.9/site-packages/distributed/worker.py", line 2849, in get_data_from_worker
    comm = await rpc.connect(worker)
  File "/opt/conda/envs/gdf/lib/python3.9/site-packages/distributed/core.py", line 1626, in connect
    return connect_attempt.result()
  File "/opt/conda/envs/gdf/lib/python3.9/site-packages/distributed/core.py", line 1516, in _connect
    comm = await connect(
  File "/opt/conda/envs/gdf/lib/python3.9/site-packages/distributed/comm/core.py", line 368, in connect
    raise OSError(
OSError: Timed out trying to connect to ucx://127.0.0.1:56401 after 30 s
2023-10-16 05:54:01,435 - distributed.worker - ERROR - Worker stream died during communication: ucx://127.0.0.1:57907
Traceback (most recent call last):
  File "/opt/conda/envs/gdf/lib/python3.9/site-packages/distributed/comm/ucx.py", line 471, in connect
    ep = await ucp.create_endpoint(ip, port)
  File "/opt/conda/envs/gdf/lib/python3.9/site-packages/ucp/core.py", line 1004, in create_endpoint
    return await _get_ctx().create_endpoint(
  File "/opt/conda/envs/gdf/lib/python3.9/site-packages/ucp/core.py", line 316, in create_endpoint
    peer_info = await exchange_peer_info(
  File "/opt/conda/envs/gdf/lib/python3.9/site-packages/ucp/core.py", line 54, in exchange_peer_info
    await comm.stream_recv(endpoint, peer_info_arr, peer_info_arr.nbytes)
asyncio.exceptions.CancelledError

During handling of the above exception, another exception occurred:

Traceback (most recent call last):
  File "/opt/conda/envs/gdf/lib/python3.9/asyncio/tasks.py", line 490, in wait_for
    return fut.result()
asyncio.exceptions.CancelledError

The above exception was the direct cause of the following exception:

Traceback (most recent call last):
  File "/opt/conda/envs/gdf/lib/python3.9/site-packages/distributed/comm/core.py", line 342, in connect
    comm = await wait_for(
  File "/opt/conda/envs/gdf/lib/python3.9/site-packages/distributed/utils.py", line 1920, in wait_for
    return await asyncio.wait_for(fut, timeout)
  File "/opt/conda/envs/gdf/lib/python3.9/asyncio/tasks.py", line 492, in wait_for
    raise exceptions.TimeoutError() from exc
asyncio.exceptions.TimeoutError

The above exception was the direct cause of the following exception:

Traceback (most recent call last):
  File "/opt/conda/envs/gdf/lib/python3.9/site-packages/distributed/worker.py", line 2059, in gather_dep
    response = await get_data_from_worker(
  File "/opt/conda/envs/gdf/lib/python3.9/site-packages/distributed/worker.py", line 2849, in get_data_from_worker
    comm = await rpc.connect(worker)
  File "/opt/conda/envs/gdf/lib/python3.9/site-packages/distributed/core.py", line 1626, in connect
    return connect_attempt.result()
  File "/opt/conda/envs/gdf/lib/python3.9/site-packages/distributed/core.py", line 1516, in _connect
    comm = await connect(
  File "/opt/conda/envs/gdf/lib/python3.9/site-packages/distributed/comm/core.py", line 368, in connect
    raise OSError(
OSError: Timed out trying to connect to ucx://127.0.0.1:57907 after 30 s
2023-10-16 05:54:01,439 - distributed.worker - ERROR - Worker stream died during communication: ucx://127.0.0.1:57907
Traceback (most recent call last):
  File "/opt/conda/envs/gdf/lib/python3.9/site-packages/distributed/comm/ucx.py", line 471, in connect
    ep = await ucp.create_endpoint(ip, port)
  File "/opt/conda/envs/gdf/lib/python3.9/site-packages/ucp/core.py", line 1004, in create_endpoint
    return await _get_ctx().create_endpoint(
  File "/opt/conda/envs/gdf/lib/python3.9/site-packages/ucp/core.py", line 316, in create_endpoint
    peer_info = await exchange_peer_info(
  File "/opt/conda/envs/gdf/lib/python3.9/site-packages/ucp/core.py", line 54, in exchange_peer_info
    await comm.stream_recv(endpoint, peer_info_arr, peer_info_arr.nbytes)
asyncio.exceptions.CancelledError

During handling of the above exception, another exception occurred:

Traceback (most recent call last):
  File "/opt/conda/envs/gdf/lib/python3.9/asyncio/tasks.py", line 490, in wait_for
    return fut.result()
asyncio.exceptions.CancelledError

The above exception was the direct cause of the following exception:

Traceback (most recent call last):
  File "/opt/conda/envs/gdf/lib/python3.9/site-packages/distributed/comm/core.py", line 342, in connect
    comm = await wait_for(
  File "/opt/conda/envs/gdf/lib/python3.9/site-packages/distributed/utils.py", line 1920, in wait_for
    return await asyncio.wait_for(fut, timeout)
  File "/opt/conda/envs/gdf/lib/python3.9/asyncio/tasks.py", line 492, in wait_for
    raise exceptions.TimeoutError() from exc
asyncio.exceptions.TimeoutError

The above exception was the direct cause of the following exception:

Traceback (most recent call last):
  File "/opt/conda/envs/gdf/lib/python3.9/site-packages/distributed/worker.py", line 2059, in gather_dep
    response = await get_data_from_worker(
  File "/opt/conda/envs/gdf/lib/python3.9/site-packages/distributed/worker.py", line 2849, in get_data_from_worker
    comm = await rpc.connect(worker)
  File "/opt/conda/envs/gdf/lib/python3.9/site-packages/distributed/core.py", line 1626, in connect
    return connect_attempt.result()
  File "/opt/conda/envs/gdf/lib/python3.9/site-packages/distributed/core.py", line 1516, in _connect
    comm = await connect(
  File "/opt/conda/envs/gdf/lib/python3.9/site-packages/distributed/comm/core.py", line 368, in connect
    raise OSError(
OSError: Timed out trying to connect to ucx://127.0.0.1:57907 after 30 s
/opt/conda/envs/gdf/lib/python3.9/multiprocessing/resource_tracker.py:216: UserWarning: resource_tracker: There appear to be 48 leaked semaphore objects to clean up at shutdown
  warnings.warn('resource_tracker: There appear to be %d '
