2023-06-13 06:15:20,584 - distributed.preloading - INFO - Creating preload: dask_cuda.initialize
2023-06-13 06:15:20,584 - distributed.preloading - INFO - Import preload module: dask_cuda.initialize
2023-06-13 06:15:20,654 - distributed.preloading - INFO - Creating preload: dask_cuda.initialize
2023-06-13 06:15:20,654 - distributed.preloading - INFO - Import preload module: dask_cuda.initialize
2023-06-13 06:15:20,657 - distributed.preloading - INFO - Creating preload: dask_cuda.initialize
2023-06-13 06:15:20,657 - distributed.preloading - INFO - Import preload module: dask_cuda.initialize
2023-06-13 06:15:20,658 - distributed.preloading - INFO - Creating preload: dask_cuda.initialize
2023-06-13 06:15:20,659 - distributed.preloading - INFO - Import preload module: dask_cuda.initialize
2023-06-13 06:15:20,662 - distributed.preloading - INFO - Creating preload: dask_cuda.initialize
2023-06-13 06:15:20,662 - distributed.preloading - INFO - Import preload module: dask_cuda.initialize
2023-06-13 06:15:20,662 - distributed.preloading - INFO - Creating preload: dask_cuda.initialize
2023-06-13 06:15:20,663 - distributed.preloading - INFO - Import preload module: dask_cuda.initialize
2023-06-13 06:15:20,686 - distributed.preloading - INFO - Creating preload: dask_cuda.initialize
2023-06-13 06:15:20,686 - distributed.preloading - INFO - Import preload module: dask_cuda.initialize
2023-06-13 06:15:20,731 - distributed.preloading - INFO - Creating preload: dask_cuda.initialize
2023-06-13 06:15:20,732 - distributed.preloading - INFO - Import preload module: dask_cuda.initialize
[dgx13:77514:0:77514] Caught signal 11 (Segmentation fault: address not mapped to object at address 0x448)
==== backtrace (tid:  77514) ====
 0  /opt/conda/envs/gdf/lib/libucs.so.0(ucs_handle_error+0x2fd) [0x7f7780ad2f1d]
 1  /opt/conda/envs/gdf/lib/libucs.so.0(+0x29114) [0x7f7780ad3114]
 2  /opt/conda/envs/gdf/lib/libucs.so.0(+0x292da) [0x7f7780ad32da]
 3  /usr/lib/x86_64-linux-gnu/libpthread.so.0(+0x14420) [0x7f78212e7420]
 4  /opt/conda/envs/gdf/lib/libucp.so.0(ucp_mem_type_unpack+0x14) [0x7f7780b4c5d4]
 5  /opt/conda/envs/gdf/lib/libucp.so.0(ucp_rndv_data_handler+0x4e9) [0x7f7780b71859]
 6  /opt/conda/envs/gdf/lib/libuct.so.0(+0x2042f) [0x7f7780a8e42f]
 7  /opt/conda/envs/gdf/lib/libuct.so.0(+0x23798) [0x7f7780a91798]
 8  /opt/conda/envs/gdf/lib/libucs.so.0(ucs_event_set_wait+0xb9) [0x7f7780adb989]
 9  /opt/conda/envs/gdf/lib/libuct.so.0(uct_tcp_iface_progress+0x7d) [0x7f7780a9062d]
10  /opt/conda/envs/gdf/lib/libucp.so.0(ucp_worker_progress+0x5a) [0x7f7780b49c4a]
11  /opt/conda/envs/gdf/lib/python3.9/site-packages/ucp/_libs/ucx_api.cpython-39-x86_64-linux-gnu.so(+0x2b17a) [0x7f7780bf417a]
12  /opt/conda/envs/gdf/bin/python(+0x13eb08) [0x5593f2e7fb08]
13  /opt/conda/envs/gdf/bin/python(_PyEval_EvalFrameDefault+0x5f82) [0x5593f2e70112]
14  /opt/conda/envs/gdf/bin/python(+0x12827a) [0x5593f2e6927a]
15  /opt/conda/envs/gdf/bin/python(_PyFunction_Vectorcall+0xd5) [0x5593f2e7ac05]
16  /opt/conda/envs/gdf/bin/python(_PyEval_EvalFrameDefault+0x68b) [0x5593f2e6a81b]
17  /opt/conda/envs/gdf/bin/python(+0x14e70e) [0x5593f2e8f70e]
18  /opt/conda/envs/gdf/lib/python3.9/lib-dynload/_asyncio.cpython-39-x86_64-linux-gnu.so(+0x82fe) [0x7f77a0e8f2fe]
19  /opt/conda/envs/gdf/bin/python(_PyObject_MakeTpCall+0x2fc) [0x5593f2e732bc]
20  /opt/conda/envs/gdf/bin/python(+0xe5817) [0x5593f2e26817]
21  /opt/conda/envs/gdf/bin/python(+0x130f83) [0x5593f2e71f83]
22  /opt/conda/envs/gdf/bin/python(_PyEval_EvalFrameDefault+0x5ba6) [0x5593f2e6fd36]
23  /opt/conda/envs/gdf/bin/python(+0x139ef3) [0x5593f2e7aef3]
24  /opt/conda/envs/gdf/bin/python(_PyEval_EvalFrameDefault+0x68b) [0x5593f2e6a81b]
25  /opt/conda/envs/gdf/bin/python(+0x139ef3) [0x5593f2e7aef3]
26  /opt/conda/envs/gdf/bin/python(_PyEval_EvalFrameDefault+0x68b) [0x5593f2e6a81b]
27  /opt/conda/envs/gdf/bin/python(+0x139ef3) [0x5593f2e7aef3]
28  /opt/conda/envs/gdf/bin/python(_PyEval_EvalFrameDefault+0x68b) [0x5593f2e6a81b]
29  /opt/conda/envs/gdf/bin/python(+0x139ef3) [0x5593f2e7aef3]
30  /opt/conda/envs/gdf/bin/python(_PyEval_EvalFrameDefault+0x68b) [0x5593f2e6a81b]
31  /opt/conda/envs/gdf/bin/python(+0x12827a) [0x5593f2e6927a]
32  /opt/conda/envs/gdf/bin/python(_PyFunction_Vectorcall+0xd5) [0x5593f2e7ac05]
33  /opt/conda/envs/gdf/bin/python(_PyEval_EvalFrameDefault+0x4e17) [0x5593f2e6efa7]
34  /opt/conda/envs/gdf/bin/python(+0x12827a) [0x5593f2e6927a]
35  /opt/conda/envs/gdf/bin/python(+0x147935) [0x5593f2e88935]
36  /opt/conda/envs/gdf/bin/python(PyObject_Call+0xb4) [0x5593f2e89104]
37  /opt/conda/envs/gdf/bin/python(+0x20efc8) [0x5593f2f4ffc8]
38  /opt/conda/envs/gdf/bin/python(_PyObject_MakeTpCall+0x2fc) [0x5593f2e732bc]
39  /opt/conda/envs/gdf/bin/python(_PyEval_EvalFrameDefault+0x402b) [0x5593f2e6e1bb]
40  /opt/conda/envs/gdf/bin/python(+0x139ef3) [0x5593f2e7aef3]
41  /opt/conda/envs/gdf/bin/python(+0x147c72) [0x5593f2e88c72]
42  /opt/conda/envs/gdf/bin/python(_PyEval_EvalFrameDefault+0x402b) [0x5593f2e6e1bb]
43  /opt/conda/envs/gdf/bin/python(+0x139ef3) [0x5593f2e7aef3]
44  /opt/conda/envs/gdf/bin/python(_PyEval_EvalFrameDefault+0x68b) [0x5593f2e6a81b]
45  /opt/conda/envs/gdf/bin/python(+0x12827a) [0x5593f2e6927a]
46  /opt/conda/envs/gdf/bin/python(_PyFunction_Vectorcall+0xd5) [0x5593f2e7ac05]
47  /opt/conda/envs/gdf/bin/python(_PyEval_EvalFrameDefault+0x68b) [0x5593f2e6a81b]
48  /opt/conda/envs/gdf/bin/python(+0x139ef3) [0x5593f2e7aef3]
49  /opt/conda/envs/gdf/bin/python(_PyEval_EvalFrameDefault+0x3d8) [0x5593f2e6a568]
50  /opt/conda/envs/gdf/bin/python(+0x12827a) [0x5593f2e6927a]
51  /opt/conda/envs/gdf/bin/python(_PyFunction_Vectorcall+0xd5) [0x5593f2e7ac05]
52  /opt/conda/envs/gdf/bin/python(_PyEval_EvalFrameDefault+0x123b) [0x5593f2e6b3cb]
53  /opt/conda/envs/gdf/bin/python(+0x12827a) [0x5593f2e6927a]
54  /opt/conda/envs/gdf/bin/python(_PyEval_EvalCodeWithName+0x47) [0x5593f2e68f07]
55  /opt/conda/envs/gdf/bin/python(PyEval_EvalCodeEx+0x39) [0x5593f2e68eb9]
56  /opt/conda/envs/gdf/bin/python(PyEval_EvalCode+0x1b) [0x5593f2f198bb]
57  /opt/conda/envs/gdf/bin/python(+0x206adc) [0x5593f2f47adc]
58  /opt/conda/envs/gdf/bin/python(+0x202c24) [0x5593f2f43c24]
59  /opt/conda/envs/gdf/bin/python(PyRun_StringFlags+0x9d) [0x5593f2f3b7ed]
60  /opt/conda/envs/gdf/bin/python(PyRun_SimpleStringFlags+0x3d) [0x5593f2f3b6bd]
61  /opt/conda/envs/gdf/bin/python(Py_RunMain+0x262) [0x5593f2f3a8a2]
=================================
[dgx13:77490:0:77490] Caught signal 11 (Segmentation fault: address not mapped to object at address 0x448)
[dgx13:77503:0:77503] Caught signal 11 (Segmentation fault: address not mapped to object at address 0x448)
==== backtrace (tid:  77490) ====
 0  /opt/conda/envs/gdf/lib/libucs.so.0(ucs_handle_error+0x2fd) [0x7fa2703abf1d]
 1  /opt/conda/envs/gdf/lib/libucs.so.0(+0x29114) [0x7fa2703ac114]
 2  /opt/conda/envs/gdf/lib/libucs.so.0(+0x292da) [0x7fa2703ac2da]
 3  /usr/lib/x86_64-linux-gnu/libpthread.so.0(+0x14420) [0x7fa302b9c420]
 4  /opt/conda/envs/gdf/lib/libucp.so.0(ucp_mem_type_unpack+0x14) [0x7fa2704255d4]
 5  /opt/conda/envs/gdf/lib/libucp.so.0(ucp_rndv_data_handler+0x4e9) [0x7fa27044a859]
 6  /opt/conda/envs/gdf/lib/libuct.so.0(+0x2042f) [0x7fa27036742f]
 7  /opt/conda/envs/gdf/lib/libuct.so.0(+0x23798) [0x7fa27036a798]
 8  /opt/conda/envs/gdf/lib/libucs.so.0(ucs_event_set_wait+0xb9) [0x7fa2703b4989]
 9  /opt/conda/envs/gdf/lib/libuct.so.0(uct_tcp_iface_progress+0x7d) [0x7fa27036962d]
10  /opt/conda/envs/gdf/lib/libucp.so.0(ucp_worker_progress+0x5a) [0x7fa270422c4a]
11  /opt/conda/envs/gdf/lib/python3.9/site-packages/ucp/_libs/ucx_api.cpython-39-x86_64-linux-gnu.so(+0x2b17a) [0x7fa2704cd17a]
12  /opt/conda/envs/gdf/bin/python(+0x13eb08) [0x564ad523eb08]
13  /opt/conda/envs/gdf/bin/python(_PyEval_EvalFrameDefault+0x5f82) [0x564ad522f112]
14  /opt/conda/envs/gdf/bin/python(+0x12827a) [0x564ad522827a]
15  /opt/conda/envs/gdf/bin/python(_PyFunction_Vectorcall+0xd5) [0x564ad5239c05]
16  /opt/conda/envs/gdf/bin/python(_PyEval_EvalFrameDefault+0x68b) [0x564ad522981b]
17  /opt/conda/envs/gdf/bin/python(+0x139ef3) [0x564ad5239ef3]
18  /opt/conda/envs/gdf/bin/python(+0x147a16) [0x564ad5247a16]
19  /opt/conda/envs/gdf/bin/python(+0x2579b1) [0x564ad53579b1]
20  /opt/conda/envs/gdf/bin/python(+0xe5817) [0x564ad51e5817]
21  /opt/conda/envs/gdf/bin/python(+0x130f83) [0x564ad5230f83]
22  /opt/conda/envs/gdf/bin/python(_PyEval_EvalFrameDefault+0x5ba6) [0x564ad522ed36]
23  /opt/conda/envs/gdf/bin/python(+0x139ef3) [0x564ad5239ef3]
24  /opt/conda/envs/gdf/bin/python(_PyEval_EvalFrameDefault+0x68b) [0x564ad522981b]
25  /opt/conda/envs/gdf/bin/python(+0x139ef3) [0x564ad5239ef3]
26  /opt/conda/envs/gdf/bin/python(_PyEval_EvalFrameDefault+0x68b) [0x564ad522981b]
27  /opt/conda/envs/gdf/bin/python(+0x139ef3) [0x564ad5239ef3]
28  /opt/conda/envs/gdf/bin/python(_PyEval_EvalFrameDefault+0x68b) [0x564ad522981b]
29  /opt/conda/envs/gdf/bin/python(+0x139ef3) [0x564ad5239ef3]
30  /opt/conda/envs/gdf/bin/python(_PyEval_EvalFrameDefault+0x68b) [0x564ad522981b]
31  /opt/conda/envs/gdf/bin/python(+0x12827a) [0x564ad522827a]
32  /opt/conda/envs/gdf/bin/python(_PyFunction_Vectorcall+0xd5) [0x564ad5239c05]
33  /opt/conda/envs/gdf/bin/python(_PyEval_EvalFrameDefault+0x4e17) [0x564ad522dfa7]
34  /opt/conda/envs/gdf/bin/python(+0x12827a) [0x564ad522827a]
35  /opt/conda/envs/gdf/bin/python(+0x147935) [0x564ad5247935]
36  /opt/conda/envs/gdf/bin/python(PyObject_Call+0xb4) [0x564ad5248104]
37  /opt/conda/envs/gdf/bin/python(+0x20efc8) [0x564ad530efc8]
38  /opt/conda/envs/gdf/bin/python(_PyObject_MakeTpCall+0x2fc) [0x564ad52322bc]
39  /opt/conda/envs/gdf/bin/python(_PyEval_EvalFrameDefault+0x402b) [0x564ad522d1bb]
40  /opt/conda/envs/gdf/bin/python(+0x139ef3) [0x564ad5239ef3]
41  /opt/conda/envs/gdf/bin/python(+0x147c72) [0x564ad5247c72]
42  /opt/conda/envs/gdf/bin/python(_PyEval_EvalFrameDefault+0x402b) [0x564ad522d1bb]
43  /opt/conda/envs/gdf/bin/python(+0x139ef3) [0x564ad5239ef3]
44  /opt/conda/envs/gdf/bin/python(_PyEval_EvalFrameDefault+0x68b) [0x564ad522981b]
45  /opt/conda/envs/gdf/bin/python(+0x12827a) [0x564ad522827a]
46  /opt/conda/envs/gdf/bin/python(_PyFunction_Vectorcall+0xd5) [0x564ad5239c05]
47  /opt/conda/envs/gdf/bin/python(_PyEval_EvalFrameDefault+0x68b) [0x564ad522981b]
48  /opt/conda/envs/gdf/bin/python(+0x139ef3) [0x564ad5239ef3]
49  /opt/conda/envs/gdf/bin/python(_PyEval_EvalFrameDefault+0x3d8) [0x564ad5229568]
50  /opt/conda/envs/gdf/bin/python(+0x12827a) [0x564ad522827a]
51  /opt/conda/envs/gdf/bin/python(_PyFunction_Vectorcall+0xd5) [0x564ad5239c05]
52  /opt/conda/envs/gdf/bin/python(_PyEval_EvalFrameDefault+0x123b) [0x564ad522a3cb]
53  /opt/conda/envs/gdf/bin/python(+0x12827a) [0x564ad522827a]
54  /opt/conda/envs/gdf/bin/python(_PyEval_EvalCodeWithName+0x47) [0x564ad5227f07]
55  /opt/conda/envs/gdf/bin/python(PyEval_EvalCodeEx+0x39) [0x564ad5227eb9]
56  /opt/conda/envs/gdf/bin/python(PyEval_EvalCode+0x1b) [0x564ad52d88bb]
57  /opt/conda/envs/gdf/bin/python(+0x206adc) [0x564ad5306adc]
58  /opt/conda/envs/gdf/bin/python(+0x202c24) [0x564ad5302c24]
59  /opt/conda/envs/gdf/bin/python(PyRun_StringFlags+0x9d) [0x564ad52fa7ed]
60  /opt/conda/envs/gdf/bin/python(PyRun_SimpleStringFlags+0x3d) [0x564ad52fa6bd]
61  /opt/conda/envs/gdf/bin/python(Py_RunMain+0x262) [0x564ad52f98a2]
=================================
==== backtrace (tid:  77503) ====
 0  /opt/conda/envs/gdf/lib/libucs.so.0(ucs_handle_error+0x2fd) [0x7fd82c5e5f1d]
 1  /opt/conda/envs/gdf/lib/libucs.so.0(+0x29114) [0x7fd82c5e6114]
 2  /opt/conda/envs/gdf/lib/libucs.so.0(+0x292da) [0x7fd82c5e62da]
 3  /usr/lib/x86_64-linux-gnu/libpthread.so.0(+0x14420) [0x7fd8beddf420]
 4  /opt/conda/envs/gdf/lib/libucp.so.0(ucp_mem_type_unpack+0x14) [0x7fd82c65f5d4]
 5  /opt/conda/envs/gdf/lib/libucp.so.0(ucp_rndv_data_handler+0x4e9) [0x7fd82c684859]
 6  /opt/conda/envs/gdf/lib/libuct.so.0(+0x2042f) [0x7fd82c5a142f]
 7  /opt/conda/envs/gdf/lib/libuct.so.0(+0x23798) [0x7fd82c5a4798]
 8  /opt/conda/envs/gdf/lib/libucs.so.0(ucs_event_set_wait+0xb9) [0x7fd82c5ee989]
 9  /opt/conda/envs/gdf/lib/libuct.so.0(uct_tcp_iface_progress+0x7d) [0x7fd82c5a362d]
10  /opt/conda/envs/gdf/lib/libucp.so.0(ucp_worker_progress+0x5a) [0x7fd82c65cc4a]
11  /opt/conda/envs/gdf/lib/python3.9/site-packages/ucp/_libs/ucx_api.cpython-39-x86_64-linux-gnu.so(+0x2b17a) [0x7fd82c70717a]
12  /opt/conda/envs/gdf/bin/python(+0x13eb08) [0x55fad6a75b08]
13  /opt/conda/envs/gdf/bin/python(_PyEval_EvalFrameDefault+0x5f82) [0x55fad6a66112]
14  /opt/conda/envs/gdf/bin/python(+0x12827a) [0x55fad6a5f27a]
15  /opt/conda/envs/gdf/bin/python(_PyFunction_Vectorcall+0xd5) [0x55fad6a70c05]
16  /opt/conda/envs/gdf/bin/python(_PyEval_EvalFrameDefault+0x68b) [0x55fad6a6081b]
17  /opt/conda/envs/gdf/bin/python(+0x139ef3) [0x55fad6a70ef3]
18  /opt/conda/envs/gdf/bin/python(+0x147a16) [0x55fad6a7ea16]
19  /opt/conda/envs/gdf/bin/python(+0x2579b1) [0x55fad6b8e9b1]
20  /opt/conda/envs/gdf/bin/python(+0xe5817) [0x55fad6a1c817]
21  /opt/conda/envs/gdf/bin/python(+0x130f83) [0x55fad6a67f83]
22  /opt/conda/envs/gdf/bin/python(_PyEval_EvalFrameDefault+0x5ba6) [0x55fad6a65d36]
23  /opt/conda/envs/gdf/bin/python(+0x139ef3) [0x55fad6a70ef3]
24  /opt/conda/envs/gdf/bin/python(_PyEval_EvalFrameDefault+0x68b) [0x55fad6a6081b]
25  /opt/conda/envs/gdf/bin/python(+0x139ef3) [0x55fad6a70ef3]
26  /opt/conda/envs/gdf/bin/python(_PyEval_EvalFrameDefault+0x68b) [0x55fad6a6081b]
27  /opt/conda/envs/gdf/bin/python(+0x139ef3) [0x55fad6a70ef3]
28  /opt/conda/envs/gdf/bin/python(_PyEval_EvalFrameDefault+0x68b) [0x55fad6a6081b]
29  /opt/conda/envs/gdf/bin/python(+0x139ef3) [0x55fad6a70ef3]
30  /opt/conda/envs/gdf/bin/python(_PyEval_EvalFrameDefault+0x68b) [0x55fad6a6081b]
31  /opt/conda/envs/gdf/bin/python(+0x12827a) [0x55fad6a5f27a]
32  /opt/conda/envs/gdf/bin/python(_PyFunction_Vectorcall+0xd5) [0x55fad6a70c05]
33  /opt/conda/envs/gdf/bin/python(_PyEval_EvalFrameDefault+0x4e17) [0x55fad6a64fa7]
34  /opt/conda/envs/gdf/bin/python(+0x12827a) [0x55fad6a5f27a]
35  /opt/conda/envs/gdf/bin/python(+0x147935) [0x55fad6a7e935]
36  /opt/conda/envs/gdf/bin/python(PyObject_Call+0xb4) [0x55fad6a7f104]
37  /opt/conda/envs/gdf/bin/python(+0x20efc8) [0x55fad6b45fc8]
38  /opt/conda/envs/gdf/bin/python(_PyObject_MakeTpCall+0x2fc) [0x55fad6a692bc]
39  /opt/conda/envs/gdf/bin/python(_PyEval_EvalFrameDefault+0x402b) [0x55fad6a641bb]
40  /opt/conda/envs/gdf/bin/python(+0x139ef3) [0x55fad6a70ef3]
41  /opt/conda/envs/gdf/bin/python(+0x147c72) [0x55fad6a7ec72]
42  /opt/conda/envs/gdf/bin/python(_PyEval_EvalFrameDefault+0x402b) [0x55fad6a641bb]
43  /opt/conda/envs/gdf/bin/python(+0x139ef3) [0x55fad6a70ef3]
44  /opt/conda/envs/gdf/bin/python(_PyEval_EvalFrameDefault+0x68b) [0x55fad6a6081b]
45  /opt/conda/envs/gdf/bin/python(+0x12827a) [0x55fad6a5f27a]
46  /opt/conda/envs/gdf/bin/python(_PyFunction_Vectorcall+0xd5) [0x55fad6a70c05]
47  /opt/conda/envs/gdf/bin/python(_PyEval_EvalFrameDefault+0x68b) [0x55fad6a6081b]
48  /opt/conda/envs/gdf/bin/python(+0x139ef3) [0x55fad6a70ef3]
49  /opt/conda/envs/gdf/bin/python(_PyEval_EvalFrameDefault+0x3d8) [0x55fad6a60568]
50  /opt/conda/envs/gdf/bin/python(+0x12827a) [0x55fad6a5f27a]
51  /opt/conda/envs/gdf/bin/python(_PyFunction_Vectorcall+0xd5) [0x55fad6a70c05]
52  /opt/conda/envs/gdf/bin/python(_PyEval_EvalFrameDefault+0x123b) [0x55fad6a613cb]
53  /opt/conda/envs/gdf/bin/python(+0x12827a) [0x55fad6a5f27a]
54  /opt/conda/envs/gdf/bin/python(_PyEval_EvalCodeWithName+0x47) [0x55fad6a5ef07]
55  /opt/conda/envs/gdf/bin/python(PyEval_EvalCodeEx+0x39) [0x55fad6a5eeb9]
56  /opt/conda/envs/gdf/bin/python(PyEval_EvalCode+0x1b) [0x55fad6b0f8bb]
57  /opt/conda/envs/gdf/bin/python(+0x206adc) [0x55fad6b3dadc]
58  /opt/conda/envs/gdf/bin/python(+0x202c24) [0x55fad6b39c24]
59  /opt/conda/envs/gdf/bin/python(PyRun_StringFlags+0x9d) [0x55fad6b317ed]
60  /opt/conda/envs/gdf/bin/python(PyRun_SimpleStringFlags+0x3d) [0x55fad6b316bd]
61  /opt/conda/envs/gdf/bin/python(Py_RunMain+0x262) [0x55fad6b308a2]
=================================
[dgx13:77506:0:77506] Caught signal 11 (Segmentation fault: address not mapped to object at address 0x448)
==== backtrace (tid:  77506) ====
 0  /opt/conda/envs/gdf/lib/libucs.so.0(ucs_handle_error+0x2fd) [0x7f82f966ef1d]
 1  /opt/conda/envs/gdf/lib/libucs.so.0(+0x29114) [0x7f82f966f114]
 2  /opt/conda/envs/gdf/lib/libucs.so.0(+0x292da) [0x7f82f966f2da]
 3  /usr/lib/x86_64-linux-gnu/libpthread.so.0(+0x14420) [0x7f839dd56420]
 4  /opt/conda/envs/gdf/lib/libucp.so.0(ucp_mem_type_unpack+0x14) [0x7f82f96e85d4]
 5  /opt/conda/envs/gdf/lib/libucp.so.0(ucp_rndv_data_handler+0x4e9) [0x7f82f970d859]
 6  /opt/conda/envs/gdf/lib/libuct.so.0(+0x2042f) [0x7f82f962a42f]
 7  /opt/conda/envs/gdf/lib/libuct.so.0(+0x23798) [0x7f82f962d798]
 8  /opt/conda/envs/gdf/lib/libucs.so.0(ucs_event_set_wait+0xb9) [0x7f82f9677989]
 9  /opt/conda/envs/gdf/lib/libuct.so.0(uct_tcp_iface_progress+0x7d) [0x7f82f962c62d]
10  /opt/conda/envs/gdf/lib/libucp.so.0(ucp_worker_progress+0x5a) [0x7f82f96e5c4a]
11  /opt/conda/envs/gdf/lib/python3.9/site-packages/ucp/_libs/ucx_api.cpython-39-x86_64-linux-gnu.so(+0x2b17a) [0x7f82f979017a]
12  /opt/conda/envs/gdf/bin/python(+0x13eb08) [0x55d2229d4b08]
13  /opt/conda/envs/gdf/bin/python(_PyEval_EvalFrameDefault+0x5f82) [0x55d2229c5112]
14  /opt/conda/envs/gdf/bin/python(+0x12827a) [0x55d2229be27a]
15  /opt/conda/envs/gdf/bin/python(_PyFunction_Vectorcall+0xd5) [0x55d2229cfc05]
16  /opt/conda/envs/gdf/bin/python(_PyEval_EvalFrameDefault+0x68b) [0x55d2229bf81b]
17  /opt/conda/envs/gdf/bin/python(+0x139ef3) [0x55d2229cfef3]
18  /opt/conda/envs/gdf/bin/python(+0x147a16) [0x55d2229dda16]
19  /opt/conda/envs/gdf/bin/python(+0x2579b1) [0x55d222aed9b1]
20  /opt/conda/envs/gdf/bin/python(+0xe5817) [0x55d22297b817]
21  /opt/conda/envs/gdf/bin/python(+0x130f83) [0x55d2229c6f83]
22  /opt/conda/envs/gdf/bin/python(_PyEval_EvalFrameDefault+0x5ba6) [0x55d2229c4d36]
23  /opt/conda/envs/gdf/bin/python(+0x139ef3) [0x55d2229cfef3]
24  /opt/conda/envs/gdf/bin/python(_PyEval_EvalFrameDefault+0x68b) [0x55d2229bf81b]
25  /opt/conda/envs/gdf/bin/python(+0x139ef3) [0x55d2229cfef3]
26  /opt/conda/envs/gdf/bin/python(_PyEval_EvalFrameDefault+0x68b) [0x55d2229bf81b]
27  /opt/conda/envs/gdf/bin/python(+0x139ef3) [0x55d2229cfef3]
28  /opt/conda/envs/gdf/bin/python(_PyEval_EvalFrameDefault+0x68b) [0x55d2229bf81b]
29  /opt/conda/envs/gdf/bin/python(+0x139ef3) [0x55d2229cfef3]
30  /opt/conda/envs/gdf/bin/python(_PyEval_EvalFrameDefault+0x68b) [0x55d2229bf81b]
31  /opt/conda/envs/gdf/bin/python(+0x12827a) [0x55d2229be27a]
32  /opt/conda/envs/gdf/bin/python(_PyFunction_Vectorcall+0xd5) [0x55d2229cfc05]
33  /opt/conda/envs/gdf/bin/python(_PyEval_EvalFrameDefault+0x4e17) [0x55d2229c3fa7]
34  /opt/conda/envs/gdf/bin/python(+0x12827a) [0x55d2229be27a]
35  /opt/conda/envs/gdf/bin/python(+0x147935) [0x55d2229dd935]
36  /opt/conda/envs/gdf/bin/python(PyObject_Call+0xb4) [0x55d2229de104]
37  /opt/conda/envs/gdf/bin/python(+0x20efc8) [0x55d222aa4fc8]
38  /opt/conda/envs/gdf/bin/python(_PyObject_MakeTpCall+0x2fc) [0x55d2229c82bc]
39  /opt/conda/envs/gdf/bin/python(_PyEval_EvalFrameDefault+0x402b) [0x55d2229c31bb]
40  /opt/conda/envs/gdf/bin/python(+0x139ef3) [0x55d2229cfef3]
41  /opt/conda/envs/gdf/bin/python(+0x147c72) [0x55d2229ddc72]
42  /opt/conda/envs/gdf/bin/python(_PyEval_EvalFrameDefault+0x402b) [0x55d2229c31bb]
43  /opt/conda/envs/gdf/bin/python(+0x139ef3) [0x55d2229cfef3]
44  /opt/conda/envs/gdf/bin/python(_PyEval_EvalFrameDefault+0x68b) [0x55d2229bf81b]
45  /opt/conda/envs/gdf/bin/python(+0x12827a) [0x55d2229be27a]
46  /opt/conda/envs/gdf/bin/python(_PyFunction_Vectorcall+0xd5) [0x55d2229cfc05]
47  /opt/conda/envs/gdf/bin/python(_PyEval_EvalFrameDefault+0x68b) [0x55d2229bf81b]
48  /opt/conda/envs/gdf/bin/python(+0x139ef3) [0x55d2229cfef3]
49  /opt/conda/envs/gdf/bin/python(_PyEval_EvalFrameDefault+0x3d8) [0x55d2229bf568]
50  /opt/conda/envs/gdf/bin/python(+0x12827a) [0x55d2229be27a]
51  /opt/conda/envs/gdf/bin/python(_PyFunction_Vectorcall+0xd5) [0x55d2229cfc05]
52  /opt/conda/envs/gdf/bin/python(_PyEval_EvalFrameDefault+0x123b) [0x55d2229c03cb]
53  /opt/conda/envs/gdf/bin/python(+0x12827a) [0x55d2229be27a]
54  /opt/conda/envs/gdf/bin/python(_PyEval_EvalCodeWithName+0x47) [0x55d2229bdf07]
55  /opt/conda/envs/gdf/bin/python(PyEval_EvalCodeEx+0x39) [0x55d2229bdeb9]
56  /opt/conda/envs/gdf/bin/python(PyEval_EvalCode+0x1b) [0x55d222a6e8bb]
57  /opt/conda/envs/gdf/bin/python(+0x206adc) [0x55d222a9cadc]
58  /opt/conda/envs/gdf/bin/python(+0x202c24) [0x55d222a98c24]
59  /opt/conda/envs/gdf/bin/python(PyRun_StringFlags+0x9d) [0x55d222a907ed]
60  /opt/conda/envs/gdf/bin/python(PyRun_SimpleStringFlags+0x3d) [0x55d222a906bd]
61  /opt/conda/envs/gdf/bin/python(Py_RunMain+0x262) [0x55d222a8f8a2]
=================================
[dgx13:77511:0:77511] Caught signal 11 (Segmentation fault: address not mapped to object at address 0x448)
==== backtrace (tid:  77511) ====
 0  /opt/conda/envs/gdf/lib/libucs.so.0(ucs_handle_error+0x2fd) [0x7f3ef84fbf1d]
 1  /opt/conda/envs/gdf/lib/libucs.so.0(+0x29114) [0x7f3ef84fc114]
 2  /opt/conda/envs/gdf/lib/libucs.so.0(+0x292da) [0x7f3ef84fc2da]
 3  /usr/lib/x86_64-linux-gnu/libpthread.so.0(+0x14420) [0x7f3f8ace6420]
 4  /opt/conda/envs/gdf/lib/libucp.so.0(ucp_mem_type_unpack+0x14) [0x7f3ef85755d4]
 5  /opt/conda/envs/gdf/lib/libucp.so.0(ucp_rndv_data_handler+0x4e9) [0x7f3ef859a859]
 6  /opt/conda/envs/gdf/lib/libuct.so.0(+0x2042f) [0x7f3ef84b742f]
 7  /opt/conda/envs/gdf/lib/libuct.so.0(+0x23798) [0x7f3ef84ba798]
 8  /opt/conda/envs/gdf/lib/libucs.so.0(ucs_event_set_wait+0xb9) [0x7f3ef8504989]
 9  /opt/conda/envs/gdf/lib/libuct.so.0(uct_tcp_iface_progress+0x7d) [0x7f3ef84b962d]
10  /opt/conda/envs/gdf/lib/libucp.so.0(ucp_worker_progress+0x5a) [0x7f3ef8572c4a]
11  /opt/conda/envs/gdf/lib/python3.9/site-packages/ucp/_libs/ucx_api.cpython-39-x86_64-linux-gnu.so(+0x2b17a) [0x7f3ef861d17a]
12  /opt/conda/envs/gdf/bin/python(+0x13eb08) [0x55861872bb08]
13  /opt/conda/envs/gdf/bin/python(_PyEval_EvalFrameDefault+0x5f82) [0x55861871c112]
14  /opt/conda/envs/gdf/bin/python(+0x12827a) [0x55861871527a]
15  /opt/conda/envs/gdf/bin/python(_PyFunction_Vectorcall+0xd5) [0x558618726c05]
16  /opt/conda/envs/gdf/bin/python(_PyEval_EvalFrameDefault+0x68b) [0x55861871681b]
17  /opt/conda/envs/gdf/bin/python(+0x139ef3) [0x558618726ef3]
18  /opt/conda/envs/gdf/bin/python(+0x147a16) [0x558618734a16]
19  /opt/conda/envs/gdf/bin/python(+0x2579b1) [0x5586188449b1]
20  /opt/conda/envs/gdf/bin/python(+0xe5817) [0x5586186d2817]
21  /opt/conda/envs/gdf/bin/python(+0x130f83) [0x55861871df83]
22  /opt/conda/envs/gdf/bin/python(_PyEval_EvalFrameDefault+0x5ba6) [0x55861871bd36]
23  /opt/conda/envs/gdf/bin/python(+0x139ef3) [0x558618726ef3]
24  /opt/conda/envs/gdf/bin/python(_PyEval_EvalFrameDefault+0x68b) [0x55861871681b]
25  /opt/conda/envs/gdf/bin/python(+0x139ef3) [0x558618726ef3]
26  /opt/conda/envs/gdf/bin/python(_PyEval_EvalFrameDefault+0x68b) [0x55861871681b]
27  /opt/conda/envs/gdf/bin/python(+0x139ef3) [0x558618726ef3]
28  /opt/conda/envs/gdf/bin/python(_PyEval_EvalFrameDefault+0x68b) [0x55861871681b]
29  /opt/conda/envs/gdf/bin/python(+0x139ef3) [0x558618726ef3]
30  /opt/conda/envs/gdf/bin/python(_PyEval_EvalFrameDefault+0x68b) [0x55861871681b]
31  /opt/conda/envs/gdf/bin/python(+0x12827a) [0x55861871527a]
32  /opt/conda/envs/gdf/bin/python(_PyFunction_Vectorcall+0xd5) [0x558618726c05]
33  /opt/conda/envs/gdf/bin/python(_PyEval_EvalFrameDefault+0x4e17) [0x55861871afa7]
34  /opt/conda/envs/gdf/bin/python(+0x12827a) [0x55861871527a]
35  /opt/conda/envs/gdf/bin/python(+0x147935) [0x558618734935]
36  /opt/conda/envs/gdf/bin/python(PyObject_Call+0xb4) [0x558618735104]
37  /opt/conda/envs/gdf/bin/python(+0x20efc8) [0x5586187fbfc8]
38  /opt/conda/envs/gdf/bin/python(_PyObject_MakeTpCall+0x2fc) [0x55861871f2bc]
39  /opt/conda/envs/gdf/bin/python(_PyEval_EvalFrameDefault+0x402b) [0x55861871a1bb]
40  /opt/conda/envs/gdf/bin/python(+0x139ef3) [0x558618726ef3]
41  /opt/conda/envs/gdf/bin/python(+0x147c72) [0x558618734c72]
42  /opt/conda/envs/gdf/bin/python(_PyEval_EvalFrameDefault+0x402b) [0x55861871a1bb]
43  /opt/conda/envs/gdf/bin/python(+0x139ef3) [0x558618726ef3]
44  /opt/conda/envs/gdf/bin/python(_PyEval_EvalFrameDefault+0x68b) [0x55861871681b]
45  /opt/conda/envs/gdf/bin/python(+0x12827a) [0x55861871527a]
46  /opt/conda/envs/gdf/bin/python(_PyFunction_Vectorcall+0xd5) [0x558618726c05]
47  /opt/conda/envs/gdf/bin/python(_PyEval_EvalFrameDefault+0x68b) [0x55861871681b]
48  /opt/conda/envs/gdf/bin/python(+0x139ef3) [0x558618726ef3]
49  /opt/conda/envs/gdf/bin/python(_PyEval_EvalFrameDefault+0x3d8) [0x558618716568]
50  /opt/conda/envs/gdf/bin/python(+0x12827a) [0x55861871527a]
51  /opt/conda/envs/gdf/bin/python(_PyFunction_Vectorcall+0xd5) [0x558618726c05]
52  /opt/conda/envs/gdf/bin/python(_PyEval_EvalFrameDefault+0x123b) [0x5586187173cb]
53  /opt/conda/envs/gdf/bin/python(+0x12827a) [0x55861871527a]
54  /opt/conda/envs/gdf/bin/python(_PyEval_EvalCodeWithName+0x47) [0x558618714f07]
55  /opt/conda/envs/gdf/bin/python(PyEval_EvalCodeEx+0x39) [0x558618714eb9]
56  /opt/conda/envs/gdf/bin/python(PyEval_EvalCode+0x1b) [0x5586187c58bb]
57  /opt/conda/envs/gdf/bin/python(+0x206adc) [0x5586187f3adc]
58  /opt/conda/envs/gdf/bin/python(+0x202c24) [0x5586187efc24]
59  /opt/conda/envs/gdf/bin/python(PyRun_StringFlags+0x9d) [0x5586187e77ed]
60  /opt/conda/envs/gdf/bin/python(PyRun_SimpleStringFlags+0x3d) [0x5586187e76bd]
61  /opt/conda/envs/gdf/bin/python(Py_RunMain+0x262) [0x5586187e68a2]
=================================
2023-06-13 06:15:24,388 - distributed.worker - ERROR - Worker stream died during communication: ucx://127.0.0.1:40619
Traceback (most recent call last):
  File "/opt/conda/envs/gdf/lib/python3.9/site-packages/distributed/comm/ucx.py", line 349, in read
    await self.ep.recv(msg)
  File "/opt/conda/envs/gdf/lib/python3.9/site-packages/ucp/core.py", line 725, in recv
    ret = await comm.tag_recv(self._ep, buffer, nbytes, tag, name=log)
ucp._libs.exceptions.UCXCanceled: <[Recv #003] ep: 0x7f75dd9dd100, tag: 0x59e802395152dcbe, nbytes: 16, type: <class 'numpy.ndarray'>>: 

During handling of the above exception, another exception occurred:

Traceback (most recent call last):
  File "/opt/conda/envs/gdf/lib/python3.9/site-packages/distributed/worker.py", line 2066, in gather_dep
    response = await get_data_from_worker(
  File "/opt/conda/envs/gdf/lib/python3.9/site-packages/distributed/worker.py", line 2892, in get_data_from_worker
    response = await send_recv(
  File "/opt/conda/envs/gdf/lib/python3.9/site-packages/distributed/core.py", line 1024, in send_recv
    response = await comm.read(deserializers=deserializers)
  File "/opt/conda/envs/gdf/lib/python3.9/site-packages/distributed/utils.py", line 752, in wrapper
    return await func(*args, **kwargs)
  File "/opt/conda/envs/gdf/lib/python3.9/site-packages/distributed/comm/ucx.py", line 367, in read
    raise CommClosedError(
distributed.comm.core.CommClosedError: Connection closed by writer.
Inner exception: UCXCanceled("<[Recv #003] ep: 0x7f75dd9dd100, tag: 0x59e802395152dcbe, nbytes: 16, type: <class 'numpy.ndarray'>>: ")
2023-06-13 06:15:24,388 - distributed.worker - ERROR - Worker stream died during communication: ucx://127.0.0.1:51557
Traceback (most recent call last):
  File "/opt/conda/envs/gdf/lib/python3.9/site-packages/distributed/comm/ucx.py", line 349, in read
    await self.ep.recv(msg)
  File "/opt/conda/envs/gdf/lib/python3.9/site-packages/ucp/core.py", line 725, in recv
    ret = await comm.tag_recv(self._ep, buffer, nbytes, tag, name=log)
ucp._libs.exceptions.UCXCanceled: <[Recv #008] ep: 0x7f05791f3100, tag: 0xaaa36b84cb75e86f, nbytes: 16, type: <class 'numpy.ndarray'>>: 

During handling of the above exception, another exception occurred:

Traceback (most recent call last):
  File "/opt/conda/envs/gdf/lib/python3.9/site-packages/distributed/worker.py", line 2066, in gather_dep
    response = await get_data_from_worker(
  File "/opt/conda/envs/gdf/lib/python3.9/site-packages/distributed/worker.py", line 2892, in get_data_from_worker
    response = await send_recv(
  File "/opt/conda/envs/gdf/lib/python3.9/site-packages/distributed/core.py", line 1024, in send_recv
    response = await comm.read(deserializers=deserializers)
  File "/opt/conda/envs/gdf/lib/python3.9/site-packages/distributed/utils.py", line 752, in wrapper
    return await func(*args, **kwargs)
  File "/opt/conda/envs/gdf/lib/python3.9/site-packages/distributed/comm/ucx.py", line 367, in read
    raise CommClosedError(
distributed.comm.core.CommClosedError: Connection closed by writer.
Inner exception: UCXCanceled("<[Recv #008] ep: 0x7f05791f3100, tag: 0xaaa36b84cb75e86f, nbytes: 16, type: <class 'numpy.ndarray'>>: ")
2023-06-13 06:15:24,390 - distributed.worker - ERROR - failed during get data with ucx://127.0.0.1:34057 -> ucx://127.0.0.1:40619
Traceback (most recent call last):
  File "/opt/conda/envs/gdf/lib/python3.9/site-packages/distributed/comm/ucx.py", line 333, in write
    await self.ep.send(each_frame)
  File "/opt/conda/envs/gdf/lib/python3.9/site-packages/ucp/core.py", line 650, in send
    return await comm.tag_send(self._ep, buffer, nbytes, tag, name=log)
ucp._libs.exceptions.UCXError: <[Send #007] ep: 0x7f75dd9dd200, tag: 0x282b8334b918f4fd, nbytes: 50000000, type: <class 'cupy.ndarray'>>: Connection reset by remote peer

During handling of the above exception, another exception occurred:

Traceback (most recent call last):
  File "/opt/conda/envs/gdf/lib/python3.9/site-packages/distributed/worker.py", line 1792, in get_data
    compressed = await comm.write(msg, serializers=serializers)
  File "/opt/conda/envs/gdf/lib/python3.9/site-packages/distributed/utils.py", line 752, in wrapper
    return await func(*args, **kwargs)
  File "/opt/conda/envs/gdf/lib/python3.9/site-packages/distributed/comm/ucx.py", line 337, in write
    raise CommClosedError("While writing, the connection was closed")
distributed.comm.core.CommClosedError: While writing, the connection was closed
2023-06-13 06:15:24,390 - distributed.worker - ERROR - Worker stream died during communication: ucx://127.0.0.1:58497
Traceback (most recent call last):
  File "/opt/conda/envs/gdf/lib/python3.9/site-packages/distributed/comm/ucx.py", line 349, in read
    await self.ep.recv(msg)
  File "/opt/conda/envs/gdf/lib/python3.9/site-packages/ucp/core.py", line 725, in recv
    ret = await comm.tag_recv(self._ep, buffer, nbytes, tag, name=log)
ucp._libs.exceptions.UCXCanceled: <[Recv #003] ep: 0x7f05791f31c0, tag: 0x833b1360ed491f59, nbytes: 16, type: <class 'numpy.ndarray'>>: 

During handling of the above exception, another exception occurred:

Traceback (most recent call last):
  File "/opt/conda/envs/gdf/lib/python3.9/site-packages/distributed/worker.py", line 2066, in gather_dep
    response = await get_data_from_worker(
  File "/opt/conda/envs/gdf/lib/python3.9/site-packages/distributed/worker.py", line 2892, in get_data_from_worker
    response = await send_recv(
  File "/opt/conda/envs/gdf/lib/python3.9/site-packages/distributed/core.py", line 1024, in send_recv
    response = await comm.read(deserializers=deserializers)
  File "/opt/conda/envs/gdf/lib/python3.9/site-packages/distributed/utils.py", line 752, in wrapper
    return await func(*args, **kwargs)
  File "/opt/conda/envs/gdf/lib/python3.9/site-packages/distributed/comm/ucx.py", line 367, in read
    raise CommClosedError(
distributed.comm.core.CommClosedError: Connection closed by writer.
Inner exception: UCXCanceled("<[Recv #003] ep: 0x7f05791f31c0, tag: 0x833b1360ed491f59, nbytes: 16, type: <class 'numpy.ndarray'>>: ")
2023-06-13 06:15:24,390 - distributed.worker - ERROR - Worker stream died during communication: ucx://127.0.0.1:58497
Traceback (most recent call last):
  File "/opt/conda/envs/gdf/lib/python3.9/site-packages/distributed/comm/ucx.py", line 349, in read
    await self.ep.recv(msg)
  File "/opt/conda/envs/gdf/lib/python3.9/site-packages/ucp/core.py", line 725, in recv
    ret = await comm.tag_recv(self._ep, buffer, nbytes, tag, name=log)
ucp._libs.exceptions.UCXCanceled: <[Recv #003] ep: 0x7f75dd9dd180, tag: 0x8ec35a983d96efe5, nbytes: 16, type: <class 'numpy.ndarray'>>: 

During handling of the above exception, another exception occurred:

Traceback (most recent call last):
  File "/opt/conda/envs/gdf/lib/python3.9/site-packages/distributed/worker.py", line 2066, in gather_dep
    response = await get_data_from_worker(
  File "/opt/conda/envs/gdf/lib/python3.9/site-packages/distributed/worker.py", line 2892, in get_data_from_worker
    response = await send_recv(
  File "/opt/conda/envs/gdf/lib/python3.9/site-packages/distributed/core.py", line 1024, in send_recv
    response = await comm.read(deserializers=deserializers)
  File "/opt/conda/envs/gdf/lib/python3.9/site-packages/distributed/utils.py", line 752, in wrapper
    return await func(*args, **kwargs)
  File "/opt/conda/envs/gdf/lib/python3.9/site-packages/distributed/comm/ucx.py", line 367, in read
    raise CommClosedError(
distributed.comm.core.CommClosedError: Connection closed by writer.
Inner exception: UCXCanceled("<[Recv #003] ep: 0x7f75dd9dd180, tag: 0x8ec35a983d96efe5, nbytes: 16, type: <class 'numpy.ndarray'>>: ")
2023-06-13 06:15:24,390 - distributed.worker - ERROR - failed during get data with ucx://127.0.0.1:37963 -> ucx://127.0.0.1:58497
Traceback (most recent call last):
  File "/opt/conda/envs/gdf/lib/python3.9/site-packages/distributed/comm/ucx.py", line 333, in write
    await self.ep.send(each_frame)
  File "/opt/conda/envs/gdf/lib/python3.9/site-packages/ucp/core.py", line 650, in send
    return await comm.tag_send(self._ep, buffer, nbytes, tag, name=log)
ucp._libs.exceptions.UCXError: <[Send #007] ep: 0x7fdb04aec2c0, tag: 0xad3c2d615134e2dd, nbytes: 50000000, type: <class 'cupy.ndarray'>>: Connection reset by remote peer

During handling of the above exception, another exception occurred:

Traceback (most recent call last):
  File "/opt/conda/envs/gdf/lib/python3.9/site-packages/distributed/worker.py", line 1792, in get_data
    compressed = await comm.write(msg, serializers=serializers)
  File "/opt/conda/envs/gdf/lib/python3.9/site-packages/distributed/utils.py", line 752, in wrapper
    return await func(*args, **kwargs)
  File "/opt/conda/envs/gdf/lib/python3.9/site-packages/distributed/comm/ucx.py", line 337, in write
    raise CommClosedError("While writing, the connection was closed")
distributed.comm.core.CommClosedError: While writing, the connection was closed
2023-06-13 06:15:24,392 - distributed.worker - ERROR - Worker stream died during communication: ucx://127.0.0.1:58497
Traceback (most recent call last):
  File "/opt/conda/envs/gdf/lib/python3.9/site-packages/distributed/comm/ucx.py", line 349, in read
    await self.ep.recv(msg)
  File "/opt/conda/envs/gdf/lib/python3.9/site-packages/ucp/core.py", line 725, in recv
    ret = await comm.tag_recv(self._ep, buffer, nbytes, tag, name=log)
ucp._libs.exceptions.UCXCanceled: <[Recv #003] ep: 0x7fdb04aec140, tag: 0xdf3cbd4a62f7365c, nbytes: 16, type: <class 'numpy.ndarray'>>: 

During handling of the above exception, another exception occurred:

Traceback (most recent call last):
  File "/opt/conda/envs/gdf/lib/python3.9/site-packages/distributed/worker.py", line 2066, in gather_dep
    response = await get_data_from_worker(
  File "/opt/conda/envs/gdf/lib/python3.9/site-packages/distributed/worker.py", line 2892, in get_data_from_worker
    response = await send_recv(
  File "/opt/conda/envs/gdf/lib/python3.9/site-packages/distributed/core.py", line 1024, in send_recv
    response = await comm.read(deserializers=deserializers)
  File "/opt/conda/envs/gdf/lib/python3.9/site-packages/distributed/utils.py", line 752, in wrapper
    return await func(*args, **kwargs)
  File "/opt/conda/envs/gdf/lib/python3.9/site-packages/distributed/comm/ucx.py", line 367, in read
    raise CommClosedError(
distributed.comm.core.CommClosedError: Connection closed by writer.
Inner exception: UCXCanceled("<[Recv #003] ep: 0x7fdb04aec140, tag: 0xdf3cbd4a62f7365c, nbytes: 16, type: <class 'numpy.ndarray'>>: ")
2023-06-13 06:15:24,393 - distributed.worker - ERROR - Worker stream died during communication: ucx://127.0.0.1:40619
Traceback (most recent call last):
  File "/opt/conda/envs/gdf/lib/python3.9/site-packages/distributed/comm/ucx.py", line 349, in read
    await self.ep.recv(msg)
  File "/opt/conda/envs/gdf/lib/python3.9/site-packages/ucp/core.py", line 725, in recv
    ret = await comm.tag_recv(self._ep, buffer, nbytes, tag, name=log)
ucp._libs.exceptions.UCXCanceled: <[Recv #000] ep: 0x7fdb04aec180, tag: 0x2c1afd2c1708e981, nbytes: 16, type: <class 'numpy.ndarray'>>: 

During handling of the above exception, another exception occurred:

Traceback (most recent call last):
  File "/opt/conda/envs/gdf/lib/python3.9/site-packages/distributed/comm/core.py", line 329, in connect
    handshake = await wait_for(comm.read(), time_left())
  File "/opt/conda/envs/gdf/lib/python3.9/site-packages/distributed/utils.py", line 1849, in wait_for
    return await asyncio.wait_for(fut, timeout)
  File "/opt/conda/envs/gdf/lib/python3.9/asyncio/tasks.py", line 479, in wait_for
    return fut.result()
  File "/opt/conda/envs/gdf/lib/python3.9/site-packages/distributed/utils.py", line 752, in wrapper
    return await func(*args, **kwargs)
  File "/opt/conda/envs/gdf/lib/python3.9/site-packages/distributed/comm/ucx.py", line 367, in read
    raise CommClosedError(
distributed.comm.core.CommClosedError: Connection closed by writer.
Inner exception: UCXCanceled("<[Recv #000] ep: 0x7fdb04aec180, tag: 0x2c1afd2c1708e981, nbytes: 16, type: <class 'numpy.ndarray'>>: ")

The above exception was the direct cause of the following exception:

Traceback (most recent call last):
  File "/opt/conda/envs/gdf/lib/python3.9/site-packages/distributed/worker.py", line 2066, in gather_dep
    response = await get_data_from_worker(
  File "/opt/conda/envs/gdf/lib/python3.9/site-packages/distributed/worker.py", line 2889, in get_data_from_worker
    comm = await rpc.connect(worker)
  File "/opt/conda/envs/gdf/lib/python3.9/site-packages/distributed/core.py", line 1506, in connect
    return await connect_attempt
  File "/opt/conda/envs/gdf/lib/python3.9/site-packages/distributed/core.py", line 1427, in _connect
    comm = await connect(
  File "/opt/conda/envs/gdf/lib/python3.9/site-packages/distributed/comm/core.py", line 334, in connect
    raise OSError(
OSError: Timed out during handshake while connecting to ucx://127.0.0.1:40619 after 30 s
2023-06-13 06:15:24,397 - distributed.worker - ERROR - Worker stream died during communication: ucx://127.0.0.1:46103
Traceback (most recent call last):
  File "/opt/conda/envs/gdf/lib/python3.9/site-packages/distributed/comm/ucx.py", line 349, in read
    await self.ep.recv(msg)
  File "/opt/conda/envs/gdf/lib/python3.9/site-packages/ucp/core.py", line 725, in recv
    ret = await comm.tag_recv(self._ep, buffer, nbytes, tag, name=log)
ucp._libs.exceptions.UCXCanceled: <[Recv #003] ep: 0x7fdb04aec1c0, tag: 0xc857239d15baebd9, nbytes: 16, type: <class 'numpy.ndarray'>>: 

During handling of the above exception, another exception occurred:

Traceback (most recent call last):
  File "/opt/conda/envs/gdf/lib/python3.9/site-packages/distributed/worker.py", line 2066, in gather_dep
    response = await get_data_from_worker(
  File "/opt/conda/envs/gdf/lib/python3.9/site-packages/distributed/worker.py", line 2892, in get_data_from_worker
    response = await send_recv(
  File "/opt/conda/envs/gdf/lib/python3.9/site-packages/distributed/core.py", line 1024, in send_recv
    response = await comm.read(deserializers=deserializers)
  File "/opt/conda/envs/gdf/lib/python3.9/site-packages/distributed/utils.py", line 752, in wrapper
    return await func(*args, **kwargs)
  File "/opt/conda/envs/gdf/lib/python3.9/site-packages/distributed/comm/ucx.py", line 367, in read
    raise CommClosedError(
distributed.comm.core.CommClosedError: Connection closed by writer.
Inner exception: UCXCanceled("<[Recv #003] ep: 0x7fdb04aec1c0, tag: 0xc857239d15baebd9, nbytes: 16, type: <class 'numpy.ndarray'>>: ")
2023-06-13 06:15:24,397 - distributed.worker - ERROR - failed during get data with ucx://127.0.0.1:34395 -> ucx://127.0.0.1:46103
Traceback (most recent call last):
  File "/opt/conda/envs/gdf/lib/python3.9/site-packages/distributed/comm/ucx.py", line 333, in write
    await self.ep.send(each_frame)
  File "/opt/conda/envs/gdf/lib/python3.9/site-packages/ucp/core.py", line 650, in send
    return await comm.tag_send(self._ep, buffer, nbytes, tag, name=log)
ucp._libs.exceptions.UCXError: <[Send #007] ep: 0x7f05791f32c0, tag: 0x3ce8da5e153ff220, nbytes: 50000000, type: <class 'cupy.ndarray'>>: Connection reset by remote peer

During handling of the above exception, another exception occurred:

Traceback (most recent call last):
  File "/opt/conda/envs/gdf/lib/python3.9/site-packages/distributed/worker.py", line 1792, in get_data
    compressed = await comm.write(msg, serializers=serializers)
  File "/opt/conda/envs/gdf/lib/python3.9/site-packages/distributed/utils.py", line 752, in wrapper
    return await func(*args, **kwargs)
  File "/opt/conda/envs/gdf/lib/python3.9/site-packages/distributed/comm/ucx.py", line 337, in write
    raise CommClosedError("While writing, the connection was closed")
distributed.comm.core.CommClosedError: While writing, the connection was closed
2023-06-13 06:15:24,399 - distributed.worker - ERROR - Worker stream died during communication: ucx://127.0.0.1:46103
Traceback (most recent call last):
  File "/opt/conda/envs/gdf/lib/python3.9/site-packages/distributed/comm/ucx.py", line 349, in read
    await self.ep.recv(msg)
  File "/opt/conda/envs/gdf/lib/python3.9/site-packages/ucp/core.py", line 725, in recv
    ret = await comm.tag_recv(self._ep, buffer, nbytes, tag, name=log)
ucp._libs.exceptions.UCXCanceled: <[Recv #003] ep: 0x7f05791f3180, tag: 0xb5987fc4a75b2a50, nbytes: 16, type: <class 'numpy.ndarray'>>: 

During handling of the above exception, another exception occurred:

Traceback (most recent call last):
  File "/opt/conda/envs/gdf/lib/python3.9/site-packages/distributed/worker.py", line 2066, in gather_dep
    response = await get_data_from_worker(
  File "/opt/conda/envs/gdf/lib/python3.9/site-packages/distributed/worker.py", line 2892, in get_data_from_worker
    response = await send_recv(
  File "/opt/conda/envs/gdf/lib/python3.9/site-packages/distributed/core.py", line 1024, in send_recv
    response = await comm.read(deserializers=deserializers)
  File "/opt/conda/envs/gdf/lib/python3.9/site-packages/distributed/utils.py", line 752, in wrapper
    return await func(*args, **kwargs)
  File "/opt/conda/envs/gdf/lib/python3.9/site-packages/distributed/comm/ucx.py", line 367, in read
    raise CommClosedError(
distributed.comm.core.CommClosedError: Connection closed by writer.
Inner exception: UCXCanceled("<[Recv #003] ep: 0x7f05791f3180, tag: 0xb5987fc4a75b2a50, nbytes: 16, type: <class 'numpy.ndarray'>>: ")
2023-06-13 06:15:24,474 - distributed.nanny - WARNING - Restarting worker
2023-06-13 06:15:24,501 - distributed.nanny - WARNING - Restarting worker
2023-06-13 06:15:24,551 - distributed.nanny - WARNING - Restarting worker
2023-06-13 06:15:24,561 - distributed.worker - ERROR - Worker stream died during communication: ucx://127.0.0.1:53001
Traceback (most recent call last):
  File "/opt/conda/envs/gdf/lib/python3.9/site-packages/distributed/comm/ucx.py", line 349, in read
    await self.ep.recv(msg)
  File "/opt/conda/envs/gdf/lib/python3.9/site-packages/ucp/core.py", line 725, in recv
    ret = await comm.tag_recv(self._ep, buffer, nbytes, tag, name=log)
ucp._libs.exceptions.UCXCanceled: <[Recv #008] ep: 0x7f05791f3140, tag: 0xa96e598b203f8611, nbytes: 16, type: <class 'numpy.ndarray'>>: 

During handling of the above exception, another exception occurred:

Traceback (most recent call last):
  File "/opt/conda/envs/gdf/lib/python3.9/site-packages/distributed/worker.py", line 2066, in gather_dep
    response = await get_data_from_worker(
  File "/opt/conda/envs/gdf/lib/python3.9/site-packages/distributed/worker.py", line 2892, in get_data_from_worker
    response = await send_recv(
  File "/opt/conda/envs/gdf/lib/python3.9/site-packages/distributed/core.py", line 1024, in send_recv
    response = await comm.read(deserializers=deserializers)
  File "/opt/conda/envs/gdf/lib/python3.9/site-packages/distributed/utils.py", line 752, in wrapper
    return await func(*args, **kwargs)
  File "/opt/conda/envs/gdf/lib/python3.9/site-packages/distributed/comm/ucx.py", line 367, in read
    raise CommClosedError(
distributed.comm.core.CommClosedError: Connection closed by writer.
Inner exception: UCXCanceled("<[Recv #008] ep: 0x7f05791f3140, tag: 0xa96e598b203f8611, nbytes: 16, type: <class 'numpy.ndarray'>>: ")
2023-06-13 06:15:24,592 - distributed.nanny - WARNING - Restarting worker
2023-06-13 06:15:24,593 - distributed.worker - ERROR - failed during get data with ucx://127.0.0.1:34057 -> ucx://127.0.0.1:53001
Traceback (most recent call last):
  File "/opt/conda/envs/gdf/lib/python3.9/site-packages/distributed/comm/ucx.py", line 333, in write
    await self.ep.send(each_frame)
  File "/opt/conda/envs/gdf/lib/python3.9/site-packages/ucp/core.py", line 650, in send
    return await comm.tag_send(self._ep, buffer, nbytes, tag, name=log)
ucp._libs.exceptions.UCXError: <[Send #007] ep: 0x7f75dd9dd240, tag: 0xa0c5dd68248b4af, nbytes: 50000000, type: <class 'cupy.ndarray'>>: Connection reset by remote peer

During handling of the above exception, another exception occurred:

Traceback (most recent call last):
  File "/opt/conda/envs/gdf/lib/python3.9/site-packages/distributed/worker.py", line 1792, in get_data
    compressed = await comm.write(msg, serializers=serializers)
  File "/opt/conda/envs/gdf/lib/python3.9/site-packages/distributed/utils.py", line 752, in wrapper
    return await func(*args, **kwargs)
  File "/opt/conda/envs/gdf/lib/python3.9/site-packages/distributed/comm/ucx.py", line 337, in write
    raise CommClosedError("While writing, the connection was closed")
distributed.comm.core.CommClosedError: While writing, the connection was closed
2023-06-13 06:15:24,593 - distributed.worker - ERROR - Worker stream died during communication: ucx://127.0.0.1:53001
Traceback (most recent call last):
  File "/opt/conda/envs/gdf/lib/python3.9/site-packages/distributed/comm/ucx.py", line 391, in read
    await self.ep.recv(each_frame)
  File "/opt/conda/envs/gdf/lib/python3.9/site-packages/ucp/core.py", line 725, in recv
    ret = await comm.tag_recv(self._ep, buffer, nbytes, tag, name=log)
ucp._libs.exceptions.UCXError: <[Recv #007] ep: 0x7f75dd9dd1c0, tag: 0xc80ea08ceb7cda9d, nbytes: 50000000, type: <class 'rmm._lib.device_buffer.DeviceBuffer'>>: Connection reset by remote peer

During handling of the above exception, another exception occurred:

Traceback (most recent call last):
  File "/opt/conda/envs/gdf/lib/python3.9/site-packages/distributed/worker.py", line 2066, in gather_dep
    response = await get_data_from_worker(
  File "/opt/conda/envs/gdf/lib/python3.9/site-packages/distributed/worker.py", line 2892, in get_data_from_worker
    response = await send_recv(
  File "/opt/conda/envs/gdf/lib/python3.9/site-packages/distributed/core.py", line 1024, in send_recv
    response = await comm.read(deserializers=deserializers)
  File "/opt/conda/envs/gdf/lib/python3.9/site-packages/distributed/utils.py", line 752, in wrapper
    return await func(*args, **kwargs)
  File "/opt/conda/envs/gdf/lib/python3.9/site-packages/distributed/comm/ucx.py", line 397, in read
    raise CommClosedError(
distributed.comm.core.CommClosedError: Connection closed by writer.
Inner exception: UCXError("<[Recv #007] ep: 0x7f75dd9dd1c0, tag: 0xc80ea08ceb7cda9d, nbytes: 50000000, type: <class 'rmm._lib.device_buffer.DeviceBuffer'>>: Connection reset by remote peer")
2023-06-13 06:15:24,596 - distributed.worker - ERROR - Worker stream died during communication: ucx://127.0.0.1:53001
Traceback (most recent call last):
  File "/opt/conda/envs/gdf/lib/python3.9/site-packages/distributed/comm/ucx.py", line 349, in read
    await self.ep.recv(msg)
  File "/opt/conda/envs/gdf/lib/python3.9/site-packages/ucp/core.py", line 725, in recv
    ret = await comm.tag_recv(self._ep, buffer, nbytes, tag, name=log)
ucp._libs.exceptions.UCXCanceled: <[Recv #008] ep: 0x7fdb04aec100, tag: 0x7ee216d6e6995123, nbytes: 16, type: <class 'numpy.ndarray'>>: 

During handling of the above exception, another exception occurred:

Traceback (most recent call last):
  File "/opt/conda/envs/gdf/lib/python3.9/site-packages/distributed/worker.py", line 2066, in gather_dep
    response = await get_data_from_worker(
  File "/opt/conda/envs/gdf/lib/python3.9/site-packages/distributed/worker.py", line 2892, in get_data_from_worker
    response = await send_recv(
  File "/opt/conda/envs/gdf/lib/python3.9/site-packages/distributed/core.py", line 1024, in send_recv
    response = await comm.read(deserializers=deserializers)
  File "/opt/conda/envs/gdf/lib/python3.9/site-packages/distributed/utils.py", line 752, in wrapper
    return await func(*args, **kwargs)
  File "/opt/conda/envs/gdf/lib/python3.9/site-packages/distributed/comm/ucx.py", line 367, in read
    raise CommClosedError(
distributed.comm.core.CommClosedError: Connection closed by writer.
Inner exception: UCXCanceled("<[Recv #008] ep: 0x7fdb04aec100, tag: 0x7ee216d6e6995123, nbytes: 16, type: <class 'numpy.ndarray'>>: ")
2023-06-13 06:15:24,598 - distributed.worker - ERROR - failed during get data with ucx://127.0.0.1:37963 -> ucx://127.0.0.1:53001
Traceback (most recent call last):
  File "/opt/conda/envs/gdf/lib/python3.9/site-packages/distributed/comm/ucx.py", line 349, in read
    await self.ep.recv(msg)
  File "/opt/conda/envs/gdf/lib/python3.9/site-packages/ucp/core.py", line 725, in recv
    ret = await comm.tag_recv(self._ep, buffer, nbytes, tag, name=log)
ucp._libs.exceptions.UCXCanceled: <[Recv #006] ep: 0x7fdb04aec200, tag: 0x8363e65d52b04ad2, nbytes: 16, type: <class 'numpy.ndarray'>>: 

During handling of the above exception, another exception occurred:

Traceback (most recent call last):
  File "/opt/conda/envs/gdf/lib/python3.9/site-packages/distributed/worker.py", line 1793, in get_data
    response = await comm.read(deserializers=serializers)
  File "/opt/conda/envs/gdf/lib/python3.9/site-packages/distributed/utils.py", line 752, in wrapper
    return await func(*args, **kwargs)
  File "/opt/conda/envs/gdf/lib/python3.9/site-packages/distributed/comm/ucx.py", line 367, in read
    raise CommClosedError(
distributed.comm.core.CommClosedError: Connection closed by writer.
Inner exception: UCXCanceled("<[Recv #006] ep: 0x7fdb04aec200, tag: 0x8363e65d52b04ad2, nbytes: 16, type: <class 'numpy.ndarray'>>: ")
2023-06-13 06:15:24,635 - distributed.nanny - WARNING - Restarting worker
2023-06-13 06:15:26,017 - distributed.preloading - INFO - Creating preload: dask_cuda.initialize
2023-06-13 06:15:26,017 - distributed.preloading - INFO - Import preload module: dask_cuda.initialize
2023-06-13 06:15:26,020 - distributed.preloading - INFO - Creating preload: dask_cuda.initialize
2023-06-13 06:15:26,020 - distributed.preloading - INFO - Import preload module: dask_cuda.initialize
2023-06-13 06:15:26,028 - distributed.preloading - INFO - Creating preload: dask_cuda.initialize
2023-06-13 06:15:26,028 - distributed.preloading - INFO - Import preload module: dask_cuda.initialize
2023-06-13 06:15:26,094 - distributed.preloading - INFO - Creating preload: dask_cuda.initialize
2023-06-13 06:15:26,094 - distributed.preloading - INFO - Import preload module: dask_cuda.initialize
2023-06-13 06:15:26,127 - distributed.preloading - INFO - Creating preload: dask_cuda.initialize
2023-06-13 06:15:26,127 - distributed.preloading - INFO - Import preload module: dask_cuda.initialize
/opt/conda/envs/gdf/lib/python3.9/multiprocessing/resource_tracker.py:216: UserWarning: resource_tracker: There appear to be 48 leaked semaphore objects to clean up at shutdown
  warnings.warn('resource_tracker: There appear to be %d '
