/opt/conda/envs/gdf/lib/python3.9/site-packages/distributed/node.py:182: UserWarning: Port 8787 is already in use.
Perhaps you already have a cluster running?
Hosting the HTTP server on port 40999 instead
  warnings.warn(
[dgx13:72917:0:72917] Caught signal 11 (Segmentation fault: address not mapped to object at address 0x448)
==== backtrace (tid:  72917) ====
 0  /opt/conda/envs/gdf/lib/libucs.so.0(ucs_handle_error+0x2fd) [0x7f71b850e06d]
 1  /opt/conda/envs/gdf/lib/libucs.so.0(+0x2a264) [0x7f71b850e264]
 2  /opt/conda/envs/gdf/lib/libucs.so.0(+0x2a42a) [0x7f71b850e42a]
 3  /usr/lib/x86_64-linux-gnu/libpthread.so.0(+0x14420) [0x7f7259860420]
 4  /opt/conda/envs/gdf/lib/libucp.so.0(ucp_mem_type_unpack+0x14) [0x7f71b858c6a4]
 5  /opt/conda/envs/gdf/lib/libucp.so.0(ucp_rndv_data_handler+0x4e9) [0x7f71b85b5829]
 6  /opt/conda/envs/gdf/lib/./libuct.so.0(+0x2146f) [0x7f71b84c846f]
 7  /opt/conda/envs/gdf/lib/./libuct.so.0(+0x248c8) [0x7f71b84cb8c8]
 8  /opt/conda/envs/gdf/lib/libucs.so.0(ucs_event_set_wait+0xb9) [0x7f71b8517499]
 9  /opt/conda/envs/gdf/lib/./libuct.so.0(uct_tcp_iface_progress+0x7d) [0x7f71b84ca66d]
10  /opt/conda/envs/gdf/lib/libucp.so.0(ucp_worker_progress+0x5a) [0x7f71b85898ca]
11  /opt/conda/envs/gdf/lib/python3.9/site-packages/ucp/_libs/ucx_api.cpython-39-x86_64-linux-gnu.so(+0x3206a) [0x7f71b864206a]
12  /opt/conda/envs/gdf/bin/python(_PyEval_EvalFrameDefault+0x37cb) [0x5614b10a76fb]
13  /opt/conda/envs/gdf/bin/python(+0x12f094) [0x5614b10a3094]
14  /opt/conda/envs/gdf/bin/python(_PyFunction_Vectorcall+0xd9) [0x5614b10b4519]
15  /opt/conda/envs/gdf/bin/python(_PyEval_EvalFrameDefault+0x696) [0x5614b10a45c6]
16  /opt/conda/envs/gdf/bin/python(+0x1407c2) [0x5614b10b47c2]
17  /opt/conda/envs/gdf/bin/python(+0x14de83) [0x5614b10c1e83]
18  /opt/conda/envs/gdf/bin/python(+0x258b2c) [0x5614b11ccb2c]
19  /opt/conda/envs/gdf/bin/python(+0xead05) [0x5614b105ed05]
20  /opt/conda/envs/gdf/bin/python(+0x1377f3) [0x5614b10ab7f3]
21  /opt/conda/envs/gdf/bin/python(_PyEval_EvalFrameDefault+0x59f9) [0x5614b10a9929]
22  /opt/conda/envs/gdf/bin/python(+0x1407c2) [0x5614b10b47c2]
23  /opt/conda/envs/gdf/bin/python(_PyEval_EvalFrameDefault+0x696) [0x5614b10a45c6]
24  /opt/conda/envs/gdf/bin/python(+0x1407c2) [0x5614b10b47c2]
25  /opt/conda/envs/gdf/bin/python(_PyEval_EvalFrameDefault+0x696) [0x5614b10a45c6]
26  /opt/conda/envs/gdf/bin/python(+0x1407c2) [0x5614b10b47c2]
27  /opt/conda/envs/gdf/bin/python(_PyEval_EvalFrameDefault+0x696) [0x5614b10a45c6]
28  /opt/conda/envs/gdf/bin/python(+0x1407c2) [0x5614b10b47c2]
29  /opt/conda/envs/gdf/bin/python(_PyEval_EvalFrameDefault+0x696) [0x5614b10a45c6]
30  /opt/conda/envs/gdf/bin/python(+0x12f094) [0x5614b10a3094]
31  /opt/conda/envs/gdf/bin/python(_PyFunction_Vectorcall+0xd9) [0x5614b10b4519]
32  /opt/conda/envs/gdf/bin/python(_PyEval_EvalFrameDefault+0x11f8) [0x5614b10a5128]
33  /opt/conda/envs/gdf/bin/python(+0x12f094) [0x5614b10a3094]
34  /opt/conda/envs/gdf/bin/python(+0x14dccb) [0x5614b10c1ccb]
35  /opt/conda/envs/gdf/bin/python(PyObject_Call+0xbc) [0x5614b10c244c]
36  /opt/conda/envs/gdf/bin/python(+0x21110e) [0x5614b118510e]
37  /opt/conda/envs/gdf/bin/python(_PyObject_MakeTpCall+0x2ec) [0x5614b10ac77c]
38  /opt/conda/envs/gdf/bin/python(_PyEval_EvalFrameDefault+0x37cb) [0x5614b10a76fb]
39  /opt/conda/envs/gdf/bin/python(+0x1407c2) [0x5614b10b47c2]
40  /opt/conda/envs/gdf/bin/python(+0x14ddac) [0x5614b10c1dac]
41  /opt/conda/envs/gdf/bin/python(_PyEval_EvalFrameDefault+0x37cb) [0x5614b10a76fb]
42  /opt/conda/envs/gdf/bin/python(+0x1407c2) [0x5614b10b47c2]
43  /opt/conda/envs/gdf/bin/python(_PyEval_EvalFrameDefault+0x696) [0x5614b10a45c6]
44  /opt/conda/envs/gdf/bin/python(+0x12f094) [0x5614b10a3094]
45  /opt/conda/envs/gdf/bin/python(_PyFunction_Vectorcall+0xd9) [0x5614b10b4519]
46  /opt/conda/envs/gdf/bin/python(_PyEval_EvalFrameDefault+0x696) [0x5614b10a45c6]
47  /opt/conda/envs/gdf/bin/python(+0x1407c2) [0x5614b10b47c2]
48  /opt/conda/envs/gdf/bin/python(_PyEval_EvalFrameDefault+0x3e2) [0x5614b10a4312]
49  /opt/conda/envs/gdf/bin/python(+0x12f094) [0x5614b10a3094]
50  /opt/conda/envs/gdf/bin/python(_PyFunction_Vectorcall+0xd9) [0x5614b10b4519]
51  /opt/conda/envs/gdf/bin/python(_PyEval_EvalFrameDefault+0x11f8) [0x5614b10a5128]
52  /opt/conda/envs/gdf/bin/python(+0x12f094) [0x5614b10a3094]
53  /opt/conda/envs/gdf/bin/python(_PyEval_EvalCodeWithName+0x48) [0x5614b10a2d68]
54  /opt/conda/envs/gdf/bin/python(PyEval_EvalCodeEx+0x39) [0x5614b10a2d19]
55  /opt/conda/envs/gdf/bin/python(PyEval_EvalCode+0x1b) [0x5614b115007b]
56  /opt/conda/envs/gdf/bin/python(+0x208fca) [0x5614b117cfca]
57  /opt/conda/envs/gdf/bin/python(+0x205353) [0x5614b1179353]
58  /opt/conda/envs/gdf/bin/python(PyRun_StringFlags+0x9a) [0x5614b117116a]
59  /opt/conda/envs/gdf/bin/python(PyRun_SimpleStringFlags+0x3c) [0x5614b117105c]
60  /opt/conda/envs/gdf/bin/python(Py_RunMain+0x267) [0x5614b1170297]
61  /opt/conda/envs/gdf/bin/python(Py_BytesMain+0x37) [0x5614b1143f07]
=================================
[dgx13:72907:0:72907] Caught signal 11 (Segmentation fault: address not mapped to object at address 0x448)
==== backtrace (tid:  72907) ====
 0  /opt/conda/envs/gdf/lib/libucs.so.0(ucs_handle_error+0x2fd) [0x7f5c6ca7a06d]
 1  /opt/conda/envs/gdf/lib/libucs.so.0(+0x2a264) [0x7f5c6ca7a264]
 2  /opt/conda/envs/gdf/lib/libucs.so.0(+0x2a42a) [0x7f5c6ca7a42a]
 3  /usr/lib/x86_64-linux-gnu/libpthread.so.0(+0x14420) [0x7f5cffdb6420]
 4  /opt/conda/envs/gdf/lib/libucp.so.0(ucp_mem_type_unpack+0x14) [0x7f5c6caf86a4]
 5  /opt/conda/envs/gdf/lib/libucp.so.0(ucp_rndv_data_handler+0x4e9) [0x7f5c6cb21829]
 6  /opt/conda/envs/gdf/lib/./libuct.so.0(+0x2146f) [0x7f5c6ca3446f]
 7  /opt/conda/envs/gdf/lib/./libuct.so.0(+0x248c8) [0x7f5c6ca378c8]
 8  /opt/conda/envs/gdf/lib/libucs.so.0(ucs_event_set_wait+0xb9) [0x7f5c6ca83499]
 9  /opt/conda/envs/gdf/lib/./libuct.so.0(uct_tcp_iface_progress+0x7d) [0x7f5c6ca3666d]
10  /opt/conda/envs/gdf/lib/libucp.so.0(ucp_worker_progress+0x5a) [0x7f5c6caf58ca]
11  /opt/conda/envs/gdf/lib/python3.9/site-packages/ucp/_libs/ucx_api.cpython-39-x86_64-linux-gnu.so(+0x3206a) [0x7f5c6cbae06a]
12  /opt/conda/envs/gdf/bin/python(_PyEval_EvalFrameDefault+0x37cb) [0x55abf23056fb]
13  /opt/conda/envs/gdf/bin/python(+0x12f094) [0x55abf2301094]
14  /opt/conda/envs/gdf/bin/python(_PyFunction_Vectorcall+0xd9) [0x55abf2312519]
15  /opt/conda/envs/gdf/bin/python(_PyEval_EvalFrameDefault+0x696) [0x55abf23025c6]
16  /opt/conda/envs/gdf/bin/python(+0x1e3162) [0x55abf23b5162]
17  /opt/conda/envs/gdf/lib/python3.9/lib-dynload/_asyncio.cpython-39-x86_64-linux-gnu.so(+0x81e9) [0x7f5cf5ddf1e9]
18  /opt/conda/envs/gdf/bin/python(_PyObject_MakeTpCall+0x2ec) [0x55abf230a77c]
19  /opt/conda/envs/gdf/bin/python(+0xead05) [0x55abf22bcd05]
20  /opt/conda/envs/gdf/bin/python(+0x1377f3) [0x55abf23097f3]
21  /opt/conda/envs/gdf/bin/python(_PyEval_EvalFrameDefault+0x59f9) [0x55abf2307929]
22  /opt/conda/envs/gdf/bin/python(+0x1407c2) [0x55abf23127c2]
23  /opt/conda/envs/gdf/bin/python(_PyEval_EvalFrameDefault+0x696) [0x55abf23025c6]
24  /opt/conda/envs/gdf/bin/python(+0x1407c2) [0x55abf23127c2]
25  /opt/conda/envs/gdf/bin/python(_PyEval_EvalFrameDefault+0x696) [0x55abf23025c6]
26  /opt/conda/envs/gdf/bin/python(+0x1407c2) [0x55abf23127c2]
27  /opt/conda/envs/gdf/bin/python(_PyEval_EvalFrameDefault+0x696) [0x55abf23025c6]
28  /opt/conda/envs/gdf/bin/python(+0x1407c2) [0x55abf23127c2]
29  /opt/conda/envs/gdf/bin/python(_PyEval_EvalFrameDefault+0x696) [0x55abf23025c6]
30  /opt/conda/envs/gdf/bin/python(+0x12f094) [0x55abf2301094]
31  /opt/conda/envs/gdf/bin/python(_PyFunction_Vectorcall+0xd9) [0x55abf2312519]
32  /opt/conda/envs/gdf/bin/python(_PyEval_EvalFrameDefault+0x11f8) [0x55abf2303128]
33  /opt/conda/envs/gdf/bin/python(+0x12f094) [0x55abf2301094]
34  /opt/conda/envs/gdf/bin/python(+0x14dccb) [0x55abf231fccb]
35  /opt/conda/envs/gdf/bin/python(PyObject_Call+0xbc) [0x55abf232044c]
36  /opt/conda/envs/gdf/bin/python(+0x21110e) [0x55abf23e310e]
37  /opt/conda/envs/gdf/bin/python(_PyObject_MakeTpCall+0x2ec) [0x55abf230a77c]
38  /opt/conda/envs/gdf/bin/python(_PyEval_EvalFrameDefault+0x37cb) [0x55abf23056fb]
39  /opt/conda/envs/gdf/bin/python(+0x1407c2) [0x55abf23127c2]
40  /opt/conda/envs/gdf/bin/python(+0x14ddac) [0x55abf231fdac]
41  /opt/conda/envs/gdf/bin/python(_PyEval_EvalFrameDefault+0x37cb) [0x55abf23056fb]
42  /opt/conda/envs/gdf/bin/python(+0x1407c2) [0x55abf23127c2]
43  /opt/conda/envs/gdf/bin/python(_PyEval_EvalFrameDefault+0x696) [0x55abf23025c6]
44  /opt/conda/envs/gdf/bin/python(+0x12f094) [0x55abf2301094]
45  /opt/conda/envs/gdf/bin/python(_PyFunction_Vectorcall+0xd9) [0x55abf2312519]
46  /opt/conda/envs/gdf/bin/python(_PyEval_EvalFrameDefault+0x696) [0x55abf23025c6]
47  /opt/conda/envs/gdf/bin/python(+0x1407c2) [0x55abf23127c2]
48  /opt/conda/envs/gdf/bin/python(_PyEval_EvalFrameDefault+0x3e2) [0x55abf2302312]
49  /opt/conda/envs/gdf/bin/python(+0x12f094) [0x55abf2301094]
50  /opt/conda/envs/gdf/bin/python(_PyFunction_Vectorcall+0xd9) [0x55abf2312519]
51  /opt/conda/envs/gdf/bin/python(_PyEval_EvalFrameDefault+0x11f8) [0x55abf2303128]
52  /opt/conda/envs/gdf/bin/python(+0x12f094) [0x55abf2301094]
53  /opt/conda/envs/gdf/bin/python(_PyEval_EvalCodeWithName+0x48) [0x55abf2300d68]
54  /opt/conda/envs/gdf/bin/python(PyEval_EvalCodeEx+0x39) [0x55abf2300d19]
55  /opt/conda/envs/gdf/bin/python(PyEval_EvalCode+0x1b) [0x55abf23ae07b]
56  /opt/conda/envs/gdf/bin/python(+0x208fca) [0x55abf23dafca]
57  /opt/conda/envs/gdf/bin/python(+0x205353) [0x55abf23d7353]
58  /opt/conda/envs/gdf/bin/python(PyRun_StringFlags+0x9a) [0x55abf23cf16a]
59  /opt/conda/envs/gdf/bin/python(PyRun_SimpleStringFlags+0x3c) [0x55abf23cf05c]
60  /opt/conda/envs/gdf/bin/python(Py_RunMain+0x267) [0x55abf23ce297]
61  /opt/conda/envs/gdf/bin/python(Py_BytesMain+0x37) [0x55abf23a1f07]
=================================
[dgx13:72923:0:72923] Caught signal 11 (Segmentation fault: address not mapped to object at address 0x448)
==== backtrace (tid:  72923) ====
 0  /opt/conda/envs/gdf/lib/libucs.so.0(ucs_handle_error+0x2fd) [0x7f9aa541d06d]
 1  /opt/conda/envs/gdf/lib/libucs.so.0(+0x2a264) [0x7f9aa541d264]
 2  /opt/conda/envs/gdf/lib/libucs.so.0(+0x2a42a) [0x7f9aa541d42a]
 3  /usr/lib/x86_64-linux-gnu/libpthread.so.0(+0x14420) [0x7f9b4a746420]
 4  /opt/conda/envs/gdf/lib/libucp.so.0(ucp_mem_type_unpack+0x14) [0x7f9aa549b6a4]
 5  /opt/conda/envs/gdf/lib/libucp.so.0(ucp_rndv_data_handler+0x4e9) [0x7f9aa54c4829]
 6  /opt/conda/envs/gdf/lib/./libuct.so.0(+0x2146f) [0x7f9aa53d746f]
 7  /opt/conda/envs/gdf/lib/./libuct.so.0(+0x248c8) [0x7f9aa53da8c8]
 8  /opt/conda/envs/gdf/lib/libucs.so.0(ucs_event_set_wait+0xb9) [0x7f9aa5426499]
 9  /opt/conda/envs/gdf/lib/./libuct.so.0(uct_tcp_iface_progress+0x7d) [0x7f9aa53d966d]
10  /opt/conda/envs/gdf/lib/libucp.so.0(ucp_worker_progress+0x5a) [0x7f9aa54988ca]
11  /opt/conda/envs/gdf/lib/python3.9/site-packages/ucp/_libs/ucx_api.cpython-39-x86_64-linux-gnu.so(+0x3206a) [0x7f9aa555106a]
12  /opt/conda/envs/gdf/bin/python(_PyEval_EvalFrameDefault+0x37cb) [0x55db424146fb]
13  /opt/conda/envs/gdf/bin/python(+0x12f094) [0x55db42410094]
14  /opt/conda/envs/gdf/bin/python(_PyFunction_Vectorcall+0xd9) [0x55db42421519]
15  /opt/conda/envs/gdf/bin/python(_PyEval_EvalFrameDefault+0x696) [0x55db424115c6]
16  /opt/conda/envs/gdf/bin/python(+0x1e3162) [0x55db424c4162]
17  /opt/conda/envs/gdf/lib/python3.9/lib-dynload/_asyncio.cpython-39-x86_64-linux-gnu.so(+0x81e9) [0x7f9b407851e9]
18  /opt/conda/envs/gdf/bin/python(_PyObject_MakeTpCall+0x2ec) [0x55db4241977c]
19  /opt/conda/envs/gdf/bin/python(+0xead05) [0x55db423cbd05]
20  /opt/conda/envs/gdf/bin/python(+0x1377f3) [0x55db424187f3]
21  /opt/conda/envs/gdf/bin/python(_PyEval_EvalFrameDefault+0x59f9) [0x55db42416929]
22  /opt/conda/envs/gdf/bin/python(+0x1407c2) [0x55db424217c2]
23  /opt/conda/envs/gdf/bin/python(_PyEval_EvalFrameDefault+0x696) [0x55db424115c6]
24  /opt/conda/envs/gdf/bin/python(+0x1407c2) [0x55db424217c2]
25  /opt/conda/envs/gdf/bin/python(_PyEval_EvalFrameDefault+0x696) [0x55db424115c6]
26  /opt/conda/envs/gdf/bin/python(+0x1407c2) [0x55db424217c2]
27  /opt/conda/envs/gdf/bin/python(_PyEval_EvalFrameDefault+0x696) [0x55db424115c6]
28  /opt/conda/envs/gdf/bin/python(+0x1407c2) [0x55db424217c2]
29  /opt/conda/envs/gdf/bin/python(_PyEval_EvalFrameDefault+0x696) [0x55db424115c6]
30  /opt/conda/envs/gdf/bin/python(+0x12f094) [0x55db42410094]
31  /opt/conda/envs/gdf/bin/python(_PyFunction_Vectorcall+0xd9) [0x55db42421519]
32  /opt/conda/envs/gdf/bin/python(_PyEval_EvalFrameDefault+0x11f8) [0x55db42412128]
33  /opt/conda/envs/gdf/bin/python(+0x12f094) [0x55db42410094]
34  /opt/conda/envs/gdf/bin/python(+0x14dccb) [0x55db4242eccb]
35  /opt/conda/envs/gdf/bin/python(PyObject_Call+0xbc) [0x55db4242f44c]
36  /opt/conda/envs/gdf/bin/python(+0x21110e) [0x55db424f210e]
37  /opt/conda/envs/gdf/bin/python(_PyObject_MakeTpCall+0x2ec) [0x55db4241977c]
38  /opt/conda/envs/gdf/bin/python(_PyEval_EvalFrameDefault+0x37cb) [0x55db424146fb]
39  /opt/conda/envs/gdf/bin/python(+0x1407c2) [0x55db424217c2]
40  /opt/conda/envs/gdf/bin/python(+0x14ddac) [0x55db4242edac]
41  /opt/conda/envs/gdf/bin/python(_PyEval_EvalFrameDefault+0x37cb) [0x55db424146fb]
42  /opt/conda/envs/gdf/bin/python(+0x1407c2) [0x55db424217c2]
43  /opt/conda/envs/gdf/bin/python(_PyEval_EvalFrameDefault+0x696) [0x55db424115c6]
44  /opt/conda/envs/gdf/bin/python(+0x12f094) [0x55db42410094]
45  /opt/conda/envs/gdf/bin/python(_PyFunction_Vectorcall+0xd9) [0x55db42421519]
46  /opt/conda/envs/gdf/bin/python(_PyEval_EvalFrameDefault+0x696) [0x55db424115c6]
47  /opt/conda/envs/gdf/bin/python(+0x1407c2) [0x55db424217c2]
48  /opt/conda/envs/gdf/bin/python(_PyEval_EvalFrameDefault+0x3e2) [0x55db42411312]
49  /opt/conda/envs/gdf/bin/python(+0x12f094) [0x55db42410094]
50  /opt/conda/envs/gdf/bin/python(_PyFunction_Vectorcall+0xd9) [0x55db42421519]
51  /opt/conda/envs/gdf/bin/python(_PyEval_EvalFrameDefault+0x11f8) [0x55db42412128]
52  /opt/conda/envs/gdf/bin/python(+0x12f094) [0x55db42410094]
53  /opt/conda/envs/gdf/bin/python(_PyEval_EvalCodeWithName+0x48) [0x55db4240fd68]
54  /opt/conda/envs/gdf/bin/python(PyEval_EvalCodeEx+0x39) [0x55db4240fd19]
55  /opt/conda/envs/gdf/bin/python(PyEval_EvalCode+0x1b) [0x55db424bd07b]
56  /opt/conda/envs/gdf/bin/python(+0x208fca) [0x55db424e9fca]
57  /opt/conda/envs/gdf/bin/python(+0x205353) [0x55db424e6353]
58  /opt/conda/envs/gdf/bin/python(PyRun_StringFlags+0x9a) [0x55db424de16a]
59  /opt/conda/envs/gdf/bin/python(PyRun_SimpleStringFlags+0x3c) [0x55db424de05c]
60  /opt/conda/envs/gdf/bin/python(Py_RunMain+0x267) [0x55db424dd297]
61  /opt/conda/envs/gdf/bin/python(Py_BytesMain+0x37) [0x55db424b0f07]
=================================
[dgx13:72912:0:72912] Caught signal 11 (Segmentation fault: address not mapped to object at address 0x448)
==== backtrace (tid:  72912) ====
 0  /opt/conda/envs/gdf/lib/libucs.so.0(ucs_handle_error+0x2fd) [0x7fede35bd06d]
 1  /opt/conda/envs/gdf/lib/libucs.so.0(+0x2a264) [0x7fede35bd264]
 2  /opt/conda/envs/gdf/lib/libucs.so.0(+0x2a42a) [0x7fede35bd42a]
 3  /usr/lib/x86_64-linux-gnu/libpthread.so.0(+0x14420) [0x7fee8892f420]
 4  /opt/conda/envs/gdf/lib/libucp.so.0(ucp_mem_type_unpack+0x14) [0x7fede363b6a4]
 5  /opt/conda/envs/gdf/lib/libucp.so.0(ucp_rndv_data_handler+0x4e9) [0x7fede3664829]
 6  /opt/conda/envs/gdf/lib/./libuct.so.0(+0x2146f) [0x7fede357746f]
 7  /opt/conda/envs/gdf/lib/./libuct.so.0(+0x248c8) [0x7fede357a8c8]
 8  /opt/conda/envs/gdf/lib/libucs.so.0(ucs_event_set_wait+0xb9) [0x7fede35c6499]
 9  /opt/conda/envs/gdf/lib/./libuct.so.0(uct_tcp_iface_progress+0x7d) [0x7fede357966d]
10  /opt/conda/envs/gdf/lib/libucp.so.0(ucp_worker_progress+0x5a) [0x7fede36388ca]
11  /opt/conda/envs/gdf/lib/python3.9/site-packages/ucp/_libs/ucx_api.cpython-39-x86_64-linux-gnu.so(+0x3206a) [0x7fede36f106a]
12  /opt/conda/envs/gdf/bin/python(_PyEval_EvalFrameDefault+0x37cb) [0x55f7f52f66fb]
13  /opt/conda/envs/gdf/bin/python(+0x12f094) [0x55f7f52f2094]
14  /opt/conda/envs/gdf/bin/python(_PyFunction_Vectorcall+0xd9) [0x55f7f5303519]
15  /opt/conda/envs/gdf/bin/python(_PyEval_EvalFrameDefault+0x696) [0x55f7f52f35c6]
16  /opt/conda/envs/gdf/bin/python(+0x1407c2) [0x55f7f53037c2]
17  /opt/conda/envs/gdf/bin/python(+0x14de83) [0x55f7f5310e83]
18  /opt/conda/envs/gdf/bin/python(+0x258b2c) [0x55f7f541bb2c]
19  /opt/conda/envs/gdf/bin/python(+0xead05) [0x55f7f52add05]
20  /opt/conda/envs/gdf/bin/python(+0x1377f3) [0x55f7f52fa7f3]
21  /opt/conda/envs/gdf/bin/python(_PyEval_EvalFrameDefault+0x59f9) [0x55f7f52f8929]
22  /opt/conda/envs/gdf/bin/python(+0x1407c2) [0x55f7f53037c2]
23  /opt/conda/envs/gdf/bin/python(_PyEval_EvalFrameDefault+0x696) [0x55f7f52f35c6]
24  /opt/conda/envs/gdf/bin/python(+0x1407c2) [0x55f7f53037c2]
25  /opt/conda/envs/gdf/bin/python(_PyEval_EvalFrameDefault+0x696) [0x55f7f52f35c6]
26  /opt/conda/envs/gdf/bin/python(+0x1407c2) [0x55f7f53037c2]
27  /opt/conda/envs/gdf/bin/python(_PyEval_EvalFrameDefault+0x696) [0x55f7f52f35c6]
28  /opt/conda/envs/gdf/bin/python(+0x1407c2) [0x55f7f53037c2]
29  /opt/conda/envs/gdf/bin/python(_PyEval_EvalFrameDefault+0x696) [0x55f7f52f35c6]
30  /opt/conda/envs/gdf/bin/python(+0x12f094) [0x55f7f52f2094]
31  /opt/conda/envs/gdf/bin/python(_PyFunction_Vectorcall+0xd9) [0x55f7f5303519]
32  /opt/conda/envs/gdf/bin/python(_PyEval_EvalFrameDefault+0x11f8) [0x55f7f52f4128]
33  /opt/conda/envs/gdf/bin/python(+0x12f094) [0x55f7f52f2094]
34  /opt/conda/envs/gdf/bin/python(+0x14dccb) [0x55f7f5310ccb]
35  /opt/conda/envs/gdf/bin/python(PyObject_Call+0xbc) [0x55f7f531144c]
36  /opt/conda/envs/gdf/bin/python(+0x21110e) [0x55f7f53d410e]
37  /opt/conda/envs/gdf/bin/python(_PyObject_MakeTpCall+0x2ec) [0x55f7f52fb77c]
38  /opt/conda/envs/gdf/bin/python(_PyEval_EvalFrameDefault+0x37cb) [0x55f7f52f66fb]
39  /opt/conda/envs/gdf/bin/python(+0x1407c2) [0x55f7f53037c2]
40  /opt/conda/envs/gdf/bin/python(+0x14ddac) [0x55f7f5310dac]
41  /opt/conda/envs/gdf/bin/python(_PyEval_EvalFrameDefault+0x37cb) [0x55f7f52f66fb]
42  /opt/conda/envs/gdf/bin/python(+0x1407c2) [0x55f7f53037c2]
43  /opt/conda/envs/gdf/bin/python(_PyEval_EvalFrameDefault+0x696) [0x55f7f52f35c6]
44  /opt/conda/envs/gdf/bin/python(+0x12f094) [0x55f7f52f2094]
45  /opt/conda/envs/gdf/bin/python(_PyFunction_Vectorcall+0xd9) [0x55f7f5303519]
46  /opt/conda/envs/gdf/bin/python(_PyEval_EvalFrameDefault+0x696) [0x55f7f52f35c6]
47  /opt/conda/envs/gdf/bin/python(+0x1407c2) [0x55f7f53037c2]
48  /opt/conda/envs/gdf/bin/python(_PyEval_EvalFrameDefault+0x3e2) [0x55f7f52f3312]
49  /opt/conda/envs/gdf/bin/python(+0x12f094) [0x55f7f52f2094]
50  /opt/conda/envs/gdf/bin/python(_PyFunction_Vectorcall+0xd9) [0x55f7f5303519]
51  /opt/conda/envs/gdf/bin/python(_PyEval_EvalFrameDefault+0x11f8) [0x55f7f52f4128]
52  /opt/conda/envs/gdf/bin/python(+0x12f094) [0x55f7f52f2094]
53  /opt/conda/envs/gdf/bin/python(_PyEval_EvalCodeWithName+0x48) [0x55f7f52f1d68]
54  /opt/conda/envs/gdf/bin/python(PyEval_EvalCodeEx+0x39) [0x55f7f52f1d19]
55  /opt/conda/envs/gdf/bin/python(PyEval_EvalCode+0x1b) [0x55f7f539f07b]
56  /opt/conda/envs/gdf/bin/python(+0x208fca) [0x55f7f53cbfca]
57  /opt/conda/envs/gdf/bin/python(+0x205353) [0x55f7f53c8353]
58  /opt/conda/envs/gdf/bin/python(PyRun_StringFlags+0x9a) [0x55f7f53c016a]
59  /opt/conda/envs/gdf/bin/python(PyRun_SimpleStringFlags+0x3c) [0x55f7f53c005c]
60  /opt/conda/envs/gdf/bin/python(Py_RunMain+0x267) [0x55f7f53bf297]
61  /opt/conda/envs/gdf/bin/python(Py_BytesMain+0x37) [0x55f7f5392f07]
=================================
[dgx13:72903:0:72903] Caught signal 11 (Segmentation fault: address not mapped to object at address 0x448)
==== backtrace (tid:  72903) ====
 0  /opt/conda/envs/gdf/lib/libucs.so.0(ucs_handle_error+0x2fd) [0x7fa7031e706d]
 1  /opt/conda/envs/gdf/lib/libucs.so.0(+0x2a264) [0x7fa7031e7264]
 2  /opt/conda/envs/gdf/lib/libucs.so.0(+0x2a42a) [0x7fa7031e742a]
 3  /usr/lib/x86_64-linux-gnu/libpthread.so.0(+0x14420) [0x7fa7a853a420]
 4  /opt/conda/envs/gdf/lib/libucp.so.0(ucp_mem_type_unpack+0x14) [0x7fa7032656a4]
 5  /opt/conda/envs/gdf/lib/libucp.so.0(ucp_rndv_data_handler+0x4e9) [0x7fa70328e829]
 6  /opt/conda/envs/gdf/lib/./libuct.so.0(+0x2146f) [0x7fa7031a146f]
 7  /opt/conda/envs/gdf/lib/./libuct.so.0(+0x248c8) [0x7fa7031a48c8]
 8  /opt/conda/envs/gdf/lib/libucs.so.0(ucs_event_set_wait+0xb9) [0x7fa7031f0499]
 9  /opt/conda/envs/gdf/lib/./libuct.so.0(uct_tcp_iface_progress+0x7d) [0x7fa7031a366d]
10  /opt/conda/envs/gdf/lib/libucp.so.0(ucp_worker_progress+0x5a) [0x7fa7032628ca]
11  /opt/conda/envs/gdf/lib/python3.9/site-packages/ucp/_libs/ucx_api.cpython-39-x86_64-linux-gnu.so(+0x3206a) [0x7fa70331b06a]
12  /opt/conda/envs/gdf/bin/python(_PyEval_EvalFrameDefault+0x37cb) [0x564aad8436fb]
13  /opt/conda/envs/gdf/bin/python(+0x12f094) [0x564aad83f094]
14  /opt/conda/envs/gdf/bin/python(_PyFunction_Vectorcall+0xd9) [0x564aad850519]
15  /opt/conda/envs/gdf/bin/python(_PyEval_EvalFrameDefault+0x696) [0x564aad8405c6]
16  /opt/conda/envs/gdf/bin/python(+0x1407c2) [0x564aad8507c2]
17  /opt/conda/envs/gdf/bin/python(+0x14de83) [0x564aad85de83]
18  /opt/conda/envs/gdf/bin/python(+0x258b2c) [0x564aad968b2c]
19  /opt/conda/envs/gdf/bin/python(+0xead05) [0x564aad7fad05]
20  /opt/conda/envs/gdf/bin/python(+0x1377f3) [0x564aad8477f3]
21  /opt/conda/envs/gdf/bin/python(_PyEval_EvalFrameDefault+0x59f9) [0x564aad845929]
22  /opt/conda/envs/gdf/bin/python(+0x1407c2) [0x564aad8507c2]
23  /opt/conda/envs/gdf/bin/python(_PyEval_EvalFrameDefault+0x696) [0x564aad8405c6]
24  /opt/conda/envs/gdf/bin/python(+0x1407c2) [0x564aad8507c2]
25  /opt/conda/envs/gdf/bin/python(_PyEval_EvalFrameDefault+0x696) [0x564aad8405c6]
26  /opt/conda/envs/gdf/bin/python(+0x1407c2) [0x564aad8507c2]
27  /opt/conda/envs/gdf/bin/python(_PyEval_EvalFrameDefault+0x696) [0x564aad8405c6]
28  /opt/conda/envs/gdf/bin/python(+0x1407c2) [0x564aad8507c2]
29  /opt/conda/envs/gdf/bin/python(_PyEval_EvalFrameDefault+0x696) [0x564aad8405c6]
30  /opt/conda/envs/gdf/bin/python(+0x12f094) [0x564aad83f094]
31  /opt/conda/envs/gdf/bin/python(_PyFunction_Vectorcall+0xd9) [0x564aad850519]
32  /opt/conda/envs/gdf/bin/python(_PyEval_EvalFrameDefault+0x11f8) [0x564aad841128]
33  /opt/conda/envs/gdf/bin/python(+0x12f094) [0x564aad83f094]
34  /opt/conda/envs/gdf/bin/python(+0x14dccb) [0x564aad85dccb]
35  /opt/conda/envs/gdf/bin/python(PyObject_Call+0xbc) [0x564aad85e44c]
36  /opt/conda/envs/gdf/bin/python(+0x21110e) [0x564aad92110e]
37  /opt/conda/envs/gdf/bin/python(_PyObject_MakeTpCall+0x2ec) [0x564aad84877c]
38  /opt/conda/envs/gdf/bin/python(_PyEval_EvalFrameDefault+0x37cb) [0x564aad8436fb]
39  /opt/conda/envs/gdf/bin/python(+0x1407c2) [0x564aad8507c2]
40  /opt/conda/envs/gdf/bin/python(+0x14ddac) [0x564aad85ddac]
41  /opt/conda/envs/gdf/bin/python(_PyEval_EvalFrameDefault+0x37cb) [0x564aad8436fb]
42  /opt/conda/envs/gdf/bin/python(+0x1407c2) [0x564aad8507c2]
43  /opt/conda/envs/gdf/bin/python(_PyEval_EvalFrameDefault+0x696) [0x564aad8405c6]
44  /opt/conda/envs/gdf/bin/python(+0x12f094) [0x564aad83f094]
45  /opt/conda/envs/gdf/bin/python(_PyFunction_Vectorcall+0xd9) [0x564aad850519]
46  /opt/conda/envs/gdf/bin/python(_PyEval_EvalFrameDefault+0x696) [0x564aad8405c6]
47  /opt/conda/envs/gdf/bin/python(+0x1407c2) [0x564aad8507c2]
48  /opt/conda/envs/gdf/bin/python(_PyEval_EvalFrameDefault+0x3e2) [0x564aad840312]
49  /opt/conda/envs/gdf/bin/python(+0x12f094) [0x564aad83f094]
50  /opt/conda/envs/gdf/bin/python(_PyFunction_Vectorcall+0xd9) [0x564aad850519]
51  /opt/conda/envs/gdf/bin/python(_PyEval_EvalFrameDefault+0x11f8) [0x564aad841128]
52  /opt/conda/envs/gdf/bin/python(+0x12f094) [0x564aad83f094]
53  /opt/conda/envs/gdf/bin/python(_PyEval_EvalCodeWithName+0x48) [0x564aad83ed68]
54  /opt/conda/envs/gdf/bin/python(PyEval_EvalCodeEx+0x39) [0x564aad83ed19]
55  /opt/conda/envs/gdf/bin/python(PyEval_EvalCode+0x1b) [0x564aad8ec07b]
56  /opt/conda/envs/gdf/bin/python(+0x208fca) [0x564aad918fca]
57  /opt/conda/envs/gdf/bin/python(+0x205353) [0x564aad915353]
58  /opt/conda/envs/gdf/bin/python(PyRun_StringFlags+0x9a) [0x564aad90d16a]
59  /opt/conda/envs/gdf/bin/python(PyRun_SimpleStringFlags+0x3c) [0x564aad90d05c]
60  /opt/conda/envs/gdf/bin/python(Py_RunMain+0x267) [0x564aad90c297]
61  /opt/conda/envs/gdf/bin/python(Py_BytesMain+0x37) [0x564aad8dff07]
=================================
2023-11-23 06:52:08,544 - distributed.worker - ERROR - Worker stream died during communication: ucx://127.0.0.1:33383
Traceback (most recent call last):
  File "/opt/conda/envs/gdf/lib/python3.9/site-packages/distributed/comm/ucx.py", line 354, in read
    await self.ep.recv(msg)
  File "/opt/conda/envs/gdf/lib/python3.9/site-packages/ucp/core.py", line 725, in recv
    ret = await comm.tag_recv(self._ep, buffer, nbytes, tag, name=log)
ucp._libs.exceptions.UCXCanceled: <[Recv #003] ep: 0x7efe5c0d0180, tag: 0x18770644d362a46d, nbytes: 16, type: <class 'numpy.ndarray'>>: 

During handling of the above exception, another exception occurred:

Traceback (most recent call last):
  File "/opt/conda/envs/gdf/lib/python3.9/site-packages/distributed/worker.py", line 2059, in gather_dep
    response = await get_data_from_worker(
  File "/opt/conda/envs/gdf/lib/python3.9/site-packages/distributed/worker.py", line 2852, in get_data_from_worker
    response = await send_recv(
  File "/opt/conda/envs/gdf/lib/python3.9/site-packages/distributed/core.py", line 1106, in send_recv
    response = await comm.read(deserializers=deserializers)
  File "/opt/conda/envs/gdf/lib/python3.9/site-packages/distributed/utils.py", line 803, in wrapper
    return await func(*args, **kwargs)
  File "/opt/conda/envs/gdf/lib/python3.9/site-packages/distributed/comm/ucx.py", line 372, in read
    raise CommClosedError(
distributed.comm.core.CommClosedError: Connection closed by writer.
Inner exception: UCXCanceled("<[Recv #003] ep: 0x7efe5c0d0180, tag: 0x18770644d362a46d, nbytes: 16, type: <class 'numpy.ndarray'>>: ")
Task exception was never retrieved
future: <Task finished name='Task-915' coro=<_listener_handler_coroutine() done, defined at /opt/conda/envs/gdf/lib/python3.9/site-packages/ucp/core.py:128> exception=UCXError('<stream_send>: Connection reset by remote peer')>
Traceback (most recent call last):
  File "/opt/conda/envs/gdf/lib/python3.9/site-packages/ucp/core.py", line 143, in _listener_handler_coroutine
    peer_info = await exchange_peer_info(
  File "/opt/conda/envs/gdf/lib/python3.9/site-packages/ucp/core.py", line 51, in exchange_peer_info
    await comm.stream_send(endpoint, my_info_arr, my_info_arr.nbytes)
ucp._libs.exceptions.UCXError: <stream_send>: Connection reset by remote peer
2023-11-23 06:52:08,553 - distributed.worker - ERROR - Worker stream died during communication: ucx://127.0.0.1:33383
Traceback (most recent call last):
  File "/opt/conda/envs/gdf/lib/python3.9/site-packages/distributed/core.py", line 1516, in _connect
    comm = await connect(
  File "/opt/conda/envs/gdf/lib/python3.9/site-packages/distributed/comm/core.py", line 342, in connect
    comm = await wait_for(
  File "/opt/conda/envs/gdf/lib/python3.9/site-packages/distributed/utils.py", line 1920, in wait_for
    return await asyncio.wait_for(fut, timeout)
  File "/opt/conda/envs/gdf/lib/python3.9/asyncio/tasks.py", line 466, in wait_for
    await waiter
asyncio.exceptions.CancelledError

During handling of the above exception, another exception occurred:

Traceback (most recent call last):
  File "/opt/conda/envs/gdf/lib/python3.9/site-packages/distributed/core.py", line 1626, in connect
    return connect_attempt.result()
asyncio.exceptions.CancelledError

During handling of the above exception, another exception occurred:

Traceback (most recent call last):
  File "/opt/conda/envs/gdf/lib/python3.9/site-packages/distributed/worker.py", line 2059, in gather_dep
    response = await get_data_from_worker(
  File "/opt/conda/envs/gdf/lib/python3.9/site-packages/distributed/worker.py", line 2849, in get_data_from_worker
    comm = await rpc.connect(worker)
  File "/opt/conda/envs/gdf/lib/python3.9/site-packages/distributed/core.py", line 1628, in connect
    raise CommClosedError(reason)
distributed.comm.core.CommClosedError: Address removed.
2023-11-23 06:52:08,593 - distributed.worker - ERROR - Worker stream died during communication: ucx://127.0.0.1:51697
Traceback (most recent call last):
  File "/opt/conda/envs/gdf/lib/python3.9/site-packages/distributed/comm/ucx.py", line 471, in connect
    ep = await ucp.create_endpoint(ip, port)
  File "/opt/conda/envs/gdf/lib/python3.9/site-packages/ucp/core.py", line 1004, in create_endpoint
    return await _get_ctx().create_endpoint(
  File "/opt/conda/envs/gdf/lib/python3.9/site-packages/ucp/core.py", line 316, in create_endpoint
    peer_info = await exchange_peer_info(
  File "/opt/conda/envs/gdf/lib/python3.9/site-packages/ucp/core.py", line 54, in exchange_peer_info
    await comm.stream_recv(endpoint, peer_info_arr, peer_info_arr.nbytes)
ucp._libs.exceptions.UCXError: <stream_recv>: Connection reset by remote peer

During handling of the above exception, another exception occurred:

Traceback (most recent call last):
  File "/opt/conda/envs/gdf/lib/python3.9/site-packages/distributed/comm/core.py", line 342, in connect
    comm = await wait_for(
  File "/opt/conda/envs/gdf/lib/python3.9/site-packages/distributed/utils.py", line 1920, in wait_for
    return await asyncio.wait_for(fut, timeout)
  File "/opt/conda/envs/gdf/lib/python3.9/asyncio/tasks.py", line 479, in wait_for
    return fut.result()
  File "/opt/conda/envs/gdf/lib/python3.9/site-packages/distributed/comm/ucx.py", line 473, in connect
    raise CommClosedError("Connection closed before handshake completed")
distributed.comm.core.CommClosedError: Connection closed before handshake completed

During handling of the above exception, another exception occurred:

Traceback (most recent call last):
  File "/opt/conda/envs/gdf/lib/python3.9/site-packages/distributed/core.py", line 1516, in _connect
    comm = await connect(
  File "/opt/conda/envs/gdf/lib/python3.9/site-packages/distributed/comm/core.py", line 366, in connect
    await asyncio.sleep(backoff)
  File "/opt/conda/envs/gdf/lib/python3.9/asyncio/tasks.py", line 652, in sleep
    return await future
asyncio.exceptions.CancelledError

During handling of the above exception, another exception occurred:

Traceback (most recent call last):
  File "/opt/conda/envs/gdf/lib/python3.9/site-packages/distributed/core.py", line 1626, in connect
    return connect_attempt.result()
asyncio.exceptions.CancelledError

During handling of the above exception, another exception occurred:

Traceback (most recent call last):
  File "/opt/conda/envs/gdf/lib/python3.9/site-packages/distributed/worker.py", line 2059, in gather_dep
    response = await get_data_from_worker(
  File "/opt/conda/envs/gdf/lib/python3.9/site-packages/distributed/worker.py", line 2849, in get_data_from_worker
    comm = await rpc.connect(worker)
  File "/opt/conda/envs/gdf/lib/python3.9/site-packages/distributed/core.py", line 1628, in connect
    raise CommClosedError(reason)
distributed.comm.core.CommClosedError: Address removed.
2023-11-23 06:52:08,599 - distributed.worker - ERROR - failed during get data with ucx://127.0.0.1:34087 -> ucx://127.0.0.1:51697
Traceback (most recent call last):
  File "/opt/conda/envs/gdf/lib/python3.9/site-packages/distributed/comm/ucx.py", line 338, in write
    await self.ep.send(each_frame)
  File "/opt/conda/envs/gdf/lib/python3.9/site-packages/ucp/core.py", line 650, in send
    return await comm.tag_send(self._ep, buffer, nbytes, tag, name=log)
ucp._libs.exceptions.UCXError: <[Send #007] ep: 0x7fd4d4ce8140, tag: 0x15aec3aa87944def, nbytes: 100000000, type: <class 'cudf.core.buffer.buffer.Buffer'>>: Connection reset by remote peer

During handling of the above exception, another exception occurred:

Traceback (most recent call last):
  File "/opt/conda/envs/gdf/lib/python3.9/site-packages/distributed/worker.py", line 1782, in get_data
    compressed = await comm.write(msg, serializers=serializers)
  File "/opt/conda/envs/gdf/lib/python3.9/site-packages/distributed/utils.py", line 803, in wrapper
    return await func(*args, **kwargs)
  File "/opt/conda/envs/gdf/lib/python3.9/site-packages/distributed/comm/ucx.py", line 342, in write
    raise CommClosedError("While writing, the connection was closed")
distributed.comm.core.CommClosedError: While writing, the connection was closed
2023-11-23 06:52:08,688 - distributed.worker - ERROR - failed during get data with ucx://127.0.0.1:34087 -> ucx://127.0.0.1:36145
Traceback (most recent call last):
  File "/opt/conda/envs/gdf/lib/python3.9/site-packages/distributed/comm/ucx.py", line 338, in write
    await self.ep.send(each_frame)
  File "/opt/conda/envs/gdf/lib/python3.9/site-packages/ucp/core.py", line 650, in send
    return await comm.tag_send(self._ep, buffer, nbytes, tag, name=log)
ucp._libs.exceptions.UCXError: <[Send #007] ep: 0x7fd4d4ce8100, tag: 0xfea20dbfe9fc7262, nbytes: 100000000, type: <class 'cudf.core.buffer.buffer.Buffer'>>: Connection reset by remote peer

During handling of the above exception, another exception occurred:

Traceback (most recent call last):
  File "/opt/conda/envs/gdf/lib/python3.9/site-packages/distributed/worker.py", line 1782, in get_data
    compressed = await comm.write(msg, serializers=serializers)
  File "/opt/conda/envs/gdf/lib/python3.9/site-packages/distributed/utils.py", line 803, in wrapper
    return await func(*args, **kwargs)
  File "/opt/conda/envs/gdf/lib/python3.9/site-packages/distributed/comm/ucx.py", line 342, in write
    raise CommClosedError("While writing, the connection was closed")
distributed.comm.core.CommClosedError: While writing, the connection was closed
2023-11-23 06:52:08,688 - distributed.worker - ERROR - Worker stream died during communication: ucx://127.0.0.1:36145
Traceback (most recent call last):
  File "/opt/conda/envs/gdf/lib/python3.9/site-packages/distributed/comm/ucx.py", line 354, in read
    await self.ep.recv(msg)
  File "/opt/conda/envs/gdf/lib/python3.9/site-packages/ucp/core.py", line 725, in recv
    ret = await comm.tag_recv(self._ep, buffer, nbytes, tag, name=log)
ucp._libs.exceptions.UCXCanceled: <[Recv #011] ep: 0x7efe5c0d0100, tag: 0x820e7a9918e00387, nbytes: 16, type: <class 'numpy.ndarray'>>: 

During handling of the above exception, another exception occurred:

Traceback (most recent call last):
  File "/opt/conda/envs/gdf/lib/python3.9/site-packages/distributed/worker.py", line 2059, in gather_dep
    response = await get_data_from_worker(
  File "/opt/conda/envs/gdf/lib/python3.9/site-packages/distributed/worker.py", line 2852, in get_data_from_worker
    response = await send_recv(
  File "/opt/conda/envs/gdf/lib/python3.9/site-packages/distributed/core.py", line 1106, in send_recv
    response = await comm.read(deserializers=deserializers)
  File "/opt/conda/envs/gdf/lib/python3.9/site-packages/distributed/utils.py", line 803, in wrapper
    return await func(*args, **kwargs)
  File "/opt/conda/envs/gdf/lib/python3.9/site-packages/distributed/comm/ucx.py", line 372, in read
    raise CommClosedError(
distributed.comm.core.CommClosedError: Connection closed by writer.
Inner exception: UCXCanceled("<[Recv #011] ep: 0x7efe5c0d0100, tag: 0x820e7a9918e00387, nbytes: 16, type: <class 'numpy.ndarray'>>: ")
2023-11-23 06:52:08,689 - distributed.worker - ERROR - Worker stream died during communication: ucx://127.0.0.1:36145
Traceback (most recent call last):
  File "/opt/conda/envs/gdf/lib/python3.9/site-packages/distributed/comm/ucx.py", line 354, in read
    await self.ep.recv(msg)
  File "/opt/conda/envs/gdf/lib/python3.9/site-packages/ucp/core.py", line 725, in recv
    ret = await comm.tag_recv(self._ep, buffer, nbytes, tag, name=log)
ucp._libs.exceptions.UCXCanceled: <[Recv #003] ep: 0x7fd4d4ce8240, tag: 0x739482a747187520, nbytes: 16, type: <class 'numpy.ndarray'>>: 

During handling of the above exception, another exception occurred:

Traceback (most recent call last):
  File "/opt/conda/envs/gdf/lib/python3.9/site-packages/distributed/worker.py", line 2059, in gather_dep
    response = await get_data_from_worker(
  File "/opt/conda/envs/gdf/lib/python3.9/site-packages/distributed/worker.py", line 2852, in get_data_from_worker
    response = await send_recv(
  File "/opt/conda/envs/gdf/lib/python3.9/site-packages/distributed/core.py", line 1106, in send_recv
    response = await comm.read(deserializers=deserializers)
  File "/opt/conda/envs/gdf/lib/python3.9/site-packages/distributed/utils.py", line 803, in wrapper
    return await func(*args, **kwargs)
  File "/opt/conda/envs/gdf/lib/python3.9/site-packages/distributed/comm/ucx.py", line 372, in read
    raise CommClosedError(
distributed.comm.core.CommClosedError: Connection closed by writer.
Inner exception: UCXCanceled("<[Recv #003] ep: 0x7fd4d4ce8240, tag: 0x739482a747187520, nbytes: 16, type: <class 'numpy.ndarray'>>: ")
2023-11-23 06:52:08,872 - distributed.worker - ERROR - failed during get data with ucx://127.0.0.1:49001 -> ucx://127.0.0.1:47807
Traceback (most recent call last):
  File "/opt/conda/envs/gdf/lib/python3.9/site-packages/distributed/comm/ucx.py", line 338, in write
    await self.ep.send(each_frame)
  File "/opt/conda/envs/gdf/lib/python3.9/site-packages/ucp/core.py", line 650, in send
    return await comm.tag_send(self._ep, buffer, nbytes, tag, name=log)
ucp._libs.exceptions.UCXError: <[Send #007] ep: 0x7efe5c0d03c0, tag: 0x1e773ee7269fff0, nbytes: 100000000, type: <class 'cudf.core.buffer.buffer.Buffer'>>: Connection reset by remote peer

During handling of the above exception, another exception occurred:

Traceback (most recent call last):
  File "/opt/conda/envs/gdf/lib/python3.9/site-packages/distributed/worker.py", line 1782, in get_data
    compressed = await comm.write(msg, serializers=serializers)
  File "/opt/conda/envs/gdf/lib/python3.9/site-packages/distributed/utils.py", line 803, in wrapper
    return await func(*args, **kwargs)
  File "/opt/conda/envs/gdf/lib/python3.9/site-packages/distributed/comm/ucx.py", line 342, in write
    raise CommClosedError("While writing, the connection was closed")
distributed.comm.core.CommClosedError: While writing, the connection was closed
2023-11-23 06:52:08,873 - distributed.worker - ERROR - Worker stream died during communication: ucx://127.0.0.1:47807
Traceback (most recent call last):
  File "/opt/conda/envs/gdf/lib/python3.9/site-packages/distributed/comm/ucx.py", line 396, in read
    await self.ep.recv(each_frame)
  File "/opt/conda/envs/gdf/lib/python3.9/site-packages/ucp/core.py", line 725, in recv
    ret = await comm.tag_recv(self._ep, buffer, nbytes, tag, name=log)
ucp._libs.exceptions.UCXError: <[Recv #007] ep: 0x7efe5c0d0200, tag: 0xf9a10f7aa3ce28b2, nbytes: 100000000, type: <class 'rmm._lib.device_buffer.DeviceBuffer'>>: Connection reset by remote peer

During handling of the above exception, another exception occurred:

Traceback (most recent call last):
  File "/opt/conda/envs/gdf/lib/python3.9/site-packages/distributed/worker.py", line 2059, in gather_dep
    response = await get_data_from_worker(
  File "/opt/conda/envs/gdf/lib/python3.9/site-packages/distributed/worker.py", line 2852, in get_data_from_worker
    response = await send_recv(
  File "/opt/conda/envs/gdf/lib/python3.9/site-packages/distributed/core.py", line 1106, in send_recv
    response = await comm.read(deserializers=deserializers)
  File "/opt/conda/envs/gdf/lib/python3.9/site-packages/distributed/utils.py", line 803, in wrapper
    return await func(*args, **kwargs)
  File "/opt/conda/envs/gdf/lib/python3.9/site-packages/distributed/comm/ucx.py", line 402, in read
    raise CommClosedError(
distributed.comm.core.CommClosedError: Connection closed by writer.
Inner exception: UCXError("<[Recv #007] ep: 0x7efe5c0d0200, tag: 0xf9a10f7aa3ce28b2, nbytes: 100000000, type: <class 'rmm._lib.device_buffer.DeviceBuffer'>>: Connection reset by remote peer")
2023-11-23 06:52:08,884 - distributed.worker - ERROR - Worker stream died during communication: ucx://127.0.0.1:47807
Traceback (most recent call last):
  File "/opt/conda/envs/gdf/lib/python3.9/site-packages/distributed/comm/ucx.py", line 396, in read
    await self.ep.recv(each_frame)
  File "/opt/conda/envs/gdf/lib/python3.9/site-packages/ucp/core.py", line 725, in recv
    ret = await comm.tag_recv(self._ep, buffer, nbytes, tag, name=log)
ucp._libs.exceptions.UCXCanceled: <[Recv #008] ep: 0x7fd4d4ce8300, tag: 0x10f5f900ae85bffb, nbytes: 100000000, type: <class 'rmm._lib.device_buffer.DeviceBuffer'>>: 

During handling of the above exception, another exception occurred:

Traceback (most recent call last):
  File "/opt/conda/envs/gdf/lib/python3.9/site-packages/distributed/worker.py", line 2059, in gather_dep
    response = await get_data_from_worker(
  File "/opt/conda/envs/gdf/lib/python3.9/site-packages/distributed/worker.py", line 2852, in get_data_from_worker
    response = await send_recv(
  File "/opt/conda/envs/gdf/lib/python3.9/site-packages/distributed/core.py", line 1106, in send_recv
    response = await comm.read(deserializers=deserializers)
  File "/opt/conda/envs/gdf/lib/python3.9/site-packages/distributed/utils.py", line 803, in wrapper
    return await func(*args, **kwargs)
  File "/opt/conda/envs/gdf/lib/python3.9/site-packages/distributed/comm/ucx.py", line 402, in read
    raise CommClosedError(
distributed.comm.core.CommClosedError: Connection closed by writer.
Inner exception: UCXCanceled("<[Recv #008] ep: 0x7fd4d4ce8300, tag: 0x10f5f900ae85bffb, nbytes: 100000000, type: <class 'rmm._lib.device_buffer.DeviceBuffer'>>: ")
2023-11-23 06:52:09,001 - distributed.worker - ERROR - failed during get data with ucx://127.0.0.1:49001 -> ucx://127.0.0.1:59187
Traceback (most recent call last):
  File "/opt/conda/envs/gdf/lib/python3.9/site-packages/distributed/comm/ucx.py", line 338, in write
    await self.ep.send(each_frame)
  File "/opt/conda/envs/gdf/lib/python3.9/site-packages/ucp/core.py", line 650, in send
    return await comm.tag_send(self._ep, buffer, nbytes, tag, name=log)
ucp._libs.exceptions.UCXError: <[Send #007] ep: 0x7efe5c0d0340, tag: 0xbaf55d74e1d6f783, nbytes: 100000000, type: <class 'cudf.core.buffer.buffer.Buffer'>>: Connection reset by remote peer

During handling of the above exception, another exception occurred:

Traceback (most recent call last):
  File "/opt/conda/envs/gdf/lib/python3.9/site-packages/distributed/worker.py", line 1782, in get_data
    compressed = await comm.write(msg, serializers=serializers)
  File "/opt/conda/envs/gdf/lib/python3.9/site-packages/distributed/utils.py", line 803, in wrapper
    return await func(*args, **kwargs)
  File "/opt/conda/envs/gdf/lib/python3.9/site-packages/distributed/comm/ucx.py", line 342, in write
    raise CommClosedError("While writing, the connection was closed")
distributed.comm.core.CommClosedError: While writing, the connection was closed
2023-11-23 06:52:09,002 - distributed.worker - ERROR - Worker stream died during communication: ucx://127.0.0.1:59187
Traceback (most recent call last):
  File "/opt/conda/envs/gdf/lib/python3.9/site-packages/distributed/comm/ucx.py", line 396, in read
    await self.ep.recv(each_frame)
  File "/opt/conda/envs/gdf/lib/python3.9/site-packages/ucp/core.py", line 725, in recv
    ret = await comm.tag_recv(self._ep, buffer, nbytes, tag, name=log)
ucp._libs.exceptions.UCXError: <[Recv #007] ep: 0x7efe5c0d01c0, tag: 0x67afb0c329f18dfb, nbytes: 100000000, type: <class 'rmm._lib.device_buffer.DeviceBuffer'>>: Connection reset by remote peer

During handling of the above exception, another exception occurred:

Traceback (most recent call last):
  File "/opt/conda/envs/gdf/lib/python3.9/site-packages/distributed/worker.py", line 2059, in gather_dep
    response = await get_data_from_worker(
  File "/opt/conda/envs/gdf/lib/python3.9/site-packages/distributed/worker.py", line 2852, in get_data_from_worker
    response = await send_recv(
  File "/opt/conda/envs/gdf/lib/python3.9/site-packages/distributed/core.py", line 1106, in send_recv
    response = await comm.read(deserializers=deserializers)
  File "/opt/conda/envs/gdf/lib/python3.9/site-packages/distributed/utils.py", line 803, in wrapper
    return await func(*args, **kwargs)
  File "/opt/conda/envs/gdf/lib/python3.9/site-packages/distributed/comm/ucx.py", line 402, in read
    raise CommClosedError(
distributed.comm.core.CommClosedError: Connection closed by writer.
Inner exception: UCXError("<[Recv #007] ep: 0x7efe5c0d01c0, tag: 0x67afb0c329f18dfb, nbytes: 100000000, type: <class 'rmm._lib.device_buffer.DeviceBuffer'>>: Connection reset by remote peer")
2023-11-23 06:52:26,795 - distributed.nanny - WARNING - Worker process still alive after 3.199999694824219 seconds, killing
2023-11-23 06:52:26,895 - distributed.nanny - WARNING - Worker process still alive after 3.1999995422363288 seconds, killing
2023-11-23 06:52:27,079 - distributed.nanny - WARNING - Worker process still alive after 3.199999389648438 seconds, killing
2023-11-23 06:52:27,150 - distributed.nanny - WARNING - Worker process still alive after 3.1999992370605472 seconds, killing
2023-11-23 06:52:35,881 - distributed.worker - ERROR - Worker stream died during communication: ucx://127.0.0.1:51697
Traceback (most recent call last):
  File "/opt/conda/envs/gdf/lib/python3.9/site-packages/distributed/comm/ucx.py", line 471, in connect
    ep = await ucp.create_endpoint(ip, port)
  File "/opt/conda/envs/gdf/lib/python3.9/site-packages/ucp/core.py", line 1004, in create_endpoint
    return await _get_ctx().create_endpoint(
  File "/opt/conda/envs/gdf/lib/python3.9/site-packages/ucp/core.py", line 316, in create_endpoint
    peer_info = await exchange_peer_info(
  File "/opt/conda/envs/gdf/lib/python3.9/site-packages/ucp/core.py", line 54, in exchange_peer_info
    await comm.stream_recv(endpoint, peer_info_arr, peer_info_arr.nbytes)
asyncio.exceptions.CancelledError

During handling of the above exception, another exception occurred:

Traceback (most recent call last):
  File "/opt/conda/envs/gdf/lib/python3.9/asyncio/tasks.py", line 490, in wait_for
    return fut.result()
asyncio.exceptions.CancelledError

The above exception was the direct cause of the following exception:

Traceback (most recent call last):
  File "/opt/conda/envs/gdf/lib/python3.9/site-packages/distributed/comm/core.py", line 342, in connect
    comm = await wait_for(
  File "/opt/conda/envs/gdf/lib/python3.9/site-packages/distributed/utils.py", line 1920, in wait_for
    return await asyncio.wait_for(fut, timeout)
  File "/opt/conda/envs/gdf/lib/python3.9/asyncio/tasks.py", line 492, in wait_for
    raise exceptions.TimeoutError() from exc
asyncio.exceptions.TimeoutError

The above exception was the direct cause of the following exception:

Traceback (most recent call last):
  File "/opt/conda/envs/gdf/lib/python3.9/site-packages/distributed/worker.py", line 2059, in gather_dep
    response = await get_data_from_worker(
  File "/opt/conda/envs/gdf/lib/python3.9/site-packages/distributed/worker.py", line 2849, in get_data_from_worker
    comm = await rpc.connect(worker)
  File "/opt/conda/envs/gdf/lib/python3.9/site-packages/distributed/core.py", line 1626, in connect
    return connect_attempt.result()
  File "/opt/conda/envs/gdf/lib/python3.9/site-packages/distributed/core.py", line 1516, in _connect
    comm = await connect(
  File "/opt/conda/envs/gdf/lib/python3.9/site-packages/distributed/comm/core.py", line 368, in connect
    raise OSError(
OSError: Timed out trying to connect to ucx://127.0.0.1:51697 after 30 s
2023-11-23 06:52:35,881 - distributed.worker - ERROR - Worker stream died during communication: ucx://127.0.0.1:59187
Traceback (most recent call last):
  File "/opt/conda/envs/gdf/lib/python3.9/site-packages/distributed/comm/ucx.py", line 471, in connect
    ep = await ucp.create_endpoint(ip, port)
  File "/opt/conda/envs/gdf/lib/python3.9/site-packages/ucp/core.py", line 1004, in create_endpoint
    return await _get_ctx().create_endpoint(
  File "/opt/conda/envs/gdf/lib/python3.9/site-packages/ucp/core.py", line 316, in create_endpoint
    peer_info = await exchange_peer_info(
  File "/opt/conda/envs/gdf/lib/python3.9/site-packages/ucp/core.py", line 54, in exchange_peer_info
    await comm.stream_recv(endpoint, peer_info_arr, peer_info_arr.nbytes)
asyncio.exceptions.CancelledError

During handling of the above exception, another exception occurred:

Traceback (most recent call last):
  File "/opt/conda/envs/gdf/lib/python3.9/asyncio/tasks.py", line 490, in wait_for
    return fut.result()
asyncio.exceptions.CancelledError

The above exception was the direct cause of the following exception:

Traceback (most recent call last):
  File "/opt/conda/envs/gdf/lib/python3.9/site-packages/distributed/comm/core.py", line 342, in connect
    comm = await wait_for(
  File "/opt/conda/envs/gdf/lib/python3.9/site-packages/distributed/utils.py", line 1920, in wait_for
    return await asyncio.wait_for(fut, timeout)
  File "/opt/conda/envs/gdf/lib/python3.9/asyncio/tasks.py", line 492, in wait_for
    raise exceptions.TimeoutError() from exc
asyncio.exceptions.TimeoutError

The above exception was the direct cause of the following exception:

Traceback (most recent call last):
  File "/opt/conda/envs/gdf/lib/python3.9/site-packages/distributed/worker.py", line 2059, in gather_dep
    response = await get_data_from_worker(
  File "/opt/conda/envs/gdf/lib/python3.9/site-packages/distributed/worker.py", line 2849, in get_data_from_worker
    comm = await rpc.connect(worker)
  File "/opt/conda/envs/gdf/lib/python3.9/site-packages/distributed/core.py", line 1626, in connect
    return connect_attempt.result()
  File "/opt/conda/envs/gdf/lib/python3.9/site-packages/distributed/core.py", line 1516, in _connect
    comm = await connect(
  File "/opt/conda/envs/gdf/lib/python3.9/site-packages/distributed/comm/core.py", line 368, in connect
    raise OSError(
OSError: Timed out trying to connect to ucx://127.0.0.1:59187 after 30 s
/opt/conda/envs/gdf/lib/python3.9/multiprocessing/resource_tracker.py:216: UserWarning: resource_tracker: There appear to be 18 leaked semaphore objects to clean up at shutdown
  warnings.warn('resource_tracker: There appear to be %d '
