2022-10-23 00:45:59,208 - distributed.preloading - INFO - Creating preload: dask_cuda.initialize
2022-10-23 00:45:59,208 - distributed.preloading - INFO - Import preload module: dask_cuda.initialize
2022-10-23 00:45:59,215 - distributed.preloading - INFO - Creating preload: dask_cuda.initialize
2022-10-23 00:45:59,215 - distributed.preloading - INFO - Import preload module: dask_cuda.initialize
2022-10-23 00:45:59,264 - distributed.preloading - INFO - Creating preload: dask_cuda.initialize
2022-10-23 00:45:59,264 - distributed.preloading - INFO - Import preload module: dask_cuda.initialize
2022-10-23 00:45:59,264 - distributed.preloading - INFO - Creating preload: dask_cuda.initialize
2022-10-23 00:45:59,264 - distributed.preloading - INFO - Import preload module: dask_cuda.initialize
2022-10-23 00:45:59,275 - distributed.preloading - INFO - Creating preload: dask_cuda.initialize
2022-10-23 00:45:59,275 - distributed.preloading - INFO - Import preload module: dask_cuda.initialize
2022-10-23 00:45:59,283 - distributed.preloading - INFO - Creating preload: dask_cuda.initialize
2022-10-23 00:45:59,283 - distributed.preloading - INFO - Import preload module: dask_cuda.initialize
2022-10-23 00:45:59,292 - distributed.preloading - INFO - Creating preload: dask_cuda.initialize
2022-10-23 00:45:59,292 - distributed.preloading - INFO - Import preload module: dask_cuda.initialize
2022-10-23 00:45:59,311 - distributed.preloading - INFO - Creating preload: dask_cuda.initialize
2022-10-23 00:45:59,311 - distributed.preloading - INFO - Import preload module: dask_cuda.initialize
[dgx13:14884:0:14884] Caught signal 11 (Segmentation fault: address not mapped to object at address 0x448)
==== backtrace (tid:  14884) ====
 0  /datasets/pentschev/miniconda3/envs/gdf/lib/libucs.so.0(ucs_handle_error+0x2d4) [0x7f4ee6aea234]
 1  /datasets/pentschev/miniconda3/envs/gdf/lib/libucs.so.0(+0x2e40f) [0x7f4ee6aea40f]
 2  /datasets/pentschev/miniconda3/envs/gdf/lib/libucs.so.0(+0x2e734) [0x7f4ee6aea734]
 3  /lib/x86_64-linux-gnu/libpthread.so.0(+0x12980) [0x7f4f5aaf3980]
 4  /datasets/pentschev/miniconda3/envs/gdf/lib/libucp.so.0(ucp_mem_type_unpack+0x14) [0x7f4ee6d6d4c4]
 5  /datasets/pentschev/miniconda3/envs/gdf/lib/libucp.so.0(ucp_rndv_data_handler+0x508) [0x7f4ee6d9da98]
 6  /datasets/pentschev/miniconda3/envs/gdf/lib/libuct.so.0(+0x207ff) [0x7f4ee689f7ff]
 7  /datasets/pentschev/miniconda3/envs/gdf/lib/libuct.so.0(+0x20dd4) [0x7f4ee689fdd4]
 8  /datasets/pentschev/miniconda3/envs/gdf/lib/libuct.so.0(+0x23218) [0x7f4ee68a2218]
 9  /datasets/pentschev/miniconda3/envs/gdf/lib/libucs.so.0(ucs_event_set_wait+0xb9) [0x7f4ee6af48b9]
10  /datasets/pentschev/miniconda3/envs/gdf/lib/libuct.so.0(uct_tcp_iface_progress+0x7b) [0x7f4ee68a22bb]
11  /datasets/pentschev/miniconda3/envs/gdf/lib/libucp.so.0(ucp_worker_progress+0x6a) [0x7f4ee6d69dba]
12  /datasets/pentschev/miniconda3/envs/gdf/lib/python3.8/site-packages/ucp/_libs/ucx_api.cpython-38-x86_64-linux-gnu.so(+0x27ef9) [0x7f4eec1c1ef9]
13  /datasets/pentschev/miniconda3/envs/gdf/bin/python(+0x131397) [0x55b0c58ee397]
14  /datasets/pentschev/miniconda3/envs/gdf/bin/python(PyObject_Call+0x2d2) [0x55b0c58fb172]
15  /datasets/pentschev/miniconda3/envs/gdf/bin/python(_PyEval_EvalFrameDefault+0x2150) [0x55b0c58da870]
16  /datasets/pentschev/miniconda3/envs/gdf/bin/python(_PyEval_EvalCodeWithName+0x9f6) [0x55b0c58d7b76]
17  /datasets/pentschev/miniconda3/envs/gdf/bin/python(_PyFunction_Vectorcall+0x18c) [0x55b0c58e933c]
18  /datasets/pentschev/miniconda3/envs/gdf/bin/python(_PyEval_EvalFrameDefault+0x67d) [0x55b0c58d8d9d]
19  /datasets/pentschev/miniconda3/envs/gdf/bin/python(_PyFunction_Vectorcall+0xf6) [0x55b0c58e92a6]
20  /datasets/pentschev/miniconda3/envs/gdf/bin/python(+0x13ba3b) [0x55b0c58f8a3b]
21  /datasets/pentschev/miniconda3/envs/gdf/bin/python(+0x244c6a) [0x55b0c5a01c6a]
22  /datasets/pentschev/miniconda3/envs/gdf/bin/python(+0xda441) [0x55b0c5897441]
23  /datasets/pentschev/miniconda3/envs/gdf/bin/python(+0x1230c6) [0x55b0c58e00c6]
24  /datasets/pentschev/miniconda3/envs/gdf/bin/python(PyVectorcall_Call+0x6f) [0x55b0c58f90bf]
25  /datasets/pentschev/miniconda3/envs/gdf/bin/python(_PyEval_EvalFrameDefault+0x560e) [0x55b0c58ddd2e]
26  /datasets/pentschev/miniconda3/envs/gdf/bin/python(_PyFunction_Vectorcall+0xf6) [0x55b0c58e92a6]
27  /datasets/pentschev/miniconda3/envs/gdf/bin/python(_PyEval_EvalFrameDefault+0x67d) [0x55b0c58d8d9d]
28  /datasets/pentschev/miniconda3/envs/gdf/bin/python(_PyFunction_Vectorcall+0xf6) [0x55b0c58e92a6]
29  /datasets/pentschev/miniconda3/envs/gdf/bin/python(_PyEval_EvalFrameDefault+0x67d) [0x55b0c58d8d9d]
30  /datasets/pentschev/miniconda3/envs/gdf/bin/python(_PyFunction_Vectorcall+0xf6) [0x55b0c58e92a6]
31  /datasets/pentschev/miniconda3/envs/gdf/bin/python(_PyEval_EvalFrameDefault+0x67d) [0x55b0c58d8d9d]
32  /datasets/pentschev/miniconda3/envs/gdf/bin/python(_PyFunction_Vectorcall+0xf6) [0x55b0c58e92a6]
33  /datasets/pentschev/miniconda3/envs/gdf/bin/python(_PyEval_EvalFrameDefault+0x67d) [0x55b0c58d8d9d]
34  /datasets/pentschev/miniconda3/envs/gdf/bin/python(_PyEval_EvalCodeWithName+0x9f6) [0x55b0c58d7b76]
35  /datasets/pentschev/miniconda3/envs/gdf/bin/python(_PyFunction_Vectorcall+0x18c) [0x55b0c58e933c]
36  /datasets/pentschev/miniconda3/envs/gdf/bin/python(_PyEval_EvalFrameDefault+0x67d) [0x55b0c58d8d9d]
37  /datasets/pentschev/miniconda3/envs/gdf/bin/python(_PyEval_EvalCodeWithName+0x9f6) [0x55b0c58d7b76]
38  /datasets/pentschev/miniconda3/envs/gdf/bin/python(_PyFunction_Vectorcall+0x18c) [0x55b0c58e933c]
39  /datasets/pentschev/miniconda3/envs/gdf/bin/python(+0x13bc72) [0x55b0c58f8c72]
40  /datasets/pentschev/miniconda3/envs/gdf/bin/python(PyObject_Call+0x1fc) [0x55b0c58fb09c]
41  /datasets/pentschev/miniconda3/envs/gdf/bin/python(_PyEval_EvalFrameDefault+0x2150) [0x55b0c58da870]
42  /datasets/pentschev/miniconda3/envs/gdf/bin/python(_PyFunction_Vectorcall+0xf6) [0x55b0c58e92a6]
43  /datasets/pentschev/miniconda3/envs/gdf/bin/python(+0x13bc72) [0x55b0c58f8c72]
44  /datasets/pentschev/miniconda3/envs/gdf/bin/python(PyObject_Call+0x2d2) [0x55b0c58fb172]
45  /datasets/pentschev/miniconda3/envs/gdf/bin/python(_PyEval_EvalFrameDefault+0x2150) [0x55b0c58da870]
46  /datasets/pentschev/miniconda3/envs/gdf/bin/python(_PyFunction_Vectorcall+0xf6) [0x55b0c58e92a6]
47  /datasets/pentschev/miniconda3/envs/gdf/bin/python(_PyEval_EvalFrameDefault+0x67d) [0x55b0c58d8d9d]
48  /datasets/pentschev/miniconda3/envs/gdf/bin/python(_PyEval_EvalCodeWithName+0x2e1) [0x55b0c58d7461]
49  /datasets/pentschev/miniconda3/envs/gdf/bin/python(_PyFunction_Vectorcall+0x18c) [0x55b0c58e933c]
50  /datasets/pentschev/miniconda3/envs/gdf/bin/python(_PyEval_EvalFrameDefault+0x67d) [0x55b0c58d8d9d]
51  /datasets/pentschev/miniconda3/envs/gdf/bin/python(_PyFunction_Vectorcall+0xf6) [0x55b0c58e92a6]
52  /datasets/pentschev/miniconda3/envs/gdf/bin/python(_PyEval_EvalFrameDefault+0x38b) [0x55b0c58d8aab]
53  /datasets/pentschev/miniconda3/envs/gdf/bin/python(_PyEval_EvalCodeWithName+0x2e1) [0x55b0c58d7461]
54  /datasets/pentschev/miniconda3/envs/gdf/bin/python(_PyFunction_Vectorcall+0x18c) [0x55b0c58e933c]
55  /datasets/pentschev/miniconda3/envs/gdf/bin/python(_PyEval_EvalFrameDefault+0x10e8) [0x55b0c58d9808]
56  /datasets/pentschev/miniconda3/envs/gdf/bin/python(_PyEval_EvalCodeWithName+0x2e1) [0x55b0c58d7461]
57  /datasets/pentschev/miniconda3/envs/gdf/bin/python(PyEval_EvalCodeEx+0x39) [0x55b0c5996de9]
58  /datasets/pentschev/miniconda3/envs/gdf/bin/python(PyEval_EvalCode+0x1b) [0x55b0c5996dab]
59  /datasets/pentschev/miniconda3/envs/gdf/bin/python(+0x1fa903) [0x55b0c59b7903]
60  /datasets/pentschev/miniconda3/envs/gdf/bin/python(+0x1f98e3) [0x55b0c59b68e3]
61  /datasets/pentschev/miniconda3/envs/gdf/bin/python(PyRun_StringFlags+0x7d) [0x55b0c59b42ad]
=================================
Task exception was never retrieved
future: <Task finished name='Task-124' coro=<_listener_handler_coroutine() done, defined at /datasets/pentschev/miniconda3/envs/gdf/lib/python3.8/site-packages/ucp/core.py:128> exception=UCXError('<stream_recv>: Connection reset by remote peer')>
Traceback (most recent call last):
  File "/datasets/pentschev/miniconda3/envs/gdf/lib/python3.8/site-packages/ucp/core.py", line 143, in _listener_handler_coroutine
    peer_info = await exchange_peer_info(
  File "/datasets/pentschev/miniconda3/envs/gdf/lib/python3.8/site-packages/ucp/core.py", line 52, in exchange_peer_info
    await comm.stream_recv(endpoint, peer_info_arr, peer_info_arr.nbytes)
ucp._libs.exceptions.UCXError: <stream_recv>: Connection reset by remote peer
Task exception was never retrieved
future: <Task finished name='Task-126' coro=<_listener_handler_coroutine() done, defined at /datasets/pentschev/miniconda3/envs/gdf/lib/python3.8/site-packages/ucp/core.py:128> exception=UCXError('<stream_recv>: Connection reset by remote peer')>
Traceback (most recent call last):
  File "/datasets/pentschev/miniconda3/envs/gdf/lib/python3.8/site-packages/ucp/core.py", line 143, in _listener_handler_coroutine
    peer_info = await exchange_peer_info(
  File "/datasets/pentschev/miniconda3/envs/gdf/lib/python3.8/site-packages/ucp/core.py", line 52, in exchange_peer_info
    await comm.stream_recv(endpoint, peer_info_arr, peer_info_arr.nbytes)
ucp._libs.exceptions.UCXError: <stream_recv>: Connection reset by remote peer
2022-10-23 00:46:06,821 - distributed.worker - ERROR - failed during get data with ucx://127.0.0.1:59323 -> ucx://127.0.0.1:38547
Traceback (most recent call last):
  File "/datasets/pentschev/miniconda3/envs/gdf/lib/python3.8/site-packages/distributed/comm/ucx.py", line 300, in write
    await self.ep.send(each_frame)
  File "/datasets/pentschev/miniconda3/envs/gdf/lib/python3.8/site-packages/ucp/core.py", line 650, in send
    return await comm.tag_send(self._ep, buffer, nbytes, tag, name=log)
ucp._libs.exceptions.UCXError: <[Send #007] ep: 0x7f6645c31100, tag: 0x442a1837f4f663c7, nbytes: 800000000, type: <class 'cudf.core.buffer.Buffer'>>: Connection reset by remote peer

During handling of the above exception, another exception occurred:

Traceback (most recent call last):
  File "/datasets/pentschev/miniconda3/envs/gdf/lib/python3.8/site-packages/distributed/worker.py", line 1742, in get_data
    compressed = await comm.write(msg, serializers=serializers)
  File "/datasets/pentschev/miniconda3/envs/gdf/lib/python3.8/site-packages/distributed/utils.py", line 742, in wrapper
    return await func(*args, **kwargs)
  File "/datasets/pentschev/miniconda3/envs/gdf/lib/python3.8/site-packages/distributed/comm/ucx.py", line 304, in write
    raise CommClosedError("While writing, the connection was closed")
distributed.comm.core.CommClosedError: While writing, the connection was closed
Task exception was never retrieved
future: <Task finished name='Task-125' coro=<_listener_handler_coroutine() done, defined at /datasets/pentschev/miniconda3/envs/gdf/lib/python3.8/site-packages/ucp/core.py:128> exception=UCXError('<stream_send>: Connection reset by remote peer')>
Traceback (most recent call last):
  File "/datasets/pentschev/miniconda3/envs/gdf/lib/python3.8/site-packages/ucp/core.py", line 143, in _listener_handler_coroutine
    peer_info = await exchange_peer_info(
  File "/datasets/pentschev/miniconda3/envs/gdf/lib/python3.8/site-packages/ucp/core.py", line 51, in exchange_peer_info
    await comm.stream_send(endpoint, my_info_arr, my_info_arr.nbytes)
ucp._libs.exceptions.UCXError: <stream_send>: Connection reset by remote peer
2022-10-23 00:46:06,921 - distributed.nanny - WARNING - Restarting worker
[dgx13:14889:0:14889] Caught signal 11 (Segmentation fault: Sent by the kernel at address (nil))
==== backtrace (tid:  14889) ====
 0  /datasets/pentschev/miniconda3/envs/gdf/lib/libucs.so.0(ucs_handle_error+0x2d4) [0x7f667b83a234]
 1  /datasets/pentschev/miniconda3/envs/gdf/lib/libucs.so.0(+0x2e40f) [0x7f667b83a40f]
 2  /datasets/pentschev/miniconda3/envs/gdf/lib/libucs.so.0(+0x2e734) [0x7f667b83a734]
 3  /lib/x86_64-linux-gnu/libpthread.so.0(+0x12980) [0x7f66f78e1980]
 4  /datasets/pentschev/miniconda3/envs/gdf/lib/libucp.so.0(ucp_mem_type_unpack+0x14) [0x7f667babd4c4]
 5  /datasets/pentschev/miniconda3/envs/gdf/lib/libucp.so.0(ucp_rndv_data_handler+0x508) [0x7f667baeda98]
 6  /datasets/pentschev/miniconda3/envs/gdf/lib/libuct.so.0(+0x207ff) [0x7f667b5ef7ff]
 7  /datasets/pentschev/miniconda3/envs/gdf/lib/libuct.so.0(+0x20dd4) [0x7f667b5efdd4]
 8  /datasets/pentschev/miniconda3/envs/gdf/lib/libuct.so.0(+0x23218) [0x7f667b5f2218]
 9  /datasets/pentschev/miniconda3/envs/gdf/lib/libucs.so.0(ucs_event_set_wait+0xb9) [0x7f667b8448b9]
10  /datasets/pentschev/miniconda3/envs/gdf/lib/libuct.so.0(uct_tcp_iface_progress+0x7b) [0x7f667b5f22bb]
11  /datasets/pentschev/miniconda3/envs/gdf/lib/libucp.so.0(ucp_worker_progress+0x6a) [0x7f667bab9dba]
12  /datasets/pentschev/miniconda3/envs/gdf/lib/python3.8/site-packages/ucp/_libs/ucx_api.cpython-38-x86_64-linux-gnu.so(+0x27ef9) [0x7f667bd75ef9]
13  /datasets/pentschev/miniconda3/envs/gdf/bin/python(+0x131397) [0x55d8e2cce397]
14  /datasets/pentschev/miniconda3/envs/gdf/bin/python(PyObject_Call+0x2d2) [0x55d8e2cdb172]
15  /datasets/pentschev/miniconda3/envs/gdf/bin/python(_PyEval_EvalFrameDefault+0x2150) [0x55d8e2cba870]
16  /datasets/pentschev/miniconda3/envs/gdf/bin/python(_PyEval_EvalCodeWithName+0x9f6) [0x55d8e2cb7b76]
17  /datasets/pentschev/miniconda3/envs/gdf/bin/python(_PyFunction_Vectorcall+0x18c) [0x55d8e2cc933c]
18  /datasets/pentschev/miniconda3/envs/gdf/bin/python(_PyEval_EvalFrameDefault+0x67d) [0x55d8e2cb8d9d]
19  /datasets/pentschev/miniconda3/envs/gdf/bin/python(+0x143ad0) [0x55d8e2ce0ad0]
20  /datasets/pentschev/miniconda3/envs/gdf/lib/python3.8/lib-dynload/_asyncio.cpython-38-x86_64-linux-gnu.so(+0x700d) [0x7f66e77b800d]
21  /datasets/pentschev/miniconda3/envs/gdf/bin/python(_PyObject_MakeTpCall+0x501) [0x55d8e2cc1631]
22  /datasets/pentschev/miniconda3/envs/gdf/bin/python(+0xda441) [0x55d8e2c77441]
23  /datasets/pentschev/miniconda3/envs/gdf/bin/python(+0x1230c6) [0x55d8e2cc00c6]
24  /datasets/pentschev/miniconda3/envs/gdf/bin/python(PyVectorcall_Call+0x6f) [0x55d8e2cd90bf]
25  /datasets/pentschev/miniconda3/envs/gdf/bin/python(_PyEval_EvalFrameDefault+0x560e) [0x55d8e2cbdd2e]
26  /datasets/pentschev/miniconda3/envs/gdf/bin/python(_PyFunction_Vectorcall+0xf6) [0x55d8e2cc92a6]
27  /datasets/pentschev/miniconda3/envs/gdf/bin/python(_PyEval_EvalFrameDefault+0x67d) [0x55d8e2cb8d9d]
28  /datasets/pentschev/miniconda3/envs/gdf/bin/python(_PyFunction_Vectorcall+0xf6) [0x55d8e2cc92a6]
29  /datasets/pentschev/miniconda3/envs/gdf/bin/python(_PyEval_EvalFrameDefault+0x67d) [0x55d8e2cb8d9d]
30  /datasets/pentschev/miniconda3/envs/gdf/bin/python(_PyFunction_Vectorcall+0xf6) [0x55d8e2cc92a6]
31  /datasets/pentschev/miniconda3/envs/gdf/bin/python(_PyEval_EvalFrameDefault+0x67d) [0x55d8e2cb8d9d]
32  /datasets/pentschev/miniconda3/envs/gdf/bin/python(_PyFunction_Vectorcall+0xf6) [0x55d8e2cc92a6]
33  /datasets/pentschev/miniconda3/envs/gdf/bin/python(_PyEval_EvalFrameDefault+0x67d) [0x55d8e2cb8d9d]
34  /datasets/pentschev/miniconda3/envs/gdf/bin/python(_PyEval_EvalCodeWithName+0x9f6) [0x55d8e2cb7b76]
35  /datasets/pentschev/miniconda3/envs/gdf/bin/python(_PyFunction_Vectorcall+0x18c) [0x55d8e2cc933c]
36  /datasets/pentschev/miniconda3/envs/gdf/bin/python(_PyEval_EvalFrameDefault+0x67d) [0x55d8e2cb8d9d]
37  /datasets/pentschev/miniconda3/envs/gdf/bin/python(_PyEval_EvalCodeWithName+0x9f6) [0x55d8e2cb7b76]
38  /datasets/pentschev/miniconda3/envs/gdf/bin/python(_PyFunction_Vectorcall+0x18c) [0x55d8e2cc933c]
39  /datasets/pentschev/miniconda3/envs/gdf/bin/python(+0x13bc72) [0x55d8e2cd8c72]
40  /datasets/pentschev/miniconda3/envs/gdf/bin/python(PyObject_Call+0x1fc) [0x55d8e2cdb09c]
41  /datasets/pentschev/miniconda3/envs/gdf/bin/python(_PyEval_EvalFrameDefault+0x2150) [0x55d8e2cba870]
42  /datasets/pentschev/miniconda3/envs/gdf/bin/python(_PyFunction_Vectorcall+0xf6) [0x55d8e2cc92a6]
43  /datasets/pentschev/miniconda3/envs/gdf/bin/python(+0x13bc72) [0x55d8e2cd8c72]
44  /datasets/pentschev/miniconda3/envs/gdf/bin/python(PyObject_Call+0x2d2) [0x55d8e2cdb172]
45  /datasets/pentschev/miniconda3/envs/gdf/bin/python(_PyEval_EvalFrameDefault+0x2150) [0x55d8e2cba870]
46  /datasets/pentschev/miniconda3/envs/gdf/bin/python(_PyFunction_Vectorcall+0xf6) [0x55d8e2cc92a6]
47  /datasets/pentschev/miniconda3/envs/gdf/bin/python(_PyEval_EvalFrameDefault+0x67d) [0x55d8e2cb8d9d]
48  /datasets/pentschev/miniconda3/envs/gdf/bin/python(_PyEval_EvalCodeWithName+0x2e1) [0x55d8e2cb7461]
49  /datasets/pentschev/miniconda3/envs/gdf/bin/python(_PyFunction_Vectorcall+0x18c) [0x55d8e2cc933c]
50  /datasets/pentschev/miniconda3/envs/gdf/bin/python(_PyEval_EvalFrameDefault+0x67d) [0x55d8e2cb8d9d]
51  /datasets/pentschev/miniconda3/envs/gdf/bin/python(_PyFunction_Vectorcall+0xf6) [0x55d8e2cc92a6]
52  /datasets/pentschev/miniconda3/envs/gdf/bin/python(_PyEval_EvalFrameDefault+0x38b) [0x55d8e2cb8aab]
53  /datasets/pentschev/miniconda3/envs/gdf/bin/python(_PyEval_EvalCodeWithName+0x2e1) [0x55d8e2cb7461]
54  /datasets/pentschev/miniconda3/envs/gdf/bin/python(_PyFunction_Vectorcall+0x18c) [0x55d8e2cc933c]
55  /datasets/pentschev/miniconda3/envs/gdf/bin/python(_PyEval_EvalFrameDefault+0x10e8) [0x55d8e2cb9808]
56  /datasets/pentschev/miniconda3/envs/gdf/bin/python(_PyEval_EvalCodeWithName+0x2e1) [0x55d8e2cb7461]
57  /datasets/pentschev/miniconda3/envs/gdf/bin/python(PyEval_EvalCodeEx+0x39) [0x55d8e2d76de9]
58  /datasets/pentschev/miniconda3/envs/gdf/bin/python(PyEval_EvalCode+0x1b) [0x55d8e2d76dab]
59  /datasets/pentschev/miniconda3/envs/gdf/bin/python(+0x1fa903) [0x55d8e2d97903]
60  /datasets/pentschev/miniconda3/envs/gdf/bin/python(+0x1f98e3) [0x55d8e2d968e3]
61  /datasets/pentschev/miniconda3/envs/gdf/bin/python(PyRun_StringFlags+0x7d) [0x55d8e2d942ad]
=================================
2022-10-23 00:46:07,217 - distributed.worker - ERROR - failed during get data with ucx://127.0.0.1:49265 -> ucx://127.0.0.1:59323
Traceback (most recent call last):
  File "/datasets/pentschev/miniconda3/envs/gdf/lib/python3.8/site-packages/distributed/comm/ucx.py", line 300, in write
    await self.ep.send(each_frame)
  File "/datasets/pentschev/miniconda3/envs/gdf/lib/python3.8/site-packages/ucp/core.py", line 650, in send
    return await comm.tag_send(self._ep, buffer, nbytes, tag, name=log)
ucp._libs.exceptions.UCXError: <[Send #007] ep: 0x7f6a11952140, tag: 0x604e0647f7962c01, nbytes: 800000000, type: <class 'cudf.core.buffer.Buffer'>>: Connection reset by remote peer

During handling of the above exception, another exception occurred:

Traceback (most recent call last):
  File "/datasets/pentschev/miniconda3/envs/gdf/lib/python3.8/site-packages/distributed/worker.py", line 1742, in get_data
    compressed = await comm.write(msg, serializers=serializers)
  File "/datasets/pentschev/miniconda3/envs/gdf/lib/python3.8/site-packages/distributed/utils.py", line 742, in wrapper
    return await func(*args, **kwargs)
  File "/datasets/pentschev/miniconda3/envs/gdf/lib/python3.8/site-packages/distributed/comm/ucx.py", line 304, in write
    raise CommClosedError("While writing, the connection was closed")
distributed.comm.core.CommClosedError: While writing, the connection was closed
2022-10-23 00:46:07,301 - distributed.nanny - WARNING - Restarting worker
2022-10-23 00:46:08,669 - distributed.preloading - INFO - Creating preload: dask_cuda.initialize
2022-10-23 00:46:08,669 - distributed.preloading - INFO - Import preload module: dask_cuda.initialize
2022-10-23 00:46:09,194 - distributed.preloading - INFO - Creating preload: dask_cuda.initialize
2022-10-23 00:46:09,195 - distributed.preloading - INFO - Import preload module: dask_cuda.initialize
/datasets/pentschev/miniconda3/envs/gdf/lib/python3.8/multiprocessing/resource_tracker.py:216: UserWarning: resource_tracker: There appear to be 48 leaked semaphore objects to clean up at shutdown
  warnings.warn('resource_tracker: There appear to be %d '
