/opt/conda/envs/gdf/lib/python3.9/site-packages/distributed/node.py:182: UserWarning: Port 8787 is already in use.
Perhaps you already have a cluster running?
Hosting the HTTP server on port 39043 instead
  warnings.warn(
[dgx13:79523:0:79523] Caught signal 11 (Segmentation fault: address not mapped to object at address 0x448)
[dgx13:79553:0:79553] Caught signal 11 (Segmentation fault: address not mapped to object at address 0x448)
==== backtrace (tid:  79523) ====
 0  /opt/conda/envs/gdf/lib/libucs.so.0(ucs_handle_error+0x2fd) [0x7fb6d724607d]
 1  /opt/conda/envs/gdf/lib/libucs.so.0(+0x2a274) [0x7fb6d7246274]
 2  /opt/conda/envs/gdf/lib/libucs.so.0(+0x2a43a) [0x7fb6d724643a]
 3  /usr/lib/x86_64-linux-gnu/libpthread.so.0(+0x14420) [0x7fb714274420]
 4  /opt/conda/envs/gdf/lib/libucp.so.0(ucp_mem_type_unpack+0x14) [0x7fb6d72c56b4]
 5  /opt/conda/envs/gdf/lib/libucp.so.0(ucp_rndv_data_handler+0x4e9) [0x7fb6d72ee839]
 6  /opt/conda/envs/gdf/lib/libuct.so.0(+0x203df) [0x7fb6d72003df]
 7  /opt/conda/envs/gdf/lib/libuct.so.0(+0x23838) [0x7fb6d7203838]
 8  /opt/conda/envs/gdf/lib/libucs.so.0(ucs_event_set_wait+0xb9) [0x7fb6d724f4a9]
 9  /opt/conda/envs/gdf/lib/libuct.so.0(uct_tcp_iface_progress+0x7d) [0x7fb6d72025dd]
10  /opt/conda/envs/gdf/lib/libucp.so.0(ucp_worker_progress+0x5a) [0x7fb6d72c28da]
11  /opt/conda/envs/gdf/lib/python3.9/site-packages/ucp/_libs/ucx_api.cpython-39-x86_64-linux-gnu.so(+0x3206a) [0x7fb6d737b06a]
12  /opt/conda/envs/gdf/bin/python(_PyEval_EvalFrameDefault+0x45a6) [0x55decec323f6]
13  /opt/conda/envs/gdf/bin/python(+0x12dfb4) [0x55decec2cfb4]
14  /opt/conda/envs/gdf/bin/python(_PyFunction_Vectorcall+0xd9) [0x55decec3e469]
15  /opt/conda/envs/gdf/bin/python(_PyEval_EvalFrameDefault+0x696) [0x55decec2e4e6]
16  /opt/conda/envs/gdf/bin/python(+0x13f712) [0x55decec3e712]
17  /opt/conda/envs/gdf/bin/python(+0x14ca83) [0x55decec4ba83]
18  /opt/conda/envs/gdf/bin/python(+0x25819c) [0x55deced5719c]
19  /opt/conda/envs/gdf/bin/python(+0xf23ff) [0x55decebf13ff]
20  /opt/conda/envs/gdf/bin/python(+0x136723) [0x55decec35723]
21  /opt/conda/envs/gdf/bin/python(_PyEval_EvalFrameDefault+0x5ad9) [0x55decec33929]
22  /opt/conda/envs/gdf/bin/python(+0x13f712) [0x55decec3e712]
23  /opt/conda/envs/gdf/bin/python(_PyEval_EvalFrameDefault+0x696) [0x55decec2e4e6]
24  /opt/conda/envs/gdf/bin/python(+0x13f712) [0x55decec3e712]
25  /opt/conda/envs/gdf/bin/python(_PyEval_EvalFrameDefault+0x696) [0x55decec2e4e6]
26  /opt/conda/envs/gdf/bin/python(+0x13f712) [0x55decec3e712]
27  /opt/conda/envs/gdf/bin/python(_PyEval_EvalFrameDefault+0x696) [0x55decec2e4e6]
28  /opt/conda/envs/gdf/bin/python(+0x13f712) [0x55decec3e712]
29  /opt/conda/envs/gdf/bin/python(_PyEval_EvalFrameDefault+0x696) [0x55decec2e4e6]
30  /opt/conda/envs/gdf/bin/python(+0x12dfb4) [0x55decec2cfb4]
31  /opt/conda/envs/gdf/bin/python(_PyFunction_Vectorcall+0xd9) [0x55decec3e469]
32  /opt/conda/envs/gdf/bin/python(_PyEval_EvalFrameDefault+0x11f2) [0x55decec2f042]
33  /opt/conda/envs/gdf/bin/python(+0x12dfb4) [0x55decec2cfb4]
34  /opt/conda/envs/gdf/bin/python(+0x14c8cb) [0x55decec4b8cb]
35  /opt/conda/envs/gdf/bin/python(PyObject_Call+0xbc) [0x55decec4c04c]
36  /opt/conda/envs/gdf/bin/python(+0x21080e) [0x55deced0f80e]
37  /opt/conda/envs/gdf/bin/python(_PyObject_MakeTpCall+0x2ec) [0x55decec366ac]
38  /opt/conda/envs/gdf/bin/python(_PyEval_EvalFrameDefault+0x45a6) [0x55decec323f6]
39  /opt/conda/envs/gdf/bin/python(+0x13f712) [0x55decec3e712]
40  /opt/conda/envs/gdf/bin/python(+0x14c9ac) [0x55decec4b9ac]
41  /opt/conda/envs/gdf/bin/python(_PyEval_EvalFrameDefault+0x45a6) [0x55decec323f6]
42  /opt/conda/envs/gdf/bin/python(+0x13f712) [0x55decec3e712]
43  /opt/conda/envs/gdf/bin/python(_PyEval_EvalFrameDefault+0x696) [0x55decec2e4e6]
44  /opt/conda/envs/gdf/bin/python(+0x12dfb4) [0x55decec2cfb4]
45  /opt/conda/envs/gdf/bin/python(_PyFunction_Vectorcall+0xd9) [0x55decec3e469]
46  /opt/conda/envs/gdf/bin/python(_PyEval_EvalFrameDefault+0x696) [0x55decec2e4e6]
47  /opt/conda/envs/gdf/bin/python(+0x13f712) [0x55decec3e712]
48  /opt/conda/envs/gdf/bin/python(_PyEval_EvalFrameDefault+0x3e2) [0x55decec2e232]
49  /opt/conda/envs/gdf/bin/python(+0x12dfb4) [0x55decec2cfb4]
50  /opt/conda/envs/gdf/bin/python(_PyFunction_Vectorcall+0xd9) [0x55decec3e469]
51  /opt/conda/envs/gdf/bin/python(_PyEval_EvalFrameDefault+0x11f2) [0x55decec2f042]
52  /opt/conda/envs/gdf/bin/python(+0x12dfb4) [0x55decec2cfb4]
53  /opt/conda/envs/gdf/bin/python(_PyEval_EvalCodeWithName+0x48) [0x55decec2cc88]
54  /opt/conda/envs/gdf/bin/python(PyEval_EvalCodeEx+0x39) [0x55decec2cc39]
55  /opt/conda/envs/gdf/bin/python(PyEval_EvalCode+0x1b) [0x55dececda2cb]
56  /opt/conda/envs/gdf/bin/python(+0x2086ca) [0x55deced076ca]
57  /opt/conda/envs/gdf/bin/python(+0x204a63) [0x55deced03a63]
58  /opt/conda/envs/gdf/bin/python(PyRun_StringFlags+0x9a) [0x55dececfb87a]
59  /opt/conda/envs/gdf/bin/python(PyRun_SimpleStringFlags+0x3c) [0x55dececfb76c]
60  /opt/conda/envs/gdf/bin/python(Py_RunMain+0x267) [0x55dececfa9a7]
61  /opt/conda/envs/gdf/bin/python(Py_BytesMain+0x37) [0x55dececce107]
=================================
==== backtrace (tid:  79553) ====
 0  /opt/conda/envs/gdf/lib/libucs.so.0(ucs_handle_error+0x2fd) [0x7fb578a0607d]
 1  /opt/conda/envs/gdf/lib/libucs.so.0(+0x2a274) [0x7fb578a06274]
 2  /opt/conda/envs/gdf/lib/libucs.so.0(+0x2a43a) [0x7fb578a0643a]
 3  /usr/lib/x86_64-linux-gnu/libpthread.so.0(+0x14420) [0x7fb5a3a26420]
 4  /opt/conda/envs/gdf/lib/libucp.so.0(ucp_mem_type_unpack+0x14) [0x7fb578a856b4]
 5  /opt/conda/envs/gdf/lib/libucp.so.0(ucp_rndv_data_handler+0x4e9) [0x7fb578aae839]
 6  /opt/conda/envs/gdf/lib/libuct.so.0(+0x203df) [0x7fb5789c03df]
 7  /opt/conda/envs/gdf/lib/libuct.so.0(+0x23838) [0x7fb5789c3838]
 8  /opt/conda/envs/gdf/lib/libucs.so.0(ucs_event_set_wait+0xb9) [0x7fb578a0f4a9]
 9  /opt/conda/envs/gdf/lib/libuct.so.0(uct_tcp_iface_progress+0x7d) [0x7fb5789c25dd]
10  /opt/conda/envs/gdf/lib/libucp.so.0(ucp_worker_progress+0x5a) [0x7fb578a828da]
11  /opt/conda/envs/gdf/lib/python3.9/site-packages/ucp/_libs/ucx_api.cpython-39-x86_64-linux-gnu.so(+0x3206a) [0x7fb578b3b06a]
12  /opt/conda/envs/gdf/bin/python(_PyEval_EvalFrameDefault+0x45a6) [0x55bd1bcbd3f6]
13  /opt/conda/envs/gdf/bin/python(+0x12dfb4) [0x55bd1bcb7fb4]
14  /opt/conda/envs/gdf/bin/python(_PyFunction_Vectorcall+0xd9) [0x55bd1bcc9469]
15  /opt/conda/envs/gdf/bin/python(_PyEval_EvalFrameDefault+0x696) [0x55bd1bcb94e6]
16  /opt/conda/envs/gdf/bin/python(+0x1e26d2) [0x55bd1bd6c6d2]
17  /opt/conda/envs/gdf/lib/python3.9/lib-dynload/_asyncio.cpython-39-x86_64-linux-gnu.so(+0x81e9) [0x7fb58db851e9]
18  /opt/conda/envs/gdf/bin/python(_PyObject_MakeTpCall+0x2ec) [0x55bd1bcc16ac]
19  /opt/conda/envs/gdf/bin/python(+0xf23ff) [0x55bd1bc7c3ff]
20  /opt/conda/envs/gdf/bin/python(+0x136723) [0x55bd1bcc0723]
21  /opt/conda/envs/gdf/bin/python(_PyEval_EvalFrameDefault+0x5ad9) [0x55bd1bcbe929]
22  /opt/conda/envs/gdf/bin/python(+0x13f712) [0x55bd1bcc9712]
23  /opt/conda/envs/gdf/bin/python(_PyEval_EvalFrameDefault+0x696) [0x55bd1bcb94e6]
24  /opt/conda/envs/gdf/bin/python(+0x13f712) [0x55bd1bcc9712]
25  /opt/conda/envs/gdf/bin/python(_PyEval_EvalFrameDefault+0x696) [0x55bd1bcb94e6]
26  /opt/conda/envs/gdf/bin/python(+0x13f712) [0x55bd1bcc9712]
27  /opt/conda/envs/gdf/bin/python(_PyEval_EvalFrameDefault+0x696) [0x55bd1bcb94e6]
28  /opt/conda/envs/gdf/bin/python(+0x13f712) [0x55bd1bcc9712]
29  /opt/conda/envs/gdf/bin/python(_PyEval_EvalFrameDefault+0x696) [0x55bd1bcb94e6]
30  /opt/conda/envs/gdf/bin/python(+0x12dfb4) [0x55bd1bcb7fb4]
31  /opt/conda/envs/gdf/bin/python(_PyFunction_Vectorcall+0xd9) [0x55bd1bcc9469]
32  /opt/conda/envs/gdf/bin/python(_PyEval_EvalFrameDefault+0x11f2) [0x55bd1bcba042]
33  /opt/conda/envs/gdf/bin/python(+0x12dfb4) [0x55bd1bcb7fb4]
34  /opt/conda/envs/gdf/bin/python(+0x14c8cb) [0x55bd1bcd68cb]
35  /opt/conda/envs/gdf/bin/python(PyObject_Call+0xbc) [0x55bd1bcd704c]
36  /opt/conda/envs/gdf/bin/python(+0x21080e) [0x55bd1bd9a80e]
37  /opt/conda/envs/gdf/bin/python(_PyObject_MakeTpCall+0x2ec) [0x55bd1bcc16ac]
38  /opt/conda/envs/gdf/bin/python(_PyEval_EvalFrameDefault+0x45a6) [0x55bd1bcbd3f6]
39  /opt/conda/envs/gdf/bin/python(+0x13f712) [0x55bd1bcc9712]
40  /opt/conda/envs/gdf/bin/python(+0x14c9ac) [0x55bd1bcd69ac]
41  /opt/conda/envs/gdf/bin/python(_PyEval_EvalFrameDefault+0x45a6) [0x55bd1bcbd3f6]
42  /opt/conda/envs/gdf/bin/python(+0x13f712) [0x55bd1bcc9712]
43  /opt/conda/envs/gdf/bin/python(_PyEval_EvalFrameDefault+0x696) [0x55bd1bcb94e6]
44  /opt/conda/envs/gdf/bin/python(+0x12dfb4) [0x55bd1bcb7fb4]
45  /opt/conda/envs/gdf/bin/python(_PyFunction_Vectorcall+0xd9) [0x55bd1bcc9469]
46  /opt/conda/envs/gdf/bin/python(_PyEval_EvalFrameDefault+0x696) [0x55bd1bcb94e6]
47  /opt/conda/envs/gdf/bin/python(+0x13f712) [0x55bd1bcc9712]
48  /opt/conda/envs/gdf/bin/python(_PyEval_EvalFrameDefault+0x3e2) [0x55bd1bcb9232]
49  /opt/conda/envs/gdf/bin/python(+0x12dfb4) [0x55bd1bcb7fb4]
50  /opt/conda/envs/gdf/bin/python(_PyFunction_Vectorcall+0xd9) [0x55bd1bcc9469]
51  /opt/conda/envs/gdf/bin/python(_PyEval_EvalFrameDefault+0x11f2) [0x55bd1bcba042]
52  /opt/conda/envs/gdf/bin/python(+0x12dfb4) [0x55bd1bcb7fb4]
53  /opt/conda/envs/gdf/bin/python(_PyEval_EvalCodeWithName+0x48) [0x55bd1bcb7c88]
54  /opt/conda/envs/gdf/bin/python(PyEval_EvalCodeEx+0x39) [0x55bd1bcb7c39]
55  /opt/conda/envs/gdf/bin/python(PyEval_EvalCode+0x1b) [0x55bd1bd652cb]
56  /opt/conda/envs/gdf/bin/python(+0x2086ca) [0x55bd1bd926ca]
57  /opt/conda/envs/gdf/bin/python(+0x204a63) [0x55bd1bd8ea63]
58  /opt/conda/envs/gdf/bin/python(PyRun_StringFlags+0x9a) [0x55bd1bd8687a]
59  /opt/conda/envs/gdf/bin/python(PyRun_SimpleStringFlags+0x3c) [0x55bd1bd8676c]
60  /opt/conda/envs/gdf/bin/python(Py_RunMain+0x267) [0x55bd1bd859a7]
61  /opt/conda/envs/gdf/bin/python(Py_BytesMain+0x37) [0x55bd1bd59107]
=================================
[dgx13:79542:0:79542] Caught signal 11 (Segmentation fault: address not mapped to object at address 0x448)
[dgx13:79538:0:79538] Caught signal 11 (Segmentation fault: address not mapped to object at address 0x448)
==== backtrace (tid:  79542) ====
 0  /opt/conda/envs/gdf/lib/libucs.so.0(ucs_handle_error+0x2fd) [0x7fdef337a07d]
 1  /opt/conda/envs/gdf/lib/libucs.so.0(+0x2a274) [0x7fdef337a274]
 2  /opt/conda/envs/gdf/lib/libucs.so.0(+0x2a43a) [0x7fdef337a43a]
 3  /usr/lib/x86_64-linux-gnu/libpthread.so.0(+0x14420) [0x7fdf2c39a420]
 4  /opt/conda/envs/gdf/lib/libucp.so.0(ucp_mem_type_unpack+0x14) [0x7fdef33f96b4]
 5  /opt/conda/envs/gdf/lib/libucp.so.0(ucp_rndv_data_handler+0x4e9) [0x7fdef3422839]
 6  /opt/conda/envs/gdf/lib/libuct.so.0(+0x203df) [0x7fdef33343df]
 7  /opt/conda/envs/gdf/lib/libuct.so.0(+0x23838) [0x7fdef3337838]
 8  /opt/conda/envs/gdf/lib/libucs.so.0(ucs_event_set_wait+0xb9) [0x7fdef33834a9]
 9  /opt/conda/envs/gdf/lib/libuct.so.0(uct_tcp_iface_progress+0x7d) [0x7fdef33365dd]
10  /opt/conda/envs/gdf/lib/libucp.so.0(ucp_worker_progress+0x5a) [0x7fdef33f68da]
11  /opt/conda/envs/gdf/lib/python3.9/site-packages/ucp/_libs/ucx_api.cpython-39-x86_64-linux-gnu.so(+0x3206a) [0x7fdef34af06a]
12  /opt/conda/envs/gdf/bin/python(_PyEval_EvalFrameDefault+0x45a6) [0x562f532653f6]
13  /opt/conda/envs/gdf/bin/python(+0x12dfb4) [0x562f5325ffb4]
14  /opt/conda/envs/gdf/bin/python(_PyFunction_Vectorcall+0xd9) [0x562f53271469]
15  /opt/conda/envs/gdf/bin/python(_PyEval_EvalFrameDefault+0x696) [0x562f532614e6]
16  /opt/conda/envs/gdf/bin/python(+0x1e26d2) [0x562f533146d2]
17  /opt/conda/envs/gdf/lib/python3.9/lib-dynload/_asyncio.cpython-39-x86_64-linux-gnu.so(+0x81e9) [0x7fdf164f41e9]
18  /opt/conda/envs/gdf/bin/python(_PyObject_MakeTpCall+0x2ec) [0x562f532696ac]
19  /opt/conda/envs/gdf/bin/python(+0xf23ff) [0x562f532243ff]
20  /opt/conda/envs/gdf/bin/python(+0x136723) [0x562f53268723]
21  /opt/conda/envs/gdf/bin/python(_PyEval_EvalFrameDefault+0x5ad9) [0x562f53266929]
22  /opt/conda/envs/gdf/bin/python(+0x13f712) [0x562f53271712]
23  /opt/conda/envs/gdf/bin/python(_PyEval_EvalFrameDefault+0x696) [0x562f532614e6]
24  /opt/conda/envs/gdf/bin/python(+0x13f712) [0x562f53271712]
25  /opt/conda/envs/gdf/bin/python(_PyEval_EvalFrameDefault+0x696) [0x562f532614e6]
26  /opt/conda/envs/gdf/bin/python(+0x13f712) [0x562f53271712]
27  /opt/conda/envs/gdf/bin/python(_PyEval_EvalFrameDefault+0x696) [0x562f532614e6]
28  /opt/conda/envs/gdf/bin/python(+0x13f712) [0x562f53271712]
29  /opt/conda/envs/gdf/bin/python(_PyEval_EvalFrameDefault+0x696) [0x562f532614e6]
30  /opt/conda/envs/gdf/bin/python(+0x12dfb4) [0x562f5325ffb4]
31  /opt/conda/envs/gdf/bin/python(_PyFunction_Vectorcall+0xd9) [0x562f53271469]
32  /opt/conda/envs/gdf/bin/python(_PyEval_EvalFrameDefault+0x11f2) [0x562f53262042]
33  /opt/conda/envs/gdf/bin/python(+0x12dfb4) [0x562f5325ffb4]
34  /opt/conda/envs/gdf/bin/python(+0x14c8cb) [0x562f5327e8cb]
35  /opt/conda/envs/gdf/bin/python(PyObject_Call+0xbc) [0x562f5327f04c]
36  /opt/conda/envs/gdf/bin/python(+0x21080e) [0x562f5334280e]
37  /opt/conda/envs/gdf/bin/python(_PyObject_MakeTpCall+0x2ec) [0x562f532696ac]
38  /opt/conda/envs/gdf/bin/python(_PyEval_EvalFrameDefault+0x45a6) [0x562f532653f6]
39  /opt/conda/envs/gdf/bin/python(+0x13f712) [0x562f53271712]
40  /opt/conda/envs/gdf/bin/python(+0x14c9ac) [0x562f5327e9ac]
41  /opt/conda/envs/gdf/bin/python(_PyEval_EvalFrameDefault+0x45a6) [0x562f532653f6]
42  /opt/conda/envs/gdf/bin/python(+0x13f712) [0x562f53271712]
43  /opt/conda/envs/gdf/bin/python(_PyEval_EvalFrameDefault+0x696) [0x562f532614e6]
44  /opt/conda/envs/gdf/bin/python(+0x12dfb4) [0x562f5325ffb4]
45  /opt/conda/envs/gdf/bin/python(_PyFunction_Vectorcall+0xd9) [0x562f53271469]
46  /opt/conda/envs/gdf/bin/python(_PyEval_EvalFrameDefault+0x696) [0x562f532614e6]
47  /opt/conda/envs/gdf/bin/python(+0x13f712) [0x562f53271712]
48  /opt/conda/envs/gdf/bin/python(_PyEval_EvalFrameDefault+0x3e2) [0x562f53261232]
49  /opt/conda/envs/gdf/bin/python(+0x12dfb4) [0x562f5325ffb4]
50  /opt/conda/envs/gdf/bin/python(_PyFunction_Vectorcall+0xd9) [0x562f53271469]
51  /opt/conda/envs/gdf/bin/python(_PyEval_EvalFrameDefault+0x11f2) [0x562f53262042]
52  /opt/conda/envs/gdf/bin/python(+0x12dfb4) [0x562f5325ffb4]
53  /opt/conda/envs/gdf/bin/python(_PyEval_EvalCodeWithName+0x48) [0x562f5325fc88]
54  /opt/conda/envs/gdf/bin/python(PyEval_EvalCodeEx+0x39) [0x562f5325fc39]
55  /opt/conda/envs/gdf/bin/python(PyEval_EvalCode+0x1b) [0x562f5330d2cb]
56  /opt/conda/envs/gdf/bin/python(+0x2086ca) [0x562f5333a6ca]
57  /opt/conda/envs/gdf/bin/python(+0x204a63) [0x562f53336a63]
58  /opt/conda/envs/gdf/bin/python(PyRun_StringFlags+0x9a) [0x562f5332e87a]
59  /opt/conda/envs/gdf/bin/python(PyRun_SimpleStringFlags+0x3c) [0x562f5332e76c]
60  /opt/conda/envs/gdf/bin/python(Py_RunMain+0x267) [0x562f5332d9a7]
61  /opt/conda/envs/gdf/bin/python(Py_BytesMain+0x37) [0x562f53301107]
=================================
==== backtrace (tid:  79538) ====
 0  /opt/conda/envs/gdf/lib/libucs.so.0(ucs_handle_error+0x2fd) [0x7f6ce068407d]
 1  /opt/conda/envs/gdf/lib/libucs.so.0(+0x2a274) [0x7f6ce0684274]
 2  /opt/conda/envs/gdf/lib/libucs.so.0(+0x2a43a) [0x7f6ce068443a]
 3  /usr/lib/x86_64-linux-gnu/libpthread.so.0(+0x14420) [0x7f6d1969f420]
 4  /opt/conda/envs/gdf/lib/libucp.so.0(ucp_mem_type_unpack+0x14) [0x7f6ce07036b4]
 5  /opt/conda/envs/gdf/lib/libucp.so.0(ucp_rndv_data_handler+0x4e9) [0x7f6ce072c839]
 6  /opt/conda/envs/gdf/lib/libuct.so.0(+0x203df) [0x7f6ce063e3df]
 7  /opt/conda/envs/gdf/lib/libuct.so.0(+0x23838) [0x7f6ce0641838]
 8  /opt/conda/envs/gdf/lib/libucs.so.0(ucs_event_set_wait+0xb9) [0x7f6ce068d4a9]
 9  /opt/conda/envs/gdf/lib/libuct.so.0(uct_tcp_iface_progress+0x7d) [0x7f6ce06405dd]
10  /opt/conda/envs/gdf/lib/libucp.so.0(ucp_worker_progress+0x5a) [0x7f6ce07008da]
11  /opt/conda/envs/gdf/lib/python3.9/site-packages/ucp/_libs/ucx_api.cpython-39-x86_64-linux-gnu.so(+0x3206a) [0x7f6ce07b906a]
12  /opt/conda/envs/gdf/bin/python(_PyEval_EvalFrameDefault+0x45a6) [0x55d9c21303f6]
13  /opt/conda/envs/gdf/bin/python(+0x12dfb4) [0x55d9c212afb4]
14  /opt/conda/envs/gdf/bin/python(_PyFunction_Vectorcall+0xd9) [0x55d9c213c469]
15  /opt/conda/envs/gdf/bin/python(_PyEval_EvalFrameDefault+0x696) [0x55d9c212c4e6]
16  /opt/conda/envs/gdf/bin/python(+0x1e26d2) [0x55d9c21df6d2]
17  /opt/conda/envs/gdf/lib/python3.9/lib-dynload/_asyncio.cpython-39-x86_64-linux-gnu.so(+0x81e9) [0x7f6d038031e9]
18  /opt/conda/envs/gdf/bin/python(_PyObject_MakeTpCall+0x2ec) [0x55d9c21346ac]
19  /opt/conda/envs/gdf/bin/python(+0xf23ff) [0x55d9c20ef3ff]
20  /opt/conda/envs/gdf/bin/python(+0x136723) [0x55d9c2133723]
21  /opt/conda/envs/gdf/bin/python(_PyEval_EvalFrameDefault+0x5ad9) [0x55d9c2131929]
22  /opt/conda/envs/gdf/bin/python(+0x13f712) [0x55d9c213c712]
23  /opt/conda/envs/gdf/bin/python(_PyEval_EvalFrameDefault+0x696) [0x55d9c212c4e6]
24  /opt/conda/envs/gdf/bin/python(+0x13f712) [0x55d9c213c712]
25  /opt/conda/envs/gdf/bin/python(_PyEval_EvalFrameDefault+0x696) [0x55d9c212c4e6]
26  /opt/conda/envs/gdf/bin/python(+0x13f712) [0x55d9c213c712]
27  /opt/conda/envs/gdf/bin/python(_PyEval_EvalFrameDefault+0x696) [0x55d9c212c4e6]
28  /opt/conda/envs/gdf/bin/python(+0x13f712) [0x55d9c213c712]
29  /opt/conda/envs/gdf/bin/python(_PyEval_EvalFrameDefault+0x696) [0x55d9c212c4e6]
30  /opt/conda/envs/gdf/bin/python(+0x12dfb4) [0x55d9c212afb4]
31  /opt/conda/envs/gdf/bin/python(_PyFunction_Vectorcall+0xd9) [0x55d9c213c469]
32  /opt/conda/envs/gdf/bin/python(_PyEval_EvalFrameDefault+0x11f2) [0x55d9c212d042]
33  /opt/conda/envs/gdf/bin/python(+0x12dfb4) [0x55d9c212afb4]
34  /opt/conda/envs/gdf/bin/python(+0x14c8cb) [0x55d9c21498cb]
35  /opt/conda/envs/gdf/bin/python(PyObject_Call+0xbc) [0x55d9c214a04c]
36  /opt/conda/envs/gdf/bin/python(+0x21080e) [0x55d9c220d80e]
37  /opt/conda/envs/gdf/bin/python(_PyObject_MakeTpCall+0x2ec) [0x55d9c21346ac]
38  /opt/conda/envs/gdf/bin/python(_PyEval_EvalFrameDefault+0x45a6) [0x55d9c21303f6]
39  /opt/conda/envs/gdf/bin/python(+0x13f712) [0x55d9c213c712]
40  /opt/conda/envs/gdf/bin/python(+0x14c9ac) [0x55d9c21499ac]
41  /opt/conda/envs/gdf/bin/python(_PyEval_EvalFrameDefault+0x45a6) [0x55d9c21303f6]
42  /opt/conda/envs/gdf/bin/python(+0x13f712) [0x55d9c213c712]
43  /opt/conda/envs/gdf/bin/python(_PyEval_EvalFrameDefault+0x696) [0x55d9c212c4e6]
44  /opt/conda/envs/gdf/bin/python(+0x12dfb4) [0x55d9c212afb4]
45  /opt/conda/envs/gdf/bin/python(_PyFunction_Vectorcall+0xd9) [0x55d9c213c469]
46  /opt/conda/envs/gdf/bin/python(_PyEval_EvalFrameDefault+0x696) [0x55d9c212c4e6]
47  /opt/conda/envs/gdf/bin/python(+0x13f712) [0x55d9c213c712]
48  /opt/conda/envs/gdf/bin/python(_PyEval_EvalFrameDefault+0x3e2) [0x55d9c212c232]
49  /opt/conda/envs/gdf/bin/python(+0x12dfb4) [0x55d9c212afb4]
50  /opt/conda/envs/gdf/bin/python(_PyFunction_Vectorcall+0xd9) [0x55d9c213c469]
51  /opt/conda/envs/gdf/bin/python(_PyEval_EvalFrameDefault+0x11f2) [0x55d9c212d042]
52  /opt/conda/envs/gdf/bin/python(+0x12dfb4) [0x55d9c212afb4]
53  /opt/conda/envs/gdf/bin/python(_PyEval_EvalCodeWithName+0x48) [0x55d9c212ac88]
54  /opt/conda/envs/gdf/bin/python(PyEval_EvalCodeEx+0x39) [0x55d9c212ac39]
55  /opt/conda/envs/gdf/bin/python(PyEval_EvalCode+0x1b) [0x55d9c21d82cb]
56  /opt/conda/envs/gdf/bin/python(+0x2086ca) [0x55d9c22056ca]
57  /opt/conda/envs/gdf/bin/python(+0x204a63) [0x55d9c2201a63]
58  /opt/conda/envs/gdf/bin/python(PyRun_StringFlags+0x9a) [0x55d9c21f987a]
59  /opt/conda/envs/gdf/bin/python(PyRun_SimpleStringFlags+0x3c) [0x55d9c21f976c]
60  /opt/conda/envs/gdf/bin/python(Py_RunMain+0x267) [0x55d9c21f89a7]
61  /opt/conda/envs/gdf/bin/python(Py_BytesMain+0x37) [0x55d9c21cc107]
=================================
[dgx13:79549:0:79549] Caught signal 11 (Segmentation fault: address not mapped to object at address 0x448)
==== backtrace (tid:  79549) ====
 0  /opt/conda/envs/gdf/lib/libucs.so.0(ucs_handle_error+0x2fd) [0x7fae3c86207d]
 1  /opt/conda/envs/gdf/lib/libucs.so.0(+0x2a274) [0x7fae3c862274]
 2  /opt/conda/envs/gdf/lib/libucs.so.0(+0x2a43a) [0x7fae3c86243a]
 3  /usr/lib/x86_64-linux-gnu/libpthread.so.0(+0x14420) [0x7fae7588b420]
 4  /opt/conda/envs/gdf/lib/libucp.so.0(ucp_mem_type_unpack+0x14) [0x7fae3c8e16b4]
 5  /opt/conda/envs/gdf/lib/libucp.so.0(ucp_rndv_data_handler+0x4e9) [0x7fae3c90a839]
 6  /opt/conda/envs/gdf/lib/libuct.so.0(+0x203df) [0x7fae3c81c3df]
 7  /opt/conda/envs/gdf/lib/libuct.so.0(+0x23838) [0x7fae3c81f838]
 8  /opt/conda/envs/gdf/lib/libucs.so.0(ucs_event_set_wait+0xb9) [0x7fae3c86b4a9]
 9  /opt/conda/envs/gdf/lib/libuct.so.0(uct_tcp_iface_progress+0x7d) [0x7fae3c81e5dd]
10  /opt/conda/envs/gdf/lib/libucp.so.0(ucp_worker_progress+0x5a) [0x7fae3c8de8da]
11  /opt/conda/envs/gdf/lib/python3.9/site-packages/ucp/_libs/ucx_api.cpython-39-x86_64-linux-gnu.so(+0x3206a) [0x7fae3c99706a]
12  /opt/conda/envs/gdf/bin/python(_PyEval_EvalFrameDefault+0x45a6) [0x56102042b3f6]
13  /opt/conda/envs/gdf/bin/python(+0x12dfb4) [0x561020425fb4]
14  /opt/conda/envs/gdf/bin/python(_PyFunction_Vectorcall+0xd9) [0x561020437469]
15  /opt/conda/envs/gdf/bin/python(_PyEval_EvalFrameDefault+0x696) [0x5610204274e6]
16  /opt/conda/envs/gdf/bin/python(+0x1e26d2) [0x5610204da6d2]
17  /opt/conda/envs/gdf/lib/python3.9/lib-dynload/_asyncio.cpython-39-x86_64-linux-gnu.so(+0x81e9) [0x7fae5f9ec1e9]
18  /opt/conda/envs/gdf/bin/python(_PyObject_MakeTpCall+0x2ec) [0x56102042f6ac]
19  /opt/conda/envs/gdf/bin/python(+0xf23ff) [0x5610203ea3ff]
20  /opt/conda/envs/gdf/bin/python(+0x136723) [0x56102042e723]
21  /opt/conda/envs/gdf/bin/python(_PyEval_EvalFrameDefault+0x5ad9) [0x56102042c929]
22  /opt/conda/envs/gdf/bin/python(+0x13f712) [0x561020437712]
23  /opt/conda/envs/gdf/bin/python(_PyEval_EvalFrameDefault+0x696) [0x5610204274e6]
24  /opt/conda/envs/gdf/bin/python(+0x13f712) [0x561020437712]
25  /opt/conda/envs/gdf/bin/python(_PyEval_EvalFrameDefault+0x696) [0x5610204274e6]
26  /opt/conda/envs/gdf/bin/python(+0x13f712) [0x561020437712]
27  /opt/conda/envs/gdf/bin/python(_PyEval_EvalFrameDefault+0x696) [0x5610204274e6]
28  /opt/conda/envs/gdf/bin/python(+0x13f712) [0x561020437712]
29  /opt/conda/envs/gdf/bin/python(_PyEval_EvalFrameDefault+0x696) [0x5610204274e6]
30  /opt/conda/envs/gdf/bin/python(+0x12dfb4) [0x561020425fb4]
31  /opt/conda/envs/gdf/bin/python(_PyFunction_Vectorcall+0xd9) [0x561020437469]
32  /opt/conda/envs/gdf/bin/python(_PyEval_EvalFrameDefault+0x11f2) [0x561020428042]
33  /opt/conda/envs/gdf/bin/python(+0x12dfb4) [0x561020425fb4]
34  /opt/conda/envs/gdf/bin/python(+0x14c8cb) [0x5610204448cb]
35  /opt/conda/envs/gdf/bin/python(PyObject_Call+0xbc) [0x56102044504c]
36  /opt/conda/envs/gdf/bin/python(+0x21080e) [0x56102050880e]
37  /opt/conda/envs/gdf/bin/python(_PyObject_MakeTpCall+0x2ec) [0x56102042f6ac]
38  /opt/conda/envs/gdf/bin/python(_PyEval_EvalFrameDefault+0x45a6) [0x56102042b3f6]
39  /opt/conda/envs/gdf/bin/python(+0x13f712) [0x561020437712]
40  /opt/conda/envs/gdf/bin/python(+0x14c9ac) [0x5610204449ac]
41  /opt/conda/envs/gdf/bin/python(_PyEval_EvalFrameDefault+0x45a6) [0x56102042b3f6]
42  /opt/conda/envs/gdf/bin/python(+0x13f712) [0x561020437712]
43  /opt/conda/envs/gdf/bin/python(_PyEval_EvalFrameDefault+0x696) [0x5610204274e6]
44  /opt/conda/envs/gdf/bin/python(+0x12dfb4) [0x561020425fb4]
45  /opt/conda/envs/gdf/bin/python(_PyFunction_Vectorcall+0xd9) [0x561020437469]
46  /opt/conda/envs/gdf/bin/python(_PyEval_EvalFrameDefault+0x696) [0x5610204274e6]
47  /opt/conda/envs/gdf/bin/python(+0x13f712) [0x561020437712]
48  /opt/conda/envs/gdf/bin/python(_PyEval_EvalFrameDefault+0x3e2) [0x561020427232]
49  /opt/conda/envs/gdf/bin/python(+0x12dfb4) [0x561020425fb4]
50  /opt/conda/envs/gdf/bin/python(_PyFunction_Vectorcall+0xd9) [0x561020437469]
51  /opt/conda/envs/gdf/bin/python(_PyEval_EvalFrameDefault+0x11f2) [0x561020428042]
52  /opt/conda/envs/gdf/bin/python(+0x12dfb4) [0x561020425fb4]
53  /opt/conda/envs/gdf/bin/python(_PyEval_EvalCodeWithName+0x48) [0x561020425c88]
54  /opt/conda/envs/gdf/bin/python(PyEval_EvalCodeEx+0x39) [0x561020425c39]
55  /opt/conda/envs/gdf/bin/python(PyEval_EvalCode+0x1b) [0x5610204d32cb]
56  /opt/conda/envs/gdf/bin/python(+0x2086ca) [0x5610205006ca]
57  /opt/conda/envs/gdf/bin/python(+0x204a63) [0x5610204fca63]
58  /opt/conda/envs/gdf/bin/python(PyRun_StringFlags+0x9a) [0x5610204f487a]
59  /opt/conda/envs/gdf/bin/python(PyRun_SimpleStringFlags+0x3c) [0x5610204f476c]
60  /opt/conda/envs/gdf/bin/python(Py_RunMain+0x267) [0x5610204f39a7]
61  /opt/conda/envs/gdf/bin/python(Py_BytesMain+0x37) [0x5610204c7107]
=================================
Task exception was never retrieved
future: <Task finished name='Task-1158' coro=<_listener_handler_coroutine() done, defined at /opt/conda/envs/gdf/lib/python3.9/site-packages/ucp/core.py:140> exception=UCXError('<stream_recv>: Connection reset by remote peer')>
Traceback (most recent call last):
  File "/opt/conda/envs/gdf/lib/python3.9/site-packages/ucp/core.py", line 155, in _listener_handler_coroutine
    peer_info = await exchange_peer_info(
  File "/opt/conda/envs/gdf/lib/python3.9/site-packages/ucp/core.py", line 55, in exchange_peer_info
    await asyncio.wait_for(
  File "/opt/conda/envs/gdf/lib/python3.9/asyncio/tasks.py", line 479, in wait_for
    return fut.result()
ucp._libs.exceptions.UCXError: <stream_recv>: Connection reset by remote peer
2024-03-20 07:28:17,921 - distributed.worker - ERROR - failed during get data with ucx://127.0.0.1:38005 -> ucx://127.0.0.1:33811
Traceback (most recent call last):
  File "/opt/conda/envs/gdf/lib/python3.9/site-packages/distributed/comm/ucx.py", line 334, in write
    await self.ep.send(each_frame)
  File "/opt/conda/envs/gdf/lib/python3.9/site-packages/ucp/core.py", line 662, in send
    return await comm.tag_send(self._ep, buffer, nbytes, tag, name=log)
ucp._libs.exceptions.UCXError: <[Send #007] ep: 0x7f74e402e180, tag: 0x6dd99f789559a15b, nbytes: 100000000, type: <class 'cudf.core.buffer.buffer.Buffer'>>: Connection reset by remote peer

During handling of the above exception, another exception occurred:

Traceback (most recent call last):
  File "/opt/conda/envs/gdf/lib/python3.9/site-packages/distributed/worker.py", line 1779, in get_data
    compressed = await comm.write(msg, serializers=serializers)
  File "/opt/conda/envs/gdf/lib/python3.9/site-packages/distributed/utils.py", line 832, in wrapper
    return await func(*args, **kwargs)
  File "/opt/conda/envs/gdf/lib/python3.9/site-packages/distributed/comm/ucx.py", line 338, in write
    raise CommClosedError("While writing, the connection was closed")
distributed.comm.core.CommClosedError: While writing, the connection was closed
2024-03-20 07:28:17,923 - distributed.worker - ERROR - Worker stream died during communication: ucx://127.0.0.1:33811
Traceback (most recent call last):
  File "/opt/conda/envs/gdf/lib/python3.9/site-packages/distributed/comm/ucx.py", line 350, in read
    await self.ep.recv(msg)
  File "/opt/conda/envs/gdf/lib/python3.9/site-packages/ucp/core.py", line 737, in recv
    ret = await comm.tag_recv(self._ep, buffer, nbytes, tag, name=log)
ucp._libs.exceptions.UCXCanceled: <[Recv #003] ep: 0x7f74e402e240, tag: 0x70b5e408dc8cce76, nbytes: 16, type: <class 'numpy.ndarray'>>: 

During handling of the above exception, another exception occurred:

Traceback (most recent call last):
  File "/opt/conda/envs/gdf/lib/python3.9/site-packages/distributed/worker.py", line 2056, in gather_dep
    response = await get_data_from_worker(
  File "/opt/conda/envs/gdf/lib/python3.9/site-packages/distributed/worker.py", line 2860, in get_data_from_worker
    response = await send_recv(
  File "/opt/conda/envs/gdf/lib/python3.9/site-packages/distributed/core.py", line 1154, in send_recv
    response = await comm.read(deserializers=deserializers)
  File "/opt/conda/envs/gdf/lib/python3.9/site-packages/distributed/utils.py", line 832, in wrapper
    return await func(*args, **kwargs)
  File "/opt/conda/envs/gdf/lib/python3.9/site-packages/distributed/comm/ucx.py", line 368, in read
    raise CommClosedError(
distributed.comm.core.CommClosedError: Connection closed by writer.
Inner exception: UCXCanceled("<[Recv #003] ep: 0x7f74e402e240, tag: 0x70b5e408dc8cce76, nbytes: 16, type: <class 'numpy.ndarray'>>: ")
2024-03-20 07:28:17,923 - distributed.worker - ERROR - Worker stream died during communication: ucx://127.0.0.1:33811
Traceback (most recent call last):
  File "/opt/conda/envs/gdf/lib/python3.9/site-packages/distributed/comm/ucx.py", line 350, in read
    await self.ep.recv(msg)
  File "/opt/conda/envs/gdf/lib/python3.9/site-packages/ucp/core.py", line 737, in recv
    ret = await comm.tag_recv(self._ep, buffer, nbytes, tag, name=log)
ucp._libs.exceptions.UCXCanceled: <[Recv #000] ep: 0x7ff5d6a75180, tag: 0x5b70ef2e653c36fb, nbytes: 16, type: <class 'numpy.ndarray'>>: 

During handling of the above exception, another exception occurred:

Traceback (most recent call last):
  File "/opt/conda/envs/gdf/lib/python3.9/site-packages/distributed/worker.py", line 2056, in gather_dep
    response = await get_data_from_worker(
  File "/opt/conda/envs/gdf/lib/python3.9/site-packages/distributed/worker.py", line 2857, in get_data_from_worker
    comm = await rpc.connect(worker)
  File "/opt/conda/envs/gdf/lib/python3.9/site-packages/distributed/core.py", line 1674, in connect
    return connect_attempt.result()
  File "/opt/conda/envs/gdf/lib/python3.9/site-packages/distributed/core.py", line 1564, in _connect
    comm = await connect(
  File "/opt/conda/envs/gdf/lib/python3.9/site-packages/distributed/comm/core.py", line 377, in connect
    handshake = await comm.read()
  File "/opt/conda/envs/gdf/lib/python3.9/site-packages/distributed/utils.py", line 832, in wrapper
    return await func(*args, **kwargs)
  File "/opt/conda/envs/gdf/lib/python3.9/site-packages/distributed/comm/ucx.py", line 368, in read
    raise CommClosedError(
distributed.comm.core.CommClosedError: Connection closed by writer.
Inner exception: UCXCanceled("<[Recv #000] ep: 0x7ff5d6a75180, tag: 0x5b70ef2e653c36fb, nbytes: 16, type: <class 'numpy.ndarray'>>: ")
2024-03-20 07:28:17,921 - distributed.worker - ERROR - Worker stream died during communication: ucx://127.0.0.1:33811
Traceback (most recent call last):
  File "/opt/conda/envs/gdf/lib/python3.9/site-packages/distributed/comm/ucx.py", line 350, in read
    await self.ep.recv(msg)
  File "/opt/conda/envs/gdf/lib/python3.9/site-packages/ucp/core.py", line 737, in recv
    ret = await comm.tag_recv(self._ep, buffer, nbytes, tag, name=log)
ucp._libs.exceptions.UCXCanceled: <[Recv #000] ep: 0x7f89f8b5d100, tag: 0xfdbcd8edef343ee3, nbytes: 16, type: <class 'numpy.ndarray'>>: 

During handling of the above exception, another exception occurred:

Traceback (most recent call last):
  File "/opt/conda/envs/gdf/lib/python3.9/site-packages/distributed/worker.py", line 2056, in gather_dep
    response = await get_data_from_worker(
  File "/opt/conda/envs/gdf/lib/python3.9/site-packages/distributed/worker.py", line 2857, in get_data_from_worker
    comm = await rpc.connect(worker)
  File "/opt/conda/envs/gdf/lib/python3.9/site-packages/distributed/core.py", line 1674, in connect
    return connect_attempt.result()
  File "/opt/conda/envs/gdf/lib/python3.9/site-packages/distributed/core.py", line 1564, in _connect
    comm = await connect(
  File "/opt/conda/envs/gdf/lib/python3.9/site-packages/distributed/comm/core.py", line 377, in connect
    handshake = await comm.read()
  File "/opt/conda/envs/gdf/lib/python3.9/site-packages/distributed/utils.py", line 832, in wrapper
    return await func(*args, **kwargs)
  File "/opt/conda/envs/gdf/lib/python3.9/site-packages/distributed/comm/ucx.py", line 368, in read
    raise CommClosedError(
distributed.comm.core.CommClosedError: Connection closed by writer.
Inner exception: UCXCanceled("<[Recv #000] ep: 0x7f89f8b5d100, tag: 0xfdbcd8edef343ee3, nbytes: 16, type: <class 'numpy.ndarray'>>: ")
Task exception was never retrieved
future: <Task finished name='Task-1322' coro=<_listener_handler_coroutine() done, defined at /opt/conda/envs/gdf/lib/python3.9/site-packages/ucp/core.py:140> exception=UCXError('<stream_recv>: Connection reset by remote peer')>
Traceback (most recent call last):
  File "/opt/conda/envs/gdf/lib/python3.9/site-packages/ucp/core.py", line 155, in _listener_handler_coroutine
    peer_info = await exchange_peer_info(
  File "/opt/conda/envs/gdf/lib/python3.9/site-packages/ucp/core.py", line 55, in exchange_peer_info
    await asyncio.wait_for(
  File "/opt/conda/envs/gdf/lib/python3.9/asyncio/tasks.py", line 479, in wait_for
    return fut.result()
ucp._libs.exceptions.UCXError: <stream_recv>: Connection reset by remote peer
2024-03-20 07:28:17,938 - distributed.worker - ERROR - Worker stream died during communication: ucx://127.0.0.1:46693
Traceback (most recent call last):
  File "/opt/conda/envs/gdf/lib/python3.9/site-packages/distributed/comm/ucx.py", line 350, in read
    await self.ep.recv(msg)
  File "/opt/conda/envs/gdf/lib/python3.9/site-packages/ucp/core.py", line 737, in recv
    ret = await comm.tag_recv(self._ep, buffer, nbytes, tag, name=log)
ucp._libs.exceptions.UCXCanceled: <[Recv #003] ep: 0x7ff5d6a751c0, tag: 0x30f88d59929f908a, nbytes: 16, type: <class 'numpy.ndarray'>>: 

During handling of the above exception, another exception occurred:

Traceback (most recent call last):
  File "/opt/conda/envs/gdf/lib/python3.9/site-packages/distributed/worker.py", line 2056, in gather_dep
    response = await get_data_from_worker(
  File "/opt/conda/envs/gdf/lib/python3.9/site-packages/distributed/worker.py", line 2860, in get_data_from_worker
    response = await send_recv(
  File "/opt/conda/envs/gdf/lib/python3.9/site-packages/distributed/core.py", line 1154, in send_recv
    response = await comm.read(deserializers=deserializers)
  File "/opt/conda/envs/gdf/lib/python3.9/site-packages/distributed/utils.py", line 832, in wrapper
    return await func(*args, **kwargs)
  File "/opt/conda/envs/gdf/lib/python3.9/site-packages/distributed/comm/ucx.py", line 368, in read
    raise CommClosedError(
distributed.comm.core.CommClosedError: Connection closed by writer.
Inner exception: UCXCanceled("<[Recv #003] ep: 0x7ff5d6a751c0, tag: 0x30f88d59929f908a, nbytes: 16, type: <class 'numpy.ndarray'>>: ")
2024-03-20 07:28:17,939 - distributed.worker - ERROR - Worker stream died during communication: ucx://127.0.0.1:46693
Traceback (most recent call last):
  File "/opt/conda/envs/gdf/lib/python3.9/site-packages/distributed/comm/ucx.py", line 350, in read
    await self.ep.recv(msg)
  File "/opt/conda/envs/gdf/lib/python3.9/site-packages/ucp/core.py", line 737, in recv
    ret = await comm.tag_recv(self._ep, buffer, nbytes, tag, name=log)
ucp._libs.exceptions.UCXCanceled: <[Recv #003] ep: 0x7f89f8b5d200, tag: 0xdc55191ae942b539, nbytes: 16, type: <class 'numpy.ndarray'>>: 

During handling of the above exception, another exception occurred:

Traceback (most recent call last):
  File "/opt/conda/envs/gdf/lib/python3.9/site-packages/distributed/worker.py", line 2056, in gather_dep
    response = await get_data_from_worker(
  File "/opt/conda/envs/gdf/lib/python3.9/site-packages/distributed/worker.py", line 2860, in get_data_from_worker
    response = await send_recv(
  File "/opt/conda/envs/gdf/lib/python3.9/site-packages/distributed/core.py", line 1154, in send_recv
    response = await comm.read(deserializers=deserializers)
  File "/opt/conda/envs/gdf/lib/python3.9/site-packages/distributed/utils.py", line 832, in wrapper
    return await func(*args, **kwargs)
  File "/opt/conda/envs/gdf/lib/python3.9/site-packages/distributed/comm/ucx.py", line 368, in read
    raise CommClosedError(
distributed.comm.core.CommClosedError: Connection closed by writer.
Inner exception: UCXCanceled("<[Recv #003] ep: 0x7f89f8b5d200, tag: 0xdc55191ae942b539, nbytes: 16, type: <class 'numpy.ndarray'>>: ")
2024-03-20 07:28:17,950 - distributed.worker - ERROR - Worker stream died during communication: ucx://127.0.0.1:46693
Traceback (most recent call last):
  File "/opt/conda/envs/gdf/lib/python3.9/site-packages/distributed/comm/ucx.py", line 350, in read
    await self.ep.recv(msg)
  File "/opt/conda/envs/gdf/lib/python3.9/site-packages/ucp/core.py", line 737, in recv
    ret = await comm.tag_recv(self._ep, buffer, nbytes, tag, name=log)
ucp._libs.exceptions.UCXCanceled: <[Recv #003] ep: 0x7f74e402e200, tag: 0xecbcf575cb861de9, nbytes: 16, type: <class 'numpy.ndarray'>>: 

During handling of the above exception, another exception occurred:

Traceback (most recent call last):
  File "/opt/conda/envs/gdf/lib/python3.9/site-packages/distributed/worker.py", line 2056, in gather_dep
    response = await get_data_from_worker(
  File "/opt/conda/envs/gdf/lib/python3.9/site-packages/distributed/worker.py", line 2860, in get_data_from_worker
    response = await send_recv(
  File "/opt/conda/envs/gdf/lib/python3.9/site-packages/distributed/core.py", line 1154, in send_recv
    response = await comm.read(deserializers=deserializers)
  File "/opt/conda/envs/gdf/lib/python3.9/site-packages/distributed/utils.py", line 832, in wrapper
    return await func(*args, **kwargs)
  File "/opt/conda/envs/gdf/lib/python3.9/site-packages/distributed/comm/ucx.py", line 368, in read
    raise CommClosedError(
distributed.comm.core.CommClosedError: Connection closed by writer.
Inner exception: UCXCanceled("<[Recv #003] ep: 0x7f74e402e200, tag: 0xecbcf575cb861de9, nbytes: 16, type: <class 'numpy.ndarray'>>: ")
2024-03-20 07:28:18,020 - distributed.worker - ERROR - failed during get data with ucx://127.0.0.1:51743 -> ucx://127.0.0.1:50981
Traceback (most recent call last):
  File "/opt/conda/envs/gdf/lib/python3.9/site-packages/distributed/comm/ucx.py", line 334, in write
    await self.ep.send(each_frame)
  File "/opt/conda/envs/gdf/lib/python3.9/site-packages/ucp/core.py", line 662, in send
    return await comm.tag_send(self._ep, buffer, nbytes, tag, name=log)
ucp._libs.exceptions.UCXError: <[Send #007] ep: 0x7ff5d6a752c0, tag: 0x183544323f74bdf7, nbytes: 100000000, type: <class 'cudf.core.buffer.buffer.Buffer'>>: Connection reset by remote peer

During handling of the above exception, another exception occurred:

Traceback (most recent call last):
  File "/opt/conda/envs/gdf/lib/python3.9/site-packages/distributed/worker.py", line 1779, in get_data
    compressed = await comm.write(msg, serializers=serializers)
  File "/opt/conda/envs/gdf/lib/python3.9/site-packages/distributed/utils.py", line 832, in wrapper
    return await func(*args, **kwargs)
  File "/opt/conda/envs/gdf/lib/python3.9/site-packages/distributed/comm/ucx.py", line 338, in write
    raise CommClosedError("While writing, the connection was closed")
distributed.comm.core.CommClosedError: While writing, the connection was closed
2024-03-20 07:28:18,022 - distributed.worker - ERROR - Worker stream died during communication: ucx://127.0.0.1:40567
Traceback (most recent call last):
  File "/opt/conda/envs/gdf/lib/python3.9/site-packages/distributed/comm/ucx.py", line 350, in read
    await self.ep.recv(msg)
  File "/opt/conda/envs/gdf/lib/python3.9/site-packages/ucp/core.py", line 737, in recv
    ret = await comm.tag_recv(self._ep, buffer, nbytes, tag, name=log)
ucp._libs.exceptions.UCXCanceled: <[Recv #003] ep: 0x7ff5d6a75140, tag: 0x5cd6618d28758e71, nbytes: 16, type: <class 'numpy.ndarray'>>: 

During handling of the above exception, another exception occurred:

Traceback (most recent call last):
  File "/opt/conda/envs/gdf/lib/python3.9/site-packages/distributed/worker.py", line 2056, in gather_dep
    response = await get_data_from_worker(
  File "/opt/conda/envs/gdf/lib/python3.9/site-packages/distributed/worker.py", line 2860, in get_data_from_worker
    response = await send_recv(
  File "/opt/conda/envs/gdf/lib/python3.9/site-packages/distributed/core.py", line 1154, in send_recv
    response = await comm.read(deserializers=deserializers)
  File "/opt/conda/envs/gdf/lib/python3.9/site-packages/distributed/utils.py", line 832, in wrapper
    return await func(*args, **kwargs)
  File "/opt/conda/envs/gdf/lib/python3.9/site-packages/distributed/comm/ucx.py", line 368, in read
    raise CommClosedError(
distributed.comm.core.CommClosedError: Connection closed by writer.
Inner exception: UCXCanceled("<[Recv #003] ep: 0x7ff5d6a75140, tag: 0x5cd6618d28758e71, nbytes: 16, type: <class 'numpy.ndarray'>>: ")
2024-03-20 07:28:18,023 - distributed.worker - ERROR - Worker stream died during communication: ucx://127.0.0.1:50981
Traceback (most recent call last):
  File "/opt/conda/envs/gdf/lib/python3.9/site-packages/distributed/comm/ucx.py", line 350, in read
    await self.ep.recv(msg)
  File "/opt/conda/envs/gdf/lib/python3.9/site-packages/ucp/core.py", line 737, in recv
    ret = await comm.tag_recv(self._ep, buffer, nbytes, tag, name=log)
ucp._libs.exceptions.UCXCanceled: <[Recv #003] ep: 0x7ff5d6a75200, tag: 0xda47e0ae02439975, nbytes: 16, type: <class 'numpy.ndarray'>>: 

During handling of the above exception, another exception occurred:

Traceback (most recent call last):
  File "/opt/conda/envs/gdf/lib/python3.9/site-packages/distributed/worker.py", line 2056, in gather_dep
    response = await get_data_from_worker(
  File "/opt/conda/envs/gdf/lib/python3.9/site-packages/distributed/worker.py", line 2860, in get_data_from_worker
    response = await send_recv(
  File "/opt/conda/envs/gdf/lib/python3.9/site-packages/distributed/core.py", line 1154, in send_recv
    response = await comm.read(deserializers=deserializers)
  File "/opt/conda/envs/gdf/lib/python3.9/site-packages/distributed/utils.py", line 832, in wrapper
    return await func(*args, **kwargs)
  File "/opt/conda/envs/gdf/lib/python3.9/site-packages/distributed/comm/ucx.py", line 368, in read
    raise CommClosedError(
distributed.comm.core.CommClosedError: Connection closed by writer.
Inner exception: UCXCanceled("<[Recv #003] ep: 0x7ff5d6a75200, tag: 0xda47e0ae02439975, nbytes: 16, type: <class 'numpy.ndarray'>>: ")
Task exception was never retrieved
future: <Task finished name='Task-1179' coro=<_listener_handler_coroutine() done, defined at /opt/conda/envs/gdf/lib/python3.9/site-packages/ucp/core.py:140> exception=UCXError('<stream_recv>: Connection reset by remote peer')>
Traceback (most recent call last):
  File "/opt/conda/envs/gdf/lib/python3.9/site-packages/ucp/core.py", line 155, in _listener_handler_coroutine
    peer_info = await exchange_peer_info(
  File "/opt/conda/envs/gdf/lib/python3.9/site-packages/ucp/core.py", line 55, in exchange_peer_info
    await asyncio.wait_for(
  File "/opt/conda/envs/gdf/lib/python3.9/asyncio/tasks.py", line 479, in wait_for
    return fut.result()
ucp._libs.exceptions.UCXError: <stream_recv>: Connection reset by remote peer
2024-03-20 07:28:18,054 - distributed.worker - ERROR - Worker stream died during communication: ucx://127.0.0.1:50981
Traceback (most recent call last):
  File "/opt/conda/envs/gdf/lib/python3.9/site-packages/distributed/comm/ucx.py", line 350, in read
    await self.ep.recv(msg)
  File "/opt/conda/envs/gdf/lib/python3.9/site-packages/ucp/core.py", line 737, in recv
    ret = await comm.tag_recv(self._ep, buffer, nbytes, tag, name=log)
asyncio.exceptions.CancelledError

During handling of the above exception, another exception occurred:

Traceback (most recent call last):
  File "/opt/conda/envs/gdf/lib/python3.9/site-packages/distributed/worker.py", line 2056, in gather_dep
    response = await get_data_from_worker(
  File "/opt/conda/envs/gdf/lib/python3.9/site-packages/distributed/worker.py", line 2857, in get_data_from_worker
    comm = await rpc.connect(worker)
  File "/opt/conda/envs/gdf/lib/python3.9/site-packages/distributed/core.py", line 1674, in connect
    return connect_attempt.result()
  File "/opt/conda/envs/gdf/lib/python3.9/site-packages/distributed/core.py", line 1564, in _connect
    comm = await connect(
  File "/opt/conda/envs/gdf/lib/python3.9/site-packages/distributed/comm/core.py", line 377, in connect
    handshake = await comm.read()
  File "/opt/conda/envs/gdf/lib/python3.9/site-packages/distributed/utils.py", line 832, in wrapper
    return await func(*args, **kwargs)
  File "/opt/conda/envs/gdf/lib/python3.9/site-packages/distributed/comm/ucx.py", line 368, in read
    raise CommClosedError(
distributed.comm.core.CommClosedError: Connection closed by writer.
Inner exception: CancelledError()
2024-03-20 07:28:18,067 - distributed.worker - ERROR - failed during get data with ucx://127.0.0.1:46855 -> ucx://127.0.0.1:50981
Traceback (most recent call last):
  File "/opt/conda/envs/gdf/lib/python3.9/site-packages/distributed/comm/ucx.py", line 334, in write
    await self.ep.send(each_frame)
  File "/opt/conda/envs/gdf/lib/python3.9/site-packages/ucp/core.py", line 662, in send
    return await comm.tag_send(self._ep, buffer, nbytes, tag, name=log)
ucp._libs.exceptions.UCXError: <[Send #007] ep: 0x7f89f8b5d2c0, tag: 0x929b9f5cea7c457c, nbytes: 100000000, type: <class 'cudf.core.buffer.buffer.Buffer'>>: Connection reset by remote peer

During handling of the above exception, another exception occurred:

Traceback (most recent call last):
  File "/opt/conda/envs/gdf/lib/python3.9/site-packages/distributed/worker.py", line 1779, in get_data
    compressed = await comm.write(msg, serializers=serializers)
  File "/opt/conda/envs/gdf/lib/python3.9/site-packages/distributed/utils.py", line 832, in wrapper
    return await func(*args, **kwargs)
  File "/opt/conda/envs/gdf/lib/python3.9/site-packages/distributed/comm/ucx.py", line 338, in write
    raise CommClosedError("While writing, the connection was closed")
distributed.comm.core.CommClosedError: While writing, the connection was closed
2024-03-20 07:28:18,069 - distributed.worker - ERROR - failed during get data with ucx://127.0.0.1:46855 -> ucx://127.0.0.1:53861
Traceback (most recent call last):
  File "/opt/conda/envs/gdf/lib/python3.9/site-packages/distributed/comm/ucx.py", line 334, in write
    await self.ep.send(each_frame)
  File "/opt/conda/envs/gdf/lib/python3.9/site-packages/ucp/core.py", line 662, in send
    return await comm.tag_send(self._ep, buffer, nbytes, tag, name=log)
ucp._libs.exceptions.UCXError: <[Send #007] ep: 0x7f89f8b5d400, tag: 0x3ba707e56fbe2085, nbytes: 100000000, type: <class 'cudf.core.buffer.buffer.Buffer'>>: Connection reset by remote peer

During handling of the above exception, another exception occurred:

Traceback (most recent call last):
  File "/opt/conda/envs/gdf/lib/python3.9/site-packages/distributed/worker.py", line 1779, in get_data
    compressed = await comm.write(msg, serializers=serializers)
  File "/opt/conda/envs/gdf/lib/python3.9/site-packages/distributed/utils.py", line 832, in wrapper
    return await func(*args, **kwargs)
  File "/opt/conda/envs/gdf/lib/python3.9/site-packages/distributed/comm/ucx.py", line 338, in write
    raise CommClosedError("While writing, the connection was closed")
distributed.comm.core.CommClosedError: While writing, the connection was closed
2024-03-20 07:28:18,070 - distributed.worker - ERROR - Worker stream died during communication: ucx://127.0.0.1:40567
Traceback (most recent call last):
  File "/opt/conda/envs/gdf/lib/python3.9/site-packages/distributed/comm/ucx.py", line 350, in read
    await self.ep.recv(msg)
  File "/opt/conda/envs/gdf/lib/python3.9/site-packages/ucp/core.py", line 737, in recv
    ret = await comm.tag_recv(self._ep, buffer, nbytes, tag, name=log)
ucp._libs.exceptions.UCXCanceled: <[Recv #003] ep: 0x7f89f8b5d140, tag: 0xee925c56a56347c1, nbytes: 16, type: <class 'numpy.ndarray'>>: 

During handling of the above exception, another exception occurred:

Traceback (most recent call last):
  File "/opt/conda/envs/gdf/lib/python3.9/site-packages/distributed/worker.py", line 2056, in gather_dep
    response = await get_data_from_worker(
  File "/opt/conda/envs/gdf/lib/python3.9/site-packages/distributed/worker.py", line 2860, in get_data_from_worker
    response = await send_recv(
  File "/opt/conda/envs/gdf/lib/python3.9/site-packages/distributed/core.py", line 1154, in send_recv
    response = await comm.read(deserializers=deserializers)
  File "/opt/conda/envs/gdf/lib/python3.9/site-packages/distributed/utils.py", line 832, in wrapper
    return await func(*args, **kwargs)
  File "/opt/conda/envs/gdf/lib/python3.9/site-packages/distributed/comm/ucx.py", line 368, in read
    raise CommClosedError(
distributed.comm.core.CommClosedError: Connection closed by writer.
Inner exception: UCXCanceled("<[Recv #003] ep: 0x7f89f8b5d140, tag: 0xee925c56a56347c1, nbytes: 16, type: <class 'numpy.ndarray'>>: ")
2024-03-20 07:28:18,070 - distributed.worker - ERROR - Worker stream died during communication: ucx://127.0.0.1:53861
Traceback (most recent call last):
  File "/opt/conda/envs/gdf/lib/python3.9/site-packages/distributed/comm/ucx.py", line 350, in read
    await self.ep.recv(msg)
  File "/opt/conda/envs/gdf/lib/python3.9/site-packages/ucp/core.py", line 737, in recv
    ret = await comm.tag_recv(self._ep, buffer, nbytes, tag, name=log)
ucp._libs.exceptions.UCXCanceled: <[Recv #003] ep: 0x7f89f8b5d240, tag: 0x12688bf7b220c181, nbytes: 16, type: <class 'numpy.ndarray'>>: 

During handling of the above exception, another exception occurred:

Traceback (most recent call last):
  File "/opt/conda/envs/gdf/lib/python3.9/site-packages/distributed/worker.py", line 2056, in gather_dep
    response = await get_data_from_worker(
  File "/opt/conda/envs/gdf/lib/python3.9/site-packages/distributed/worker.py", line 2860, in get_data_from_worker
    response = await send_recv(
  File "/opt/conda/envs/gdf/lib/python3.9/site-packages/distributed/core.py", line 1154, in send_recv
    response = await comm.read(deserializers=deserializers)
  File "/opt/conda/envs/gdf/lib/python3.9/site-packages/distributed/utils.py", line 832, in wrapper
    return await func(*args, **kwargs)
  File "/opt/conda/envs/gdf/lib/python3.9/site-packages/distributed/comm/ucx.py", line 368, in read
    raise CommClosedError(
distributed.comm.core.CommClosedError: Connection closed by writer.
Inner exception: UCXCanceled("<[Recv #003] ep: 0x7f89f8b5d240, tag: 0x12688bf7b220c181, nbytes: 16, type: <class 'numpy.ndarray'>>: ")
2024-03-20 07:28:18,071 - distributed.worker - ERROR - Worker stream died during communication: ucx://127.0.0.1:50981
Traceback (most recent call last):
  File "/opt/conda/envs/gdf/lib/python3.9/site-packages/distributed/comm/ucx.py", line 350, in read
    await self.ep.recv(msg)
  File "/opt/conda/envs/gdf/lib/python3.9/site-packages/ucp/core.py", line 737, in recv
    ret = await comm.tag_recv(self._ep, buffer, nbytes, tag, name=log)
ucp._libs.exceptions.UCXCanceled: <[Recv #003] ep: 0x7f89f8b5d1c0, tag: 0x69a9eacd43968d22, nbytes: 16, type: <class 'numpy.ndarray'>>: 

During handling of the above exception, another exception occurred:

Traceback (most recent call last):
  File "/opt/conda/envs/gdf/lib/python3.9/site-packages/distributed/worker.py", line 2056, in gather_dep
    response = await get_data_from_worker(
  File "/opt/conda/envs/gdf/lib/python3.9/site-packages/distributed/worker.py", line 2860, in get_data_from_worker
    response = await send_recv(
  File "/opt/conda/envs/gdf/lib/python3.9/site-packages/distributed/core.py", line 1154, in send_recv
    response = await comm.read(deserializers=deserializers)
  File "/opt/conda/envs/gdf/lib/python3.9/site-packages/distributed/utils.py", line 832, in wrapper
    return await func(*args, **kwargs)
  File "/opt/conda/envs/gdf/lib/python3.9/site-packages/distributed/comm/ucx.py", line 368, in read
    raise CommClosedError(
distributed.comm.core.CommClosedError: Connection closed by writer.
Inner exception: UCXCanceled("<[Recv #003] ep: 0x7f89f8b5d1c0, tag: 0x69a9eacd43968d22, nbytes: 16, type: <class 'numpy.ndarray'>>: ")
2024-03-20 07:28:18,070 - distributed.worker - ERROR - Worker stream died during communication: ucx://127.0.0.1:53861
Traceback (most recent call last):
  File "/opt/conda/envs/gdf/lib/python3.9/site-packages/distributed/comm/ucx.py", line 350, in read
    await self.ep.recv(msg)
  File "/opt/conda/envs/gdf/lib/python3.9/site-packages/ucp/core.py", line 737, in recv
    ret = await comm.tag_recv(self._ep, buffer, nbytes, tag, name=log)
ucp._libs.exceptions.UCXCanceled: <[Recv #003] ep: 0x7ff5d6a75100, tag: 0x20810dea9fab15af, nbytes: 16, type: <class 'numpy.ndarray'>>: 

During handling of the above exception, another exception occurred:

Traceback (most recent call last):
  File "/opt/conda/envs/gdf/lib/python3.9/site-packages/distributed/worker.py", line 2056, in gather_dep
    response = await get_data_from_worker(
  File "/opt/conda/envs/gdf/lib/python3.9/site-packages/distributed/worker.py", line 2860, in get_data_from_worker
    response = await send_recv(
  File "/opt/conda/envs/gdf/lib/python3.9/site-packages/distributed/core.py", line 1154, in send_recv
    response = await comm.read(deserializers=deserializers)
  File "/opt/conda/envs/gdf/lib/python3.9/site-packages/distributed/utils.py", line 832, in wrapper
    return await func(*args, **kwargs)
  File "/opt/conda/envs/gdf/lib/python3.9/site-packages/distributed/comm/ucx.py", line 368, in read
    raise CommClosedError(
distributed.comm.core.CommClosedError: Connection closed by writer.
Inner exception: UCXCanceled("<[Recv #003] ep: 0x7ff5d6a75100, tag: 0x20810dea9fab15af, nbytes: 16, type: <class 'numpy.ndarray'>>: ")
2024-03-20 07:28:18,101 - distributed.worker - ERROR - Worker stream died during communication: ucx://127.0.0.1:53861
Traceback (most recent call last):
  File "/opt/conda/envs/gdf/lib/python3.9/site-packages/distributed/comm/ucx.py", line 350, in read
    await self.ep.recv(msg)
  File "/opt/conda/envs/gdf/lib/python3.9/site-packages/ucp/core.py", line 737, in recv
    ret = await comm.tag_recv(self._ep, buffer, nbytes, tag, name=log)
ucp._libs.exceptions.UCXCanceled: <[Recv #003] ep: 0x7f74e402e340, tag: 0x38c2eee4875ff3d7, nbytes: 16, type: <class 'numpy.ndarray'>>: 

During handling of the above exception, another exception occurred:

Traceback (most recent call last):
  File "/opt/conda/envs/gdf/lib/python3.9/site-packages/distributed/worker.py", line 2056, in gather_dep
    response = await get_data_from_worker(
  File "/opt/conda/envs/gdf/lib/python3.9/site-packages/distributed/worker.py", line 2860, in get_data_from_worker
    response = await send_recv(
  File "/opt/conda/envs/gdf/lib/python3.9/site-packages/distributed/core.py", line 1154, in send_recv
    response = await comm.read(deserializers=deserializers)
  File "/opt/conda/envs/gdf/lib/python3.9/site-packages/distributed/utils.py", line 832, in wrapper
    return await func(*args, **kwargs)
  File "/opt/conda/envs/gdf/lib/python3.9/site-packages/distributed/comm/ucx.py", line 368, in read
    raise CommClosedError(
distributed.comm.core.CommClosedError: Connection closed by writer.
Inner exception: UCXCanceled("<[Recv #003] ep: 0x7f74e402e340, tag: 0x38c2eee4875ff3d7, nbytes: 16, type: <class 'numpy.ndarray'>>: ")
2024-03-20 07:28:45,404 - distributed.worker - ERROR - Worker stream died during communication: ucx://127.0.0.1:40567
Traceback (most recent call last):
  File "/opt/conda/envs/gdf/lib/python3.9/site-packages/distributed/comm/ucx.py", line 467, in connect
    ep = await ucp.create_endpoint(ip, port)
  File "/opt/conda/envs/gdf/lib/python3.9/site-packages/ucp/core.py", line 1016, in create_endpoint
    return await _get_ctx().create_endpoint(
  File "/opt/conda/envs/gdf/lib/python3.9/site-packages/ucp/core.py", line 328, in create_endpoint
    peer_info = await exchange_peer_info(
  File "/opt/conda/envs/gdf/lib/python3.9/site-packages/ucp/core.py", line 60, in exchange_peer_info
    await asyncio.wait_for(
  File "/opt/conda/envs/gdf/lib/python3.9/asyncio/tasks.py", line 466, in wait_for
    await waiter
asyncio.exceptions.CancelledError

During handling of the above exception, another exception occurred:

Traceback (most recent call last):
  File "/opt/conda/envs/gdf/lib/python3.9/asyncio/tasks.py", line 490, in wait_for
    return fut.result()
asyncio.exceptions.CancelledError

The above exception was the direct cause of the following exception:

Traceback (most recent call last):
  File "/opt/conda/envs/gdf/lib/python3.9/site-packages/distributed/comm/core.py", line 342, in connect
    comm = await wait_for(
  File "/opt/conda/envs/gdf/lib/python3.9/site-packages/distributed/utils.py", line 1940, in wait_for
    return await asyncio.wait_for(fut, timeout)
  File "/opt/conda/envs/gdf/lib/python3.9/asyncio/tasks.py", line 492, in wait_for
    raise exceptions.TimeoutError() from exc
asyncio.exceptions.TimeoutError

The above exception was the direct cause of the following exception:

Traceback (most recent call last):
  File "/opt/conda/envs/gdf/lib/python3.9/site-packages/distributed/worker.py", line 2056, in gather_dep
    response = await get_data_from_worker(
  File "/opt/conda/envs/gdf/lib/python3.9/site-packages/distributed/worker.py", line 2857, in get_data_from_worker
    comm = await rpc.connect(worker)
  File "/opt/conda/envs/gdf/lib/python3.9/site-packages/distributed/core.py", line 1674, in connect
    return connect_attempt.result()
  File "/opt/conda/envs/gdf/lib/python3.9/site-packages/distributed/core.py", line 1564, in _connect
    comm = await connect(
  File "/opt/conda/envs/gdf/lib/python3.9/site-packages/distributed/comm/core.py", line 368, in connect
    raise OSError(
OSError: Timed out trying to connect to ucx://127.0.0.1:40567 after 30 s
/opt/conda/envs/gdf/lib/python3.9/multiprocessing/resource_tracker.py:216: UserWarning: resource_tracker: There appear to be 18 leaked semaphore objects to clean up at shutdown
  warnings.warn('resource_tracker: There appear to be %d '
