2023-06-06 06:10:12,098 - distributed.preloading - INFO - Creating preload: dask_cuda.initialize
2023-06-06 06:10:12,098 - distributed.preloading - INFO - Import preload module: dask_cuda.initialize
2023-06-06 06:10:12,156 - distributed.preloading - INFO - Creating preload: dask_cuda.initialize
2023-06-06 06:10:12,156 - distributed.preloading - INFO - Import preload module: dask_cuda.initialize
2023-06-06 06:10:12,208 - distributed.preloading - INFO - Creating preload: dask_cuda.initialize
2023-06-06 06:10:12,208 - distributed.preloading - INFO - Import preload module: dask_cuda.initialize
2023-06-06 06:10:12,215 - distributed.preloading - INFO - Creating preload: dask_cuda.initialize
2023-06-06 06:10:12,215 - distributed.preloading - INFO - Import preload module: dask_cuda.initialize
2023-06-06 06:10:12,263 - distributed.preloading - INFO - Creating preload: dask_cuda.initialize
2023-06-06 06:10:12,263 - distributed.preloading - INFO - Import preload module: dask_cuda.initialize
2023-06-06 06:10:12,265 - distributed.preloading - INFO - Creating preload: dask_cuda.initialize
2023-06-06 06:10:12,265 - distributed.preloading - INFO - Import preload module: dask_cuda.initialize
2023-06-06 06:10:12,266 - distributed.preloading - INFO - Creating preload: dask_cuda.initialize
2023-06-06 06:10:12,267 - distributed.preloading - INFO - Import preload module: dask_cuda.initialize
2023-06-06 06:10:12,271 - distributed.preloading - INFO - Creating preload: dask_cuda.initialize
2023-06-06 06:10:12,271 - distributed.preloading - INFO - Import preload module: dask_cuda.initialize
[dgx13:73773:0:73773] Caught signal 11 (Segmentation fault: address not mapped to object at address 0x448)
==== backtrace (tid:  73773) ====
 0  /opt/conda/envs/gdf/lib/libucs.so.0(ucs_handle_error+0x2fd) [0x7f527c4cff5d]
 1  /opt/conda/envs/gdf/lib/libucs.so.0(+0x2b154) [0x7f527c4d0154]
 2  /opt/conda/envs/gdf/lib/libucs.so.0(+0x2b31a) [0x7f527c4d031a]
 3  /usr/lib/x86_64-linux-gnu/libpthread.so.0(+0x14420) [0x7f531cce9420]
 4  /opt/conda/envs/gdf/lib/libucp.so.0(ucp_mem_type_unpack+0x14) [0x7f527c54ebd4]
 5  /opt/conda/envs/gdf/lib/libucp.so.0(ucp_rndv_data_handler+0x4e9) [0x7f527c575ef9]
 6  /opt/conda/envs/gdf/lib/libuct.so.0(+0x2033f) [0x7f527c48933f]
 7  /opt/conda/envs/gdf/lib/libuct.so.0(+0x237a8) [0x7f527c48c7a8]
 8  /opt/conda/envs/gdf/lib/libucs.so.0(ucs_event_set_wait+0xb9) [0x7f527c4d9529]
 9  /opt/conda/envs/gdf/lib/libuct.so.0(uct_tcp_iface_progress+0x7d) [0x7f527c48b53d]
10  /opt/conda/envs/gdf/lib/libucp.so.0(ucp_worker_progress+0x5a) [0x7f527c54bdaa]
11  /opt/conda/envs/gdf/lib/python3.9/site-packages/ucp/_libs/ucx_api.cpython-39-x86_64-linux-gnu.so(+0x2b17a) [0x7f527c5fd17a]
12  /opt/conda/envs/gdf/bin/python(+0x13eb08) [0x5572d38dcb08]
13  /opt/conda/envs/gdf/bin/python(_PyEval_EvalFrameDefault+0x5f82) [0x5572d38cd112]
14  /opt/conda/envs/gdf/bin/python(+0x12827a) [0x5572d38c627a]
15  /opt/conda/envs/gdf/bin/python(_PyFunction_Vectorcall+0xd5) [0x5572d38d7c05]
16  /opt/conda/envs/gdf/bin/python(_PyEval_EvalFrameDefault+0x68b) [0x5572d38c781b]
17  /opt/conda/envs/gdf/bin/python(+0x14e70e) [0x5572d38ec70e]
18  /opt/conda/envs/gdf/lib/python3.9/lib-dynload/_asyncio.cpython-39-x86_64-linux-gnu.so(+0x82fe) [0x7f53102e82fe]
19  /opt/conda/envs/gdf/bin/python(_PyObject_MakeTpCall+0x2fc) [0x5572d38d02bc]
20  /opt/conda/envs/gdf/bin/python(+0xe5817) [0x5572d3883817]
21  /opt/conda/envs/gdf/bin/python(+0x130f83) [0x5572d38cef83]
22  /opt/conda/envs/gdf/bin/python(_PyEval_EvalFrameDefault+0x5ba6) [0x5572d38ccd36]
23  /opt/conda/envs/gdf/bin/python(+0x139ef3) [0x5572d38d7ef3]
24  /opt/conda/envs/gdf/bin/python(_PyEval_EvalFrameDefault+0x68b) [0x5572d38c781b]
25  /opt/conda/envs/gdf/bin/python(+0x139ef3) [0x5572d38d7ef3]
26  /opt/conda/envs/gdf/bin/python(_PyEval_EvalFrameDefault+0x68b) [0x5572d38c781b]
27  /opt/conda/envs/gdf/bin/python(+0x139ef3) [0x5572d38d7ef3]
28  /opt/conda/envs/gdf/bin/python(_PyEval_EvalFrameDefault+0x68b) [0x5572d38c781b]
29  /opt/conda/envs/gdf/bin/python(+0x139ef3) [0x5572d38d7ef3]
30  /opt/conda/envs/gdf/bin/python(_PyEval_EvalFrameDefault+0x68b) [0x5572d38c781b]
31  /opt/conda/envs/gdf/bin/python(+0x12827a) [0x5572d38c627a]
32  /opt/conda/envs/gdf/bin/python(_PyFunction_Vectorcall+0xd5) [0x5572d38d7c05]
33  /opt/conda/envs/gdf/bin/python(_PyEval_EvalFrameDefault+0x4e17) [0x5572d38cbfa7]
34  /opt/conda/envs/gdf/bin/python(+0x12827a) [0x5572d38c627a]
35  /opt/conda/envs/gdf/bin/python(+0x147935) [0x5572d38e5935]
36  /opt/conda/envs/gdf/bin/python(PyObject_Call+0xb4) [0x5572d38e6104]
37  /opt/conda/envs/gdf/bin/python(+0x20efc8) [0x5572d39acfc8]
38  /opt/conda/envs/gdf/bin/python(_PyObject_MakeTpCall+0x2fc) [0x5572d38d02bc]
39  /opt/conda/envs/gdf/bin/python(_PyEval_EvalFrameDefault+0x402b) [0x5572d38cb1bb]
40  /opt/conda/envs/gdf/bin/python(+0x139ef3) [0x5572d38d7ef3]
41  /opt/conda/envs/gdf/bin/python(+0x147c72) [0x5572d38e5c72]
42  /opt/conda/envs/gdf/bin/python(_PyEval_EvalFrameDefault+0x402b) [0x5572d38cb1bb]
43  /opt/conda/envs/gdf/bin/python(+0x139ef3) [0x5572d38d7ef3]
44  /opt/conda/envs/gdf/bin/python(_PyEval_EvalFrameDefault+0x68b) [0x5572d38c781b]
45  /opt/conda/envs/gdf/bin/python(+0x12827a) [0x5572d38c627a]
46  /opt/conda/envs/gdf/bin/python(_PyFunction_Vectorcall+0xd5) [0x5572d38d7c05]
47  /opt/conda/envs/gdf/bin/python(_PyEval_EvalFrameDefault+0x68b) [0x5572d38c781b]
48  /opt/conda/envs/gdf/bin/python(+0x139ef3) [0x5572d38d7ef3]
49  /opt/conda/envs/gdf/bin/python(_PyEval_EvalFrameDefault+0x3d8) [0x5572d38c7568]
50  /opt/conda/envs/gdf/bin/python(+0x12827a) [0x5572d38c627a]
51  /opt/conda/envs/gdf/bin/python(_PyFunction_Vectorcall+0xd5) [0x5572d38d7c05]
52  /opt/conda/envs/gdf/bin/python(_PyEval_EvalFrameDefault+0x123b) [0x5572d38c83cb]
53  /opt/conda/envs/gdf/bin/python(+0x12827a) [0x5572d38c627a]
54  /opt/conda/envs/gdf/bin/python(_PyEval_EvalCodeWithName+0x47) [0x5572d38c5f07]
55  /opt/conda/envs/gdf/bin/python(PyEval_EvalCodeEx+0x39) [0x5572d38c5eb9]
56  /opt/conda/envs/gdf/bin/python(PyEval_EvalCode+0x1b) [0x5572d39768bb]
57  /opt/conda/envs/gdf/bin/python(+0x206adc) [0x5572d39a4adc]
58  /opt/conda/envs/gdf/bin/python(+0x202c24) [0x5572d39a0c24]
59  /opt/conda/envs/gdf/bin/python(PyRun_StringFlags+0x9d) [0x5572d39987ed]
60  /opt/conda/envs/gdf/bin/python(PyRun_SimpleStringFlags+0x3d) [0x5572d39986bd]
61  /opt/conda/envs/gdf/bin/python(Py_RunMain+0x262) [0x5572d39978a2]
=================================
[dgx13:73779:0:73779] Caught signal 11 (Segmentation fault: address not mapped to object at address 0x448)
[dgx13:73763:0:73763] Caught signal 11 (Segmentation fault: address not mapped to object at address 0x448)
==== backtrace (tid:  73779) ====
 0  /opt/conda/envs/gdf/lib/libucs.so.0(ucs_handle_error+0x2fd) [0x7f432c8caf5d]
 1  /opt/conda/envs/gdf/lib/libucs.so.0(+0x2b154) [0x7f432c8cb154]
 2  /opt/conda/envs/gdf/lib/libucs.so.0(+0x2b31a) [0x7f432c8cb31a]
 3  /usr/lib/x86_64-linux-gnu/libpthread.so.0(+0x14420) [0x7f43cd0ee420]
 4  /opt/conda/envs/gdf/lib/libucp.so.0(ucp_mem_type_unpack+0x14) [0x7f432c949bd4]
 5  /opt/conda/envs/gdf/lib/libucp.so.0(ucp_rndv_data_handler+0x4e9) [0x7f432c970ef9]
 6  /opt/conda/envs/gdf/lib/libuct.so.0(+0x2033f) [0x7f432c88433f]
 7  /opt/conda/envs/gdf/lib/libuct.so.0(+0x237a8) [0x7f432c8877a8]
 8  /opt/conda/envs/gdf/lib/libucs.so.0(ucs_event_set_wait+0xb9) [0x7f432c8d4529]
 9  /opt/conda/envs/gdf/lib/libuct.so.0(uct_tcp_iface_progress+0x7d) [0x7f432c88653d]
10  /opt/conda/envs/gdf/lib/libucp.so.0(ucp_worker_progress+0x5a) [0x7f432c946daa]
11  /opt/conda/envs/gdf/lib/python3.9/site-packages/ucp/_libs/ucx_api.cpython-39-x86_64-linux-gnu.so(+0x2b17a) [0x7f432c9f817a]
12  /opt/conda/envs/gdf/bin/python(+0x13eb08) [0x55b35a7f5b08]
13  /opt/conda/envs/gdf/bin/python(_PyEval_EvalFrameDefault+0x5f82) [0x55b35a7e6112]
14  /opt/conda/envs/gdf/bin/python(+0x12827a) [0x55b35a7df27a]
15  /opt/conda/envs/gdf/bin/python(_PyFunction_Vectorcall+0xd5) [0x55b35a7f0c05]
16  /opt/conda/envs/gdf/bin/python(_PyEval_EvalFrameDefault+0x68b) [0x55b35a7e081b]
17  /opt/conda/envs/gdf/bin/python(+0x139ef3) [0x55b35a7f0ef3]
18  /opt/conda/envs/gdf/bin/python(+0x147a16) [0x55b35a7fea16]
19  /opt/conda/envs/gdf/bin/python(+0x2579b1) [0x55b35a90e9b1]
20  /opt/conda/envs/gdf/bin/python(+0xe5817) [0x55b35a79c817]
21  /opt/conda/envs/gdf/bin/python(+0x130f83) [0x55b35a7e7f83]
22  /opt/conda/envs/gdf/bin/python(_PyEval_EvalFrameDefault+0x5ba6) [0x55b35a7e5d36]
23  /opt/conda/envs/gdf/bin/python(+0x139ef3) [0x55b35a7f0ef3]
24  /opt/conda/envs/gdf/bin/python(_PyEval_EvalFrameDefault+0x68b) [0x55b35a7e081b]
25  /opt/conda/envs/gdf/bin/python(+0x139ef3) [0x55b35a7f0ef3]
26  /opt/conda/envs/gdf/bin/python(_PyEval_EvalFrameDefault+0x68b) [0x55b35a7e081b]
27  /opt/conda/envs/gdf/bin/python(+0x139ef3) [0x55b35a7f0ef3]
28  /opt/conda/envs/gdf/bin/python(_PyEval_EvalFrameDefault+0x68b) [0x55b35a7e081b]
29  /opt/conda/envs/gdf/bin/python(+0x139ef3) [0x55b35a7f0ef3]
30  /opt/conda/envs/gdf/bin/python(_PyEval_EvalFrameDefault+0x68b) [0x55b35a7e081b]
31  /opt/conda/envs/gdf/bin/python(+0x12827a) [0x55b35a7df27a]
32  /opt/conda/envs/gdf/bin/python(_PyFunction_Vectorcall+0xd5) [0x55b35a7f0c05]
33  /opt/conda/envs/gdf/bin/python(_PyEval_EvalFrameDefault+0x4e17) [0x55b35a7e4fa7]
34  /opt/conda/envs/gdf/bin/python(+0x12827a) [0x55b35a7df27a]
35  /opt/conda/envs/gdf/bin/python(+0x147935) [0x55b35a7fe935]
36  /opt/conda/envs/gdf/bin/python(PyObject_Call+0xb4) [0x55b35a7ff104]
37  /opt/conda/envs/gdf/bin/python(+0x20efc8) [0x55b35a8c5fc8]
38  /opt/conda/envs/gdf/bin/python(_PyObject_MakeTpCall+0x2fc) [0x55b35a7e92bc]
39  /opt/conda/envs/gdf/bin/python(_PyEval_EvalFrameDefault+0x402b) [0x55b35a7e41bb]
40  /opt/conda/envs/gdf/bin/python(+0x139ef3) [0x55b35a7f0ef3]
41  /opt/conda/envs/gdf/bin/python(+0x147c72) [0x55b35a7fec72]
42  /opt/conda/envs/gdf/bin/python(_PyEval_EvalFrameDefault+0x402b) [0x55b35a7e41bb]
43  /opt/conda/envs/gdf/bin/python(+0x139ef3) [0x55b35a7f0ef3]
44  /opt/conda/envs/gdf/bin/python(_PyEval_EvalFrameDefault+0x68b) [0x55b35a7e081b]
45  /opt/conda/envs/gdf/bin/python(+0x12827a) [0x55b35a7df27a]
46  /opt/conda/envs/gdf/bin/python(_PyFunction_Vectorcall+0xd5) [0x55b35a7f0c05]
47  /opt/conda/envs/gdf/bin/python(_PyEval_EvalFrameDefault+0x68b) [0x55b35a7e081b]
48  /opt/conda/envs/gdf/bin/python(+0x139ef3) [0x55b35a7f0ef3]
49  /opt/conda/envs/gdf/bin/python(_PyEval_EvalFrameDefault+0x3d8) [0x55b35a7e0568]
50  /opt/conda/envs/gdf/bin/python(+0x12827a) [0x55b35a7df27a]
51  /opt/conda/envs/gdf/bin/python(_PyFunction_Vectorcall+0xd5) [0x55b35a7f0c05]
52  /opt/conda/envs/gdf/bin/python(_PyEval_EvalFrameDefault+0x123b) [0x55b35a7e13cb]
53  /opt/conda/envs/gdf/bin/python(+0x12827a) [0x55b35a7df27a]
54  /opt/conda/envs/gdf/bin/python(_PyEval_EvalCodeWithName+0x47) [0x55b35a7def07]
55  /opt/conda/envs/gdf/bin/python(PyEval_EvalCodeEx+0x39) [0x55b35a7deeb9]
56  /opt/conda/envs/gdf/bin/python(PyEval_EvalCode+0x1b) [0x55b35a88f8bb]
57  /opt/conda/envs/gdf/bin/python(+0x206adc) [0x55b35a8bdadc]
58  /opt/conda/envs/gdf/bin/python(+0x202c24) [0x55b35a8b9c24]
59  /opt/conda/envs/gdf/bin/python(PyRun_StringFlags+0x9d) [0x55b35a8b17ed]
60  /opt/conda/envs/gdf/bin/python(PyRun_SimpleStringFlags+0x3d) [0x55b35a8b16bd]
61  /opt/conda/envs/gdf/bin/python(Py_RunMain+0x262) [0x55b35a8b08a2]
=================================
==== backtrace (tid:  73763) ====
 0  /opt/conda/envs/gdf/lib/libucs.so.0(ucs_handle_error+0x2fd) [0x7fbad0d10f5d]
 1  /opt/conda/envs/gdf/lib/libucs.so.0(+0x2b154) [0x7fbad0d11154]
 2  /opt/conda/envs/gdf/lib/libucs.so.0(+0x2b31a) [0x7fbad0d1131a]
 3  /usr/lib/x86_64-linux-gnu/libpthread.so.0(+0x14420) [0x7fbb7152e420]
 4  /opt/conda/envs/gdf/lib/libucp.so.0(ucp_mem_type_unpack+0x14) [0x7fbad0d8fbd4]
 5  /opt/conda/envs/gdf/lib/libucp.so.0(ucp_rndv_data_handler+0x4e9) [0x7fbad0db6ef9]
 6  /opt/conda/envs/gdf/lib/libuct.so.0(+0x2033f) [0x7fbad0cca33f]
 7  /opt/conda/envs/gdf/lib/libuct.so.0(+0x237a8) [0x7fbad0ccd7a8]
 8  /opt/conda/envs/gdf/lib/libucs.so.0(ucs_event_set_wait+0xb9) [0x7fbad0d1a529]
 9  /opt/conda/envs/gdf/lib/libuct.so.0(uct_tcp_iface_progress+0x7d) [0x7fbad0ccc53d]
10  /opt/conda/envs/gdf/lib/libucp.so.0(ucp_worker_progress+0x5a) [0x7fbad0d8cdaa]
11  /opt/conda/envs/gdf/lib/python3.9/site-packages/ucp/_libs/ucx_api.cpython-39-x86_64-linux-gnu.so(+0x2b17a) [0x7fbad0e3e17a]
12  /opt/conda/envs/gdf/bin/python(+0x13eb08) [0x560742109b08]
13  /opt/conda/envs/gdf/bin/python(_PyEval_EvalFrameDefault+0x5f82) [0x5607420fa112]
14  /opt/conda/envs/gdf/bin/python(+0x12827a) [0x5607420f327a]
15  /opt/conda/envs/gdf/bin/python(_PyFunction_Vectorcall+0xd5) [0x560742104c05]
16  /opt/conda/envs/gdf/bin/python(_PyEval_EvalFrameDefault+0x68b) [0x5607420f481b]
17  /opt/conda/envs/gdf/bin/python(+0x139ef3) [0x560742104ef3]
18  /opt/conda/envs/gdf/bin/python(+0x147a16) [0x560742112a16]
19  /opt/conda/envs/gdf/bin/python(+0x2579b1) [0x5607422229b1]
20  /opt/conda/envs/gdf/bin/python(+0xe5817) [0x5607420b0817]
21  /opt/conda/envs/gdf/bin/python(+0x130f83) [0x5607420fbf83]
22  /opt/conda/envs/gdf/bin/python(_PyEval_EvalFrameDefault+0x5ba6) [0x5607420f9d36]
23  /opt/conda/envs/gdf/bin/python(+0x139ef3) [0x560742104ef3]
24  /opt/conda/envs/gdf/bin/python(_PyEval_EvalFrameDefault+0x68b) [0x5607420f481b]
25  /opt/conda/envs/gdf/bin/python(+0x139ef3) [0x560742104ef3]
26  /opt/conda/envs/gdf/bin/python(_PyEval_EvalFrameDefault+0x68b) [0x5607420f481b]
27  /opt/conda/envs/gdf/bin/python(+0x139ef3) [0x560742104ef3]
28  /opt/conda/envs/gdf/bin/python(_PyEval_EvalFrameDefault+0x68b) [0x5607420f481b]
29  /opt/conda/envs/gdf/bin/python(+0x139ef3) [0x560742104ef3]
30  /opt/conda/envs/gdf/bin/python(_PyEval_EvalFrameDefault+0x68b) [0x5607420f481b]
31  /opt/conda/envs/gdf/bin/python(+0x12827a) [0x5607420f327a]
32  /opt/conda/envs/gdf/bin/python(_PyFunction_Vectorcall+0xd5) [0x560742104c05]
33  /opt/conda/envs/gdf/bin/python(_PyEval_EvalFrameDefault+0x4e17) [0x5607420f8fa7]
34  /opt/conda/envs/gdf/bin/python(+0x12827a) [0x5607420f327a]
35  /opt/conda/envs/gdf/bin/python(+0x147935) [0x560742112935]
36  /opt/conda/envs/gdf/bin/python(PyObject_Call+0xb4) [0x560742113104]
37  /opt/conda/envs/gdf/bin/python(+0x20efc8) [0x5607421d9fc8]
38  /opt/conda/envs/gdf/bin/python(_PyObject_MakeTpCall+0x2fc) [0x5607420fd2bc]
39  /opt/conda/envs/gdf/bin/python(_PyEval_EvalFrameDefault+0x402b) [0x5607420f81bb]
40  /opt/conda/envs/gdf/bin/python(+0x139ef3) [0x560742104ef3]
41  /opt/conda/envs/gdf/bin/python(+0x147c72) [0x560742112c72]
42  /opt/conda/envs/gdf/bin/python(_PyEval_EvalFrameDefault+0x402b) [0x5607420f81bb]
43  /opt/conda/envs/gdf/bin/python(+0x139ef3) [0x560742104ef3]
44  /opt/conda/envs/gdf/bin/python(_PyEval_EvalFrameDefault+0x68b) [0x5607420f481b]
45  /opt/conda/envs/gdf/bin/python(+0x12827a) [0x5607420f327a]
46  /opt/conda/envs/gdf/bin/python(_PyFunction_Vectorcall+0xd5) [0x560742104c05]
47  /opt/conda/envs/gdf/bin/python(_PyEval_EvalFrameDefault+0x68b) [0x5607420f481b]
48  /opt/conda/envs/gdf/bin/python(+0x139ef3) [0x560742104ef3]
49  /opt/conda/envs/gdf/bin/python(_PyEval_EvalFrameDefault+0x3d8) [0x5607420f4568]
50  /opt/conda/envs/gdf/bin/python(+0x12827a) [0x5607420f327a]
51  /opt/conda/envs/gdf/bin/python(_PyFunction_Vectorcall+0xd5) [0x560742104c05]
52  /opt/conda/envs/gdf/bin/python(_PyEval_EvalFrameDefault+0x123b) [0x5607420f53cb]
53  /opt/conda/envs/gdf/bin/python(+0x12827a) [0x5607420f327a]
54  /opt/conda/envs/gdf/bin/python(_PyEval_EvalCodeWithName+0x47) [0x5607420f2f07]
55  /opt/conda/envs/gdf/bin/python(PyEval_EvalCodeEx+0x39) [0x5607420f2eb9]
56  /opt/conda/envs/gdf/bin/python(PyEval_EvalCode+0x1b) [0x5607421a38bb]
57  /opt/conda/envs/gdf/bin/python(+0x206adc) [0x5607421d1adc]
58  /opt/conda/envs/gdf/bin/python(+0x202c24) [0x5607421cdc24]
59  /opt/conda/envs/gdf/bin/python(PyRun_StringFlags+0x9d) [0x5607421c57ed]
60  /opt/conda/envs/gdf/bin/python(PyRun_SimpleStringFlags+0x3d) [0x5607421c56bd]
61  /opt/conda/envs/gdf/bin/python(Py_RunMain+0x262) [0x5607421c48a2]
=================================
2023-06-06 06:10:20,767 - distributed.worker - ERROR - Worker stream died during communication: ucx://127.0.0.1:47517
Traceback (most recent call last):
  File "/opt/conda/envs/gdf/lib/python3.9/site-packages/distributed/comm/ucx.py", line 349, in read
    await self.ep.recv(msg)
  File "/opt/conda/envs/gdf/lib/python3.9/site-packages/ucp/core.py", line 725, in recv
    ret = await comm.tag_recv(self._ep, buffer, nbytes, tag, name=log)
ucp._libs.exceptions.UCXCanceled: <[Recv #003] ep: 0x7fc681bf4200, tag: 0x262c25d317b453e7, nbytes: 16, type: <class 'numpy.ndarray'>>: 

During handling of the above exception, another exception occurred:

Traceback (most recent call last):
  File "/opt/conda/envs/gdf/lib/python3.9/site-packages/distributed/worker.py", line 2066, in gather_dep
    response = await get_data_from_worker(
  File "/opt/conda/envs/gdf/lib/python3.9/site-packages/distributed/worker.py", line 2892, in get_data_from_worker
    response = await send_recv(
  File "/opt/conda/envs/gdf/lib/python3.9/site-packages/distributed/core.py", line 1024, in send_recv
    response = await comm.read(deserializers=deserializers)
  File "/opt/conda/envs/gdf/lib/python3.9/site-packages/distributed/utils.py", line 752, in wrapper
    return await func(*args, **kwargs)
  File "/opt/conda/envs/gdf/lib/python3.9/site-packages/distributed/comm/ucx.py", line 367, in read
    raise CommClosedError(
distributed.comm.core.CommClosedError: Connection closed by writer.
Inner exception: UCXCanceled("<[Recv #003] ep: 0x7fc681bf4200, tag: 0x262c25d317b453e7, nbytes: 16, type: <class 'numpy.ndarray'>>: ")
2023-06-06 06:10:20,768 - distributed.worker - ERROR - Worker stream died during communication: ucx://127.0.0.1:47517
Traceback (most recent call last):
  File "/opt/conda/envs/gdf/lib/python3.9/site-packages/distributed/comm/ucx.py", line 391, in read
    await self.ep.recv(each_frame)
  File "/opt/conda/envs/gdf/lib/python3.9/site-packages/ucp/core.py", line 725, in recv
    ret = await comm.tag_recv(self._ep, buffer, nbytes, tag, name=log)
ucp._libs.exceptions.UCXCanceled: <[Recv #008] ep: 0x7f5b5092e240, tag: 0xd11682f48beb5976, nbytes: 100000000, type: <class 'rmm._lib.device_buffer.DeviceBuffer'>>: 

During handling of the above exception, another exception occurred:

Traceback (most recent call last):
  File "/opt/conda/envs/gdf/lib/python3.9/site-packages/distributed/worker.py", line 2066, in gather_dep
    response = await get_data_from_worker(
  File "/opt/conda/envs/gdf/lib/python3.9/site-packages/distributed/worker.py", line 2892, in get_data_from_worker
    response = await send_recv(
  File "/opt/conda/envs/gdf/lib/python3.9/site-packages/distributed/core.py", line 1024, in send_recv
    response = await comm.read(deserializers=deserializers)
  File "/opt/conda/envs/gdf/lib/python3.9/site-packages/distributed/utils.py", line 752, in wrapper
    return await func(*args, **kwargs)
  File "/opt/conda/envs/gdf/lib/python3.9/site-packages/distributed/comm/ucx.py", line 397, in read
    raise CommClosedError(
distributed.comm.core.CommClosedError: Connection closed by writer.
Inner exception: UCXCanceled("<[Recv #008] ep: 0x7f5b5092e240, tag: 0xd11682f48beb5976, nbytes: 100000000, type: <class 'rmm._lib.device_buffer.DeviceBuffer'>>: ")
2023-06-06 06:10:20,768 - distributed.worker - ERROR - Worker stream died during communication: ucx://127.0.0.1:47517
Traceback (most recent call last):
  File "/opt/conda/envs/gdf/lib/python3.9/site-packages/distributed/comm/ucx.py", line 349, in read
    await self.ep.recv(msg)
  File "/opt/conda/envs/gdf/lib/python3.9/site-packages/ucp/core.py", line 725, in recv
    ret = await comm.tag_recv(self._ep, buffer, nbytes, tag, name=log)
ucp._libs.exceptions.UCXCanceled: <[Recv #003] ep: 0x7f1fb832f380, tag: 0x557bc62296ee7451, nbytes: 16, type: <class 'numpy.ndarray'>>: 

During handling of the above exception, another exception occurred:

Traceback (most recent call last):
  File "/opt/conda/envs/gdf/lib/python3.9/site-packages/distributed/worker.py", line 2066, in gather_dep
    response = await get_data_from_worker(
  File "/opt/conda/envs/gdf/lib/python3.9/site-packages/distributed/worker.py", line 2892, in get_data_from_worker
    response = await send_recv(
  File "/opt/conda/envs/gdf/lib/python3.9/site-packages/distributed/core.py", line 1024, in send_recv
    response = await comm.read(deserializers=deserializers)
  File "/opt/conda/envs/gdf/lib/python3.9/site-packages/distributed/utils.py", line 752, in wrapper
    return await func(*args, **kwargs)
  File "/opt/conda/envs/gdf/lib/python3.9/site-packages/distributed/comm/ucx.py", line 367, in read
    raise CommClosedError(
distributed.comm.core.CommClosedError: Connection closed by writer.
Inner exception: UCXCanceled("<[Recv #003] ep: 0x7f1fb832f380, tag: 0x557bc62296ee7451, nbytes: 16, type: <class 'numpy.ndarray'>>: ")
2023-06-06 06:10:20,782 - distributed.worker - ERROR - Worker stream died during communication: ucx://127.0.0.1:33593
Traceback (most recent call last):
  File "/opt/conda/envs/gdf/lib/python3.9/site-packages/distributed/comm/ucx.py", line 391, in read
    await self.ep.recv(each_frame)
  File "/opt/conda/envs/gdf/lib/python3.9/site-packages/ucp/core.py", line 725, in recv
    ret = await comm.tag_recv(self._ep, buffer, nbytes, tag, name=log)
ucp._libs.exceptions.UCXError: <[Recv #007] ep: 0x7fc681bf41c0, tag: 0x48f546d079b47c5e, nbytes: 100000000, type: <class 'rmm._lib.device_buffer.DeviceBuffer'>>: Connection reset by remote peer

During handling of the above exception, another exception occurred:

Traceback (most recent call last):
  File "/opt/conda/envs/gdf/lib/python3.9/site-packages/distributed/worker.py", line 2066, in gather_dep
    response = await get_data_from_worker(
  File "/opt/conda/envs/gdf/lib/python3.9/site-packages/distributed/worker.py", line 2892, in get_data_from_worker
    response = await send_recv(
  File "/opt/conda/envs/gdf/lib/python3.9/site-packages/distributed/core.py", line 1024, in send_recv
    response = await comm.read(deserializers=deserializers)
  File "/opt/conda/envs/gdf/lib/python3.9/site-packages/distributed/utils.py", line 752, in wrapper
    return await func(*args, **kwargs)
  File "/opt/conda/envs/gdf/lib/python3.9/site-packages/distributed/comm/ucx.py", line 397, in read
    raise CommClosedError(
distributed.comm.core.CommClosedError: Connection closed by writer.
Inner exception: UCXError("<[Recv #007] ep: 0x7fc681bf41c0, tag: 0x48f546d079b47c5e, nbytes: 100000000, type: <class 'rmm._lib.device_buffer.DeviceBuffer'>>: Connection reset by remote peer")
2023-06-06 06:10:20,783 - distributed.worker - ERROR - Worker stream died during communication: ucx://127.0.0.1:44117
Traceback (most recent call last):
  File "/opt/conda/envs/gdf/lib/python3.9/site-packages/distributed/comm/ucx.py", line 349, in read
    await self.ep.recv(msg)
  File "/opt/conda/envs/gdf/lib/python3.9/site-packages/ucp/core.py", line 725, in recv
    ret = await comm.tag_recv(self._ep, buffer, nbytes, tag, name=log)
ucp._libs.exceptions.UCXCanceled: <[Recv #003] ep: 0x7fc681bf4180, tag: 0x714f4f5db2602aa1, nbytes: 16, type: <class 'numpy.ndarray'>>: 

During handling of the above exception, another exception occurred:

Traceback (most recent call last):
  File "/opt/conda/envs/gdf/lib/python3.9/site-packages/distributed/worker.py", line 2066, in gather_dep
    response = await get_data_from_worker(
  File "/opt/conda/envs/gdf/lib/python3.9/site-packages/distributed/worker.py", line 2892, in get_data_from_worker
    response = await send_recv(
  File "/opt/conda/envs/gdf/lib/python3.9/site-packages/distributed/core.py", line 1024, in send_recv
    response = await comm.read(deserializers=deserializers)
  File "/opt/conda/envs/gdf/lib/python3.9/site-packages/distributed/utils.py", line 752, in wrapper
    return await func(*args, **kwargs)
  File "/opt/conda/envs/gdf/lib/python3.9/site-packages/distributed/comm/ucx.py", line 367, in read
    raise CommClosedError(
distributed.comm.core.CommClosedError: Connection closed by writer.
Inner exception: UCXCanceled("<[Recv #003] ep: 0x7fc681bf4180, tag: 0x714f4f5db2602aa1, nbytes: 16, type: <class 'numpy.ndarray'>>: ")
2023-06-06 06:10:20,793 - distributed.worker - ERROR - Worker stream died during communication: ucx://127.0.0.1:33593
Traceback (most recent call last):
  File "/opt/conda/envs/gdf/lib/python3.9/site-packages/distributed/comm/ucx.py", line 391, in read
    await self.ep.recv(each_frame)
  File "/opt/conda/envs/gdf/lib/python3.9/site-packages/ucp/core.py", line 708, in recv
    self._ep.raise_on_error()
  File "ucp/_libs/ucx_endpoint.pyx", line 353, in ucp._libs.ucx_api.UCXEndpoint.raise_on_error
ucp._libs.exceptions.UCXConnectionReset: Endpoint 0x7f434454c140 error: Connection reset by remote peer

During handling of the above exception, another exception occurred:

Traceback (most recent call last):
  File "/opt/conda/envs/gdf/lib/python3.9/site-packages/distributed/worker.py", line 2066, in gather_dep
    response = await get_data_from_worker(
  File "/opt/conda/envs/gdf/lib/python3.9/site-packages/distributed/worker.py", line 2892, in get_data_from_worker
    response = await send_recv(
  File "/opt/conda/envs/gdf/lib/python3.9/site-packages/distributed/core.py", line 1024, in send_recv
    response = await comm.read(deserializers=deserializers)
  File "/opt/conda/envs/gdf/lib/python3.9/site-packages/distributed/utils.py", line 752, in wrapper
    return await func(*args, **kwargs)
  File "/opt/conda/envs/gdf/lib/python3.9/site-packages/distributed/comm/ucx.py", line 397, in read
    raise CommClosedError(
distributed.comm.core.CommClosedError: Connection closed by writer.
Inner exception: UCXConnectionReset('Endpoint 0x7f434454c140 error: Connection reset by remote peer')
2023-06-06 06:10:20,795 - distributed.worker - ERROR - Worker stream died during communication: ucx://127.0.0.1:44117
Traceback (most recent call last):
  File "/opt/conda/envs/gdf/lib/python3.9/site-packages/distributed/worker.py", line 2066, in gather_dep
    response = await get_data_from_worker(
  File "/opt/conda/envs/gdf/lib/python3.9/site-packages/distributed/worker.py", line 2892, in get_data_from_worker
    response = await send_recv(
  File "/opt/conda/envs/gdf/lib/python3.9/site-packages/distributed/core.py", line 1022, in send_recv
    await comm.write(msg, serializers=serializers, on_error="raise")
  File "/opt/conda/envs/gdf/lib/python3.9/site-packages/distributed/utils.py", line 752, in wrapper
    return await func(*args, **kwargs)
  File "/opt/conda/envs/gdf/lib/python3.9/site-packages/distributed/comm/ucx.py", line 289, in write
    raise CommClosedError("Endpoint is closed -- unable to send message")
distributed.comm.core.CommClosedError: Endpoint is closed -- unable to send message
2023-06-06 06:10:20,796 - distributed.worker - ERROR - Worker stream died during communication: ucx://127.0.0.1:47517
Traceback (most recent call last):
  File "/opt/conda/envs/gdf/lib/python3.9/site-packages/distributed/worker.py", line 2066, in gather_dep
    response = await get_data_from_worker(
  File "/opt/conda/envs/gdf/lib/python3.9/site-packages/distributed/worker.py", line 2892, in get_data_from_worker
    response = await send_recv(
  File "/opt/conda/envs/gdf/lib/python3.9/site-packages/distributed/core.py", line 1022, in send_recv
    await comm.write(msg, serializers=serializers, on_error="raise")
  File "/opt/conda/envs/gdf/lib/python3.9/site-packages/distributed/utils.py", line 752, in wrapper
    return await func(*args, **kwargs)
  File "/opt/conda/envs/gdf/lib/python3.9/site-packages/distributed/comm/ucx.py", line 289, in write
    raise CommClosedError("Endpoint is closed -- unable to send message")
distributed.comm.core.CommClosedError: Endpoint is closed -- unable to send message
2023-06-06 06:10:20,796 - distributed.worker - ERROR - Worker stream died during communication: ucx://127.0.0.1:33593
Traceback (most recent call last):
  File "/opt/conda/envs/gdf/lib/python3.9/site-packages/distributed/worker.py", line 2066, in gather_dep
    response = await get_data_from_worker(
  File "/opt/conda/envs/gdf/lib/python3.9/site-packages/distributed/worker.py", line 2892, in get_data_from_worker
    response = await send_recv(
  File "/opt/conda/envs/gdf/lib/python3.9/site-packages/distributed/core.py", line 1022, in send_recv
    await comm.write(msg, serializers=serializers, on_error="raise")
  File "/opt/conda/envs/gdf/lib/python3.9/site-packages/distributed/utils.py", line 752, in wrapper
    return await func(*args, **kwargs)
  File "/opt/conda/envs/gdf/lib/python3.9/site-packages/distributed/comm/ucx.py", line 289, in write
    raise CommClosedError("Endpoint is closed -- unable to send message")
distributed.comm.core.CommClosedError: Endpoint is closed -- unable to send message
2023-06-06 06:10:20,797 - distributed.worker - ERROR - failed during get data with ucx://127.0.0.1:39443 -> ucx://127.0.0.1:33593
Traceback (most recent call last):
  File "/opt/conda/envs/gdf/lib/python3.9/site-packages/distributed/comm/ucx.py", line 315, in write
    await self.ep.send(struct.pack("?Q", False, nframes))
  File "/opt/conda/envs/gdf/lib/python3.9/site-packages/ucp/core.py", line 629, in send
    self._ep.raise_on_error()
  File "ucp/_libs/ucx_endpoint.pyx", line 353, in ucp._libs.ucx_api.UCXEndpoint.raise_on_error
ucp._libs.exceptions.UCXConnectionReset: Endpoint 0x7fb6ec138380 error: Connection reset by remote peer

During handling of the above exception, another exception occurred:

Traceback (most recent call last):
  File "/opt/conda/envs/gdf/lib/python3.9/site-packages/distributed/worker.py", line 1792, in get_data
    compressed = await comm.write(msg, serializers=serializers)
  File "/opt/conda/envs/gdf/lib/python3.9/site-packages/distributed/utils.py", line 752, in wrapper
    return await func(*args, **kwargs)
  File "/opt/conda/envs/gdf/lib/python3.9/site-packages/distributed/comm/ucx.py", line 337, in write
    raise CommClosedError("While writing, the connection was closed")
distributed.comm.core.CommClosedError: While writing, the connection was closed
2023-06-06 06:10:20,801 - distributed.worker - ERROR - failed during get data with ucx://127.0.0.1:35343 -> ucx://127.0.0.1:33593
Traceback (most recent call last):
  File "/opt/conda/envs/gdf/lib/python3.9/site-packages/distributed/worker.py", line 1792, in get_data
    compressed = await comm.write(msg, serializers=serializers)
  File "/opt/conda/envs/gdf/lib/python3.9/site-packages/distributed/utils.py", line 752, in wrapper
    return await func(*args, **kwargs)
  File "/opt/conda/envs/gdf/lib/python3.9/site-packages/distributed/comm/ucx.py", line 289, in write
    raise CommClosedError("Endpoint is closed -- unable to send message")
distributed.comm.core.CommClosedError: Endpoint is closed -- unable to send message
2023-06-06 06:10:20,804 - distributed.worker - ERROR - failed during get data with ucx://127.0.0.1:39443 -> ucx://127.0.0.1:47517
Traceback (most recent call last):
  File "/opt/conda/envs/gdf/lib/python3.9/site-packages/distributed/worker.py", line 1792, in get_data
    compressed = await comm.write(msg, serializers=serializers)
  File "/opt/conda/envs/gdf/lib/python3.9/site-packages/distributed/utils.py", line 752, in wrapper
    return await func(*args, **kwargs)
  File "/opt/conda/envs/gdf/lib/python3.9/site-packages/distributed/comm/ucx.py", line 289, in write
    raise CommClosedError("Endpoint is closed -- unable to send message")
distributed.comm.core.CommClosedError: Endpoint is closed -- unable to send message
[dgx13:73759:0:73759] Caught signal 11 (Segmentation fault: address not mapped to object at address 0x448)
==== backtrace (tid:  73759) ====
 0  /opt/conda/envs/gdf/lib/libucs.so.0(ucs_handle_error+0x2fd) [0x7f4344811f5d]
 1  /opt/conda/envs/gdf/lib/libucs.so.0(+0x2b154) [0x7f4344812154]
 2  /opt/conda/envs/gdf/lib/libucs.so.0(+0x2b31a) [0x7f434481231a]
 3  /usr/lib/x86_64-linux-gnu/libpthread.so.0(+0x14420) [0x7f43d7033420]
 4  /opt/conda/envs/gdf/lib/libucp.so.0(ucp_mem_type_unpack+0x14) [0x7f4344890bd4]
 5  /opt/conda/envs/gdf/lib/libucp.so.0(ucp_rndv_data_handler+0x4e9) [0x7f43448b7ef9]
 6  /opt/conda/envs/gdf/lib/libuct.so.0(+0x2033f) [0x7f43447cb33f]
 7  /opt/conda/envs/gdf/lib/libuct.so.0(+0x237a8) [0x7f43447ce7a8]
 8  /opt/conda/envs/gdf/lib/libucs.so.0(ucs_event_set_wait+0xb9) [0x7f434481b529]
 9  /opt/conda/envs/gdf/lib/libuct.so.0(uct_tcp_iface_progress+0x7d) [0x7f43447cd53d]
10  /opt/conda/envs/gdf/lib/libucp.so.0(ucp_worker_progress+0x5a) [0x7f434488ddaa]
11  /opt/conda/envs/gdf/lib/python3.9/site-packages/ucp/_libs/ucx_api.cpython-39-x86_64-linux-gnu.so(+0x2b17a) [0x7f434493f17a]
12  /opt/conda/envs/gdf/bin/python(+0x13eb08) [0x55d1c650eb08]
13  /opt/conda/envs/gdf/bin/python(_PyEval_EvalFrameDefault+0x5f82) [0x55d1c64ff112]
14  /opt/conda/envs/gdf/bin/python(+0x12827a) [0x55d1c64f827a]
15  /opt/conda/envs/gdf/bin/python(_PyFunction_Vectorcall+0xd5) [0x55d1c6509c05]
16  /opt/conda/envs/gdf/bin/python(_PyEval_EvalFrameDefault+0x68b) [0x55d1c64f981b]
17  /opt/conda/envs/gdf/bin/python(+0x14e70e) [0x55d1c651e70e]
18  /opt/conda/envs/gdf/lib/python3.9/lib-dynload/_asyncio.cpython-39-x86_64-linux-gnu.so(+0x82fe) [0x7f4356bb52fe]
19  /opt/conda/envs/gdf/bin/python(_PyObject_MakeTpCall+0x2fc) [0x55d1c65022bc]
20  /opt/conda/envs/gdf/bin/python(+0xe5817) [0x55d1c64b5817]
21  /opt/conda/envs/gdf/bin/python(+0x130f83) [0x55d1c6500f83]
22  /opt/conda/envs/gdf/bin/python(_PyEval_EvalFrameDefault+0x5ba6) [0x55d1c64fed36]
23  /opt/conda/envs/gdf/bin/python(+0x139ef3) [0x55d1c6509ef3]
24  /opt/conda/envs/gdf/bin/python(_PyEval_EvalFrameDefault+0x68b) [0x55d1c64f981b]
25  /opt/conda/envs/gdf/bin/python(+0x139ef3) [0x55d1c6509ef3]
26  /opt/conda/envs/gdf/bin/python(_PyEval_EvalFrameDefault+0x68b) [0x55d1c64f981b]
27  /opt/conda/envs/gdf/bin/python(+0x139ef3) [0x55d1c6509ef3]
28  /opt/conda/envs/gdf/bin/python(_PyEval_EvalFrameDefault+0x68b) [0x55d1c64f981b]
29  /opt/conda/envs/gdf/bin/python(+0x139ef3) [0x55d1c6509ef3]
30  /opt/conda/envs/gdf/bin/python(_PyEval_EvalFrameDefault+0x68b) [0x55d1c64f981b]
31  /opt/conda/envs/gdf/bin/python(+0x12827a) [0x55d1c64f827a]
32  /opt/conda/envs/gdf/bin/python(_PyFunction_Vectorcall+0xd5) [0x55d1c6509c05]
33  /opt/conda/envs/gdf/bin/python(_PyEval_EvalFrameDefault+0x4e17) [0x55d1c64fdfa7]
34  /opt/conda/envs/gdf/bin/python(+0x12827a) [0x55d1c64f827a]
35  /opt/conda/envs/gdf/bin/python(+0x147935) [0x55d1c6517935]
36  /opt/conda/envs/gdf/bin/python(PyObject_Call+0xb4) [0x55d1c6518104]
37  /opt/conda/envs/gdf/bin/python(+0x20efc8) [0x55d1c65defc8]
38  /opt/conda/envs/gdf/bin/python(_PyObject_MakeTpCall+0x2fc) [0x55d1c65022bc]
39  /opt/conda/envs/gdf/bin/python(_PyEval_EvalFrameDefault+0x402b) [0x55d1c64fd1bb]
40  /opt/conda/envs/gdf/bin/python(+0x139ef3) [0x55d1c6509ef3]
41  /opt/conda/envs/gdf/bin/python(+0x147c72) [0x55d1c6517c72]
42  /opt/conda/envs/gdf/bin/python(_PyEval_EvalFrameDefault+0x402b) [0x55d1c64fd1bb]
43  /opt/conda/envs/gdf/bin/python(+0x139ef3) [0x55d1c6509ef3]
44  /opt/conda/envs/gdf/bin/python(_PyEval_EvalFrameDefault+0x68b) [0x55d1c64f981b]
45  /opt/conda/envs/gdf/bin/python(+0x12827a) [0x55d1c64f827a]
46  /opt/conda/envs/gdf/bin/python(_PyFunction_Vectorcall+0xd5) [0x55d1c6509c05]
47  /opt/conda/envs/gdf/bin/python(_PyEval_EvalFrameDefault+0x68b) [0x55d1c64f981b]
48  /opt/conda/envs/gdf/bin/python(+0x139ef3) [0x55d1c6509ef3]
49  /opt/conda/envs/gdf/bin/python(_PyEval_EvalFrameDefault+0x3d8) [0x55d1c64f9568]
50  /opt/conda/envs/gdf/bin/python(+0x12827a) [0x55d1c64f827a]
51  /opt/conda/envs/gdf/bin/python(_PyFunction_Vectorcall+0xd5) [0x55d1c6509c05]
52  /opt/conda/envs/gdf/bin/python(_PyEval_EvalFrameDefault+0x123b) [0x55d1c64fa3cb]
53  /opt/conda/envs/gdf/bin/python(+0x12827a) [0x55d1c64f827a]
54  /opt/conda/envs/gdf/bin/python(_PyEval_EvalCodeWithName+0x47) [0x55d1c64f7f07]
55  /opt/conda/envs/gdf/bin/python(PyEval_EvalCodeEx+0x39) [0x55d1c64f7eb9]
56  /opt/conda/envs/gdf/bin/python(PyEval_EvalCode+0x1b) [0x55d1c65a88bb]
57  /opt/conda/envs/gdf/bin/python(+0x206adc) [0x55d1c65d6adc]
58  /opt/conda/envs/gdf/bin/python(+0x202c24) [0x55d1c65d2c24]
59  /opt/conda/envs/gdf/bin/python(PyRun_StringFlags+0x9d) [0x55d1c65ca7ed]
60  /opt/conda/envs/gdf/bin/python(PyRun_SimpleStringFlags+0x3d) [0x55d1c65ca6bd]
61  /opt/conda/envs/gdf/bin/python(Py_RunMain+0x262) [0x55d1c65c98a2]
=================================
2023-06-06 06:10:20,819 - distributed.worker - ERROR - failed during get data with ucx://127.0.0.1:39443 -> ucx://127.0.0.1:44117
Traceback (most recent call last):
  File "/opt/conda/envs/gdf/lib/python3.9/site-packages/distributed/worker.py", line 1792, in get_data
    compressed = await comm.write(msg, serializers=serializers)
  File "/opt/conda/envs/gdf/lib/python3.9/site-packages/distributed/utils.py", line 752, in wrapper
    return await func(*args, **kwargs)
  File "/opt/conda/envs/gdf/lib/python3.9/site-packages/distributed/comm/ucx.py", line 289, in write
    raise CommClosedError("Endpoint is closed -- unable to send message")
distributed.comm.core.CommClosedError: Endpoint is closed -- unable to send message
2023-06-06 06:10:20,830 - distributed.worker - ERROR - failed during get data with ucx://127.0.0.1:38603 -> ucx://127.0.0.1:44117
Traceback (most recent call last):
  File "/opt/conda/envs/gdf/lib/python3.9/site-packages/distributed/comm/ucx.py", line 333, in write
    await self.ep.send(each_frame)
  File "/opt/conda/envs/gdf/lib/python3.9/site-packages/ucp/core.py", line 650, in send
    return await comm.tag_send(self._ep, buffer, nbytes, tag, name=log)
ucp._libs.exceptions.UCXError: <[Send #007] ep: 0x7f5b5092e3c0, tag: 0xf71f9f19646770c2, nbytes: 100000000, type: <class 'cudf.core.buffer.buffer.Buffer'>>: Connection reset by remote peer

During handling of the above exception, another exception occurred:

Traceback (most recent call last):
  File "/opt/conda/envs/gdf/lib/python3.9/site-packages/distributed/worker.py", line 1792, in get_data
    compressed = await comm.write(msg, serializers=serializers)
  File "/opt/conda/envs/gdf/lib/python3.9/site-packages/distributed/utils.py", line 752, in wrapper
    return await func(*args, **kwargs)
  File "/opt/conda/envs/gdf/lib/python3.9/site-packages/distributed/comm/ucx.py", line 337, in write
    raise CommClosedError("While writing, the connection was closed")
distributed.comm.core.CommClosedError: While writing, the connection was closed
2023-06-06 06:10:20,844 - distributed.nanny - WARNING - Restarting worker
2023-06-06 06:10:20,844 - distributed.worker - ERROR - Worker stream died during communication: ucx://127.0.0.1:33593
Traceback (most recent call last):
  File "/opt/conda/envs/gdf/lib/python3.9/site-packages/distributed/comm/ucx.py", line 391, in read
    await self.ep.recv(each_frame)
  File "/opt/conda/envs/gdf/lib/python3.9/site-packages/ucp/core.py", line 725, in recv
    ret = await comm.tag_recv(self._ep, buffer, nbytes, tag, name=log)
ucp._libs.exceptions.UCXError: <[Recv #007] ep: 0x7f5b5092e200, tag: 0xb83065fa81eaa455, nbytes: 100000000, type: <class 'rmm._lib.device_buffer.DeviceBuffer'>>: Connection reset by remote peer

During handling of the above exception, another exception occurred:

Traceback (most recent call last):
  File "/opt/conda/envs/gdf/lib/python3.9/site-packages/distributed/worker.py", line 2066, in gather_dep
    response = await get_data_from_worker(
  File "/opt/conda/envs/gdf/lib/python3.9/site-packages/distributed/worker.py", line 2892, in get_data_from_worker
    response = await send_recv(
  File "/opt/conda/envs/gdf/lib/python3.9/site-packages/distributed/core.py", line 1024, in send_recv
    response = await comm.read(deserializers=deserializers)
  File "/opt/conda/envs/gdf/lib/python3.9/site-packages/distributed/utils.py", line 752, in wrapper
    return await func(*args, **kwargs)
  File "/opt/conda/envs/gdf/lib/python3.9/site-packages/distributed/comm/ucx.py", line 397, in read
    raise CommClosedError(
distributed.comm.core.CommClosedError: Connection closed by writer.
Inner exception: UCXError("<[Recv #007] ep: 0x7f5b5092e200, tag: 0xb83065fa81eaa455, nbytes: 100000000, type: <class 'rmm._lib.device_buffer.DeviceBuffer'>>: Connection reset by remote peer")
2023-06-06 06:10:20,845 - distributed.worker - ERROR - Worker stream died during communication: ucx://127.0.0.1:44117
Traceback (most recent call last):
  File "/opt/conda/envs/gdf/lib/python3.9/site-packages/distributed/comm/ucx.py", line 349, in read
    await self.ep.recv(msg)
  File "/opt/conda/envs/gdf/lib/python3.9/site-packages/ucp/core.py", line 725, in recv
    ret = await comm.tag_recv(self._ep, buffer, nbytes, tag, name=log)
ucp._libs.exceptions.UCXCanceled: <[Recv #003] ep: 0x7f5b5092e1c0, tag: 0xef2345e9d319ca27, nbytes: 16, type: <class 'numpy.ndarray'>>: 

During handling of the above exception, another exception occurred:

Traceback (most recent call last):
  File "/opt/conda/envs/gdf/lib/python3.9/site-packages/distributed/worker.py", line 2066, in gather_dep
    response = await get_data_from_worker(
  File "/opt/conda/envs/gdf/lib/python3.9/site-packages/distributed/worker.py", line 2892, in get_data_from_worker
    response = await send_recv(
  File "/opt/conda/envs/gdf/lib/python3.9/site-packages/distributed/core.py", line 1024, in send_recv
    response = await comm.read(deserializers=deserializers)
  File "/opt/conda/envs/gdf/lib/python3.9/site-packages/distributed/utils.py", line 752, in wrapper
    return await func(*args, **kwargs)
  File "/opt/conda/envs/gdf/lib/python3.9/site-packages/distributed/comm/ucx.py", line 367, in read
    raise CommClosedError(
distributed.comm.core.CommClosedError: Connection closed by writer.
Inner exception: UCXCanceled("<[Recv #003] ep: 0x7f5b5092e1c0, tag: 0xef2345e9d319ca27, nbytes: 16, type: <class 'numpy.ndarray'>>: ")
2023-06-06 06:10:20,891 - distributed.worker - ERROR - Worker stream died during communication: ucx://127.0.0.1:33593
Traceback (most recent call last):
  File "/opt/conda/envs/gdf/lib/python3.9/site-packages/distributed/comm/ucx.py", line 349, in read
    await self.ep.recv(msg)
  File "/opt/conda/envs/gdf/lib/python3.9/site-packages/ucp/core.py", line 725, in recv
    ret = await comm.tag_recv(self._ep, buffer, nbytes, tag, name=log)
ucp._libs.exceptions.UCXCanceled: <[Recv #003] ep: 0x7f1fb832f280, tag: 0x96cfbb53e1d5973c, nbytes: 16, type: <class 'numpy.ndarray'>>: 

During handling of the above exception, another exception occurred:

Traceback (most recent call last):
  File "/opt/conda/envs/gdf/lib/python3.9/site-packages/distributed/worker.py", line 2066, in gather_dep
    response = await get_data_from_worker(
  File "/opt/conda/envs/gdf/lib/python3.9/site-packages/distributed/worker.py", line 2892, in get_data_from_worker
    response = await send_recv(
  File "/opt/conda/envs/gdf/lib/python3.9/site-packages/distributed/core.py", line 1024, in send_recv
    response = await comm.read(deserializers=deserializers)
  File "/opt/conda/envs/gdf/lib/python3.9/site-packages/distributed/utils.py", line 752, in wrapper
    return await func(*args, **kwargs)
  File "/opt/conda/envs/gdf/lib/python3.9/site-packages/distributed/comm/ucx.py", line 367, in read
    raise CommClosedError(
distributed.comm.core.CommClosedError: Connection closed by writer.
Inner exception: UCXCanceled("<[Recv #003] ep: 0x7f1fb832f280, tag: 0x96cfbb53e1d5973c, nbytes: 16, type: <class 'numpy.ndarray'>>: ")
2023-06-06 06:10:20,891 - distributed.worker - ERROR - Worker stream died during communication: ucx://127.0.0.1:44117
Traceback (most recent call last):
  File "/opt/conda/envs/gdf/lib/python3.9/site-packages/distributed/comm/ucx.py", line 349, in read
    await self.ep.recv(msg)
  File "/opt/conda/envs/gdf/lib/python3.9/site-packages/ucp/core.py", line 725, in recv
    ret = await comm.tag_recv(self._ep, buffer, nbytes, tag, name=log)
ucp._libs.exceptions.UCXCanceled: <[Recv #003] ep: 0x7f1fb832f240, tag: 0x211cf909890edf5a, nbytes: 16, type: <class 'numpy.ndarray'>>: 

During handling of the above exception, another exception occurred:

Traceback (most recent call last):
  File "/opt/conda/envs/gdf/lib/python3.9/site-packages/distributed/worker.py", line 2066, in gather_dep
    response = await get_data_from_worker(
  File "/opt/conda/envs/gdf/lib/python3.9/site-packages/distributed/worker.py", line 2892, in get_data_from_worker
    response = await send_recv(
  File "/opt/conda/envs/gdf/lib/python3.9/site-packages/distributed/core.py", line 1024, in send_recv
    response = await comm.read(deserializers=deserializers)
  File "/opt/conda/envs/gdf/lib/python3.9/site-packages/distributed/utils.py", line 752, in wrapper
    return await func(*args, **kwargs)
  File "/opt/conda/envs/gdf/lib/python3.9/site-packages/distributed/comm/ucx.py", line 367, in read
    raise CommClosedError(
distributed.comm.core.CommClosedError: Connection closed by writer.
Inner exception: UCXCanceled("<[Recv #003] ep: 0x7f1fb832f240, tag: 0x211cf909890edf5a, nbytes: 16, type: <class 'numpy.ndarray'>>: ")
2023-06-06 06:10:20,896 - distributed.nanny - WARNING - Restarting worker
2023-06-06 06:10:20,949 - distributed.nanny - WARNING - Restarting worker
2023-06-06 06:10:21,066 - distributed.worker - ERROR - Worker stream died during communication: ucx://127.0.0.1:35343
Traceback (most recent call last):
  File "/opt/conda/envs/gdf/lib/python3.9/site-packages/distributed/comm/ucx.py", line 349, in read
    await self.ep.recv(msg)
  File "/opt/conda/envs/gdf/lib/python3.9/site-packages/ucp/core.py", line 725, in recv
    ret = await comm.tag_recv(self._ep, buffer, nbytes, tag, name=log)
ucp._libs.exceptions.UCXCanceled: <[Recv #003] ep: 0x7fb6ec138280, tag: 0xcbd7d31d71099568, nbytes: 16, type: <class 'numpy.ndarray'>>: 

During handling of the above exception, another exception occurred:

Traceback (most recent call last):
  File "/opt/conda/envs/gdf/lib/python3.9/site-packages/distributed/worker.py", line 2066, in gather_dep
    response = await get_data_from_worker(
  File "/opt/conda/envs/gdf/lib/python3.9/site-packages/distributed/worker.py", line 2892, in get_data_from_worker
    response = await send_recv(
  File "/opt/conda/envs/gdf/lib/python3.9/site-packages/distributed/core.py", line 1024, in send_recv
    response = await comm.read(deserializers=deserializers)
  File "/opt/conda/envs/gdf/lib/python3.9/site-packages/distributed/utils.py", line 752, in wrapper
    return await func(*args, **kwargs)
  File "/opt/conda/envs/gdf/lib/python3.9/site-packages/distributed/comm/ucx.py", line 367, in read
    raise CommClosedError(
distributed.comm.core.CommClosedError: Connection closed by writer.
Inner exception: UCXCanceled("<[Recv #003] ep: 0x7fb6ec138280, tag: 0xcbd7d31d71099568, nbytes: 16, type: <class 'numpy.ndarray'>>: ")
2023-06-06 06:10:21,068 - distributed.worker - ERROR - failed during get data with ucx://127.0.0.1:38603 -> ucx://127.0.0.1:35343
Traceback (most recent call last):
  File "/opt/conda/envs/gdf/lib/python3.9/site-packages/distributed/comm/ucx.py", line 333, in write
    await self.ep.send(each_frame)
  File "/opt/conda/envs/gdf/lib/python3.9/site-packages/ucp/core.py", line 650, in send
    return await comm.tag_send(self._ep, buffer, nbytes, tag, name=log)
ucp._libs.exceptions.UCXError: <[Send #007] ep: 0x7f5b5092e300, tag: 0xe5f18550bbb269cb, nbytes: 100000000, type: <class 'cudf.core.buffer.buffer.Buffer'>>: Connection reset by remote peer

During handling of the above exception, another exception occurred:

Traceback (most recent call last):
  File "/opt/conda/envs/gdf/lib/python3.9/site-packages/distributed/worker.py", line 1792, in get_data
    compressed = await comm.write(msg, serializers=serializers)
  File "/opt/conda/envs/gdf/lib/python3.9/site-packages/distributed/utils.py", line 752, in wrapper
    return await func(*args, **kwargs)
  File "/opt/conda/envs/gdf/lib/python3.9/site-packages/distributed/comm/ucx.py", line 337, in write
    raise CommClosedError("While writing, the connection was closed")
distributed.comm.core.CommClosedError: While writing, the connection was closed
2023-06-06 06:10:21,069 - distributed.worker - ERROR - failed during get data with ucx://127.0.0.1:38603 -> ucx://127.0.0.1:47517
Traceback (most recent call last):
  File "/opt/conda/envs/gdf/lib/python3.9/site-packages/distributed/comm/ucx.py", line 333, in write
    await self.ep.send(each_frame)
  File "/opt/conda/envs/gdf/lib/python3.9/site-packages/ucp/core.py", line 650, in send
    return await comm.tag_send(self._ep, buffer, nbytes, tag, name=log)
ucp._libs.exceptions.UCXError: <[Send #007] ep: 0x7f5b5092e340, tag: 0xafe58628f781e487, nbytes: 100000000, type: <class 'cudf.core.buffer.buffer.Buffer'>>: Connection reset by remote peer

During handling of the above exception, another exception occurred:

Traceback (most recent call last):
  File "/opt/conda/envs/gdf/lib/python3.9/site-packages/distributed/worker.py", line 1792, in get_data
    compressed = await comm.write(msg, serializers=serializers)
  File "/opt/conda/envs/gdf/lib/python3.9/site-packages/distributed/utils.py", line 752, in wrapper
    return await func(*args, **kwargs)
  File "/opt/conda/envs/gdf/lib/python3.9/site-packages/distributed/comm/ucx.py", line 337, in write
    raise CommClosedError("While writing, the connection was closed")
distributed.comm.core.CommClosedError: While writing, the connection was closed
2023-06-06 06:10:21,069 - distributed.worker - ERROR - failed during get data with ucx://127.0.0.1:38603 -> ucx://127.0.0.1:33593
Traceback (most recent call last):
  File "/opt/conda/envs/gdf/lib/python3.9/site-packages/distributed/comm/ucx.py", line 333, in write
    await self.ep.send(each_frame)
  File "/opt/conda/envs/gdf/lib/python3.9/site-packages/ucp/core.py", line 650, in send
    return await comm.tag_send(self._ep, buffer, nbytes, tag, name=log)
ucp._libs.exceptions.UCXError: <[Send #007] ep: 0x7f5b5092e440, tag: 0x4b28e6f37d3524ec, nbytes: 100000000, type: <class 'cudf.core.buffer.buffer.Buffer'>>: Connection reset by remote peer

During handling of the above exception, another exception occurred:

Traceback (most recent call last):
  File "/opt/conda/envs/gdf/lib/python3.9/site-packages/distributed/worker.py", line 1792, in get_data
    compressed = await comm.write(msg, serializers=serializers)
  File "/opt/conda/envs/gdf/lib/python3.9/site-packages/distributed/utils.py", line 752, in wrapper
    return await func(*args, **kwargs)
  File "/opt/conda/envs/gdf/lib/python3.9/site-packages/distributed/comm/ucx.py", line 337, in write
    raise CommClosedError("While writing, the connection was closed")
distributed.comm.core.CommClosedError: While writing, the connection was closed
2023-06-06 06:10:21,070 - distributed.worker - ERROR - Worker stream died during communication: ucx://127.0.0.1:35343
Traceback (most recent call last):
  File "/opt/conda/envs/gdf/lib/python3.9/site-packages/distributed/comm/ucx.py", line 391, in read
    await self.ep.recv(each_frame)
  File "/opt/conda/envs/gdf/lib/python3.9/site-packages/ucp/core.py", line 725, in recv
    ret = await comm.tag_recv(self._ep, buffer, nbytes, tag, name=log)
ucp._libs.exceptions.UCXError: <[Recv #007] ep: 0x7f5b5092e100, tag: 0x4137231b688104c, nbytes: 100000000, type: <class 'rmm._lib.device_buffer.DeviceBuffer'>>: Connection reset by remote peer

During handling of the above exception, another exception occurred:

Traceback (most recent call last):
  File "/opt/conda/envs/gdf/lib/python3.9/site-packages/distributed/worker.py", line 2066, in gather_dep
    response = await get_data_from_worker(
  File "/opt/conda/envs/gdf/lib/python3.9/site-packages/distributed/worker.py", line 2892, in get_data_from_worker
    response = await send_recv(
  File "/opt/conda/envs/gdf/lib/python3.9/site-packages/distributed/core.py", line 1024, in send_recv
    response = await comm.read(deserializers=deserializers)
  File "/opt/conda/envs/gdf/lib/python3.9/site-packages/distributed/utils.py", line 752, in wrapper
    return await func(*args, **kwargs)
  File "/opt/conda/envs/gdf/lib/python3.9/site-packages/distributed/comm/ucx.py", line 397, in read
    raise CommClosedError(
distributed.comm.core.CommClosedError: Connection closed by writer.
Inner exception: UCXError("<[Recv #007] ep: 0x7f5b5092e100, tag: 0x4137231b688104c, nbytes: 100000000, type: <class 'rmm._lib.device_buffer.DeviceBuffer'>>: Connection reset by remote peer")
2023-06-06 06:10:21,085 - distributed.worker - ERROR - Worker stream died during communication: ucx://127.0.0.1:35343
Traceback (most recent call last):
  File "/opt/conda/envs/gdf/lib/python3.9/site-packages/distributed/comm/ucx.py", line 349, in read
    await self.ep.recv(msg)
  File "/opt/conda/envs/gdf/lib/python3.9/site-packages/ucp/core.py", line 725, in recv
    ret = await comm.tag_recv(self._ep, buffer, nbytes, tag, name=log)
ucp._libs.exceptions.UCXCanceled: <[Recv #003] ep: 0x7fc681bf4240, tag: 0xadea89545b9c5a44, nbytes: 16, type: <class 'numpy.ndarray'>>: 

During handling of the above exception, another exception occurred:

Traceback (most recent call last):
  File "/opt/conda/envs/gdf/lib/python3.9/site-packages/distributed/worker.py", line 2066, in gather_dep
    response = await get_data_from_worker(
  File "/opt/conda/envs/gdf/lib/python3.9/site-packages/distributed/worker.py", line 2892, in get_data_from_worker
    response = await send_recv(
  File "/opt/conda/envs/gdf/lib/python3.9/site-packages/distributed/core.py", line 1024, in send_recv
    response = await comm.read(deserializers=deserializers)
  File "/opt/conda/envs/gdf/lib/python3.9/site-packages/distributed/utils.py", line 752, in wrapper
    return await func(*args, **kwargs)
  File "/opt/conda/envs/gdf/lib/python3.9/site-packages/distributed/comm/ucx.py", line 367, in read
    raise CommClosedError(
distributed.comm.core.CommClosedError: Connection closed by writer.
Inner exception: UCXCanceled("<[Recv #003] ep: 0x7fc681bf4240, tag: 0xadea89545b9c5a44, nbytes: 16, type: <class 'numpy.ndarray'>>: ")
2023-06-06 06:10:21,156 - distributed.nanny - WARNING - Restarting worker
2023-06-06 06:10:21,166 - distributed.worker - ERROR - failed during get data with ucx://127.0.0.1:48697 -> ucx://127.0.0.1:35343
Traceback (most recent call last):
  File "/opt/conda/envs/gdf/lib/python3.9/site-packages/distributed/comm/ucx.py", line 333, in write
    await self.ep.send(each_frame)
  File "/opt/conda/envs/gdf/lib/python3.9/site-packages/ucp/core.py", line 650, in send
    return await comm.tag_send(self._ep, buffer, nbytes, tag, name=log)
ucp._libs.exceptions.UCXError: <[Send #007] ep: 0x7f1fb832f100, tag: 0x176f651f0a41d832, nbytes: 100000000, type: <class 'cudf.core.buffer.buffer.Buffer'>>: Connection reset by remote peer

During handling of the above exception, another exception occurred:

Traceback (most recent call last):
  File "/opt/conda/envs/gdf/lib/python3.9/site-packages/distributed/worker.py", line 1792, in get_data
    compressed = await comm.write(msg, serializers=serializers)
  File "/opt/conda/envs/gdf/lib/python3.9/site-packages/distributed/utils.py", line 752, in wrapper
    return await func(*args, **kwargs)
  File "/opt/conda/envs/gdf/lib/python3.9/site-packages/distributed/comm/ucx.py", line 337, in write
    raise CommClosedError("While writing, the connection was closed")
distributed.comm.core.CommClosedError: While writing, the connection was closed
2023-06-06 06:10:21,167 - distributed.worker - ERROR - failed during get data with ucx://127.0.0.1:48697 -> ucx://127.0.0.1:47517
Traceback (most recent call last):
  File "/opt/conda/envs/gdf/lib/python3.9/site-packages/distributed/comm/ucx.py", line 333, in write
    await self.ep.send(each_frame)
  File "/opt/conda/envs/gdf/lib/python3.9/site-packages/ucp/core.py", line 650, in send
    return await comm.tag_send(self._ep, buffer, nbytes, tag, name=log)
ucp._libs.exceptions.UCXError: <[Send #007] ep: 0x7f1fb832f180, tag: 0x3464d313574fb2d2, nbytes: 100000000, type: <class 'cudf.core.buffer.buffer.Buffer'>>: Connection reset by remote peer

During handling of the above exception, another exception occurred:

Traceback (most recent call last):
  File "/opt/conda/envs/gdf/lib/python3.9/site-packages/distributed/worker.py", line 1792, in get_data
    compressed = await comm.write(msg, serializers=serializers)
  File "/opt/conda/envs/gdf/lib/python3.9/site-packages/distributed/utils.py", line 752, in wrapper
    return await func(*args, **kwargs)
  File "/opt/conda/envs/gdf/lib/python3.9/site-packages/distributed/comm/ucx.py", line 337, in write
    raise CommClosedError("While writing, the connection was closed")
distributed.comm.core.CommClosedError: While writing, the connection was closed
2023-06-06 06:10:21,168 - distributed.worker - ERROR - failed during get data with ucx://127.0.0.1:48697 -> ucx://127.0.0.1:44117
Traceback (most recent call last):
  File "/opt/conda/envs/gdf/lib/python3.9/site-packages/distributed/comm/ucx.py", line 333, in write
    await self.ep.send(each_frame)
  File "/opt/conda/envs/gdf/lib/python3.9/site-packages/ucp/core.py", line 650, in send
    return await comm.tag_send(self._ep, buffer, nbytes, tag, name=log)
ucp._libs.exceptions.UCXError: <[Send #007] ep: 0x7f1fb832f1c0, tag: 0xb85e06e6453403f9, nbytes: 100000000, type: <class 'cudf.core.buffer.buffer.Buffer'>>: Connection reset by remote peer

During handling of the above exception, another exception occurred:

Traceback (most recent call last):
  File "/opt/conda/envs/gdf/lib/python3.9/site-packages/distributed/worker.py", line 1792, in get_data
    compressed = await comm.write(msg, serializers=serializers)
  File "/opt/conda/envs/gdf/lib/python3.9/site-packages/distributed/utils.py", line 752, in wrapper
    return await func(*args, **kwargs)
  File "/opt/conda/envs/gdf/lib/python3.9/site-packages/distributed/comm/ucx.py", line 337, in write
    raise CommClosedError("While writing, the connection was closed")
distributed.comm.core.CommClosedError: While writing, the connection was closed
2023-06-06 06:10:21,169 - distributed.worker - ERROR - Worker stream died during communication: ucx://127.0.0.1:35343
Traceback (most recent call last):
  File "/opt/conda/envs/gdf/lib/python3.9/site-packages/distributed/comm/ucx.py", line 349, in read
    await self.ep.recv(msg)
  File "/opt/conda/envs/gdf/lib/python3.9/site-packages/ucp/core.py", line 725, in recv
    ret = await comm.tag_recv(self._ep, buffer, nbytes, tag, name=log)
ucp._libs.exceptions.UCXCanceled: <[Recv #003] ep: 0x7f1fb832f340, tag: 0x540aac87d805cdea, nbytes: 16, type: <class 'numpy.ndarray'>>: 

During handling of the above exception, another exception occurred:

Traceback (most recent call last):
  File "/opt/conda/envs/gdf/lib/python3.9/site-packages/distributed/worker.py", line 2066, in gather_dep
    response = await get_data_from_worker(
  File "/opt/conda/envs/gdf/lib/python3.9/site-packages/distributed/worker.py", line 2892, in get_data_from_worker
    response = await send_recv(
  File "/opt/conda/envs/gdf/lib/python3.9/site-packages/distributed/core.py", line 1024, in send_recv
    response = await comm.read(deserializers=deserializers)
  File "/opt/conda/envs/gdf/lib/python3.9/site-packages/distributed/utils.py", line 752, in wrapper
    return await func(*args, **kwargs)
  File "/opt/conda/envs/gdf/lib/python3.9/site-packages/distributed/comm/ucx.py", line 367, in read
    raise CommClosedError(
distributed.comm.core.CommClosedError: Connection closed by writer.
Inner exception: UCXCanceled("<[Recv #003] ep: 0x7f1fb832f340, tag: 0x540aac87d805cdea, nbytes: 16, type: <class 'numpy.ndarray'>>: ")
2023-06-06 06:10:21,406 - distributed.worker - ERROR - failed during get data with ucx://127.0.0.1:50643 -> ucx://127.0.0.1:33593
Traceback (most recent call last):
  File "/opt/conda/envs/gdf/lib/python3.9/site-packages/distributed/comm/ucx.py", line 333, in write
    await self.ep.send(each_frame)
  File "/opt/conda/envs/gdf/lib/python3.9/site-packages/ucp/core.py", line 650, in send
    return await comm.tag_send(self._ep, buffer, nbytes, tag, name=log)
ucp._libs.exceptions.UCXError: <[Send #007] ep: 0x7fc681bf4400, tag: 0xdbded8253468e50d, nbytes: 100000000, type: <class 'cudf.core.buffer.buffer.Buffer'>>: Connection reset by remote peer

During handling of the above exception, another exception occurred:

Traceback (most recent call last):
  File "/opt/conda/envs/gdf/lib/python3.9/site-packages/distributed/worker.py", line 1792, in get_data
    compressed = await comm.write(msg, serializers=serializers)
  File "/opt/conda/envs/gdf/lib/python3.9/site-packages/distributed/utils.py", line 752, in wrapper
    return await func(*args, **kwargs)
  File "/opt/conda/envs/gdf/lib/python3.9/site-packages/distributed/comm/ucx.py", line 337, in write
    raise CommClosedError("While writing, the connection was closed")
distributed.comm.core.CommClosedError: While writing, the connection was closed
2023-06-06 06:10:22,428 - distributed.preloading - INFO - Creating preload: dask_cuda.initialize
2023-06-06 06:10:22,428 - distributed.preloading - INFO - Import preload module: dask_cuda.initialize
2023-06-06 06:10:22,454 - distributed.preloading - INFO - Creating preload: dask_cuda.initialize
2023-06-06 06:10:22,454 - distributed.preloading - INFO - Import preload module: dask_cuda.initialize
2023-06-06 06:10:22,455 - distributed.preloading - INFO - Creating preload: dask_cuda.initialize
2023-06-06 06:10:22,456 - distributed.preloading - INFO - Import preload module: dask_cuda.initialize
2023-06-06 06:10:22,684 - distributed.preloading - INFO - Creating preload: dask_cuda.initialize
2023-06-06 06:10:22,684 - distributed.preloading - INFO - Import preload module: dask_cuda.initialize
/opt/conda/envs/gdf/lib/python3.9/multiprocessing/resource_tracker.py:216: UserWarning: resource_tracker: There appear to be 48 leaked semaphore objects to clean up at shutdown
  warnings.warn('resource_tracker: There appear to be %d '
