2023-07-02 06:14:03,392 - distributed.preloading - INFO - Creating preload: dask_cuda.initialize
2023-07-02 06:14:03,392 - distributed.preloading - INFO - Import preload module: dask_cuda.initialize
2023-07-02 06:14:03,534 - distributed.preloading - INFO - Creating preload: dask_cuda.initialize
2023-07-02 06:14:03,534 - distributed.preloading - INFO - Import preload module: dask_cuda.initialize
2023-07-02 06:14:03,568 - distributed.preloading - INFO - Creating preload: dask_cuda.initialize
2023-07-02 06:14:03,568 - distributed.preloading - INFO - Import preload module: dask_cuda.initialize
2023-07-02 06:14:03,577 - distributed.preloading - INFO - Creating preload: dask_cuda.initialize
2023-07-02 06:14:03,577 - distributed.preloading - INFO - Import preload module: dask_cuda.initialize
2023-07-02 06:14:03,577 - distributed.preloading - INFO - Creating preload: dask_cuda.initialize
2023-07-02 06:14:03,577 - distributed.preloading - INFO - Import preload module: dask_cuda.initialize
2023-07-02 06:14:03,583 - distributed.preloading - INFO - Creating preload: dask_cuda.initialize
2023-07-02 06:14:03,583 - distributed.preloading - INFO - Import preload module: dask_cuda.initialize
2023-07-02 06:14:03,583 - distributed.preloading - INFO - Creating preload: dask_cuda.initialize
2023-07-02 06:14:03,584 - distributed.preloading - INFO - Import preload module: dask_cuda.initialize
2023-07-02 06:14:03,612 - distributed.preloading - INFO - Creating preload: dask_cuda.initialize
2023-07-02 06:14:03,612 - distributed.preloading - INFO - Import preload module: dask_cuda.initialize
[dgx13:75836:0:75836] Caught signal 11 (Segmentation fault: address not mapped to object at address 0x448)
==== backtrace (tid:  75836) ====
 0  /opt/conda/envs/gdf/lib/libucs.so.0(ucs_handle_error+0x2fd) [0x7fc5406dfced]
 1  /opt/conda/envs/gdf/lib/libucs.so.0(+0x2aee4) [0x7fc5406dfee4]
 2  /opt/conda/envs/gdf/lib/libucs.so.0(+0x2b0aa) [0x7fc5406e00aa]
 3  /usr/lib/x86_64-linux-gnu/libpthread.so.0(+0x14420) [0x7fc5d1e23420]
 4  /opt/conda/envs/gdf/lib/libucp.so.0(ucp_mem_type_unpack+0x14) [0x7fc54075ebb4]
 5  /opt/conda/envs/gdf/lib/libucp.so.0(ucp_rndv_data_handler+0x4e9) [0x7fc540785e09]
 6  /opt/conda/envs/gdf/lib/libuct.so.0(+0x2045f) [0x7fc54069945f]
 7  /opt/conda/envs/gdf/lib/libuct.so.0(+0x238c8) [0x7fc54069c8c8]
 8  /opt/conda/envs/gdf/lib/libucs.so.0(ucs_event_set_wait+0xb9) [0x7fc5406e9399]
 9  /opt/conda/envs/gdf/lib/libuct.so.0(uct_tcp_iface_progress+0x7d) [0x7fc54069b65d]
10  /opt/conda/envs/gdf/lib/libucp.so.0(ucp_worker_progress+0x5a) [0x7fc54075bdaa]
11  /opt/conda/envs/gdf/lib/python3.9/site-packages/ucp/_libs/ucx_api.cpython-39-x86_64-linux-gnu.so(+0x2b17a) [0x7fc54080d17a]
12  /opt/conda/envs/gdf/bin/python(+0x13eb08) [0x557b2b6d2b08]
13  /opt/conda/envs/gdf/bin/python(_PyEval_EvalFrameDefault+0x5f82) [0x557b2b6c3112]
14  /opt/conda/envs/gdf/bin/python(+0x12827a) [0x557b2b6bc27a]
15  /opt/conda/envs/gdf/bin/python(_PyFunction_Vectorcall+0xd5) [0x557b2b6cdc05]
16  /opt/conda/envs/gdf/bin/python(_PyEval_EvalFrameDefault+0x68b) [0x557b2b6bd81b]
17  /opt/conda/envs/gdf/bin/python(+0x139ef3) [0x557b2b6cdef3]
18  /opt/conda/envs/gdf/bin/python(+0x147a16) [0x557b2b6dba16]
19  /opt/conda/envs/gdf/bin/python(+0x2579b1) [0x557b2b7eb9b1]
20  /opt/conda/envs/gdf/bin/python(+0xe5817) [0x557b2b679817]
21  /opt/conda/envs/gdf/bin/python(+0x130f83) [0x557b2b6c4f83]
22  /opt/conda/envs/gdf/bin/python(_PyEval_EvalFrameDefault+0x5ba6) [0x557b2b6c2d36]
23  /opt/conda/envs/gdf/bin/python(+0x139ef3) [0x557b2b6cdef3]
24  /opt/conda/envs/gdf/bin/python(_PyEval_EvalFrameDefault+0x68b) [0x557b2b6bd81b]
25  /opt/conda/envs/gdf/bin/python(+0x139ef3) [0x557b2b6cdef3]
26  /opt/conda/envs/gdf/bin/python(_PyEval_EvalFrameDefault+0x68b) [0x557b2b6bd81b]
27  /opt/conda/envs/gdf/bin/python(+0x139ef3) [0x557b2b6cdef3]
28  /opt/conda/envs/gdf/bin/python(_PyEval_EvalFrameDefault+0x68b) [0x557b2b6bd81b]
29  /opt/conda/envs/gdf/bin/python(+0x139ef3) [0x557b2b6cdef3]
30  /opt/conda/envs/gdf/bin/python(_PyEval_EvalFrameDefault+0x68b) [0x557b2b6bd81b]
31  /opt/conda/envs/gdf/bin/python(+0x12827a) [0x557b2b6bc27a]
32  /opt/conda/envs/gdf/bin/python(_PyFunction_Vectorcall+0xd5) [0x557b2b6cdc05]
33  /opt/conda/envs/gdf/bin/python(_PyEval_EvalFrameDefault+0x4e17) [0x557b2b6c1fa7]
34  /opt/conda/envs/gdf/bin/python(+0x12827a) [0x557b2b6bc27a]
35  /opt/conda/envs/gdf/bin/python(+0x147935) [0x557b2b6db935]
36  /opt/conda/envs/gdf/bin/python(PyObject_Call+0xb4) [0x557b2b6dc104]
37  /opt/conda/envs/gdf/bin/python(+0x20efc8) [0x557b2b7a2fc8]
38  /opt/conda/envs/gdf/bin/python(_PyObject_MakeTpCall+0x2fc) [0x557b2b6c62bc]
39  /opt/conda/envs/gdf/bin/python(_PyEval_EvalFrameDefault+0x402b) [0x557b2b6c11bb]
40  /opt/conda/envs/gdf/bin/python(+0x139ef3) [0x557b2b6cdef3]
41  /opt/conda/envs/gdf/bin/python(+0x147c72) [0x557b2b6dbc72]
42  /opt/conda/envs/gdf/bin/python(_PyEval_EvalFrameDefault+0x402b) [0x557b2b6c11bb]
43  /opt/conda/envs/gdf/bin/python(+0x139ef3) [0x557b2b6cdef3]
44  /opt/conda/envs/gdf/bin/python(_PyEval_EvalFrameDefault+0x68b) [0x557b2b6bd81b]
45  /opt/conda/envs/gdf/bin/python(+0x12827a) [0x557b2b6bc27a]
46  /opt/conda/envs/gdf/bin/python(_PyFunction_Vectorcall+0xd5) [0x557b2b6cdc05]
47  /opt/conda/envs/gdf/bin/python(_PyEval_EvalFrameDefault+0x68b) [0x557b2b6bd81b]
48  /opt/conda/envs/gdf/bin/python(+0x139ef3) [0x557b2b6cdef3]
49  /opt/conda/envs/gdf/bin/python(_PyEval_EvalFrameDefault+0x3d8) [0x557b2b6bd568]
50  /opt/conda/envs/gdf/bin/python(+0x12827a) [0x557b2b6bc27a]
51  /opt/conda/envs/gdf/bin/python(_PyFunction_Vectorcall+0xd5) [0x557b2b6cdc05]
52  /opt/conda/envs/gdf/bin/python(_PyEval_EvalFrameDefault+0x123b) [0x557b2b6be3cb]
53  /opt/conda/envs/gdf/bin/python(+0x12827a) [0x557b2b6bc27a]
54  /opt/conda/envs/gdf/bin/python(_PyEval_EvalCodeWithName+0x47) [0x557b2b6bbf07]
55  /opt/conda/envs/gdf/bin/python(PyEval_EvalCodeEx+0x39) [0x557b2b6bbeb9]
56  /opt/conda/envs/gdf/bin/python(PyEval_EvalCode+0x1b) [0x557b2b76c8bb]
57  /opt/conda/envs/gdf/bin/python(+0x206adc) [0x557b2b79aadc]
58  /opt/conda/envs/gdf/bin/python(+0x202c24) [0x557b2b796c24]
59  /opt/conda/envs/gdf/bin/python(PyRun_StringFlags+0x9d) [0x557b2b78e7ed]
60  /opt/conda/envs/gdf/bin/python(PyRun_SimpleStringFlags+0x3d) [0x557b2b78e6bd]
61  /opt/conda/envs/gdf/bin/python(Py_RunMain+0x262) [0x557b2b78d8a2]
=================================
[dgx13:75833:0:75833] Caught signal 11 (Segmentation fault: address not mapped to object at address 0x448)
==== backtrace (tid:  75833) ====
 0  /opt/conda/envs/gdf/lib/libucs.so.0(ucs_handle_error+0x2fd) [0x7ff5c1cf6ced]
 1  /opt/conda/envs/gdf/lib/libucs.so.0(+0x2aee4) [0x7ff5c1cf6ee4]
 2  /opt/conda/envs/gdf/lib/libucs.so.0(+0x2b0aa) [0x7ff5c1cf70aa]
 3  /usr/lib/x86_64-linux-gnu/libpthread.so.0(+0x14420) [0x7ff665488420]
 4  /opt/conda/envs/gdf/lib/libucp.so.0(ucp_mem_type_unpack+0x14) [0x7ff5c1d75bb4]
 5  /opt/conda/envs/gdf/lib/libucp.so.0(ucp_rndv_data_handler+0x4e9) [0x7ff5c1d9ce09]
 6  /opt/conda/envs/gdf/lib/libuct.so.0(+0x2045f) [0x7ff5d403d45f]
 7  /opt/conda/envs/gdf/lib/libuct.so.0(+0x238c8) [0x7ff5d40408c8]
 8  /opt/conda/envs/gdf/lib/libucs.so.0(ucs_event_set_wait+0xb9) [0x7ff5c1d00399]
 9  /opt/conda/envs/gdf/lib/libuct.so.0(uct_tcp_iface_progress+0x7d) [0x7ff5d403f65d]
10  /opt/conda/envs/gdf/lib/libucp.so.0(ucp_worker_progress+0x5a) [0x7ff5c1d72daa]
11  /opt/conda/envs/gdf/lib/python3.9/site-packages/ucp/_libs/ucx_api.cpython-39-x86_64-linux-gnu.so(+0x2b17a) [0x7ff5c1e2417a]
12  /opt/conda/envs/gdf/bin/python(+0x13eb08) [0x56403a32ab08]
13  /opt/conda/envs/gdf/bin/python(_PyEval_EvalFrameDefault+0x5f82) [0x56403a31b112]
14  /opt/conda/envs/gdf/bin/python(+0x12827a) [0x56403a31427a]
15  /opt/conda/envs/gdf/bin/python(_PyFunction_Vectorcall+0xd5) [0x56403a325c05]
16  /opt/conda/envs/gdf/bin/python(_PyEval_EvalFrameDefault+0x68b) [0x56403a31581b]
17  /opt/conda/envs/gdf/bin/python(+0x14e70e) [0x56403a33a70e]
18  /opt/conda/envs/gdf/lib/python3.9/lib-dynload/_asyncio.cpython-39-x86_64-linux-gnu.so(+0x82fe) [0x7ff65849b2fe]
19  /opt/conda/envs/gdf/bin/python(_PyObject_MakeTpCall+0x2fc) [0x56403a31e2bc]
20  /opt/conda/envs/gdf/bin/python(+0xe5817) [0x56403a2d1817]
21  /opt/conda/envs/gdf/bin/python(+0x130f83) [0x56403a31cf83]
22  /opt/conda/envs/gdf/bin/python(_PyEval_EvalFrameDefault+0x5ba6) [0x56403a31ad36]
23  /opt/conda/envs/gdf/bin/python(+0x139ef3) [0x56403a325ef3]
24  /opt/conda/envs/gdf/bin/python(_PyEval_EvalFrameDefault+0x68b) [0x56403a31581b]
25  /opt/conda/envs/gdf/bin/python(+0x139ef3) [0x56403a325ef3]
26  /opt/conda/envs/gdf/bin/python(_PyEval_EvalFrameDefault+0x68b) [0x56403a31581b]
27  /opt/conda/envs/gdf/bin/python(+0x139ef3) [0x56403a325ef3]
28  /opt/conda/envs/gdf/bin/python(_PyEval_EvalFrameDefault+0x68b) [0x56403a31581b]
29  /opt/conda/envs/gdf/bin/python(+0x139ef3) [0x56403a325ef3]
30  /opt/conda/envs/gdf/bin/python(_PyEval_EvalFrameDefault+0x68b) [0x56403a31581b]
31  /opt/conda/envs/gdf/bin/python(+0x12827a) [0x56403a31427a]
32  /opt/conda/envs/gdf/bin/python(_PyFunction_Vectorcall+0xd5) [0x56403a325c05]
33  /opt/conda/envs/gdf/bin/python(_PyEval_EvalFrameDefault+0x4e17) [0x56403a319fa7]
34  /opt/conda/envs/gdf/bin/python(+0x12827a) [0x56403a31427a]
35  /opt/conda/envs/gdf/bin/python(+0x147935) [0x56403a333935]
36  /opt/conda/envs/gdf/bin/python(PyObject_Call+0xb4) [0x56403a334104]
37  /opt/conda/envs/gdf/bin/python(+0x20efc8) [0x56403a3fafc8]
38  /opt/conda/envs/gdf/bin/python(_PyObject_MakeTpCall+0x2fc) [0x56403a31e2bc]
39  /opt/conda/envs/gdf/bin/python(_PyEval_EvalFrameDefault+0x402b) [0x56403a3191bb]
40  /opt/conda/envs/gdf/bin/python(+0x139ef3) [0x56403a325ef3]
41  /opt/conda/envs/gdf/bin/python(+0x147c72) [0x56403a333c72]
42  /opt/conda/envs/gdf/bin/python(_PyEval_EvalFrameDefault+0x402b) [0x56403a3191bb]
43  /opt/conda/envs/gdf/bin/python(+0x139ef3) [0x56403a325ef3]
44  /opt/conda/envs/gdf/bin/python(_PyEval_EvalFrameDefault+0x68b) [0x56403a31581b]
45  /opt/conda/envs/gdf/bin/python(+0x12827a) [0x56403a31427a]
46  /opt/conda/envs/gdf/bin/python(_PyFunction_Vectorcall+0xd5) [0x56403a325c05]
47  /opt/conda/envs/gdf/bin/python(_PyEval_EvalFrameDefault+0x68b) [0x56403a31581b]
48  /opt/conda/envs/gdf/bin/python(+0x139ef3) [0x56403a325ef3]
49  /opt/conda/envs/gdf/bin/python(_PyEval_EvalFrameDefault+0x3d8) [0x56403a315568]
50  /opt/conda/envs/gdf/bin/python(+0x12827a) [0x56403a31427a]
51  /opt/conda/envs/gdf/bin/python(_PyFunction_Vectorcall+0xd5) [0x56403a325c05]
52  /opt/conda/envs/gdf/bin/python(_PyEval_EvalFrameDefault+0x123b) [0x56403a3163cb]
53  /opt/conda/envs/gdf/bin/python(+0x12827a) [0x56403a31427a]
54  /opt/conda/envs/gdf/bin/python(_PyEval_EvalCodeWithName+0x47) [0x56403a313f07]
55  /opt/conda/envs/gdf/bin/python(PyEval_EvalCodeEx+0x39) [0x56403a313eb9]
56  /opt/conda/envs/gdf/bin/python(PyEval_EvalCode+0x1b) [0x56403a3c48bb]
57  /opt/conda/envs/gdf/bin/python(+0x206adc) [0x56403a3f2adc]
58  /opt/conda/envs/gdf/bin/python(+0x202c24) [0x56403a3eec24]
59  /opt/conda/envs/gdf/bin/python(PyRun_StringFlags+0x9d) [0x56403a3e67ed]
60  /opt/conda/envs/gdf/bin/python(PyRun_SimpleStringFlags+0x3d) [0x56403a3e66bd]
61  /opt/conda/envs/gdf/bin/python(Py_RunMain+0x262) [0x56403a3e58a2]
=================================
[dgx13:75839:0:75839] Caught signal 11 (Segmentation fault: address not mapped to object at address 0x448)
==== backtrace (tid:  75839) ====
 0  /opt/conda/envs/gdf/lib/libucs.so.0(ucs_handle_error+0x2fd) [0x7f2c983bcced]
 1  /opt/conda/envs/gdf/lib/libucs.so.0(+0x2aee4) [0x7f2c983bcee4]
 2  /opt/conda/envs/gdf/lib/libucs.so.0(+0x2b0aa) [0x7f2c983bd0aa]
 3  /usr/lib/x86_64-linux-gnu/libpthread.so.0(+0x14420) [0x7f2d29b07420]
 4  /opt/conda/envs/gdf/lib/libucp.so.0(ucp_mem_type_unpack+0x14) [0x7f2c9843bbb4]
 5  /opt/conda/envs/gdf/lib/libucp.so.0(ucp_rndv_data_handler+0x4e9) [0x7f2c98462e09]
 6  /opt/conda/envs/gdf/lib/libuct.so.0(+0x2045f) [0x7f2c9837645f]
 7  /opt/conda/envs/gdf/lib/libuct.so.0(+0x238c8) [0x7f2c983798c8]
 8  /opt/conda/envs/gdf/lib/libucs.so.0(ucs_event_set_wait+0xb9) [0x7f2c983c6399]
 9  /opt/conda/envs/gdf/lib/libuct.so.0(uct_tcp_iface_progress+0x7d) [0x7f2c9837865d]
10  /opt/conda/envs/gdf/lib/libucp.so.0(ucp_worker_progress+0x5a) [0x7f2c98438daa]
11  /opt/conda/envs/gdf/lib/python3.9/site-packages/ucp/_libs/ucx_api.cpython-39-x86_64-linux-gnu.so(+0x2b17a) [0x7f2c984ea17a]
12  /opt/conda/envs/gdf/bin/python(+0x13eb08) [0x559af6192b08]
13  /opt/conda/envs/gdf/bin/python(_PyEval_EvalFrameDefault+0x5f82) [0x559af6183112]
14  /opt/conda/envs/gdf/bin/python(+0x12827a) [0x559af617c27a]
15  /opt/conda/envs/gdf/bin/python(_PyFunction_Vectorcall+0xd5) [0x559af618dc05]
16  /opt/conda/envs/gdf/bin/python(_PyEval_EvalFrameDefault+0x68b) [0x559af617d81b]
17  /opt/conda/envs/gdf/bin/python(+0x14e70e) [0x559af61a270e]
18  /opt/conda/envs/gdf/lib/python3.9/lib-dynload/_asyncio.cpython-39-x86_64-linux-gnu.so(+0x82fe) [0x7f2caa7862fe]
19  /opt/conda/envs/gdf/bin/python(_PyObject_MakeTpCall+0x2fc) [0x559af61862bc]
20  /opt/conda/envs/gdf/bin/python(+0xe5817) [0x559af6139817]
21  /opt/conda/envs/gdf/bin/python(+0x130f83) [0x559af6184f83]
22  /opt/conda/envs/gdf/bin/python(_PyEval_EvalFrameDefault+0x5ba6) [0x559af6182d36]
23  /opt/conda/envs/gdf/bin/python(+0x139ef3) [0x559af618def3]
24  /opt/conda/envs/gdf/bin/python(_PyEval_EvalFrameDefault+0x68b) [0x559af617d81b]
25  /opt/conda/envs/gdf/bin/python(+0x139ef3) [0x559af618def3]
26  /opt/conda/envs/gdf/bin/python(_PyEval_EvalFrameDefault+0x68b) [0x559af617d81b]
27  /opt/conda/envs/gdf/bin/python(+0x139ef3) [0x559af618def3]
28  /opt/conda/envs/gdf/bin/python(_PyEval_EvalFrameDefault+0x68b) [0x559af617d81b]
29  /opt/conda/envs/gdf/bin/python(+0x139ef3) [0x559af618def3]
30  /opt/conda/envs/gdf/bin/python(_PyEval_EvalFrameDefault+0x68b) [0x559af617d81b]
31  /opt/conda/envs/gdf/bin/python(+0x12827a) [0x559af617c27a]
32  /opt/conda/envs/gdf/bin/python(_PyFunction_Vectorcall+0xd5) [0x559af618dc05]
33  /opt/conda/envs/gdf/bin/python(_PyEval_EvalFrameDefault+0x4e17) [0x559af6181fa7]
34  /opt/conda/envs/gdf/bin/python(+0x12827a) [0x559af617c27a]
35  /opt/conda/envs/gdf/bin/python(+0x147935) [0x559af619b935]
36  /opt/conda/envs/gdf/bin/python(PyObject_Call+0xb4) [0x559af619c104]
37  /opt/conda/envs/gdf/bin/python(+0x20efc8) [0x559af6262fc8]
38  /opt/conda/envs/gdf/bin/python(_PyObject_MakeTpCall+0x2fc) [0x559af61862bc]
39  /opt/conda/envs/gdf/bin/python(_PyEval_EvalFrameDefault+0x402b) [0x559af61811bb]
40  /opt/conda/envs/gdf/bin/python(+0x139ef3) [0x559af618def3]
41  /opt/conda/envs/gdf/bin/python(+0x147c72) [0x559af619bc72]
42  /opt/conda/envs/gdf/bin/python(_PyEval_EvalFrameDefault+0x402b) [0x559af61811bb]
43  /opt/conda/envs/gdf/bin/python(+0x139ef3) [0x559af618def3]
44  /opt/conda/envs/gdf/bin/python(_PyEval_EvalFrameDefault+0x68b) [0x559af617d81b]
45  /opt/conda/envs/gdf/bin/python(+0x12827a) [0x559af617c27a]
46  /opt/conda/envs/gdf/bin/python(_PyFunction_Vectorcall+0xd5) [0x559af618dc05]
47  /opt/conda/envs/gdf/bin/python(_PyEval_EvalFrameDefault+0x68b) [0x559af617d81b]
48  /opt/conda/envs/gdf/bin/python(+0x139ef3) [0x559af618def3]
49  /opt/conda/envs/gdf/bin/python(_PyEval_EvalFrameDefault+0x3d8) [0x559af617d568]
50  /opt/conda/envs/gdf/bin/python(+0x12827a) [0x559af617c27a]
51  /opt/conda/envs/gdf/bin/python(_PyFunction_Vectorcall+0xd5) [0x559af618dc05]
52  /opt/conda/envs/gdf/bin/python(_PyEval_EvalFrameDefault+0x123b) [0x559af617e3cb]
53  /opt/conda/envs/gdf/bin/python(+0x12827a) [0x559af617c27a]
54  /opt/conda/envs/gdf/bin/python(_PyEval_EvalCodeWithName+0x47) [0x559af617bf07]
55  /opt/conda/envs/gdf/bin/python(PyEval_EvalCodeEx+0x39) [0x559af617beb9]
56  /opt/conda/envs/gdf/bin/python(PyEval_EvalCode+0x1b) [0x559af622c8bb]
57  /opt/conda/envs/gdf/bin/python(+0x206adc) [0x559af625aadc]
58  /opt/conda/envs/gdf/bin/python(+0x202c24) [0x559af6256c24]
59  /opt/conda/envs/gdf/bin/python(PyRun_StringFlags+0x9d) [0x559af624e7ed]
60  /opt/conda/envs/gdf/bin/python(PyRun_SimpleStringFlags+0x3d) [0x559af624e6bd]
61  /opt/conda/envs/gdf/bin/python(Py_RunMain+0x262) [0x559af624d8a2]
=================================
[dgx13:75829:0:75829] Caught signal 11 (Segmentation fault: address not mapped to object at address 0x448)
==== backtrace (tid:  75829) ====
 0  /opt/conda/envs/gdf/lib/libucs.so.0(ucs_handle_error+0x2fd) [0x7f3eb98ccced]
 1  /opt/conda/envs/gdf/lib/libucs.so.0(+0x2aee4) [0x7f3eb98ccee4]
 2  /opt/conda/envs/gdf/lib/libucs.so.0(+0x2b0aa) [0x7f3eb98cd0aa]
 3  /usr/lib/x86_64-linux-gnu/libpthread.so.0(+0x14420) [0x7f3f5cfff420]
 4  /opt/conda/envs/gdf/lib/libucp.so.0(ucp_mem_type_unpack+0x14) [0x7f3eb994bbb4]
 5  /opt/conda/envs/gdf/lib/libucp.so.0(ucp_rndv_data_handler+0x4e9) [0x7f3eb9972e09]
 6  /opt/conda/envs/gdf/lib/libuct.so.0(+0x2045f) [0x7f3eb988645f]
 7  /opt/conda/envs/gdf/lib/libuct.so.0(+0x238c8) [0x7f3eb98898c8]
 8  /opt/conda/envs/gdf/lib/libucs.so.0(ucs_event_set_wait+0xb9) [0x7f3eb98d6399]
 9  /opt/conda/envs/gdf/lib/libuct.so.0(uct_tcp_iface_progress+0x7d) [0x7f3eb988865d]
10  /opt/conda/envs/gdf/lib/libucp.so.0(ucp_worker_progress+0x5a) [0x7f3eb9948daa]
11  /opt/conda/envs/gdf/lib/python3.9/site-packages/ucp/_libs/ucx_api.cpython-39-x86_64-linux-gnu.so(+0x2b17a) [0x7f3eb99fa17a]
12  /opt/conda/envs/gdf/bin/python(+0x13eb08) [0x561e7e7efb08]
13  /opt/conda/envs/gdf/bin/python(_PyEval_EvalFrameDefault+0x5f82) [0x561e7e7e0112]
14  /opt/conda/envs/gdf/bin/python(+0x12827a) [0x561e7e7d927a]
15  /opt/conda/envs/gdf/bin/python(_PyFunction_Vectorcall+0xd5) [0x561e7e7eac05]
16  /opt/conda/envs/gdf/bin/python(_PyEval_EvalFrameDefault+0x68b) [0x561e7e7da81b]
17  /opt/conda/envs/gdf/bin/python(+0x14e70e) [0x561e7e7ff70e]
18  /opt/conda/envs/gdf/lib/python3.9/lib-dynload/_asyncio.cpython-39-x86_64-linux-gnu.so(+0x82fe) [0x7f3f500102fe]
19  /opt/conda/envs/gdf/bin/python(_PyObject_MakeTpCall+0x2fc) [0x561e7e7e32bc]
20  /opt/conda/envs/gdf/bin/python(+0xe5817) [0x561e7e796817]
21  /opt/conda/envs/gdf/bin/python(+0x130f83) [0x561e7e7e1f83]
22  /opt/conda/envs/gdf/bin/python(_PyEval_EvalFrameDefault+0x5ba6) [0x561e7e7dfd36]
23  /opt/conda/envs/gdf/bin/python(+0x139ef3) [0x561e7e7eaef3]
24  /opt/conda/envs/gdf/bin/python(_PyEval_EvalFrameDefault+0x68b) [0x561e7e7da81b]
25  /opt/conda/envs/gdf/bin/python(+0x139ef3) [0x561e7e7eaef3]
26  /opt/conda/envs/gdf/bin/python(_PyEval_EvalFrameDefault+0x68b) [0x561e7e7da81b]
27  /opt/conda/envs/gdf/bin/python(+0x139ef3) [0x561e7e7eaef3]
28  /opt/conda/envs/gdf/bin/python(_PyEval_EvalFrameDefault+0x68b) [0x561e7e7da81b]
29  /opt/conda/envs/gdf/bin/python(+0x139ef3) [0x561e7e7eaef3]
30  /opt/conda/envs/gdf/bin/python(_PyEval_EvalFrameDefault+0x68b) [0x561e7e7da81b]
31  /opt/conda/envs/gdf/bin/python(+0x12827a) [0x561e7e7d927a]
32  /opt/conda/envs/gdf/bin/python(_PyFunction_Vectorcall+0xd5) [0x561e7e7eac05]
33  /opt/conda/envs/gdf/bin/python(_PyEval_EvalFrameDefault+0x4e17) [0x561e7e7defa7]
34  /opt/conda/envs/gdf/bin/python(+0x12827a) [0x561e7e7d927a]
35  /opt/conda/envs/gdf/bin/python(+0x147935) [0x561e7e7f8935]
36  /opt/conda/envs/gdf/bin/python(PyObject_Call+0xb4) [0x561e7e7f9104]
37  /opt/conda/envs/gdf/bin/python(+0x20efc8) [0x561e7e8bffc8]
38  /opt/conda/envs/gdf/bin/python(_PyObject_MakeTpCall+0x2fc) [0x561e7e7e32bc]
39  /opt/conda/envs/gdf/bin/python(_PyEval_EvalFrameDefault+0x402b) [0x561e7e7de1bb]
40  /opt/conda/envs/gdf/bin/python(+0x139ef3) [0x561e7e7eaef3]
41  /opt/conda/envs/gdf/bin/python(+0x147c72) [0x561e7e7f8c72]
42  /opt/conda/envs/gdf/bin/python(_PyEval_EvalFrameDefault+0x402b) [0x561e7e7de1bb]
43  /opt/conda/envs/gdf/bin/python(+0x139ef3) [0x561e7e7eaef3]
44  /opt/conda/envs/gdf/bin/python(_PyEval_EvalFrameDefault+0x68b) [0x561e7e7da81b]
45  /opt/conda/envs/gdf/bin/python(+0x12827a) [0x561e7e7d927a]
46  /opt/conda/envs/gdf/bin/python(_PyFunction_Vectorcall+0xd5) [0x561e7e7eac05]
47  /opt/conda/envs/gdf/bin/python(_PyEval_EvalFrameDefault+0x68b) [0x561e7e7da81b]
48  /opt/conda/envs/gdf/bin/python(+0x139ef3) [0x561e7e7eaef3]
49  /opt/conda/envs/gdf/bin/python(_PyEval_EvalFrameDefault+0x3d8) [0x561e7e7da568]
50  /opt/conda/envs/gdf/bin/python(+0x12827a) [0x561e7e7d927a]
51  /opt/conda/envs/gdf/bin/python(_PyFunction_Vectorcall+0xd5) [0x561e7e7eac05]
52  /opt/conda/envs/gdf/bin/python(_PyEval_EvalFrameDefault+0x123b) [0x561e7e7db3cb]
53  /opt/conda/envs/gdf/bin/python(+0x12827a) [0x561e7e7d927a]
54  /opt/conda/envs/gdf/bin/python(_PyEval_EvalCodeWithName+0x47) [0x561e7e7d8f07]
55  /opt/conda/envs/gdf/bin/python(PyEval_EvalCodeEx+0x39) [0x561e7e7d8eb9]
56  /opt/conda/envs/gdf/bin/python(PyEval_EvalCode+0x1b) [0x561e7e8898bb]
57  /opt/conda/envs/gdf/bin/python(+0x206adc) [0x561e7e8b7adc]
58  /opt/conda/envs/gdf/bin/python(+0x202c24) [0x561e7e8b3c24]
59  /opt/conda/envs/gdf/bin/python(PyRun_StringFlags+0x9d) [0x561e7e8ab7ed]
60  /opt/conda/envs/gdf/bin/python(PyRun_SimpleStringFlags+0x3d) [0x561e7e8ab6bd]
61  /opt/conda/envs/gdf/bin/python(Py_RunMain+0x262) [0x561e7e8aa8a2]
=================================
2023-07-02 06:14:07,295 - distributed.worker - ERROR - Worker stream died during communication: ucx://127.0.0.1:49557
Traceback (most recent call last):
  File "/opt/conda/envs/gdf/lib/python3.9/site-packages/distributed/core.py", line 1427, in _connect
    comm = await connect(
  File "/opt/conda/envs/gdf/lib/python3.9/site-packages/distributed/comm/core.py", line 329, in connect
    handshake = await wait_for(comm.read(), time_left())
  File "/opt/conda/envs/gdf/lib/python3.9/site-packages/distributed/utils.py", line 1849, in wait_for
    return await asyncio.wait_for(fut, timeout)
  File "/opt/conda/envs/gdf/lib/python3.9/asyncio/tasks.py", line 466, in wait_for
    await waiter
asyncio.exceptions.CancelledError

During handling of the above exception, another exception occurred:

Traceback (most recent call last):
  File "/opt/conda/envs/gdf/lib/python3.9/site-packages/distributed/worker.py", line 2066, in gather_dep
    response = await get_data_from_worker(
  File "/opt/conda/envs/gdf/lib/python3.9/site-packages/distributed/worker.py", line 2889, in get_data_from_worker
    comm = await rpc.connect(worker)
  File "/opt/conda/envs/gdf/lib/python3.9/site-packages/distributed/core.py", line 1506, in connect
    return await connect_attempt
  File "/opt/conda/envs/gdf/lib/python3.9/site-packages/distributed/core.py", line 1450, in _connect
    raise CommClosedError(reason)
distributed.comm.core.CommClosedError: Address removed.
2023-07-02 06:14:07,310 - distributed.worker - ERROR - Worker stream died during communication: ucx://127.0.0.1:56027
Traceback (most recent call last):
  File "/opt/conda/envs/gdf/lib/python3.9/site-packages/distributed/comm/ucx.py", line 349, in read
    await self.ep.recv(msg)
  File "/opt/conda/envs/gdf/lib/python3.9/site-packages/ucp/core.py", line 725, in recv
    ret = await comm.tag_recv(self._ep, buffer, nbytes, tag, name=log)
ucp._libs.exceptions.UCXCanceled: <[Recv #000] ep: 0x7f5912e3c100, tag: 0xe55f453038751b31, nbytes: 16, type: <class 'numpy.ndarray'>>: 

During handling of the above exception, another exception occurred:

Traceback (most recent call last):
  File "/opt/conda/envs/gdf/lib/python3.9/site-packages/distributed/comm/core.py", line 329, in connect
    handshake = await wait_for(comm.read(), time_left())
  File "/opt/conda/envs/gdf/lib/python3.9/site-packages/distributed/utils.py", line 1849, in wait_for
    return await asyncio.wait_for(fut, timeout)
  File "/opt/conda/envs/gdf/lib/python3.9/asyncio/tasks.py", line 479, in wait_for
    return fut.result()
  File "/opt/conda/envs/gdf/lib/python3.9/site-packages/distributed/utils.py", line 752, in wrapper
    return await func(*args, **kwargs)
  File "/opt/conda/envs/gdf/lib/python3.9/site-packages/distributed/comm/ucx.py", line 367, in read
    raise CommClosedError(
distributed.comm.core.CommClosedError: Connection closed by writer.
Inner exception: UCXCanceled("<[Recv #000] ep: 0x7f5912e3c100, tag: 0xe55f453038751b31, nbytes: 16, type: <class 'numpy.ndarray'>>: ")

The above exception was the direct cause of the following exception:

Traceback (most recent call last):
  File "/opt/conda/envs/gdf/lib/python3.9/site-packages/distributed/worker.py", line 2066, in gather_dep
    response = await get_data_from_worker(
  File "/opt/conda/envs/gdf/lib/python3.9/site-packages/distributed/worker.py", line 2889, in get_data_from_worker
    comm = await rpc.connect(worker)
  File "/opt/conda/envs/gdf/lib/python3.9/site-packages/distributed/core.py", line 1506, in connect
    return await connect_attempt
  File "/opt/conda/envs/gdf/lib/python3.9/site-packages/distributed/core.py", line 1427, in _connect
    comm = await connect(
  File "/opt/conda/envs/gdf/lib/python3.9/site-packages/distributed/comm/core.py", line 334, in connect
    raise OSError(
OSError: Timed out during handshake while connecting to ucx://127.0.0.1:56027 after 30 s
2023-07-02 06:14:07,310 - distributed.worker - ERROR - failed during get data with ucx://127.0.0.1:58575 -> ucx://127.0.0.1:56027
Traceback (most recent call last):
  File "/opt/conda/envs/gdf/lib/python3.9/site-packages/distributed/comm/ucx.py", line 333, in write
    await self.ep.send(each_frame)
  File "/opt/conda/envs/gdf/lib/python3.9/site-packages/ucp/core.py", line 650, in send
    return await comm.tag_send(self._ep, buffer, nbytes, tag, name=log)
ucp._libs.exceptions.UCXError: <[Send #007] ep: 0x7f30134a4240, tag: 0x3bcb98cef02308ac, nbytes: 50000000, type: <class 'cupy.ndarray'>>: Connection reset by remote peer

During handling of the above exception, another exception occurred:

Traceback (most recent call last):
  File "/opt/conda/envs/gdf/lib/python3.9/site-packages/distributed/worker.py", line 1792, in get_data
    compressed = await comm.write(msg, serializers=serializers)
  File "/opt/conda/envs/gdf/lib/python3.9/site-packages/distributed/utils.py", line 752, in wrapper
    return await func(*args, **kwargs)
  File "/opt/conda/envs/gdf/lib/python3.9/site-packages/distributed/comm/ucx.py", line 337, in write
    raise CommClosedError("While writing, the connection was closed")
distributed.comm.core.CommClosedError: While writing, the connection was closed
Task exception was never retrieved
future: <Task finished name='Task-455' coro=<_listener_handler_coroutine() done, defined at /opt/conda/envs/gdf/lib/python3.9/site-packages/ucp/core.py:128> exception=UCXError('<stream_recv>: Connection reset by remote peer')>
Traceback (most recent call last):
  File "/opt/conda/envs/gdf/lib/python3.9/site-packages/ucp/core.py", line 143, in _listener_handler_coroutine
    peer_info = await exchange_peer_info(
  File "/opt/conda/envs/gdf/lib/python3.9/site-packages/ucp/core.py", line 52, in exchange_peer_info
    await comm.stream_recv(endpoint, peer_info_arr, peer_info_arr.nbytes)
ucp._libs.exceptions.UCXError: <stream_recv>: Connection reset by remote peer
2023-07-02 06:14:07,310 - distributed.worker - ERROR - Worker stream died during communication: ucx://127.0.0.1:56027
Traceback (most recent call last):
  File "/opt/conda/envs/gdf/lib/python3.9/site-packages/distributed/comm/ucx.py", line 349, in read
    await self.ep.recv(msg)
  File "/opt/conda/envs/gdf/lib/python3.9/site-packages/ucp/core.py", line 725, in recv
    ret = await comm.tag_recv(self._ep, buffer, nbytes, tag, name=log)
ucp._libs.exceptions.UCXCanceled: <[Recv #000] ep: 0x7ff4b4b56100, tag: 0xc3c3118a2e2c1ded, nbytes: 16, type: <class 'numpy.ndarray'>>: 

During handling of the above exception, another exception occurred:

Traceback (most recent call last):
  File "/opt/conda/envs/gdf/lib/python3.9/site-packages/distributed/comm/core.py", line 329, in connect
    handshake = await wait_for(comm.read(), time_left())
  File "/opt/conda/envs/gdf/lib/python3.9/site-packages/distributed/utils.py", line 1849, in wait_for
    return await asyncio.wait_for(fut, timeout)
  File "/opt/conda/envs/gdf/lib/python3.9/asyncio/tasks.py", line 479, in wait_for
    return fut.result()
  File "/opt/conda/envs/gdf/lib/python3.9/site-packages/distributed/utils.py", line 752, in wrapper
    return await func(*args, **kwargs)
  File "/opt/conda/envs/gdf/lib/python3.9/site-packages/distributed/comm/ucx.py", line 367, in read
    raise CommClosedError(
distributed.comm.core.CommClosedError: Connection closed by writer.
Inner exception: UCXCanceled("<[Recv #000] ep: 0x7ff4b4b56100, tag: 0xc3c3118a2e2c1ded, nbytes: 16, type: <class 'numpy.ndarray'>>: ")

The above exception was the direct cause of the following exception:

Traceback (most recent call last):
  File "/opt/conda/envs/gdf/lib/python3.9/site-packages/distributed/worker.py", line 2066, in gather_dep
    response = await get_data_from_worker(
  File "/opt/conda/envs/gdf/lib/python3.9/site-packages/distributed/worker.py", line 2889, in get_data_from_worker
    comm = await rpc.connect(worker)
  File "/opt/conda/envs/gdf/lib/python3.9/site-packages/distributed/core.py", line 1506, in connect
    return await connect_attempt
  File "/opt/conda/envs/gdf/lib/python3.9/site-packages/distributed/core.py", line 1427, in _connect
    comm = await connect(
  File "/opt/conda/envs/gdf/lib/python3.9/site-packages/distributed/comm/core.py", line 334, in connect
    raise OSError(
OSError: Timed out during handshake while connecting to ucx://127.0.0.1:56027 after 30 s
2023-07-02 06:14:07,311 - distributed.worker - ERROR - failed during get data with ucx://127.0.0.1:58575 -> ucx://127.0.0.1:48925
Traceback (most recent call last):
  File "/opt/conda/envs/gdf/lib/python3.9/site-packages/distributed/comm/ucx.py", line 333, in write
    await self.ep.send(each_frame)
  File "/opt/conda/envs/gdf/lib/python3.9/site-packages/ucp/core.py", line 650, in send
    return await comm.tag_send(self._ep, buffer, nbytes, tag, name=log)
ucp._libs.exceptions.UCXError: <[Send #007] ep: 0x7f30134a41c0, tag: 0xa305408bb1899ca1, nbytes: 50000000, type: <class 'cupy.ndarray'>>: Connection reset by remote peer

During handling of the above exception, another exception occurred:

Traceback (most recent call last):
  File "/opt/conda/envs/gdf/lib/python3.9/site-packages/distributed/worker.py", line 1792, in get_data
    compressed = await comm.write(msg, serializers=serializers)
  File "/opt/conda/envs/gdf/lib/python3.9/site-packages/distributed/utils.py", line 752, in wrapper
    return await func(*args, **kwargs)
  File "/opt/conda/envs/gdf/lib/python3.9/site-packages/distributed/comm/ucx.py", line 337, in write
    raise CommClosedError("While writing, the connection was closed")
distributed.comm.core.CommClosedError: While writing, the connection was closed
2023-07-02 06:14:07,311 - distributed.worker - ERROR - Worker stream died during communication: ucx://127.0.0.1:48925
Traceback (most recent call last):
  File "/opt/conda/envs/gdf/lib/python3.9/site-packages/distributed/comm/ucx.py", line 349, in read
    await self.ep.recv(msg)
  File "/opt/conda/envs/gdf/lib/python3.9/site-packages/ucp/core.py", line 725, in recv
    ret = await comm.tag_recv(self._ep, buffer, nbytes, tag, name=log)
ucp._libs.exceptions.UCXCanceled: <[Recv #003] ep: 0x7f5912e3c1c0, tag: 0x930eb589cfa02f09, nbytes: 16, type: <class 'numpy.ndarray'>>: 

During handling of the above exception, another exception occurred:

Traceback (most recent call last):
  File "/opt/conda/envs/gdf/lib/python3.9/site-packages/distributed/worker.py", line 2066, in gather_dep
    response = await get_data_from_worker(
  File "/opt/conda/envs/gdf/lib/python3.9/site-packages/distributed/worker.py", line 2892, in get_data_from_worker
    response = await send_recv(
  File "/opt/conda/envs/gdf/lib/python3.9/site-packages/distributed/core.py", line 1024, in send_recv
    response = await comm.read(deserializers=deserializers)
  File "/opt/conda/envs/gdf/lib/python3.9/site-packages/distributed/utils.py", line 752, in wrapper
    return await func(*args, **kwargs)
  File "/opt/conda/envs/gdf/lib/python3.9/site-packages/distributed/comm/ucx.py", line 367, in read
    raise CommClosedError(
distributed.comm.core.CommClosedError: Connection closed by writer.
Inner exception: UCXCanceled("<[Recv #003] ep: 0x7f5912e3c1c0, tag: 0x930eb589cfa02f09, nbytes: 16, type: <class 'numpy.ndarray'>>: ")
2023-07-02 06:14:07,312 - distributed.worker - ERROR - Worker stream died during communication: ucx://127.0.0.1:48925
Traceback (most recent call last):
  File "/opt/conda/envs/gdf/lib/python3.9/site-packages/distributed/comm/ucx.py", line 349, in read
    await self.ep.recv(msg)
  File "/opt/conda/envs/gdf/lib/python3.9/site-packages/ucp/core.py", line 725, in recv
    ret = await comm.tag_recv(self._ep, buffer, nbytes, tag, name=log)
ucp._libs.exceptions.UCXCanceled: <[Recv #003] ep: 0x7ff4b4b561c0, tag: 0x60804a14f4b978f, nbytes: 16, type: <class 'numpy.ndarray'>>: 

During handling of the above exception, another exception occurred:

Traceback (most recent call last):
  File "/opt/conda/envs/gdf/lib/python3.9/site-packages/distributed/worker.py", line 2066, in gather_dep
    response = await get_data_from_worker(
  File "/opt/conda/envs/gdf/lib/python3.9/site-packages/distributed/worker.py", line 2892, in get_data_from_worker
    response = await send_recv(
  File "/opt/conda/envs/gdf/lib/python3.9/site-packages/distributed/core.py", line 1024, in send_recv
    response = await comm.read(deserializers=deserializers)
  File "/opt/conda/envs/gdf/lib/python3.9/site-packages/distributed/utils.py", line 752, in wrapper
    return await func(*args, **kwargs)
  File "/opt/conda/envs/gdf/lib/python3.9/site-packages/distributed/comm/ucx.py", line 367, in read
    raise CommClosedError(
distributed.comm.core.CommClosedError: Connection closed by writer.
Inner exception: UCXCanceled("<[Recv #003] ep: 0x7ff4b4b561c0, tag: 0x60804a14f4b978f, nbytes: 16, type: <class 'numpy.ndarray'>>: ")
2023-07-02 06:14:07,312 - distributed.worker - ERROR - Worker stream died during communication: ucx://127.0.0.1:48925
Traceback (most recent call last):
  File "/opt/conda/envs/gdf/lib/python3.9/site-packages/distributed/comm/ucx.py", line 349, in read
    await self.ep.recv(msg)
  File "/opt/conda/envs/gdf/lib/python3.9/site-packages/ucp/core.py", line 725, in recv
    ret = await comm.tag_recv(self._ep, buffer, nbytes, tag, name=log)
ucp._libs.exceptions.UCXCanceled: <[Recv #003] ep: 0x7f30134a4100, tag: 0x3fcf9a2266c780, nbytes: 16, type: <class 'numpy.ndarray'>>: 

During handling of the above exception, another exception occurred:

Traceback (most recent call last):
  File "/opt/conda/envs/gdf/lib/python3.9/site-packages/distributed/worker.py", line 2066, in gather_dep
    response = await get_data_from_worker(
  File "/opt/conda/envs/gdf/lib/python3.9/site-packages/distributed/worker.py", line 2892, in get_data_from_worker
    response = await send_recv(
  File "/opt/conda/envs/gdf/lib/python3.9/site-packages/distributed/core.py", line 1024, in send_recv
    response = await comm.read(deserializers=deserializers)
  File "/opt/conda/envs/gdf/lib/python3.9/site-packages/distributed/utils.py", line 752, in wrapper
    return await func(*args, **kwargs)
  File "/opt/conda/envs/gdf/lib/python3.9/site-packages/distributed/comm/ucx.py", line 367, in read
    raise CommClosedError(
distributed.comm.core.CommClosedError: Connection closed by writer.
Inner exception: UCXCanceled("<[Recv #003] ep: 0x7f30134a4100, tag: 0x3fcf9a2266c780, nbytes: 16, type: <class 'numpy.ndarray'>>: ")
2023-07-02 06:14:07,311 - distributed.worker - ERROR - Worker stream died during communication: ucx://127.0.0.1:56027
Traceback (most recent call last):
  File "/opt/conda/envs/gdf/lib/python3.9/site-packages/distributed/comm/ucx.py", line 349, in read
    await self.ep.recv(msg)
  File "/opt/conda/envs/gdf/lib/python3.9/site-packages/ucp/core.py", line 725, in recv
    ret = await comm.tag_recv(self._ep, buffer, nbytes, tag, name=log)
ucp._libs.exceptions.UCXCanceled: <[Recv #000] ep: 0x7f6eb549b180, tag: 0x2964fffefdcd22f3, nbytes: 16, type: <class 'numpy.ndarray'>>: 

During handling of the above exception, another exception occurred:

Traceback (most recent call last):
  File "/opt/conda/envs/gdf/lib/python3.9/site-packages/distributed/comm/core.py", line 329, in connect
    handshake = await wait_for(comm.read(), time_left())
  File "/opt/conda/envs/gdf/lib/python3.9/site-packages/distributed/utils.py", line 1849, in wait_for
    return await asyncio.wait_for(fut, timeout)
  File "/opt/conda/envs/gdf/lib/python3.9/asyncio/tasks.py", line 479, in wait_for
    return fut.result()
  File "/opt/conda/envs/gdf/lib/python3.9/site-packages/distributed/utils.py", line 752, in wrapper
    return await func(*args, **kwargs)
  File "/opt/conda/envs/gdf/lib/python3.9/site-packages/distributed/comm/ucx.py", line 367, in read
    raise CommClosedError(
distributed.comm.core.CommClosedError: Connection closed by writer.
Inner exception: UCXCanceled("<[Recv #000] ep: 0x7f6eb549b180, tag: 0x2964fffefdcd22f3, nbytes: 16, type: <class 'numpy.ndarray'>>: ")

The above exception was the direct cause of the following exception:

Traceback (most recent call last):
  File "/opt/conda/envs/gdf/lib/python3.9/site-packages/distributed/worker.py", line 2066, in gather_dep
    response = await get_data_from_worker(
  File "/opt/conda/envs/gdf/lib/python3.9/site-packages/distributed/worker.py", line 2889, in get_data_from_worker
    comm = await rpc.connect(worker)
  File "/opt/conda/envs/gdf/lib/python3.9/site-packages/distributed/core.py", line 1506, in connect
    return await connect_attempt
  File "/opt/conda/envs/gdf/lib/python3.9/site-packages/distributed/core.py", line 1427, in _connect
    comm = await connect(
  File "/opt/conda/envs/gdf/lib/python3.9/site-packages/distributed/comm/core.py", line 334, in connect
    raise OSError(
OSError: Timed out during handshake while connecting to ucx://127.0.0.1:56027 after 30 s
2023-07-02 06:14:07,337 - distributed.worker - ERROR - Worker stream died during communication: ucx://127.0.0.1:57499
Traceback (most recent call last):
  File "/opt/conda/envs/gdf/lib/python3.9/site-packages/distributed/comm/ucx.py", line 349, in read
    await self.ep.recv(msg)
  File "/opt/conda/envs/gdf/lib/python3.9/site-packages/ucp/core.py", line 725, in recv
    ret = await comm.tag_recv(self._ep, buffer, nbytes, tag, name=log)
ucp._libs.exceptions.UCXCanceled: <[Recv #003] ep: 0x7ff4b4b56140, tag: 0xca052facde53eed6, nbytes: 16, type: <class 'numpy.ndarray'>>: 

During handling of the above exception, another exception occurred:

Traceback (most recent call last):
  File "/opt/conda/envs/gdf/lib/python3.9/site-packages/distributed/worker.py", line 2066, in gather_dep
    response = await get_data_from_worker(
  File "/opt/conda/envs/gdf/lib/python3.9/site-packages/distributed/worker.py", line 2892, in get_data_from_worker
    response = await send_recv(
  File "/opt/conda/envs/gdf/lib/python3.9/site-packages/distributed/core.py", line 1024, in send_recv
    response = await comm.read(deserializers=deserializers)
  File "/opt/conda/envs/gdf/lib/python3.9/site-packages/distributed/utils.py", line 752, in wrapper
    return await func(*args, **kwargs)
  File "/opt/conda/envs/gdf/lib/python3.9/site-packages/distributed/comm/ucx.py", line 367, in read
    raise CommClosedError(
distributed.comm.core.CommClosedError: Connection closed by writer.
Inner exception: UCXCanceled("<[Recv #003] ep: 0x7ff4b4b56140, tag: 0xca052facde53eed6, nbytes: 16, type: <class 'numpy.ndarray'>>: ")
2023-07-02 06:14:07,338 - distributed.worker - ERROR - failed during get data with ucx://127.0.0.1:51707 -> ucx://127.0.0.1:57499
Traceback (most recent call last):
  File "/opt/conda/envs/gdf/lib/python3.9/site-packages/distributed/comm/ucx.py", line 333, in write
    await self.ep.send(each_frame)
  File "/opt/conda/envs/gdf/lib/python3.9/site-packages/ucp/core.py", line 650, in send
    return await comm.tag_send(self._ep, buffer, nbytes, tag, name=log)
ucp._libs.exceptions.UCXError: <[Send #007] ep: 0x7f6eb549b200, tag: 0x88e8e207a21ea4f7, nbytes: 50000000, type: <class 'cupy.ndarray'>>: Connection reset by remote peer

During handling of the above exception, another exception occurred:

Traceback (most recent call last):
  File "/opt/conda/envs/gdf/lib/python3.9/site-packages/distributed/worker.py", line 1792, in get_data
    compressed = await comm.write(msg, serializers=serializers)
  File "/opt/conda/envs/gdf/lib/python3.9/site-packages/distributed/utils.py", line 752, in wrapper
    return await func(*args, **kwargs)
  File "/opt/conda/envs/gdf/lib/python3.9/site-packages/distributed/comm/ucx.py", line 337, in write
    raise CommClosedError("While writing, the connection was closed")
distributed.comm.core.CommClosedError: While writing, the connection was closed
2023-07-02 06:14:07,338 - distributed.worker - ERROR - Worker stream died during communication: ucx://127.0.0.1:57499
Traceback (most recent call last):
  File "/opt/conda/envs/gdf/lib/python3.9/site-packages/distributed/comm/ucx.py", line 349, in read
    await self.ep.recv(msg)
  File "/opt/conda/envs/gdf/lib/python3.9/site-packages/ucp/core.py", line 725, in recv
    ret = await comm.tag_recv(self._ep, buffer, nbytes, tag, name=log)
ucp._libs.exceptions.UCXCanceled: <[Recv #003] ep: 0x7f5912e3c140, tag: 0x90b0af46338f20dc, nbytes: 16, type: <class 'numpy.ndarray'>>: 

During handling of the above exception, another exception occurred:

Traceback (most recent call last):
  File "/opt/conda/envs/gdf/lib/python3.9/site-packages/distributed/worker.py", line 2066, in gather_dep
    response = await get_data_from_worker(
  File "/opt/conda/envs/gdf/lib/python3.9/site-packages/distributed/worker.py", line 2892, in get_data_from_worker
    response = await send_recv(
  File "/opt/conda/envs/gdf/lib/python3.9/site-packages/distributed/core.py", line 1024, in send_recv
    response = await comm.read(deserializers=deserializers)
  File "/opt/conda/envs/gdf/lib/python3.9/site-packages/distributed/utils.py", line 752, in wrapper
    return await func(*args, **kwargs)
  File "/opt/conda/envs/gdf/lib/python3.9/site-packages/distributed/comm/ucx.py", line 367, in read
    raise CommClosedError(
distributed.comm.core.CommClosedError: Connection closed by writer.
Inner exception: UCXCanceled("<[Recv #003] ep: 0x7f5912e3c140, tag: 0x90b0af46338f20dc, nbytes: 16, type: <class 'numpy.ndarray'>>: ")
2023-07-02 06:14:07,338 - distributed.worker - ERROR - failed during get data with ucx://127.0.0.1:46573 -> ucx://127.0.0.1:57499
Traceback (most recent call last):
  File "/opt/conda/envs/gdf/lib/python3.9/site-packages/distributed/comm/ucx.py", line 333, in write
    await self.ep.send(each_frame)
  File "/opt/conda/envs/gdf/lib/python3.9/site-packages/ucp/core.py", line 650, in send
    return await comm.tag_send(self._ep, buffer, nbytes, tag, name=log)
ucp._libs.exceptions.UCXError: <[Send #007] ep: 0x7ff4b4b562c0, tag: 0x270abc8afa67b545, nbytes: 50000000, type: <class 'cupy.ndarray'>>: Connection reset by remote peer

During handling of the above exception, another exception occurred:

Traceback (most recent call last):
  File "/opt/conda/envs/gdf/lib/python3.9/site-packages/distributed/worker.py", line 1792, in get_data
    compressed = await comm.write(msg, serializers=serializers)
  File "/opt/conda/envs/gdf/lib/python3.9/site-packages/distributed/utils.py", line 752, in wrapper
    return await func(*args, **kwargs)
  File "/opt/conda/envs/gdf/lib/python3.9/site-packages/distributed/comm/ucx.py", line 337, in write
    raise CommClosedError("While writing, the connection was closed")
distributed.comm.core.CommClosedError: While writing, the connection was closed
2023-07-02 06:14:07,338 - distributed.worker - ERROR - Worker stream died during communication: ucx://127.0.0.1:57499
Traceback (most recent call last):
  File "/opt/conda/envs/gdf/lib/python3.9/site-packages/distributed/comm/ucx.py", line 391, in read
    await self.ep.recv(each_frame)
  File "/opt/conda/envs/gdf/lib/python3.9/site-packages/ucp/core.py", line 725, in recv
    ret = await comm.tag_recv(self._ep, buffer, nbytes, tag, name=log)
ucp._libs.exceptions.UCXError: <[Recv #007] ep: 0x7f6eb549b100, tag: 0x9bf86a541386e68f, nbytes: 50000000, type: <class 'rmm._lib.device_buffer.DeviceBuffer'>>: Connection reset by remote peer

During handling of the above exception, another exception occurred:

Traceback (most recent call last):
  File "/opt/conda/envs/gdf/lib/python3.9/site-packages/distributed/worker.py", line 2066, in gather_dep
    response = await get_data_from_worker(
  File "/opt/conda/envs/gdf/lib/python3.9/site-packages/distributed/worker.py", line 2892, in get_data_from_worker
    response = await send_recv(
  File "/opt/conda/envs/gdf/lib/python3.9/site-packages/distributed/core.py", line 1024, in send_recv
    response = await comm.read(deserializers=deserializers)
  File "/opt/conda/envs/gdf/lib/python3.9/site-packages/distributed/utils.py", line 752, in wrapper
    return await func(*args, **kwargs)
  File "/opt/conda/envs/gdf/lib/python3.9/site-packages/distributed/comm/ucx.py", line 397, in read
    raise CommClosedError(
distributed.comm.core.CommClosedError: Connection closed by writer.
Inner exception: UCXError("<[Recv #007] ep: 0x7f6eb549b100, tag: 0x9bf86a541386e68f, nbytes: 50000000, type: <class 'rmm._lib.device_buffer.DeviceBuffer'>>: Connection reset by remote peer")
2023-07-02 06:14:07,338 - distributed.worker - ERROR - failed during get data with ucx://127.0.0.1:48299 -> ucx://127.0.0.1:48925
Traceback (most recent call last):
  File "/opt/conda/envs/gdf/lib/python3.9/site-packages/distributed/comm/ucx.py", line 333, in write
    await self.ep.send(each_frame)
  File "/opt/conda/envs/gdf/lib/python3.9/site-packages/ucp/core.py", line 650, in send
    return await comm.tag_send(self._ep, buffer, nbytes, tag, name=log)
ucp._libs.exceptions.UCXError: <[Send #007] ep: 0x7f5912e3c280, tag: 0x20972671caffd294, nbytes: 50000000, type: <class 'cupy.ndarray'>>: Connection reset by remote peer

During handling of the above exception, another exception occurred:

Traceback (most recent call last):
  File "/opt/conda/envs/gdf/lib/python3.9/site-packages/distributed/worker.py", line 1792, in get_data
    compressed = await comm.write(msg, serializers=serializers)
  File "/opt/conda/envs/gdf/lib/python3.9/site-packages/distributed/utils.py", line 752, in wrapper
    return await func(*args, **kwargs)
  File "/opt/conda/envs/gdf/lib/python3.9/site-packages/distributed/comm/ucx.py", line 337, in write
    raise CommClosedError("While writing, the connection was closed")
distributed.comm.core.CommClosedError: While writing, the connection was closed
2023-07-02 06:14:07,339 - distributed.worker - ERROR - failed during get data with ucx://127.0.0.1:48299 -> ucx://127.0.0.1:57499
Traceback (most recent call last):
  File "/opt/conda/envs/gdf/lib/python3.9/site-packages/distributed/comm/ucx.py", line 333, in write
    await self.ep.send(each_frame)
  File "/opt/conda/envs/gdf/lib/python3.9/site-packages/ucp/core.py", line 650, in send
    return await comm.tag_send(self._ep, buffer, nbytes, tag, name=log)
ucp._libs.exceptions.UCXError: <[Send #007] ep: 0x7f5912e3c2c0, tag: 0xa5ae7363f36a674d, nbytes: 50000000, type: <class 'cupy.ndarray'>>: Connection reset by remote peer

During handling of the above exception, another exception occurred:

Traceback (most recent call last):
  File "/opt/conda/envs/gdf/lib/python3.9/site-packages/distributed/worker.py", line 1792, in get_data
    compressed = await comm.write(msg, serializers=serializers)
  File "/opt/conda/envs/gdf/lib/python3.9/site-packages/distributed/utils.py", line 752, in wrapper
    return await func(*args, **kwargs)
  File "/opt/conda/envs/gdf/lib/python3.9/site-packages/distributed/comm/ucx.py", line 337, in write
    raise CommClosedError("While writing, the connection was closed")
distributed.comm.core.CommClosedError: While writing, the connection was closed
2023-07-02 06:14:07,346 - distributed.nanny - WARNING - Restarting worker
2023-07-02 06:14:07,349 - distributed.worker - ERROR - Worker stream died during communication: ucx://127.0.0.1:57499
Traceback (most recent call last):
  File "/opt/conda/envs/gdf/lib/python3.9/site-packages/distributed/comm/ucx.py", line 349, in read
    await self.ep.recv(msg)
  File "/opt/conda/envs/gdf/lib/python3.9/site-packages/ucp/core.py", line 725, in recv
    ret = await comm.tag_recv(self._ep, buffer, nbytes, tag, name=log)
ucp._libs.exceptions.UCXCanceled: <[Recv #003] ep: 0x7f30134a4140, tag: 0x5546b8f4f619471c, nbytes: 16, type: <class 'numpy.ndarray'>>: 

During handling of the above exception, another exception occurred:

Traceback (most recent call last):
  File "/opt/conda/envs/gdf/lib/python3.9/site-packages/distributed/worker.py", line 2066, in gather_dep
    response = await get_data_from_worker(
  File "/opt/conda/envs/gdf/lib/python3.9/site-packages/distributed/worker.py", line 2892, in get_data_from_worker
    response = await send_recv(
  File "/opt/conda/envs/gdf/lib/python3.9/site-packages/distributed/core.py", line 1024, in send_recv
    response = await comm.read(deserializers=deserializers)
  File "/opt/conda/envs/gdf/lib/python3.9/site-packages/distributed/utils.py", line 752, in wrapper
    return await func(*args, **kwargs)
  File "/opt/conda/envs/gdf/lib/python3.9/site-packages/distributed/comm/ucx.py", line 367, in read
    raise CommClosedError(
distributed.comm.core.CommClosedError: Connection closed by writer.
Inner exception: UCXCanceled("<[Recv #003] ep: 0x7f30134a4140, tag: 0x5546b8f4f619471c, nbytes: 16, type: <class 'numpy.ndarray'>>: ")
2023-07-02 06:14:07,420 - distributed.nanny - WARNING - Restarting worker
2023-07-02 06:14:07,459 - distributed.nanny - WARNING - Restarting worker
2023-07-02 06:14:07,500 - distributed.nanny - WARNING - Restarting worker
2023-07-02 06:14:08,895 - distributed.preloading - INFO - Creating preload: dask_cuda.initialize
2023-07-02 06:14:08,895 - distributed.preloading - INFO - Import preload module: dask_cuda.initialize
2023-07-02 06:14:08,896 - distributed.preloading - INFO - Creating preload: dask_cuda.initialize
2023-07-02 06:14:08,897 - distributed.preloading - INFO - Import preload module: dask_cuda.initialize
2023-07-02 06:14:08,941 - distributed.preloading - INFO - Creating preload: dask_cuda.initialize
2023-07-02 06:14:08,941 - distributed.preloading - INFO - Import preload module: dask_cuda.initialize
2023-07-02 06:14:08,947 - distributed.preloading - INFO - Creating preload: dask_cuda.initialize
2023-07-02 06:14:08,947 - distributed.preloading - INFO - Import preload module: dask_cuda.initialize
/opt/conda/envs/gdf/lib/python3.9/multiprocessing/resource_tracker.py:216: UserWarning: resource_tracker: There appear to be 48 leaked semaphore objects to clean up at shutdown
  warnings.warn('resource_tracker: There appear to be %d '
