2023-03-16 00:10:14,984 - distributed.preloading - INFO - Creating preload: dask_cuda.initialize
2023-03-16 00:10:14,985 - distributed.preloading - INFO - Import preload module: dask_cuda.initialize
2023-03-16 00:10:14,985 - distributed.preloading - INFO - Creating preload: dask_cuda.initialize
2023-03-16 00:10:14,985 - distributed.preloading - INFO - Import preload module: dask_cuda.initialize
2023-03-16 00:10:14,994 - distributed.preloading - INFO - Creating preload: dask_cuda.initialize
2023-03-16 00:10:14,995 - distributed.preloading - INFO - Import preload module: dask_cuda.initialize
2023-03-16 00:10:14,995 - distributed.preloading - INFO - Creating preload: dask_cuda.initialize
2023-03-16 00:10:14,995 - distributed.preloading - INFO - Import preload module: dask_cuda.initialize
2023-03-16 00:10:15,000 - distributed.preloading - INFO - Creating preload: dask_cuda.initialize
2023-03-16 00:10:15,000 - distributed.preloading - INFO - Import preload module: dask_cuda.initialize
2023-03-16 00:10:15,013 - distributed.preloading - INFO - Creating preload: dask_cuda.initialize
2023-03-16 00:10:15,014 - distributed.preloading - INFO - Import preload module: dask_cuda.initialize
2023-03-16 00:10:15,030 - distributed.preloading - INFO - Creating preload: dask_cuda.initialize
2023-03-16 00:10:15,030 - distributed.preloading - INFO - Import preload module: dask_cuda.initialize
2023-03-16 00:10:15,089 - distributed.preloading - INFO - Creating preload: dask_cuda.initialize
2023-03-16 00:10:15,089 - distributed.preloading - INFO - Import preload module: dask_cuda.initialize
[dgx13:76701:0:76701] Caught signal 11 (Segmentation fault: address not mapped to object at address 0x448)
==== backtrace (tid:  76701) ====
 0  /datasets/pentschev/miniconda3/envs/gdf/lib/libucs.so.0(ucs_handle_error+0x2d4) [0x7f5b10483614]
 1  /datasets/pentschev/miniconda3/envs/gdf/lib/libucs.so.0(+0x2e7ef) [0x7f5b104837ef]
 2  /datasets/pentschev/miniconda3/envs/gdf/lib/libucs.so.0(+0x2eb14) [0x7f5b10483b14]
 3  /lib/x86_64-linux-gnu/libpthread.so.0(+0x12980) [0x7f5b85f17980]
 4  /datasets/pentschev/miniconda3/envs/gdf/lib/libucp.so.0(ucp_mem_type_unpack+0x14) [0x7f5b107083b4]
 5  /datasets/pentschev/miniconda3/envs/gdf/lib/libucp.so.0(ucp_rndv_data_handler+0x508) [0x7f5b10738a08]
 6  /datasets/pentschev/miniconda3/envs/gdf/lib/libuct.so.0(+0x20b5f) [0x7f5b10237b5f]
 7  /datasets/pentschev/miniconda3/envs/gdf/lib/libuct.so.0(+0x21134) [0x7f5b10238134]
 8  /datasets/pentschev/miniconda3/envs/gdf/lib/libuct.so.0(+0x23578) [0x7f5b1023a578]
 9  /datasets/pentschev/miniconda3/envs/gdf/lib/libucs.so.0(ucs_event_set_wait+0xb9) [0x7f5b1048dc99]
10  /datasets/pentschev/miniconda3/envs/gdf/lib/libuct.so.0(uct_tcp_iface_progress+0x7b) [0x7f5b1023a61b]
11  /datasets/pentschev/miniconda3/envs/gdf/lib/libucp.so.0(ucp_worker_progress+0x6a) [0x7f5b10704caa]
12  /datasets/pentschev/miniconda3/envs/gdf/lib/python3.8/site-packages/ucp/_libs/ucx_api.cpython-38-x86_64-linux-gnu.so(+0x272b9) [0x7f5b109bf2b9]
13  /datasets/pentschev/miniconda3/envs/gdf/bin/python(+0x12e343) [0x555a39dbd343]
14  /datasets/pentschev/miniconda3/envs/gdf/bin/python(PyObject_Call+0x24a) [0x555a39dc81fa]
15  /datasets/pentschev/miniconda3/envs/gdf/bin/python(_PyEval_EvalFrameDefault+0x680b) [0x555a39daeb8b]
16  /datasets/pentschev/miniconda3/envs/gdf/bin/python(_PyEval_EvalCodeWithName+0x2f1) [0x555a39da72f1]
17  /datasets/pentschev/miniconda3/envs/gdf/bin/python(_PyFunction_Vectorcall+0x19c) [0x555a39db893c]
18  /datasets/pentschev/miniconda3/envs/gdf/bin/python(_PyEval_EvalFrameDefault+0x6d5) [0x555a39da8a55]
19  /datasets/pentschev/miniconda3/envs/gdf/bin/python(+0x13e1e8) [0x555a39dcd1e8]
20  /datasets/pentschev/miniconda3/envs/gdf/lib/python3.8/lib-dynload/_asyncio.cpython-38-x86_64-linux-gnu.so(+0x7003) [0x7f5b783f1003]
21  /datasets/pentschev/miniconda3/envs/gdf/bin/python(_PyObject_MakeTpCall+0x3db) [0x555a39db130b]
22  /datasets/pentschev/miniconda3/envs/gdf/bin/python(+0xe0b07) [0x555a39d6fb07]
23  /datasets/pentschev/miniconda3/envs/gdf/bin/python(+0x120f96) [0x555a39daff96]
24  /datasets/pentschev/miniconda3/envs/gdf/bin/python(PyVectorcall_Call+0x7a) [0x555a39dc61ea]
25  /datasets/pentschev/miniconda3/envs/gdf/bin/python(_PyEval_EvalFrameDefault+0x5df8) [0x555a39dae178]
26  /datasets/pentschev/miniconda3/envs/gdf/bin/python(_PyFunction_Vectorcall+0x106) [0x555a39db88a6]
27  /datasets/pentschev/miniconda3/envs/gdf/bin/python(_PyEval_EvalFrameDefault+0x6d5) [0x555a39da8a55]
28  /datasets/pentschev/miniconda3/envs/gdf/bin/python(_PyFunction_Vectorcall+0x106) [0x555a39db88a6]
29  /datasets/pentschev/miniconda3/envs/gdf/bin/python(_PyEval_EvalFrameDefault+0x6d5) [0x555a39da8a55]
30  /datasets/pentschev/miniconda3/envs/gdf/bin/python(_PyFunction_Vectorcall+0x106) [0x555a39db88a6]
31  /datasets/pentschev/miniconda3/envs/gdf/bin/python(_PyEval_EvalFrameDefault+0x6d5) [0x555a39da8a55]
32  /datasets/pentschev/miniconda3/envs/gdf/bin/python(_PyFunction_Vectorcall+0x106) [0x555a39db88a6]
33  /datasets/pentschev/miniconda3/envs/gdf/bin/python(_PyEval_EvalFrameDefault+0x6d5) [0x555a39da8a55]
34  /datasets/pentschev/miniconda3/envs/gdf/bin/python(_PyEval_EvalCodeWithName+0x2f1) [0x555a39da72f1]
35  /datasets/pentschev/miniconda3/envs/gdf/bin/python(_PyFunction_Vectorcall+0x19c) [0x555a39db893c]
36  /datasets/pentschev/miniconda3/envs/gdf/bin/python(_PyEval_EvalFrameDefault+0x4b7b) [0x555a39dacefb]
37  /datasets/pentschev/miniconda3/envs/gdf/bin/python(_PyEval_EvalCodeWithName+0x2f1) [0x555a39da72f1]
38  /datasets/pentschev/miniconda3/envs/gdf/bin/python(_PyFunction_Vectorcall+0x19c) [0x555a39db893c]
39  /datasets/pentschev/miniconda3/envs/gdf/bin/python(+0x136e8c) [0x555a39dc5e8c]
40  /datasets/pentschev/miniconda3/envs/gdf/bin/python(_PyObject_FastCallDict+0x282) [0x555a39db0a92]
41  /datasets/pentschev/miniconda3/envs/gdf/bin/python(+0x1ee049) [0x555a39e7d049]
42  /datasets/pentschev/miniconda3/envs/gdf/bin/python(PyObject_Call+0x2d3) [0x555a39dc8283]
43  /datasets/pentschev/miniconda3/envs/gdf/bin/python(_PyEval_EvalFrameDefault+0x205e) [0x555a39daa3de]
44  /datasets/pentschev/miniconda3/envs/gdf/bin/python(_PyFunction_Vectorcall+0x106) [0x555a39db88a6]
45  /datasets/pentschev/miniconda3/envs/gdf/bin/python(+0x136e8c) [0x555a39dc5e8c]
46  /datasets/pentschev/miniconda3/envs/gdf/bin/python(PyObject_Call+0x24a) [0x555a39dc81fa]
47  /datasets/pentschev/miniconda3/envs/gdf/bin/python(_PyEval_EvalFrameDefault+0x205e) [0x555a39daa3de]
48  /datasets/pentschev/miniconda3/envs/gdf/bin/python(_PyFunction_Vectorcall+0x106) [0x555a39db88a6]
49  /datasets/pentschev/miniconda3/envs/gdf/bin/python(_PyEval_EvalFrameDefault+0x6d5) [0x555a39da8a55]
50  /datasets/pentschev/miniconda3/envs/gdf/bin/python(_PyEval_EvalCodeWithName+0x2f1) [0x555a39da72f1]
51  /datasets/pentschev/miniconda3/envs/gdf/bin/python(_PyFunction_Vectorcall+0x19c) [0x555a39db893c]
52  /datasets/pentschev/miniconda3/envs/gdf/bin/python(_PyEval_EvalFrameDefault+0x6d5) [0x555a39da8a55]
53  /datasets/pentschev/miniconda3/envs/gdf/bin/python(_PyFunction_Vectorcall+0x106) [0x555a39db88a6]
54  /datasets/pentschev/miniconda3/envs/gdf/bin/python(_PyEval_EvalFrameDefault+0x3a9) [0x555a39da8729]
55  /datasets/pentschev/miniconda3/envs/gdf/bin/python(_PyEval_EvalCodeWithName+0x2f1) [0x555a39da72f1]
56  /datasets/pentschev/miniconda3/envs/gdf/bin/python(_PyFunction_Vectorcall+0x19c) [0x555a39db893c]
57  /datasets/pentschev/miniconda3/envs/gdf/bin/python(_PyEval_EvalFrameDefault+0x11bf) [0x555a39da953f]
58  /datasets/pentschev/miniconda3/envs/gdf/bin/python(_PyEval_EvalCodeWithName+0x2f1) [0x555a39da72f1]
59  /datasets/pentschev/miniconda3/envs/gdf/bin/python(PyEval_EvalCodeEx+0x39) [0x555a39e59e99]
60  /datasets/pentschev/miniconda3/envs/gdf/bin/python(PyEval_EvalCode+0x1b) [0x555a39e59e5b]
61  /datasets/pentschev/miniconda3/envs/gdf/bin/python(+0x1eb7f9) [0x555a39e7a7f9]
=================================
[dgx13:76708:0:76708] Caught signal 11 (Segmentation fault: address not mapped to object at address 0x448)
==== backtrace (tid:  76708) ====
 0  /datasets/pentschev/miniconda3/envs/gdf/lib/libucs.so.0(ucs_handle_error+0x2d4) [0x7ff040fc5614]
 1  /datasets/pentschev/miniconda3/envs/gdf/lib/libucs.so.0(+0x2e7ef) [0x7ff040fc57ef]
 2  /datasets/pentschev/miniconda3/envs/gdf/lib/libucs.so.0(+0x2eb14) [0x7ff040fc5b14]
 3  /lib/x86_64-linux-gnu/libpthread.so.0(+0x12980) [0x7ff0b6a32980]
 4  /datasets/pentschev/miniconda3/envs/gdf/lib/libucp.so.0(ucp_mem_type_unpack+0x14) [0x7ff04124a3b4]
 5  /datasets/pentschev/miniconda3/envs/gdf/lib/libucp.so.0(ucp_rndv_data_handler+0x508) [0x7ff04127aa08]
 6  /datasets/pentschev/miniconda3/envs/gdf/lib/libuct.so.0(+0x20b5f) [0x7ff040d79b5f]
 7  /datasets/pentschev/miniconda3/envs/gdf/lib/libuct.so.0(+0x21134) [0x7ff040d7a134]
 8  /datasets/pentschev/miniconda3/envs/gdf/lib/libuct.so.0(+0x23578) [0x7ff040d7c578]
 9  /datasets/pentschev/miniconda3/envs/gdf/lib/libucs.so.0(ucs_event_set_wait+0xb9) [0x7ff040fcfc99]
10  /datasets/pentschev/miniconda3/envs/gdf/lib/libuct.so.0(uct_tcp_iface_progress+0x7b) [0x7ff040d7c61b]
11  /datasets/pentschev/miniconda3/envs/gdf/lib/libucp.so.0(ucp_worker_progress+0x6a) [0x7ff041246caa]
12  /datasets/pentschev/miniconda3/envs/gdf/lib/python3.8/site-packages/ucp/_libs/ucx_api.cpython-38-x86_64-linux-gnu.so(+0x272b9) [0x7ff0415012b9]
13  /datasets/pentschev/miniconda3/envs/gdf/bin/python(+0x12e343) [0x559cb78d4343]
14  /datasets/pentschev/miniconda3/envs/gdf/bin/python(PyObject_Call+0x24a) [0x559cb78df1fa]
15  /datasets/pentschev/miniconda3/envs/gdf/bin/python(_PyEval_EvalFrameDefault+0x680b) [0x559cb78c5b8b]
16  /datasets/pentschev/miniconda3/envs/gdf/bin/python(_PyEval_EvalCodeWithName+0x2f1) [0x559cb78be2f1]
17  /datasets/pentschev/miniconda3/envs/gdf/bin/python(_PyFunction_Vectorcall+0x19c) [0x559cb78cf93c]
18  /datasets/pentschev/miniconda3/envs/gdf/bin/python(_PyEval_EvalFrameDefault+0x6d5) [0x559cb78bfa55]
19  /datasets/pentschev/miniconda3/envs/gdf/bin/python(+0x13e1e8) [0x559cb78e41e8]
20  /datasets/pentschev/miniconda3/envs/gdf/lib/python3.8/lib-dynload/_asyncio.cpython-38-x86_64-linux-gnu.so(+0x7003) [0x7ff0511df003]
21  /datasets/pentschev/miniconda3/envs/gdf/bin/python(_PyObject_MakeTpCall+0x3db) [0x559cb78c830b]
22  /datasets/pentschev/miniconda3/envs/gdf/bin/python(+0xe0b07) [0x559cb7886b07]
23  /datasets/pentschev/miniconda3/envs/gdf/bin/python(+0x120f96) [0x559cb78c6f96]
24  /datasets/pentschev/miniconda3/envs/gdf/bin/python(PyVectorcall_Call+0x7a) [0x559cb78dd1ea]
25  /datasets/pentschev/miniconda3/envs/gdf/bin/python(_PyEval_EvalFrameDefault+0x5df8) [0x559cb78c5178]
26  /datasets/pentschev/miniconda3/envs/gdf/bin/python(_PyFunction_Vectorcall+0x106) [0x559cb78cf8a6]
27  /datasets/pentschev/miniconda3/envs/gdf/bin/python(_PyEval_EvalFrameDefault+0x6d5) [0x559cb78bfa55]
28  /datasets/pentschev/miniconda3/envs/gdf/bin/python(_PyFunction_Vectorcall+0x106) [0x559cb78cf8a6]
29  /datasets/pentschev/miniconda3/envs/gdf/bin/python(_PyEval_EvalFrameDefault+0x6d5) [0x559cb78bfa55]
30  /datasets/pentschev/miniconda3/envs/gdf/bin/python(_PyFunction_Vectorcall+0x106) [0x559cb78cf8a6]
31  /datasets/pentschev/miniconda3/envs/gdf/bin/python(_PyEval_EvalFrameDefault+0x6d5) [0x559cb78bfa55]
32  /datasets/pentschev/miniconda3/envs/gdf/bin/python(_PyFunction_Vectorcall+0x106) [0x559cb78cf8a6]
33  /datasets/pentschev/miniconda3/envs/gdf/bin/python(_PyEval_EvalFrameDefault+0x6d5) [0x559cb78bfa55]
34  /datasets/pentschev/miniconda3/envs/gdf/bin/python(_PyEval_EvalCodeWithName+0x2f1) [0x559cb78be2f1]
35  /datasets/pentschev/miniconda3/envs/gdf/bin/python(_PyFunction_Vectorcall+0x19c) [0x559cb78cf93c]
36  /datasets/pentschev/miniconda3/envs/gdf/bin/python(_PyEval_EvalFrameDefault+0x4b7b) [0x559cb78c3efb]
37  /datasets/pentschev/miniconda3/envs/gdf/bin/python(_PyEval_EvalCodeWithName+0x2f1) [0x559cb78be2f1]
38  /datasets/pentschev/miniconda3/envs/gdf/bin/python(_PyFunction_Vectorcall+0x19c) [0x559cb78cf93c]
39  /datasets/pentschev/miniconda3/envs/gdf/bin/python(+0x136e8c) [0x559cb78dce8c]
40  /datasets/pentschev/miniconda3/envs/gdf/bin/python(_PyObject_FastCallDict+0x282) [0x559cb78c7a92]
41  /datasets/pentschev/miniconda3/envs/gdf/bin/python(+0x1ee049) [0x559cb7994049]
42  /datasets/pentschev/miniconda3/envs/gdf/bin/python(PyObject_Call+0x2d3) [0x559cb78df283]
43  /datasets/pentschev/miniconda3/envs/gdf/bin/python(_PyEval_EvalFrameDefault+0x205e) [0x559cb78c13de]
44  /datasets/pentschev/miniconda3/envs/gdf/bin/python(_PyFunction_Vectorcall+0x106) [0x559cb78cf8a6]
45  /datasets/pentschev/miniconda3/envs/gdf/bin/python(+0x136e8c) [0x559cb78dce8c]
46  /datasets/pentschev/miniconda3/envs/gdf/bin/python(PyObject_Call+0x24a) [0x559cb78df1fa]
47  /datasets/pentschev/miniconda3/envs/gdf/bin/python(_PyEval_EvalFrameDefault+0x205e) [0x559cb78c13de]
48  /datasets/pentschev/miniconda3/envs/gdf/bin/python(_PyFunction_Vectorcall+0x106) [0x559cb78cf8a6]
49  /datasets/pentschev/miniconda3/envs/gdf/bin/python(_PyEval_EvalFrameDefault+0x6d5) [0x559cb78bfa55]
50  /datasets/pentschev/miniconda3/envs/gdf/bin/python(_PyEval_EvalCodeWithName+0x2f1) [0x559cb78be2f1]
51  /datasets/pentschev/miniconda3/envs/gdf/bin/python(_PyFunction_Vectorcall+0x19c) [0x559cb78cf93c]
52  /datasets/pentschev/miniconda3/envs/gdf/bin/python(_PyEval_EvalFrameDefault+0x6d5) [0x559cb78bfa55]
53  /datasets/pentschev/miniconda3/envs/gdf/bin/python(_PyFunction_Vectorcall+0x106) [0x559cb78cf8a6]
54  /datasets/pentschev/miniconda3/envs/gdf/bin/python(_PyEval_EvalFrameDefault+0x3a9) [0x559cb78bf729]
55  /datasets/pentschev/miniconda3/envs/gdf/bin/python(_PyEval_EvalCodeWithName+0x2f1) [0x559cb78be2f1]
56  /datasets/pentschev/miniconda3/envs/gdf/bin/python(_PyFunction_Vectorcall+0x19c) [0x559cb78cf93c]
57  /datasets/pentschev/miniconda3/envs/gdf/bin/python(_PyEval_EvalFrameDefault+0x11bf) [0x559cb78c053f]
58  /datasets/pentschev/miniconda3/envs/gdf/bin/python(_PyEval_EvalCodeWithName+0x2f1) [0x559cb78be2f1]
59  /datasets/pentschev/miniconda3/envs/gdf/bin/python(PyEval_EvalCodeEx+0x39) [0x559cb7970e99]
60  /datasets/pentschev/miniconda3/envs/gdf/bin/python(PyEval_EvalCode+0x1b) [0x559cb7970e5b]
61  /datasets/pentschev/miniconda3/envs/gdf/bin/python(+0x1eb7f9) [0x559cb79917f9]
=================================
[dgx13:76705:0:76705] Caught signal 11 (Segmentation fault: address not mapped to object at address 0x448)
==== backtrace (tid:  76705) ====
 0  /datasets/pentschev/miniconda3/envs/gdf/lib/libucs.so.0(ucs_handle_error+0x2d4) [0x7f9f194f9614]
 1  /datasets/pentschev/miniconda3/envs/gdf/lib/libucs.so.0(+0x2e7ef) [0x7f9f194f97ef]
 2  /datasets/pentschev/miniconda3/envs/gdf/lib/libucs.so.0(+0x2eb14) [0x7f9f194f9b14]
 3  /lib/x86_64-linux-gnu/libpthread.so.0(+0x12980) [0x7f9f9cfaa980]
 4  /datasets/pentschev/miniconda3/envs/gdf/lib/libucp.so.0(ucp_mem_type_unpack+0x14) [0x7f9f1977e3b4]
 5  /datasets/pentschev/miniconda3/envs/gdf/lib/libucp.so.0(ucp_rndv_data_handler+0x508) [0x7f9f197aea08]
 6  /datasets/pentschev/miniconda3/envs/gdf/lib/libuct.so.0(+0x20b5f) [0x7f9f192adb5f]
 7  /datasets/pentschev/miniconda3/envs/gdf/lib/libuct.so.0(+0x21134) [0x7f9f192ae134]
 8  /datasets/pentschev/miniconda3/envs/gdf/lib/libuct.so.0(+0x23578) [0x7f9f192b0578]
 9  /datasets/pentschev/miniconda3/envs/gdf/lib/libucs.so.0(ucs_event_set_wait+0xb9) [0x7f9f19503c99]
10  /datasets/pentschev/miniconda3/envs/gdf/lib/libuct.so.0(uct_tcp_iface_progress+0x7b) [0x7f9f192b061b]
11  /datasets/pentschev/miniconda3/envs/gdf/lib/libucp.so.0(ucp_worker_progress+0x6a) [0x7f9f1977acaa]
12  /datasets/pentschev/miniconda3/envs/gdf/lib/python3.8/site-packages/ucp/_libs/ucx_api.cpython-38-x86_64-linux-gnu.so(+0x272b9) [0x7f9f19a352b9]
13  /datasets/pentschev/miniconda3/envs/gdf/bin/python(+0x12e343) [0x560078480343]
14  /datasets/pentschev/miniconda3/envs/gdf/bin/python(PyObject_Call+0x24a) [0x56007848b1fa]
15  /datasets/pentschev/miniconda3/envs/gdf/bin/python(_PyEval_EvalFrameDefault+0x680b) [0x560078471b8b]
16  /datasets/pentschev/miniconda3/envs/gdf/bin/python(_PyEval_EvalCodeWithName+0x2f1) [0x56007846a2f1]
17  /datasets/pentschev/miniconda3/envs/gdf/bin/python(_PyFunction_Vectorcall+0x19c) [0x56007847b93c]
18  /datasets/pentschev/miniconda3/envs/gdf/bin/python(_PyEval_EvalFrameDefault+0x6d5) [0x56007846ba55]
19  /datasets/pentschev/miniconda3/envs/gdf/bin/python(_PyFunction_Vectorcall+0x106) [0x56007847b8a6]
20  /datasets/pentschev/miniconda3/envs/gdf/bin/python(+0x136c36) [0x560078488c36]
21  /datasets/pentschev/miniconda3/envs/gdf/bin/python(+0x23565a) [0x56007858765a]
22  /datasets/pentschev/miniconda3/envs/gdf/bin/python(+0xe0b07) [0x560078432b07]
23  /datasets/pentschev/miniconda3/envs/gdf/bin/python(+0x120f96) [0x560078472f96]
24  /datasets/pentschev/miniconda3/envs/gdf/bin/python(PyVectorcall_Call+0x7a) [0x5600784891ea]
25  /datasets/pentschev/miniconda3/envs/gdf/bin/python(_PyEval_EvalFrameDefault+0x5df8) [0x560078471178]
26  /datasets/pentschev/miniconda3/envs/gdf/bin/python(_PyFunction_Vectorcall+0x106) [0x56007847b8a6]
27  /datasets/pentschev/miniconda3/envs/gdf/bin/python(_PyEval_EvalFrameDefault+0x6d5) [0x56007846ba55]
28  /datasets/pentschev/miniconda3/envs/gdf/bin/python(_PyFunction_Vectorcall+0x106) [0x56007847b8a6]
29  /datasets/pentschev/miniconda3/envs/gdf/bin/python(_PyEval_EvalFrameDefault+0x6d5) [0x56007846ba55]
30  /datasets/pentschev/miniconda3/envs/gdf/bin/python(_PyFunction_Vectorcall+0x106) [0x56007847b8a6]
31  /datasets/pentschev/miniconda3/envs/gdf/bin/python(_PyEval_EvalFrameDefault+0x6d5) [0x56007846ba55]
32  /datasets/pentschev/miniconda3/envs/gdf/bin/python(_PyFunction_Vectorcall+0x106) [0x56007847b8a6]
33  /datasets/pentschev/miniconda3/envs/gdf/bin/python(_PyEval_EvalFrameDefault+0x6d5) [0x56007846ba55]
34  /datasets/pentschev/miniconda3/envs/gdf/bin/python(_PyEval_EvalCodeWithName+0x2f1) [0x56007846a2f1]
35  /datasets/pentschev/miniconda3/envs/gdf/bin/python(_PyFunction_Vectorcall+0x19c) [0x56007847b93c]
36  /datasets/pentschev/miniconda3/envs/gdf/bin/python(_PyEval_EvalFrameDefault+0x4b7b) [0x56007846fefb]
37  /datasets/pentschev/miniconda3/envs/gdf/bin/python(_PyEval_EvalCodeWithName+0x2f1) [0x56007846a2f1]
38  /datasets/pentschev/miniconda3/envs/gdf/bin/python(_PyFunction_Vectorcall+0x19c) [0x56007847b93c]
39  /datasets/pentschev/miniconda3/envs/gdf/bin/python(+0x136e8c) [0x560078488e8c]
40  /datasets/pentschev/miniconda3/envs/gdf/bin/python(_PyObject_FastCallDict+0x282) [0x560078473a92]
41  /datasets/pentschev/miniconda3/envs/gdf/bin/python(+0x1ee049) [0x560078540049]
42  /datasets/pentschev/miniconda3/envs/gdf/bin/python(PyObject_Call+0x2d3) [0x56007848b283]
43  /datasets/pentschev/miniconda3/envs/gdf/bin/python(_PyEval_EvalFrameDefault+0x205e) [0x56007846d3de]
44  /datasets/pentschev/miniconda3/envs/gdf/bin/python(_PyFunction_Vectorcall+0x106) [0x56007847b8a6]
45  /datasets/pentschev/miniconda3/envs/gdf/bin/python(+0x136e8c) [0x560078488e8c]
46  /datasets/pentschev/miniconda3/envs/gdf/bin/python(PyObject_Call+0x24a) [0x56007848b1fa]
47  /datasets/pentschev/miniconda3/envs/gdf/bin/python(_PyEval_EvalFrameDefault+0x205e) [0x56007846d3de]
48  /datasets/pentschev/miniconda3/envs/gdf/bin/python(_PyFunction_Vectorcall+0x106) [0x56007847b8a6]
49  /datasets/pentschev/miniconda3/envs/gdf/bin/python(_PyEval_EvalFrameDefault+0x6d5) [0x56007846ba55]
50  /datasets/pentschev/miniconda3/envs/gdf/bin/python(_PyEval_EvalCodeWithName+0x2f1) [0x56007846a2f1]
51  /datasets/pentschev/miniconda3/envs/gdf/bin/python(_PyFunction_Vectorcall+0x19c) [0x56007847b93c]
52  /datasets/pentschev/miniconda3/envs/gdf/bin/python(_PyEval_EvalFrameDefault+0x6d5) [0x56007846ba55]
53  /datasets/pentschev/miniconda3/envs/gdf/bin/python(_PyFunction_Vectorcall+0x106) [0x56007847b8a6]
54  /datasets/pentschev/miniconda3/envs/gdf/bin/python(_PyEval_EvalFrameDefault+0x3a9) [0x56007846b729]
55  /datasets/pentschev/miniconda3/envs/gdf/bin/python(_PyEval_EvalCodeWithName+0x2f1) [0x56007846a2f1]
56  /datasets/pentschev/miniconda3/envs/gdf/bin/python(_PyFunction_Vectorcall+0x19c) [0x56007847b93c]
57  /datasets/pentschev/miniconda3/envs/gdf/bin/python(_PyEval_EvalFrameDefault+0x11bf) [0x56007846c53f]
58  /datasets/pentschev/miniconda3/envs/gdf/bin/python(_PyEval_EvalCodeWithName+0x2f1) [0x56007846a2f1]
59  /datasets/pentschev/miniconda3/envs/gdf/bin/python(PyEval_EvalCodeEx+0x39) [0x56007851ce99]
60  /datasets/pentschev/miniconda3/envs/gdf/bin/python(PyEval_EvalCode+0x1b) [0x56007851ce5b]
61  /datasets/pentschev/miniconda3/envs/gdf/bin/python(+0x1eb7f9) [0x56007853d7f9]
=================================
[dgx13:76717:0:76717] Caught signal 11 (Segmentation fault: address not mapped to object at address 0x448)
==== backtrace (tid:  76717) ====
 0  /datasets/pentschev/miniconda3/envs/gdf/lib/libucs.so.0(ucs_handle_error+0x2d4) [0x7f462cb02614]
 1  /datasets/pentschev/miniconda3/envs/gdf/lib/libucs.so.0(+0x2e7ef) [0x7f462cb027ef]
 2  /datasets/pentschev/miniconda3/envs/gdf/lib/libucs.so.0(+0x2eb14) [0x7f462cb02b14]
 3  /lib/x86_64-linux-gnu/libpthread.so.0(+0x12980) [0x7f46a257b980]
 4  /datasets/pentschev/miniconda3/envs/gdf/lib/libucp.so.0(ucp_mem_type_unpack+0x14) [0x7f462cd873b4]
 5  /datasets/pentschev/miniconda3/envs/gdf/lib/libucp.so.0(ucp_rndv_data_handler+0x508) [0x7f462cdb7a08]
 6  /datasets/pentschev/miniconda3/envs/gdf/lib/libuct.so.0(+0x20b5f) [0x7f462c8b6b5f]
 7  /datasets/pentschev/miniconda3/envs/gdf/lib/libuct.so.0(+0x21134) [0x7f462c8b7134]
 8  /datasets/pentschev/miniconda3/envs/gdf/lib/libuct.so.0(+0x23578) [0x7f462c8b9578]
 9  /datasets/pentschev/miniconda3/envs/gdf/lib/libucs.so.0(ucs_event_set_wait+0xb9) [0x7f462cb0cc99]
10  /datasets/pentschev/miniconda3/envs/gdf/lib/libuct.so.0(uct_tcp_iface_progress+0x7b) [0x7f462c8b961b]
11  /datasets/pentschev/miniconda3/envs/gdf/lib/libucp.so.0(ucp_worker_progress+0x6a) [0x7f462cd83caa]
12  /datasets/pentschev/miniconda3/envs/gdf/lib/python3.8/site-packages/ucp/_libs/ucx_api.cpython-38-x86_64-linux-gnu.so(+0x272b9) [0x7f462d03e2b9]
13  /datasets/pentschev/miniconda3/envs/gdf/bin/python(+0x12e343) [0x55dccf169343]
14  /datasets/pentschev/miniconda3/envs/gdf/bin/python(PyObject_Call+0x24a) [0x55dccf1741fa]
15  /datasets/pentschev/miniconda3/envs/gdf/bin/python(_PyEval_EvalFrameDefault+0x680b) [0x55dccf15ab8b]
16  /datasets/pentschev/miniconda3/envs/gdf/bin/python(_PyEval_EvalCodeWithName+0x2f1) [0x55dccf1532f1]
17  /datasets/pentschev/miniconda3/envs/gdf/bin/python(_PyFunction_Vectorcall+0x19c) [0x55dccf16493c]
18  /datasets/pentschev/miniconda3/envs/gdf/bin/python(_PyEval_EvalFrameDefault+0x6d5) [0x55dccf154a55]
19  /datasets/pentschev/miniconda3/envs/gdf/bin/python(+0x13e1e8) [0x55dccf1791e8]
20  /datasets/pentschev/miniconda3/envs/gdf/lib/python3.8/lib-dynload/_asyncio.cpython-38-x86_64-linux-gnu.so(+0x7003) [0x7f463cd25003]
21  /datasets/pentschev/miniconda3/envs/gdf/bin/python(_PyObject_MakeTpCall+0x3db) [0x55dccf15d30b]
22  /datasets/pentschev/miniconda3/envs/gdf/bin/python(+0xe0b07) [0x55dccf11bb07]
23  /datasets/pentschev/miniconda3/envs/gdf/bin/python(+0x120f96) [0x55dccf15bf96]
24  /datasets/pentschev/miniconda3/envs/gdf/bin/python(PyVectorcall_Call+0x7a) [0x55dccf1721ea]
25  /datasets/pentschev/miniconda3/envs/gdf/bin/python(_PyEval_EvalFrameDefault+0x5df8) [0x55dccf15a178]
26  /datasets/pentschev/miniconda3/envs/gdf/bin/python(_PyFunction_Vectorcall+0x106) [0x55dccf1648a6]
27  /datasets/pentschev/miniconda3/envs/gdf/bin/python(_PyEval_EvalFrameDefault+0x6d5) [0x55dccf154a55]
28  /datasets/pentschev/miniconda3/envs/gdf/bin/python(_PyFunction_Vectorcall+0x106) [0x55dccf1648a6]
29  /datasets/pentschev/miniconda3/envs/gdf/bin/python(_PyEval_EvalFrameDefault+0x6d5) [0x55dccf154a55]
30  /datasets/pentschev/miniconda3/envs/gdf/bin/python(_PyFunction_Vectorcall+0x106) [0x55dccf1648a6]
31  /datasets/pentschev/miniconda3/envs/gdf/bin/python(_PyEval_EvalFrameDefault+0x6d5) [0x55dccf154a55]
32  /datasets/pentschev/miniconda3/envs/gdf/bin/python(_PyFunction_Vectorcall+0x106) [0x55dccf1648a6]
33  /datasets/pentschev/miniconda3/envs/gdf/bin/python(_PyEval_EvalFrameDefault+0x6d5) [0x55dccf154a55]
34  /datasets/pentschev/miniconda3/envs/gdf/bin/python(_PyEval_EvalCodeWithName+0x2f1) [0x55dccf1532f1]
35  /datasets/pentschev/miniconda3/envs/gdf/bin/python(_PyFunction_Vectorcall+0x19c) [0x55dccf16493c]
36  /datasets/pentschev/miniconda3/envs/gdf/bin/python(_PyEval_EvalFrameDefault+0x4b7b) [0x55dccf158efb]
37  /datasets/pentschev/miniconda3/envs/gdf/bin/python(_PyEval_EvalCodeWithName+0x2f1) [0x55dccf1532f1]
38  /datasets/pentschev/miniconda3/envs/gdf/bin/python(_PyFunction_Vectorcall+0x19c) [0x55dccf16493c]
39  /datasets/pentschev/miniconda3/envs/gdf/bin/python(+0x136e8c) [0x55dccf171e8c]
40  /datasets/pentschev/miniconda3/envs/gdf/bin/python(_PyObject_FastCallDict+0x282) [0x55dccf15ca92]
41  /datasets/pentschev/miniconda3/envs/gdf/bin/python(+0x1ee049) [0x55dccf229049]
42  /datasets/pentschev/miniconda3/envs/gdf/bin/python(PyObject_Call+0x2d3) [0x55dccf174283]
43  /datasets/pentschev/miniconda3/envs/gdf/bin/python(_PyEval_EvalFrameDefault+0x205e) [0x55dccf1563de]
44  /datasets/pentschev/miniconda3/envs/gdf/bin/python(_PyFunction_Vectorcall+0x106) [0x55dccf1648a6]
45  /datasets/pentschev/miniconda3/envs/gdf/bin/python(+0x136e8c) [0x55dccf171e8c]
46  /datasets/pentschev/miniconda3/envs/gdf/bin/python(PyObject_Call+0x24a) [0x55dccf1741fa]
47  /datasets/pentschev/miniconda3/envs/gdf/bin/python(_PyEval_EvalFrameDefault+0x205e) [0x55dccf1563de]
48  /datasets/pentschev/miniconda3/envs/gdf/bin/python(_PyFunction_Vectorcall+0x106) [0x55dccf1648a6]
49  /datasets/pentschev/miniconda3/envs/gdf/bin/python(_PyEval_EvalFrameDefault+0x6d5) [0x55dccf154a55]
50  /datasets/pentschev/miniconda3/envs/gdf/bin/python(_PyEval_EvalCodeWithName+0x2f1) [0x55dccf1532f1]
51  /datasets/pentschev/miniconda3/envs/gdf/bin/python(_PyFunction_Vectorcall+0x19c) [0x55dccf16493c]
52  /datasets/pentschev/miniconda3/envs/gdf/bin/python(_PyEval_EvalFrameDefault+0x6d5) [0x55dccf154a55]
53  /datasets/pentschev/miniconda3/envs/gdf/bin/python(_PyFunction_Vectorcall+0x106) [0x55dccf1648a6]
54  /datasets/pentschev/miniconda3/envs/gdf/bin/python(_PyEval_EvalFrameDefault+0x3a9) [0x55dccf154729]
55  /datasets/pentschev/miniconda3/envs/gdf/bin/python(_PyEval_EvalCodeWithName+0x2f1) [0x55dccf1532f1]
56  /datasets/pentschev/miniconda3/envs/gdf/bin/python(_PyFunction_Vectorcall+0x19c) [0x55dccf16493c]
57  /datasets/pentschev/miniconda3/envs/gdf/bin/python(_PyEval_EvalFrameDefault+0x11bf) [0x55dccf15553f]
58  /datasets/pentschev/miniconda3/envs/gdf/bin/python(_PyEval_EvalCodeWithName+0x2f1) [0x55dccf1532f1]
59  /datasets/pentschev/miniconda3/envs/gdf/bin/python(PyEval_EvalCodeEx+0x39) [0x55dccf205e99]
60  /datasets/pentschev/miniconda3/envs/gdf/bin/python(PyEval_EvalCode+0x1b) [0x55dccf205e5b]
61  /datasets/pentschev/miniconda3/envs/gdf/bin/python(+0x1eb7f9) [0x55dccf2267f9]
=================================
[dgx13:76715:0:76715] Caught signal 11 (Segmentation fault: address not mapped to object at address 0x448)
==== backtrace (tid:  76715) ====
 0  /datasets/pentschev/miniconda3/envs/gdf/lib/libucs.so.0(ucs_handle_error+0x2d4) [0x7f810cc83614]
 1  /datasets/pentschev/miniconda3/envs/gdf/lib/libucs.so.0(+0x2e7ef) [0x7f810cc837ef]
 2  /datasets/pentschev/miniconda3/envs/gdf/lib/libucs.so.0(+0x2eb14) [0x7f810cc83b14]
 3  /lib/x86_64-linux-gnu/libpthread.so.0(+0x12980) [0x7f8182703980]
 4  /datasets/pentschev/miniconda3/envs/gdf/lib/libucp.so.0(ucp_mem_type_unpack+0x14) [0x7f810cf083b4]
 5  /datasets/pentschev/miniconda3/envs/gdf/lib/libucp.so.0(ucp_rndv_data_handler+0x508) [0x7f810cf38a08]
 6  /datasets/pentschev/miniconda3/envs/gdf/lib/libuct.so.0(+0x20b5f) [0x7f810ca37b5f]
 7  /datasets/pentschev/miniconda3/envs/gdf/lib/libuct.so.0(+0x21134) [0x7f810ca38134]
 8  /datasets/pentschev/miniconda3/envs/gdf/lib/libuct.so.0(+0x23578) [0x7f810ca3a578]
 9  /datasets/pentschev/miniconda3/envs/gdf/lib/libucs.so.0(ucs_event_set_wait+0xb9) [0x7f810cc8dc99]
10  /datasets/pentschev/miniconda3/envs/gdf/lib/libuct.so.0(uct_tcp_iface_progress+0x7b) [0x7f810ca3a61b]
11  /datasets/pentschev/miniconda3/envs/gdf/lib/libucp.so.0(ucp_worker_progress+0x6a) [0x7f810cf04caa]
12  /datasets/pentschev/miniconda3/envs/gdf/lib/python3.8/site-packages/ucp/_libs/ucx_api.cpython-38-x86_64-linux-gnu.so(+0x272b9) [0x7f810d1bf2b9]
13  /datasets/pentschev/miniconda3/envs/gdf/bin/python(+0x12e343) [0x55e591838343]
14  /datasets/pentschev/miniconda3/envs/gdf/bin/python(PyObject_Call+0x24a) [0x55e5918431fa]
15  /datasets/pentschev/miniconda3/envs/gdf/bin/python(_PyEval_EvalFrameDefault+0x680b) [0x55e591829b8b]
16  /datasets/pentschev/miniconda3/envs/gdf/bin/python(_PyEval_EvalCodeWithName+0x2f1) [0x55e5918222f1]
17  /datasets/pentschev/miniconda3/envs/gdf/bin/python(_PyFunction_Vectorcall+0x19c) [0x55e59183393c]
18  /datasets/pentschev/miniconda3/envs/gdf/bin/python(_PyEval_EvalFrameDefault+0x6d5) [0x55e591823a55]
19  /datasets/pentschev/miniconda3/envs/gdf/bin/python(+0x13e1e8) [0x55e5918481e8]
20  /datasets/pentschev/miniconda3/envs/gdf/lib/python3.8/lib-dynload/_asyncio.cpython-38-x86_64-linux-gnu.so(+0x7003) [0x7f811ceaf003]
21  /datasets/pentschev/miniconda3/envs/gdf/bin/python(_PyObject_MakeTpCall+0x3db) [0x55e59182c30b]
22  /datasets/pentschev/miniconda3/envs/gdf/bin/python(+0xe0b07) [0x55e5917eab07]
23  /datasets/pentschev/miniconda3/envs/gdf/bin/python(+0x120f96) [0x55e59182af96]
24  /datasets/pentschev/miniconda3/envs/gdf/bin/python(PyVectorcall_Call+0x7a) [0x55e5918411ea]
25  /datasets/pentschev/miniconda3/envs/gdf/bin/python(_PyEval_EvalFrameDefault+0x5df8) [0x55e591829178]
26  /datasets/pentschev/miniconda3/envs/gdf/bin/python(_PyFunction_Vectorcall+0x106) [0x55e5918338a6]
27  /datasets/pentschev/miniconda3/envs/gdf/bin/python(_PyEval_EvalFrameDefault+0x6d5) [0x55e591823a55]
28  /datasets/pentschev/miniconda3/envs/gdf/bin/python(_PyFunction_Vectorcall+0x106) [0x55e5918338a6]
29  /datasets/pentschev/miniconda3/envs/gdf/bin/python(_PyEval_EvalFrameDefault+0x6d5) [0x55e591823a55]
30  /datasets/pentschev/miniconda3/envs/gdf/bin/python(_PyFunction_Vectorcall+0x106) [0x55e5918338a6]
31  /datasets/pentschev/miniconda3/envs/gdf/bin/python(_PyEval_EvalFrameDefault+0x6d5) [0x55e591823a55]
32  /datasets/pentschev/miniconda3/envs/gdf/bin/python(_PyFunction_Vectorcall+0x106) [0x55e5918338a6]
33  /datasets/pentschev/miniconda3/envs/gdf/bin/python(_PyEval_EvalFrameDefault+0x6d5) [0x55e591823a55]
34  /datasets/pentschev/miniconda3/envs/gdf/bin/python(_PyEval_EvalCodeWithName+0x2f1) [0x55e5918222f1]
35  /datasets/pentschev/miniconda3/envs/gdf/bin/python(_PyFunction_Vectorcall+0x19c) [0x55e59183393c]
36  /datasets/pentschev/miniconda3/envs/gdf/bin/python(_PyEval_EvalFrameDefault+0x4b7b) [0x55e591827efb]
37  /datasets/pentschev/miniconda3/envs/gdf/bin/python(_PyEval_EvalCodeWithName+0x2f1) [0x55e5918222f1]
38  /datasets/pentschev/miniconda3/envs/gdf/bin/python(_PyFunction_Vectorcall+0x19c) [0x55e59183393c]
39  /datasets/pentschev/miniconda3/envs/gdf/bin/python(+0x136e8c) [0x55e591840e8c]
40  /datasets/pentschev/miniconda3/envs/gdf/bin/python(_PyObject_FastCallDict+0x282) [0x55e59182ba92]
41  /datasets/pentschev/miniconda3/envs/gdf/bin/python(+0x1ee049) [0x55e5918f8049]
42  /datasets/pentschev/miniconda3/envs/gdf/bin/python(PyObject_Call+0x2d3) [0x55e591843283]
43  /datasets/pentschev/miniconda3/envs/gdf/bin/python(_PyEval_EvalFrameDefault+0x205e) [0x55e5918253de]
44  /datasets/pentschev/miniconda3/envs/gdf/bin/python(_PyFunction_Vectorcall+0x106) [0x55e5918338a6]
45  /datasets/pentschev/miniconda3/envs/gdf/bin/python(+0x136e8c) [0x55e591840e8c]
46  /datasets/pentschev/miniconda3/envs/gdf/bin/python(PyObject_Call+0x24a) [0x55e5918431fa]
47  /datasets/pentschev/miniconda3/envs/gdf/bin/python(_PyEval_EvalFrameDefault+0x205e) [0x55e5918253de]
48  /datasets/pentschev/miniconda3/envs/gdf/bin/python(_PyFunction_Vectorcall+0x106) [0x55e5918338a6]
49  /datasets/pentschev/miniconda3/envs/gdf/bin/python(_PyEval_EvalFrameDefault+0x6d5) [0x55e591823a55]
50  /datasets/pentschev/miniconda3/envs/gdf/bin/python(_PyEval_EvalCodeWithName+0x2f1) [0x55e5918222f1]
51  /datasets/pentschev/miniconda3/envs/gdf/bin/python(_PyFunction_Vectorcall+0x19c) [0x55e59183393c]
52  /datasets/pentschev/miniconda3/envs/gdf/bin/python(_PyEval_EvalFrameDefault+0x6d5) [0x55e591823a55]
53  /datasets/pentschev/miniconda3/envs/gdf/bin/python(_PyFunction_Vectorcall+0x106) [0x55e5918338a6]
54  /datasets/pentschev/miniconda3/envs/gdf/bin/python(_PyEval_EvalFrameDefault+0x3a9) [0x55e591823729]
55  /datasets/pentschev/miniconda3/envs/gdf/bin/python(_PyEval_EvalCodeWithName+0x2f1) [0x55e5918222f1]
56  /datasets/pentschev/miniconda3/envs/gdf/bin/python(_PyFunction_Vectorcall+0x19c) [0x55e59183393c]
57  /datasets/pentschev/miniconda3/envs/gdf/bin/python(_PyEval_EvalFrameDefault+0x11bf) [0x55e59182453f]
58  /datasets/pentschev/miniconda3/envs/gdf/bin/python(_PyEval_EvalCodeWithName+0x2f1) [0x55e5918222f1]
59  /datasets/pentschev/miniconda3/envs/gdf/bin/python(PyEval_EvalCodeEx+0x39) [0x55e5918d4e99]
60  /datasets/pentschev/miniconda3/envs/gdf/bin/python(PyEval_EvalCode+0x1b) [0x55e5918d4e5b]
61  /datasets/pentschev/miniconda3/envs/gdf/bin/python(+0x1eb7f9) [0x55e5918f57f9]
=================================
2023-03-16 00:10:18,595 - distributed.worker - ERROR - failed during get data with ucx://127.0.0.1:51469 -> ucx://127.0.0.1:60903
Traceback (most recent call last):
  File "/datasets/pentschev/miniconda3/envs/gdf/lib/python3.8/site-packages/distributed/comm/ucx.py", line 333, in write
    await self.ep.send(each_frame)
  File "/datasets/pentschev/miniconda3/envs/gdf/lib/python3.8/site-packages/ucp/core.py", line 650, in send
    return await comm.tag_send(self._ep, buffer, nbytes, tag, name=log)
ucp._libs.exceptions.UCXError: <[Send #007] ep: 0x7f50c0d48200, tag: 0x1879b2a080e12fb2, nbytes: 50000000, type: <class 'cupy.ndarray'>>: Connection reset by remote peer

During handling of the above exception, another exception occurred:

Traceback (most recent call last):
  File "/datasets/pentschev/miniconda3/envs/gdf/lib/python3.8/site-packages/distributed/worker.py", line 1789, in get_data
    compressed = await comm.write(msg, serializers=serializers)
  File "/datasets/pentschev/miniconda3/envs/gdf/lib/python3.8/site-packages/distributed/utils.py", line 752, in wrapper
    return await func(*args, **kwargs)
  File "/datasets/pentschev/miniconda3/envs/gdf/lib/python3.8/site-packages/distributed/comm/ucx.py", line 337, in write
    raise CommClosedError("While writing, the connection was closed")
distributed.comm.core.CommClosedError: While writing, the connection was closed
2023-03-16 00:10:18,597 - distributed.worker - ERROR - Worker stream died during communication: ucx://127.0.0.1:60903
Traceback (most recent call last):
  File "/datasets/pentschev/miniconda3/envs/gdf/lib/python3.8/site-packages/distributed/comm/ucx.py", line 349, in read
    await self.ep.recv(msg)
  File "/datasets/pentschev/miniconda3/envs/gdf/lib/python3.8/site-packages/ucp/core.py", line 725, in recv
    ret = await comm.tag_recv(self._ep, buffer, nbytes, tag, name=log)
ucp._libs.exceptions.UCXCanceled: <[Recv #003] ep: 0x7f50c0d48100, tag: 0x674620653769fa52, nbytes: 16, type: <class 'numpy.ndarray'>>: 

During handling of the above exception, another exception occurred:

Traceback (most recent call last):
  File "/datasets/pentschev/miniconda3/envs/gdf/lib/python3.8/site-packages/distributed/worker.py", line 2063, in gather_dep
    response = await get_data_from_worker(
  File "/datasets/pentschev/miniconda3/envs/gdf/lib/python3.8/site-packages/distributed/worker.py", line 2888, in get_data_from_worker
    response = await send_recv(
  File "/datasets/pentschev/miniconda3/envs/gdf/lib/python3.8/site-packages/distributed/core.py", line 1024, in send_recv
    response = await comm.read(deserializers=deserializers)
  File "/datasets/pentschev/miniconda3/envs/gdf/lib/python3.8/site-packages/distributed/utils.py", line 752, in wrapper
    return await func(*args, **kwargs)
  File "/datasets/pentschev/miniconda3/envs/gdf/lib/python3.8/site-packages/distributed/comm/ucx.py", line 367, in read
    raise CommClosedError(
distributed.comm.core.CommClosedError: Connection closed by writer.
Inner exception: UCXCanceled("<[Recv #003] ep: 0x7f50c0d48100, tag: 0x674620653769fa52, nbytes: 16, type: <class 'numpy.ndarray'>>: ")
2023-03-16 00:10:18,596 - distributed.worker - ERROR - Worker stream died during communication: ucx://127.0.0.1:60903
Traceback (most recent call last):
  File "/datasets/pentschev/miniconda3/envs/gdf/lib/python3.8/site-packages/distributed/comm/ucx.py", line 349, in read
    await self.ep.recv(msg)
  File "/datasets/pentschev/miniconda3/envs/gdf/lib/python3.8/site-packages/ucp/core.py", line 725, in recv
    ret = await comm.tag_recv(self._ep, buffer, nbytes, tag, name=log)
ucp._libs.exceptions.UCXCanceled: <[Recv #008] ep: 0x7fcfec0f1100, tag: 0x787421b68c492d82, nbytes: 16, type: <class 'numpy.ndarray'>>: 

During handling of the above exception, another exception occurred:

Traceback (most recent call last):
  File "/datasets/pentschev/miniconda3/envs/gdf/lib/python3.8/site-packages/distributed/worker.py", line 2063, in gather_dep
    response = await get_data_from_worker(
  File "/datasets/pentschev/miniconda3/envs/gdf/lib/python3.8/site-packages/distributed/worker.py", line 2888, in get_data_from_worker
    response = await send_recv(
  File "/datasets/pentschev/miniconda3/envs/gdf/lib/python3.8/site-packages/distributed/core.py", line 1024, in send_recv
    response = await comm.read(deserializers=deserializers)
  File "/datasets/pentschev/miniconda3/envs/gdf/lib/python3.8/site-packages/distributed/utils.py", line 752, in wrapper
    return await func(*args, **kwargs)
  File "/datasets/pentschev/miniconda3/envs/gdf/lib/python3.8/site-packages/distributed/comm/ucx.py", line 367, in read
    raise CommClosedError(
distributed.comm.core.CommClosedError: Connection closed by writer.
Inner exception: UCXCanceled("<[Recv #008] ep: 0x7fcfec0f1100, tag: 0x787421b68c492d82, nbytes: 16, type: <class 'numpy.ndarray'>>: ")
2023-03-16 00:10:18,597 - distributed.worker - ERROR - failed during get data with ucx://127.0.0.1:45193 -> ucx://127.0.0.1:60903
Traceback (most recent call last):
  File "/datasets/pentschev/miniconda3/envs/gdf/lib/python3.8/site-packages/distributed/comm/ucx.py", line 349, in read
    await self.ep.recv(msg)
  File "/datasets/pentschev/miniconda3/envs/gdf/lib/python3.8/site-packages/ucp/core.py", line 725, in recv
    ret = await comm.tag_recv(self._ep, buffer, nbytes, tag, name=log)
ucp._libs.exceptions.UCXCanceled: <[Recv #012] ep: 0x7fcfec0f1240, tag: 0xd6c442bc861f23e5, nbytes: 16, type: <class 'numpy.ndarray'>>: 

During handling of the above exception, another exception occurred:

Traceback (most recent call last):
  File "/datasets/pentschev/miniconda3/envs/gdf/lib/python3.8/site-packages/distributed/worker.py", line 1790, in get_data
    response = await comm.read(deserializers=serializers)
  File "/datasets/pentschev/miniconda3/envs/gdf/lib/python3.8/site-packages/distributed/utils.py", line 752, in wrapper
    return await func(*args, **kwargs)
  File "/datasets/pentschev/miniconda3/envs/gdf/lib/python3.8/site-packages/distributed/comm/ucx.py", line 367, in read
    raise CommClosedError(
distributed.comm.core.CommClosedError: Connection closed by writer.
Inner exception: UCXCanceled("<[Recv #012] ep: 0x7fcfec0f1240, tag: 0xd6c442bc861f23e5, nbytes: 16, type: <class 'numpy.ndarray'>>: ")
2023-03-16 00:10:18,606 - distributed.worker - ERROR - Worker stream died during communication: ucx://127.0.0.1:54249
Traceback (most recent call last):
  File "/datasets/pentschev/miniconda3/envs/gdf/lib/python3.8/site-packages/distributed/comm/ucx.py", line 349, in read
    await self.ep.recv(msg)
  File "/datasets/pentschev/miniconda3/envs/gdf/lib/python3.8/site-packages/ucp/core.py", line 725, in recv
    ret = await comm.tag_recv(self._ep, buffer, nbytes, tag, name=log)
ucp._libs.exceptions.UCXCanceled: <[Recv #003] ep: 0x7fcfec0f11c0, tag: 0x4e8a7d853711c4c, nbytes: 16, type: <class 'numpy.ndarray'>>: 

During handling of the above exception, another exception occurred:

Traceback (most recent call last):
  File "/datasets/pentschev/miniconda3/envs/gdf/lib/python3.8/site-packages/distributed/worker.py", line 2063, in gather_dep
    response = await get_data_from_worker(
  File "/datasets/pentschev/miniconda3/envs/gdf/lib/python3.8/site-packages/distributed/worker.py", line 2888, in get_data_from_worker
    response = await send_recv(
  File "/datasets/pentschev/miniconda3/envs/gdf/lib/python3.8/site-packages/distributed/core.py", line 1024, in send_recv
    response = await comm.read(deserializers=deserializers)
  File "/datasets/pentschev/miniconda3/envs/gdf/lib/python3.8/site-packages/distributed/utils.py", line 752, in wrapper
    return await func(*args, **kwargs)
  File "/datasets/pentschev/miniconda3/envs/gdf/lib/python3.8/site-packages/distributed/comm/ucx.py", line 367, in read
    raise CommClosedError(
distributed.comm.core.CommClosedError: Connection closed by writer.
Inner exception: UCXCanceled("<[Recv #003] ep: 0x7fcfec0f11c0, tag: 0x4e8a7d853711c4c, nbytes: 16, type: <class 'numpy.ndarray'>>: ")
2023-03-16 00:10:18,606 - distributed.worker - ERROR - Worker stream died during communication: ucx://127.0.0.1:54249
Traceback (most recent call last):
  File "/datasets/pentschev/miniconda3/envs/gdf/lib/python3.8/site-packages/distributed/comm/ucx.py", line 349, in read
    await self.ep.recv(msg)
  File "/datasets/pentschev/miniconda3/envs/gdf/lib/python3.8/site-packages/ucp/core.py", line 725, in recv
    ret = await comm.tag_recv(self._ep, buffer, nbytes, tag, name=log)
ucp._libs.exceptions.UCXCanceled: <[Recv #008] ep: 0x7f5900156100, tag: 0x7e2763fb80e016fd, nbytes: 16, type: <class 'numpy.ndarray'>>: 

During handling of the above exception, another exception occurred:

Traceback (most recent call last):
  File "/datasets/pentschev/miniconda3/envs/gdf/lib/python3.8/site-packages/distributed/worker.py", line 2063, in gather_dep
    response = await get_data_from_worker(
  File "/datasets/pentschev/miniconda3/envs/gdf/lib/python3.8/site-packages/distributed/worker.py", line 2888, in get_data_from_worker
    response = await send_recv(
  File "/datasets/pentschev/miniconda3/envs/gdf/lib/python3.8/site-packages/distributed/core.py", line 1024, in send_recv
    response = await comm.read(deserializers=deserializers)
  File "/datasets/pentschev/miniconda3/envs/gdf/lib/python3.8/site-packages/distributed/utils.py", line 752, in wrapper
    return await func(*args, **kwargs)
  File "/datasets/pentschev/miniconda3/envs/gdf/lib/python3.8/site-packages/distributed/comm/ucx.py", line 367, in read
    raise CommClosedError(
distributed.comm.core.CommClosedError: Connection closed by writer.
Inner exception: UCXCanceled("<[Recv #008] ep: 0x7f5900156100, tag: 0x7e2763fb80e016fd, nbytes: 16, type: <class 'numpy.ndarray'>>: ")
2023-03-16 00:10:18,621 - distributed.worker - ERROR - Worker stream died during communication: ucx://127.0.0.1:49171
Traceback (most recent call last):
  File "/datasets/pentschev/miniconda3/envs/gdf/lib/python3.8/site-packages/distributed/comm/ucx.py", line 349, in read
    await self.ep.recv(msg)
  File "/datasets/pentschev/miniconda3/envs/gdf/lib/python3.8/site-packages/ucp/core.py", line 725, in recv
    ret = await comm.tag_recv(self._ep, buffer, nbytes, tag, name=log)
ucp._libs.exceptions.UCXCanceled: <[Recv #003] ep: 0x7fcfec0f1200, tag: 0x5ae34424ceb7c19f, nbytes: 16, type: <class 'numpy.ndarray'>>: 

During handling of the above exception, another exception occurred:

Traceback (most recent call last):
  File "/datasets/pentschev/miniconda3/envs/gdf/lib/python3.8/site-packages/distributed/worker.py", line 2063, in gather_dep
    response = await get_data_from_worker(
  File "/datasets/pentschev/miniconda3/envs/gdf/lib/python3.8/site-packages/distributed/worker.py", line 2888, in get_data_from_worker
    response = await send_recv(
  File "/datasets/pentschev/miniconda3/envs/gdf/lib/python3.8/site-packages/distributed/core.py", line 1024, in send_recv
    response = await comm.read(deserializers=deserializers)
  File "/datasets/pentschev/miniconda3/envs/gdf/lib/python3.8/site-packages/distributed/utils.py", line 752, in wrapper
    return await func(*args, **kwargs)
  File "/datasets/pentschev/miniconda3/envs/gdf/lib/python3.8/site-packages/distributed/comm/ucx.py", line 367, in read
    raise CommClosedError(
distributed.comm.core.CommClosedError: Connection closed by writer.
Inner exception: UCXCanceled("<[Recv #003] ep: 0x7fcfec0f1200, tag: 0x5ae34424ceb7c19f, nbytes: 16, type: <class 'numpy.ndarray'>>: ")
2023-03-16 00:10:18,621 - distributed.worker - ERROR - Worker stream died during communication: ucx://127.0.0.1:49171
Traceback (most recent call last):
  File "/datasets/pentschev/miniconda3/envs/gdf/lib/python3.8/site-packages/distributed/comm/ucx.py", line 391, in read
    await self.ep.recv(each_frame)
  File "/datasets/pentschev/miniconda3/envs/gdf/lib/python3.8/site-packages/ucp/core.py", line 725, in recv
    ret = await comm.tag_recv(self._ep, buffer, nbytes, tag, name=log)
ucp._libs.exceptions.UCXError: <[Recv #007] ep: 0x7f5900156140, tag: 0xaf9f6f4a8ca06ac8, nbytes: 50000000, type: <class 'rmm._lib.device_buffer.DeviceBuffer'>>: Connection reset by remote peer

During handling of the above exception, another exception occurred:

Traceback (most recent call last):
  File "/datasets/pentschev/miniconda3/envs/gdf/lib/python3.8/site-packages/distributed/worker.py", line 2063, in gather_dep
    response = await get_data_from_worker(
  File "/datasets/pentschev/miniconda3/envs/gdf/lib/python3.8/site-packages/distributed/worker.py", line 2888, in get_data_from_worker
    response = await send_recv(
  File "/datasets/pentschev/miniconda3/envs/gdf/lib/python3.8/site-packages/distributed/core.py", line 1024, in send_recv
    response = await comm.read(deserializers=deserializers)
  File "/datasets/pentschev/miniconda3/envs/gdf/lib/python3.8/site-packages/distributed/utils.py", line 752, in wrapper
    return await func(*args, **kwargs)
  File "/datasets/pentschev/miniconda3/envs/gdf/lib/python3.8/site-packages/distributed/comm/ucx.py", line 397, in read
    raise CommClosedError(
distributed.comm.core.CommClosedError: Connection closed by writer.
Inner exception: UCXError("<[Recv #007] ep: 0x7f5900156140, tag: 0xaf9f6f4a8ca06ac8, nbytes: 50000000, type: <class 'rmm._lib.device_buffer.DeviceBuffer'>>: Connection reset by remote peer")
2023-03-16 00:10:18,621 - distributed.worker - ERROR - failed during get data with ucx://127.0.0.1:51469 -> ucx://127.0.0.1:49171
Traceback (most recent call last):
  File "/datasets/pentschev/miniconda3/envs/gdf/lib/python3.8/site-packages/distributed/comm/ucx.py", line 333, in write
    await self.ep.send(each_frame)
  File "/datasets/pentschev/miniconda3/envs/gdf/lib/python3.8/site-packages/ucp/core.py", line 650, in send
    return await comm.tag_send(self._ep, buffer, nbytes, tag, name=log)
ucp._libs.exceptions.UCXError: <[Send #007] ep: 0x7f50c0d48240, tag: 0xfe368f1a12c10635, nbytes: 50000000, type: <class 'cupy.ndarray'>>: Connection reset by remote peer

During handling of the above exception, another exception occurred:

Traceback (most recent call last):
  File "/datasets/pentschev/miniconda3/envs/gdf/lib/python3.8/site-packages/distributed/worker.py", line 1789, in get_data
    compressed = await comm.write(msg, serializers=serializers)
  File "/datasets/pentschev/miniconda3/envs/gdf/lib/python3.8/site-packages/distributed/utils.py", line 752, in wrapper
    return await func(*args, **kwargs)
  File "/datasets/pentschev/miniconda3/envs/gdf/lib/python3.8/site-packages/distributed/comm/ucx.py", line 337, in write
    raise CommClosedError("While writing, the connection was closed")
distributed.comm.core.CommClosedError: While writing, the connection was closed
2023-03-16 00:10:18,622 - distributed.worker - ERROR - Worker stream died during communication: ucx://127.0.0.1:49171
Traceback (most recent call last):
  File "/datasets/pentschev/miniconda3/envs/gdf/lib/python3.8/site-packages/distributed/comm/ucx.py", line 391, in read
    await self.ep.recv(each_frame)
  File "/datasets/pentschev/miniconda3/envs/gdf/lib/python3.8/site-packages/ucp/core.py", line 725, in recv
    ret = await comm.tag_recv(self._ep, buffer, nbytes, tag, name=log)
ucp._libs.exceptions.UCXError: <[Recv #007] ep: 0x7f50c0d481c0, tag: 0x7c7069b8e69dca76, nbytes: 50000000, type: <class 'rmm._lib.device_buffer.DeviceBuffer'>>: Connection reset by remote peer

During handling of the above exception, another exception occurred:

Traceback (most recent call last):
  File "/datasets/pentschev/miniconda3/envs/gdf/lib/python3.8/site-packages/distributed/worker.py", line 2063, in gather_dep
    response = await get_data_from_worker(
  File "/datasets/pentschev/miniconda3/envs/gdf/lib/python3.8/site-packages/distributed/worker.py", line 2888, in get_data_from_worker
    response = await send_recv(
  File "/datasets/pentschev/miniconda3/envs/gdf/lib/python3.8/site-packages/distributed/core.py", line 1024, in send_recv
    response = await comm.read(deserializers=deserializers)
  File "/datasets/pentschev/miniconda3/envs/gdf/lib/python3.8/site-packages/distributed/utils.py", line 752, in wrapper
    return await func(*args, **kwargs)
  File "/datasets/pentschev/miniconda3/envs/gdf/lib/python3.8/site-packages/distributed/comm/ucx.py", line 397, in read
    raise CommClosedError(
distributed.comm.core.CommClosedError: Connection closed by writer.
Inner exception: UCXError("<[Recv #007] ep: 0x7f50c0d481c0, tag: 0x7c7069b8e69dca76, nbytes: 50000000, type: <class 'rmm._lib.device_buffer.DeviceBuffer'>>: Connection reset by remote peer")
2023-03-16 00:10:18,622 - distributed.worker - ERROR - failed during get data with ucx://127.0.0.1:45445 -> ucx://127.0.0.1:49171
Traceback (most recent call last):
  File "/datasets/pentschev/miniconda3/envs/gdf/lib/python3.8/site-packages/distributed/comm/ucx.py", line 333, in write
    await self.ep.send(each_frame)
  File "/datasets/pentschev/miniconda3/envs/gdf/lib/python3.8/site-packages/ucp/core.py", line 650, in send
    return await comm.tag_send(self._ep, buffer, nbytes, tag, name=log)
ucp._libs.exceptions.UCXError: <[Send #007] ep: 0x7f5900156240, tag: 0xf2ccfda2658fe749, nbytes: 50000000, type: <class 'cupy.ndarray'>>: Connection reset by remote peer

During handling of the above exception, another exception occurred:

Traceback (most recent call last):
  File "/datasets/pentschev/miniconda3/envs/gdf/lib/python3.8/site-packages/distributed/worker.py", line 1789, in get_data
    compressed = await comm.write(msg, serializers=serializers)
  File "/datasets/pentschev/miniconda3/envs/gdf/lib/python3.8/site-packages/distributed/utils.py", line 752, in wrapper
    return await func(*args, **kwargs)
  File "/datasets/pentschev/miniconda3/envs/gdf/lib/python3.8/site-packages/distributed/comm/ucx.py", line 337, in write
    raise CommClosedError("While writing, the connection was closed")
distributed.comm.core.CommClosedError: While writing, the connection was closed
2023-03-16 00:10:18,651 - distributed.nanny - WARNING - Restarting worker
2023-03-16 00:10:18,652 - distributed.worker - ERROR - failed during get data with ucx://127.0.0.1:45193 -> ucx://127.0.0.1:36933
Traceback (most recent call last):
  File "/datasets/pentschev/miniconda3/envs/gdf/lib/python3.8/site-packages/distributed/comm/ucx.py", line 333, in write
    await self.ep.send(each_frame)
  File "/datasets/pentschev/miniconda3/envs/gdf/lib/python3.8/site-packages/ucp/core.py", line 650, in send
    return await comm.tag_send(self._ep, buffer, nbytes, tag, name=log)
ucp._libs.exceptions.UCXError: <[Send #007] ep: 0x7fcfec0f1300, tag: 0x8b5da913928267ca, nbytes: 50000000, type: <class 'cupy.ndarray'>>: Connection reset by remote peer

During handling of the above exception, another exception occurred:

Traceback (most recent call last):
  File "/datasets/pentschev/miniconda3/envs/gdf/lib/python3.8/site-packages/distributed/worker.py", line 1789, in get_data
    compressed = await comm.write(msg, serializers=serializers)
  File "/datasets/pentschev/miniconda3/envs/gdf/lib/python3.8/site-packages/distributed/utils.py", line 752, in wrapper
    return await func(*args, **kwargs)
  File "/datasets/pentschev/miniconda3/envs/gdf/lib/python3.8/site-packages/distributed/comm/ucx.py", line 337, in write
    raise CommClosedError("While writing, the connection was closed")
distributed.comm.core.CommClosedError: While writing, the connection was closed
2023-03-16 00:10:18,653 - distributed.worker - ERROR - failed during get data with ucx://127.0.0.1:51469 -> ucx://127.0.0.1:36933
Traceback (most recent call last):
  File "/datasets/pentschev/miniconda3/envs/gdf/lib/python3.8/site-packages/distributed/comm/ucx.py", line 349, in read
    await self.ep.recv(msg)
  File "/datasets/pentschev/miniconda3/envs/gdf/lib/python3.8/site-packages/ucp/core.py", line 725, in recv
    ret = await comm.tag_recv(self._ep, buffer, nbytes, tag, name=log)
ucp._libs.exceptions.UCXCanceled: <[Recv #006] ep: 0x7f50c0d48280, tag: 0x257c0e5e0af54ea8, nbytes: 16, type: <class 'numpy.ndarray'>>: 

During handling of the above exception, another exception occurred:

Traceback (most recent call last):
  File "/datasets/pentschev/miniconda3/envs/gdf/lib/python3.8/site-packages/distributed/worker.py", line 1790, in get_data
    response = await comm.read(deserializers=serializers)
  File "/datasets/pentschev/miniconda3/envs/gdf/lib/python3.8/site-packages/distributed/utils.py", line 752, in wrapper
    return await func(*args, **kwargs)
  File "/datasets/pentschev/miniconda3/envs/gdf/lib/python3.8/site-packages/distributed/comm/ucx.py", line 367, in read
    raise CommClosedError(
distributed.comm.core.CommClosedError: Connection closed by writer.
Inner exception: UCXCanceled("<[Recv #006] ep: 0x7f50c0d48280, tag: 0x257c0e5e0af54ea8, nbytes: 16, type: <class 'numpy.ndarray'>>: ")
2023-03-16 00:10:18,653 - distributed.worker - ERROR - Worker stream died during communication: ucx://127.0.0.1:36933
Traceback (most recent call last):
  File "/datasets/pentschev/miniconda3/envs/gdf/lib/python3.8/site-packages/distributed/comm/ucx.py", line 349, in read
    await self.ep.recv(msg)
  File "/datasets/pentschev/miniconda3/envs/gdf/lib/python3.8/site-packages/ucp/core.py", line 725, in recv
    ret = await comm.tag_recv(self._ep, buffer, nbytes, tag, name=log)
ucp._libs.exceptions.UCXCanceled: <[Recv #008] ep: 0x7f50c0d48140, tag: 0x1f0f8d073556caaa, nbytes: 16, type: <class 'numpy.ndarray'>>: 

During handling of the above exception, another exception occurred:

Traceback (most recent call last):
  File "/datasets/pentschev/miniconda3/envs/gdf/lib/python3.8/site-packages/distributed/worker.py", line 2063, in gather_dep
    response = await get_data_from_worker(
  File "/datasets/pentschev/miniconda3/envs/gdf/lib/python3.8/site-packages/distributed/worker.py", line 2888, in get_data_from_worker
    response = await send_recv(
  File "/datasets/pentschev/miniconda3/envs/gdf/lib/python3.8/site-packages/distributed/core.py", line 1024, in send_recv
    response = await comm.read(deserializers=deserializers)
  File "/datasets/pentschev/miniconda3/envs/gdf/lib/python3.8/site-packages/distributed/utils.py", line 752, in wrapper
    return await func(*args, **kwargs)
  File "/datasets/pentschev/miniconda3/envs/gdf/lib/python3.8/site-packages/distributed/comm/ucx.py", line 367, in read
    raise CommClosedError(
distributed.comm.core.CommClosedError: Connection closed by writer.
Inner exception: UCXCanceled("<[Recv #008] ep: 0x7f50c0d48140, tag: 0x1f0f8d073556caaa, nbytes: 16, type: <class 'numpy.ndarray'>>: ")
2023-03-16 00:10:18,654 - distributed.worker - ERROR - Worker stream died during communication: ucx://127.0.0.1:36933
Traceback (most recent call last):
  File "/datasets/pentschev/miniconda3/envs/gdf/lib/python3.8/site-packages/distributed/comm/ucx.py", line 349, in read
    await self.ep.recv(msg)
  File "/datasets/pentschev/miniconda3/envs/gdf/lib/python3.8/site-packages/ucp/core.py", line 725, in recv
    ret = await comm.tag_recv(self._ep, buffer, nbytes, tag, name=log)
ucp._libs.exceptions.UCXCanceled: <[Recv #013] ep: 0x7f5900156180, tag: 0xc0f5d94fcd03c7da, nbytes: 16, type: <class 'numpy.ndarray'>>: 

During handling of the above exception, another exception occurred:

Traceback (most recent call last):
  File "/datasets/pentschev/miniconda3/envs/gdf/lib/python3.8/site-packages/distributed/worker.py", line 2063, in gather_dep
    response = await get_data_from_worker(
  File "/datasets/pentschev/miniconda3/envs/gdf/lib/python3.8/site-packages/distributed/worker.py", line 2888, in get_data_from_worker
    response = await send_recv(
  File "/datasets/pentschev/miniconda3/envs/gdf/lib/python3.8/site-packages/distributed/core.py", line 1024, in send_recv
    response = await comm.read(deserializers=deserializers)
  File "/datasets/pentschev/miniconda3/envs/gdf/lib/python3.8/site-packages/distributed/utils.py", line 752, in wrapper
    return await func(*args, **kwargs)
  File "/datasets/pentschev/miniconda3/envs/gdf/lib/python3.8/site-packages/distributed/comm/ucx.py", line 367, in read
    raise CommClosedError(
distributed.comm.core.CommClosedError: Connection closed by writer.
Inner exception: UCXCanceled("<[Recv #013] ep: 0x7f5900156180, tag: 0xc0f5d94fcd03c7da, nbytes: 16, type: <class 'numpy.ndarray'>>: ")
2023-03-16 00:10:18,655 - distributed.worker - ERROR - failed during get data with ucx://127.0.0.1:45193 -> ucx://127.0.0.1:50881
Traceback (most recent call last):
  File "/datasets/pentschev/miniconda3/envs/gdf/lib/python3.8/site-packages/distributed/comm/ucx.py", line 333, in write
    await self.ep.send(each_frame)
  File "/datasets/pentschev/miniconda3/envs/gdf/lib/python3.8/site-packages/ucp/core.py", line 650, in send
    return await comm.tag_send(self._ep, buffer, nbytes, tag, name=log)
ucp._libs.exceptions.UCXError: <[Send #007] ep: 0x7fcfec0f1380, tag: 0xef8813bf5f4d6fc4, nbytes: 50000000, type: <class 'cupy.ndarray'>>: Connection reset by remote peer

During handling of the above exception, another exception occurred:

Traceback (most recent call last):
  File "/datasets/pentschev/miniconda3/envs/gdf/lib/python3.8/site-packages/distributed/worker.py", line 1789, in get_data
    compressed = await comm.write(msg, serializers=serializers)
  File "/datasets/pentschev/miniconda3/envs/gdf/lib/python3.8/site-packages/distributed/utils.py", line 752, in wrapper
    return await func(*args, **kwargs)
  File "/datasets/pentschev/miniconda3/envs/gdf/lib/python3.8/site-packages/distributed/comm/ucx.py", line 337, in write
    raise CommClosedError("While writing, the connection was closed")
distributed.comm.core.CommClosedError: While writing, the connection was closed
2023-03-16 00:10:18,655 - distributed.worker - ERROR - Worker stream died during communication: ucx://127.0.0.1:50881
Traceback (most recent call last):
  File "/datasets/pentschev/miniconda3/envs/gdf/lib/python3.8/site-packages/distributed/comm/ucx.py", line 349, in read
    await self.ep.recv(msg)
  File "/datasets/pentschev/miniconda3/envs/gdf/lib/python3.8/site-packages/ucp/core.py", line 725, in recv
    ret = await comm.tag_recv(self._ep, buffer, nbytes, tag, name=log)
ucp._libs.exceptions.UCXCanceled: <[Recv #003] ep: 0x7f59001561c0, tag: 0xfd2e23277a126dee, nbytes: 16, type: <class 'numpy.ndarray'>>: 

During handling of the above exception, another exception occurred:

Traceback (most recent call last):
  File "/datasets/pentschev/miniconda3/envs/gdf/lib/python3.8/site-packages/distributed/worker.py", line 2063, in gather_dep
    response = await get_data_from_worker(
  File "/datasets/pentschev/miniconda3/envs/gdf/lib/python3.8/site-packages/distributed/worker.py", line 2888, in get_data_from_worker
    response = await send_recv(
  File "/datasets/pentschev/miniconda3/envs/gdf/lib/python3.8/site-packages/distributed/core.py", line 1024, in send_recv
    response = await comm.read(deserializers=deserializers)
  File "/datasets/pentschev/miniconda3/envs/gdf/lib/python3.8/site-packages/distributed/utils.py", line 752, in wrapper
    return await func(*args, **kwargs)
  File "/datasets/pentschev/miniconda3/envs/gdf/lib/python3.8/site-packages/distributed/comm/ucx.py", line 367, in read
    raise CommClosedError(
distributed.comm.core.CommClosedError: Connection closed by writer.
Inner exception: UCXCanceled("<[Recv #003] ep: 0x7f59001561c0, tag: 0xfd2e23277a126dee, nbytes: 16, type: <class 'numpy.ndarray'>>: ")
2023-03-16 00:10:18,655 - distributed.worker - ERROR - Worker stream died during communication: ucx://127.0.0.1:50881
Traceback (most recent call last):
  File "/datasets/pentschev/miniconda3/envs/gdf/lib/python3.8/site-packages/distributed/comm/ucx.py", line 349, in read
    await self.ep.recv(msg)
  File "/datasets/pentschev/miniconda3/envs/gdf/lib/python3.8/site-packages/ucp/core.py", line 725, in recv
    ret = await comm.tag_recv(self._ep, buffer, nbytes, tag, name=log)
ucp._libs.exceptions.UCXCanceled: <[Recv #003] ep: 0x7fcfec0f1140, tag: 0x1128f5a865fe137a, nbytes: 16, type: <class 'numpy.ndarray'>>: 

During handling of the above exception, another exception occurred:

Traceback (most recent call last):
  File "/datasets/pentschev/miniconda3/envs/gdf/lib/python3.8/site-packages/distributed/worker.py", line 2063, in gather_dep
    response = await get_data_from_worker(
  File "/datasets/pentschev/miniconda3/envs/gdf/lib/python3.8/site-packages/distributed/worker.py", line 2888, in get_data_from_worker
    response = await send_recv(
  File "/datasets/pentschev/miniconda3/envs/gdf/lib/python3.8/site-packages/distributed/core.py", line 1024, in send_recv
    response = await comm.read(deserializers=deserializers)
  File "/datasets/pentschev/miniconda3/envs/gdf/lib/python3.8/site-packages/distributed/utils.py", line 752, in wrapper
    return await func(*args, **kwargs)
  File "/datasets/pentschev/miniconda3/envs/gdf/lib/python3.8/site-packages/distributed/comm/ucx.py", line 367, in read
    raise CommClosedError(
distributed.comm.core.CommClosedError: Connection closed by writer.
Inner exception: UCXCanceled("<[Recv #003] ep: 0x7fcfec0f1140, tag: 0x1128f5a865fe137a, nbytes: 16, type: <class 'numpy.ndarray'>>: ")
2023-03-16 00:10:18,697 - distributed.nanny - WARNING - Restarting worker
2023-03-16 00:10:18,772 - distributed.nanny - WARNING - Restarting worker
2023-03-16 00:10:18,806 - distributed.nanny - WARNING - Restarting worker
[dgx13:76693:0:76693] Caught signal 11 (Segmentation fault: address not mapped to object at address 0x448)
==== backtrace (tid:  76693) ====
 0  /datasets/pentschev/miniconda3/envs/gdf/lib/libucs.so.0(ucs_handle_error+0x2d4) [0x7f590083e614]
 1  /datasets/pentschev/miniconda3/envs/gdf/lib/libucs.so.0(+0x2e7ef) [0x7f590083e7ef]
 2  /datasets/pentschev/miniconda3/envs/gdf/lib/libucs.so.0(+0x2eb14) [0x7f590083eb14]
 3  /lib/x86_64-linux-gnu/libpthread.so.0(+0x12980) [0x7f59842de980]
 4  /datasets/pentschev/miniconda3/envs/gdf/lib/libucp.so.0(ucp_mem_type_unpack+0x14) [0x7f5900ac33b4]
 5  /datasets/pentschev/miniconda3/envs/gdf/lib/libucp.so.0(ucp_rndv_data_handler+0x508) [0x7f5900af3a08]
 6  /datasets/pentschev/miniconda3/envs/gdf/lib/libuct.so.0(+0x20b5f) [0x7f59005f2b5f]
 7  /datasets/pentschev/miniconda3/envs/gdf/lib/libuct.so.0(+0x21134) [0x7f59005f3134]
 8  /datasets/pentschev/miniconda3/envs/gdf/lib/libuct.so.0(+0x23578) [0x7f59005f5578]
 9  /datasets/pentschev/miniconda3/envs/gdf/lib/libucs.so.0(ucs_event_set_wait+0xb9) [0x7f5900848c99]
10  /datasets/pentschev/miniconda3/envs/gdf/lib/libuct.so.0(uct_tcp_iface_progress+0x7b) [0x7f59005f561b]
11  /datasets/pentschev/miniconda3/envs/gdf/lib/libucp.so.0(ucp_worker_progress+0x6a) [0x7f5900abfcaa]
12  /datasets/pentschev/miniconda3/envs/gdf/lib/python3.8/site-packages/ucp/_libs/ucx_api.cpython-38-x86_64-linux-gnu.so(+0x272b9) [0x7f5900d7a2b9]
13  /datasets/pentschev/miniconda3/envs/gdf/bin/python(+0x12e343) [0x55f8b39c1343]
14  /datasets/pentschev/miniconda3/envs/gdf/bin/python(PyObject_Call+0x24a) [0x55f8b39cc1fa]
15  /datasets/pentschev/miniconda3/envs/gdf/bin/python(_PyEval_EvalFrameDefault+0x680b) [0x55f8b39b2b8b]
16  /datasets/pentschev/miniconda3/envs/gdf/bin/python(_PyEval_EvalCodeWithName+0x2f1) [0x55f8b39ab2f1]
17  /datasets/pentschev/miniconda3/envs/gdf/bin/python(_PyFunction_Vectorcall+0x19c) [0x55f8b39bc93c]
18  /datasets/pentschev/miniconda3/envs/gdf/bin/python(_PyEval_EvalFrameDefault+0x6d5) [0x55f8b39aca55]
19  /datasets/pentschev/miniconda3/envs/gdf/bin/python(_PyFunction_Vectorcall+0x106) [0x55f8b39bc8a6]
20  /datasets/pentschev/miniconda3/envs/gdf/bin/python(+0x136c36) [0x55f8b39c9c36]
21  /datasets/pentschev/miniconda3/envs/gdf/bin/python(+0x23565a) [0x55f8b3ac865a]
22  /datasets/pentschev/miniconda3/envs/gdf/bin/python(+0xe0b07) [0x55f8b3973b07]
23  /datasets/pentschev/miniconda3/envs/gdf/bin/python(+0x120f96) [0x55f8b39b3f96]
24  /datasets/pentschev/miniconda3/envs/gdf/bin/python(PyVectorcall_Call+0x7a) [0x55f8b39ca1ea]
25  /datasets/pentschev/miniconda3/envs/gdf/bin/python(_PyEval_EvalFrameDefault+0x5df8) [0x55f8b39b2178]
26  /datasets/pentschev/miniconda3/envs/gdf/bin/python(_PyFunction_Vectorcall+0x106) [0x55f8b39bc8a6]
27  /datasets/pentschev/miniconda3/envs/gdf/bin/python(_PyEval_EvalFrameDefault+0x6d5) [0x55f8b39aca55]
28  /datasets/pentschev/miniconda3/envs/gdf/bin/python(_PyFunction_Vectorcall+0x106) [0x55f8b39bc8a6]
29  /datasets/pentschev/miniconda3/envs/gdf/bin/python(_PyEval_EvalFrameDefault+0x6d5) [0x55f8b39aca55]
30  /datasets/pentschev/miniconda3/envs/gdf/bin/python(_PyFunction_Vectorcall+0x106) [0x55f8b39bc8a6]
31  /datasets/pentschev/miniconda3/envs/gdf/bin/python(_PyEval_EvalFrameDefault+0x6d5) [0x55f8b39aca55]
32  /datasets/pentschev/miniconda3/envs/gdf/bin/python(_PyFunction_Vectorcall+0x106) [0x55f8b39bc8a6]
33  /datasets/pentschev/miniconda3/envs/gdf/bin/python(_PyEval_EvalFrameDefault+0x6d5) [0x55f8b39aca55]
34  /datasets/pentschev/miniconda3/envs/gdf/bin/python(_PyEval_EvalCodeWithName+0x2f1) [0x55f8b39ab2f1]
35  /datasets/pentschev/miniconda3/envs/gdf/bin/python(_PyFunction_Vectorcall+0x19c) [0x55f8b39bc93c]
36  /datasets/pentschev/miniconda3/envs/gdf/bin/python(_PyEval_EvalFrameDefault+0x4b7b) [0x55f8b39b0efb]
37  /datasets/pentschev/miniconda3/envs/gdf/bin/python(_PyEval_EvalCodeWithName+0x2f1) [0x55f8b39ab2f1]
38  /datasets/pentschev/miniconda3/envs/gdf/bin/python(_PyFunction_Vectorcall+0x19c) [0x55f8b39bc93c]
39  /datasets/pentschev/miniconda3/envs/gdf/bin/python(+0x136e8c) [0x55f8b39c9e8c]
40  /datasets/pentschev/miniconda3/envs/gdf/bin/python(_PyObject_FastCallDict+0x282) [0x55f8b39b4a92]
41  /datasets/pentschev/miniconda3/envs/gdf/bin/python(+0x1ee049) [0x55f8b3a81049]
42  /datasets/pentschev/miniconda3/envs/gdf/bin/python(PyObject_Call+0x2d3) [0x55f8b39cc283]
43  /datasets/pentschev/miniconda3/envs/gdf/bin/python(_PyEval_EvalFrameDefault+0x205e) [0x55f8b39ae3de]
44  /datasets/pentschev/miniconda3/envs/gdf/bin/python(_PyFunction_Vectorcall+0x106) [0x55f8b39bc8a6]
45  /datasets/pentschev/miniconda3/envs/gdf/bin/python(+0x136e8c) [0x55f8b39c9e8c]
46  /datasets/pentschev/miniconda3/envs/gdf/bin/python(PyObject_Call+0x24a) [0x55f8b39cc1fa]
47  /datasets/pentschev/miniconda3/envs/gdf/bin/python(_PyEval_EvalFrameDefault+0x205e) [0x55f8b39ae3de]
48  /datasets/pentschev/miniconda3/envs/gdf/bin/python(_PyFunction_Vectorcall+0x106) [0x55f8b39bc8a6]
49  /datasets/pentschev/miniconda3/envs/gdf/bin/python(_PyEval_EvalFrameDefault+0x6d5) [0x55f8b39aca55]
50  /datasets/pentschev/miniconda3/envs/gdf/bin/python(_PyEval_EvalCodeWithName+0x2f1) [0x55f8b39ab2f1]
51  /datasets/pentschev/miniconda3/envs/gdf/bin/python(_PyFunction_Vectorcall+0x19c) [0x55f8b39bc93c]
52  /datasets/pentschev/miniconda3/envs/gdf/bin/python(_PyEval_EvalFrameDefault+0x6d5) [0x55f8b39aca55]
53  /datasets/pentschev/miniconda3/envs/gdf/bin/python(_PyFunction_Vectorcall+0x106) [0x55f8b39bc8a6]
54  /datasets/pentschev/miniconda3/envs/gdf/bin/python(_PyEval_EvalFrameDefault+0x3a9) [0x55f8b39ac729]
55  /datasets/pentschev/miniconda3/envs/gdf/bin/python(_PyEval_EvalCodeWithName+0x2f1) [0x55f8b39ab2f1]
56  /datasets/pentschev/miniconda3/envs/gdf/bin/python(_PyFunction_Vectorcall+0x19c) [0x55f8b39bc93c]
57  /datasets/pentschev/miniconda3/envs/gdf/bin/python(_PyEval_EvalFrameDefault+0x11bf) [0x55f8b39ad53f]
58  /datasets/pentschev/miniconda3/envs/gdf/bin/python(_PyEval_EvalCodeWithName+0x2f1) [0x55f8b39ab2f1]
59  /datasets/pentschev/miniconda3/envs/gdf/bin/python(PyEval_EvalCodeEx+0x39) [0x55f8b3a5de99]
60  /datasets/pentschev/miniconda3/envs/gdf/bin/python(PyEval_EvalCode+0x1b) [0x55f8b3a5de5b]
61  /datasets/pentschev/miniconda3/envs/gdf/bin/python(+0x1eb7f9) [0x55f8b3a7e7f9]
=================================
2023-03-16 00:10:18,907 - distributed.nanny - WARNING - Restarting worker
2023-03-16 00:10:19,063 - distributed.worker - ERROR - failed during get data with ucx://127.0.0.1:45193 -> ucx://127.0.0.1:45445
Traceback (most recent call last):
  File "/datasets/pentschev/miniconda3/envs/gdf/lib/python3.8/site-packages/distributed/comm/ucx.py", line 333, in write
    await self.ep.send(each_frame)
  File "/datasets/pentschev/miniconda3/envs/gdf/lib/python3.8/site-packages/ucp/core.py", line 650, in send
    return await comm.tag_send(self._ep, buffer, nbytes, tag, name=log)
ucp._libs.exceptions.UCXError: <[Send #007] ep: 0x7fcfec0f1380, tag: 0x6e0ee505f6af3c5c, nbytes: 50000000, type: <class 'cupy.ndarray'>>: Connection reset by remote peer

During handling of the above exception, another exception occurred:

Traceback (most recent call last):
  File "/datasets/pentschev/miniconda3/envs/gdf/lib/python3.8/site-packages/distributed/worker.py", line 1789, in get_data
    compressed = await comm.write(msg, serializers=serializers)
  File "/datasets/pentschev/miniconda3/envs/gdf/lib/python3.8/site-packages/distributed/utils.py", line 752, in wrapper
    return await func(*args, **kwargs)
  File "/datasets/pentschev/miniconda3/envs/gdf/lib/python3.8/site-packages/distributed/comm/ucx.py", line 337, in write
    raise CommClosedError("While writing, the connection was closed")
distributed.comm.core.CommClosedError: While writing, the connection was closed
2023-03-16 00:10:19,064 - distributed.worker - ERROR - Worker stream died during communication: ucx://127.0.0.1:45445
Traceback (most recent call last):
  File "/datasets/pentschev/miniconda3/envs/gdf/lib/python3.8/site-packages/distributed/comm/ucx.py", line 391, in read
    await self.ep.recv(each_frame)
  File "/datasets/pentschev/miniconda3/envs/gdf/lib/python3.8/site-packages/ucp/core.py", line 725, in recv
    ret = await comm.tag_recv(self._ep, buffer, nbytes, tag, name=log)
ucp._libs.exceptions.UCXError: <[Recv #007] ep: 0x7fcfec0f1140, tag: 0x2a995af7ca4f4106, nbytes: 50000000, type: <class 'rmm._lib.device_buffer.DeviceBuffer'>>: Connection reset by remote peer

During handling of the above exception, another exception occurred:

Traceback (most recent call last):
  File "/datasets/pentschev/miniconda3/envs/gdf/lib/python3.8/site-packages/distributed/worker.py", line 2063, in gather_dep
    response = await get_data_from_worker(
  File "/datasets/pentschev/miniconda3/envs/gdf/lib/python3.8/site-packages/distributed/worker.py", line 2888, in get_data_from_worker
    response = await send_recv(
  File "/datasets/pentschev/miniconda3/envs/gdf/lib/python3.8/site-packages/distributed/core.py", line 1024, in send_recv
    response = await comm.read(deserializers=deserializers)
  File "/datasets/pentschev/miniconda3/envs/gdf/lib/python3.8/site-packages/distributed/utils.py", line 752, in wrapper
    return await func(*args, **kwargs)
  File "/datasets/pentschev/miniconda3/envs/gdf/lib/python3.8/site-packages/distributed/comm/ucx.py", line 397, in read
    raise CommClosedError(
distributed.comm.core.CommClosedError: Connection closed by writer.
Inner exception: UCXError("<[Recv #007] ep: 0x7fcfec0f1140, tag: 0x2a995af7ca4f4106, nbytes: 50000000, type: <class 'rmm._lib.device_buffer.DeviceBuffer'>>: Connection reset by remote peer")
2023-03-16 00:10:19,153 - distributed.nanny - WARNING - Restarting worker
2023-03-16 00:10:20,598 - distributed.preloading - INFO - Creating preload: dask_cuda.initialize
2023-03-16 00:10:20,598 - distributed.preloading - INFO - Import preload module: dask_cuda.initialize
2023-03-16 00:10:20,609 - distributed.preloading - INFO - Creating preload: dask_cuda.initialize
2023-03-16 00:10:20,609 - distributed.preloading - INFO - Import preload module: dask_cuda.initialize
2023-03-16 00:10:20,722 - distributed.preloading - INFO - Creating preload: dask_cuda.initialize
2023-03-16 00:10:20,723 - distributed.preloading - INFO - Import preload module: dask_cuda.initialize
2023-03-16 00:10:20,727 - distributed.preloading - INFO - Creating preload: dask_cuda.initialize
2023-03-16 00:10:20,727 - distributed.preloading - INFO - Import preload module: dask_cuda.initialize
2023-03-16 00:10:20,859 - distributed.preloading - INFO - Creating preload: dask_cuda.initialize
2023-03-16 00:10:20,859 - distributed.preloading - INFO - Import preload module: dask_cuda.initialize
2023-03-16 00:10:21,108 - distributed.preloading - INFO - Creating preload: dask_cuda.initialize
2023-03-16 00:10:21,109 - distributed.preloading - INFO - Import preload module: dask_cuda.initialize
2023-03-16 00:10:48,962 - distributed.worker - ERROR - Worker stream died during communication: ucx://127.0.0.1:45445
Traceback (most recent call last):
  File "/datasets/pentschev/miniconda3/envs/gdf/lib/python3.8/site-packages/distributed/comm/core.py", line 292, in connect
    comm = await wait_for(
  File "/datasets/pentschev/miniconda3/envs/gdf/lib/python3.8/site-packages/distributed/utils.py", line 1849, in wait_for
    return await asyncio.wait_for(fut, timeout)
  File "/datasets/pentschev/miniconda3/envs/gdf/lib/python3.8/asyncio/tasks.py", line 501, in wait_for
    raise exceptions.TimeoutError()
asyncio.exceptions.TimeoutError

The above exception was the direct cause of the following exception:

Traceback (most recent call last):
  File "/datasets/pentschev/miniconda3/envs/gdf/lib/python3.8/site-packages/distributed/worker.py", line 2063, in gather_dep
    response = await get_data_from_worker(
  File "/datasets/pentschev/miniconda3/envs/gdf/lib/python3.8/site-packages/distributed/worker.py", line 2885, in get_data_from_worker
    comm = await rpc.connect(worker)
  File "/datasets/pentschev/miniconda3/envs/gdf/lib/python3.8/site-packages/distributed/core.py", line 1506, in connect
    return await connect_attempt
  File "/datasets/pentschev/miniconda3/envs/gdf/lib/python3.8/site-packages/distributed/core.py", line 1427, in _connect
    comm = await connect(
  File "/datasets/pentschev/miniconda3/envs/gdf/lib/python3.8/site-packages/distributed/comm/core.py", line 318, in connect
    raise OSError(
OSError: Timed out trying to connect to ucx://127.0.0.1:45445 after 30 s
[dgx13:76851:0:76851] Caught signal 11 (Segmentation fault: address not mapped to object at address 0x448)
[dgx13:76858:0:76858] Caught signal 11 (Segmentation fault: address not mapped to object at address 0x448)
==== backtrace (tid:  76851) ====
 0  /datasets/pentschev/miniconda3/envs/gdf/lib/libucs.so.0(ucs_handle_error+0x2d4) [0x7f2abc2aa614]
 1  /datasets/pentschev/miniconda3/envs/gdf/lib/libucs.so.0(+0x2e7ef) [0x7f2abc2aa7ef]
 2  /datasets/pentschev/miniconda3/envs/gdf/lib/libucs.so.0(+0x2eb14) [0x7f2abc2aab14]
 3  /lib/x86_64-linux-gnu/libpthread.so.0(+0x12980) [0x7f2b3fb94980]
 4  /datasets/pentschev/miniconda3/envs/gdf/lib/libucp.so.0(ucp_mem_type_unpack+0x14) [0x7f2abc52f3b4]
 5  /datasets/pentschev/miniconda3/envs/gdf/lib/libucp.so.0(ucp_rndv_data_handler+0x508) [0x7f2abc55fa08]
 6  /datasets/pentschev/miniconda3/envs/gdf/lib/libuct.so.0(+0x20b5f) [0x7f2abc05eb5f]
 7  /datasets/pentschev/miniconda3/envs/gdf/lib/libuct.so.0(+0x21134) [0x7f2abc05f134]
 8  /datasets/pentschev/miniconda3/envs/gdf/lib/libuct.so.0(+0x23578) [0x7f2abc061578]
 9  /datasets/pentschev/miniconda3/envs/gdf/lib/libucs.so.0(ucs_event_set_wait+0xb9) [0x7f2abc2b4c99]
10  /datasets/pentschev/miniconda3/envs/gdf/lib/libuct.so.0(uct_tcp_iface_progress+0x7b) [0x7f2abc06161b]
11  /datasets/pentschev/miniconda3/envs/gdf/lib/libucp.so.0(ucp_worker_progress+0x6a) [0x7f2abc52bcaa]
12  /datasets/pentschev/miniconda3/envs/gdf/lib/python3.8/site-packages/ucp/_libs/ucx_api.cpython-38-x86_64-linux-gnu.so(+0x272b9) [0x7f2abc7e62b9]
13  /datasets/pentschev/miniconda3/envs/gdf/bin/python(+0x12e343) [0x560cdefbf343]
14  /datasets/pentschev/miniconda3/envs/gdf/bin/python(PyObject_Call+0x24a) [0x560cdefca1fa]
15  /datasets/pentschev/miniconda3/envs/gdf/bin/python(_PyEval_EvalFrameDefault+0x680b) [0x560cdefb0b8b]
16  /datasets/pentschev/miniconda3/envs/gdf/bin/python(_PyEval_EvalCodeWithName+0x2f1) [0x560cdefa92f1]
17  /datasets/pentschev/miniconda3/envs/gdf/bin/python(_PyFunction_Vectorcall+0x19c) [0x560cdefba93c]
18  /datasets/pentschev/miniconda3/envs/gdf/bin/python(_PyEval_EvalFrameDefault+0x6d5) [0x560cdefaaa55]
19  /datasets/pentschev/miniconda3/envs/gdf/bin/python(+0x13e1e8) [0x560cdefcf1e8]
20  /datasets/pentschev/miniconda3/envs/gdf/lib/python3.8/lib-dynload/_asyncio.cpython-38-x86_64-linux-gnu.so(+0x7003) [0x7f2ada33e003]
21  /datasets/pentschev/miniconda3/envs/gdf/bin/python(_PyObject_MakeTpCall+0x3db) [0x560cdefb330b]
22  /datasets/pentschev/miniconda3/envs/gdf/bin/python(+0xe0b07) [0x560cdef71b07]
23  /datasets/pentschev/miniconda3/envs/gdf/bin/python(+0x120f96) [0x560cdefb1f96]
24  /datasets/pentschev/miniconda3/envs/gdf/bin/python(PyVectorcall_Call+0x7a) [0x560cdefc81ea]
25  /datasets/pentschev/miniconda3/envs/gdf/bin/python(_PyEval_EvalFrameDefault+0x5df8) [0x560cdefb0178]
26  /datasets/pentschev/miniconda3/envs/gdf/bin/python(_PyFunction_Vectorcall+0x106) [0x560cdefba8a6]
27  /datasets/pentschev/miniconda3/envs/gdf/bin/python(_PyEval_EvalFrameDefault+0x6d5) [0x560cdefaaa55]
28  /datasets/pentschev/miniconda3/envs/gdf/bin/python(_PyFunction_Vectorcall+0x106) [0x560cdefba8a6]
29  /datasets/pentschev/miniconda3/envs/gdf/bin/python(_PyEval_EvalFrameDefault+0x6d5) [0x560cdefaaa55]
30  /datasets/pentschev/miniconda3/envs/gdf/bin/python(_PyFunction_Vectorcall+0x106) [0x560cdefba8a6]
31  /datasets/pentschev/miniconda3/envs/gdf/bin/python(_PyEval_EvalFrameDefault+0x6d5) [0x560cdefaaa55]
32  /datasets/pentschev/miniconda3/envs/gdf/bin/python(_PyFunction_Vectorcall+0x106) [0x560cdefba8a6]
33  /datasets/pentschev/miniconda3/envs/gdf/bin/python(_PyEval_EvalFrameDefault+0x6d5) [0x560cdefaaa55]
34  /datasets/pentschev/miniconda3/envs/gdf/bin/python(_PyEval_EvalCodeWithName+0x2f1) [0x560cdefa92f1]
35  /datasets/pentschev/miniconda3/envs/gdf/bin/python(_PyFunction_Vectorcall+0x19c) [0x560cdefba93c]
36  /datasets/pentschev/miniconda3/envs/gdf/bin/python(_PyEval_EvalFrameDefault+0x4b7b) [0x560cdefaeefb]
37  /datasets/pentschev/miniconda3/envs/gdf/bin/python(_PyEval_EvalCodeWithName+0x2f1) [0x560cdefa92f1]
38  /datasets/pentschev/miniconda3/envs/gdf/bin/python(_PyFunction_Vectorcall+0x19c) [0x560cdefba93c]
39  /datasets/pentschev/miniconda3/envs/gdf/bin/python(+0x136e8c) [0x560cdefc7e8c]
40  /datasets/pentschev/miniconda3/envs/gdf/bin/python(_PyObject_FastCallDict+0x282) [0x560cdefb2a92]
41  /datasets/pentschev/miniconda3/envs/gdf/bin/python(+0x1ee049) [0x560cdf07f049]
42  /datasets/pentschev/miniconda3/envs/gdf/bin/python(PyObject_Call+0x2d3) [0x560cdefca283]
43  /datasets/pentschev/miniconda3/envs/gdf/bin/python(_PyEval_EvalFrameDefault+0x205e) [0x560cdefac3de]
44  /datasets/pentschev/miniconda3/envs/gdf/bin/python(_PyFunction_Vectorcall+0x106) [0x560cdefba8a6]
45  /datasets/pentschev/miniconda3/envs/gdf/bin/python(+0x136e8c) [0x560cdefc7e8c]
46  /datasets/pentschev/miniconda3/envs/gdf/bin/python(PyObject_Call+0x24a) [0x560cdefca1fa]
47  /datasets/pentschev/miniconda3/envs/gdf/bin/python(_PyEval_EvalFrameDefault+0x205e) [0x560cdefac3de]
48  /datasets/pentschev/miniconda3/envs/gdf/bin/python(_PyFunction_Vectorcall+0x106) [0x560cdefba8a6]
49  /datasets/pentschev/miniconda3/envs/gdf/bin/python(_PyEval_EvalFrameDefault+0x6d5) [0x560cdefaaa55]
50  /datasets/pentschev/miniconda3/envs/gdf/bin/python(_PyEval_EvalCodeWithName+0x2f1) [0x560cdefa92f1]
51  /datasets/pentschev/miniconda3/envs/gdf/bin/python(_PyFunction_Vectorcall+0x19c) [0x560cdefba93c]
52  /datasets/pentschev/miniconda3/envs/gdf/bin/python(_PyEval_EvalFrameDefault+0x6d5) [0x560cdefaaa55]
53  /datasets/pentschev/miniconda3/envs/gdf/bin/python(_PyFunction_Vectorcall+0x106) [0x560cdefba8a6]
54  /datasets/pentschev/miniconda3/envs/gdf/bin/python(_PyEval_EvalFrameDefault+0x3a9) [0x560cdefaa729]
55  /datasets/pentschev/miniconda3/envs/gdf/bin/python(_PyEval_EvalCodeWithName+0x2f1) [0x560cdefa92f1]
56  /datasets/pentschev/miniconda3/envs/gdf/bin/python(_PyFunction_Vectorcall+0x19c) [0x560cdefba93c]
57  /datasets/pentschev/miniconda3/envs/gdf/bin/python(_PyEval_EvalFrameDefault+0x11bf) [0x560cdefab53f]
58  /datasets/pentschev/miniconda3/envs/gdf/bin/python(_PyEval_EvalCodeWithName+0x2f1) [0x560cdefa92f1]
59  /datasets/pentschev/miniconda3/envs/gdf/bin/python(PyEval_EvalCodeEx+0x39) [0x560cdf05be99]
60  /datasets/pentschev/miniconda3/envs/gdf/bin/python(PyEval_EvalCode+0x1b) [0x560cdf05be5b]
61  /datasets/pentschev/miniconda3/envs/gdf/bin/python(+0x1eb7f9) [0x560cdf07c7f9]
=================================
==== backtrace (tid:  76858) ====
 0  /datasets/pentschev/miniconda3/envs/gdf/lib/libucs.so.0(ucs_handle_error+0x2d4) [0x7f4bc960b614]
 1  /datasets/pentschev/miniconda3/envs/gdf/lib/libucs.so.0(+0x2e7ef) [0x7f4bc960b7ef]
 2  /datasets/pentschev/miniconda3/envs/gdf/lib/libucs.so.0(+0x2eb14) [0x7f4bc960bb14]
 3  /lib/x86_64-linux-gnu/libpthread.so.0(+0x12980) [0x7f4c3eed8980]
 4  /datasets/pentschev/miniconda3/envs/gdf/lib/libucp.so.0(ucp_mem_type_unpack+0x14) [0x7f4bc98903b4]
 5  /datasets/pentschev/miniconda3/envs/gdf/lib/libucp.so.0(ucp_rndv_data_handler+0x508) [0x7f4bc98c0a08]
 6  /datasets/pentschev/miniconda3/envs/gdf/lib/libuct.so.0(+0x20b5f) [0x7f4bc93bfb5f]
 7  /datasets/pentschev/miniconda3/envs/gdf/lib/libuct.so.0(+0x21134) [0x7f4bc93c0134]
 8  /datasets/pentschev/miniconda3/envs/gdf/lib/libuct.so.0(+0x23578) [0x7f4bc93c2578]
 9  /datasets/pentschev/miniconda3/envs/gdf/lib/libucs.so.0(ucs_event_set_wait+0xb9) [0x7f4bc9615c99]
10  /datasets/pentschev/miniconda3/envs/gdf/lib/libuct.so.0(uct_tcp_iface_progress+0x7b) [0x7f4bc93c261b]
11  /datasets/pentschev/miniconda3/envs/gdf/lib/libucp.so.0(ucp_worker_progress+0x6a) [0x7f4bc988ccaa]
12  /datasets/pentschev/miniconda3/envs/gdf/lib/python3.8/site-packages/ucp/_libs/ucx_api.cpython-38-x86_64-linux-gnu.so(+0x272b9) [0x7f4bc9b472b9]
13  /datasets/pentschev/miniconda3/envs/gdf/bin/python(+0x12e343) [0x5608ff15f343]
14  /datasets/pentschev/miniconda3/envs/gdf/bin/python(PyObject_Call+0x24a) [0x5608ff16a1fa]
15  /datasets/pentschev/miniconda3/envs/gdf/bin/python(_PyEval_EvalFrameDefault+0x680b) [0x5608ff150b8b]
16  /datasets/pentschev/miniconda3/envs/gdf/bin/python(_PyEval_EvalCodeWithName+0x2f1) [0x5608ff1492f1]
17  /datasets/pentschev/miniconda3/envs/gdf/bin/python(_PyFunction_Vectorcall+0x19c) [0x5608ff15a93c]
18  /datasets/pentschev/miniconda3/envs/gdf/bin/python(_PyEval_EvalFrameDefault+0x6d5) [0x5608ff14aa55]
19  /datasets/pentschev/miniconda3/envs/gdf/bin/python(_PyFunction_Vectorcall+0x106) [0x5608ff15a8a6]
20  /datasets/pentschev/miniconda3/envs/gdf/bin/python(+0x136c36) [0x5608ff167c36]
21  /datasets/pentschev/miniconda3/envs/gdf/bin/python(+0x23565a) [0x5608ff26665a]
22  /datasets/pentschev/miniconda3/envs/gdf/bin/python(+0xe0b07) [0x5608ff111b07]
23  /datasets/pentschev/miniconda3/envs/gdf/bin/python(+0x120f96) [0x5608ff151f96]
24  /datasets/pentschev/miniconda3/envs/gdf/bin/python(PyVectorcall_Call+0x7a) [0x5608ff1681ea]
25  /datasets/pentschev/miniconda3/envs/gdf/bin/python(_PyEval_EvalFrameDefault+0x5df8) [0x5608ff150178]
26  /datasets/pentschev/miniconda3/envs/gdf/bin/python(_PyFunction_Vectorcall+0x106) [0x5608ff15a8a6]
27  /datasets/pentschev/miniconda3/envs/gdf/bin/python(_PyEval_EvalFrameDefault+0x6d5) [0x5608ff14aa55]
28  /datasets/pentschev/miniconda3/envs/gdf/bin/python(_PyFunction_Vectorcall+0x106) [0x5608ff15a8a6]
29  /datasets/pentschev/miniconda3/envs/gdf/bin/python(_PyEval_EvalFrameDefault+0x6d5) [0x5608ff14aa55]
30  /datasets/pentschev/miniconda3/envs/gdf/bin/python(_PyFunction_Vectorcall+0x106) [0x5608ff15a8a6]
31  /datasets/pentschev/miniconda3/envs/gdf/bin/python(_PyEval_EvalFrameDefault+0x6d5) [0x5608ff14aa55]
32  /datasets/pentschev/miniconda3/envs/gdf/bin/python(_PyFunction_Vectorcall+0x106) [0x5608ff15a8a6]
33  /datasets/pentschev/miniconda3/envs/gdf/bin/python(_PyEval_EvalFrameDefault+0x6d5) [0x5608ff14aa55]
34  /datasets/pentschev/miniconda3/envs/gdf/bin/python(_PyEval_EvalCodeWithName+0x2f1) [0x5608ff1492f1]
35  /datasets/pentschev/miniconda3/envs/gdf/bin/python(_PyFunction_Vectorcall+0x19c) [0x5608ff15a93c]
36  /datasets/pentschev/miniconda3/envs/gdf/bin/python(_PyEval_EvalFrameDefault+0x4b7b) [0x5608ff14eefb]
37  /datasets/pentschev/miniconda3/envs/gdf/bin/python(_PyEval_EvalCodeWithName+0x2f1) [0x5608ff1492f1]
38  /datasets/pentschev/miniconda3/envs/gdf/bin/python(_PyFunction_Vectorcall+0x19c) [0x5608ff15a93c]
39  /datasets/pentschev/miniconda3/envs/gdf/bin/python(+0x136e8c) [0x5608ff167e8c]
40  /datasets/pentschev/miniconda3/envs/gdf/bin/python(_PyObject_FastCallDict+0x282) [0x5608ff152a92]
41  /datasets/pentschev/miniconda3/envs/gdf/bin/python(+0x1ee049) [0x5608ff21f049]
42  /datasets/pentschev/miniconda3/envs/gdf/bin/python(PyObject_Call+0x2d3) [0x5608ff16a283]
43  /datasets/pentschev/miniconda3/envs/gdf/bin/python(_PyEval_EvalFrameDefault+0x205e) [0x5608ff14c3de]
44  /datasets/pentschev/miniconda3/envs/gdf/bin/python(_PyFunction_Vectorcall+0x106) [0x5608ff15a8a6]
45  /datasets/pentschev/miniconda3/envs/gdf/bin/python(+0x136e8c) [0x5608ff167e8c]
46  /datasets/pentschev/miniconda3/envs/gdf/bin/python(PyObject_Call+0x24a) [0x5608ff16a1fa]
47  /datasets/pentschev/miniconda3/envs/gdf/bin/python(_PyEval_EvalFrameDefault+0x205e) [0x5608ff14c3de]
48  /datasets/pentschev/miniconda3/envs/gdf/bin/python(_PyFunction_Vectorcall+0x106) [0x5608ff15a8a6]
49  /datasets/pentschev/miniconda3/envs/gdf/bin/python(_PyEval_EvalFrameDefault+0x6d5) [0x5608ff14aa55]
50  /datasets/pentschev/miniconda3/envs/gdf/bin/python(_PyEval_EvalCodeWithName+0x2f1) [0x5608ff1492f1]
51  /datasets/pentschev/miniconda3/envs/gdf/bin/python(_PyFunction_Vectorcall+0x19c) [0x5608ff15a93c]
52  /datasets/pentschev/miniconda3/envs/gdf/bin/python(_PyEval_EvalFrameDefault+0x6d5) [0x5608ff14aa55]
53  /datasets/pentschev/miniconda3/envs/gdf/bin/python(_PyFunction_Vectorcall+0x106) [0x5608ff15a8a6]
54  /datasets/pentschev/miniconda3/envs/gdf/bin/python(_PyEval_EvalFrameDefault+0x3a9) [0x5608ff14a729]
55  /datasets/pentschev/miniconda3/envs/gdf/bin/python(_PyEval_EvalCodeWithName+0x2f1) [0x5608ff1492f1]
56  /datasets/pentschev/miniconda3/envs/gdf/bin/python(_PyFunction_Vectorcall+0x19c) [0x5608ff15a93c]
57  /datasets/pentschev/miniconda3/envs/gdf/bin/python(_PyEval_EvalFrameDefault+0x11bf) [0x5608ff14b53f]
58  /datasets/pentschev/miniconda3/envs/gdf/bin/python(_PyEval_EvalCodeWithName+0x2f1) [0x5608ff1492f1]
59  /datasets/pentschev/miniconda3/envs/gdf/bin/python(PyEval_EvalCodeEx+0x39) [0x5608ff1fbe99]
60  /datasets/pentschev/miniconda3/envs/gdf/bin/python(PyEval_EvalCode+0x1b) [0x5608ff1fbe5b]
61  /datasets/pentschev/miniconda3/envs/gdf/bin/python(+0x1eb7f9) [0x5608ff21c7f9]
=================================
2023-03-16 00:10:49,804 - distributed.worker - ERROR - failed during get data with ucx://127.0.0.1:51469 -> ucx://127.0.0.1:34557
Traceback (most recent call last):
  File "/datasets/pentschev/miniconda3/envs/gdf/lib/python3.8/site-packages/distributed/comm/ucx.py", line 333, in write
    await self.ep.send(each_frame)
  File "/datasets/pentschev/miniconda3/envs/gdf/lib/python3.8/site-packages/ucp/core.py", line 650, in send
    return await comm.tag_send(self._ep, buffer, nbytes, tag, name=log)
ucp._libs.exceptions.UCXError: <[Send #007] ep: 0x7f50c0d48280, tag: 0x6beebfbfa5639b97, nbytes: 50000000, type: <class 'cupy.ndarray'>>: Connection reset by remote peer

During handling of the above exception, another exception occurred:

Traceback (most recent call last):
  File "/datasets/pentschev/miniconda3/envs/gdf/lib/python3.8/site-packages/distributed/worker.py", line 1789, in get_data
    compressed = await comm.write(msg, serializers=serializers)
  File "/datasets/pentschev/miniconda3/envs/gdf/lib/python3.8/site-packages/distributed/utils.py", line 752, in wrapper
    return await func(*args, **kwargs)
  File "/datasets/pentschev/miniconda3/envs/gdf/lib/python3.8/site-packages/distributed/comm/ucx.py", line 337, in write
    raise CommClosedError("While writing, the connection was closed")
distributed.comm.core.CommClosedError: While writing, the connection was closed
2023-03-16 00:10:49,815 - distributed.worker - ERROR - failed during get data with ucx://127.0.0.1:45193 -> ucx://127.0.0.1:45313
Traceback (most recent call last):
  File "/datasets/pentschev/miniconda3/envs/gdf/lib/python3.8/site-packages/distributed/comm/ucx.py", line 333, in write
    await self.ep.send(each_frame)
  File "/datasets/pentschev/miniconda3/envs/gdf/lib/python3.8/site-packages/ucp/core.py", line 650, in send
    return await comm.tag_send(self._ep, buffer, nbytes, tag, name=log)
ucp._libs.exceptions.UCXError: <[Send #007] ep: 0x7fcfec0f1300, tag: 0x9484b875d920ee68, nbytes: 50000000, type: <class 'cupy.ndarray'>>: Connection reset by remote peer

During handling of the above exception, another exception occurred:

Traceback (most recent call last):
  File "/datasets/pentschev/miniconda3/envs/gdf/lib/python3.8/site-packages/distributed/worker.py", line 1789, in get_data
    compressed = await comm.write(msg, serializers=serializers)
  File "/datasets/pentschev/miniconda3/envs/gdf/lib/python3.8/site-packages/distributed/utils.py", line 752, in wrapper
    return await func(*args, **kwargs)
  File "/datasets/pentschev/miniconda3/envs/gdf/lib/python3.8/site-packages/distributed/comm/ucx.py", line 337, in write
    raise CommClosedError("While writing, the connection was closed")
distributed.comm.core.CommClosedError: While writing, the connection was closed
2023-03-16 00:10:49,870 - distributed.nanny - WARNING - Restarting worker
2023-03-16 00:10:49,899 - distributed.nanny - WARNING - Restarting worker
[dgx13:76848:0:76848] Caught signal 11 (Segmentation fault: address not mapped to object at address 0x448)
==== backtrace (tid:  76848) ====
 0  /datasets/pentschev/miniconda3/envs/gdf/lib/libucs.so.0(ucs_handle_error+0x2d4) [0x7fc864259614]
 1  /datasets/pentschev/miniconda3/envs/gdf/lib/libucs.so.0(+0x2e7ef) [0x7fc8642597ef]
 2  /datasets/pentschev/miniconda3/envs/gdf/lib/libucs.so.0(+0x2eb14) [0x7fc864259b14]
 3  /lib/x86_64-linux-gnu/libpthread.so.0(+0x12980) [0x7fc8d9b24980]
 4  /datasets/pentschev/miniconda3/envs/gdf/lib/libucp.so.0(ucp_mem_type_unpack+0x14) [0x7fc8644de3b4]
 5  /datasets/pentschev/miniconda3/envs/gdf/lib/libucp.so.0(ucp_rndv_data_handler+0x508) [0x7fc86450ea08]
 6  /datasets/pentschev/miniconda3/envs/gdf/lib/libuct.so.0(+0x20b5f) [0x7fc851de2b5f]
 7  /datasets/pentschev/miniconda3/envs/gdf/lib/libuct.so.0(+0x21134) [0x7fc851de3134]
 8  /datasets/pentschev/miniconda3/envs/gdf/lib/libuct.so.0(+0x23578) [0x7fc851de5578]
 9  /datasets/pentschev/miniconda3/envs/gdf/lib/libucs.so.0(ucs_event_set_wait+0xb9) [0x7fc864263c99]
10  /datasets/pentschev/miniconda3/envs/gdf/lib/libuct.so.0(uct_tcp_iface_progress+0x7b) [0x7fc851de561b]
11  /datasets/pentschev/miniconda3/envs/gdf/lib/libucp.so.0(ucp_worker_progress+0x6a) [0x7fc8644dacaa]
12  /datasets/pentschev/miniconda3/envs/gdf/lib/python3.8/site-packages/ucp/_libs/ucx_api.cpython-38-x86_64-linux-gnu.so(+0x272b9) [0x7fc8647952b9]
13  /datasets/pentschev/miniconda3/envs/gdf/bin/python(+0x12e343) [0x56157a43e343]
14  /datasets/pentschev/miniconda3/envs/gdf/bin/python(PyObject_Call+0x24a) [0x56157a4491fa]
15  /datasets/pentschev/miniconda3/envs/gdf/bin/python(_PyEval_EvalFrameDefault+0x680b) [0x56157a42fb8b]
16  /datasets/pentschev/miniconda3/envs/gdf/bin/python(_PyEval_EvalCodeWithName+0x2f1) [0x56157a4282f1]
17  /datasets/pentschev/miniconda3/envs/gdf/bin/python(_PyFunction_Vectorcall+0x19c) [0x56157a43993c]
18  /datasets/pentschev/miniconda3/envs/gdf/bin/python(_PyEval_EvalFrameDefault+0x6d5) [0x56157a429a55]
19  /datasets/pentschev/miniconda3/envs/gdf/bin/python(_PyFunction_Vectorcall+0x106) [0x56157a4398a6]
20  /datasets/pentschev/miniconda3/envs/gdf/bin/python(+0x136c36) [0x56157a446c36]
21  /datasets/pentschev/miniconda3/envs/gdf/bin/python(+0x23565a) [0x56157a54565a]
22  /datasets/pentschev/miniconda3/envs/gdf/bin/python(+0xe0b07) [0x56157a3f0b07]
23  /datasets/pentschev/miniconda3/envs/gdf/bin/python(+0x120f96) [0x56157a430f96]
24  /datasets/pentschev/miniconda3/envs/gdf/bin/python(PyVectorcall_Call+0x7a) [0x56157a4471ea]
25  /datasets/pentschev/miniconda3/envs/gdf/bin/python(_PyEval_EvalFrameDefault+0x5df8) [0x56157a42f178]
26  /datasets/pentschev/miniconda3/envs/gdf/bin/python(_PyFunction_Vectorcall+0x106) [0x56157a4398a6]
27  /datasets/pentschev/miniconda3/envs/gdf/bin/python(_PyEval_EvalFrameDefault+0x6d5) [0x56157a429a55]
28  /datasets/pentschev/miniconda3/envs/gdf/bin/python(_PyFunction_Vectorcall+0x106) [0x56157a4398a6]
29  /datasets/pentschev/miniconda3/envs/gdf/bin/python(_PyEval_EvalFrameDefault+0x6d5) [0x56157a429a55]
30  /datasets/pentschev/miniconda3/envs/gdf/bin/python(_PyFunction_Vectorcall+0x106) [0x56157a4398a6]
31  /datasets/pentschev/miniconda3/envs/gdf/bin/python(_PyEval_EvalFrameDefault+0x6d5) [0x56157a429a55]
32  /datasets/pentschev/miniconda3/envs/gdf/bin/python(_PyFunction_Vectorcall+0x106) [0x56157a4398a6]
33  /datasets/pentschev/miniconda3/envs/gdf/bin/python(_PyEval_EvalFrameDefault+0x6d5) [0x56157a429a55]
34  /datasets/pentschev/miniconda3/envs/gdf/bin/python(_PyEval_EvalCodeWithName+0x2f1) [0x56157a4282f1]
35  /datasets/pentschev/miniconda3/envs/gdf/bin/python(_PyFunction_Vectorcall+0x19c) [0x56157a43993c]
36  /datasets/pentschev/miniconda3/envs/gdf/bin/python(_PyEval_EvalFrameDefault+0x4b7b) [0x56157a42defb]
37  /datasets/pentschev/miniconda3/envs/gdf/bin/python(_PyEval_EvalCodeWithName+0x2f1) [0x56157a4282f1]
38  /datasets/pentschev/miniconda3/envs/gdf/bin/python(_PyFunction_Vectorcall+0x19c) [0x56157a43993c]
39  /datasets/pentschev/miniconda3/envs/gdf/bin/python(+0x136e8c) [0x56157a446e8c]
40  /datasets/pentschev/miniconda3/envs/gdf/bin/python(_PyObject_FastCallDict+0x282) [0x56157a431a92]
41  /datasets/pentschev/miniconda3/envs/gdf/bin/python(+0x1ee049) [0x56157a4fe049]
42  /datasets/pentschev/miniconda3/envs/gdf/bin/python(PyObject_Call+0x2d3) [0x56157a449283]
43  /datasets/pentschev/miniconda3/envs/gdf/bin/python(_PyEval_EvalFrameDefault+0x205e) [0x56157a42b3de]
44  /datasets/pentschev/miniconda3/envs/gdf/bin/python(_PyFunction_Vectorcall+0x106) [0x56157a4398a6]
45  /datasets/pentschev/miniconda3/envs/gdf/bin/python(+0x136e8c) [0x56157a446e8c]
46  /datasets/pentschev/miniconda3/envs/gdf/bin/python(PyObject_Call+0x24a) [0x56157a4491fa]
47  /datasets/pentschev/miniconda3/envs/gdf/bin/python(_PyEval_EvalFrameDefault+0x205e) [0x56157a42b3de]
48  /datasets/pentschev/miniconda3/envs/gdf/bin/python(_PyFunction_Vectorcall+0x106) [0x56157a4398a6]
49  /datasets/pentschev/miniconda3/envs/gdf/bin/python(_PyEval_EvalFrameDefault+0x6d5) [0x56157a429a55]
50  /datasets/pentschev/miniconda3/envs/gdf/bin/python(_PyEval_EvalCodeWithName+0x2f1) [0x56157a4282f1]
51  /datasets/pentschev/miniconda3/envs/gdf/bin/python(_PyFunction_Vectorcall+0x19c) [0x56157a43993c]
52  /datasets/pentschev/miniconda3/envs/gdf/bin/python(_PyEval_EvalFrameDefault+0x6d5) [0x56157a429a55]
53  /datasets/pentschev/miniconda3/envs/gdf/bin/python(_PyFunction_Vectorcall+0x106) [0x56157a4398a6]
54  /datasets/pentschev/miniconda3/envs/gdf/bin/python(_PyEval_EvalFrameDefault+0x3a9) [0x56157a429729]
55  /datasets/pentschev/miniconda3/envs/gdf/bin/python(_PyEval_EvalCodeWithName+0x2f1) [0x56157a4282f1]
56  /datasets/pentschev/miniconda3/envs/gdf/bin/python(_PyFunction_Vectorcall+0x19c) [0x56157a43993c]
57  /datasets/pentschev/miniconda3/envs/gdf/bin/python(_PyEval_EvalFrameDefault+0x11bf) [0x56157a42a53f]
58  /datasets/pentschev/miniconda3/envs/gdf/bin/python(_PyEval_EvalCodeWithName+0x2f1) [0x56157a4282f1]
59  /datasets/pentschev/miniconda3/envs/gdf/bin/python(PyEval_EvalCodeEx+0x39) [0x56157a4dae99]
60  /datasets/pentschev/miniconda3/envs/gdf/bin/python(PyEval_EvalCode+0x1b) [0x56157a4dae5b]
61  /datasets/pentschev/miniconda3/envs/gdf/bin/python(+0x1eb7f9) [0x56157a4fb7f9]
=================================
2023-03-16 00:10:50,216 - distributed.worker - ERROR - failed during get data with ucx://127.0.0.1:51469 -> ucx://127.0.0.1:57483
Traceback (most recent call last):
  File "/datasets/pentschev/miniconda3/envs/gdf/lib/python3.8/site-packages/distributed/comm/ucx.py", line 333, in write
    await self.ep.send(each_frame)
  File "/datasets/pentschev/miniconda3/envs/gdf/lib/python3.8/site-packages/ucp/core.py", line 650, in send
    return await comm.tag_send(self._ep, buffer, nbytes, tag, name=log)
ucp._libs.exceptions.UCXError: <[Send #007] ep: 0x7f50c0d48200, tag: 0x52ba2fb156e21772, nbytes: 50000000, type: <class 'cupy.ndarray'>>: Connection reset by remote peer

During handling of the above exception, another exception occurred:

Traceback (most recent call last):
  File "/datasets/pentschev/miniconda3/envs/gdf/lib/python3.8/site-packages/distributed/worker.py", line 1789, in get_data
    compressed = await comm.write(msg, serializers=serializers)
  File "/datasets/pentschev/miniconda3/envs/gdf/lib/python3.8/site-packages/distributed/utils.py", line 752, in wrapper
    return await func(*args, **kwargs)
  File "/datasets/pentschev/miniconda3/envs/gdf/lib/python3.8/site-packages/distributed/comm/ucx.py", line 337, in write
    raise CommClosedError("While writing, the connection was closed")
distributed.comm.core.CommClosedError: While writing, the connection was closed
2023-03-16 00:10:50,275 - distributed.nanny - WARNING - Restarting worker
2023-03-16 00:10:52,147 - distributed.preloading - INFO - Creating preload: dask_cuda.initialize
2023-03-16 00:10:52,147 - distributed.preloading - INFO - Import preload module: dask_cuda.initialize
2023-03-16 00:10:52,148 - distributed.preloading - INFO - Creating preload: dask_cuda.initialize
2023-03-16 00:10:52,148 - distributed.preloading - INFO - Import preload module: dask_cuda.initialize
2023-03-16 00:10:52,160 - distributed.preloading - INFO - Creating preload: dask_cuda.initialize
2023-03-16 00:10:52,160 - distributed.preloading - INFO - Import preload module: dask_cuda.initialize
/datasets/pentschev/miniconda3/envs/gdf/lib/python3.8/multiprocessing/resource_tracker.py:216: UserWarning: resource_tracker: There appear to be 48 leaked semaphore objects to clean up at shutdown
  warnings.warn('resource_tracker: There appear to be %d '
