2023-02-08 01:06:28,904 - distributed.preloading - INFO - Creating preload: dask_cuda.initialize
2023-02-08 01:06:28,904 - distributed.preloading - INFO - Creating preload: dask_cuda.initialize
2023-02-08 01:06:28,904 - distributed.preloading - INFO - Import preload module: dask_cuda.initialize
2023-02-08 01:06:28,904 - distributed.preloading - INFO - Import preload module: dask_cuda.initialize
2023-02-08 01:06:28,904 - distributed.preloading - INFO - Creating preload: dask_cuda.initialize
2023-02-08 01:06:28,904 - distributed.preloading - INFO - Import preload module: dask_cuda.initialize
2023-02-08 01:06:28,908 - distributed.preloading - INFO - Creating preload: dask_cuda.initialize
2023-02-08 01:06:28,908 - distributed.preloading - INFO - Import preload module: dask_cuda.initialize
2023-02-08 01:06:28,914 - distributed.preloading - INFO - Creating preload: dask_cuda.initialize
2023-02-08 01:06:28,914 - distributed.preloading - INFO - Import preload module: dask_cuda.initialize
2023-02-08 01:06:28,916 - distributed.preloading - INFO - Creating preload: dask_cuda.initialize
2023-02-08 01:06:28,916 - distributed.preloading - INFO - Import preload module: dask_cuda.initialize
2023-02-08 01:06:28,918 - distributed.preloading - INFO - Creating preload: dask_cuda.initialize
2023-02-08 01:06:28,918 - distributed.preloading - INFO - Import preload module: dask_cuda.initialize
2023-02-08 01:06:28,927 - distributed.preloading - INFO - Creating preload: dask_cuda.initialize
2023-02-08 01:06:28,927 - distributed.preloading - INFO - Import preload module: dask_cuda.initialize
[dgx13:28840:0:28840] Caught signal 11 (Segmentation fault: address not mapped to object at address 0x448)
==== backtrace (tid:  28840) ====
 0  /datasets/pentschev/miniconda3/envs/gdf/lib/libucs.so.0(ucs_handle_error+0x2d4) [0x7f4d289b54f4]
 1  /datasets/pentschev/miniconda3/envs/gdf/lib/libucs.so.0(+0x2e6cf) [0x7f4d289b56cf]
 2  /datasets/pentschev/miniconda3/envs/gdf/lib/libucs.so.0(+0x2e9f4) [0x7f4d289b59f4]
 3  /lib/x86_64-linux-gnu/libpthread.so.0(+0x12980) [0x7f4d9e137980]
 4  /datasets/pentschev/miniconda3/envs/gdf/lib/libucp.so.0(ucp_mem_type_unpack+0x14) [0x7f4d28c3e584]
 5  /datasets/pentschev/miniconda3/envs/gdf/lib/libucp.so.0(ucp_rndv_data_handler+0x508) [0x7f4d28c72428]
 6  /datasets/pentschev/miniconda3/envs/gdf/lib/libuct.so.0(+0x20b1f) [0x7f4d28769b1f]
 7  /datasets/pentschev/miniconda3/envs/gdf/lib/libuct.so.0(+0x210f4) [0x7f4d2876a0f4]
 8  /datasets/pentschev/miniconda3/envs/gdf/lib/libuct.so.0(+0x23548) [0x7f4d2876c548]
 9  /datasets/pentschev/miniconda3/envs/gdf/lib/libucs.so.0(ucs_event_set_wait+0xb9) [0x7f4d289bfbc9]
10  /datasets/pentschev/miniconda3/envs/gdf/lib/libuct.so.0(uct_tcp_iface_progress+0x7b) [0x7f4d2876c5eb]
11  /datasets/pentschev/miniconda3/envs/gdf/lib/libucp.so.0(ucp_worker_progress+0x6a) [0x7f4d28c3ab4a]
12  /datasets/pentschev/miniconda3/envs/gdf/lib/python3.9/site-packages/ucp/_libs/ucx_api.cpython-39-x86_64-linux-gnu.so(+0x26c79) [0x7f4d28ef8c79]
13  /datasets/pentschev/miniconda3/envs/gdf/bin/python(+0x13eb08) [0x55ace6d13b08]
14  /datasets/pentschev/miniconda3/envs/gdf/bin/python(_PyEval_EvalFrameDefault+0x5f82) [0x55ace6d04112]
15  /datasets/pentschev/miniconda3/envs/gdf/bin/python(+0x12827a) [0x55ace6cfd27a]
16  /datasets/pentschev/miniconda3/envs/gdf/bin/python(_PyFunction_Vectorcall+0xd5) [0x55ace6d0ec05]
17  /datasets/pentschev/miniconda3/envs/gdf/bin/python(_PyEval_EvalFrameDefault+0x68b) [0x55ace6cfe81b]
18  /datasets/pentschev/miniconda3/envs/gdf/bin/python(+0x139ef3) [0x55ace6d0eef3]
19  /datasets/pentschev/miniconda3/envs/gdf/bin/python(+0x147a16) [0x55ace6d1ca16]
20  /datasets/pentschev/miniconda3/envs/gdf/bin/python(+0x2579b1) [0x55ace6e2c9b1]
21  /datasets/pentschev/miniconda3/envs/gdf/bin/python(+0xe5817) [0x55ace6cba817]
22  /datasets/pentschev/miniconda3/envs/gdf/bin/python(+0x130f83) [0x55ace6d05f83]
23  /datasets/pentschev/miniconda3/envs/gdf/bin/python(_PyEval_EvalFrameDefault+0x5ba6) [0x55ace6d03d36]
24  /datasets/pentschev/miniconda3/envs/gdf/bin/python(+0x139ef3) [0x55ace6d0eef3]
25  /datasets/pentschev/miniconda3/envs/gdf/bin/python(_PyEval_EvalFrameDefault+0x68b) [0x55ace6cfe81b]
26  /datasets/pentschev/miniconda3/envs/gdf/bin/python(+0x139ef3) [0x55ace6d0eef3]
27  /datasets/pentschev/miniconda3/envs/gdf/bin/python(_PyEval_EvalFrameDefault+0x68b) [0x55ace6cfe81b]
28  /datasets/pentschev/miniconda3/envs/gdf/bin/python(+0x139ef3) [0x55ace6d0eef3]
29  /datasets/pentschev/miniconda3/envs/gdf/bin/python(_PyEval_EvalFrameDefault+0x68b) [0x55ace6cfe81b]
30  /datasets/pentschev/miniconda3/envs/gdf/bin/python(+0x139ef3) [0x55ace6d0eef3]
31  /datasets/pentschev/miniconda3/envs/gdf/bin/python(_PyEval_EvalFrameDefault+0x68b) [0x55ace6cfe81b]
32  /datasets/pentschev/miniconda3/envs/gdf/bin/python(+0x12827a) [0x55ace6cfd27a]
33  /datasets/pentschev/miniconda3/envs/gdf/bin/python(_PyFunction_Vectorcall+0xd5) [0x55ace6d0ec05]
34  /datasets/pentschev/miniconda3/envs/gdf/bin/python(_PyEval_EvalFrameDefault+0x4e17) [0x55ace6d02fa7]
35  /datasets/pentschev/miniconda3/envs/gdf/bin/python(+0x12827a) [0x55ace6cfd27a]
36  /datasets/pentschev/miniconda3/envs/gdf/bin/python(+0x147935) [0x55ace6d1c935]
37  /datasets/pentschev/miniconda3/envs/gdf/bin/python(PyObject_Call+0xb4) [0x55ace6d1d104]
38  /datasets/pentschev/miniconda3/envs/gdf/bin/python(+0x20efc8) [0x55ace6de3fc8]
39  /datasets/pentschev/miniconda3/envs/gdf/bin/python(_PyObject_MakeTpCall+0x2fc) [0x55ace6d072bc]
40  /datasets/pentschev/miniconda3/envs/gdf/bin/python(_PyEval_EvalFrameDefault+0x402b) [0x55ace6d021bb]
41  /datasets/pentschev/miniconda3/envs/gdf/bin/python(+0x139ef3) [0x55ace6d0eef3]
42  /datasets/pentschev/miniconda3/envs/gdf/bin/python(+0x147c72) [0x55ace6d1cc72]
43  /datasets/pentschev/miniconda3/envs/gdf/bin/python(_PyEval_EvalFrameDefault+0x402b) [0x55ace6d021bb]
44  /datasets/pentschev/miniconda3/envs/gdf/bin/python(+0x139ef3) [0x55ace6d0eef3]
45  /datasets/pentschev/miniconda3/envs/gdf/bin/python(_PyEval_EvalFrameDefault+0x68b) [0x55ace6cfe81b]
46  /datasets/pentschev/miniconda3/envs/gdf/bin/python(+0x12827a) [0x55ace6cfd27a]
47  /datasets/pentschev/miniconda3/envs/gdf/bin/python(_PyFunction_Vectorcall+0xd5) [0x55ace6d0ec05]
48  /datasets/pentschev/miniconda3/envs/gdf/bin/python(_PyEval_EvalFrameDefault+0x68b) [0x55ace6cfe81b]
49  /datasets/pentschev/miniconda3/envs/gdf/bin/python(+0x139ef3) [0x55ace6d0eef3]
50  /datasets/pentschev/miniconda3/envs/gdf/bin/python(_PyEval_EvalFrameDefault+0x3d8) [0x55ace6cfe568]
51  /datasets/pentschev/miniconda3/envs/gdf/bin/python(+0x12827a) [0x55ace6cfd27a]
52  /datasets/pentschev/miniconda3/envs/gdf/bin/python(_PyFunction_Vectorcall+0xd5) [0x55ace6d0ec05]
53  /datasets/pentschev/miniconda3/envs/gdf/bin/python(_PyEval_EvalFrameDefault+0x123b) [0x55ace6cff3cb]
54  /datasets/pentschev/miniconda3/envs/gdf/bin/python(+0x12827a) [0x55ace6cfd27a]
55  /datasets/pentschev/miniconda3/envs/gdf/bin/python(_PyEval_EvalCodeWithName+0x47) [0x55ace6cfcf07]
56  /datasets/pentschev/miniconda3/envs/gdf/bin/python(PyEval_EvalCodeEx+0x39) [0x55ace6cfceb9]
57  /datasets/pentschev/miniconda3/envs/gdf/bin/python(PyEval_EvalCode+0x1b) [0x55ace6dad8bb]
58  /datasets/pentschev/miniconda3/envs/gdf/bin/python(+0x206adc) [0x55ace6ddbadc]
59  /datasets/pentschev/miniconda3/envs/gdf/bin/python(+0x202c24) [0x55ace6dd7c24]
60  /datasets/pentschev/miniconda3/envs/gdf/bin/python(PyRun_StringFlags+0x9d) [0x55ace6dcf7ed]
61  /datasets/pentschev/miniconda3/envs/gdf/bin/python(PyRun_SimpleStringFlags+0x3d) [0x55ace6dcf6bd]
=================================
[dgx13:28851:0:28851] Caught signal 11 (Segmentation fault: address not mapped to object at address 0x448)
==== backtrace (tid:  28851) ====
 0  /datasets/pentschev/miniconda3/envs/gdf/lib/libucs.so.0(ucs_handle_error+0x2d4) [0x7f7db8bed4f4]
 1  /datasets/pentschev/miniconda3/envs/gdf/lib/libucs.so.0(+0x2e6cf) [0x7f7db8bed6cf]
 2  /datasets/pentschev/miniconda3/envs/gdf/lib/libucs.so.0(+0x2e9f4) [0x7f7db8bed9f4]
 3  /lib/x86_64-linux-gnu/libpthread.so.0(+0x12980) [0x7f7e3c395980]
 4  /datasets/pentschev/miniconda3/envs/gdf/lib/libucp.so.0(ucp_mem_type_unpack+0x14) [0x7f7db8e76584]
 5  /datasets/pentschev/miniconda3/envs/gdf/lib/libucp.so.0(ucp_rndv_data_handler+0x508) [0x7f7db8eaa428]
 6  /datasets/pentschev/miniconda3/envs/gdf/lib/libuct.so.0(+0x20b1f) [0x7f7db89a1b1f]
 7  /datasets/pentschev/miniconda3/envs/gdf/lib/libuct.so.0(+0x210f4) [0x7f7db89a20f4]
 8  /datasets/pentschev/miniconda3/envs/gdf/lib/libuct.so.0(+0x23548) [0x7f7db89a4548]
 9  /datasets/pentschev/miniconda3/envs/gdf/lib/libucs.so.0(ucs_event_set_wait+0xb9) [0x7f7db8bf7bc9]
10  /datasets/pentschev/miniconda3/envs/gdf/lib/libuct.so.0(uct_tcp_iface_progress+0x7b) [0x7f7db89a45eb]
11  /datasets/pentschev/miniconda3/envs/gdf/lib/libucp.so.0(ucp_worker_progress+0x6a) [0x7f7db8e72b4a]
12  /datasets/pentschev/miniconda3/envs/gdf/lib/python3.9/site-packages/ucp/_libs/ucx_api.cpython-39-x86_64-linux-gnu.so(+0x26c79) [0x7f7db9130c79]
13  /datasets/pentschev/miniconda3/envs/gdf/bin/python(+0x13eb08) [0x5560b421ab08]
14  /datasets/pentschev/miniconda3/envs/gdf/bin/python(_PyEval_EvalFrameDefault+0x5f82) [0x5560b420b112]
15  /datasets/pentschev/miniconda3/envs/gdf/bin/python(+0x12827a) [0x5560b420427a]
16  /datasets/pentschev/miniconda3/envs/gdf/bin/python(_PyFunction_Vectorcall+0xd5) [0x5560b4215c05]
17  /datasets/pentschev/miniconda3/envs/gdf/bin/python(_PyEval_EvalFrameDefault+0x68b) [0x5560b420581b]
18  /datasets/pentschev/miniconda3/envs/gdf/bin/python(+0x139ef3) [0x5560b4215ef3]
19  /datasets/pentschev/miniconda3/envs/gdf/bin/python(+0x147a16) [0x5560b4223a16]
20  /datasets/pentschev/miniconda3/envs/gdf/bin/python(+0x2579b1) [0x5560b43339b1]
21  /datasets/pentschev/miniconda3/envs/gdf/bin/python(+0xe5817) [0x5560b41c1817]
22  /datasets/pentschev/miniconda3/envs/gdf/bin/python(+0x130f83) [0x5560b420cf83]
23  /datasets/pentschev/miniconda3/envs/gdf/bin/python(_PyEval_EvalFrameDefault+0x5ba6) [0x5560b420ad36]
24  /datasets/pentschev/miniconda3/envs/gdf/bin/python(+0x139ef3) [0x5560b4215ef3]
25  /datasets/pentschev/miniconda3/envs/gdf/bin/python(_PyEval_EvalFrameDefault+0x68b) [0x5560b420581b]
26  /datasets/pentschev/miniconda3/envs/gdf/bin/python(+0x139ef3) [0x5560b4215ef3]
27  /datasets/pentschev/miniconda3/envs/gdf/bin/python(_PyEval_EvalFrameDefault+0x68b) [0x5560b420581b]
28  /datasets/pentschev/miniconda3/envs/gdf/bin/python(+0x139ef3) [0x5560b4215ef3]
29  /datasets/pentschev/miniconda3/envs/gdf/bin/python(_PyEval_EvalFrameDefault+0x68b) [0x5560b420581b]
30  /datasets/pentschev/miniconda3/envs/gdf/bin/python(+0x139ef3) [0x5560b4215ef3]
31  /datasets/pentschev/miniconda3/envs/gdf/bin/python(_PyEval_EvalFrameDefault+0x68b) [0x5560b420581b]
32  /datasets/pentschev/miniconda3/envs/gdf/bin/python(+0x12827a) [0x5560b420427a]
33  /datasets/pentschev/miniconda3/envs/gdf/bin/python(_PyFunction_Vectorcall+0xd5) [0x5560b4215c05]
34  /datasets/pentschev/miniconda3/envs/gdf/bin/python(_PyEval_EvalFrameDefault+0x4e17) [0x5560b4209fa7]
35  /datasets/pentschev/miniconda3/envs/gdf/bin/python(+0x12827a) [0x5560b420427a]
36  /datasets/pentschev/miniconda3/envs/gdf/bin/python(+0x147935) [0x5560b4223935]
37  /datasets/pentschev/miniconda3/envs/gdf/bin/python(PyObject_Call+0xb4) [0x5560b4224104]
38  /datasets/pentschev/miniconda3/envs/gdf/bin/python(+0x20efc8) [0x5560b42eafc8]
39  /datasets/pentschev/miniconda3/envs/gdf/bin/python(_PyObject_MakeTpCall+0x2fc) [0x5560b420e2bc]
40  /datasets/pentschev/miniconda3/envs/gdf/bin/python(_PyEval_EvalFrameDefault+0x402b) [0x5560b42091bb]
41  /datasets/pentschev/miniconda3/envs/gdf/bin/python(+0x139ef3) [0x5560b4215ef3]
42  /datasets/pentschev/miniconda3/envs/gdf/bin/python(+0x147c72) [0x5560b4223c72]
43  /datasets/pentschev/miniconda3/envs/gdf/bin/python(_PyEval_EvalFrameDefault+0x402b) [0x5560b42091bb]
44  /datasets/pentschev/miniconda3/envs/gdf/bin/python(+0x139ef3) [0x5560b4215ef3]
45  /datasets/pentschev/miniconda3/envs/gdf/bin/python(_PyEval_EvalFrameDefault+0x68b) [0x5560b420581b]
46  /datasets/pentschev/miniconda3/envs/gdf/bin/python(+0x12827a) [0x5560b420427a]
47  /datasets/pentschev/miniconda3/envs/gdf/bin/python(_PyFunction_Vectorcall+0xd5) [0x5560b4215c05]
48  /datasets/pentschev/miniconda3/envs/gdf/bin/python(_PyEval_EvalFrameDefault+0x68b) [0x5560b420581b]
49  /datasets/pentschev/miniconda3/envs/gdf/bin/python(+0x139ef3) [0x5560b4215ef3]
50  /datasets/pentschev/miniconda3/envs/gdf/bin/python(_PyEval_EvalFrameDefault+0x3d8) [0x5560b4205568]
51  /datasets/pentschev/miniconda3/envs/gdf/bin/python(+0x12827a) [0x5560b420427a]
52  /datasets/pentschev/miniconda3/envs/gdf/bin/python(_PyFunction_Vectorcall+0xd5) [0x5560b4215c05]
53  /datasets/pentschev/miniconda3/envs/gdf/bin/python(_PyEval_EvalFrameDefault+0x123b) [0x5560b42063cb]
54  /datasets/pentschev/miniconda3/envs/gdf/bin/python(+0x12827a) [0x5560b420427a]
55  /datasets/pentschev/miniconda3/envs/gdf/bin/python(_PyEval_EvalCodeWithName+0x47) [0x5560b4203f07]
56  /datasets/pentschev/miniconda3/envs/gdf/bin/python(PyEval_EvalCodeEx+0x39) [0x5560b4203eb9]
57  /datasets/pentschev/miniconda3/envs/gdf/bin/python(PyEval_EvalCode+0x1b) [0x5560b42b48bb]
58  /datasets/pentschev/miniconda3/envs/gdf/bin/python(+0x206adc) [0x5560b42e2adc]
59  /datasets/pentschev/miniconda3/envs/gdf/bin/python(+0x202c24) [0x5560b42dec24]
60  /datasets/pentschev/miniconda3/envs/gdf/bin/python(PyRun_StringFlags+0x9d) [0x5560b42d67ed]
61  /datasets/pentschev/miniconda3/envs/gdf/bin/python(PyRun_SimpleStringFlags+0x3d) [0x5560b42d66bd]
=================================
[dgx13:28844:0:28844] Caught signal 11 (Segmentation fault: address not mapped to object at address 0x448)
==== backtrace (tid:  28844) ====
 0  /datasets/pentschev/miniconda3/envs/gdf/lib/libucs.so.0(ucs_handle_error+0x2d4) [0x7f83c903b4f4]
 1  /datasets/pentschev/miniconda3/envs/gdf/lib/libucs.so.0(+0x2e6cf) [0x7f83c903b6cf]
 2  /datasets/pentschev/miniconda3/envs/gdf/lib/libucs.so.0(+0x2e9f4) [0x7f83c903b9f4]
 3  /lib/x86_64-linux-gnu/libpthread.so.0(+0x12980) [0x7f843e7a5980]
 4  /datasets/pentschev/miniconda3/envs/gdf/lib/libucp.so.0(ucp_mem_type_unpack+0x14) [0x7f83c92c4584]
 5  /datasets/pentschev/miniconda3/envs/gdf/lib/libucp.so.0(ucp_rndv_data_handler+0x508) [0x7f83c92f8428]
 6  /datasets/pentschev/miniconda3/envs/gdf/lib/libuct.so.0(+0x20b1f) [0x7f83c8defb1f]
 7  /datasets/pentschev/miniconda3/envs/gdf/lib/libuct.so.0(+0x210f4) [0x7f83c8df00f4]
 8  /datasets/pentschev/miniconda3/envs/gdf/lib/libuct.so.0(+0x23548) [0x7f83c8df2548]
 9  /datasets/pentschev/miniconda3/envs/gdf/lib/libucs.so.0(ucs_event_set_wait+0xb9) [0x7f83c9045bc9]
10  /datasets/pentschev/miniconda3/envs/gdf/lib/libuct.so.0(uct_tcp_iface_progress+0x7b) [0x7f83c8df25eb]
11  /datasets/pentschev/miniconda3/envs/gdf/lib/libucp.so.0(ucp_worker_progress+0x6a) [0x7f83c92c0b4a]
12  /datasets/pentschev/miniconda3/envs/gdf/lib/python3.9/site-packages/ucp/_libs/ucx_api.cpython-39-x86_64-linux-gnu.so(+0x26c79) [0x7f83c957ec79]
13  /datasets/pentschev/miniconda3/envs/gdf/bin/python(+0x13eb08) [0x56118f2e9b08]
14  /datasets/pentschev/miniconda3/envs/gdf/bin/python(_PyEval_EvalFrameDefault+0x5f82) [0x56118f2da112]
15  /datasets/pentschev/miniconda3/envs/gdf/bin/python(+0x12827a) [0x56118f2d327a]
16  /datasets/pentschev/miniconda3/envs/gdf/bin/python(_PyFunction_Vectorcall+0xd5) [0x56118f2e4c05]
17  /datasets/pentschev/miniconda3/envs/gdf/bin/python(_PyEval_EvalFrameDefault+0x68b) [0x56118f2d481b]
18  /datasets/pentschev/miniconda3/envs/gdf/bin/python(+0x139ef3) [0x56118f2e4ef3]
19  /datasets/pentschev/miniconda3/envs/gdf/bin/python(+0x147a16) [0x56118f2f2a16]
20  /datasets/pentschev/miniconda3/envs/gdf/bin/python(+0x2579b1) [0x56118f4029b1]
21  /datasets/pentschev/miniconda3/envs/gdf/bin/python(+0xe5817) [0x56118f290817]
22  /datasets/pentschev/miniconda3/envs/gdf/bin/python(+0x130f83) [0x56118f2dbf83]
23  /datasets/pentschev/miniconda3/envs/gdf/bin/python(_PyEval_EvalFrameDefault+0x5ba6) [0x56118f2d9d36]
24  /datasets/pentschev/miniconda3/envs/gdf/bin/python(+0x139ef3) [0x56118f2e4ef3]
25  /datasets/pentschev/miniconda3/envs/gdf/bin/python(_PyEval_EvalFrameDefault+0x68b) [0x56118f2d481b]
26  /datasets/pentschev/miniconda3/envs/gdf/bin/python(+0x139ef3) [0x56118f2e4ef3]
27  /datasets/pentschev/miniconda3/envs/gdf/bin/python(_PyEval_EvalFrameDefault+0x68b) [0x56118f2d481b]
28  /datasets/pentschev/miniconda3/envs/gdf/bin/python(+0x139ef3) [0x56118f2e4ef3]
29  /datasets/pentschev/miniconda3/envs/gdf/bin/python(_PyEval_EvalFrameDefault+0x68b) [0x56118f2d481b]
30  /datasets/pentschev/miniconda3/envs/gdf/bin/python(+0x139ef3) [0x56118f2e4ef3]
31  /datasets/pentschev/miniconda3/envs/gdf/bin/python(_PyEval_EvalFrameDefault+0x68b) [0x56118f2d481b]
32  /datasets/pentschev/miniconda3/envs/gdf/bin/python(+0x12827a) [0x56118f2d327a]
33  /datasets/pentschev/miniconda3/envs/gdf/bin/python(_PyFunction_Vectorcall+0xd5) [0x56118f2e4c05]
34  /datasets/pentschev/miniconda3/envs/gdf/bin/python(_PyEval_EvalFrameDefault+0x4e17) [0x56118f2d8fa7]
35  /datasets/pentschev/miniconda3/envs/gdf/bin/python(+0x12827a) [0x56118f2d327a]
36  /datasets/pentschev/miniconda3/envs/gdf/bin/python(+0x147935) [0x56118f2f2935]
37  /datasets/pentschev/miniconda3/envs/gdf/bin/python(PyObject_Call+0xb4) [0x56118f2f3104]
38  /datasets/pentschev/miniconda3/envs/gdf/bin/python(+0x20efc8) [0x56118f3b9fc8]
39  /datasets/pentschev/miniconda3/envs/gdf/bin/python(_PyObject_MakeTpCall+0x2fc) [0x56118f2dd2bc]
40  /datasets/pentschev/miniconda3/envs/gdf/bin/python(_PyEval_EvalFrameDefault+0x402b) [0x56118f2d81bb]
41  /datasets/pentschev/miniconda3/envs/gdf/bin/python(+0x139ef3) [0x56118f2e4ef3]
42  /datasets/pentschev/miniconda3/envs/gdf/bin/python(+0x147c72) [0x56118f2f2c72]
43  /datasets/pentschev/miniconda3/envs/gdf/bin/python(_PyEval_EvalFrameDefault+0x402b) [0x56118f2d81bb]
44  /datasets/pentschev/miniconda3/envs/gdf/bin/python(+0x139ef3) [0x56118f2e4ef3]
45  /datasets/pentschev/miniconda3/envs/gdf/bin/python(_PyEval_EvalFrameDefault+0x68b) [0x56118f2d481b]
46  /datasets/pentschev/miniconda3/envs/gdf/bin/python(+0x12827a) [0x56118f2d327a]
47  /datasets/pentschev/miniconda3/envs/gdf/bin/python(_PyFunction_Vectorcall+0xd5) [0x56118f2e4c05]
48  /datasets/pentschev/miniconda3/envs/gdf/bin/python(_PyEval_EvalFrameDefault+0x68b) [0x56118f2d481b]
49  /datasets/pentschev/miniconda3/envs/gdf/bin/python(+0x139ef3) [0x56118f2e4ef3]
50  /datasets/pentschev/miniconda3/envs/gdf/bin/python(_PyEval_EvalFrameDefault+0x3d8) [0x56118f2d4568]
51  /datasets/pentschev/miniconda3/envs/gdf/bin/python(+0x12827a) [0x56118f2d327a]
52  /datasets/pentschev/miniconda3/envs/gdf/bin/python(_PyFunction_Vectorcall+0xd5) [0x56118f2e4c05]
53  /datasets/pentschev/miniconda3/envs/gdf/bin/python(_PyEval_EvalFrameDefault+0x123b) [0x56118f2d53cb]
54  /datasets/pentschev/miniconda3/envs/gdf/bin/python(+0x12827a) [0x56118f2d327a]
55  /datasets/pentschev/miniconda3/envs/gdf/bin/python(_PyEval_EvalCodeWithName+0x47) [0x56118f2d2f07]
56  /datasets/pentschev/miniconda3/envs/gdf/bin/python(PyEval_EvalCodeEx+0x39) [0x56118f2d2eb9]
57  /datasets/pentschev/miniconda3/envs/gdf/bin/python(PyEval_EvalCode+0x1b) [0x56118f3838bb]
58  /datasets/pentschev/miniconda3/envs/gdf/bin/python(+0x206adc) [0x56118f3b1adc]
59  /datasets/pentschev/miniconda3/envs/gdf/bin/python(+0x202c24) [0x56118f3adc24]
60  /datasets/pentschev/miniconda3/envs/gdf/bin/python(PyRun_StringFlags+0x9d) [0x56118f3a57ed]
61  /datasets/pentschev/miniconda3/envs/gdf/bin/python(PyRun_SimpleStringFlags+0x3d) [0x56118f3a56bd]
=================================
Task exception was never retrieved
future: <Task finished name='Task-368' coro=<_listener_handler_coroutine() done, defined at /datasets/pentschev/miniconda3/envs/gdf/lib/python3.9/site-packages/ucp/core.py:128> exception=UCXError('<stream_recv>: Connection reset by remote peer')>
Traceback (most recent call last):
  File "/datasets/pentschev/miniconda3/envs/gdf/lib/python3.9/site-packages/ucp/core.py", line 143, in _listener_handler_coroutine
    peer_info = await exchange_peer_info(
  File "/datasets/pentschev/miniconda3/envs/gdf/lib/python3.9/site-packages/ucp/core.py", line 52, in exchange_peer_info
    await comm.stream_recv(endpoint, peer_info_arr, peer_info_arr.nbytes)
ucp._libs.exceptions.UCXError: <stream_recv>: Connection reset by remote peer
2023-02-08 01:06:32,461 - distributed.worker - ERROR - failed during get data with ucx://127.0.0.1:53267 -> ucx://127.0.0.1:43163
Traceback (most recent call last):
  File "/datasets/pentschev/miniconda3/envs/gdf/lib/python3.9/site-packages/distributed/comm/ucx.py", line 333, in write
    await self.ep.send(each_frame)
  File "/datasets/pentschev/miniconda3/envs/gdf/lib/python3.9/site-packages/ucp/core.py", line 650, in send
    return await comm.tag_send(self._ep, buffer, nbytes, tag, name=log)
ucp._libs.exceptions.UCXError: <[Send #007] ep: 0x7fe3c4151280, tag: 0xa1040c888adef5a3, nbytes: 50000000, type: <class 'cupy.ndarray'>>: Connection reset by remote peer

During handling of the above exception, another exception occurred:

Traceback (most recent call last):
  File "/datasets/pentschev/miniconda3/envs/gdf/lib/python3.9/site-packages/distributed/worker.py", line 1766, in get_data
    compressed = await comm.write(msg, serializers=serializers)
  File "/datasets/pentschev/miniconda3/envs/gdf/lib/python3.9/site-packages/distributed/utils.py", line 741, in wrapper
    return await func(*args, **kwargs)
  File "/datasets/pentschev/miniconda3/envs/gdf/lib/python3.9/site-packages/distributed/comm/ucx.py", line 337, in write
    raise CommClosedError("While writing, the connection was closed")
distributed.comm.core.CommClosedError: While writing, the connection was closed
2023-02-08 01:06:32,462 - distributed.worker - ERROR - Worker stream died during communication: ucx://127.0.0.1:43163
Traceback (most recent call last):
  File "/datasets/pentschev/miniconda3/envs/gdf/lib/python3.9/site-packages/distributed/comm/ucx.py", line 349, in read
    await self.ep.recv(msg)
  File "/datasets/pentschev/miniconda3/envs/gdf/lib/python3.9/site-packages/ucp/core.py", line 725, in recv
    ret = await comm.tag_recv(self._ep, buffer, nbytes, tag, name=log)
ucp._libs.exceptions.UCXCanceled: <[Recv #000] ep: 0x7f9e10112100, tag: 0xcec63bbd3db92c74, nbytes: 16, type: <class 'numpy.ndarray'>>: 

During handling of the above exception, another exception occurred:

Traceback (most recent call last):
  File "/datasets/pentschev/miniconda3/envs/gdf/lib/python3.9/site-packages/distributed/comm/core.py", line 328, in connect
    handshake = await asyncio.wait_for(comm.read(), time_left())
  File "/datasets/pentschev/miniconda3/envs/gdf/lib/python3.9/asyncio/tasks.py", line 479, in wait_for
    return fut.result()
  File "/datasets/pentschev/miniconda3/envs/gdf/lib/python3.9/site-packages/distributed/utils.py", line 741, in wrapper
    return await func(*args, **kwargs)
  File "/datasets/pentschev/miniconda3/envs/gdf/lib/python3.9/site-packages/distributed/comm/ucx.py", line 367, in read
    raise CommClosedError(
distributed.comm.core.CommClosedError: Connection closed by writer.
Inner exception: UCXCanceled("<[Recv #000] ep: 0x7f9e10112100, tag: 0xcec63bbd3db92c74, nbytes: 16, type: <class 'numpy.ndarray'>>: ")

The above exception was the direct cause of the following exception:

Traceback (most recent call last):
  File "/datasets/pentschev/miniconda3/envs/gdf/lib/python3.9/site-packages/distributed/worker.py", line 2058, in gather_dep
    response = await get_data_from_worker(
  File "/datasets/pentschev/miniconda3/envs/gdf/lib/python3.9/site-packages/distributed/worker.py", line 2872, in get_data_from_worker
    return await retry_operation(_get_data, operation="get_data_from_worker")
  File "/datasets/pentschev/miniconda3/envs/gdf/lib/python3.9/site-packages/distributed/utils_comm.py", line 419, in retry_operation
    return await retry(
  File "/datasets/pentschev/miniconda3/envs/gdf/lib/python3.9/site-packages/distributed/utils_comm.py", line 404, in retry
    return await coro()
  File "/datasets/pentschev/miniconda3/envs/gdf/lib/python3.9/site-packages/distributed/worker.py", line 2849, in _get_data
    comm = await rpc.connect(worker)
  File "/datasets/pentschev/miniconda3/envs/gdf/lib/python3.9/site-packages/distributed/core.py", line 1439, in connect
    return await connect_attempt
  File "/datasets/pentschev/miniconda3/envs/gdf/lib/python3.9/site-packages/distributed/core.py", line 1375, in _connect
    comm = await connect(
  File "/datasets/pentschev/miniconda3/envs/gdf/lib/python3.9/site-packages/distributed/comm/core.py", line 333, in connect
    raise OSError(
OSError: Timed out during handshake while connecting to ucx://127.0.0.1:43163 after 30 s
2023-02-08 01:06:32,470 - distributed.worker - ERROR - failed during get data with ucx://127.0.0.1:53267 -> ucx://127.0.0.1:58747
Traceback (most recent call last):
  File "/datasets/pentschev/miniconda3/envs/gdf/lib/python3.9/site-packages/distributed/comm/ucx.py", line 349, in read
    await self.ep.recv(msg)
  File "/datasets/pentschev/miniconda3/envs/gdf/lib/python3.9/site-packages/ucp/core.py", line 725, in recv
    ret = await comm.tag_recv(self._ep, buffer, nbytes, tag, name=log)
ucp._libs.exceptions.UCXCanceled: <[Recv #006] ep: 0x7fe3c4151200, tag: 0x1a26436a7902a76c, nbytes: 16, type: <class 'numpy.ndarray'>>: 

During handling of the above exception, another exception occurred:

Traceback (most recent call last):
  File "/datasets/pentschev/miniconda3/envs/gdf/lib/python3.9/site-packages/distributed/worker.py", line 1767, in get_data
    response = await comm.read(deserializers=serializers)
  File "/datasets/pentschev/miniconda3/envs/gdf/lib/python3.9/site-packages/distributed/utils.py", line 741, in wrapper
    return await func(*args, **kwargs)
  File "/datasets/pentschev/miniconda3/envs/gdf/lib/python3.9/site-packages/distributed/comm/ucx.py", line 367, in read
    raise CommClosedError(
distributed.comm.core.CommClosedError: Connection closed by writer.
Inner exception: UCXCanceled("<[Recv #006] ep: 0x7fe3c4151200, tag: 0x1a26436a7902a76c, nbytes: 16, type: <class 'numpy.ndarray'>>: ")
2023-02-08 01:06:32,471 - distributed.worker - ERROR - failed during get data with ucx://127.0.0.1:40241 -> ucx://127.0.0.1:58747
Traceback (most recent call last):
  File "/datasets/pentschev/miniconda3/envs/gdf/lib/python3.9/site-packages/distributed/comm/ucx.py", line 333, in write
    await self.ep.send(each_frame)
  File "/datasets/pentschev/miniconda3/envs/gdf/lib/python3.9/site-packages/ucp/core.py", line 650, in send
    return await comm.tag_send(self._ep, buffer, nbytes, tag, name=log)
ucp._libs.exceptions.UCXError: <[Send #007] ep: 0x7f9e101121c0, tag: 0x60dd31a112bac54f, nbytes: 50000000, type: <class 'cupy.ndarray'>>: Connection reset by remote peer

During handling of the above exception, another exception occurred:

Traceback (most recent call last):
  File "/datasets/pentschev/miniconda3/envs/gdf/lib/python3.9/site-packages/distributed/worker.py", line 1766, in get_data
    compressed = await comm.write(msg, serializers=serializers)
  File "/datasets/pentschev/miniconda3/envs/gdf/lib/python3.9/site-packages/distributed/utils.py", line 741, in wrapper
    return await func(*args, **kwargs)
  File "/datasets/pentschev/miniconda3/envs/gdf/lib/python3.9/site-packages/distributed/comm/ucx.py", line 337, in write
    raise CommClosedError("While writing, the connection was closed")
distributed.comm.core.CommClosedError: While writing, the connection was closed
Task exception was never retrieved
future: <Task finished name='Task-385' coro=<_listener_handler_coroutine() done, defined at /datasets/pentschev/miniconda3/envs/gdf/lib/python3.9/site-packages/ucp/core.py:128> exception=UCXError('<stream_send>: Connection reset by remote peer')>
Traceback (most recent call last):
  File "/datasets/pentschev/miniconda3/envs/gdf/lib/python3.9/site-packages/ucp/core.py", line 143, in _listener_handler_coroutine
    peer_info = await exchange_peer_info(
  File "/datasets/pentschev/miniconda3/envs/gdf/lib/python3.9/site-packages/ucp/core.py", line 51, in exchange_peer_info
    await comm.stream_send(endpoint, my_info_arr, my_info_arr.nbytes)
ucp._libs.exceptions.UCXError: <stream_send>: Connection reset by remote peer
2023-02-08 01:06:32,470 - distributed.worker - ERROR - Worker stream died during communication: ucx://127.0.0.1:58747
Traceback (most recent call last):
  File "/datasets/pentschev/miniconda3/envs/gdf/lib/python3.9/site-packages/distributed/comm/ucx.py", line 349, in read
    await self.ep.recv(msg)
  File "/datasets/pentschev/miniconda3/envs/gdf/lib/python3.9/site-packages/ucp/core.py", line 725, in recv
    ret = await comm.tag_recv(self._ep, buffer, nbytes, tag, name=log)
ucp._libs.exceptions.UCXCanceled: <[Recv #003] ep: 0x7fe950a74200, tag: 0x50796c65c4827aed, nbytes: 16, type: <class 'numpy.ndarray'>>: 

During handling of the above exception, another exception occurred:

Traceback (most recent call last):
  File "/datasets/pentschev/miniconda3/envs/gdf/lib/python3.9/site-packages/distributed/worker.py", line 2058, in gather_dep
    response = await get_data_from_worker(
  File "/datasets/pentschev/miniconda3/envs/gdf/lib/python3.9/site-packages/distributed/worker.py", line 2872, in get_data_from_worker
    return await retry_operation(_get_data, operation="get_data_from_worker")
  File "/datasets/pentschev/miniconda3/envs/gdf/lib/python3.9/site-packages/distributed/utils_comm.py", line 419, in retry_operation
    return await retry(
  File "/datasets/pentschev/miniconda3/envs/gdf/lib/python3.9/site-packages/distributed/utils_comm.py", line 404, in retry
    return await coro()
  File "/datasets/pentschev/miniconda3/envs/gdf/lib/python3.9/site-packages/distributed/worker.py", line 2852, in _get_data
    response = await send_recv(
  File "/datasets/pentschev/miniconda3/envs/gdf/lib/python3.9/site-packages/distributed/core.py", line 986, in send_recv
    response = await comm.read(deserializers=deserializers)
  File "/datasets/pentschev/miniconda3/envs/gdf/lib/python3.9/site-packages/distributed/utils.py", line 741, in wrapper
    return await func(*args, **kwargs)
  File "/datasets/pentschev/miniconda3/envs/gdf/lib/python3.9/site-packages/distributed/comm/ucx.py", line 367, in read
    raise CommClosedError(
distributed.comm.core.CommClosedError: Connection closed by writer.
Inner exception: UCXCanceled("<[Recv #003] ep: 0x7fe950a74200, tag: 0x50796c65c4827aed, nbytes: 16, type: <class 'numpy.ndarray'>>: ")
2023-02-08 01:06:32,480 - distributed.worker - ERROR - Worker stream died during communication: ucx://127.0.0.1:58747
Traceback (most recent call last):
  File "/datasets/pentschev/miniconda3/envs/gdf/lib/python3.9/site-packages/distributed/worker.py", line 2058, in gather_dep
    response = await get_data_from_worker(
  File "/datasets/pentschev/miniconda3/envs/gdf/lib/python3.9/site-packages/distributed/worker.py", line 2872, in get_data_from_worker
    return await retry_operation(_get_data, operation="get_data_from_worker")
  File "/datasets/pentschev/miniconda3/envs/gdf/lib/python3.9/site-packages/distributed/utils_comm.py", line 419, in retry_operation
    return await retry(
  File "/datasets/pentschev/miniconda3/envs/gdf/lib/python3.9/site-packages/distributed/utils_comm.py", line 404, in retry
    return await coro()
  File "/datasets/pentschev/miniconda3/envs/gdf/lib/python3.9/site-packages/distributed/worker.py", line 2867, in _get_data
    await comm.write("OK")
  File "/datasets/pentschev/miniconda3/envs/gdf/lib/python3.9/site-packages/distributed/utils.py", line 741, in wrapper
    return await func(*args, **kwargs)
  File "/datasets/pentschev/miniconda3/envs/gdf/lib/python3.9/site-packages/distributed/comm/ucx.py", line 289, in write
    raise CommClosedError("Endpoint is closed -- unable to send message")
distributed.comm.core.CommClosedError: Endpoint is closed -- unable to send message
2023-02-08 01:06:32,492 - distributed.worker - ERROR - Worker stream died during communication: ucx://127.0.0.1:41293
Traceback (most recent call last):
  File "/datasets/pentschev/miniconda3/envs/gdf/lib/python3.9/site-packages/distributed/comm/ucx.py", line 349, in read
    await self.ep.recv(msg)
  File "/datasets/pentschev/miniconda3/envs/gdf/lib/python3.9/site-packages/ucp/core.py", line 725, in recv
    ret = await comm.tag_recv(self._ep, buffer, nbytes, tag, name=log)
ucp._libs.exceptions.UCXCanceled: <[Recv #008] ep: 0x7f58ac0b5140, tag: 0xd4b7b7e89658f36a, nbytes: 16, type: <class 'numpy.ndarray'>>: 

During handling of the above exception, another exception occurred:

Traceback (most recent call last):
  File "/datasets/pentschev/miniconda3/envs/gdf/lib/python3.9/site-packages/distributed/worker.py", line 2058, in gather_dep
    response = await get_data_from_worker(
  File "/datasets/pentschev/miniconda3/envs/gdf/lib/python3.9/site-packages/distributed/worker.py", line 2872, in get_data_from_worker
    return await retry_operation(_get_data, operation="get_data_from_worker")
  File "/datasets/pentschev/miniconda3/envs/gdf/lib/python3.9/site-packages/distributed/utils_comm.py", line 419, in retry_operation
    return await retry(
  File "/datasets/pentschev/miniconda3/envs/gdf/lib/python3.9/site-packages/distributed/utils_comm.py", line 404, in retry
    return await coro()
  File "/datasets/pentschev/miniconda3/envs/gdf/lib/python3.9/site-packages/distributed/worker.py", line 2852, in _get_data
    response = await send_recv(
  File "/datasets/pentschev/miniconda3/envs/gdf/lib/python3.9/site-packages/distributed/core.py", line 986, in send_recv
    response = await comm.read(deserializers=deserializers)
  File "/datasets/pentschev/miniconda3/envs/gdf/lib/python3.9/site-packages/distributed/utils.py", line 741, in wrapper
    return await func(*args, **kwargs)
  File "/datasets/pentschev/miniconda3/envs/gdf/lib/python3.9/site-packages/distributed/comm/ucx.py", line 367, in read
    raise CommClosedError(
distributed.comm.core.CommClosedError: Connection closed by writer.
Inner exception: UCXCanceled("<[Recv #008] ep: 0x7f58ac0b5140, tag: 0xd4b7b7e89658f36a, nbytes: 16, type: <class 'numpy.ndarray'>>: ")
2023-02-08 01:06:32,495 - distributed.worker - ERROR - Worker stream died during communication: ucx://127.0.0.1:41293
Traceback (most recent call last):
  File "/datasets/pentschev/miniconda3/envs/gdf/lib/python3.9/site-packages/distributed/comm/ucx.py", line 349, in read
    await self.ep.recv(msg)
  File "/datasets/pentschev/miniconda3/envs/gdf/lib/python3.9/site-packages/ucp/core.py", line 725, in recv
    ret = await comm.tag_recv(self._ep, buffer, nbytes, tag, name=log)
ucp._libs.exceptions.UCXCanceled: <[Recv #003] ep: 0x7fe3c4151180, tag: 0x433d9f80065e8fdd, nbytes: 16, type: <class 'numpy.ndarray'>>: 

During handling of the above exception, another exception occurred:

Traceback (most recent call last):
  File "/datasets/pentschev/miniconda3/envs/gdf/lib/python3.9/site-packages/distributed/worker.py", line 2058, in gather_dep
    response = await get_data_from_worker(
  File "/datasets/pentschev/miniconda3/envs/gdf/lib/python3.9/site-packages/distributed/worker.py", line 2872, in get_data_from_worker
    return await retry_operation(_get_data, operation="get_data_from_worker")
  File "/datasets/pentschev/miniconda3/envs/gdf/lib/python3.9/site-packages/distributed/utils_comm.py", line 419, in retry_operation
    return await retry(
  File "/datasets/pentschev/miniconda3/envs/gdf/lib/python3.9/site-packages/distributed/utils_comm.py", line 404, in retry
    return await coro()
  File "/datasets/pentschev/miniconda3/envs/gdf/lib/python3.9/site-packages/distributed/worker.py", line 2852, in _get_data
    response = await send_recv(
  File "/datasets/pentschev/miniconda3/envs/gdf/lib/python3.9/site-packages/distributed/core.py", line 986, in send_recv
    response = await comm.read(deserializers=deserializers)
  File "/datasets/pentschev/miniconda3/envs/gdf/lib/python3.9/site-packages/distributed/utils.py", line 741, in wrapper
    return await func(*args, **kwargs)
  File "/datasets/pentschev/miniconda3/envs/gdf/lib/python3.9/site-packages/distributed/comm/ucx.py", line 367, in read
    raise CommClosedError(
distributed.comm.core.CommClosedError: Connection closed by writer.
Inner exception: UCXCanceled("<[Recv #003] ep: 0x7fe3c4151180, tag: 0x433d9f80065e8fdd, nbytes: 16, type: <class 'numpy.ndarray'>>: ")
2023-02-08 01:06:32,529 - distributed.worker - ERROR - failed during get data with ucx://127.0.0.1:40241 -> ucx://127.0.0.1:41293
Traceback (most recent call last):
  File "/datasets/pentschev/miniconda3/envs/gdf/lib/python3.9/site-packages/distributed/comm/ucx.py", line 333, in write
    await self.ep.send(each_frame)
  File "/datasets/pentschev/miniconda3/envs/gdf/lib/python3.9/site-packages/ucp/core.py", line 650, in send
    return await comm.tag_send(self._ep, buffer, nbytes, tag, name=log)
ucp._libs.exceptions.UCXError: <[Send #007] ep: 0x7f9e101122c0, tag: 0xcabb19606900409, nbytes: 50000000, type: <class 'cupy.ndarray'>>: Connection reset by remote peer

During handling of the above exception, another exception occurred:

Traceback (most recent call last):
  File "/datasets/pentschev/miniconda3/envs/gdf/lib/python3.9/site-packages/distributed/worker.py", line 1766, in get_data
    compressed = await comm.write(msg, serializers=serializers)
  File "/datasets/pentschev/miniconda3/envs/gdf/lib/python3.9/site-packages/distributed/utils.py", line 741, in wrapper
    return await func(*args, **kwargs)
  File "/datasets/pentschev/miniconda3/envs/gdf/lib/python3.9/site-packages/distributed/comm/ucx.py", line 337, in write
    raise CommClosedError("While writing, the connection was closed")
distributed.comm.core.CommClosedError: While writing, the connection was closed
2023-02-08 01:06:32,531 - distributed.worker - ERROR - Worker stream died during communication: ucx://127.0.0.1:41293
Traceback (most recent call last):
  File "/datasets/pentschev/miniconda3/envs/gdf/lib/python3.9/site-packages/distributed/comm/ucx.py", line 349, in read
    await self.ep.recv(msg)
  File "/datasets/pentschev/miniconda3/envs/gdf/lib/python3.9/site-packages/ucp/core.py", line 725, in recv
    ret = await comm.tag_recv(self._ep, buffer, nbytes, tag, name=log)
ucp._libs.exceptions.UCXCanceled: <[Recv #003] ep: 0x7fe950a74240, tag: 0x7db37c25a0fc5444, nbytes: 16, type: <class 'numpy.ndarray'>>: 

During handling of the above exception, another exception occurred:

Traceback (most recent call last):
  File "/datasets/pentschev/miniconda3/envs/gdf/lib/python3.9/site-packages/distributed/worker.py", line 2058, in gather_dep
    response = await get_data_from_worker(
  File "/datasets/pentschev/miniconda3/envs/gdf/lib/python3.9/site-packages/distributed/worker.py", line 2872, in get_data_from_worker
    return await retry_operation(_get_data, operation="get_data_from_worker")
  File "/datasets/pentschev/miniconda3/envs/gdf/lib/python3.9/site-packages/distributed/utils_comm.py", line 419, in retry_operation
    return await retry(
  File "/datasets/pentschev/miniconda3/envs/gdf/lib/python3.9/site-packages/distributed/utils_comm.py", line 404, in retry
    return await coro()
  File "/datasets/pentschev/miniconda3/envs/gdf/lib/python3.9/site-packages/distributed/worker.py", line 2852, in _get_data
    response = await send_recv(
  File "/datasets/pentschev/miniconda3/envs/gdf/lib/python3.9/site-packages/distributed/core.py", line 986, in send_recv
    response = await comm.read(deserializers=deserializers)
  File "/datasets/pentschev/miniconda3/envs/gdf/lib/python3.9/site-packages/distributed/utils.py", line 741, in wrapper
    return await func(*args, **kwargs)
  File "/datasets/pentschev/miniconda3/envs/gdf/lib/python3.9/site-packages/distributed/comm/ucx.py", line 367, in read
    raise CommClosedError(
distributed.comm.core.CommClosedError: Connection closed by writer.
Inner exception: UCXCanceled("<[Recv #003] ep: 0x7fe950a74240, tag: 0x7db37c25a0fc5444, nbytes: 16, type: <class 'numpy.ndarray'>>: ")
2023-02-08 01:06:32,536 - distributed.worker - ERROR - Worker stream died during communication: ucx://127.0.0.1:41293
Traceback (most recent call last):
  File "/datasets/pentschev/miniconda3/envs/gdf/lib/python3.9/site-packages/distributed/comm/core.py", line 329, in connect
    await asyncio.wait_for(comm.write(local_info), time_left())
  File "/datasets/pentschev/miniconda3/envs/gdf/lib/python3.9/asyncio/tasks.py", line 479, in wait_for
    return fut.result()
  File "/datasets/pentschev/miniconda3/envs/gdf/lib/python3.9/site-packages/distributed/utils.py", line 741, in wrapper
    return await func(*args, **kwargs)
  File "/datasets/pentschev/miniconda3/envs/gdf/lib/python3.9/site-packages/distributed/comm/ucx.py", line 289, in write
    raise CommClosedError("Endpoint is closed -- unable to send message")
distributed.comm.core.CommClosedError: Endpoint is closed -- unable to send message

The above exception was the direct cause of the following exception:

Traceback (most recent call last):
  File "/datasets/pentschev/miniconda3/envs/gdf/lib/python3.9/site-packages/distributed/worker.py", line 2058, in gather_dep
    response = await get_data_from_worker(
  File "/datasets/pentschev/miniconda3/envs/gdf/lib/python3.9/site-packages/distributed/worker.py", line 2872, in get_data_from_worker
    return await retry_operation(_get_data, operation="get_data_from_worker")
  File "/datasets/pentschev/miniconda3/envs/gdf/lib/python3.9/site-packages/distributed/utils_comm.py", line 419, in retry_operation
    return await retry(
  File "/datasets/pentschev/miniconda3/envs/gdf/lib/python3.9/site-packages/distributed/utils_comm.py", line 404, in retry
    return await coro()
  File "/datasets/pentschev/miniconda3/envs/gdf/lib/python3.9/site-packages/distributed/worker.py", line 2849, in _get_data
    comm = await rpc.connect(worker)
  File "/datasets/pentschev/miniconda3/envs/gdf/lib/python3.9/site-packages/distributed/core.py", line 1439, in connect
    return await connect_attempt
  File "/datasets/pentschev/miniconda3/envs/gdf/lib/python3.9/site-packages/distributed/core.py", line 1375, in _connect
    comm = await connect(
  File "/datasets/pentschev/miniconda3/envs/gdf/lib/python3.9/site-packages/distributed/comm/core.py", line 333, in connect
    raise OSError(
OSError: Timed out during handshake while connecting to ucx://127.0.0.1:41293 after 30 s
2023-02-08 01:06:32,550 - distributed.nanny - WARNING - Restarting worker
2023-02-08 01:06:32,583 - distributed.nanny - WARNING - Restarting worker
2023-02-08 01:06:32,624 - distributed.nanny - WARNING - Restarting worker
2023-02-08 01:06:34,378 - distributed.preloading - INFO - Creating preload: dask_cuda.initialize
2023-02-08 01:06:34,378 - distributed.preloading - INFO - Import preload module: dask_cuda.initialize
2023-02-08 01:06:34,381 - distributed.preloading - INFO - Creating preload: dask_cuda.initialize
2023-02-08 01:06:34,381 - distributed.preloading - INFO - Import preload module: dask_cuda.initialize
2023-02-08 01:06:34,427 - distributed.preloading - INFO - Creating preload: dask_cuda.initialize
2023-02-08 01:06:34,427 - distributed.preloading - INFO - Import preload module: dask_cuda.initialize
2023-02-08 01:07:02,246 - distributed.worker - ERROR - Worker stream died during communication: ucx://127.0.0.1:43163
Traceback (most recent call last):
  File "/datasets/pentschev/miniconda3/envs/gdf/lib/python3.9/site-packages/distributed/comm/ucx.py", line 466, in connect
    ep = await ucp.create_endpoint(ip, port)
  File "/datasets/pentschev/miniconda3/envs/gdf/lib/python3.9/site-packages/ucp/core.py", line 1004, in create_endpoint
    return await _get_ctx().create_endpoint(
  File "/datasets/pentschev/miniconda3/envs/gdf/lib/python3.9/site-packages/ucp/core.py", line 316, in create_endpoint
    peer_info = await exchange_peer_info(
  File "/datasets/pentschev/miniconda3/envs/gdf/lib/python3.9/site-packages/ucp/core.py", line 54, in exchange_peer_info
    await comm.stream_recv(endpoint, peer_info_arr, peer_info_arr.nbytes)
asyncio.exceptions.CancelledError

During handling of the above exception, another exception occurred:

Traceback (most recent call last):
  File "/datasets/pentschev/miniconda3/envs/gdf/lib/python3.9/asyncio/tasks.py", line 490, in wait_for
    return fut.result()
asyncio.exceptions.CancelledError

The above exception was the direct cause of the following exception:

Traceback (most recent call last):
  File "/datasets/pentschev/miniconda3/envs/gdf/lib/python3.9/site-packages/distributed/comm/core.py", line 291, in connect
    comm = await asyncio.wait_for(
  File "/datasets/pentschev/miniconda3/envs/gdf/lib/python3.9/asyncio/tasks.py", line 492, in wait_for
    raise exceptions.TimeoutError() from exc
asyncio.exceptions.TimeoutError

The above exception was the direct cause of the following exception:

Traceback (most recent call last):
  File "/datasets/pentschev/miniconda3/envs/gdf/lib/python3.9/site-packages/distributed/worker.py", line 2058, in gather_dep
    response = await get_data_from_worker(
  File "/datasets/pentschev/miniconda3/envs/gdf/lib/python3.9/site-packages/distributed/worker.py", line 2872, in get_data_from_worker
    return await retry_operation(_get_data, operation="get_data_from_worker")
  File "/datasets/pentschev/miniconda3/envs/gdf/lib/python3.9/site-packages/distributed/utils_comm.py", line 419, in retry_operation
    return await retry(
  File "/datasets/pentschev/miniconda3/envs/gdf/lib/python3.9/site-packages/distributed/utils_comm.py", line 404, in retry
    return await coro()
  File "/datasets/pentschev/miniconda3/envs/gdf/lib/python3.9/site-packages/distributed/worker.py", line 2849, in _get_data
    comm = await rpc.connect(worker)
  File "/datasets/pentschev/miniconda3/envs/gdf/lib/python3.9/site-packages/distributed/core.py", line 1439, in connect
    return await connect_attempt
  File "/datasets/pentschev/miniconda3/envs/gdf/lib/python3.9/site-packages/distributed/core.py", line 1375, in _connect
    comm = await connect(
  File "/datasets/pentschev/miniconda3/envs/gdf/lib/python3.9/site-packages/distributed/comm/core.py", line 317, in connect
    raise OSError(
OSError: Timed out trying to connect to ucx://127.0.0.1:43163 after 30 s
2023-02-08 01:07:02,273 - distributed.worker - ERROR - Worker stream died during communication: ucx://127.0.0.1:58747
Traceback (most recent call last):
  File "/datasets/pentschev/miniconda3/envs/gdf/lib/python3.9/site-packages/distributed/comm/ucx.py", line 466, in connect
    ep = await ucp.create_endpoint(ip, port)
  File "/datasets/pentschev/miniconda3/envs/gdf/lib/python3.9/site-packages/ucp/core.py", line 1004, in create_endpoint
    return await _get_ctx().create_endpoint(
  File "/datasets/pentschev/miniconda3/envs/gdf/lib/python3.9/site-packages/ucp/core.py", line 316, in create_endpoint
    peer_info = await exchange_peer_info(
  File "/datasets/pentschev/miniconda3/envs/gdf/lib/python3.9/site-packages/ucp/core.py", line 54, in exchange_peer_info
    await comm.stream_recv(endpoint, peer_info_arr, peer_info_arr.nbytes)
asyncio.exceptions.CancelledError

During handling of the above exception, another exception occurred:

Traceback (most recent call last):
  File "/datasets/pentschev/miniconda3/envs/gdf/lib/python3.9/asyncio/tasks.py", line 490, in wait_for
    return fut.result()
asyncio.exceptions.CancelledError

The above exception was the direct cause of the following exception:

Traceback (most recent call last):
  File "/datasets/pentschev/miniconda3/envs/gdf/lib/python3.9/site-packages/distributed/comm/core.py", line 291, in connect
    comm = await asyncio.wait_for(
  File "/datasets/pentschev/miniconda3/envs/gdf/lib/python3.9/asyncio/tasks.py", line 492, in wait_for
    raise exceptions.TimeoutError() from exc
asyncio.exceptions.TimeoutError

The above exception was the direct cause of the following exception:

Traceback (most recent call last):
  File "/datasets/pentschev/miniconda3/envs/gdf/lib/python3.9/site-packages/distributed/worker.py", line 2058, in gather_dep
    response = await get_data_from_worker(
  File "/datasets/pentschev/miniconda3/envs/gdf/lib/python3.9/site-packages/distributed/worker.py", line 2872, in get_data_from_worker
    return await retry_operation(_get_data, operation="get_data_from_worker")
  File "/datasets/pentschev/miniconda3/envs/gdf/lib/python3.9/site-packages/distributed/utils_comm.py", line 419, in retry_operation
    return await retry(
  File "/datasets/pentschev/miniconda3/envs/gdf/lib/python3.9/site-packages/distributed/utils_comm.py", line 404, in retry
    return await coro()
  File "/datasets/pentschev/miniconda3/envs/gdf/lib/python3.9/site-packages/distributed/worker.py", line 2849, in _get_data
    comm = await rpc.connect(worker)
  File "/datasets/pentschev/miniconda3/envs/gdf/lib/python3.9/site-packages/distributed/core.py", line 1439, in connect
    return await connect_attempt
  File "/datasets/pentschev/miniconda3/envs/gdf/lib/python3.9/site-packages/distributed/core.py", line 1375, in _connect
    comm = await connect(
  File "/datasets/pentschev/miniconda3/envs/gdf/lib/python3.9/site-packages/distributed/comm/core.py", line 317, in connect
    raise OSError(
OSError: Timed out trying to connect to ucx://127.0.0.1:58747 after 30 s
/datasets/pentschev/miniconda3/envs/gdf/lib/python3.9/multiprocessing/resource_tracker.py:216: UserWarning: resource_tracker: There appear to be 48 leaked semaphore objects to clean up at shutdown
  warnings.warn('resource_tracker: There appear to be %d '
