[dgx13:67442:0:67442] Caught signal 11 (Segmentation fault: address not mapped to object at address 0x448)
==== backtrace (tid:  67442) ====
 0  /opt/conda/envs/gdf/lib/libucs.so.0(ucs_handle_error+0x2fd) [0x7fbcd9cb106d]
 1  /opt/conda/envs/gdf/lib/libucs.so.0(+0x2a264) [0x7fbcd9cb1264]
 2  /opt/conda/envs/gdf/lib/libucs.so.0(+0x2a42a) [0x7fbcd9cb142a]
 3  /usr/lib/x86_64-linux-gnu/libpthread.so.0(+0x14420) [0x7fbd7f001420]
 4  /opt/conda/envs/gdf/lib/libucp.so.0(ucp_mem_type_unpack+0x14) [0x7fbcd9d2f6a4]
 5  /opt/conda/envs/gdf/lib/libucp.so.0(ucp_rndv_data_handler+0x4e9) [0x7fbcd9d58829]
 6  /opt/conda/envs/gdf/lib/./libuct.so.0(+0x2146f) [0x7fbcd9c6b46f]
 7  /opt/conda/envs/gdf/lib/./libuct.so.0(+0x248c8) [0x7fbcd9c6e8c8]
 8  /opt/conda/envs/gdf/lib/libucs.so.0(ucs_event_set_wait+0xb9) [0x7fbcd9cba499]
 9  /opt/conda/envs/gdf/lib/./libuct.so.0(uct_tcp_iface_progress+0x7d) [0x7fbcd9c6d66d]
10  /opt/conda/envs/gdf/lib/libucp.so.0(ucp_worker_progress+0x5a) [0x7fbcd9d2c8ca]
11  /opt/conda/envs/gdf/lib/python3.9/site-packages/ucp/_libs/ucx_api.cpython-39-x86_64-linux-gnu.so(+0x3206a) [0x7fbcd9de506a]
12  /opt/conda/envs/gdf/bin/python(_PyEval_EvalFrameDefault+0x37cb) [0x556d2b5066fb]
13  /opt/conda/envs/gdf/bin/python(+0x12f094) [0x556d2b502094]
14  /opt/conda/envs/gdf/bin/python(_PyFunction_Vectorcall+0xd9) [0x556d2b513519]
15  /opt/conda/envs/gdf/bin/python(_PyEval_EvalFrameDefault+0x696) [0x556d2b5035c6]
16  /opt/conda/envs/gdf/bin/python(+0x1407c2) [0x556d2b5137c2]
17  /opt/conda/envs/gdf/bin/python(+0x14de83) [0x556d2b520e83]
18  /opt/conda/envs/gdf/bin/python(+0x258b2c) [0x556d2b62bb2c]
19  /opt/conda/envs/gdf/bin/python(+0xead05) [0x556d2b4bdd05]
20  /opt/conda/envs/gdf/bin/python(+0x1377f3) [0x556d2b50a7f3]
21  /opt/conda/envs/gdf/bin/python(_PyEval_EvalFrameDefault+0x59f9) [0x556d2b508929]
22  /opt/conda/envs/gdf/bin/python(+0x1407c2) [0x556d2b5137c2]
23  /opt/conda/envs/gdf/bin/python(_PyEval_EvalFrameDefault+0x696) [0x556d2b5035c6]
24  /opt/conda/envs/gdf/bin/python(+0x1407c2) [0x556d2b5137c2]
25  /opt/conda/envs/gdf/bin/python(_PyEval_EvalFrameDefault+0x696) [0x556d2b5035c6]
26  /opt/conda/envs/gdf/bin/python(+0x1407c2) [0x556d2b5137c2]
27  /opt/conda/envs/gdf/bin/python(_PyEval_EvalFrameDefault+0x696) [0x556d2b5035c6]
28  /opt/conda/envs/gdf/bin/python(+0x1407c2) [0x556d2b5137c2]
29  /opt/conda/envs/gdf/bin/python(_PyEval_EvalFrameDefault+0x696) [0x556d2b5035c6]
30  /opt/conda/envs/gdf/bin/python(+0x12f094) [0x556d2b502094]
31  /opt/conda/envs/gdf/bin/python(_PyFunction_Vectorcall+0xd9) [0x556d2b513519]
32  /opt/conda/envs/gdf/bin/python(_PyEval_EvalFrameDefault+0x11f8) [0x556d2b504128]
33  /opt/conda/envs/gdf/bin/python(+0x12f094) [0x556d2b502094]
34  /opt/conda/envs/gdf/bin/python(+0x14dccb) [0x556d2b520ccb]
35  /opt/conda/envs/gdf/bin/python(PyObject_Call+0xbc) [0x556d2b52144c]
36  /opt/conda/envs/gdf/bin/python(+0x21110e) [0x556d2b5e410e]
37  /opt/conda/envs/gdf/bin/python(_PyObject_MakeTpCall+0x2ec) [0x556d2b50b77c]
38  /opt/conda/envs/gdf/bin/python(_PyEval_EvalFrameDefault+0x37cb) [0x556d2b5066fb]
39  /opt/conda/envs/gdf/bin/python(+0x1407c2) [0x556d2b5137c2]
40  /opt/conda/envs/gdf/bin/python(+0x14ddac) [0x556d2b520dac]
41  /opt/conda/envs/gdf/bin/python(_PyEval_EvalFrameDefault+0x37cb) [0x556d2b5066fb]
42  /opt/conda/envs/gdf/bin/python(+0x1407c2) [0x556d2b5137c2]
43  /opt/conda/envs/gdf/bin/python(_PyEval_EvalFrameDefault+0x696) [0x556d2b5035c6]
44  /opt/conda/envs/gdf/bin/python(+0x12f094) [0x556d2b502094]
45  /opt/conda/envs/gdf/bin/python(_PyFunction_Vectorcall+0xd9) [0x556d2b513519]
46  /opt/conda/envs/gdf/bin/python(_PyEval_EvalFrameDefault+0x696) [0x556d2b5035c6]
47  /opt/conda/envs/gdf/bin/python(+0x1407c2) [0x556d2b5137c2]
48  /opt/conda/envs/gdf/bin/python(_PyEval_EvalFrameDefault+0x3e2) [0x556d2b503312]
49  /opt/conda/envs/gdf/bin/python(+0x12f094) [0x556d2b502094]
50  /opt/conda/envs/gdf/bin/python(_PyFunction_Vectorcall+0xd9) [0x556d2b513519]
51  /opt/conda/envs/gdf/bin/python(_PyEval_EvalFrameDefault+0x11f8) [0x556d2b504128]
52  /opt/conda/envs/gdf/bin/python(+0x12f094) [0x556d2b502094]
53  /opt/conda/envs/gdf/bin/python(_PyEval_EvalCodeWithName+0x48) [0x556d2b501d68]
54  /opt/conda/envs/gdf/bin/python(PyEval_EvalCodeEx+0x39) [0x556d2b501d19]
55  /opt/conda/envs/gdf/bin/python(PyEval_EvalCode+0x1b) [0x556d2b5af07b]
56  /opt/conda/envs/gdf/bin/python(+0x208fca) [0x556d2b5dbfca]
57  /opt/conda/envs/gdf/bin/python(+0x205353) [0x556d2b5d8353]
58  /opt/conda/envs/gdf/bin/python(PyRun_StringFlags+0x9a) [0x556d2b5d016a]
59  /opt/conda/envs/gdf/bin/python(PyRun_SimpleStringFlags+0x3c) [0x556d2b5d005c]
60  /opt/conda/envs/gdf/bin/python(Py_RunMain+0x267) [0x556d2b5cf297]
61  /opt/conda/envs/gdf/bin/python(Py_BytesMain+0x37) [0x556d2b5a2f07]
=================================
[dgx13:67429:0:67429] Caught signal 11 (Segmentation fault: address not mapped to object at address 0x448)
==== backtrace (tid:  67429) ====
 0  /opt/conda/envs/gdf/lib/libucs.so.0(ucs_handle_error+0x2fd) [0x7fdfac40f06d]
 1  /opt/conda/envs/gdf/lib/libucs.so.0(+0x2a264) [0x7fdfac40f264]
 2  /opt/conda/envs/gdf/lib/libucs.so.0(+0x2a42a) [0x7fdfac40f42a]
 3  /usr/lib/x86_64-linux-gnu/libpthread.so.0(+0x14420) [0x7fe03f749420]
 4  /opt/conda/envs/gdf/lib/libucp.so.0(ucp_mem_type_unpack+0x14) [0x7fdfac48d6a4]
 5  /opt/conda/envs/gdf/lib/libucp.so.0(ucp_rndv_data_handler+0x4e9) [0x7fdfac4b6829]
 6  /opt/conda/envs/gdf/lib/./libuct.so.0(+0x2146f) [0x7fdfac3c946f]
 7  /opt/conda/envs/gdf/lib/./libuct.so.0(+0x248c8) [0x7fdfac3cc8c8]
 8  /opt/conda/envs/gdf/lib/libucs.so.0(ucs_event_set_wait+0xb9) [0x7fdfac418499]
 9  /opt/conda/envs/gdf/lib/./libuct.so.0(uct_tcp_iface_progress+0x7d) [0x7fdfac3cb66d]
10  /opt/conda/envs/gdf/lib/libucp.so.0(ucp_worker_progress+0x5a) [0x7fdfac48a8ca]
11  /opt/conda/envs/gdf/lib/python3.9/site-packages/ucp/_libs/ucx_api.cpython-39-x86_64-linux-gnu.so(+0x3206a) [0x7fdfac54306a]
12  /opt/conda/envs/gdf/bin/python(_PyEval_EvalFrameDefault+0x37cb) [0x56325aed96fb]
13  /opt/conda/envs/gdf/bin/python(+0x12f094) [0x56325aed5094]
14  /opt/conda/envs/gdf/bin/python(_PyFunction_Vectorcall+0xd9) [0x56325aee6519]
15  /opt/conda/envs/gdf/bin/python(_PyEval_EvalFrameDefault+0x696) [0x56325aed65c6]
16  /opt/conda/envs/gdf/bin/python(+0x1e3162) [0x56325af89162]
17  /opt/conda/envs/gdf/lib/python3.9/lib-dynload/_asyncio.cpython-39-x86_64-linux-gnu.so(+0x81e9) [0x7fe0357901e9]
18  /opt/conda/envs/gdf/bin/python(_PyObject_MakeTpCall+0x2ec) [0x56325aede77c]
19  /opt/conda/envs/gdf/bin/python(+0xead05) [0x56325ae90d05]
20  /opt/conda/envs/gdf/bin/python(+0x1377f3) [0x56325aedd7f3]
21  /opt/conda/envs/gdf/bin/python(_PyEval_EvalFrameDefault+0x59f9) [0x56325aedb929]
22  /opt/conda/envs/gdf/bin/python(+0x1407c2) [0x56325aee67c2]
23  /opt/conda/envs/gdf/bin/python(_PyEval_EvalFrameDefault+0x696) [0x56325aed65c6]
24  /opt/conda/envs/gdf/bin/python(+0x1407c2) [0x56325aee67c2]
25  /opt/conda/envs/gdf/bin/python(_PyEval_EvalFrameDefault+0x696) [0x56325aed65c6]
26  /opt/conda/envs/gdf/bin/python(+0x1407c2) [0x56325aee67c2]
27  /opt/conda/envs/gdf/bin/python(_PyEval_EvalFrameDefault+0x696) [0x56325aed65c6]
28  /opt/conda/envs/gdf/bin/python(+0x1407c2) [0x56325aee67c2]
29  /opt/conda/envs/gdf/bin/python(_PyEval_EvalFrameDefault+0x696) [0x56325aed65c6]
30  /opt/conda/envs/gdf/bin/python(+0x12f094) [0x56325aed5094]
31  /opt/conda/envs/gdf/bin/python(_PyFunction_Vectorcall+0xd9) [0x56325aee6519]
32  /opt/conda/envs/gdf/bin/python(_PyEval_EvalFrameDefault+0x11f8) [0x56325aed7128]
33  /opt/conda/envs/gdf/bin/python(+0x12f094) [0x56325aed5094]
34  /opt/conda/envs/gdf/bin/python(+0x14dccb) [0x56325aef3ccb]
35  /opt/conda/envs/gdf/bin/python(PyObject_Call+0xbc) [0x56325aef444c]
36  /opt/conda/envs/gdf/bin/python(+0x21110e) [0x56325afb710e]
37  /opt/conda/envs/gdf/bin/python(_PyObject_MakeTpCall+0x2ec) [0x56325aede77c]
38  /opt/conda/envs/gdf/bin/python(_PyEval_EvalFrameDefault+0x37cb) [0x56325aed96fb]
39  /opt/conda/envs/gdf/bin/python(+0x1407c2) [0x56325aee67c2]
40  /opt/conda/envs/gdf/bin/python(+0x14ddac) [0x56325aef3dac]
41  /opt/conda/envs/gdf/bin/python(_PyEval_EvalFrameDefault+0x37cb) [0x56325aed96fb]
42  /opt/conda/envs/gdf/bin/python(+0x1407c2) [0x56325aee67c2]
43  /opt/conda/envs/gdf/bin/python(_PyEval_EvalFrameDefault+0x696) [0x56325aed65c6]
44  /opt/conda/envs/gdf/bin/python(+0x12f094) [0x56325aed5094]
45  /opt/conda/envs/gdf/bin/python(_PyFunction_Vectorcall+0xd9) [0x56325aee6519]
46  /opt/conda/envs/gdf/bin/python(_PyEval_EvalFrameDefault+0x696) [0x56325aed65c6]
47  /opt/conda/envs/gdf/bin/python(+0x1407c2) [0x56325aee67c2]
48  /opt/conda/envs/gdf/bin/python(_PyEval_EvalFrameDefault+0x3e2) [0x56325aed6312]
49  /opt/conda/envs/gdf/bin/python(+0x12f094) [0x56325aed5094]
50  /opt/conda/envs/gdf/bin/python(_PyFunction_Vectorcall+0xd9) [0x56325aee6519]
51  /opt/conda/envs/gdf/bin/python(_PyEval_EvalFrameDefault+0x11f8) [0x56325aed7128]
52  /opt/conda/envs/gdf/bin/python(+0x12f094) [0x56325aed5094]
53  /opt/conda/envs/gdf/bin/python(_PyEval_EvalCodeWithName+0x48) [0x56325aed4d68]
54  /opt/conda/envs/gdf/bin/python(PyEval_EvalCodeEx+0x39) [0x56325aed4d19]
55  /opt/conda/envs/gdf/bin/python(PyEval_EvalCode+0x1b) [0x56325af8207b]
56  /opt/conda/envs/gdf/bin/python(+0x208fca) [0x56325afaefca]
57  /opt/conda/envs/gdf/bin/python(+0x205353) [0x56325afab353]
58  /opt/conda/envs/gdf/bin/python(PyRun_StringFlags+0x9a) [0x56325afa316a]
59  /opt/conda/envs/gdf/bin/python(PyRun_SimpleStringFlags+0x3c) [0x56325afa305c]
60  /opt/conda/envs/gdf/bin/python(Py_RunMain+0x267) [0x56325afa2297]
61  /opt/conda/envs/gdf/bin/python(Py_BytesMain+0x37) [0x56325af75f07]
=================================
[dgx13:67425:0:67425] Caught signal 11 (Segmentation fault: address not mapped to object at address 0x448)
==== backtrace (tid:  67425) ====
 0  /opt/conda/envs/gdf/lib/libucs.so.0(ucs_handle_error+0x2fd) [0x7fda5c7ba06d]
 1  /opt/conda/envs/gdf/lib/libucs.so.0(+0x2a264) [0x7fda5c7ba264]
 2  /opt/conda/envs/gdf/lib/libucs.so.0(+0x2a42a) [0x7fda5c7ba42a]
 3  /usr/lib/x86_64-linux-gnu/libpthread.so.0(+0x14420) [0x7fdaefaf0420]
 4  /opt/conda/envs/gdf/lib/libucp.so.0(ucp_mem_type_unpack+0x14) [0x7fda5c8386a4]
 5  /opt/conda/envs/gdf/lib/libucp.so.0(ucp_rndv_data_handler+0x4e9) [0x7fda5c861829]
 6  /opt/conda/envs/gdf/lib/./libuct.so.0(+0x2146f) [0x7fda5c77446f]
 7  /opt/conda/envs/gdf/lib/./libuct.so.0(+0x248c8) [0x7fda5c7778c8]
 8  /opt/conda/envs/gdf/lib/libucs.so.0(ucs_event_set_wait+0xb9) [0x7fda5c7c3499]
 9  /opt/conda/envs/gdf/lib/./libuct.so.0(uct_tcp_iface_progress+0x7d) [0x7fda5c77666d]
10  /opt/conda/envs/gdf/lib/libucp.so.0(ucp_worker_progress+0x5a) [0x7fda5c8358ca]
11  /opt/conda/envs/gdf/lib/python3.9/site-packages/ucp/_libs/ucx_api.cpython-39-x86_64-linux-gnu.so(+0x3206a) [0x7fda5c8ee06a]
12  /opt/conda/envs/gdf/bin/python(_PyEval_EvalFrameDefault+0x37cb) [0x563d799356fb]
13  /opt/conda/envs/gdf/bin/python(+0x12f094) [0x563d79931094]
14  /opt/conda/envs/gdf/bin/python(_PyFunction_Vectorcall+0xd9) [0x563d79942519]
15  /opt/conda/envs/gdf/bin/python(_PyEval_EvalFrameDefault+0x696) [0x563d799325c6]
16  /opt/conda/envs/gdf/bin/python(+0x1e3162) [0x563d799e5162]
17  /opt/conda/envs/gdf/lib/python3.9/lib-dynload/_asyncio.cpython-39-x86_64-linux-gnu.so(+0x81e9) [0x7fdae5b1f1e9]
18  /opt/conda/envs/gdf/bin/python(_PyObject_MakeTpCall+0x2ec) [0x563d7993a77c]
19  /opt/conda/envs/gdf/bin/python(+0xead05) [0x563d798ecd05]
20  /opt/conda/envs/gdf/bin/python(+0x1377f3) [0x563d799397f3]
21  /opt/conda/envs/gdf/bin/python(_PyEval_EvalFrameDefault+0x59f9) [0x563d79937929]
22  /opt/conda/envs/gdf/bin/python(+0x1407c2) [0x563d799427c2]
23  /opt/conda/envs/gdf/bin/python(_PyEval_EvalFrameDefault+0x696) [0x563d799325c6]
24  /opt/conda/envs/gdf/bin/python(+0x1407c2) [0x563d799427c2]
25  /opt/conda/envs/gdf/bin/python(_PyEval_EvalFrameDefault+0x696) [0x563d799325c6]
26  /opt/conda/envs/gdf/bin/python(+0x1407c2) [0x563d799427c2]
27  /opt/conda/envs/gdf/bin/python(_PyEval_EvalFrameDefault+0x696) [0x563d799325c6]
28  /opt/conda/envs/gdf/bin/python(+0x1407c2) [0x563d799427c2]
29  /opt/conda/envs/gdf/bin/python(_PyEval_EvalFrameDefault+0x696) [0x563d799325c6]
30  /opt/conda/envs/gdf/bin/python(+0x12f094) [0x563d79931094]
31  /opt/conda/envs/gdf/bin/python(_PyFunction_Vectorcall+0xd9) [0x563d79942519]
32  /opt/conda/envs/gdf/bin/python(_PyEval_EvalFrameDefault+0x11f8) [0x563d79933128]
33  /opt/conda/envs/gdf/bin/python(+0x12f094) [0x563d79931094]
34  /opt/conda/envs/gdf/bin/python(+0x14dccb) [0x563d7994fccb]
35  /opt/conda/envs/gdf/bin/python(PyObject_Call+0xbc) [0x563d7995044c]
36  /opt/conda/envs/gdf/bin/python(+0x21110e) [0x563d79a1310e]
37  /opt/conda/envs/gdf/bin/python(_PyObject_MakeTpCall+0x2ec) [0x563d7993a77c]
38  /opt/conda/envs/gdf/bin/python(_PyEval_EvalFrameDefault+0x37cb) [0x563d799356fb]
39  /opt/conda/envs/gdf/bin/python(+0x1407c2) [0x563d799427c2]
40  /opt/conda/envs/gdf/bin/python(+0x14ddac) [0x563d7994fdac]
41  /opt/conda/envs/gdf/bin/python(_PyEval_EvalFrameDefault+0x37cb) [0x563d799356fb]
42  /opt/conda/envs/gdf/bin/python(+0x1407c2) [0x563d799427c2]
43  /opt/conda/envs/gdf/bin/python(_PyEval_EvalFrameDefault+0x696) [0x563d799325c6]
44  /opt/conda/envs/gdf/bin/python(+0x12f094) [0x563d79931094]
45  /opt/conda/envs/gdf/bin/python(_PyFunction_Vectorcall+0xd9) [0x563d79942519]
46  /opt/conda/envs/gdf/bin/python(_PyEval_EvalFrameDefault+0x696) [0x563d799325c6]
47  /opt/conda/envs/gdf/bin/python(+0x1407c2) [0x563d799427c2]
48  /opt/conda/envs/gdf/bin/python(_PyEval_EvalFrameDefault+0x3e2) [0x563d79932312]
49  /opt/conda/envs/gdf/bin/python(+0x12f094) [0x563d79931094]
50  /opt/conda/envs/gdf/bin/python(_PyFunction_Vectorcall+0xd9) [0x563d79942519]
51  /opt/conda/envs/gdf/bin/python(_PyEval_EvalFrameDefault+0x11f8) [0x563d79933128]
52  /opt/conda/envs/gdf/bin/python(+0x12f094) [0x563d79931094]
53  /opt/conda/envs/gdf/bin/python(_PyEval_EvalCodeWithName+0x48) [0x563d79930d68]
54  /opt/conda/envs/gdf/bin/python(PyEval_EvalCodeEx+0x39) [0x563d79930d19]
55  /opt/conda/envs/gdf/bin/python(PyEval_EvalCode+0x1b) [0x563d799de07b]
56  /opt/conda/envs/gdf/bin/python(+0x208fca) [0x563d79a0afca]
57  /opt/conda/envs/gdf/bin/python(+0x205353) [0x563d79a07353]
58  /opt/conda/envs/gdf/bin/python(PyRun_StringFlags+0x9a) [0x563d799ff16a]
59  /opt/conda/envs/gdf/bin/python(PyRun_SimpleStringFlags+0x3c) [0x563d799ff05c]
60  /opt/conda/envs/gdf/bin/python(Py_RunMain+0x267) [0x563d799fe297]
61  /opt/conda/envs/gdf/bin/python(Py_BytesMain+0x37) [0x563d799d1f07]
=================================
[dgx13:67439:0:67439] Caught signal 11 (Segmentation fault: address not mapped to object at address 0x448)
[dgx13:67421:0:67421] Caught signal 11 (Segmentation fault: address not mapped to object at address 0x448)
==== backtrace (tid:  67439) ====
 0  /opt/conda/envs/gdf/lib/libucs.so.0(ucs_handle_error+0x2fd) [0x7f58f72e406d]
 1  /opt/conda/envs/gdf/lib/libucs.so.0(+0x2a264) [0x7f58f72e4264]
 2  /opt/conda/envs/gdf/lib/libucs.so.0(+0x2a42a) [0x7f58f72e442a]
 3  /usr/lib/x86_64-linux-gnu/libpthread.so.0(+0x14420) [0x7f599c626420]
 4  /opt/conda/envs/gdf/lib/libucp.so.0(ucp_mem_type_unpack+0x14) [0x7f58f73626a4]
 5  /opt/conda/envs/gdf/lib/libucp.so.0(ucp_rndv_data_handler+0x4e9) [0x7f58f738b829]
 6  /opt/conda/envs/gdf/lib/./libuct.so.0(+0x2146f) [0x7f58f729e46f]
 7  /opt/conda/envs/gdf/lib/./libuct.so.0(+0x248c8) [0x7f58f72a18c8]
 8  /opt/conda/envs/gdf/lib/libucs.so.0(ucs_event_set_wait+0xb9) [0x7f58f72ed499]
 9  /opt/conda/envs/gdf/lib/./libuct.so.0(uct_tcp_iface_progress+0x7d) [0x7f58f72a066d]
10  /opt/conda/envs/gdf/lib/libucp.so.0(ucp_worker_progress+0x5a) [0x7f58f735f8ca]
11  /opt/conda/envs/gdf/lib/python3.9/site-packages/ucp/_libs/ucx_api.cpython-39-x86_64-linux-gnu.so(+0x3206a) [0x7f58f741806a]
12  /opt/conda/envs/gdf/bin/python(_PyEval_EvalFrameDefault+0x37cb) [0x55a97c4356fb]
13  /opt/conda/envs/gdf/bin/python(+0x12f094) [0x55a97c431094]
14  /opt/conda/envs/gdf/bin/python(_PyFunction_Vectorcall+0xd9) [0x55a97c442519]
15  /opt/conda/envs/gdf/bin/python(_PyEval_EvalFrameDefault+0x696) [0x55a97c4325c6]
16  /opt/conda/envs/gdf/bin/python(+0x1e3162) [0x55a97c4e5162]
17  /opt/conda/envs/gdf/lib/python3.9/lib-dynload/_asyncio.cpython-39-x86_64-linux-gnu.so(+0x81e9) [0x7f599265f1e9]
18  /opt/conda/envs/gdf/bin/python(_PyObject_MakeTpCall+0x2ec) [0x55a97c43a77c]
19  /opt/conda/envs/gdf/bin/python(+0xead05) [0x55a97c3ecd05]
20  /opt/conda/envs/gdf/bin/python(+0x1377f3) [0x55a97c4397f3]
21  /opt/conda/envs/gdf/bin/python(_PyEval_EvalFrameDefault+0x59f9) [0x55a97c437929]
22  /opt/conda/envs/gdf/bin/python(+0x1407c2) [0x55a97c4427c2]
23  /opt/conda/envs/gdf/bin/python(_PyEval_EvalFrameDefault+0x696) [0x55a97c4325c6]
24  /opt/conda/envs/gdf/bin/python(+0x1407c2) [0x55a97c4427c2]
25  /opt/conda/envs/gdf/bin/python(_PyEval_EvalFrameDefault+0x696) [0x55a97c4325c6]
26  /opt/conda/envs/gdf/bin/python(+0x1407c2) [0x55a97c4427c2]
27  /opt/conda/envs/gdf/bin/python(_PyEval_EvalFrameDefault+0x696) [0x55a97c4325c6]
28  /opt/conda/envs/gdf/bin/python(+0x1407c2) [0x55a97c4427c2]
29  /opt/conda/envs/gdf/bin/python(_PyEval_EvalFrameDefault+0x696) [0x55a97c4325c6]
30  /opt/conda/envs/gdf/bin/python(+0x12f094) [0x55a97c431094]
31  /opt/conda/envs/gdf/bin/python(_PyFunction_Vectorcall+0xd9) [0x55a97c442519]
32  /opt/conda/envs/gdf/bin/python(_PyEval_EvalFrameDefault+0x11f8) [0x55a97c433128]
33  /opt/conda/envs/gdf/bin/python(+0x12f094) [0x55a97c431094]
34  /opt/conda/envs/gdf/bin/python(+0x14dccb) [0x55a97c44fccb]
35  /opt/conda/envs/gdf/bin/python(PyObject_Call+0xbc) [0x55a97c45044c]
36  /opt/conda/envs/gdf/bin/python(+0x21110e) [0x55a97c51310e]
37  /opt/conda/envs/gdf/bin/python(_PyObject_MakeTpCall+0x2ec) [0x55a97c43a77c]
38  /opt/conda/envs/gdf/bin/python(_PyEval_EvalFrameDefault+0x37cb) [0x55a97c4356fb]
39  /opt/conda/envs/gdf/bin/python(+0x1407c2) [0x55a97c4427c2]
40  /opt/conda/envs/gdf/bin/python(+0x14ddac) [0x55a97c44fdac]
41  /opt/conda/envs/gdf/bin/python(_PyEval_EvalFrameDefault+0x37cb) [0x55a97c4356fb]
42  /opt/conda/envs/gdf/bin/python(+0x1407c2) [0x55a97c4427c2]
43  /opt/conda/envs/gdf/bin/python(_PyEval_EvalFrameDefault+0x696) [0x55a97c4325c6]
44  /opt/conda/envs/gdf/bin/python(+0x12f094) [0x55a97c431094]
45  /opt/conda/envs/gdf/bin/python(_PyFunction_Vectorcall+0xd9) [0x55a97c442519]
46  /opt/conda/envs/gdf/bin/python(_PyEval_EvalFrameDefault+0x696) [0x55a97c4325c6]
47  /opt/conda/envs/gdf/bin/python(+0x1407c2) [0x55a97c4427c2]
48  /opt/conda/envs/gdf/bin/python(_PyEval_EvalFrameDefault+0x3e2) [0x55a97c432312]
49  /opt/conda/envs/gdf/bin/python(+0x12f094) [0x55a97c431094]
50  /opt/conda/envs/gdf/bin/python(_PyFunction_Vectorcall+0xd9) [0x55a97c442519]
51  /opt/conda/envs/gdf/bin/python(_PyEval_EvalFrameDefault+0x11f8) [0x55a97c433128]
52  /opt/conda/envs/gdf/bin/python(+0x12f094) [0x55a97c431094]
53  /opt/conda/envs/gdf/bin/python(_PyEval_EvalCodeWithName+0x48) [0x55a97c430d68]
54  /opt/conda/envs/gdf/bin/python(PyEval_EvalCodeEx+0x39) [0x55a97c430d19]
55  /opt/conda/envs/gdf/bin/python(PyEval_EvalCode+0x1b) [0x55a97c4de07b]
56  /opt/conda/envs/gdf/bin/python(+0x208fca) [0x55a97c50afca]
57  /opt/conda/envs/gdf/bin/python(+0x205353) [0x55a97c507353]
58  /opt/conda/envs/gdf/bin/python(PyRun_StringFlags+0x9a) [0x55a97c4ff16a]
59  /opt/conda/envs/gdf/bin/python(PyRun_SimpleStringFlags+0x3c) [0x55a97c4ff05c]
60  /opt/conda/envs/gdf/bin/python(Py_RunMain+0x267) [0x55a97c4fe297]
61  /opt/conda/envs/gdf/bin/python(Py_BytesMain+0x37) [0x55a97c4d1f07]
=================================
==== backtrace (tid:  67421) ====
 0  /opt/conda/envs/gdf/lib/libucs.so.0(ucs_handle_error+0x2fd) [0x7f589ca0706d]
 1  /opt/conda/envs/gdf/lib/libucs.so.0(+0x2a264) [0x7f589ca07264]
 2  /opt/conda/envs/gdf/lib/libucs.so.0(+0x2a42a) [0x7f589ca0742a]
 3  /usr/lib/x86_64-linux-gnu/libpthread.so.0(+0x14420) [0x7f592fd50420]
 4  /opt/conda/envs/gdf/lib/libucp.so.0(ucp_mem_type_unpack+0x14) [0x7f589ca856a4]
 5  /opt/conda/envs/gdf/lib/libucp.so.0(ucp_rndv_data_handler+0x4e9) [0x7f589caae829]
 6  /opt/conda/envs/gdf/lib/./libuct.so.0(+0x2146f) [0x7f589c9c146f]
 7  /opt/conda/envs/gdf/lib/./libuct.so.0(+0x248c8) [0x7f589c9c48c8]
 8  /opt/conda/envs/gdf/lib/libucs.so.0(ucs_event_set_wait+0xb9) [0x7f589ca10499]
 9  /opt/conda/envs/gdf/lib/./libuct.so.0(uct_tcp_iface_progress+0x7d) [0x7f589c9c366d]
10  /opt/conda/envs/gdf/lib/libucp.so.0(ucp_worker_progress+0x5a) [0x7f589ca828ca]
11  /opt/conda/envs/gdf/lib/python3.9/site-packages/ucp/_libs/ucx_api.cpython-39-x86_64-linux-gnu.so(+0x3206a) [0x7f589cb3b06a]
12  /opt/conda/envs/gdf/bin/python(_PyEval_EvalFrameDefault+0x37cb) [0x5625dac296fb]
13  /opt/conda/envs/gdf/bin/python(+0x12f094) [0x5625dac25094]
14  /opt/conda/envs/gdf/bin/python(_PyFunction_Vectorcall+0xd9) [0x5625dac36519]
15  /opt/conda/envs/gdf/bin/python(_PyEval_EvalFrameDefault+0x696) [0x5625dac265c6]
16  /opt/conda/envs/gdf/bin/python(+0x1407c2) [0x5625dac367c2]
17  /opt/conda/envs/gdf/bin/python(+0x14de83) [0x5625dac43e83]
18  /opt/conda/envs/gdf/bin/python(+0x258b2c) [0x5625dad4eb2c]
19  /opt/conda/envs/gdf/bin/python(+0xead05) [0x5625dabe0d05]
20  /opt/conda/envs/gdf/bin/python(+0x1377f3) [0x5625dac2d7f3]
21  /opt/conda/envs/gdf/bin/python(_PyEval_EvalFrameDefault+0x59f9) [0x5625dac2b929]
22  /opt/conda/envs/gdf/bin/python(+0x1407c2) [0x5625dac367c2]
23  /opt/conda/envs/gdf/bin/python(_PyEval_EvalFrameDefault+0x696) [0x5625dac265c6]
24  /opt/conda/envs/gdf/bin/python(+0x1407c2) [0x5625dac367c2]
25  /opt/conda/envs/gdf/bin/python(_PyEval_EvalFrameDefault+0x696) [0x5625dac265c6]
26  /opt/conda/envs/gdf/bin/python(+0x1407c2) [0x5625dac367c2]
27  /opt/conda/envs/gdf/bin/python(_PyEval_EvalFrameDefault+0x696) [0x5625dac265c6]
28  /opt/conda/envs/gdf/bin/python(+0x1407c2) [0x5625dac367c2]
29  /opt/conda/envs/gdf/bin/python(_PyEval_EvalFrameDefault+0x696) [0x5625dac265c6]
30  /opt/conda/envs/gdf/bin/python(+0x12f094) [0x5625dac25094]
31  /opt/conda/envs/gdf/bin/python(_PyFunction_Vectorcall+0xd9) [0x5625dac36519]
32  /opt/conda/envs/gdf/bin/python(_PyEval_EvalFrameDefault+0x11f8) [0x5625dac27128]
33  /opt/conda/envs/gdf/bin/python(+0x12f094) [0x5625dac25094]
34  /opt/conda/envs/gdf/bin/python(+0x14dccb) [0x5625dac43ccb]
35  /opt/conda/envs/gdf/bin/python(PyObject_Call+0xbc) [0x5625dac4444c]
36  /opt/conda/envs/gdf/bin/python(+0x21110e) [0x5625dad0710e]
37  /opt/conda/envs/gdf/bin/python(_PyObject_MakeTpCall+0x2ec) [0x5625dac2e77c]
38  /opt/conda/envs/gdf/bin/python(_PyEval_EvalFrameDefault+0x37cb) [0x5625dac296fb]
39  /opt/conda/envs/gdf/bin/python(+0x1407c2) [0x5625dac367c2]
40  /opt/conda/envs/gdf/bin/python(+0x14ddac) [0x5625dac43dac]
41  /opt/conda/envs/gdf/bin/python(_PyEval_EvalFrameDefault+0x37cb) [0x5625dac296fb]
42  /opt/conda/envs/gdf/bin/python(+0x1407c2) [0x5625dac367c2]
43  /opt/conda/envs/gdf/bin/python(_PyEval_EvalFrameDefault+0x696) [0x5625dac265c6]
44  /opt/conda/envs/gdf/bin/python(+0x12f094) [0x5625dac25094]
45  /opt/conda/envs/gdf/bin/python(_PyFunction_Vectorcall+0xd9) [0x5625dac36519]
46  /opt/conda/envs/gdf/bin/python(_PyEval_EvalFrameDefault+0x696) [0x5625dac265c6]
47  /opt/conda/envs/gdf/bin/python(+0x1407c2) [0x5625dac367c2]
48  /opt/conda/envs/gdf/bin/python(_PyEval_EvalFrameDefault+0x3e2) [0x5625dac26312]
49  /opt/conda/envs/gdf/bin/python(+0x12f094) [0x5625dac25094]
50  /opt/conda/envs/gdf/bin/python(_PyFunction_Vectorcall+0xd9) [0x5625dac36519]
51  /opt/conda/envs/gdf/bin/python(_PyEval_EvalFrameDefault+0x11f8) [0x5625dac27128]
52  /opt/conda/envs/gdf/bin/python(+0x12f094) [0x5625dac25094]
53  /opt/conda/envs/gdf/bin/python(_PyEval_EvalCodeWithName+0x48) [0x5625dac24d68]
54  /opt/conda/envs/gdf/bin/python(PyEval_EvalCodeEx+0x39) [0x5625dac24d19]
55  /opt/conda/envs/gdf/bin/python(PyEval_EvalCode+0x1b) [0x5625dacd207b]
56  /opt/conda/envs/gdf/bin/python(+0x208fca) [0x5625dacfefca]
57  /opt/conda/envs/gdf/bin/python(+0x205353) [0x5625dacfb353]
58  /opt/conda/envs/gdf/bin/python(PyRun_StringFlags+0x9a) [0x5625dacf316a]
59  /opt/conda/envs/gdf/bin/python(PyRun_SimpleStringFlags+0x3c) [0x5625dacf305c]
60  /opt/conda/envs/gdf/bin/python(Py_RunMain+0x267) [0x5625dacf2297]
61  /opt/conda/envs/gdf/bin/python(Py_BytesMain+0x37) [0x5625dacc5f07]
=================================
2023-11-08 07:12:01,814 - distributed.worker - ERROR - Worker stream died during communication: ucx://127.0.0.1:48911
Traceback (most recent call last):
  File "/opt/conda/envs/gdf/lib/python3.9/site-packages/distributed/comm/ucx.py", line 354, in read
    await self.ep.recv(msg)
  File "/opt/conda/envs/gdf/lib/python3.9/site-packages/ucp/core.py", line 725, in recv
    ret = await comm.tag_recv(self._ep, buffer, nbytes, tag, name=log)
ucp._libs.exceptions.UCXCanceled: <[Recv #003] ep: 0x7f35384cf100, tag: 0xdbe4dd5c547ce327, nbytes: 16, type: <class 'numpy.ndarray'>>: 

During handling of the above exception, another exception occurred:

Traceback (most recent call last):
  File "/opt/conda/envs/gdf/lib/python3.9/site-packages/distributed/worker.py", line 2059, in gather_dep
    response = await get_data_from_worker(
  File "/opt/conda/envs/gdf/lib/python3.9/site-packages/distributed/worker.py", line 2852, in get_data_from_worker
    response = await send_recv(
  File "/opt/conda/envs/gdf/lib/python3.9/site-packages/distributed/core.py", line 1106, in send_recv
    response = await comm.read(deserializers=deserializers)
  File "/opt/conda/envs/gdf/lib/python3.9/site-packages/distributed/utils.py", line 803, in wrapper
    return await func(*args, **kwargs)
  File "/opt/conda/envs/gdf/lib/python3.9/site-packages/distributed/comm/ucx.py", line 372, in read
    raise CommClosedError(
distributed.comm.core.CommClosedError: Connection closed by writer.
Inner exception: UCXCanceled("<[Recv #003] ep: 0x7f35384cf100, tag: 0xdbe4dd5c547ce327, nbytes: 16, type: <class 'numpy.ndarray'>>: ")
2023-11-08 07:12:01,814 - distributed.worker - ERROR - failed during get data with ucx://127.0.0.1:57549 -> ucx://127.0.0.1:48911
Traceback (most recent call last):
  File "/opt/conda/envs/gdf/lib/python3.9/site-packages/distributed/comm/ucx.py", line 338, in write
    await self.ep.send(each_frame)
  File "/opt/conda/envs/gdf/lib/python3.9/site-packages/ucp/core.py", line 650, in send
    return await comm.tag_send(self._ep, buffer, nbytes, tag, name=log)
ucp._libs.exceptions.UCXError: <[Send #007] ep: 0x7facf00542c0, tag: 0x8e9b173a591b7710, nbytes: 50000000, type: <class 'cupy.ndarray'>>: Connection reset by remote peer

During handling of the above exception, another exception occurred:

Traceback (most recent call last):
  File "/opt/conda/envs/gdf/lib/python3.9/site-packages/distributed/worker.py", line 1782, in get_data
    compressed = await comm.write(msg, serializers=serializers)
  File "/opt/conda/envs/gdf/lib/python3.9/site-packages/distributed/utils.py", line 803, in wrapper
    return await func(*args, **kwargs)
  File "/opt/conda/envs/gdf/lib/python3.9/site-packages/distributed/comm/ucx.py", line 342, in write
    raise CommClosedError("While writing, the connection was closed")
distributed.comm.core.CommClosedError: While writing, the connection was closed
2023-11-08 07:12:01,871 - distributed.worker - ERROR - Worker stream died during communication: ucx://127.0.0.1:57291
Traceback (most recent call last):
  File "/opt/conda/envs/gdf/lib/python3.9/site-packages/distributed/comm/ucx.py", line 354, in read
    await self.ep.recv(msg)
  File "/opt/conda/envs/gdf/lib/python3.9/site-packages/ucp/core.py", line 725, in recv
    ret = await comm.tag_recv(self._ep, buffer, nbytes, tag, name=log)
ucp._libs.exceptions.UCXCanceled: <[Recv #000] ep: 0x7f35384cf1c0, tag: 0x3398740ea2785ca4, nbytes: 16, type: <class 'numpy.ndarray'>>: 

During handling of the above exception, another exception occurred:

Traceback (most recent call last):
  File "/opt/conda/envs/gdf/lib/python3.9/site-packages/distributed/worker.py", line 2059, in gather_dep
    response = await get_data_from_worker(
  File "/opt/conda/envs/gdf/lib/python3.9/site-packages/distributed/worker.py", line 2849, in get_data_from_worker
    comm = await rpc.connect(worker)
  File "/opt/conda/envs/gdf/lib/python3.9/site-packages/distributed/core.py", line 1626, in connect
    return connect_attempt.result()
  File "/opt/conda/envs/gdf/lib/python3.9/site-packages/distributed/core.py", line 1516, in _connect
    comm = await connect(
  File "/opt/conda/envs/gdf/lib/python3.9/site-packages/distributed/comm/core.py", line 377, in connect
    handshake = await comm.read()
  File "/opt/conda/envs/gdf/lib/python3.9/site-packages/distributed/utils.py", line 803, in wrapper
    return await func(*args, **kwargs)
  File "/opt/conda/envs/gdf/lib/python3.9/site-packages/distributed/comm/ucx.py", line 372, in read
    raise CommClosedError(
distributed.comm.core.CommClosedError: Connection closed by writer.
Inner exception: UCXCanceled("<[Recv #000] ep: 0x7f35384cf1c0, tag: 0x3398740ea2785ca4, nbytes: 16, type: <class 'numpy.ndarray'>>: ")
2023-11-08 07:12:01,871 - distributed.worker - ERROR - failed during get data with ucx://127.0.0.1:39739 -> ucx://127.0.0.1:57291
Traceback (most recent call last):
  File "/opt/conda/envs/gdf/lib/python3.9/site-packages/distributed/comm/ucx.py", line 338, in write
    await self.ep.send(each_frame)
  File "/opt/conda/envs/gdf/lib/python3.9/site-packages/ucp/core.py", line 650, in send
    return await comm.tag_send(self._ep, buffer, nbytes, tag, name=log)
ucp._libs.exceptions.UCXError: <[Send #007] ep: 0x7f487c7921c0, tag: 0xacbb0675db7c8794, nbytes: 50000000, type: <class 'cupy.ndarray'>>: Connection reset by remote peer

During handling of the above exception, another exception occurred:

Traceback (most recent call last):
  File "/opt/conda/envs/gdf/lib/python3.9/site-packages/distributed/worker.py", line 1782, in get_data
    compressed = await comm.write(msg, serializers=serializers)
  File "/opt/conda/envs/gdf/lib/python3.9/site-packages/distributed/utils.py", line 803, in wrapper
    return await func(*args, **kwargs)
  File "/opt/conda/envs/gdf/lib/python3.9/site-packages/distributed/comm/ucx.py", line 342, in write
    raise CommClosedError("While writing, the connection was closed")
distributed.comm.core.CommClosedError: While writing, the connection was closed
2023-11-08 07:12:01,872 - distributed.worker - ERROR - Worker stream died during communication: ucx://127.0.0.1:57291
Traceback (most recent call last):
  File "/opt/conda/envs/gdf/lib/python3.9/site-packages/distributed/comm/ucx.py", line 354, in read
    await self.ep.recv(msg)
  File "/opt/conda/envs/gdf/lib/python3.9/site-packages/ucp/core.py", line 725, in recv
    ret = await comm.tag_recv(self._ep, buffer, nbytes, tag, name=log)
ucp._libs.exceptions.UCXCanceled: <[Recv #000] ep: 0x7facf00541c0, tag: 0x93b1a35d21d71807, nbytes: 16, type: <class 'numpy.ndarray'>>: 

During handling of the above exception, another exception occurred:

Traceback (most recent call last):
  File "/opt/conda/envs/gdf/lib/python3.9/site-packages/distributed/worker.py", line 2059, in gather_dep
    response = await get_data_from_worker(
  File "/opt/conda/envs/gdf/lib/python3.9/site-packages/distributed/worker.py", line 2849, in get_data_from_worker
    comm = await rpc.connect(worker)
  File "/opt/conda/envs/gdf/lib/python3.9/site-packages/distributed/core.py", line 1626, in connect
    return connect_attempt.result()
  File "/opt/conda/envs/gdf/lib/python3.9/site-packages/distributed/core.py", line 1516, in _connect
    comm = await connect(
  File "/opt/conda/envs/gdf/lib/python3.9/site-packages/distributed/comm/core.py", line 377, in connect
    handshake = await comm.read()
  File "/opt/conda/envs/gdf/lib/python3.9/site-packages/distributed/utils.py", line 803, in wrapper
    return await func(*args, **kwargs)
  File "/opt/conda/envs/gdf/lib/python3.9/site-packages/distributed/comm/ucx.py", line 372, in read
    raise CommClosedError(
distributed.comm.core.CommClosedError: Connection closed by writer.
Inner exception: UCXCanceled("<[Recv #000] ep: 0x7facf00541c0, tag: 0x93b1a35d21d71807, nbytes: 16, type: <class 'numpy.ndarray'>>: ")
2023-11-08 07:12:01,896 - distributed.worker - ERROR - Worker stream died during communication: ucx://127.0.0.1:58955
Traceback (most recent call last):
  File "/opt/conda/envs/gdf/lib/python3.9/site-packages/distributed/comm/ucx.py", line 354, in read
    await self.ep.recv(msg)
  File "/opt/conda/envs/gdf/lib/python3.9/site-packages/ucp/core.py", line 725, in recv
    ret = await comm.tag_recv(self._ep, buffer, nbytes, tag, name=log)
ucp._libs.exceptions.UCXCanceled: <[Recv #013] ep: 0x7facf0054100, tag: 0x832c66cc236da226, nbytes: 16, type: <class 'numpy.ndarray'>>: 

During handling of the above exception, another exception occurred:

Traceback (most recent call last):
  File "/opt/conda/envs/gdf/lib/python3.9/site-packages/distributed/worker.py", line 2059, in gather_dep
    response = await get_data_from_worker(
  File "/opt/conda/envs/gdf/lib/python3.9/site-packages/distributed/worker.py", line 2852, in get_data_from_worker
    response = await send_recv(
  File "/opt/conda/envs/gdf/lib/python3.9/site-packages/distributed/core.py", line 1106, in send_recv
    response = await comm.read(deserializers=deserializers)
  File "/opt/conda/envs/gdf/lib/python3.9/site-packages/distributed/utils.py", line 803, in wrapper
    return await func(*args, **kwargs)
  File "/opt/conda/envs/gdf/lib/python3.9/site-packages/distributed/comm/ucx.py", line 372, in read
    raise CommClosedError(
distributed.comm.core.CommClosedError: Connection closed by writer.
Inner exception: UCXCanceled("<[Recv #013] ep: 0x7facf0054100, tag: 0x832c66cc236da226, nbytes: 16, type: <class 'numpy.ndarray'>>: ")
2023-11-08 07:12:01,896 - distributed.worker - ERROR - Worker stream died during communication: ucx://127.0.0.1:49883
Traceback (most recent call last):
  File "/opt/conda/envs/gdf/lib/python3.9/site-packages/distributed/comm/ucx.py", line 354, in read
    await self.ep.recv(msg)
  File "/opt/conda/envs/gdf/lib/python3.9/site-packages/ucp/core.py", line 725, in recv
    ret = await comm.tag_recv(self._ep, buffer, nbytes, tag, name=log)
ucp._libs.exceptions.UCXCanceled: <[Recv #008] ep: 0x7f35384cf180, tag: 0xb3d48754d064b46f, nbytes: 16, type: <class 'numpy.ndarray'>>: 

During handling of the above exception, another exception occurred:

Traceback (most recent call last):
  File "/opt/conda/envs/gdf/lib/python3.9/site-packages/distributed/worker.py", line 2059, in gather_dep
    response = await get_data_from_worker(
  File "/opt/conda/envs/gdf/lib/python3.9/site-packages/distributed/worker.py", line 2852, in get_data_from_worker
    response = await send_recv(
  File "/opt/conda/envs/gdf/lib/python3.9/site-packages/distributed/core.py", line 1106, in send_recv
    response = await comm.read(deserializers=deserializers)
  File "/opt/conda/envs/gdf/lib/python3.9/site-packages/distributed/utils.py", line 803, in wrapper
    return await func(*args, **kwargs)
  File "/opt/conda/envs/gdf/lib/python3.9/site-packages/distributed/comm/ucx.py", line 372, in read
    raise CommClosedError(
distributed.comm.core.CommClosedError: Connection closed by writer.
Inner exception: UCXCanceled("<[Recv #008] ep: 0x7f35384cf180, tag: 0xb3d48754d064b46f, nbytes: 16, type: <class 'numpy.ndarray'>>: ")
2023-11-08 07:12:01,897 - distributed.worker - ERROR - failed during get data with ucx://127.0.0.1:39739 -> ucx://127.0.0.1:49883
Traceback (most recent call last):
  File "/opt/conda/envs/gdf/lib/python3.9/site-packages/distributed/comm/ucx.py", line 338, in write
    await self.ep.send(each_frame)
  File "/opt/conda/envs/gdf/lib/python3.9/site-packages/ucp/core.py", line 650, in send
    return await comm.tag_send(self._ep, buffer, nbytes, tag, name=log)
ucp._libs.exceptions.UCXError: <[Send #007] ep: 0x7f487c792240, tag: 0x63bfca9e7aa1e111, nbytes: 50000000, type: <class 'cupy.ndarray'>>: Connection reset by remote peer

During handling of the above exception, another exception occurred:

Traceback (most recent call last):
  File "/opt/conda/envs/gdf/lib/python3.9/site-packages/distributed/worker.py", line 1782, in get_data
    compressed = await comm.write(msg, serializers=serializers)
  File "/opt/conda/envs/gdf/lib/python3.9/site-packages/distributed/utils.py", line 803, in wrapper
    return await func(*args, **kwargs)
  File "/opt/conda/envs/gdf/lib/python3.9/site-packages/distributed/comm/ucx.py", line 342, in write
    raise CommClosedError("While writing, the connection was closed")
distributed.comm.core.CommClosedError: While writing, the connection was closed
2023-11-08 07:12:01,897 - distributed.worker - ERROR - failed during get data with ucx://127.0.0.1:47065 -> ucx://127.0.0.1:58955
Traceback (most recent call last):
  File "/opt/conda/envs/gdf/lib/python3.9/site-packages/distributed/comm/ucx.py", line 338, in write
    await self.ep.send(each_frame)
  File "/opt/conda/envs/gdf/lib/python3.9/site-packages/ucp/core.py", line 650, in send
    return await comm.tag_send(self._ep, buffer, nbytes, tag, name=log)
ucp._libs.exceptions.UCXError: <[Send #007] ep: 0x7f35384cf340, tag: 0xa6e139a56f915a27, nbytes: 50000000, type: <class 'cupy.ndarray'>>: Connection reset by remote peer

During handling of the above exception, another exception occurred:

Traceback (most recent call last):
  File "/opt/conda/envs/gdf/lib/python3.9/site-packages/distributed/worker.py", line 1782, in get_data
    compressed = await comm.write(msg, serializers=serializers)
  File "/opt/conda/envs/gdf/lib/python3.9/site-packages/distributed/utils.py", line 803, in wrapper
    return await func(*args, **kwargs)
  File "/opt/conda/envs/gdf/lib/python3.9/site-packages/distributed/comm/ucx.py", line 342, in write
    raise CommClosedError("While writing, the connection was closed")
distributed.comm.core.CommClosedError: While writing, the connection was closed
2023-11-08 07:12:01,897 - distributed.worker - ERROR - Worker stream died during communication: ucx://127.0.0.1:58955
Traceback (most recent call last):
  File "/opt/conda/envs/gdf/lib/python3.9/site-packages/distributed/comm/ucx.py", line 396, in read
    await self.ep.recv(each_frame)
  File "/opt/conda/envs/gdf/lib/python3.9/site-packages/ucp/core.py", line 725, in recv
    ret = await comm.tag_recv(self._ep, buffer, nbytes, tag, name=log)
ucp._libs.exceptions.UCXError: <[Recv #007] ep: 0x7f487c792140, tag: 0x72aee9b74b50269e, nbytes: 50000000, type: <class 'rmm._lib.device_buffer.DeviceBuffer'>>: Connection reset by remote peer

During handling of the above exception, another exception occurred:

Traceback (most recent call last):
  File "/opt/conda/envs/gdf/lib/python3.9/site-packages/distributed/worker.py", line 2059, in gather_dep
    response = await get_data_from_worker(
  File "/opt/conda/envs/gdf/lib/python3.9/site-packages/distributed/worker.py", line 2852, in get_data_from_worker
    response = await send_recv(
  File "/opt/conda/envs/gdf/lib/python3.9/site-packages/distributed/core.py", line 1106, in send_recv
    response = await comm.read(deserializers=deserializers)
  File "/opt/conda/envs/gdf/lib/python3.9/site-packages/distributed/utils.py", line 803, in wrapper
    return await func(*args, **kwargs)
  File "/opt/conda/envs/gdf/lib/python3.9/site-packages/distributed/comm/ucx.py", line 402, in read
    raise CommClosedError(
distributed.comm.core.CommClosedError: Connection closed by writer.
Inner exception: UCXError("<[Recv #007] ep: 0x7f487c792140, tag: 0x72aee9b74b50269e, nbytes: 50000000, type: <class 'rmm._lib.device_buffer.DeviceBuffer'>>: Connection reset by remote peer")
2023-11-08 07:12:01,898 - distributed.worker - ERROR - Worker stream died during communication: ucx://127.0.0.1:49883
Traceback (most recent call last):
  File "/opt/conda/envs/gdf/lib/python3.9/site-packages/distributed/comm/ucx.py", line 396, in read
    await self.ep.recv(each_frame)
  File "/opt/conda/envs/gdf/lib/python3.9/site-packages/ucp/core.py", line 725, in recv
    ret = await comm.tag_recv(self._ep, buffer, nbytes, tag, name=log)
ucp._libs.exceptions.UCXError: <[Recv #007] ep: 0x7f487c792180, tag: 0x314576f93b0eb171, nbytes: 50000000, type: <class 'rmm._lib.device_buffer.DeviceBuffer'>>: Connection reset by remote peer

During handling of the above exception, another exception occurred:

Traceback (most recent call last):
  File "/opt/conda/envs/gdf/lib/python3.9/site-packages/distributed/worker.py", line 2059, in gather_dep
    response = await get_data_from_worker(
  File "/opt/conda/envs/gdf/lib/python3.9/site-packages/distributed/worker.py", line 2852, in get_data_from_worker
    response = await send_recv(
  File "/opt/conda/envs/gdf/lib/python3.9/site-packages/distributed/core.py", line 1106, in send_recv
    response = await comm.read(deserializers=deserializers)
  File "/opt/conda/envs/gdf/lib/python3.9/site-packages/distributed/utils.py", line 803, in wrapper
    return await func(*args, **kwargs)
  File "/opt/conda/envs/gdf/lib/python3.9/site-packages/distributed/comm/ucx.py", line 402, in read
    raise CommClosedError(
distributed.comm.core.CommClosedError: Connection closed by writer.
Inner exception: UCXError("<[Recv #007] ep: 0x7f487c792180, tag: 0x314576f93b0eb171, nbytes: 50000000, type: <class 'rmm._lib.device_buffer.DeviceBuffer'>>: Connection reset by remote peer")
2023-11-08 07:12:01,899 - distributed.worker - ERROR - failed during get data with ucx://127.0.0.1:39739 -> ucx://127.0.0.1:58955
Traceback (most recent call last):
  File "/opt/conda/envs/gdf/lib/python3.9/site-packages/distributed/comm/ucx.py", line 338, in write
    await self.ep.send(each_frame)
  File "/opt/conda/envs/gdf/lib/python3.9/site-packages/ucp/core.py", line 650, in send
    return await comm.tag_send(self._ep, buffer, nbytes, tag, name=log)
ucp._libs.exceptions.UCXError: <[Send #007] ep: 0x7f487c792200, tag: 0x17678f82333e82d3, nbytes: 50000000, type: <class 'cupy.ndarray'>>: Connection reset by remote peer

During handling of the above exception, another exception occurred:

Traceback (most recent call last):
  File "/opt/conda/envs/gdf/lib/python3.9/site-packages/distributed/worker.py", line 1782, in get_data
    compressed = await comm.write(msg, serializers=serializers)
  File "/opt/conda/envs/gdf/lib/python3.9/site-packages/distributed/utils.py", line 803, in wrapper
    return await func(*args, **kwargs)
  File "/opt/conda/envs/gdf/lib/python3.9/site-packages/distributed/comm/ucx.py", line 342, in write
    raise CommClosedError("While writing, the connection was closed")
distributed.comm.core.CommClosedError: While writing, the connection was closed
2023-11-08 07:12:07,525 - distributed.nanny - WARNING - Restarting worker
2023-11-08 07:12:08,475 - distributed.nanny - WARNING - Restarting worker
2023-11-08 07:12:08,655 - distributed.nanny - WARNING - Restarting worker
2023-11-08 07:12:08,656 - distributed.nanny - WARNING - Restarting worker
2023-11-08 07:12:08,694 - distributed.nanny - WARNING - Restarting worker
/opt/conda/envs/gdf/lib/python3.9/multiprocessing/resource_tracker.py:216: UserWarning: resource_tracker: There appear to be 48 leaked semaphore objects to clean up at shutdown
  warnings.warn('resource_tracker: There appear to be %d '
