2023-06-25 06:43:46,559 - distributed.preloading - INFO - Creating preload: dask_cuda.initialize
2023-06-25 06:43:46,559 - distributed.preloading - INFO - Import preload module: dask_cuda.initialize
2023-06-25 06:43:46,571 - distributed.preloading - INFO - Creating preload: dask_cuda.initialize
2023-06-25 06:43:46,572 - distributed.preloading - INFO - Import preload module: dask_cuda.initialize
2023-06-25 06:43:46,572 - distributed.preloading - INFO - Creating preload: dask_cuda.initialize
2023-06-25 06:43:46,572 - distributed.preloading - INFO - Import preload module: dask_cuda.initialize
2023-06-25 06:43:46,584 - distributed.preloading - INFO - Creating preload: dask_cuda.initialize
2023-06-25 06:43:46,584 - distributed.preloading - INFO - Import preload module: dask_cuda.initialize
2023-06-25 06:43:46,591 - distributed.preloading - INFO - Creating preload: dask_cuda.initialize
2023-06-25 06:43:46,591 - distributed.preloading - INFO - Import preload module: dask_cuda.initialize
2023-06-25 06:43:46,598 - distributed.preloading - INFO - Creating preload: dask_cuda.initialize
2023-06-25 06:43:46,598 - distributed.preloading - INFO - Import preload module: dask_cuda.initialize
2023-06-25 06:43:46,604 - distributed.preloading - INFO - Creating preload: dask_cuda.initialize
2023-06-25 06:43:46,604 - distributed.preloading - INFO - Import preload module: dask_cuda.initialize
2023-06-25 06:43:46,613 - distributed.preloading - INFO - Creating preload: dask_cuda.initialize
2023-06-25 06:43:46,614 - distributed.preloading - INFO - Import preload module: dask_cuda.initialize
[dgx13:77200:0:77200] Caught signal 11 (Segmentation fault: address not mapped to object at address 0x448)
==== backtrace (tid:  77200) ====
 0  /opt/conda/envs/gdf/lib/libucs.so.0(ucs_handle_error+0x2fd) [0x7fda1436bf1d]
 1  /opt/conda/envs/gdf/lib/libucs.so.0(+0x29114) [0x7fda1436c114]
 2  /opt/conda/envs/gdf/lib/libucs.so.0(+0x292da) [0x7fda1436c2da]
 3  /usr/lib/x86_64-linux-gnu/libpthread.so.0(+0x14420) [0x7fdaa6b5d420]
 4  /opt/conda/envs/gdf/lib/libucp.so.0(ucp_mem_type_unpack+0x14) [0x7fda143e55d4]
 5  /opt/conda/envs/gdf/lib/libucp.so.0(ucp_rndv_data_handler+0x4e9) [0x7fda1440a859]
 6  /opt/conda/envs/gdf/lib/libuct.so.0(+0x2042f) [0x7fda1432742f]
 7  /opt/conda/envs/gdf/lib/libuct.so.0(+0x23798) [0x7fda1432a798]
 8  /opt/conda/envs/gdf/lib/libucs.so.0(ucs_event_set_wait+0xb9) [0x7fda14374989]
 9  /opt/conda/envs/gdf/lib/libuct.so.0(uct_tcp_iface_progress+0x7d) [0x7fda1432962d]
10  /opt/conda/envs/gdf/lib/libucp.so.0(ucp_worker_progress+0x5a) [0x7fda143e2c4a]
11  /opt/conda/envs/gdf/lib/python3.9/site-packages/ucp/_libs/ucx_api.cpython-39-x86_64-linux-gnu.so(+0x2b17a) [0x7fda1448d17a]
12  /opt/conda/envs/gdf/bin/python(+0x13eb08) [0x56108d560b08]
13  /opt/conda/envs/gdf/bin/python(_PyEval_EvalFrameDefault+0x5f82) [0x56108d551112]
14  /opt/conda/envs/gdf/bin/python(+0x12827a) [0x56108d54a27a]
15  /opt/conda/envs/gdf/bin/python(_PyFunction_Vectorcall+0xd5) [0x56108d55bc05]
16  /opt/conda/envs/gdf/bin/python(_PyEval_EvalFrameDefault+0x68b) [0x56108d54b81b]
17  /opt/conda/envs/gdf/bin/python(+0x14e70e) [0x56108d57070e]
18  /opt/conda/envs/gdf/lib/python3.9/lib-dynload/_asyncio.cpython-39-x86_64-linux-gnu.so(+0x82fe) [0x7fda267082fe]
19  /opt/conda/envs/gdf/bin/python(_PyObject_MakeTpCall+0x2fc) [0x56108d5542bc]
20  /opt/conda/envs/gdf/bin/python(+0xe5817) [0x56108d507817]
21  /opt/conda/envs/gdf/bin/python(+0x130f83) [0x56108d552f83]
22  /opt/conda/envs/gdf/bin/python(_PyEval_EvalFrameDefault+0x5ba6) [0x56108d550d36]
23  /opt/conda/envs/gdf/bin/python(+0x139ef3) [0x56108d55bef3]
24  /opt/conda/envs/gdf/bin/python(_PyEval_EvalFrameDefault+0x68b) [0x56108d54b81b]
25  /opt/conda/envs/gdf/bin/python(+0x139ef3) [0x56108d55bef3]
26  /opt/conda/envs/gdf/bin/python(_PyEval_EvalFrameDefault+0x68b) [0x56108d54b81b]
27  /opt/conda/envs/gdf/bin/python(+0x139ef3) [0x56108d55bef3]
28  /opt/conda/envs/gdf/bin/python(_PyEval_EvalFrameDefault+0x68b) [0x56108d54b81b]
29  /opt/conda/envs/gdf/bin/python(+0x139ef3) [0x56108d55bef3]
30  /opt/conda/envs/gdf/bin/python(_PyEval_EvalFrameDefault+0x68b) [0x56108d54b81b]
31  /opt/conda/envs/gdf/bin/python(+0x12827a) [0x56108d54a27a]
32  /opt/conda/envs/gdf/bin/python(_PyFunction_Vectorcall+0xd5) [0x56108d55bc05]
33  /opt/conda/envs/gdf/bin/python(_PyEval_EvalFrameDefault+0x4e17) [0x56108d54ffa7]
34  /opt/conda/envs/gdf/bin/python(+0x12827a) [0x56108d54a27a]
35  /opt/conda/envs/gdf/bin/python(+0x147935) [0x56108d569935]
36  /opt/conda/envs/gdf/bin/python(PyObject_Call+0xb4) [0x56108d56a104]
37  /opt/conda/envs/gdf/bin/python(+0x20efc8) [0x56108d630fc8]
38  /opt/conda/envs/gdf/bin/python(_PyObject_MakeTpCall+0x2fc) [0x56108d5542bc]
39  /opt/conda/envs/gdf/bin/python(_PyEval_EvalFrameDefault+0x402b) [0x56108d54f1bb]
40  /opt/conda/envs/gdf/bin/python(+0x139ef3) [0x56108d55bef3]
41  /opt/conda/envs/gdf/bin/python(+0x147c72) [0x56108d569c72]
42  /opt/conda/envs/gdf/bin/python(_PyEval_EvalFrameDefault+0x402b) [0x56108d54f1bb]
43  /opt/conda/envs/gdf/bin/python(+0x139ef3) [0x56108d55bef3]
44  /opt/conda/envs/gdf/bin/python(_PyEval_EvalFrameDefault+0x68b) [0x56108d54b81b]
45  /opt/conda/envs/gdf/bin/python(+0x12827a) [0x56108d54a27a]
46  /opt/conda/envs/gdf/bin/python(_PyFunction_Vectorcall+0xd5) [0x56108d55bc05]
47  /opt/conda/envs/gdf/bin/python(_PyEval_EvalFrameDefault+0x68b) [0x56108d54b81b]
48  /opt/conda/envs/gdf/bin/python(+0x139ef3) [0x56108d55bef3]
49  /opt/conda/envs/gdf/bin/python(_PyEval_EvalFrameDefault+0x3d8) [0x56108d54b568]
50  /opt/conda/envs/gdf/bin/python(+0x12827a) [0x56108d54a27a]
51  /opt/conda/envs/gdf/bin/python(_PyFunction_Vectorcall+0xd5) [0x56108d55bc05]
52  /opt/conda/envs/gdf/bin/python(_PyEval_EvalFrameDefault+0x123b) [0x56108d54c3cb]
53  /opt/conda/envs/gdf/bin/python(+0x12827a) [0x56108d54a27a]
54  /opt/conda/envs/gdf/bin/python(_PyEval_EvalCodeWithName+0x47) [0x56108d549f07]
55  /opt/conda/envs/gdf/bin/python(PyEval_EvalCodeEx+0x39) [0x56108d549eb9]
56  /opt/conda/envs/gdf/bin/python(PyEval_EvalCode+0x1b) [0x56108d5fa8bb]
57  /opt/conda/envs/gdf/bin/python(+0x206adc) [0x56108d628adc]
58  /opt/conda/envs/gdf/bin/python(+0x202c24) [0x56108d624c24]
59  /opt/conda/envs/gdf/bin/python(PyRun_StringFlags+0x9d) [0x56108d61c7ed]
60  /opt/conda/envs/gdf/bin/python(PyRun_SimpleStringFlags+0x3d) [0x56108d61c6bd]
61  /opt/conda/envs/gdf/bin/python(Py_RunMain+0x262) [0x56108d61b8a2]
=================================
[dgx13:77205:0:77205] Caught signal 11 (Segmentation fault: address not mapped to object at address 0x448)
==== backtrace (tid:  77205) ====
 0  /opt/conda/envs/gdf/lib/libucs.so.0(ucs_handle_error+0x2fd) [0x7fb6d16e8f1d]
 1  /opt/conda/envs/gdf/lib/libucs.so.0(+0x29114) [0x7fb6d16e9114]
 2  /opt/conda/envs/gdf/lib/libucs.so.0(+0x292da) [0x7fb6d16e92da]
 3  /usr/lib/x86_64-linux-gnu/libpthread.so.0(+0x14420) [0x7fb775ed9420]
 4  /opt/conda/envs/gdf/lib/libucp.so.0(ucp_mem_type_unpack+0x14) [0x7fb6d17625d4]
 5  /opt/conda/envs/gdf/lib/libucp.so.0(ucp_rndv_data_handler+0x4e9) [0x7fb6d1787859]
 6  /opt/conda/envs/gdf/lib/libuct.so.0(+0x2042f) [0x7fb6d16a442f]
 7  /opt/conda/envs/gdf/lib/libuct.so.0(+0x23798) [0x7fb6d16a7798]
 8  /opt/conda/envs/gdf/lib/libucs.so.0(ucs_event_set_wait+0xb9) [0x7fb6d16f1989]
 9  /opt/conda/envs/gdf/lib/libuct.so.0(uct_tcp_iface_progress+0x7d) [0x7fb6d16a662d]
10  /opt/conda/envs/gdf/lib/libucp.so.0(ucp_worker_progress+0x5a) [0x7fb6d175fc4a]
11  /opt/conda/envs/gdf/lib/python3.9/site-packages/ucp/_libs/ucx_api.cpython-39-x86_64-linux-gnu.so(+0x2b17a) [0x7fb6d180a17a]
12  /opt/conda/envs/gdf/bin/python(+0x13eb08) [0x55a8fa2c5b08]
13  /opt/conda/envs/gdf/bin/python(_PyEval_EvalFrameDefault+0x5f82) [0x55a8fa2b6112]
14  /opt/conda/envs/gdf/bin/python(+0x12827a) [0x55a8fa2af27a]
15  /opt/conda/envs/gdf/bin/python(_PyFunction_Vectorcall+0xd5) [0x55a8fa2c0c05]
16  /opt/conda/envs/gdf/bin/python(_PyEval_EvalFrameDefault+0x68b) [0x55a8fa2b081b]
17  /opt/conda/envs/gdf/bin/python(+0x14e70e) [0x55a8fa2d570e]
18  /opt/conda/envs/gdf/lib/python3.9/lib-dynload/_asyncio.cpython-39-x86_64-linux-gnu.so(+0x82fe) [0x7fb6f5a7f2fe]
19  /opt/conda/envs/gdf/bin/python(_PyObject_MakeTpCall+0x2fc) [0x55a8fa2b92bc]
20  /opt/conda/envs/gdf/bin/python(+0xe5817) [0x55a8fa26c817]
21  /opt/conda/envs/gdf/bin/python(+0x130f83) [0x55a8fa2b7f83]
22  /opt/conda/envs/gdf/bin/python(_PyEval_EvalFrameDefault+0x5ba6) [0x55a8fa2b5d36]
23  /opt/conda/envs/gdf/bin/python(+0x139ef3) [0x55a8fa2c0ef3]
24  /opt/conda/envs/gdf/bin/python(_PyEval_EvalFrameDefault+0x68b) [0x55a8fa2b081b]
25  /opt/conda/envs/gdf/bin/python(+0x139ef3) [0x55a8fa2c0ef3]
26  /opt/conda/envs/gdf/bin/python(_PyEval_EvalFrameDefault+0x68b) [0x55a8fa2b081b]
27  /opt/conda/envs/gdf/bin/python(+0x139ef3) [0x55a8fa2c0ef3]
28  /opt/conda/envs/gdf/bin/python(_PyEval_EvalFrameDefault+0x68b) [0x55a8fa2b081b]
29  /opt/conda/envs/gdf/bin/python(+0x139ef3) [0x55a8fa2c0ef3]
30  /opt/conda/envs/gdf/bin/python(_PyEval_EvalFrameDefault+0x68b) [0x55a8fa2b081b]
31  /opt/conda/envs/gdf/bin/python(+0x12827a) [0x55a8fa2af27a]
32  /opt/conda/envs/gdf/bin/python(_PyFunction_Vectorcall+0xd5) [0x55a8fa2c0c05]
33  /opt/conda/envs/gdf/bin/python(_PyEval_EvalFrameDefault+0x4e17) [0x55a8fa2b4fa7]
34  /opt/conda/envs/gdf/bin/python(+0x12827a) [0x55a8fa2af27a]
35  /opt/conda/envs/gdf/bin/python(+0x147935) [0x55a8fa2ce935]
36  /opt/conda/envs/gdf/bin/python(PyObject_Call+0xb4) [0x55a8fa2cf104]
37  /opt/conda/envs/gdf/bin/python(+0x20efc8) [0x55a8fa395fc8]
38  /opt/conda/envs/gdf/bin/python(_PyObject_MakeTpCall+0x2fc) [0x55a8fa2b92bc]
39  /opt/conda/envs/gdf/bin/python(_PyEval_EvalFrameDefault+0x402b) [0x55a8fa2b41bb]
40  /opt/conda/envs/gdf/bin/python(+0x139ef3) [0x55a8fa2c0ef3]
41  /opt/conda/envs/gdf/bin/python(+0x147c72) [0x55a8fa2cec72]
42  /opt/conda/envs/gdf/bin/python(_PyEval_EvalFrameDefault+0x402b) [0x55a8fa2b41bb]
43  /opt/conda/envs/gdf/bin/python(+0x139ef3) [0x55a8fa2c0ef3]
44  /opt/conda/envs/gdf/bin/python(_PyEval_EvalFrameDefault+0x68b) [0x55a8fa2b081b]
45  /opt/conda/envs/gdf/bin/python(+0x12827a) [0x55a8fa2af27a]
46  /opt/conda/envs/gdf/bin/python(_PyFunction_Vectorcall+0xd5) [0x55a8fa2c0c05]
47  /opt/conda/envs/gdf/bin/python(_PyEval_EvalFrameDefault+0x68b) [0x55a8fa2b081b]
48  /opt/conda/envs/gdf/bin/python(+0x139ef3) [0x55a8fa2c0ef3]
49  /opt/conda/envs/gdf/bin/python(_PyEval_EvalFrameDefault+0x3d8) [0x55a8fa2b0568]
50  /opt/conda/envs/gdf/bin/python(+0x12827a) [0x55a8fa2af27a]
51  /opt/conda/envs/gdf/bin/python(_PyFunction_Vectorcall+0xd5) [0x55a8fa2c0c05]
52  /opt/conda/envs/gdf/bin/python(_PyEval_EvalFrameDefault+0x123b) [0x55a8fa2b13cb]
53  /opt/conda/envs/gdf/bin/python(+0x12827a) [0x55a8fa2af27a]
54  /opt/conda/envs/gdf/bin/python(_PyEval_EvalCodeWithName+0x47) [0x55a8fa2aef07]
55  /opt/conda/envs/gdf/bin/python(PyEval_EvalCodeEx+0x39) [0x55a8fa2aeeb9]
56  /opt/conda/envs/gdf/bin/python(PyEval_EvalCode+0x1b) [0x55a8fa35f8bb]
57  /opt/conda/envs/gdf/bin/python(+0x206adc) [0x55a8fa38dadc]
58  /opt/conda/envs/gdf/bin/python(+0x202c24) [0x55a8fa389c24]
59  /opt/conda/envs/gdf/bin/python(PyRun_StringFlags+0x9d) [0x55a8fa3817ed]
60  /opt/conda/envs/gdf/bin/python(PyRun_SimpleStringFlags+0x3d) [0x55a8fa3816bd]
61  /opt/conda/envs/gdf/bin/python(Py_RunMain+0x262) [0x55a8fa3808a2]
=================================
[dgx13:77208:0:77208] Caught signal 11 (Segmentation fault: address not mapped to object at address 0x448)
==== backtrace (tid:  77208) ====
 0  /opt/conda/envs/gdf/lib/libucs.so.0(ucs_handle_error+0x2fd) [0x7f31b407bf1d]
 1  /opt/conda/envs/gdf/lib/libucs.so.0(+0x29114) [0x7f31b407c114]
 2  /opt/conda/envs/gdf/lib/libucs.so.0(+0x292da) [0x7f31b407c2da]
 3  /usr/lib/x86_64-linux-gnu/libpthread.so.0(+0x14420) [0x7f3245fb1420]
 4  /opt/conda/envs/gdf/lib/libucp.so.0(ucp_mem_type_unpack+0x14) [0x7f31a17825d4]
 5  /opt/conda/envs/gdf/lib/libucp.so.0(ucp_rndv_data_handler+0x4e9) [0x7f31a17a7859]
 6  /opt/conda/envs/gdf/lib/libuct.so.0(+0x2042f) [0x7f31b403742f]
 7  /opt/conda/envs/gdf/lib/libuct.so.0(+0x23798) [0x7f31b403a798]
 8  /opt/conda/envs/gdf/lib/libucs.so.0(ucs_event_set_wait+0xb9) [0x7f31b4084989]
 9  /opt/conda/envs/gdf/lib/libuct.so.0(uct_tcp_iface_progress+0x7d) [0x7f31b403962d]
10  /opt/conda/envs/gdf/lib/libucp.so.0(ucp_worker_progress+0x5a) [0x7f31a177fc4a]
11  /opt/conda/envs/gdf/lib/python3.9/site-packages/ucp/_libs/ucx_api.cpython-39-x86_64-linux-gnu.so(+0x2b17a) [0x7f31b40da17a]
12  /opt/conda/envs/gdf/bin/python(+0x13eb08) [0x561971c1fb08]
13  /opt/conda/envs/gdf/bin/python(_PyEval_EvalFrameDefault+0x5f82) [0x561971c10112]
14  /opt/conda/envs/gdf/bin/python(+0x12827a) [0x561971c0927a]
15  /opt/conda/envs/gdf/bin/python(_PyFunction_Vectorcall+0xd5) [0x561971c1ac05]
16  /opt/conda/envs/gdf/bin/python(_PyEval_EvalFrameDefault+0x68b) [0x561971c0a81b]
17  /opt/conda/envs/gdf/bin/python(+0x14e70e) [0x561971c2f70e]
18  /opt/conda/envs/gdf/lib/python3.9/lib-dynload/_asyncio.cpython-39-x86_64-linux-gnu.so(+0x82fe) [0x7f31c5b592fe]
19  /opt/conda/envs/gdf/bin/python(_PyObject_MakeTpCall+0x2fc) [0x561971c132bc]
20  /opt/conda/envs/gdf/bin/python(+0xe5817) [0x561971bc6817]
21  /opt/conda/envs/gdf/bin/python(+0x130f83) [0x561971c11f83]
22  /opt/conda/envs/gdf/bin/python(_PyEval_EvalFrameDefault+0x5ba6) [0x561971c0fd36]
23  /opt/conda/envs/gdf/bin/python(+0x139ef3) [0x561971c1aef3]
24  /opt/conda/envs/gdf/bin/python(_PyEval_EvalFrameDefault+0x68b) [0x561971c0a81b]
25  /opt/conda/envs/gdf/bin/python(+0x139ef3) [0x561971c1aef3]
26  /opt/conda/envs/gdf/bin/python(_PyEval_EvalFrameDefault+0x68b) [0x561971c0a81b]
27  /opt/conda/envs/gdf/bin/python(+0x139ef3) [0x561971c1aef3]
28  /opt/conda/envs/gdf/bin/python(_PyEval_EvalFrameDefault+0x68b) [0x561971c0a81b]
29  /opt/conda/envs/gdf/bin/python(+0x139ef3) [0x561971c1aef3]
30  /opt/conda/envs/gdf/bin/python(_PyEval_EvalFrameDefault+0x68b) [0x561971c0a81b]
31  /opt/conda/envs/gdf/bin/python(+0x12827a) [0x561971c0927a]
32  /opt/conda/envs/gdf/bin/python(_PyFunction_Vectorcall+0xd5) [0x561971c1ac05]
33  /opt/conda/envs/gdf/bin/python(_PyEval_EvalFrameDefault+0x4e17) [0x561971c0efa7]
34  /opt/conda/envs/gdf/bin/python(+0x12827a) [0x561971c0927a]
35  /opt/conda/envs/gdf/bin/python(+0x147935) [0x561971c28935]
36  /opt/conda/envs/gdf/bin/python(PyObject_Call+0xb4) [0x561971c29104]
37  /opt/conda/envs/gdf/bin/python(+0x20efc8) [0x561971ceffc8]
38  /opt/conda/envs/gdf/bin/python(_PyObject_MakeTpCall+0x2fc) [0x561971c132bc]
39  /opt/conda/envs/gdf/bin/python(_PyEval_EvalFrameDefault+0x402b) [0x561971c0e1bb]
40  /opt/conda/envs/gdf/bin/python(+0x139ef3) [0x561971c1aef3]
41  /opt/conda/envs/gdf/bin/python(+0x147c72) [0x561971c28c72]
42  /opt/conda/envs/gdf/bin/python(_PyEval_EvalFrameDefault+0x402b) [0x561971c0e1bb]
43  /opt/conda/envs/gdf/bin/python(+0x139ef3) [0x561971c1aef3]
44  /opt/conda/envs/gdf/bin/python(_PyEval_EvalFrameDefault+0x68b) [0x561971c0a81b]
45  /opt/conda/envs/gdf/bin/python(+0x12827a) [0x561971c0927a]
46  /opt/conda/envs/gdf/bin/python(_PyFunction_Vectorcall+0xd5) [0x561971c1ac05]
47  /opt/conda/envs/gdf/bin/python(_PyEval_EvalFrameDefault+0x68b) [0x561971c0a81b]
48  /opt/conda/envs/gdf/bin/python(+0x139ef3) [0x561971c1aef3]
49  /opt/conda/envs/gdf/bin/python(_PyEval_EvalFrameDefault+0x3d8) [0x561971c0a568]
50  /opt/conda/envs/gdf/bin/python(+0x12827a) [0x561971c0927a]
51  /opt/conda/envs/gdf/bin/python(_PyFunction_Vectorcall+0xd5) [0x561971c1ac05]
52  /opt/conda/envs/gdf/bin/python(_PyEval_EvalFrameDefault+0x123b) [0x561971c0b3cb]
53  /opt/conda/envs/gdf/bin/python(+0x12827a) [0x561971c0927a]
54  /opt/conda/envs/gdf/bin/python(_PyEval_EvalCodeWithName+0x47) [0x561971c08f07]
55  /opt/conda/envs/gdf/bin/python(PyEval_EvalCodeEx+0x39) [0x561971c08eb9]
56  /opt/conda/envs/gdf/bin/python(PyEval_EvalCode+0x1b) [0x561971cb98bb]
57  /opt/conda/envs/gdf/bin/python(+0x206adc) [0x561971ce7adc]
58  /opt/conda/envs/gdf/bin/python(+0x202c24) [0x561971ce3c24]
59  /opt/conda/envs/gdf/bin/python(PyRun_StringFlags+0x9d) [0x561971cdb7ed]
60  /opt/conda/envs/gdf/bin/python(PyRun_SimpleStringFlags+0x3d) [0x561971cdb6bd]
61  /opt/conda/envs/gdf/bin/python(Py_RunMain+0x262) [0x561971cda8a2]
=================================
[dgx13:77202:0:77202] Caught signal 11 (Segmentation fault: address not mapped to object at address 0x448)
==== backtrace (tid:  77202) ====
 0  /opt/conda/envs/gdf/lib/libucs.so.0(ucs_handle_error+0x2fd) [0x7f2748e2af1d]
 1  /opt/conda/envs/gdf/lib/libucs.so.0(+0x29114) [0x7f2748e2b114]
 2  /opt/conda/envs/gdf/lib/libucs.so.0(+0x292da) [0x7f2748e2b2da]
 3  /usr/lib/x86_64-linux-gnu/libpthread.so.0(+0x14420) [0x7f27db62f420]
 4  /opt/conda/envs/gdf/lib/libucp.so.0(ucp_mem_type_unpack+0x14) [0x7f2748ea45d4]
 5  /opt/conda/envs/gdf/lib/libucp.so.0(ucp_rndv_data_handler+0x4e9) [0x7f2748ec9859]
 6  /opt/conda/envs/gdf/lib/libuct.so.0(+0x2042f) [0x7f2748de642f]
 7  /opt/conda/envs/gdf/lib/libuct.so.0(+0x23798) [0x7f2748de9798]
 8  /opt/conda/envs/gdf/lib/libucs.so.0(ucs_event_set_wait+0xb9) [0x7f2748e33989]
 9  /opt/conda/envs/gdf/lib/libuct.so.0(uct_tcp_iface_progress+0x7d) [0x7f2748de862d]
10  /opt/conda/envs/gdf/lib/libucp.so.0(ucp_worker_progress+0x5a) [0x7f2748ea1c4a]
11  /opt/conda/envs/gdf/lib/python3.9/site-packages/ucp/_libs/ucx_api.cpython-39-x86_64-linux-gnu.so(+0x2b17a) [0x7f2748f4c17a]
12  /opt/conda/envs/gdf/bin/python(+0x13eb08) [0x55660e9bbb08]
13  /opt/conda/envs/gdf/bin/python(_PyEval_EvalFrameDefault+0x5f82) [0x55660e9ac112]
14  /opt/conda/envs/gdf/bin/python(+0x12827a) [0x55660e9a527a]
15  /opt/conda/envs/gdf/bin/python(_PyFunction_Vectorcall+0xd5) [0x55660e9b6c05]
16  /opt/conda/envs/gdf/bin/python(_PyEval_EvalFrameDefault+0x68b) [0x55660e9a681b]
17  /opt/conda/envs/gdf/bin/python(+0x139ef3) [0x55660e9b6ef3]
18  /opt/conda/envs/gdf/bin/python(+0x147a16) [0x55660e9c4a16]
19  /opt/conda/envs/gdf/bin/python(+0x2579b1) [0x55660ead49b1]
20  /opt/conda/envs/gdf/bin/python(+0xe5817) [0x55660e962817]
21  /opt/conda/envs/gdf/bin/python(+0x130f83) [0x55660e9adf83]
22  /opt/conda/envs/gdf/bin/python(_PyEval_EvalFrameDefault+0x5ba6) [0x55660e9abd36]
23  /opt/conda/envs/gdf/bin/python(+0x139ef3) [0x55660e9b6ef3]
24  /opt/conda/envs/gdf/bin/python(_PyEval_EvalFrameDefault+0x68b) [0x55660e9a681b]
25  /opt/conda/envs/gdf/bin/python(+0x139ef3) [0x55660e9b6ef3]
26  /opt/conda/envs/gdf/bin/python(_PyEval_EvalFrameDefault+0x68b) [0x55660e9a681b]
27  /opt/conda/envs/gdf/bin/python(+0x139ef3) [0x55660e9b6ef3]
28  /opt/conda/envs/gdf/bin/python(_PyEval_EvalFrameDefault+0x68b) [0x55660e9a681b]
29  /opt/conda/envs/gdf/bin/python(+0x139ef3) [0x55660e9b6ef3]
30  /opt/conda/envs/gdf/bin/python(_PyEval_EvalFrameDefault+0x68b) [0x55660e9a681b]
31  /opt/conda/envs/gdf/bin/python(+0x12827a) [0x55660e9a527a]
32  /opt/conda/envs/gdf/bin/python(_PyFunction_Vectorcall+0xd5) [0x55660e9b6c05]
33  /opt/conda/envs/gdf/bin/python(_PyEval_EvalFrameDefault+0x4e17) [0x55660e9aafa7]
34  /opt/conda/envs/gdf/bin/python(+0x12827a) [0x55660e9a527a]
35  /opt/conda/envs/gdf/bin/python(+0x147935) [0x55660e9c4935]
36  /opt/conda/envs/gdf/bin/python(PyObject_Call+0xb4) [0x55660e9c5104]
37  /opt/conda/envs/gdf/bin/python(+0x20efc8) [0x55660ea8bfc8]
38  /opt/conda/envs/gdf/bin/python(_PyObject_MakeTpCall+0x2fc) [0x55660e9af2bc]
39  /opt/conda/envs/gdf/bin/python(_PyEval_EvalFrameDefault+0x402b) [0x55660e9aa1bb]
40  /opt/conda/envs/gdf/bin/python(+0x139ef3) [0x55660e9b6ef3]
41  /opt/conda/envs/gdf/bin/python(+0x147c72) [0x55660e9c4c72]
42  /opt/conda/envs/gdf/bin/python(_PyEval_EvalFrameDefault+0x402b) [0x55660e9aa1bb]
43  /opt/conda/envs/gdf/bin/python(+0x139ef3) [0x55660e9b6ef3]
44  /opt/conda/envs/gdf/bin/python(_PyEval_EvalFrameDefault+0x68b) [0x55660e9a681b]
45  /opt/conda/envs/gdf/bin/python(+0x12827a) [0x55660e9a527a]
46  /opt/conda/envs/gdf/bin/python(_PyFunction_Vectorcall+0xd5) [0x55660e9b6c05]
47  /opt/conda/envs/gdf/bin/python(_PyEval_EvalFrameDefault+0x68b) [0x55660e9a681b]
48  /opt/conda/envs/gdf/bin/python(+0x139ef3) [0x55660e9b6ef3]
49  /opt/conda/envs/gdf/bin/python(_PyEval_EvalFrameDefault+0x3d8) [0x55660e9a6568]
50  /opt/conda/envs/gdf/bin/python(+0x12827a) [0x55660e9a527a]
51  /opt/conda/envs/gdf/bin/python(_PyFunction_Vectorcall+0xd5) [0x55660e9b6c05]
52  /opt/conda/envs/gdf/bin/python(_PyEval_EvalFrameDefault+0x123b) [0x55660e9a73cb]
53  /opt/conda/envs/gdf/bin/python(+0x12827a) [0x55660e9a527a]
54  /opt/conda/envs/gdf/bin/python(_PyEval_EvalCodeWithName+0x47) [0x55660e9a4f07]
55  /opt/conda/envs/gdf/bin/python(PyEval_EvalCodeEx+0x39) [0x55660e9a4eb9]
56  /opt/conda/envs/gdf/bin/python(PyEval_EvalCode+0x1b) [0x55660ea558bb]
57  /opt/conda/envs/gdf/bin/python(+0x206adc) [0x55660ea83adc]
58  /opt/conda/envs/gdf/bin/python(+0x202c24) [0x55660ea7fc24]
59  /opt/conda/envs/gdf/bin/python(PyRun_StringFlags+0x9d) [0x55660ea777ed]
60  /opt/conda/envs/gdf/bin/python(PyRun_SimpleStringFlags+0x3d) [0x55660ea776bd]
61  /opt/conda/envs/gdf/bin/python(Py_RunMain+0x262) [0x55660ea768a2]
=================================
[dgx13:77211:0:77211] Caught signal 11 (Segmentation fault: address not mapped to object at address 0x448)
==== backtrace (tid:  77211) ====
 0  /opt/conda/envs/gdf/lib/libucs.so.0(ucs_handle_error+0x2fd) [0x7feaa3769f1d]
 1  /opt/conda/envs/gdf/lib/libucs.so.0(+0x29114) [0x7feaa376a114]
 2  /opt/conda/envs/gdf/lib/libucs.so.0(+0x292da) [0x7feaa376a2da]
 3  /usr/lib/x86_64-linux-gnu/libpthread.so.0(+0x14420) [0x7feb47f75420]
 4  /opt/conda/envs/gdf/lib/libucp.so.0(ucp_mem_type_unpack+0x14) [0x7feaa37e35d4]
 5  /opt/conda/envs/gdf/lib/libucp.so.0(ucp_rndv_data_handler+0x4e9) [0x7feaa3808859]
 6  /opt/conda/envs/gdf/lib/libuct.so.0(+0x2042f) [0x7feaa372542f]
 7  /opt/conda/envs/gdf/lib/libuct.so.0(+0x23798) [0x7feaa3728798]
 8  /opt/conda/envs/gdf/lib/libucs.so.0(ucs_event_set_wait+0xb9) [0x7feaa3772989]
 9  /opt/conda/envs/gdf/lib/libuct.so.0(uct_tcp_iface_progress+0x7d) [0x7feaa372762d]
10  /opt/conda/envs/gdf/lib/libucp.so.0(ucp_worker_progress+0x5a) [0x7feaa37e0c4a]
11  /opt/conda/envs/gdf/lib/python3.9/site-packages/ucp/_libs/ucx_api.cpython-39-x86_64-linux-gnu.so(+0x2b17a) [0x7feaa388b17a]
12  /opt/conda/envs/gdf/bin/python(+0x13eb08) [0x55c960973b08]
13  /opt/conda/envs/gdf/bin/python(_PyEval_EvalFrameDefault+0x5f82) [0x55c960964112]
14  /opt/conda/envs/gdf/bin/python(+0x12827a) [0x55c96095d27a]
15  /opt/conda/envs/gdf/bin/python(_PyFunction_Vectorcall+0xd5) [0x55c96096ec05]
16  /opt/conda/envs/gdf/bin/python(_PyEval_EvalFrameDefault+0x68b) [0x55c96095e81b]
17  /opt/conda/envs/gdf/bin/python(+0x14e70e) [0x55c96098370e]
18  /opt/conda/envs/gdf/lib/python3.9/lib-dynload/_asyncio.cpython-39-x86_64-linux-gnu.so(+0x82fe) [0x7feac7b1b2fe]
19  /opt/conda/envs/gdf/bin/python(_PyObject_MakeTpCall+0x2fc) [0x55c9609672bc]
20  /opt/conda/envs/gdf/bin/python(+0xe5817) [0x55c96091a817]
21  /opt/conda/envs/gdf/bin/python(+0x130f83) [0x55c960965f83]
22  /opt/conda/envs/gdf/bin/python(_PyEval_EvalFrameDefault+0x5ba6) [0x55c960963d36]
23  /opt/conda/envs/gdf/bin/python(+0x139ef3) [0x55c96096eef3]
24  /opt/conda/envs/gdf/bin/python(_PyEval_EvalFrameDefault+0x68b) [0x55c96095e81b]
25  /opt/conda/envs/gdf/bin/python(+0x139ef3) [0x55c96096eef3]
26  /opt/conda/envs/gdf/bin/python(_PyEval_EvalFrameDefault+0x68b) [0x55c96095e81b]
27  /opt/conda/envs/gdf/bin/python(+0x139ef3) [0x55c96096eef3]
28  /opt/conda/envs/gdf/bin/python(_PyEval_EvalFrameDefault+0x68b) [0x55c96095e81b]
29  /opt/conda/envs/gdf/bin/python(+0x139ef3) [0x55c96096eef3]
30  /opt/conda/envs/gdf/bin/python(_PyEval_EvalFrameDefault+0x68b) [0x55c96095e81b]
31  /opt/conda/envs/gdf/bin/python(+0x12827a) [0x55c96095d27a]
32  /opt/conda/envs/gdf/bin/python(_PyFunction_Vectorcall+0xd5) [0x55c96096ec05]
33  /opt/conda/envs/gdf/bin/python(_PyEval_EvalFrameDefault+0x4e17) [0x55c960962fa7]
34  /opt/conda/envs/gdf/bin/python(+0x12827a) [0x55c96095d27a]
35  /opt/conda/envs/gdf/bin/python(+0x147935) [0x55c96097c935]
36  /opt/conda/envs/gdf/bin/python(PyObject_Call+0xb4) [0x55c96097d104]
37  /opt/conda/envs/gdf/bin/python(+0x20efc8) [0x55c960a43fc8]
38  /opt/conda/envs/gdf/bin/python(_PyObject_MakeTpCall+0x2fc) [0x55c9609672bc]
39  /opt/conda/envs/gdf/bin/python(_PyEval_EvalFrameDefault+0x402b) [0x55c9609621bb]
40  /opt/conda/envs/gdf/bin/python(+0x139ef3) [0x55c96096eef3]
41  /opt/conda/envs/gdf/bin/python(+0x147c72) [0x55c96097cc72]
42  /opt/conda/envs/gdf/bin/python(_PyEval_EvalFrameDefault+0x402b) [0x55c9609621bb]
43  /opt/conda/envs/gdf/bin/python(+0x139ef3) [0x55c96096eef3]
44  /opt/conda/envs/gdf/bin/python(_PyEval_EvalFrameDefault+0x68b) [0x55c96095e81b]
45  /opt/conda/envs/gdf/bin/python(+0x12827a) [0x55c96095d27a]
46  /opt/conda/envs/gdf/bin/python(_PyFunction_Vectorcall+0xd5) [0x55c96096ec05]
47  /opt/conda/envs/gdf/bin/python(_PyEval_EvalFrameDefault+0x68b) [0x55c96095e81b]
48  /opt/conda/envs/gdf/bin/python(+0x139ef3) [0x55c96096eef3]
49  /opt/conda/envs/gdf/bin/python(_PyEval_EvalFrameDefault+0x3d8) [0x55c96095e568]
50  /opt/conda/envs/gdf/bin/python(+0x12827a) [0x55c96095d27a]
51  /opt/conda/envs/gdf/bin/python(_PyFunction_Vectorcall+0xd5) [0x55c96096ec05]
52  /opt/conda/envs/gdf/bin/python(_PyEval_EvalFrameDefault+0x123b) [0x55c96095f3cb]
53  /opt/conda/envs/gdf/bin/python(+0x12827a) [0x55c96095d27a]
54  /opt/conda/envs/gdf/bin/python(_PyEval_EvalCodeWithName+0x47) [0x55c96095cf07]
55  /opt/conda/envs/gdf/bin/python(PyEval_EvalCodeEx+0x39) [0x55c96095ceb9]
56  /opt/conda/envs/gdf/bin/python(PyEval_EvalCode+0x1b) [0x55c960a0d8bb]
57  /opt/conda/envs/gdf/bin/python(+0x206adc) [0x55c960a3badc]
58  /opt/conda/envs/gdf/bin/python(+0x202c24) [0x55c960a37c24]
59  /opt/conda/envs/gdf/bin/python(PyRun_StringFlags+0x9d) [0x55c960a2f7ed]
60  /opt/conda/envs/gdf/bin/python(PyRun_SimpleStringFlags+0x3d) [0x55c960a2f6bd]
61  /opt/conda/envs/gdf/bin/python(Py_RunMain+0x262) [0x55c960a2e8a2]
=================================
Task exception was never retrieved
future: <Task finished name='Task-310' coro=<_listener_handler_coroutine() done, defined at /opt/conda/envs/gdf/lib/python3.9/site-packages/ucp/core.py:128> exception=UCXError('<stream_send>: Connection reset by remote peer')>
Traceback (most recent call last):
  File "/opt/conda/envs/gdf/lib/python3.9/site-packages/ucp/core.py", line 143, in _listener_handler_coroutine
    peer_info = await exchange_peer_info(
  File "/opt/conda/envs/gdf/lib/python3.9/site-packages/ucp/core.py", line 51, in exchange_peer_info
    await comm.stream_send(endpoint, my_info_arr, my_info_arr.nbytes)
ucp._libs.exceptions.UCXError: <stream_send>: Connection reset by remote peer
2023-06-25 06:43:50,568 - distributed.worker - ERROR - Worker stream died during communication: ucx://127.0.0.1:54963
Traceback (most recent call last):
  File "/opt/conda/envs/gdf/lib/python3.9/site-packages/distributed/comm/ucx.py", line 466, in connect
    ep = await ucp.create_endpoint(ip, port)
  File "/opt/conda/envs/gdf/lib/python3.9/site-packages/ucp/core.py", line 1004, in create_endpoint
    return await _get_ctx().create_endpoint(
  File "/opt/conda/envs/gdf/lib/python3.9/site-packages/ucp/core.py", line 316, in create_endpoint
    peer_info = await exchange_peer_info(
  File "/opt/conda/envs/gdf/lib/python3.9/site-packages/ucp/core.py", line 54, in exchange_peer_info
    await comm.stream_recv(endpoint, peer_info_arr, peer_info_arr.nbytes)
ucp._libs.exceptions.UCXNotConnected: <stream_recv>: 

During handling of the above exception, another exception occurred:

Traceback (most recent call last):
  File "/opt/conda/envs/gdf/lib/python3.9/site-packages/distributed/comm/core.py", line 292, in connect
    comm = await wait_for(
  File "/opt/conda/envs/gdf/lib/python3.9/site-packages/distributed/utils.py", line 1849, in wait_for
    return await asyncio.wait_for(fut, timeout)
  File "/opt/conda/envs/gdf/lib/python3.9/asyncio/tasks.py", line 479, in wait_for
    return fut.result()
  File "/opt/conda/envs/gdf/lib/python3.9/site-packages/distributed/comm/ucx.py", line 468, in connect
    raise CommClosedError("Connection closed before handshake completed")
distributed.comm.core.CommClosedError: Connection closed before handshake completed

During handling of the above exception, another exception occurred:

Traceback (most recent call last):
  File "/opt/conda/envs/gdf/lib/python3.9/site-packages/distributed/core.py", line 1427, in _connect
    comm = await connect(
  File "/opt/conda/envs/gdf/lib/python3.9/site-packages/distributed/comm/core.py", line 316, in connect
    await asyncio.sleep(backoff)
  File "/opt/conda/envs/gdf/lib/python3.9/asyncio/tasks.py", line 652, in sleep
    return await future
asyncio.exceptions.CancelledError

During handling of the above exception, another exception occurred:

Traceback (most recent call last):
  File "/opt/conda/envs/gdf/lib/python3.9/site-packages/distributed/worker.py", line 2066, in gather_dep
    response = await get_data_from_worker(
  File "/opt/conda/envs/gdf/lib/python3.9/site-packages/distributed/worker.py", line 2889, in get_data_from_worker
    comm = await rpc.connect(worker)
  File "/opt/conda/envs/gdf/lib/python3.9/site-packages/distributed/core.py", line 1506, in connect
    return await connect_attempt
  File "/opt/conda/envs/gdf/lib/python3.9/site-packages/distributed/core.py", line 1450, in _connect
    raise CommClosedError(reason)
distributed.comm.core.CommClosedError: Address removed.
2023-06-25 06:43:50,569 - distributed.worker - ERROR - Worker stream died during communication: ucx://127.0.0.1:54963
Traceback (most recent call last):
  File "/opt/conda/envs/gdf/lib/python3.9/site-packages/distributed/comm/ucx.py", line 466, in connect
    ep = await ucp.create_endpoint(ip, port)
  File "/opt/conda/envs/gdf/lib/python3.9/site-packages/ucp/core.py", line 1004, in create_endpoint
    return await _get_ctx().create_endpoint(
  File "/opt/conda/envs/gdf/lib/python3.9/site-packages/ucp/core.py", line 316, in create_endpoint
    peer_info = await exchange_peer_info(
  File "/opt/conda/envs/gdf/lib/python3.9/site-packages/ucp/core.py", line 54, in exchange_peer_info
    await comm.stream_recv(endpoint, peer_info_arr, peer_info_arr.nbytes)
ucp._libs.exceptions.UCXError: <stream_recv>: Connection reset by remote peer

During handling of the above exception, another exception occurred:

Traceback (most recent call last):
  File "/opt/conda/envs/gdf/lib/python3.9/site-packages/distributed/comm/core.py", line 292, in connect
    comm = await wait_for(
  File "/opt/conda/envs/gdf/lib/python3.9/site-packages/distributed/utils.py", line 1849, in wait_for
    return await asyncio.wait_for(fut, timeout)
  File "/opt/conda/envs/gdf/lib/python3.9/asyncio/tasks.py", line 479, in wait_for
    return fut.result()
  File "/opt/conda/envs/gdf/lib/python3.9/site-packages/distributed/comm/ucx.py", line 468, in connect
    raise CommClosedError("Connection closed before handshake completed")
distributed.comm.core.CommClosedError: Connection closed before handshake completed

During handling of the above exception, another exception occurred:

Traceback (most recent call last):
  File "/opt/conda/envs/gdf/lib/python3.9/site-packages/distributed/core.py", line 1427, in _connect
    comm = await connect(
  File "/opt/conda/envs/gdf/lib/python3.9/site-packages/distributed/comm/core.py", line 316, in connect
    await asyncio.sleep(backoff)
  File "/opt/conda/envs/gdf/lib/python3.9/asyncio/tasks.py", line 652, in sleep
    return await future
asyncio.exceptions.CancelledError

During handling of the above exception, another exception occurred:

Traceback (most recent call last):
  File "/opt/conda/envs/gdf/lib/python3.9/site-packages/distributed/worker.py", line 2066, in gather_dep
    response = await get_data_from_worker(
  File "/opt/conda/envs/gdf/lib/python3.9/site-packages/distributed/worker.py", line 2889, in get_data_from_worker
    comm = await rpc.connect(worker)
  File "/opt/conda/envs/gdf/lib/python3.9/site-packages/distributed/core.py", line 1506, in connect
    return await connect_attempt
  File "/opt/conda/envs/gdf/lib/python3.9/site-packages/distributed/core.py", line 1450, in _connect
    raise CommClosedError(reason)
distributed.comm.core.CommClosedError: Address removed.
Task exception was never retrieved
future: <Task finished name='Task-308' coro=<_listener_handler_coroutine() done, defined at /opt/conda/envs/gdf/lib/python3.9/site-packages/ucp/core.py:128> exception=UCXError('<stream_send>: Connection reset by remote peer')>
Traceback (most recent call last):
  File "/opt/conda/envs/gdf/lib/python3.9/site-packages/ucp/core.py", line 143, in _listener_handler_coroutine
    peer_info = await exchange_peer_info(
  File "/opt/conda/envs/gdf/lib/python3.9/site-packages/ucp/core.py", line 51, in exchange_peer_info
    await comm.stream_send(endpoint, my_info_arr, my_info_arr.nbytes)
ucp._libs.exceptions.UCXError: <stream_send>: Connection reset by remote peer
2023-06-25 06:43:50,578 - distributed.worker - ERROR - Worker stream died during communication: ucx://127.0.0.1:55991
Traceback (most recent call last):
  File "/opt/conda/envs/gdf/lib/python3.9/site-packages/distributed/comm/ucx.py", line 466, in connect
    ep = await ucp.create_endpoint(ip, port)
  File "/opt/conda/envs/gdf/lib/python3.9/site-packages/ucp/core.py", line 1004, in create_endpoint
    return await _get_ctx().create_endpoint(
  File "/opt/conda/envs/gdf/lib/python3.9/site-packages/ucp/core.py", line 316, in create_endpoint
    peer_info = await exchange_peer_info(
  File "/opt/conda/envs/gdf/lib/python3.9/site-packages/ucp/core.py", line 54, in exchange_peer_info
    await comm.stream_recv(endpoint, peer_info_arr, peer_info_arr.nbytes)
ucp._libs.exceptions.UCXError: <stream_recv>: Connection reset by remote peer

During handling of the above exception, another exception occurred:

Traceback (most recent call last):
  File "/opt/conda/envs/gdf/lib/python3.9/site-packages/distributed/comm/core.py", line 292, in connect
    comm = await wait_for(
  File "/opt/conda/envs/gdf/lib/python3.9/site-packages/distributed/utils.py", line 1849, in wait_for
    return await asyncio.wait_for(fut, timeout)
  File "/opt/conda/envs/gdf/lib/python3.9/asyncio/tasks.py", line 479, in wait_for
    return fut.result()
  File "/opt/conda/envs/gdf/lib/python3.9/site-packages/distributed/comm/ucx.py", line 468, in connect
    raise CommClosedError("Connection closed before handshake completed")
distributed.comm.core.CommClosedError: Connection closed before handshake completed

During handling of the above exception, another exception occurred:

Traceback (most recent call last):
  File "/opt/conda/envs/gdf/lib/python3.9/site-packages/distributed/core.py", line 1427, in _connect
    comm = await connect(
  File "/opt/conda/envs/gdf/lib/python3.9/site-packages/distributed/comm/core.py", line 316, in connect
    await asyncio.sleep(backoff)
  File "/opt/conda/envs/gdf/lib/python3.9/asyncio/tasks.py", line 652, in sleep
    return await future
asyncio.exceptions.CancelledError

During handling of the above exception, another exception occurred:

Traceback (most recent call last):
  File "/opt/conda/envs/gdf/lib/python3.9/site-packages/distributed/worker.py", line 2066, in gather_dep
    response = await get_data_from_worker(
  File "/opt/conda/envs/gdf/lib/python3.9/site-packages/distributed/worker.py", line 2889, in get_data_from_worker
    comm = await rpc.connect(worker)
  File "/opt/conda/envs/gdf/lib/python3.9/site-packages/distributed/core.py", line 1506, in connect
    return await connect_attempt
  File "/opt/conda/envs/gdf/lib/python3.9/site-packages/distributed/core.py", line 1450, in _connect
    raise CommClosedError(reason)
distributed.comm.core.CommClosedError: Address removed.
2023-06-25 06:43:50,610 - distributed.worker - ERROR - failed during get data with ucx://127.0.0.1:60217 -> ucx://127.0.0.1:56837
Traceback (most recent call last):
  File "/opt/conda/envs/gdf/lib/python3.9/site-packages/distributed/comm/ucx.py", line 349, in read
    await self.ep.recv(msg)
  File "/opt/conda/envs/gdf/lib/python3.9/site-packages/ucp/core.py", line 725, in recv
    ret = await comm.tag_recv(self._ep, buffer, nbytes, tag, name=log)
ucp._libs.exceptions.UCXCanceled: <[Recv #006] ep: 0x7efb7838a280, tag: 0xe0ce3b74e3208bab, nbytes: 16, type: <class 'numpy.ndarray'>>: 

During handling of the above exception, another exception occurred:

Traceback (most recent call last):
  File "/opt/conda/envs/gdf/lib/python3.9/site-packages/distributed/worker.py", line 1793, in get_data
    response = await comm.read(deserializers=serializers)
  File "/opt/conda/envs/gdf/lib/python3.9/site-packages/distributed/utils.py", line 752, in wrapper
    return await func(*args, **kwargs)
  File "/opt/conda/envs/gdf/lib/python3.9/site-packages/distributed/comm/ucx.py", line 367, in read
    raise CommClosedError(
distributed.comm.core.CommClosedError: Connection closed by writer.
Inner exception: UCXCanceled("<[Recv #006] ep: 0x7efb7838a280, tag: 0xe0ce3b74e3208bab, nbytes: 16, type: <class 'numpy.ndarray'>>: ")
2023-06-25 06:43:50,610 - distributed.worker - ERROR - Worker stream died during communication: ucx://127.0.0.1:56837
Traceback (most recent call last):
  File "/opt/conda/envs/gdf/lib/python3.9/site-packages/distributed/comm/ucx.py", line 349, in read
    await self.ep.recv(msg)
  File "/opt/conda/envs/gdf/lib/python3.9/site-packages/ucp/core.py", line 725, in recv
    ret = await comm.tag_recv(self._ep, buffer, nbytes, tag, name=log)
ucp._libs.exceptions.UCXCanceled: <[Recv #003] ep: 0x7fa1a550d1c0, tag: 0x2ca4f22182c1a353, nbytes: 16, type: <class 'numpy.ndarray'>>: 

During handling of the above exception, another exception occurred:

Traceback (most recent call last):
  File "/opt/conda/envs/gdf/lib/python3.9/site-packages/distributed/worker.py", line 2066, in gather_dep
    response = await get_data_from_worker(
  File "/opt/conda/envs/gdf/lib/python3.9/site-packages/distributed/worker.py", line 2892, in get_data_from_worker
    response = await send_recv(
  File "/opt/conda/envs/gdf/lib/python3.9/site-packages/distributed/core.py", line 1024, in send_recv
    response = await comm.read(deserializers=deserializers)
  File "/opt/conda/envs/gdf/lib/python3.9/site-packages/distributed/utils.py", line 752, in wrapper
    return await func(*args, **kwargs)
  File "/opt/conda/envs/gdf/lib/python3.9/site-packages/distributed/comm/ucx.py", line 367, in read
    raise CommClosedError(
distributed.comm.core.CommClosedError: Connection closed by writer.
Inner exception: UCXCanceled("<[Recv #003] ep: 0x7fa1a550d1c0, tag: 0x2ca4f22182c1a353, nbytes: 16, type: <class 'numpy.ndarray'>>: ")
2023-06-25 06:43:50,611 - distributed.worker - ERROR - failed during get data with ucx://127.0.0.1:35529 -> ucx://127.0.0.1:56837
Traceback (most recent call last):
  File "/opt/conda/envs/gdf/lib/python3.9/site-packages/distributed/comm/ucx.py", line 333, in write
    await self.ep.send(each_frame)
  File "/opt/conda/envs/gdf/lib/python3.9/site-packages/ucp/core.py", line 650, in send
    return await comm.tag_send(self._ep, buffer, nbytes, tag, name=log)
ucp._libs.exceptions.UCXError: <[Send #007] ep: 0x7fa1a550d200, tag: 0xf0dcbcf46d80c2fc, nbytes: 50000000, type: <class 'cupy.ndarray'>>: Connection reset by remote peer

During handling of the above exception, another exception occurred:

Traceback (most recent call last):
  File "/opt/conda/envs/gdf/lib/python3.9/site-packages/distributed/worker.py", line 1792, in get_data
    compressed = await comm.write(msg, serializers=serializers)
  File "/opt/conda/envs/gdf/lib/python3.9/site-packages/distributed/utils.py", line 752, in wrapper
    return await func(*args, **kwargs)
  File "/opt/conda/envs/gdf/lib/python3.9/site-packages/distributed/comm/ucx.py", line 337, in write
    raise CommClosedError("While writing, the connection was closed")
distributed.comm.core.CommClosedError: While writing, the connection was closed
2023-06-25 06:43:50,616 - distributed.worker - ERROR - Worker stream died during communication: ucx://127.0.0.1:56837
Traceback (most recent call last):
  File "/opt/conda/envs/gdf/lib/python3.9/site-packages/distributed/comm/ucx.py", line 466, in connect
    ep = await ucp.create_endpoint(ip, port)
  File "/opt/conda/envs/gdf/lib/python3.9/site-packages/ucp/core.py", line 1004, in create_endpoint
    return await _get_ctx().create_endpoint(
  File "/opt/conda/envs/gdf/lib/python3.9/site-packages/ucp/core.py", line 316, in create_endpoint
    peer_info = await exchange_peer_info(
  File "/opt/conda/envs/gdf/lib/python3.9/site-packages/ucp/core.py", line 54, in exchange_peer_info
    await comm.stream_recv(endpoint, peer_info_arr, peer_info_arr.nbytes)
ucp._libs.exceptions.UCXError: <stream_recv>: Connection reset by remote peer

During handling of the above exception, another exception occurred:

Traceback (most recent call last):
  File "/opt/conda/envs/gdf/lib/python3.9/site-packages/distributed/comm/core.py", line 292, in connect
    comm = await wait_for(
  File "/opt/conda/envs/gdf/lib/python3.9/site-packages/distributed/utils.py", line 1849, in wait_for
    return await asyncio.wait_for(fut, timeout)
  File "/opt/conda/envs/gdf/lib/python3.9/asyncio/tasks.py", line 479, in wait_for
    return fut.result()
  File "/opt/conda/envs/gdf/lib/python3.9/site-packages/distributed/comm/ucx.py", line 468, in connect
    raise CommClosedError("Connection closed before handshake completed")
distributed.comm.core.CommClosedError: Connection closed before handshake completed

During handling of the above exception, another exception occurred:

Traceback (most recent call last):
  File "/opt/conda/envs/gdf/lib/python3.9/site-packages/distributed/core.py", line 1427, in _connect
    comm = await connect(
  File "/opt/conda/envs/gdf/lib/python3.9/site-packages/distributed/comm/core.py", line 316, in connect
    await asyncio.sleep(backoff)
  File "/opt/conda/envs/gdf/lib/python3.9/asyncio/tasks.py", line 652, in sleep
    return await future
asyncio.exceptions.CancelledError

During handling of the above exception, another exception occurred:

Traceback (most recent call last):
  File "/opt/conda/envs/gdf/lib/python3.9/site-packages/distributed/worker.py", line 2066, in gather_dep
    response = await get_data_from_worker(
  File "/opt/conda/envs/gdf/lib/python3.9/site-packages/distributed/worker.py", line 2889, in get_data_from_worker
    comm = await rpc.connect(worker)
  File "/opt/conda/envs/gdf/lib/python3.9/site-packages/distributed/core.py", line 1506, in connect
    return await connect_attempt
  File "/opt/conda/envs/gdf/lib/python3.9/site-packages/distributed/core.py", line 1450, in _connect
    raise CommClosedError(reason)
distributed.comm.core.CommClosedError: Address removed.
2023-06-25 06:43:50,618 - distributed.worker - ERROR - failed during get data with ucx://127.0.0.1:60217 -> ucx://127.0.0.1:57053
Traceback (most recent call last):
  File "/opt/conda/envs/gdf/lib/python3.9/site-packages/distributed/comm/ucx.py", line 333, in write
    await self.ep.send(each_frame)
  File "/opt/conda/envs/gdf/lib/python3.9/site-packages/ucp/core.py", line 650, in send
    return await comm.tag_send(self._ep, buffer, nbytes, tag, name=log)
ucp._libs.exceptions.UCXError: <[Send #007] ep: 0x7efb7838a2c0, tag: 0x56f734ee66eea6ab, nbytes: 50000000, type: <class 'cupy.ndarray'>>: Connection reset by remote peer

During handling of the above exception, another exception occurred:

Traceback (most recent call last):
  File "/opt/conda/envs/gdf/lib/python3.9/site-packages/distributed/worker.py", line 1792, in get_data
    compressed = await comm.write(msg, serializers=serializers)
  File "/opt/conda/envs/gdf/lib/python3.9/site-packages/distributed/utils.py", line 752, in wrapper
    return await func(*args, **kwargs)
  File "/opt/conda/envs/gdf/lib/python3.9/site-packages/distributed/comm/ucx.py", line 337, in write
    raise CommClosedError("While writing, the connection was closed")
distributed.comm.core.CommClosedError: While writing, the connection was closed
2023-06-25 06:43:50,618 - distributed.worker - ERROR - Worker stream died during communication: ucx://127.0.0.1:57053
Traceback (most recent call last):
  File "/opt/conda/envs/gdf/lib/python3.9/site-packages/distributed/comm/ucx.py", line 391, in read
    await self.ep.recv(each_frame)
  File "/opt/conda/envs/gdf/lib/python3.9/site-packages/ucp/core.py", line 725, in recv
    ret = await comm.tag_recv(self._ep, buffer, nbytes, tag, name=log)
ucp._libs.exceptions.UCXError: <[Recv #007] ep: 0x7efb7838a180, tag: 0xe42344f8a9566117, nbytes: 50000000, type: <class 'rmm._lib.device_buffer.DeviceBuffer'>>: Connection reset by remote peer

During handling of the above exception, another exception occurred:

Traceback (most recent call last):
  File "/opt/conda/envs/gdf/lib/python3.9/site-packages/distributed/worker.py", line 2066, in gather_dep
    response = await get_data_from_worker(
  File "/opt/conda/envs/gdf/lib/python3.9/site-packages/distributed/worker.py", line 2892, in get_data_from_worker
    response = await send_recv(
  File "/opt/conda/envs/gdf/lib/python3.9/site-packages/distributed/core.py", line 1024, in send_recv
    response = await comm.read(deserializers=deserializers)
  File "/opt/conda/envs/gdf/lib/python3.9/site-packages/distributed/utils.py", line 752, in wrapper
    return await func(*args, **kwargs)
  File "/opt/conda/envs/gdf/lib/python3.9/site-packages/distributed/comm/ucx.py", line 397, in read
    raise CommClosedError(
distributed.comm.core.CommClosedError: Connection closed by writer.
Inner exception: UCXError("<[Recv #007] ep: 0x7efb7838a180, tag: 0xe42344f8a9566117, nbytes: 50000000, type: <class 'rmm._lib.device_buffer.DeviceBuffer'>>: Connection reset by remote peer")
2023-06-25 06:43:50,580 - distributed.worker - ERROR - Worker stream died during communication: ucx://127.0.0.1:55991
Traceback (most recent call last):
  File "/opt/conda/envs/gdf/lib/python3.9/site-packages/distributed/comm/ucx.py", line 466, in connect
    ep = await ucp.create_endpoint(ip, port)
  File "/opt/conda/envs/gdf/lib/python3.9/site-packages/ucp/core.py", line 1004, in create_endpoint
    return await _get_ctx().create_endpoint(
  File "/opt/conda/envs/gdf/lib/python3.9/site-packages/ucp/core.py", line 316, in create_endpoint
    peer_info = await exchange_peer_info(
  File "/opt/conda/envs/gdf/lib/python3.9/site-packages/ucp/core.py", line 54, in exchange_peer_info
    await comm.stream_recv(endpoint, peer_info_arr, peer_info_arr.nbytes)
ucp._libs.exceptions.UCXError: <stream_recv>: Connection reset by remote peer

During handling of the above exception, another exception occurred:

Traceback (most recent call last):
  File "/opt/conda/envs/gdf/lib/python3.9/site-packages/distributed/comm/core.py", line 292, in connect
    comm = await wait_for(
  File "/opt/conda/envs/gdf/lib/python3.9/site-packages/distributed/utils.py", line 1849, in wait_for
    return await asyncio.wait_for(fut, timeout)
  File "/opt/conda/envs/gdf/lib/python3.9/asyncio/tasks.py", line 479, in wait_for
    return fut.result()
  File "/opt/conda/envs/gdf/lib/python3.9/site-packages/distributed/comm/ucx.py", line 468, in connect
    raise CommClosedError("Connection closed before handshake completed")
distributed.comm.core.CommClosedError: Connection closed before handshake completed

During handling of the above exception, another exception occurred:

Traceback (most recent call last):
  File "/opt/conda/envs/gdf/lib/python3.9/site-packages/distributed/core.py", line 1427, in _connect
    comm = await connect(
  File "/opt/conda/envs/gdf/lib/python3.9/site-packages/distributed/comm/core.py", line 316, in connect
    await asyncio.sleep(backoff)
  File "/opt/conda/envs/gdf/lib/python3.9/asyncio/tasks.py", line 652, in sleep
    return await future
asyncio.exceptions.CancelledError

During handling of the above exception, another exception occurred:

Traceback (most recent call last):
  File "/opt/conda/envs/gdf/lib/python3.9/site-packages/distributed/worker.py", line 2066, in gather_dep
    response = await get_data_from_worker(
  File "/opt/conda/envs/gdf/lib/python3.9/site-packages/distributed/worker.py", line 2889, in get_data_from_worker
    comm = await rpc.connect(worker)
  File "/opt/conda/envs/gdf/lib/python3.9/site-packages/distributed/core.py", line 1506, in connect
    return await connect_attempt
  File "/opt/conda/envs/gdf/lib/python3.9/site-packages/distributed/core.py", line 1450, in _connect
    raise CommClosedError(reason)
distributed.comm.core.CommClosedError: Address removed.
2023-06-25 06:43:50,625 - distributed.worker - ERROR - failed during get data with ucx://127.0.0.1:35529 -> ucx://127.0.0.1:50901
Traceback (most recent call last):
  File "/opt/conda/envs/gdf/lib/python3.9/site-packages/distributed/comm/ucx.py", line 333, in write
    await self.ep.send(each_frame)
  File "/opt/conda/envs/gdf/lib/python3.9/site-packages/ucp/core.py", line 650, in send
    return await comm.tag_send(self._ep, buffer, nbytes, tag, name=log)
ucp._libs.exceptions.UCXError: <[Send #007] ep: 0x7fa1a550d300, tag: 0xcf9ccf98ae638f7c, nbytes: 50000000, type: <class 'cupy.ndarray'>>: Connection reset by remote peer

During handling of the above exception, another exception occurred:

Traceback (most recent call last):
  File "/opt/conda/envs/gdf/lib/python3.9/site-packages/distributed/worker.py", line 1792, in get_data
    compressed = await comm.write(msg, serializers=serializers)
  File "/opt/conda/envs/gdf/lib/python3.9/site-packages/distributed/utils.py", line 752, in wrapper
    return await func(*args, **kwargs)
  File "/opt/conda/envs/gdf/lib/python3.9/site-packages/distributed/comm/ucx.py", line 337, in write
    raise CommClosedError("While writing, the connection was closed")
distributed.comm.core.CommClosedError: While writing, the connection was closed
2023-06-25 06:43:50,625 - distributed.worker - ERROR - Worker stream died during communication: ucx://127.0.0.1:50901
Traceback (most recent call last):
  File "/opt/conda/envs/gdf/lib/python3.9/site-packages/distributed/comm/ucx.py", line 391, in read
    await self.ep.recv(each_frame)
  File "/opt/conda/envs/gdf/lib/python3.9/site-packages/ucp/core.py", line 725, in recv
    ret = await comm.tag_recv(self._ep, buffer, nbytes, tag, name=log)
ucp._libs.exceptions.UCXError: <[Recv #007] ep: 0x7fa1a550d100, tag: 0x599051988dd5a918, nbytes: 50000000, type: <class 'rmm._lib.device_buffer.DeviceBuffer'>>: Connection reset by remote peer

During handling of the above exception, another exception occurred:

Traceback (most recent call last):
  File "/opt/conda/envs/gdf/lib/python3.9/site-packages/distributed/worker.py", line 2066, in gather_dep
    response = await get_data_from_worker(
  File "/opt/conda/envs/gdf/lib/python3.9/site-packages/distributed/worker.py", line 2892, in get_data_from_worker
    response = await send_recv(
  File "/opt/conda/envs/gdf/lib/python3.9/site-packages/distributed/core.py", line 1024, in send_recv
    response = await comm.read(deserializers=deserializers)
  File "/opt/conda/envs/gdf/lib/python3.9/site-packages/distributed/utils.py", line 752, in wrapper
    return await func(*args, **kwargs)
  File "/opt/conda/envs/gdf/lib/python3.9/site-packages/distributed/comm/ucx.py", line 397, in read
    raise CommClosedError(
distributed.comm.core.CommClosedError: Connection closed by writer.
Inner exception: UCXError("<[Recv #007] ep: 0x7fa1a550d100, tag: 0x599051988dd5a918, nbytes: 50000000, type: <class 'rmm._lib.device_buffer.DeviceBuffer'>>: Connection reset by remote peer")
2023-06-25 06:43:50,626 - distributed.worker - ERROR - failed during get data with ucx://127.0.0.1:50627 -> ucx://127.0.0.1:50901
Traceback (most recent call last):
  File "/opt/conda/envs/gdf/lib/python3.9/site-packages/distributed/comm/ucx.py", line 333, in write
    await self.ep.send(each_frame)
  File "/opt/conda/envs/gdf/lib/python3.9/site-packages/ucp/core.py", line 650, in send
    return await comm.tag_send(self._ep, buffer, nbytes, tag, name=log)
ucp._libs.exceptions.UCXError: <[Send #007] ep: 0x7f58c1dcd340, tag: 0x5f6e2856fd8a6bcb, nbytes: 50000000, type: <class 'cupy.ndarray'>>: Connection reset by remote peer

During handling of the above exception, another exception occurred:

Traceback (most recent call last):
  File "/opt/conda/envs/gdf/lib/python3.9/site-packages/distributed/worker.py", line 1792, in get_data
    compressed = await comm.write(msg, serializers=serializers)
  File "/opt/conda/envs/gdf/lib/python3.9/site-packages/distributed/utils.py", line 752, in wrapper
    return await func(*args, **kwargs)
  File "/opt/conda/envs/gdf/lib/python3.9/site-packages/distributed/comm/ucx.py", line 337, in write
    raise CommClosedError("While writing, the connection was closed")
distributed.comm.core.CommClosedError: While writing, the connection was closed
2023-06-25 06:43:50,626 - distributed.worker - ERROR - Worker stream died during communication: ucx://127.0.0.1:50901
Traceback (most recent call last):
  File "/opt/conda/envs/gdf/lib/python3.9/site-packages/distributed/comm/ucx.py", line 391, in read
    await self.ep.recv(each_frame)
  File "/opt/conda/envs/gdf/lib/python3.9/site-packages/ucp/core.py", line 725, in recv
    ret = await comm.tag_recv(self._ep, buffer, nbytes, tag, name=log)
ucp._libs.exceptions.UCXError: <[Recv #007] ep: 0x7f58c1dcd1c0, tag: 0x6711ab03fbfefd4, nbytes: 50000000, type: <class 'rmm._lib.device_buffer.DeviceBuffer'>>: Connection reset by remote peer

During handling of the above exception, another exception occurred:

Traceback (most recent call last):
  File "/opt/conda/envs/gdf/lib/python3.9/site-packages/distributed/worker.py", line 2066, in gather_dep
    response = await get_data_from_worker(
  File "/opt/conda/envs/gdf/lib/python3.9/site-packages/distributed/worker.py", line 2892, in get_data_from_worker
    response = await send_recv(
  File "/opt/conda/envs/gdf/lib/python3.9/site-packages/distributed/core.py", line 1024, in send_recv
    response = await comm.read(deserializers=deserializers)
  File "/opt/conda/envs/gdf/lib/python3.9/site-packages/distributed/utils.py", line 752, in wrapper
    return await func(*args, **kwargs)
  File "/opt/conda/envs/gdf/lib/python3.9/site-packages/distributed/comm/ucx.py", line 397, in read
    raise CommClosedError(
distributed.comm.core.CommClosedError: Connection closed by writer.
Inner exception: UCXError("<[Recv #007] ep: 0x7f58c1dcd1c0, tag: 0x6711ab03fbfefd4, nbytes: 50000000, type: <class 'rmm._lib.device_buffer.DeviceBuffer'>>: Connection reset by remote peer")
2023-06-25 06:43:50,633 - distributed.nanny - WARNING - Restarting worker
2023-06-25 06:43:50,692 - distributed.nanny - WARNING - Restarting worker
2023-06-25 06:43:50,743 - distributed.nanny - WARNING - Restarting worker
2023-06-25 06:43:50,847 - distributed.nanny - WARNING - Restarting worker
2023-06-25 06:43:50,849 - distributed.nanny - WARNING - Restarting worker
2023-06-25 06:43:52,237 - distributed.preloading - INFO - Creating preload: dask_cuda.initialize
2023-06-25 06:43:52,238 - distributed.preloading - INFO - Import preload module: dask_cuda.initialize
2023-06-25 06:43:52,241 - distributed.preloading - INFO - Creating preload: dask_cuda.initialize
2023-06-25 06:43:52,241 - distributed.preloading - INFO - Import preload module: dask_cuda.initialize
2023-06-25 06:43:52,307 - distributed.preloading - INFO - Creating preload: dask_cuda.initialize
2023-06-25 06:43:52,307 - distributed.preloading - INFO - Import preload module: dask_cuda.initialize
2023-06-25 06:43:52,392 - distributed.preloading - INFO - Creating preload: dask_cuda.initialize
2023-06-25 06:43:52,393 - distributed.preloading - INFO - Import preload module: dask_cuda.initialize
2023-06-25 06:43:52,497 - distributed.preloading - INFO - Creating preload: dask_cuda.initialize
2023-06-25 06:43:52,497 - distributed.preloading - INFO - Import preload module: dask_cuda.initialize
[dgx13:77342:0:77342] Caught signal 11 (Segmentation fault: address not mapped to object at address 0x448)
==== backtrace (tid:  77342) ====
 0  /opt/conda/envs/gdf/lib/libucs.so.0(ucs_handle_error+0x2fd) [0x7f198ca7bf1d]
 1  /opt/conda/envs/gdf/lib/libucs.so.0(+0x29114) [0x7f198ca7c114]
 2  /opt/conda/envs/gdf/lib/libucs.so.0(+0x292da) [0x7f198ca7c2da]
 3  /usr/lib/x86_64-linux-gnu/libpthread.so.0(+0x14420) [0x7f1a1f13e420]
 4  /opt/conda/envs/gdf/lib/libucp.so.0(ucp_mem_type_unpack+0x14) [0x7f198caf55d4]
 5  /opt/conda/envs/gdf/lib/libucp.so.0(ucp_rndv_data_handler+0x4e9) [0x7f198cb1a859]
 6  /opt/conda/envs/gdf/lib/libuct.so.0(+0x2042f) [0x7f198ca3742f]
 7  /opt/conda/envs/gdf/lib/libuct.so.0(+0x23798) [0x7f198ca3a798]
 8  /opt/conda/envs/gdf/lib/libucs.so.0(ucs_event_set_wait+0xb9) [0x7f198ca84989]
 9  /opt/conda/envs/gdf/lib/libuct.so.0(uct_tcp_iface_progress+0x7d) [0x7f198ca3962d]
10  /opt/conda/envs/gdf/lib/libucp.so.0(ucp_worker_progress+0x5a) [0x7f198caf2c4a]
11  /opt/conda/envs/gdf/lib/python3.9/site-packages/ucp/_libs/ucx_api.cpython-39-x86_64-linux-gnu.so(+0x2b17a) [0x7f198cb9d17a]
12  /opt/conda/envs/gdf/bin/python(+0x13eb08) [0x556540f1cb08]
13  /opt/conda/envs/gdf/bin/python(_PyEval_EvalFrameDefault+0x5f82) [0x556540f0d112]
14  /opt/conda/envs/gdf/bin/python(+0x12827a) [0x556540f0627a]
15  /opt/conda/envs/gdf/bin/python(_PyFunction_Vectorcall+0xd5) [0x556540f17c05]
16  /opt/conda/envs/gdf/bin/python(_PyEval_EvalFrameDefault+0x68b) [0x556540f0781b]
17  /opt/conda/envs/gdf/bin/python(+0x139ef3) [0x556540f17ef3]
18  /opt/conda/envs/gdf/bin/python(+0x147a16) [0x556540f25a16]
19  /opt/conda/envs/gdf/bin/python(+0x2579b1) [0x5565410359b1]
20  /opt/conda/envs/gdf/bin/python(+0xe5817) [0x556540ec3817]
21  /opt/conda/envs/gdf/bin/python(+0x130f83) [0x556540f0ef83]
22  /opt/conda/envs/gdf/bin/python(_PyEval_EvalFrameDefault+0x5ba6) [0x556540f0cd36]
23  /opt/conda/envs/gdf/bin/python(+0x139ef3) [0x556540f17ef3]
24  /opt/conda/envs/gdf/bin/python(_PyEval_EvalFrameDefault+0x68b) [0x556540f0781b]
25  /opt/conda/envs/gdf/bin/python(+0x139ef3) [0x556540f17ef3]
26  /opt/conda/envs/gdf/bin/python(_PyEval_EvalFrameDefault+0x68b) [0x556540f0781b]
27  /opt/conda/envs/gdf/bin/python(+0x139ef3) [0x556540f17ef3]
28  /opt/conda/envs/gdf/bin/python(_PyEval_EvalFrameDefault+0x68b) [0x556540f0781b]
29  /opt/conda/envs/gdf/bin/python(+0x139ef3) [0x556540f17ef3]
30  /opt/conda/envs/gdf/bin/python(_PyEval_EvalFrameDefault+0x68b) [0x556540f0781b]
31  /opt/conda/envs/gdf/bin/python(+0x12827a) [0x556540f0627a]
32  /opt/conda/envs/gdf/bin/python(_PyFunction_Vectorcall+0xd5) [0x556540f17c05]
33  /opt/conda/envs/gdf/bin/python(_PyEval_EvalFrameDefault+0x4e17) [0x556540f0bfa7]
34  /opt/conda/envs/gdf/bin/python(+0x12827a) [0x556540f0627a]
35  /opt/conda/envs/gdf/bin/python(+0x147935) [0x556540f25935]
36  /opt/conda/envs/gdf/bin/python(PyObject_Call+0xb4) [0x556540f26104]
37  /opt/conda/envs/gdf/bin/python(+0x20efc8) [0x556540fecfc8]
38  /opt/conda/envs/gdf/bin/python(_PyObject_MakeTpCall+0x2fc) [0x556540f102bc]
39  /opt/conda/envs/gdf/bin/python(_PyEval_EvalFrameDefault+0x402b) [0x556540f0b1bb]
40  /opt/conda/envs/gdf/bin/python(+0x139ef3) [0x556540f17ef3]
41  /opt/conda/envs/gdf/bin/python(+0x147c72) [0x556540f25c72]
42  /opt/conda/envs/gdf/bin/python(_PyEval_EvalFrameDefault+0x402b) [0x556540f0b1bb]
43  /opt/conda/envs/gdf/bin/python(+0x139ef3) [0x556540f17ef3]
44  /opt/conda/envs/gdf/bin/python(_PyEval_EvalFrameDefault+0x68b) [0x556540f0781b]
45  /opt/conda/envs/gdf/bin/python(+0x12827a) [0x556540f0627a]
46  /opt/conda/envs/gdf/bin/python(_PyFunction_Vectorcall+0xd5) [0x556540f17c05]
47  /opt/conda/envs/gdf/bin/python(_PyEval_EvalFrameDefault+0x68b) [0x556540f0781b]
48  /opt/conda/envs/gdf/bin/python(+0x139ef3) [0x556540f17ef3]
49  /opt/conda/envs/gdf/bin/python(_PyEval_EvalFrameDefault+0x3d8) [0x556540f07568]
50  /opt/conda/envs/gdf/bin/python(+0x12827a) [0x556540f0627a]
51  /opt/conda/envs/gdf/bin/python(_PyFunction_Vectorcall+0xd5) [0x556540f17c05]
52  /opt/conda/envs/gdf/bin/python(_PyEval_EvalFrameDefault+0x123b) [0x556540f083cb]
53  /opt/conda/envs/gdf/bin/python(+0x12827a) [0x556540f0627a]
54  /opt/conda/envs/gdf/bin/python(_PyEval_EvalCodeWithName+0x47) [0x556540f05f07]
55  /opt/conda/envs/gdf/bin/python(PyEval_EvalCodeEx+0x39) [0x556540f05eb9]
56  /opt/conda/envs/gdf/bin/python(PyEval_EvalCode+0x1b) [0x556540fb68bb]
57  /opt/conda/envs/gdf/bin/python(+0x206adc) [0x556540fe4adc]
58  /opt/conda/envs/gdf/bin/python(+0x202c24) [0x556540fe0c24]
59  /opt/conda/envs/gdf/bin/python(PyRun_StringFlags+0x9d) [0x556540fd87ed]
60  /opt/conda/envs/gdf/bin/python(PyRun_SimpleStringFlags+0x3d) [0x556540fd86bd]
61  /opt/conda/envs/gdf/bin/python(Py_RunMain+0x262) [0x556540fd78a2]
=================================
2023-06-25 06:43:54,041 - distributed.worker - ERROR - failed during get data with ucx://127.0.0.1:60217 -> ucx://127.0.0.1:36031
Traceback (most recent call last):
  File "/opt/conda/envs/gdf/lib/python3.9/site-packages/distributed/comm/ucx.py", line 333, in write
    await self.ep.send(each_frame)
  File "/opt/conda/envs/gdf/lib/python3.9/site-packages/ucp/core.py", line 650, in send
    return await comm.tag_send(self._ep, buffer, nbytes, tag, name=log)
ucp._libs.exceptions.UCXError: <[Send #007] ep: 0x7efb7838a180, tag: 0xc47facc262e08440, nbytes: 50000000, type: <class 'cupy.ndarray'>>: Connection reset by remote peer

During handling of the above exception, another exception occurred:

Traceback (most recent call last):
  File "/opt/conda/envs/gdf/lib/python3.9/site-packages/distributed/worker.py", line 1792, in get_data
    compressed = await comm.write(msg, serializers=serializers)
  File "/opt/conda/envs/gdf/lib/python3.9/site-packages/distributed/utils.py", line 752, in wrapper
    return await func(*args, **kwargs)
  File "/opt/conda/envs/gdf/lib/python3.9/site-packages/distributed/comm/ucx.py", line 337, in write
    raise CommClosedError("While writing, the connection was closed")
distributed.comm.core.CommClosedError: While writing, the connection was closed
2023-06-25 06:43:54,079 - distributed.nanny - WARNING - Restarting worker
2023-06-25 06:43:55,573 - distributed.preloading - INFO - Creating preload: dask_cuda.initialize
2023-06-25 06:43:55,573 - distributed.preloading - INFO - Import preload module: dask_cuda.initialize
[dgx13:77352:0:77352] Caught signal 11 (Segmentation fault: address not mapped to object at address 0x448)
==== backtrace (tid:  77352) ====
 0  /opt/conda/envs/gdf/lib/libucs.so.0(ucs_handle_error+0x2fd) [0x7f6608c26f1d]
 1  /opt/conda/envs/gdf/lib/libucs.so.0(+0x29114) [0x7f6608c27114]
 2  /opt/conda/envs/gdf/lib/libucs.so.0(+0x292da) [0x7f6608c272da]
 3  /usr/lib/x86_64-linux-gnu/libpthread.so.0(+0x14420) [0x7f669b479420]
 4  /opt/conda/envs/gdf/lib/libucp.so.0(ucp_mem_type_unpack+0x14) [0x7f6608ca05d4]
 5  /opt/conda/envs/gdf/lib/libucp.so.0(ucp_rndv_data_handler+0x4e9) [0x7f6608cc5859]
 6  /opt/conda/envs/gdf/lib/libuct.so.0(+0x2042f) [0x7f6608be242f]
 7  /opt/conda/envs/gdf/lib/libuct.so.0(+0x23798) [0x7f6608be5798]
 8  /opt/conda/envs/gdf/lib/libucs.so.0(ucs_event_set_wait+0xb9) [0x7f6608c2f989]
 9  /opt/conda/envs/gdf/lib/libuct.so.0(uct_tcp_iface_progress+0x7d) [0x7f6608be462d]
10  /opt/conda/envs/gdf/lib/libucp.so.0(ucp_worker_progress+0x5a) [0x7f6608c9dc4a]
11  /opt/conda/envs/gdf/lib/python3.9/site-packages/ucp/_libs/ucx_api.cpython-39-x86_64-linux-gnu.so(+0x2b17a) [0x7f6608d4817a]
12  /opt/conda/envs/gdf/bin/python(+0x13eb08) [0x55ba4b438b08]
13  /opt/conda/envs/gdf/bin/python(_PyEval_EvalFrameDefault+0x5f82) [0x55ba4b429112]
14  /opt/conda/envs/gdf/bin/python(+0x12827a) [0x55ba4b42227a]
15  /opt/conda/envs/gdf/bin/python(_PyFunction_Vectorcall+0xd5) [0x55ba4b433c05]
16  /opt/conda/envs/gdf/bin/python(_PyEval_EvalFrameDefault+0x68b) [0x55ba4b42381b]
17  /opt/conda/envs/gdf/bin/python(+0x139ef3) [0x55ba4b433ef3]
18  /opt/conda/envs/gdf/bin/python(+0x147a16) [0x55ba4b441a16]
19  /opt/conda/envs/gdf/bin/python(+0x2579b1) [0x55ba4b5519b1]
20  /opt/conda/envs/gdf/bin/python(+0xe5817) [0x55ba4b3df817]
21  /opt/conda/envs/gdf/bin/python(+0x130f83) [0x55ba4b42af83]
22  /opt/conda/envs/gdf/bin/python(_PyEval_EvalFrameDefault+0x5ba6) [0x55ba4b428d36]
23  /opt/conda/envs/gdf/bin/python(+0x139ef3) [0x55ba4b433ef3]
24  /opt/conda/envs/gdf/bin/python(_PyEval_EvalFrameDefault+0x68b) [0x55ba4b42381b]
25  /opt/conda/envs/gdf/bin/python(+0x139ef3) [0x55ba4b433ef3]
26  /opt/conda/envs/gdf/bin/python(_PyEval_EvalFrameDefault+0x68b) [0x55ba4b42381b]
27  /opt/conda/envs/gdf/bin/python(+0x139ef3) [0x55ba4b433ef3]
28  /opt/conda/envs/gdf/bin/python(_PyEval_EvalFrameDefault+0x68b) [0x55ba4b42381b]
29  /opt/conda/envs/gdf/bin/python(+0x139ef3) [0x55ba4b433ef3]
30  /opt/conda/envs/gdf/bin/python(_PyEval_EvalFrameDefault+0x68b) [0x55ba4b42381b]
31  /opt/conda/envs/gdf/bin/python(+0x12827a) [0x55ba4b42227a]
32  /opt/conda/envs/gdf/bin/python(_PyFunction_Vectorcall+0xd5) [0x55ba4b433c05]
33  /opt/conda/envs/gdf/bin/python(_PyEval_EvalFrameDefault+0x4e17) [0x55ba4b427fa7]
34  /opt/conda/envs/gdf/bin/python(+0x12827a) [0x55ba4b42227a]
35  /opt/conda/envs/gdf/bin/python(+0x147935) [0x55ba4b441935]
36  /opt/conda/envs/gdf/bin/python(PyObject_Call+0xb4) [0x55ba4b442104]
37  /opt/conda/envs/gdf/bin/python(+0x20efc8) [0x55ba4b508fc8]
38  /opt/conda/envs/gdf/bin/python(_PyObject_MakeTpCall+0x2fc) [0x55ba4b42c2bc]
39  /opt/conda/envs/gdf/bin/python(_PyEval_EvalFrameDefault+0x402b) [0x55ba4b4271bb]
40  /opt/conda/envs/gdf/bin/python(+0x139ef3) [0x55ba4b433ef3]
41  /opt/conda/envs/gdf/bin/python(+0x147c72) [0x55ba4b441c72]
42  /opt/conda/envs/gdf/bin/python(_PyEval_EvalFrameDefault+0x402b) [0x55ba4b4271bb]
43  /opt/conda/envs/gdf/bin/python(+0x139ef3) [0x55ba4b433ef3]
44  /opt/conda/envs/gdf/bin/python(_PyEval_EvalFrameDefault+0x68b) [0x55ba4b42381b]
45  /opt/conda/envs/gdf/bin/python(+0x12827a) [0x55ba4b42227a]
46  /opt/conda/envs/gdf/bin/python(_PyFunction_Vectorcall+0xd5) [0x55ba4b433c05]
47  /opt/conda/envs/gdf/bin/python(_PyEval_EvalFrameDefault+0x68b) [0x55ba4b42381b]
48  /opt/conda/envs/gdf/bin/python(+0x139ef3) [0x55ba4b433ef3]
49  /opt/conda/envs/gdf/bin/python(_PyEval_EvalFrameDefault+0x3d8) [0x55ba4b423568]
50  /opt/conda/envs/gdf/bin/python(+0x12827a) [0x55ba4b42227a]
51  /opt/conda/envs/gdf/bin/python(_PyFunction_Vectorcall+0xd5) [0x55ba4b433c05]
52  /opt/conda/envs/gdf/bin/python(_PyEval_EvalFrameDefault+0x123b) [0x55ba4b4243cb]
53  /opt/conda/envs/gdf/bin/python(+0x12827a) [0x55ba4b42227a]
54  /opt/conda/envs/gdf/bin/python(_PyEval_EvalCodeWithName+0x47) [0x55ba4b421f07]
55  /opt/conda/envs/gdf/bin/python(PyEval_EvalCodeEx+0x39) [0x55ba4b421eb9]
56  /opt/conda/envs/gdf/bin/python(PyEval_EvalCode+0x1b) [0x55ba4b4d28bb]
57  /opt/conda/envs/gdf/bin/python(+0x206adc) [0x55ba4b500adc]
58  /opt/conda/envs/gdf/bin/python(+0x202c24) [0x55ba4b4fcc24]
59  /opt/conda/envs/gdf/bin/python(PyRun_StringFlags+0x9d) [0x55ba4b4f47ed]
60  /opt/conda/envs/gdf/bin/python(PyRun_SimpleStringFlags+0x3d) [0x55ba4b4f46bd]
61  /opt/conda/envs/gdf/bin/python(Py_RunMain+0x262) [0x55ba4b4f38a2]
=================================
[dgx13:77425:0:77425] Caught signal 11 (Segmentation fault: address not mapped to object at address 0x448)
==== backtrace (tid:  77425) ====
 0  /opt/conda/envs/gdf/lib/libucs.so.0(ucs_handle_error+0x2fd) [0x7f5a35cc2f1d]
 1  /opt/conda/envs/gdf/lib/libucs.so.0(+0x29114) [0x7f5a35cc3114]
 2  /opt/conda/envs/gdf/lib/libucs.so.0(+0x292da) [0x7f5a35cc32da]
 3  /usr/lib/x86_64-linux-gnu/libpthread.so.0(+0x14420) [0x7f5adc393420]
 4  /opt/conda/envs/gdf/lib/libucp.so.0(ucp_mem_type_unpack+0x14) [0x7f5a35d3c5d4]
 5  /opt/conda/envs/gdf/lib/libucp.so.0(ucp_rndv_data_handler+0x4e9) [0x7f5a35d61859]
 6  /opt/conda/envs/gdf/lib/libuct.so.0(+0x2042f) [0x7f5a35c7e42f]
 7  /opt/conda/envs/gdf/lib/libuct.so.0(+0x23798) [0x7f5a35c81798]
 8  /opt/conda/envs/gdf/lib/libucs.so.0(ucs_event_set_wait+0xb9) [0x7f5a35ccb989]
 9  /opt/conda/envs/gdf/lib/libuct.so.0(uct_tcp_iface_progress+0x7d) [0x7f5a35c8062d]
10  /opt/conda/envs/gdf/lib/libucp.so.0(ucp_worker_progress+0x5a) [0x7f5a35d39c4a]
11  /opt/conda/envs/gdf/lib/python3.9/site-packages/ucp/_libs/ucx_api.cpython-39-x86_64-linux-gnu.so(+0x2b17a) [0x7f5a35de417a]
12  /opt/conda/envs/gdf/bin/python(+0x13eb08) [0x55fef4831b08]
13  /opt/conda/envs/gdf/bin/python(_PyEval_EvalFrameDefault+0x5f82) [0x55fef4822112]
14  /opt/conda/envs/gdf/bin/python(+0x12827a) [0x55fef481b27a]
15  /opt/conda/envs/gdf/bin/python(_PyFunction_Vectorcall+0xd5) [0x55fef482cc05]
16  /opt/conda/envs/gdf/bin/python(_PyEval_EvalFrameDefault+0x68b) [0x55fef481c81b]
17  /opt/conda/envs/gdf/bin/python(+0x139ef3) [0x55fef482cef3]
18  /opt/conda/envs/gdf/bin/python(+0x147a16) [0x55fef483aa16]
19  /opt/conda/envs/gdf/bin/python(+0x2579b1) [0x55fef494a9b1]
20  /opt/conda/envs/gdf/bin/python(+0xe5817) [0x55fef47d8817]
21  /opt/conda/envs/gdf/bin/python(+0x130f83) [0x55fef4823f83]
22  /opt/conda/envs/gdf/bin/python(_PyEval_EvalFrameDefault+0x5ba6) [0x55fef4821d36]
23  /opt/conda/envs/gdf/bin/python(+0x139ef3) [0x55fef482cef3]
24  /opt/conda/envs/gdf/bin/python(_PyEval_EvalFrameDefault+0x68b) [0x55fef481c81b]
25  /opt/conda/envs/gdf/bin/python(+0x139ef3) [0x55fef482cef3]
26  /opt/conda/envs/gdf/bin/python(_PyEval_EvalFrameDefault+0x68b) [0x55fef481c81b]
27  /opt/conda/envs/gdf/bin/python(+0x139ef3) [0x55fef482cef3]
28  /opt/conda/envs/gdf/bin/python(_PyEval_EvalFrameDefault+0x68b) [0x55fef481c81b]
29  /opt/conda/envs/gdf/bin/python(+0x139ef3) [0x55fef482cef3]
30  /opt/conda/envs/gdf/bin/python(_PyEval_EvalFrameDefault+0x68b) [0x55fef481c81b]
31  /opt/conda/envs/gdf/bin/python(+0x12827a) [0x55fef481b27a]
32  /opt/conda/envs/gdf/bin/python(_PyFunction_Vectorcall+0xd5) [0x55fef482cc05]
33  /opt/conda/envs/gdf/bin/python(_PyEval_EvalFrameDefault+0x4e17) [0x55fef4820fa7]
34  /opt/conda/envs/gdf/bin/python(+0x12827a) [0x55fef481b27a]
35  /opt/conda/envs/gdf/bin/python(+0x147935) [0x55fef483a935]
36  /opt/conda/envs/gdf/bin/python(PyObject_Call+0xb4) [0x55fef483b104]
37  /opt/conda/envs/gdf/bin/python(+0x20efc8) [0x55fef4901fc8]
38  /opt/conda/envs/gdf/bin/python(_PyObject_MakeTpCall+0x2fc) [0x55fef48252bc]
39  /opt/conda/envs/gdf/bin/python(_PyEval_EvalFrameDefault+0x402b) [0x55fef48201bb]
40  /opt/conda/envs/gdf/bin/python(+0x139ef3) [0x55fef482cef3]
41  /opt/conda/envs/gdf/bin/python(+0x147c72) [0x55fef483ac72]
42  /opt/conda/envs/gdf/bin/python(_PyEval_EvalFrameDefault+0x402b) [0x55fef48201bb]
43  /opt/conda/envs/gdf/bin/python(+0x139ef3) [0x55fef482cef3]
44  /opt/conda/envs/gdf/bin/python(_PyEval_EvalFrameDefault+0x68b) [0x55fef481c81b]
45  /opt/conda/envs/gdf/bin/python(+0x12827a) [0x55fef481b27a]
46  /opt/conda/envs/gdf/bin/python(_PyFunction_Vectorcall+0xd5) [0x55fef482cc05]
47  /opt/conda/envs/gdf/bin/python(_PyEval_EvalFrameDefault+0x68b) [0x55fef481c81b]
48  /opt/conda/envs/gdf/bin/python(+0x139ef3) [0x55fef482cef3]
49  /opt/conda/envs/gdf/bin/python(_PyEval_EvalFrameDefault+0x3d8) [0x55fef481c568]
50  /opt/conda/envs/gdf/bin/python(+0x12827a) [0x55fef481b27a]
51  /opt/conda/envs/gdf/bin/python(_PyFunction_Vectorcall+0xd5) [0x55fef482cc05]
52  /opt/conda/envs/gdf/bin/python(_PyEval_EvalFrameDefault+0x123b) [0x55fef481d3cb]
53  /opt/conda/envs/gdf/bin/python(+0x12827a) [0x55fef481b27a]
54  /opt/conda/envs/gdf/bin/python(_PyEval_EvalCodeWithName+0x47) [0x55fef481af07]
55  /opt/conda/envs/gdf/bin/python(PyEval_EvalCodeEx+0x39) [0x55fef481aeb9]
56  /opt/conda/envs/gdf/bin/python(PyEval_EvalCode+0x1b) [0x55fef48cb8bb]
57  /opt/conda/envs/gdf/bin/python(+0x206adc) [0x55fef48f9adc]
58  /opt/conda/envs/gdf/bin/python(+0x202c24) [0x55fef48f5c24]
59  /opt/conda/envs/gdf/bin/python(PyRun_StringFlags+0x9d) [0x55fef48ed7ed]
60  /opt/conda/envs/gdf/bin/python(PyRun_SimpleStringFlags+0x3d) [0x55fef48ed6bd]
61  /opt/conda/envs/gdf/bin/python(Py_RunMain+0x262) [0x55fef48ec8a2]
=================================
[dgx13:77349:0:77349] Caught signal 11 (Segmentation fault: address not mapped to object at address 0x448)
==== backtrace (tid:  77349) ====
 0  /opt/conda/envs/gdf/lib/libucs.so.0(ucs_handle_error+0x2fd) [0x7f89d8c7ef1d]
 1  /opt/conda/envs/gdf/lib/libucs.so.0(+0x29114) [0x7f89d8c7f114]
 2  /opt/conda/envs/gdf/lib/libucs.so.0(+0x292da) [0x7f89d8c7f2da]
 3  /usr/lib/x86_64-linux-gnu/libpthread.so.0(+0x14420) [0x7f8a6b4cb420]
 4  /opt/conda/envs/gdf/lib/libucp.so.0(ucp_mem_type_unpack+0x14) [0x7f89d8cf85d4]
 5  /opt/conda/envs/gdf/lib/libucp.so.0(ucp_rndv_data_handler+0x4e9) [0x7f89d8d1d859]
 6  /opt/conda/envs/gdf/lib/libuct.so.0(+0x2042f) [0x7f89d8c3a42f]
 7  /opt/conda/envs/gdf/lib/libuct.so.0(+0x23798) [0x7f89d8c3d798]
 8  /opt/conda/envs/gdf/lib/libucs.so.0(ucs_event_set_wait+0xb9) [0x7f89d8c87989]
 9  /opt/conda/envs/gdf/lib/libuct.so.0(uct_tcp_iface_progress+0x7d) [0x7f89d8c3c62d]
10  /opt/conda/envs/gdf/lib/libucp.so.0(ucp_worker_progress+0x5a) [0x7f89d8cf5c4a]
11  /opt/conda/envs/gdf/lib/python3.9/site-packages/ucp/_libs/ucx_api.cpython-39-x86_64-linux-gnu.so(+0x2b17a) [0x7f89d8da017a]
12  /opt/conda/envs/gdf/bin/python(+0x13eb08) [0x5603fa5d5b08]
13  /opt/conda/envs/gdf/bin/python(_PyEval_EvalFrameDefault+0x5f82) [0x5603fa5c6112]
14  /opt/conda/envs/gdf/bin/python(+0x12827a) [0x5603fa5bf27a]
15  /opt/conda/envs/gdf/bin/python(_PyFunction_Vectorcall+0xd5) [0x5603fa5d0c05]
16  /opt/conda/envs/gdf/bin/python(_PyEval_EvalFrameDefault+0x68b) [0x5603fa5c081b]
17  /opt/conda/envs/gdf/bin/python(+0x139ef3) [0x5603fa5d0ef3]
18  /opt/conda/envs/gdf/bin/python(+0x147a16) [0x5603fa5dea16]
19  /opt/conda/envs/gdf/bin/python(+0x2579b1) [0x5603fa6ee9b1]
20  /opt/conda/envs/gdf/bin/python(+0xe5817) [0x5603fa57c817]
21  /opt/conda/envs/gdf/bin/python(+0x130f83) [0x5603fa5c7f83]
22  /opt/conda/envs/gdf/bin/python(_PyEval_EvalFrameDefault+0x5ba6) [0x5603fa5c5d36]
23  /opt/conda/envs/gdf/bin/python(+0x139ef3) [0x5603fa5d0ef3]
24  /opt/conda/envs/gdf/bin/python(_PyEval_EvalFrameDefault+0x68b) [0x5603fa5c081b]
25  /opt/conda/envs/gdf/bin/python(+0x139ef3) [0x5603fa5d0ef3]
26  /opt/conda/envs/gdf/bin/python(_PyEval_EvalFrameDefault+0x68b) [0x5603fa5c081b]
27  /opt/conda/envs/gdf/bin/python(+0x139ef3) [0x5603fa5d0ef3]
28  /opt/conda/envs/gdf/bin/python(_PyEval_EvalFrameDefault+0x68b) [0x5603fa5c081b]
29  /opt/conda/envs/gdf/bin/python(+0x139ef3) [0x5603fa5d0ef3]
30  /opt/conda/envs/gdf/bin/python(_PyEval_EvalFrameDefault+0x68b) [0x5603fa5c081b]
31  /opt/conda/envs/gdf/bin/python(+0x12827a) [0x5603fa5bf27a]
32  /opt/conda/envs/gdf/bin/python(_PyFunction_Vectorcall+0xd5) [0x5603fa5d0c05]
33  /opt/conda/envs/gdf/bin/python(_PyEval_EvalFrameDefault+0x4e17) [0x5603fa5c4fa7]
34  /opt/conda/envs/gdf/bin/python(+0x12827a) [0x5603fa5bf27a]
35  /opt/conda/envs/gdf/bin/python(+0x147935) [0x5603fa5de935]
36  /opt/conda/envs/gdf/bin/python(PyObject_Call+0xb4) [0x5603fa5df104]
37  /opt/conda/envs/gdf/bin/python(+0x20efc8) [0x5603fa6a5fc8]
38  /opt/conda/envs/gdf/bin/python(_PyObject_MakeTpCall+0x2fc) [0x5603fa5c92bc]
39  /opt/conda/envs/gdf/bin/python(_PyEval_EvalFrameDefault+0x402b) [0x5603fa5c41bb]
40  /opt/conda/envs/gdf/bin/python(+0x139ef3) [0x5603fa5d0ef3]
41  /opt/conda/envs/gdf/bin/python(+0x147c72) [0x5603fa5dec72]
42  /opt/conda/envs/gdf/bin/python(_PyEval_EvalFrameDefault+0x402b) [0x5603fa5c41bb]
43  /opt/conda/envs/gdf/bin/python(+0x139ef3) [0x5603fa5d0ef3]
44  /opt/conda/envs/gdf/bin/python(_PyEval_EvalFrameDefault+0x68b) [0x5603fa5c081b]
45  /opt/conda/envs/gdf/bin/python(+0x12827a) [0x5603fa5bf27a]
46  /opt/conda/envs/gdf/bin/python(_PyFunction_Vectorcall+0xd5) [0x5603fa5d0c05]
47  /opt/conda/envs/gdf/bin/python(_PyEval_EvalFrameDefault+0x68b) [0x5603fa5c081b]
48  /opt/conda/envs/gdf/bin/python(+0x139ef3) [0x5603fa5d0ef3]
49  /opt/conda/envs/gdf/bin/python(_PyEval_EvalFrameDefault+0x3d8) [0x5603fa5c0568]
50  /opt/conda/envs/gdf/bin/python(+0x12827a) [0x5603fa5bf27a]
51  /opt/conda/envs/gdf/bin/python(_PyFunction_Vectorcall+0xd5) [0x5603fa5d0c05]
52  /opt/conda/envs/gdf/bin/python(_PyEval_EvalFrameDefault+0x123b) [0x5603fa5c13cb]
53  /opt/conda/envs/gdf/bin/python(+0x12827a) [0x5603fa5bf27a]
54  /opt/conda/envs/gdf/bin/python(_PyEval_EvalCodeWithName+0x47) [0x5603fa5bef07]
55  /opt/conda/envs/gdf/bin/python(PyEval_EvalCodeEx+0x39) [0x5603fa5beeb9]
56  /opt/conda/envs/gdf/bin/python(PyEval_EvalCode+0x1b) [0x5603fa66f8bb]
57  /opt/conda/envs/gdf/bin/python(+0x206adc) [0x5603fa69dadc]
58  /opt/conda/envs/gdf/bin/python(+0x202c24) [0x5603fa699c24]
59  /opt/conda/envs/gdf/bin/python(PyRun_StringFlags+0x9d) [0x5603fa6917ed]
60  /opt/conda/envs/gdf/bin/python(PyRun_SimpleStringFlags+0x3d) [0x5603fa6916bd]
61  /opt/conda/envs/gdf/bin/python(Py_RunMain+0x262) [0x5603fa6908a2]
=================================
2023-06-25 06:43:56,941 - distributed.worker - ERROR - failed during get data with ucx://127.0.0.1:39005 -> ucx://127.0.0.1:46649
Traceback (most recent call last):
  File "/opt/conda/envs/gdf/lib/python3.9/site-packages/distributed/comm/ucx.py", line 333, in write
    await self.ep.send(each_frame)
  File "/opt/conda/envs/gdf/lib/python3.9/site-packages/ucp/core.py", line 650, in send
    return await comm.tag_send(self._ep, buffer, nbytes, tag, name=log)
ucp._libs.exceptions.UCXError: <[Send #007] ep: 0x7f217dbd2240, tag: 0xe92b9f4d651a8d2f, nbytes: 50000000, type: <class 'cupy.ndarray'>>: Connection reset by remote peer

During handling of the above exception, another exception occurred:

Traceback (most recent call last):
  File "/opt/conda/envs/gdf/lib/python3.9/site-packages/distributed/worker.py", line 1792, in get_data
    compressed = await comm.write(msg, serializers=serializers)
  File "/opt/conda/envs/gdf/lib/python3.9/site-packages/distributed/utils.py", line 752, in wrapper
    return await func(*args, **kwargs)
  File "/opt/conda/envs/gdf/lib/python3.9/site-packages/distributed/comm/ucx.py", line 337, in write
    raise CommClosedError("While writing, the connection was closed")
distributed.comm.core.CommClosedError: While writing, the connection was closed
Task exception was never retrieved
future: <Task finished name='Task-2817' coro=<_listener_handler_coroutine() done, defined at /opt/conda/envs/gdf/lib/python3.9/site-packages/ucp/core.py:128> exception=UCXError('<stream_send>: Connection reset by remote peer')>
Traceback (most recent call last):
  File "/opt/conda/envs/gdf/lib/python3.9/site-packages/ucp/core.py", line 143, in _listener_handler_coroutine
    peer_info = await exchange_peer_info(
  File "/opt/conda/envs/gdf/lib/python3.9/site-packages/ucp/core.py", line 51, in exchange_peer_info
    await comm.stream_send(endpoint, my_info_arr, my_info_arr.nbytes)
ucp._libs.exceptions.UCXError: <stream_send>: Connection reset by remote peer
2023-06-25 06:43:56,969 - distributed.worker - ERROR - failed during get data with ucx://127.0.0.1:50627 -> ucx://127.0.0.1:42225
Traceback (most recent call last):
  File "/opt/conda/envs/gdf/lib/python3.9/site-packages/distributed/comm/ucx.py", line 333, in write
    await self.ep.send(each_frame)
  File "/opt/conda/envs/gdf/lib/python3.9/site-packages/ucp/core.py", line 650, in send
    return await comm.tag_send(self._ep, buffer, nbytes, tag, name=log)
ucp._libs.exceptions.UCXError: <[Send #007] ep: 0x7f58c1dcd240, tag: 0x97ff948f5b241c79, nbytes: 50000000, type: <class 'cupy.ndarray'>>: Connection reset by remote peer

During handling of the above exception, another exception occurred:

Traceback (most recent call last):
  File "/opt/conda/envs/gdf/lib/python3.9/site-packages/distributed/worker.py", line 1792, in get_data
    compressed = await comm.write(msg, serializers=serializers)
  File "/opt/conda/envs/gdf/lib/python3.9/site-packages/distributed/utils.py", line 752, in wrapper
    return await func(*args, **kwargs)
  File "/opt/conda/envs/gdf/lib/python3.9/site-packages/distributed/comm/ucx.py", line 337, in write
    raise CommClosedError("While writing, the connection was closed")
distributed.comm.core.CommClosedError: While writing, the connection was closed
2023-06-25 06:43:56,970 - distributed.worker - ERROR - Worker stream died during communication: ucx://127.0.0.1:42225
Traceback (most recent call last):
  File "/opt/conda/envs/gdf/lib/python3.9/site-packages/distributed/comm/ucx.py", line 349, in read
    await self.ep.recv(msg)
  File "/opt/conda/envs/gdf/lib/python3.9/site-packages/ucp/core.py", line 725, in recv
    ret = await comm.tag_recv(self._ep, buffer, nbytes, tag, name=log)
ucp._libs.exceptions.UCXCanceled: <[Recv #003] ep: 0x7f58c1dcd380, tag: 0xf2981ba4b3010ec6, nbytes: 16, type: <class 'numpy.ndarray'>>: 

During handling of the above exception, another exception occurred:

Traceback (most recent call last):
  File "/opt/conda/envs/gdf/lib/python3.9/site-packages/distributed/worker.py", line 2066, in gather_dep
    response = await get_data_from_worker(
  File "/opt/conda/envs/gdf/lib/python3.9/site-packages/distributed/worker.py", line 2892, in get_data_from_worker
    response = await send_recv(
  File "/opt/conda/envs/gdf/lib/python3.9/site-packages/distributed/core.py", line 1024, in send_recv
    response = await comm.read(deserializers=deserializers)
  File "/opt/conda/envs/gdf/lib/python3.9/site-packages/distributed/utils.py", line 752, in wrapper
    return await func(*args, **kwargs)
  File "/opt/conda/envs/gdf/lib/python3.9/site-packages/distributed/comm/ucx.py", line 367, in read
    raise CommClosedError(
distributed.comm.core.CommClosedError: Connection closed by writer.
Inner exception: UCXCanceled("<[Recv #003] ep: 0x7f58c1dcd380, tag: 0xf2981ba4b3010ec6, nbytes: 16, type: <class 'numpy.ndarray'>>: ")
2023-06-25 06:43:56,976 - distributed.worker - ERROR - failed during get data with ucx://127.0.0.1:50627 -> ucx://127.0.0.1:53207
Traceback (most recent call last):
  File "/opt/conda/envs/gdf/lib/python3.9/site-packages/distributed/comm/ucx.py", line 333, in write
    await self.ep.send(each_frame)
  File "/opt/conda/envs/gdf/lib/python3.9/site-packages/ucp/core.py", line 650, in send
    return await comm.tag_send(self._ep, buffer, nbytes, tag, name=log)
ucp._libs.exceptions.UCXError: <[Send #007] ep: 0x7f58c1dcd300, tag: 0xe5f7f5469c4ece0d, nbytes: 50000000, type: <class 'cupy.ndarray'>>: Connection reset by remote peer

During handling of the above exception, another exception occurred:

Traceback (most recent call last):
  File "/opt/conda/envs/gdf/lib/python3.9/site-packages/distributed/worker.py", line 1792, in get_data
    compressed = await comm.write(msg, serializers=serializers)
  File "/opt/conda/envs/gdf/lib/python3.9/site-packages/distributed/utils.py", line 752, in wrapper
    return await func(*args, **kwargs)
  File "/opt/conda/envs/gdf/lib/python3.9/site-packages/distributed/comm/ucx.py", line 337, in write
    raise CommClosedError("While writing, the connection was closed")
distributed.comm.core.CommClosedError: While writing, the connection was closed
2023-06-25 06:43:57,004 - distributed.nanny - WARNING - Restarting worker
2023-06-25 06:43:57,042 - distributed.nanny - WARNING - Restarting worker
2023-06-25 06:43:57,074 - distributed.nanny - WARNING - Restarting worker
2023-06-25 06:43:58,496 - distributed.preloading - INFO - Creating preload: dask_cuda.initialize
2023-06-25 06:43:58,497 - distributed.preloading - INFO - Import preload module: dask_cuda.initialize
2023-06-25 06:43:58,537 - distributed.preloading - INFO - Creating preload: dask_cuda.initialize
2023-06-25 06:43:58,537 - distributed.preloading - INFO - Import preload module: dask_cuda.initialize
2023-06-25 06:43:58,571 - distributed.preloading - INFO - Creating preload: dask_cuda.initialize
2023-06-25 06:43:58,571 - distributed.preloading - INFO - Import preload module: dask_cuda.initialize
/opt/conda/envs/gdf/lib/python3.9/multiprocessing/resource_tracker.py:216: UserWarning: resource_tracker: There appear to be 48 leaked semaphore objects to clean up at shutdown
  warnings.warn('resource_tracker: There appear to be %d '
