[dgx13:81472:0:81472] Caught signal 11 (Segmentation fault: address not mapped to object at address 0x450)
==== backtrace (tid:  81472) ====
 0  /opt/conda/envs/gdf/lib/libucs.so.0(ucs_handle_error+0x2fd) [0x7f970c83315d]
 1  /opt/conda/envs/gdf/lib/libucs.so.0(+0x2b354) [0x7f970c833354]
 2  /opt/conda/envs/gdf/lib/libucs.so.0(+0x2b51a) [0x7f970c83351a]
 3  /usr/lib/x86_64-linux-gnu/libpthread.so.0(+0x14420) [0x7f979f076420]
 4  /opt/conda/envs/gdf/lib/libucp.so.0(ucp_mem_type_unpack+0x14) [0x7f970c8b2c54]
 5  /opt/conda/envs/gdf/lib/libucp.so.0(ucp_rndv_data_handler+0x65d) [0x7f970c8db4dd]
 6  /opt/conda/envs/gdf/lib/libuct.so.0(+0x2070f) [0x7f970c7ec70f]
 7  /opt/conda/envs/gdf/lib/libuct.so.0(+0x238e8) [0x7f970c7ef8e8]
 8  /opt/conda/envs/gdf/lib/libucs.so.0(ucs_event_set_wait+0xb9) [0x7f970c83c8a9]
 9  /opt/conda/envs/gdf/lib/libuct.so.0(uct_tcp_iface_progress+0x7d) [0x7f970c7ee9fd]
10  /opt/conda/envs/gdf/lib/libucp.so.0(ucp_worker_progress+0x5a) [0x7f970c8afb5a]
11  /opt/conda/envs/gdf/lib/python3.9/site-packages/ucp/_libs/ucx_api.cpython-39-x86_64-linux-gnu.so(+0x3a5fa) [0x7f970c9765fa]
12  /opt/conda/envs/gdf/bin/python(_PyEval_EvalFrameDefault+0x37cb) [0x5631a1c516fb]
13  /opt/conda/envs/gdf/bin/python(+0x12f094) [0x5631a1c4d094]
14  /opt/conda/envs/gdf/bin/python(_PyFunction_Vectorcall+0xd9) [0x5631a1c5e519]
15  /opt/conda/envs/gdf/bin/python(_PyEval_EvalFrameDefault+0x696) [0x5631a1c4e5c6]
16  /opt/conda/envs/gdf/bin/python(+0x1407c2) [0x5631a1c5e7c2]
17  /opt/conda/envs/gdf/bin/python(+0x14de83) [0x5631a1c6be83]
18  /opt/conda/envs/gdf/bin/python(+0x258b2c) [0x5631a1d76b2c]
19  /opt/conda/envs/gdf/bin/python(+0xead05) [0x5631a1c08d05]
20  /opt/conda/envs/gdf/bin/python(+0x1377f3) [0x5631a1c557f3]
21  /opt/conda/envs/gdf/bin/python(_PyEval_EvalFrameDefault+0x59f9) [0x5631a1c53929]
22  /opt/conda/envs/gdf/bin/python(+0x1407c2) [0x5631a1c5e7c2]
23  /opt/conda/envs/gdf/bin/python(_PyEval_EvalFrameDefault+0x696) [0x5631a1c4e5c6]
24  /opt/conda/envs/gdf/bin/python(+0x1407c2) [0x5631a1c5e7c2]
25  /opt/conda/envs/gdf/bin/python(_PyEval_EvalFrameDefault+0x696) [0x5631a1c4e5c6]
26  /opt/conda/envs/gdf/bin/python(+0x1407c2) [0x5631a1c5e7c2]
27  /opt/conda/envs/gdf/bin/python(_PyEval_EvalFrameDefault+0x696) [0x5631a1c4e5c6]
28  /opt/conda/envs/gdf/bin/python(+0x1407c2) [0x5631a1c5e7c2]
29  /opt/conda/envs/gdf/bin/python(_PyEval_EvalFrameDefault+0x696) [0x5631a1c4e5c6]
30  /opt/conda/envs/gdf/bin/python(+0x12f094) [0x5631a1c4d094]
31  /opt/conda/envs/gdf/bin/python(_PyFunction_Vectorcall+0xd9) [0x5631a1c5e519]
32  /opt/conda/envs/gdf/bin/python(_PyEval_EvalFrameDefault+0x11f8) [0x5631a1c4f128]
33  /opt/conda/envs/gdf/bin/python(+0x12f094) [0x5631a1c4d094]
34  /opt/conda/envs/gdf/bin/python(+0x14dccb) [0x5631a1c6bccb]
35  /opt/conda/envs/gdf/bin/python(PyObject_Call+0xbc) [0x5631a1c6c44c]
36  /opt/conda/envs/gdf/bin/python(+0x21110e) [0x5631a1d2f10e]
37  /opt/conda/envs/gdf/bin/python(_PyObject_MakeTpCall+0x2ec) [0x5631a1c5677c]
38  /opt/conda/envs/gdf/bin/python(_PyEval_EvalFrameDefault+0x37cb) [0x5631a1c516fb]
39  /opt/conda/envs/gdf/bin/python(+0x1407c2) [0x5631a1c5e7c2]
40  /opt/conda/envs/gdf/bin/python(+0x14ddac) [0x5631a1c6bdac]
41  /opt/conda/envs/gdf/bin/python(_PyEval_EvalFrameDefault+0x37cb) [0x5631a1c516fb]
42  /opt/conda/envs/gdf/bin/python(+0x1407c2) [0x5631a1c5e7c2]
43  /opt/conda/envs/gdf/bin/python(_PyEval_EvalFrameDefault+0x696) [0x5631a1c4e5c6]
44  /opt/conda/envs/gdf/bin/python(+0x12f094) [0x5631a1c4d094]
45  /opt/conda/envs/gdf/bin/python(_PyFunction_Vectorcall+0xd9) [0x5631a1c5e519]
46  /opt/conda/envs/gdf/bin/python(_PyEval_EvalFrameDefault+0x696) [0x5631a1c4e5c6]
47  /opt/conda/envs/gdf/bin/python(+0x1407c2) [0x5631a1c5e7c2]
48  /opt/conda/envs/gdf/bin/python(_PyEval_EvalFrameDefault+0x3e2) [0x5631a1c4e312]
49  /opt/conda/envs/gdf/bin/python(+0x12f094) [0x5631a1c4d094]
50  /opt/conda/envs/gdf/bin/python(_PyFunction_Vectorcall+0xd9) [0x5631a1c5e519]
51  /opt/conda/envs/gdf/bin/python(_PyEval_EvalFrameDefault+0x11f8) [0x5631a1c4f128]
52  /opt/conda/envs/gdf/bin/python(+0x12f094) [0x5631a1c4d094]
53  /opt/conda/envs/gdf/bin/python(_PyEval_EvalCodeWithName+0x48) [0x5631a1c4cd68]
54  /opt/conda/envs/gdf/bin/python(PyEval_EvalCodeEx+0x39) [0x5631a1c4cd19]
55  /opt/conda/envs/gdf/bin/python(PyEval_EvalCode+0x1b) [0x5631a1cfa07b]
56  /opt/conda/envs/gdf/bin/python(+0x208fca) [0x5631a1d26fca]
57  /opt/conda/envs/gdf/bin/python(+0x205353) [0x5631a1d23353]
58  /opt/conda/envs/gdf/bin/python(PyRun_StringFlags+0x9a) [0x5631a1d1b16a]
59  /opt/conda/envs/gdf/bin/python(PyRun_SimpleStringFlags+0x3c) [0x5631a1d1b05c]
60  /opt/conda/envs/gdf/bin/python(Py_RunMain+0x267) [0x5631a1d1a297]
61  /opt/conda/envs/gdf/bin/python(Py_BytesMain+0x37) [0x5631a1cedf07]
=================================
[dgx13:81481:0:81481] Caught signal 11 (Segmentation fault: address not mapped to object at address 0x450)
==== backtrace (tid:  81481) ====
 0  /opt/conda/envs/gdf/lib/libucs.so.0(ucs_handle_error+0x2fd) [0x7feb8c8aa15d]
 1  /opt/conda/envs/gdf/lib/libucs.so.0(+0x2b354) [0x7feb8c8aa354]
 2  /opt/conda/envs/gdf/lib/libucs.so.0(+0x2b51a) [0x7feb8c8aa51a]
 3  /usr/lib/x86_64-linux-gnu/libpthread.so.0(+0x14420) [0x7fec2cf93420]
 4  /opt/conda/envs/gdf/lib/libucp.so.0(ucp_mem_type_unpack+0x14) [0x7feb8c929c54]
 5  /opt/conda/envs/gdf/lib/libucp.so.0(ucp_rndv_data_handler+0x65d) [0x7feb8c9524dd]
 6  /opt/conda/envs/gdf/lib/libuct.so.0(+0x2070f) [0x7feb8c86370f]
 7  /opt/conda/envs/gdf/lib/libuct.so.0(+0x238e8) [0x7feb8c8668e8]
 8  /opt/conda/envs/gdf/lib/libucs.so.0(ucs_event_set_wait+0xb9) [0x7feb8c8b38a9]
 9  /opt/conda/envs/gdf/lib/libuct.so.0(uct_tcp_iface_progress+0x7d) [0x7feb8c8659fd]
10  /opt/conda/envs/gdf/lib/libucp.so.0(ucp_worker_progress+0x5a) [0x7feb8c926b5a]
11  /opt/conda/envs/gdf/lib/python3.9/site-packages/ucp/_libs/ucx_api.cpython-39-x86_64-linux-gnu.so(+0x3a5fa) [0x7feb8c9ed5fa]
12  /opt/conda/envs/gdf/bin/python(_PyEval_EvalFrameDefault+0x37cb) [0x5618038196fb]
13  /opt/conda/envs/gdf/bin/python(+0x12f094) [0x561803815094]
14  /opt/conda/envs/gdf/bin/python(_PyFunction_Vectorcall+0xd9) [0x561803826519]
15  /opt/conda/envs/gdf/bin/python(_PyEval_EvalFrameDefault+0x696) [0x5618038165c6]
16  /opt/conda/envs/gdf/bin/python(+0x1e3162) [0x5618038c9162]
17  /opt/conda/envs/gdf/lib/python3.9/lib-dynload/_asyncio.cpython-39-x86_64-linux-gnu.so(+0x81e9) [0x7febad9431e9]
18  /opt/conda/envs/gdf/bin/python(_PyObject_MakeTpCall+0x2ec) [0x56180381e77c]
19  /opt/conda/envs/gdf/bin/python(+0xead05) [0x5618037d0d05]
20  /opt/conda/envs/gdf/bin/python(+0x1377f3) [0x56180381d7f3]
21  /opt/conda/envs/gdf/bin/python(_PyEval_EvalFrameDefault+0x59f9) [0x56180381b929]
22  /opt/conda/envs/gdf/bin/python(+0x1407c2) [0x5618038267c2]
23  /opt/conda/envs/gdf/bin/python(_PyEval_EvalFrameDefault+0x696) [0x5618038165c6]
24  /opt/conda/envs/gdf/bin/python(+0x1407c2) [0x5618038267c2]
25  /opt/conda/envs/gdf/bin/python(_PyEval_EvalFrameDefault+0x696) [0x5618038165c6]
26  /opt/conda/envs/gdf/bin/python(+0x1407c2) [0x5618038267c2]
27  /opt/conda/envs/gdf/bin/python(_PyEval_EvalFrameDefault+0x696) [0x5618038165c6]
28  /opt/conda/envs/gdf/bin/python(+0x1407c2) [0x5618038267c2]
29  /opt/conda/envs/gdf/bin/python(_PyEval_EvalFrameDefault+0x696) [0x5618038165c6]
30  /opt/conda/envs/gdf/bin/python(+0x12f094) [0x561803815094]
31  /opt/conda/envs/gdf/bin/python(_PyFunction_Vectorcall+0xd9) [0x561803826519]
32  /opt/conda/envs/gdf/bin/python(_PyEval_EvalFrameDefault+0x11f8) [0x561803817128]
33  /opt/conda/envs/gdf/bin/python(+0x12f094) [0x561803815094]
34  /opt/conda/envs/gdf/bin/python(+0x14dccb) [0x561803833ccb]
35  /opt/conda/envs/gdf/bin/python(PyObject_Call+0xbc) [0x56180383444c]
36  /opt/conda/envs/gdf/bin/python(+0x21110e) [0x5618038f710e]
37  /opt/conda/envs/gdf/bin/python(_PyObject_MakeTpCall+0x2ec) [0x56180381e77c]
38  /opt/conda/envs/gdf/bin/python(_PyEval_EvalFrameDefault+0x37cb) [0x5618038196fb]
39  /opt/conda/envs/gdf/bin/python(+0x1407c2) [0x5618038267c2]
40  /opt/conda/envs/gdf/bin/python(+0x14ddac) [0x561803833dac]
41  /opt/conda/envs/gdf/bin/python(_PyEval_EvalFrameDefault+0x37cb) [0x5618038196fb]
42  /opt/conda/envs/gdf/bin/python(+0x1407c2) [0x5618038267c2]
43  /opt/conda/envs/gdf/bin/python(_PyEval_EvalFrameDefault+0x696) [0x5618038165c6]
44  /opt/conda/envs/gdf/bin/python(+0x12f094) [0x561803815094]
45  /opt/conda/envs/gdf/bin/python(_PyFunction_Vectorcall+0xd9) [0x561803826519]
46  /opt/conda/envs/gdf/bin/python(_PyEval_EvalFrameDefault+0x696) [0x5618038165c6]
47  /opt/conda/envs/gdf/bin/python(+0x1407c2) [0x5618038267c2]
48  /opt/conda/envs/gdf/bin/python(_PyEval_EvalFrameDefault+0x3e2) [0x561803816312]
49  /opt/conda/envs/gdf/bin/python(+0x12f094) [0x561803815094]
50  /opt/conda/envs/gdf/bin/python(_PyFunction_Vectorcall+0xd9) [0x561803826519]
51  /opt/conda/envs/gdf/bin/python(_PyEval_EvalFrameDefault+0x11f8) [0x561803817128]
52  /opt/conda/envs/gdf/bin/python(+0x12f094) [0x561803815094]
53  /opt/conda/envs/gdf/bin/python(_PyEval_EvalCodeWithName+0x48) [0x561803814d68]
54  /opt/conda/envs/gdf/bin/python(PyEval_EvalCodeEx+0x39) [0x561803814d19]
55  /opt/conda/envs/gdf/bin/python(PyEval_EvalCode+0x1b) [0x5618038c207b]
56  /opt/conda/envs/gdf/bin/python(+0x208fca) [0x5618038eefca]
57  /opt/conda/envs/gdf/bin/python(+0x205353) [0x5618038eb353]
58  /opt/conda/envs/gdf/bin/python(PyRun_StringFlags+0x9a) [0x5618038e316a]
59  /opt/conda/envs/gdf/bin/python(PyRun_SimpleStringFlags+0x3c) [0x5618038e305c]
60  /opt/conda/envs/gdf/bin/python(Py_RunMain+0x267) [0x5618038e2297]
61  /opt/conda/envs/gdf/bin/python(Py_BytesMain+0x37) [0x5618038b5f07]
=================================
[dgx13:81460:0:81460] Caught signal 11 (Segmentation fault: address not mapped to object at address 0x450)
==== backtrace (tid:  81460) ====
 0  /opt/conda/envs/gdf/lib/libucs.so.0(ucs_handle_error+0x2fd) [0x7f918f2a915d]
 1  /opt/conda/envs/gdf/lib/libucs.so.0(+0x2b354) [0x7f918f2a9354]
 2  /opt/conda/envs/gdf/lib/libucs.so.0(+0x2b51a) [0x7f918f2a951a]
 3  /usr/lib/x86_64-linux-gnu/libpthread.so.0(+0x14420) [0x7f923fb27420]
 4  /opt/conda/envs/gdf/lib/libucp.so.0(ucp_mem_type_unpack+0x14) [0x7f918f328c54]
 5  /opt/conda/envs/gdf/lib/libucp.so.0(ucp_rndv_data_handler+0x65d) [0x7f918f3514dd]
 6  /opt/conda/envs/gdf/lib/libuct.so.0(+0x2070f) [0x7f918f26270f]
 7  /opt/conda/envs/gdf/lib/libuct.so.0(+0x238e8) [0x7f918f2658e8]
 8  /opt/conda/envs/gdf/lib/libucs.so.0(ucs_event_set_wait+0xb9) [0x7f918f2b28a9]
 9  /opt/conda/envs/gdf/lib/libuct.so.0(uct_tcp_iface_progress+0x7d) [0x7f918f2649fd]
10  /opt/conda/envs/gdf/lib/libucp.so.0(ucp_worker_progress+0x5a) [0x7f918f325b5a]
11  /opt/conda/envs/gdf/lib/python3.9/site-packages/ucp/_libs/ucx_api.cpython-39-x86_64-linux-gnu.so(+0x3a5fa) [0x7f918f3ec5fa]
12  /opt/conda/envs/gdf/bin/python(_PyEval_EvalFrameDefault+0x37cb) [0x564e4ef2a6fb]
13  /opt/conda/envs/gdf/bin/python(+0x12f094) [0x564e4ef26094]
14  /opt/conda/envs/gdf/bin/python(_PyFunction_Vectorcall+0xd9) [0x564e4ef37519]
15  /opt/conda/envs/gdf/bin/python(_PyEval_EvalFrameDefault+0x696) [0x564e4ef275c6]
16  /opt/conda/envs/gdf/bin/python(+0x1e3162) [0x564e4efda162]
17  /opt/conda/envs/gdf/lib/python3.9/lib-dynload/_asyncio.cpython-39-x86_64-linux-gnu.so(+0x81e9) [0x7f91c04db1e9]
18  /opt/conda/envs/gdf/bin/python(_PyObject_MakeTpCall+0x2ec) [0x564e4ef2f77c]
19  /opt/conda/envs/gdf/bin/python(+0xead05) [0x564e4eee1d05]
20  /opt/conda/envs/gdf/bin/python(+0x1377f3) [0x564e4ef2e7f3]
21  /opt/conda/envs/gdf/bin/python(_PyEval_EvalFrameDefault+0x59f9) [0x564e4ef2c929]
22  /opt/conda/envs/gdf/bin/python(+0x1407c2) [0x564e4ef377c2]
23  /opt/conda/envs/gdf/bin/python(_PyEval_EvalFrameDefault+0x696) [0x564e4ef275c6]
24  /opt/conda/envs/gdf/bin/python(+0x1407c2) [0x564e4ef377c2]
25  /opt/conda/envs/gdf/bin/python(_PyEval_EvalFrameDefault+0x696) [0x564e4ef275c6]
26  /opt/conda/envs/gdf/bin/python(+0x1407c2) [0x564e4ef377c2]
27  /opt/conda/envs/gdf/bin/python(_PyEval_EvalFrameDefault+0x696) [0x564e4ef275c6]
28  /opt/conda/envs/gdf/bin/python(+0x1407c2) [0x564e4ef377c2]
29  /opt/conda/envs/gdf/bin/python(_PyEval_EvalFrameDefault+0x696) [0x564e4ef275c6]
30  /opt/conda/envs/gdf/bin/python(+0x12f094) [0x564e4ef26094]
31  /opt/conda/envs/gdf/bin/python(_PyFunction_Vectorcall+0xd9) [0x564e4ef37519]
32  /opt/conda/envs/gdf/bin/python(_PyEval_EvalFrameDefault+0x11f8) [0x564e4ef28128]
33  /opt/conda/envs/gdf/bin/python(+0x12f094) [0x564e4ef26094]
34  /opt/conda/envs/gdf/bin/python(+0x14dccb) [0x564e4ef44ccb]
35  /opt/conda/envs/gdf/bin/python(PyObject_Call+0xbc) [0x564e4ef4544c]
36  /opt/conda/envs/gdf/bin/python(+0x21110e) [0x564e4f00810e]
37  /opt/conda/envs/gdf/bin/python(_PyObject_MakeTpCall+0x2ec) [0x564e4ef2f77c]
38  /opt/conda/envs/gdf/bin/python(_PyEval_EvalFrameDefault+0x37cb) [0x564e4ef2a6fb]
39  /opt/conda/envs/gdf/bin/python(+0x1407c2) [0x564e4ef377c2]
40  /opt/conda/envs/gdf/bin/python(+0x14ddac) [0x564e4ef44dac]
41  /opt/conda/envs/gdf/bin/python(_PyEval_EvalFrameDefault+0x37cb) [0x564e4ef2a6fb]
42  /opt/conda/envs/gdf/bin/python(+0x1407c2) [0x564e4ef377c2]
43  /opt/conda/envs/gdf/bin/python(_PyEval_EvalFrameDefault+0x696) [0x564e4ef275c6]
44  /opt/conda/envs/gdf/bin/python(+0x12f094) [0x564e4ef26094]
45  /opt/conda/envs/gdf/bin/python(_PyFunction_Vectorcall+0xd9) [0x564e4ef37519]
46  /opt/conda/envs/gdf/bin/python(_PyEval_EvalFrameDefault+0x696) [0x564e4ef275c6]
47  /opt/conda/envs/gdf/bin/python(+0x1407c2) [0x564e4ef377c2]
48  /opt/conda/envs/gdf/bin/python(_PyEval_EvalFrameDefault+0x3e2) [0x564e4ef27312]
49  /opt/conda/envs/gdf/bin/python(+0x12f094) [0x564e4ef26094]
50  /opt/conda/envs/gdf/bin/python(_PyFunction_Vectorcall+0xd9) [0x564e4ef37519]
51  /opt/conda/envs/gdf/bin/python(_PyEval_EvalFrameDefault+0x11f8) [0x564e4ef28128]
52  /opt/conda/envs/gdf/bin/python(+0x12f094) [0x564e4ef26094]
53  /opt/conda/envs/gdf/bin/python(_PyEval_EvalCodeWithName+0x48) [0x564e4ef25d68]
54  /opt/conda/envs/gdf/bin/python(PyEval_EvalCodeEx+0x39) [0x564e4ef25d19]
55  /opt/conda/envs/gdf/bin/python(PyEval_EvalCode+0x1b) [0x564e4efd307b]
56  /opt/conda/envs/gdf/bin/python(+0x208fca) [0x564e4effffca]
57  /opt/conda/envs/gdf/bin/python(+0x205353) [0x564e4effc353]
58  /opt/conda/envs/gdf/bin/python(PyRun_StringFlags+0x9a) [0x564e4eff416a]
59  /opt/conda/envs/gdf/bin/python(PyRun_SimpleStringFlags+0x3c) [0x564e4eff405c]
60  /opt/conda/envs/gdf/bin/python(Py_RunMain+0x267) [0x564e4eff3297]
61  /opt/conda/envs/gdf/bin/python(Py_BytesMain+0x37) [0x564e4efc6f07]
=================================
[dgx13:81476:0:81476] Caught signal 11 (Segmentation fault: address not mapped to object at address 0x450)
==== backtrace (tid:  81476) ====
 0  /opt/conda/envs/gdf/lib/libucs.so.0(ucs_handle_error+0x2fd) [0x7f80c445e15d]
 1  /opt/conda/envs/gdf/lib/libucs.so.0(+0x2b354) [0x7f80c445e354]
 2  /opt/conda/envs/gdf/lib/libucs.so.0(+0x2b51a) [0x7f80c445e51a]
 3  /usr/lib/x86_64-linux-gnu/libpthread.so.0(+0x14420) [0x7f8156cc1420]
 4  /opt/conda/envs/gdf/lib/libucp.so.0(ucp_mem_type_unpack+0x14) [0x7f80c44ddc54]
 5  /opt/conda/envs/gdf/lib/libucp.so.0(ucp_rndv_data_handler+0x65d) [0x7f80c45064dd]
 6  /opt/conda/envs/gdf/lib/libuct.so.0(+0x2070f) [0x7f80c441770f]
 7  /opt/conda/envs/gdf/lib/libuct.so.0(+0x238e8) [0x7f80c441a8e8]
 8  /opt/conda/envs/gdf/lib/libucs.so.0(ucs_event_set_wait+0xb9) [0x7f80c44678a9]
 9  /opt/conda/envs/gdf/lib/libuct.so.0(uct_tcp_iface_progress+0x7d) [0x7f80c44199fd]
10  /opt/conda/envs/gdf/lib/libucp.so.0(ucp_worker_progress+0x5a) [0x7f80c44dab5a]
11  /opt/conda/envs/gdf/lib/python3.9/site-packages/ucp/_libs/ucx_api.cpython-39-x86_64-linux-gnu.so(+0x3a5fa) [0x7f80c45a15fa]
12  /opt/conda/envs/gdf/bin/python(_PyEval_EvalFrameDefault+0x37cb) [0x55e937ffe6fb]
13  /opt/conda/envs/gdf/bin/python(+0x12f094) [0x55e937ffa094]
14  /opt/conda/envs/gdf/bin/python(_PyFunction_Vectorcall+0xd9) [0x55e93800b519]
15  /opt/conda/envs/gdf/bin/python(_PyEval_EvalFrameDefault+0x696) [0x55e937ffb5c6]
16  /opt/conda/envs/gdf/bin/python(+0x1407c2) [0x55e93800b7c2]
17  /opt/conda/envs/gdf/bin/python(+0x14de83) [0x55e938018e83]
18  /opt/conda/envs/gdf/bin/python(+0x258b2c) [0x55e938123b2c]
19  /opt/conda/envs/gdf/bin/python(+0xead05) [0x55e937fb5d05]
20  /opt/conda/envs/gdf/bin/python(+0x1377f3) [0x55e9380027f3]
21  /opt/conda/envs/gdf/bin/python(_PyEval_EvalFrameDefault+0x59f9) [0x55e938000929]
22  /opt/conda/envs/gdf/bin/python(+0x1407c2) [0x55e93800b7c2]
23  /opt/conda/envs/gdf/bin/python(_PyEval_EvalFrameDefault+0x696) [0x55e937ffb5c6]
24  /opt/conda/envs/gdf/bin/python(+0x1407c2) [0x55e93800b7c2]
25  /opt/conda/envs/gdf/bin/python(_PyEval_EvalFrameDefault+0x696) [0x55e937ffb5c6]
26  /opt/conda/envs/gdf/bin/python(+0x1407c2) [0x55e93800b7c2]
27  /opt/conda/envs/gdf/bin/python(_PyEval_EvalFrameDefault+0x696) [0x55e937ffb5c6]
28  /opt/conda/envs/gdf/bin/python(+0x1407c2) [0x55e93800b7c2]
29  /opt/conda/envs/gdf/bin/python(_PyEval_EvalFrameDefault+0x696) [0x55e937ffb5c6]
30  /opt/conda/envs/gdf/bin/python(+0x12f094) [0x55e937ffa094]
31  /opt/conda/envs/gdf/bin/python(_PyFunction_Vectorcall+0xd9) [0x55e93800b519]
32  /opt/conda/envs/gdf/bin/python(_PyEval_EvalFrameDefault+0x11f8) [0x55e937ffc128]
33  /opt/conda/envs/gdf/bin/python(+0x12f094) [0x55e937ffa094]
34  /opt/conda/envs/gdf/bin/python(+0x14dccb) [0x55e938018ccb]
35  /opt/conda/envs/gdf/bin/python(PyObject_Call+0xbc) [0x55e93801944c]
36  /opt/conda/envs/gdf/bin/python(+0x21110e) [0x55e9380dc10e]
37  /opt/conda/envs/gdf/bin/python(_PyObject_MakeTpCall+0x2ec) [0x55e93800377c]
38  /opt/conda/envs/gdf/bin/python(_PyEval_EvalFrameDefault+0x37cb) [0x55e937ffe6fb]
39  /opt/conda/envs/gdf/bin/python(+0x1407c2) [0x55e93800b7c2]
40  /opt/conda/envs/gdf/bin/python(+0x14ddac) [0x55e938018dac]
41  /opt/conda/envs/gdf/bin/python(_PyEval_EvalFrameDefault+0x37cb) [0x55e937ffe6fb]
42  /opt/conda/envs/gdf/bin/python(+0x1407c2) [0x55e93800b7c2]
43  /opt/conda/envs/gdf/bin/python(_PyEval_EvalFrameDefault+0x696) [0x55e937ffb5c6]
44  /opt/conda/envs/gdf/bin/python(+0x12f094) [0x55e937ffa094]
45  /opt/conda/envs/gdf/bin/python(_PyFunction_Vectorcall+0xd9) [0x55e93800b519]
46  /opt/conda/envs/gdf/bin/python(_PyEval_EvalFrameDefault+0x696) [0x55e937ffb5c6]
47  /opt/conda/envs/gdf/bin/python(+0x1407c2) [0x55e93800b7c2]
48  /opt/conda/envs/gdf/bin/python(_PyEval_EvalFrameDefault+0x3e2) [0x55e937ffb312]
49  /opt/conda/envs/gdf/bin/python(+0x12f094) [0x55e937ffa094]
50  /opt/conda/envs/gdf/bin/python(_PyFunction_Vectorcall+0xd9) [0x55e93800b519]
51  /opt/conda/envs/gdf/bin/python(_PyEval_EvalFrameDefault+0x11f8) [0x55e937ffc128]
52  /opt/conda/envs/gdf/bin/python(+0x12f094) [0x55e937ffa094]
53  /opt/conda/envs/gdf/bin/python(_PyEval_EvalCodeWithName+0x48) [0x55e937ff9d68]
54  /opt/conda/envs/gdf/bin/python(PyEval_EvalCodeEx+0x39) [0x55e937ff9d19]
55  /opt/conda/envs/gdf/bin/python(PyEval_EvalCode+0x1b) [0x55e9380a707b]
56  /opt/conda/envs/gdf/bin/python(+0x208fca) [0x55e9380d3fca]
57  /opt/conda/envs/gdf/bin/python(+0x205353) [0x55e9380d0353]
58  /opt/conda/envs/gdf/bin/python(PyRun_StringFlags+0x9a) [0x55e9380c816a]
59  /opt/conda/envs/gdf/bin/python(PyRun_SimpleStringFlags+0x3c) [0x55e9380c805c]
60  /opt/conda/envs/gdf/bin/python(Py_RunMain+0x267) [0x55e9380c7297]
61  /opt/conda/envs/gdf/bin/python(Py_BytesMain+0x37) [0x55e93809af07]
=================================
[dgx13:81469:0:81469] Caught signal 11 (Segmentation fault: address not mapped to object at address 0x450)
==== backtrace (tid:  81469) ====
 0  /opt/conda/envs/gdf/lib/libucs.so.0(ucs_handle_error+0x2fd) [0x7f084762915d]
 1  /opt/conda/envs/gdf/lib/libucs.so.0(+0x2b354) [0x7f0847629354]
 2  /opt/conda/envs/gdf/lib/libucs.so.0(+0x2b51a) [0x7f084762951a]
 3  /usr/lib/x86_64-linux-gnu/libpthread.so.0(+0x14420) [0x7f08ffe74420]
 4  /opt/conda/envs/gdf/lib/libucp.so.0(ucp_mem_type_unpack+0x14) [0x7f08476a8c54]
 5  /opt/conda/envs/gdf/lib/libucp.so.0(ucp_rndv_data_handler+0x65d) [0x7f08476d14dd]
 6  /opt/conda/envs/gdf/lib/libuct.so.0(+0x2070f) [0x7f08475e270f]
 7  /opt/conda/envs/gdf/lib/libuct.so.0(+0x238e8) [0x7f08475e58e8]
 8  /opt/conda/envs/gdf/lib/libucs.so.0(ucs_event_set_wait+0xb9) [0x7f08476328a9]
 9  /opt/conda/envs/gdf/lib/libuct.so.0(uct_tcp_iface_progress+0x7d) [0x7f08475e49fd]
10  /opt/conda/envs/gdf/lib/libucp.so.0(ucp_worker_progress+0x5a) [0x7f08476a5b5a]
11  /opt/conda/envs/gdf/lib/python3.9/site-packages/ucp/_libs/ucx_api.cpython-39-x86_64-linux-gnu.so(+0x3a5fa) [0x7f084776c5fa]
12  /opt/conda/envs/gdf/bin/python(_PyEval_EvalFrameDefault+0x37cb) [0x561a1cff76fb]
13  /opt/conda/envs/gdf/bin/python(+0x12f094) [0x561a1cff3094]
14  /opt/conda/envs/gdf/bin/python(_PyFunction_Vectorcall+0xd9) [0x561a1d004519]
15  /opt/conda/envs/gdf/bin/python(_PyEval_EvalFrameDefault+0x696) [0x561a1cff45c6]
16  /opt/conda/envs/gdf/bin/python(+0x1407c2) [0x561a1d0047c2]
17  /opt/conda/envs/gdf/bin/python(+0x14de83) [0x561a1d011e83]
18  /opt/conda/envs/gdf/bin/python(+0x258b2c) [0x561a1d11cb2c]
19  /opt/conda/envs/gdf/bin/python(+0xead05) [0x561a1cfaed05]
20  /opt/conda/envs/gdf/bin/python(+0x1377f3) [0x561a1cffb7f3]
21  /opt/conda/envs/gdf/bin/python(_PyEval_EvalFrameDefault+0x59f9) [0x561a1cff9929]
22  /opt/conda/envs/gdf/bin/python(+0x1407c2) [0x561a1d0047c2]
23  /opt/conda/envs/gdf/bin/python(_PyEval_EvalFrameDefault+0x696) [0x561a1cff45c6]
24  /opt/conda/envs/gdf/bin/python(+0x1407c2) [0x561a1d0047c2]
25  /opt/conda/envs/gdf/bin/python(_PyEval_EvalFrameDefault+0x696) [0x561a1cff45c6]
26  /opt/conda/envs/gdf/bin/python(+0x1407c2) [0x561a1d0047c2]
27  /opt/conda/envs/gdf/bin/python(_PyEval_EvalFrameDefault+0x696) [0x561a1cff45c6]
28  /opt/conda/envs/gdf/bin/python(+0x1407c2) [0x561a1d0047c2]
29  /opt/conda/envs/gdf/bin/python(_PyEval_EvalFrameDefault+0x696) [0x561a1cff45c6]
30  /opt/conda/envs/gdf/bin/python(+0x12f094) [0x561a1cff3094]
31  /opt/conda/envs/gdf/bin/python(_PyFunction_Vectorcall+0xd9) [0x561a1d004519]
32  /opt/conda/envs/gdf/bin/python(_PyEval_EvalFrameDefault+0x11f8) [0x561a1cff5128]
33  /opt/conda/envs/gdf/bin/python(+0x12f094) [0x561a1cff3094]
34  /opt/conda/envs/gdf/bin/python(+0x14dccb) [0x561a1d011ccb]
35  /opt/conda/envs/gdf/bin/python(PyObject_Call+0xbc) [0x561a1d01244c]
36  /opt/conda/envs/gdf/bin/python(+0x21110e) [0x561a1d0d510e]
37  /opt/conda/envs/gdf/bin/python(_PyObject_MakeTpCall+0x2ec) [0x561a1cffc77c]
38  /opt/conda/envs/gdf/bin/python(_PyEval_EvalFrameDefault+0x37cb) [0x561a1cff76fb]
39  /opt/conda/envs/gdf/bin/python(+0x1407c2) [0x561a1d0047c2]
40  /opt/conda/envs/gdf/bin/python(+0x14ddac) [0x561a1d011dac]
41  /opt/conda/envs/gdf/bin/python(_PyEval_EvalFrameDefault+0x37cb) [0x561a1cff76fb]
42  /opt/conda/envs/gdf/bin/python(+0x1407c2) [0x561a1d0047c2]
43  /opt/conda/envs/gdf/bin/python(_PyEval_EvalFrameDefault+0x696) [0x561a1cff45c6]
44  /opt/conda/envs/gdf/bin/python(+0x12f094) [0x561a1cff3094]
45  /opt/conda/envs/gdf/bin/python(_PyFunction_Vectorcall+0xd9) [0x561a1d004519]
46  /opt/conda/envs/gdf/bin/python(_PyEval_EvalFrameDefault+0x696) [0x561a1cff45c6]
47  /opt/conda/envs/gdf/bin/python(+0x1407c2) [0x561a1d0047c2]
48  /opt/conda/envs/gdf/bin/python(_PyEval_EvalFrameDefault+0x3e2) [0x561a1cff4312]
49  /opt/conda/envs/gdf/bin/python(+0x12f094) [0x561a1cff3094]
50  /opt/conda/envs/gdf/bin/python(_PyFunction_Vectorcall+0xd9) [0x561a1d004519]
51  /opt/conda/envs/gdf/bin/python(_PyEval_EvalFrameDefault+0x11f8) [0x561a1cff5128]
52  /opt/conda/envs/gdf/bin/python(+0x12f094) [0x561a1cff3094]
53  /opt/conda/envs/gdf/bin/python(_PyEval_EvalCodeWithName+0x48) [0x561a1cff2d68]
54  /opt/conda/envs/gdf/bin/python(PyEval_EvalCodeEx+0x39) [0x561a1cff2d19]
55  /opt/conda/envs/gdf/bin/python(PyEval_EvalCode+0x1b) [0x561a1d0a007b]
56  /opt/conda/envs/gdf/bin/python(+0x208fca) [0x561a1d0ccfca]
57  /opt/conda/envs/gdf/bin/python(+0x205353) [0x561a1d0c9353]
58  /opt/conda/envs/gdf/bin/python(PyRun_StringFlags+0x9a) [0x561a1d0c116a]
59  /opt/conda/envs/gdf/bin/python(PyRun_SimpleStringFlags+0x3c) [0x561a1d0c105c]
60  /opt/conda/envs/gdf/bin/python(Py_RunMain+0x267) [0x561a1d0c0297]
61  /opt/conda/envs/gdf/bin/python(Py_BytesMain+0x37) [0x561a1d093f07]
=================================
2023-09-06 07:30:16,011 - distributed.worker - ERROR - failed during get data with ucx://127.0.0.1:33263 -> ucx://127.0.0.1:54093
Traceback (most recent call last):
  File "/opt/conda/envs/gdf/lib/python3.9/site-packages/distributed/comm/ucx.py", line 338, in write
    await self.ep.send(each_frame)
  File "/opt/conda/envs/gdf/lib/python3.9/site-packages/ucp/core.py", line 650, in send
    return await comm.tag_send(self._ep, buffer, nbytes, tag, name=log)
ucp._libs.exceptions.UCXError: <[Send #007] ep: 0x7f7281e67100, tag: 0xa10874100a92af5e, nbytes: 50000000, type: <class 'cupy.ndarray'>>: Connection reset by remote peer

During handling of the above exception, another exception occurred:

Traceback (most recent call last):
  File "/opt/conda/envs/gdf/lib/python3.9/site-packages/distributed/worker.py", line 1781, in get_data
    compressed = await comm.write(msg, serializers=serializers)
  File "/opt/conda/envs/gdf/lib/python3.9/site-packages/distributed/utils.py", line 803, in wrapper
    return await func(*args, **kwargs)
  File "/opt/conda/envs/gdf/lib/python3.9/site-packages/distributed/comm/ucx.py", line 342, in write
    raise CommClosedError("While writing, the connection was closed")
distributed.comm.core.CommClosedError: While writing, the connection was closed
2023-09-06 07:30:16,016 - distributed.worker - ERROR - Worker stream died during communication: ucx://127.0.0.1:54093
Traceback (most recent call last):
  File "/opt/conda/envs/gdf/lib/python3.9/site-packages/distributed/comm/ucx.py", line 471, in connect
    ep = await ucp.create_endpoint(ip, port)
  File "/opt/conda/envs/gdf/lib/python3.9/site-packages/ucp/core.py", line 1004, in create_endpoint
    return await _get_ctx().create_endpoint(
  File "/opt/conda/envs/gdf/lib/python3.9/site-packages/ucp/core.py", line 316, in create_endpoint
    peer_info = await exchange_peer_info(
  File "/opt/conda/envs/gdf/lib/python3.9/site-packages/ucp/core.py", line 54, in exchange_peer_info
    await comm.stream_recv(endpoint, peer_info_arr, peer_info_arr.nbytes)
ucp._libs.exceptions.UCXError: <stream_recv>: Connection reset by remote peer

During handling of the above exception, another exception occurred:

Traceback (most recent call last):
  File "/opt/conda/envs/gdf/lib/python3.9/site-packages/distributed/comm/core.py", line 342, in connect
    comm = await wait_for(
  File "/opt/conda/envs/gdf/lib/python3.9/site-packages/distributed/utils.py", line 1920, in wait_for
    return await asyncio.wait_for(fut, timeout)
  File "/opt/conda/envs/gdf/lib/python3.9/asyncio/tasks.py", line 479, in wait_for
    return fut.result()
  File "/opt/conda/envs/gdf/lib/python3.9/site-packages/distributed/comm/ucx.py", line 473, in connect
    raise CommClosedError("Connection closed before handshake completed")
distributed.comm.core.CommClosedError: Connection closed before handshake completed

During handling of the above exception, another exception occurred:

Traceback (most recent call last):
  File "/opt/conda/envs/gdf/lib/python3.9/site-packages/distributed/core.py", line 1516, in _connect
    comm = await connect(
  File "/opt/conda/envs/gdf/lib/python3.9/site-packages/distributed/comm/core.py", line 366, in connect
    await asyncio.sleep(backoff)
  File "/opt/conda/envs/gdf/lib/python3.9/asyncio/tasks.py", line 652, in sleep
    return await future
asyncio.exceptions.CancelledError

During handling of the above exception, another exception occurred:

Traceback (most recent call last):
  File "/opt/conda/envs/gdf/lib/python3.9/site-packages/distributed/core.py", line 1626, in connect
    return connect_attempt.result()
asyncio.exceptions.CancelledError

During handling of the above exception, another exception occurred:

Traceback (most recent call last):
  File "/opt/conda/envs/gdf/lib/python3.9/site-packages/distributed/worker.py", line 2055, in gather_dep
    response = await get_data_from_worker(
  File "/opt/conda/envs/gdf/lib/python3.9/site-packages/distributed/worker.py", line 2845, in get_data_from_worker
    comm = await rpc.connect(worker)
  File "/opt/conda/envs/gdf/lib/python3.9/site-packages/distributed/core.py", line 1628, in connect
    raise CommClosedError(reason)
distributed.comm.core.CommClosedError: Address removed.
2023-09-06 07:30:16,048 - distributed.worker - ERROR - Worker stream died during communication: ucx://127.0.0.1:33927
Traceback (most recent call last):
  File "/opt/conda/envs/gdf/lib/python3.9/site-packages/distributed/comm/ucx.py", line 354, in read
    await self.ep.recv(msg)
  File "/opt/conda/envs/gdf/lib/python3.9/site-packages/ucp/core.py", line 725, in recv
    ret = await comm.tag_recv(self._ep, buffer, nbytes, tag, name=log)
ucp._libs.exceptions.UCXCanceled: <[Recv #003] ep: 0x7ff7b5aba140, tag: 0xbda9d2814a9375bf, nbytes: 16, type: <class 'numpy.ndarray'>>: 

During handling of the above exception, another exception occurred:

Traceback (most recent call last):
  File "/opt/conda/envs/gdf/lib/python3.9/site-packages/distributed/worker.py", line 2055, in gather_dep
    response = await get_data_from_worker(
  File "/opt/conda/envs/gdf/lib/python3.9/site-packages/distributed/worker.py", line 2848, in get_data_from_worker
    response = await send_recv(
  File "/opt/conda/envs/gdf/lib/python3.9/site-packages/distributed/core.py", line 1106, in send_recv
    response = await comm.read(deserializers=deserializers)
  File "/opt/conda/envs/gdf/lib/python3.9/site-packages/distributed/utils.py", line 803, in wrapper
    return await func(*args, **kwargs)
  File "/opt/conda/envs/gdf/lib/python3.9/site-packages/distributed/comm/ucx.py", line 372, in read
    raise CommClosedError(
distributed.comm.core.CommClosedError: Connection closed by writer.
Inner exception: UCXCanceled("<[Recv #003] ep: 0x7ff7b5aba140, tag: 0xbda9d2814a9375bf, nbytes: 16, type: <class 'numpy.ndarray'>>: ")
2023-09-06 07:30:16,048 - distributed.worker - ERROR - failed during get data with ucx://127.0.0.1:54295 -> ucx://127.0.0.1:33927
Traceback (most recent call last):
  File "/opt/conda/envs/gdf/lib/python3.9/site-packages/distributed/comm/ucx.py", line 338, in write
    await self.ep.send(each_frame)
  File "/opt/conda/envs/gdf/lib/python3.9/site-packages/ucp/core.py", line 650, in send
    return await comm.tag_send(self._ep, buffer, nbytes, tag, name=log)
ucp._libs.exceptions.UCXError: <[Send #007] ep: 0x7f617c3d2240, tag: 0xc01e55a5ef706fa7, nbytes: 50000000, type: <class 'cupy.ndarray'>>: Connection reset by remote peer

During handling of the above exception, another exception occurred:

Traceback (most recent call last):
  File "/opt/conda/envs/gdf/lib/python3.9/site-packages/distributed/worker.py", line 1781, in get_data
    compressed = await comm.write(msg, serializers=serializers)
  File "/opt/conda/envs/gdf/lib/python3.9/site-packages/distributed/utils.py", line 803, in wrapper
    return await func(*args, **kwargs)
  File "/opt/conda/envs/gdf/lib/python3.9/site-packages/distributed/comm/ucx.py", line 342, in write
    raise CommClosedError("While writing, the connection was closed")
distributed.comm.core.CommClosedError: While writing, the connection was closed
2023-09-06 07:30:16,049 - distributed.worker - ERROR - Worker stream died during communication: ucx://127.0.0.1:33927
Traceback (most recent call last):
  File "/opt/conda/envs/gdf/lib/python3.9/site-packages/distributed/comm/ucx.py", line 354, in read
    await self.ep.recv(msg)
  File "/opt/conda/envs/gdf/lib/python3.9/site-packages/ucp/core.py", line 725, in recv
    ret = await comm.tag_recv(self._ep, buffer, nbytes, tag, name=log)
ucp._libs.exceptions.UCXCanceled: <[Recv #003] ep: 0x7f617c3d2100, tag: 0x5d46a166de442dac, nbytes: 16, type: <class 'numpy.ndarray'>>: 

During handling of the above exception, another exception occurred:

Traceback (most recent call last):
  File "/opt/conda/envs/gdf/lib/python3.9/site-packages/distributed/worker.py", line 2055, in gather_dep
    response = await get_data_from_worker(
  File "/opt/conda/envs/gdf/lib/python3.9/site-packages/distributed/worker.py", line 2848, in get_data_from_worker
    response = await send_recv(
  File "/opt/conda/envs/gdf/lib/python3.9/site-packages/distributed/core.py", line 1106, in send_recv
    response = await comm.read(deserializers=deserializers)
  File "/opt/conda/envs/gdf/lib/python3.9/site-packages/distributed/utils.py", line 803, in wrapper
    return await func(*args, **kwargs)
  File "/opt/conda/envs/gdf/lib/python3.9/site-packages/distributed/comm/ucx.py", line 372, in read
    raise CommClosedError(
distributed.comm.core.CommClosedError: Connection closed by writer.
Inner exception: UCXCanceled("<[Recv #003] ep: 0x7f617c3d2100, tag: 0x5d46a166de442dac, nbytes: 16, type: <class 'numpy.ndarray'>>: ")
2023-09-06 07:30:16,055 - distributed.worker - ERROR - Worker stream died during communication: ucx://127.0.0.1:59291
Traceback (most recent call last):
  File "/opt/conda/envs/gdf/lib/python3.9/site-packages/distributed/comm/ucx.py", line 396, in read
    await self.ep.recv(each_frame)
  File "/opt/conda/envs/gdf/lib/python3.9/site-packages/ucp/core.py", line 725, in recv
    ret = await comm.tag_recv(self._ep, buffer, nbytes, tag, name=log)
ucp._libs.exceptions.UCXError: <[Recv #007] ep: 0x7f617c3d21c0, tag: 0x6f74d6c97d8e26e8, nbytes: 50000000, type: <class 'rmm._lib.device_buffer.DeviceBuffer'>>: Connection reset by remote peer

During handling of the above exception, another exception occurred:

Traceback (most recent call last):
  File "/opt/conda/envs/gdf/lib/python3.9/site-packages/distributed/worker.py", line 2055, in gather_dep
    response = await get_data_from_worker(
  File "/opt/conda/envs/gdf/lib/python3.9/site-packages/distributed/worker.py", line 2848, in get_data_from_worker
    response = await send_recv(
  File "/opt/conda/envs/gdf/lib/python3.9/site-packages/distributed/core.py", line 1106, in send_recv
    response = await comm.read(deserializers=deserializers)
  File "/opt/conda/envs/gdf/lib/python3.9/site-packages/distributed/utils.py", line 803, in wrapper
    return await func(*args, **kwargs)
  File "/opt/conda/envs/gdf/lib/python3.9/site-packages/distributed/comm/ucx.py", line 402, in read
    raise CommClosedError(
distributed.comm.core.CommClosedError: Connection closed by writer.
Inner exception: UCXError("<[Recv #007] ep: 0x7f617c3d21c0, tag: 0x6f74d6c97d8e26e8, nbytes: 50000000, type: <class 'rmm._lib.device_buffer.DeviceBuffer'>>: Connection reset by remote peer")
2023-09-06 07:30:16,055 - distributed.worker - ERROR - Worker stream died during communication: ucx://127.0.0.1:59291
Traceback (most recent call last):
  File "/opt/conda/envs/gdf/lib/python3.9/site-packages/distributed/comm/ucx.py", line 354, in read
    await self.ep.recv(msg)
  File "/opt/conda/envs/gdf/lib/python3.9/site-packages/ucp/core.py", line 725, in recv
    ret = await comm.tag_recv(self._ep, buffer, nbytes, tag, name=log)
ucp._libs.exceptions.UCXCanceled: <[Recv #000] ep: 0x7ff7b5aba240, tag: 0x129e244335bec58b, nbytes: 16, type: <class 'numpy.ndarray'>>: 

During handling of the above exception, another exception occurred:

Traceback (most recent call last):
  File "/opt/conda/envs/gdf/lib/python3.9/site-packages/distributed/worker.py", line 2055, in gather_dep
    response = await get_data_from_worker(
  File "/opt/conda/envs/gdf/lib/python3.9/site-packages/distributed/worker.py", line 2845, in get_data_from_worker
    comm = await rpc.connect(worker)
  File "/opt/conda/envs/gdf/lib/python3.9/site-packages/distributed/core.py", line 1626, in connect
    return connect_attempt.result()
  File "/opt/conda/envs/gdf/lib/python3.9/site-packages/distributed/core.py", line 1516, in _connect
    comm = await connect(
  File "/opt/conda/envs/gdf/lib/python3.9/site-packages/distributed/comm/core.py", line 377, in connect
    handshake = await comm.read()
  File "/opt/conda/envs/gdf/lib/python3.9/site-packages/distributed/utils.py", line 803, in wrapper
    return await func(*args, **kwargs)
  File "/opt/conda/envs/gdf/lib/python3.9/site-packages/distributed/comm/ucx.py", line 372, in read
    raise CommClosedError(
distributed.comm.core.CommClosedError: Connection closed by writer.
Inner exception: UCXCanceled("<[Recv #000] ep: 0x7ff7b5aba240, tag: 0x129e244335bec58b, nbytes: 16, type: <class 'numpy.ndarray'>>: ")
2023-09-06 07:30:16,056 - distributed.worker - ERROR - failed during get data with ucx://127.0.0.1:54295 -> ucx://127.0.0.1:59291
Traceback (most recent call last):
  File "/opt/conda/envs/gdf/lib/python3.9/site-packages/distributed/comm/ucx.py", line 338, in write
    await self.ep.send(each_frame)
  File "/opt/conda/envs/gdf/lib/python3.9/site-packages/ucp/core.py", line 650, in send
    return await comm.tag_send(self._ep, buffer, nbytes, tag, name=log)
ucp._libs.exceptions.UCXError: <[Send #007] ep: 0x7f617c3d2200, tag: 0x90b94ca4c965ebb7, nbytes: 50000000, type: <class 'cupy.ndarray'>>: Connection reset by remote peer

During handling of the above exception, another exception occurred:

Traceback (most recent call last):
  File "/opt/conda/envs/gdf/lib/python3.9/site-packages/distributed/worker.py", line 1781, in get_data
    compressed = await comm.write(msg, serializers=serializers)
  File "/opt/conda/envs/gdf/lib/python3.9/site-packages/distributed/utils.py", line 803, in wrapper
    return await func(*args, **kwargs)
  File "/opt/conda/envs/gdf/lib/python3.9/site-packages/distributed/comm/ucx.py", line 342, in write
    raise CommClosedError("While writing, the connection was closed")
distributed.comm.core.CommClosedError: While writing, the connection was closed
2023-09-06 07:30:16,068 - distributed.worker - ERROR - failed during get data with ucx://127.0.0.1:33263 -> ucx://127.0.0.1:53837
Traceback (most recent call last):
  File "/opt/conda/envs/gdf/lib/python3.9/site-packages/distributed/comm/ucx.py", line 338, in write
    await self.ep.send(each_frame)
  File "/opt/conda/envs/gdf/lib/python3.9/site-packages/ucp/core.py", line 650, in send
    return await comm.tag_send(self._ep, buffer, nbytes, tag, name=log)
ucp._libs.exceptions.UCXError: <[Send #007] ep: 0x7f7281e67300, tag: 0x873979347a25855a, nbytes: 50000000, type: <class 'cupy.ndarray'>>: Connection reset by remote peer

During handling of the above exception, another exception occurred:

Traceback (most recent call last):
  File "/opt/conda/envs/gdf/lib/python3.9/site-packages/distributed/worker.py", line 1781, in get_data
    compressed = await comm.write(msg, serializers=serializers)
  File "/opt/conda/envs/gdf/lib/python3.9/site-packages/distributed/utils.py", line 803, in wrapper
    return await func(*args, **kwargs)
  File "/opt/conda/envs/gdf/lib/python3.9/site-packages/distributed/comm/ucx.py", line 342, in write
    raise CommClosedError("While writing, the connection was closed")
distributed.comm.core.CommClosedError: While writing, the connection was closed
2023-09-06 07:30:16,068 - distributed.worker - ERROR - failed during get data with ucx://127.0.0.1:47657 -> ucx://127.0.0.1:43075
Traceback (most recent call last):
  File "/opt/conda/envs/gdf/lib/python3.9/site-packages/distributed/comm/ucx.py", line 338, in write
    await self.ep.send(each_frame)
  File "/opt/conda/envs/gdf/lib/python3.9/site-packages/ucp/core.py", line 650, in send
    return await comm.tag_send(self._ep, buffer, nbytes, tag, name=log)
ucp._libs.exceptions.UCXError: <[Send #007] ep: 0x7ff7b5aba300, tag: 0xf5782ad6513ca422, nbytes: 50000000, type: <class 'cupy.ndarray'>>: Connection reset by remote peer

During handling of the above exception, another exception occurred:

Traceback (most recent call last):
  File "/opt/conda/envs/gdf/lib/python3.9/site-packages/distributed/worker.py", line 1781, in get_data
    compressed = await comm.write(msg, serializers=serializers)
  File "/opt/conda/envs/gdf/lib/python3.9/site-packages/distributed/utils.py", line 803, in wrapper
    return await func(*args, **kwargs)
  File "/opt/conda/envs/gdf/lib/python3.9/site-packages/distributed/comm/ucx.py", line 342, in write
    raise CommClosedError("While writing, the connection was closed")
distributed.comm.core.CommClosedError: While writing, the connection was closed
2023-09-06 07:30:16,069 - distributed.worker - ERROR - failed during get data with ucx://127.0.0.1:47657 -> ucx://127.0.0.1:33927
Traceback (most recent call last):
  File "/opt/conda/envs/gdf/lib/python3.9/site-packages/distributed/comm/ucx.py", line 338, in write
    await self.ep.send(each_frame)
  File "/opt/conda/envs/gdf/lib/python3.9/site-packages/ucp/core.py", line 650, in send
    return await comm.tag_send(self._ep, buffer, nbytes, tag, name=log)
ucp._libs.exceptions.UCXError: <[Send #007] ep: 0x7ff7b5aba2c0, tag: 0xfd8be01638615b2d, nbytes: 50000000, type: <class 'cupy.ndarray'>>: Connection reset by remote peer

During handling of the above exception, another exception occurred:

Traceback (most recent call last):
  File "/opt/conda/envs/gdf/lib/python3.9/site-packages/distributed/worker.py", line 1781, in get_data
    compressed = await comm.write(msg, serializers=serializers)
  File "/opt/conda/envs/gdf/lib/python3.9/site-packages/distributed/utils.py", line 803, in wrapper
    return await func(*args, **kwargs)
  File "/opt/conda/envs/gdf/lib/python3.9/site-packages/distributed/comm/ucx.py", line 342, in write
    raise CommClosedError("While writing, the connection was closed")
distributed.comm.core.CommClosedError: While writing, the connection was closed
Task exception was never retrieved
future: <Task finished name='Task-282' coro=<_listener_handler_coroutine() done, defined at /opt/conda/envs/gdf/lib/python3.9/site-packages/ucp/core.py:128> exception=UCXError('<stream_recv>: Connection reset by remote peer')>
Traceback (most recent call last):
  File "/opt/conda/envs/gdf/lib/python3.9/site-packages/ucp/core.py", line 143, in _listener_handler_coroutine
    peer_info = await exchange_peer_info(
  File "/opt/conda/envs/gdf/lib/python3.9/site-packages/ucp/core.py", line 52, in exchange_peer_info
    await comm.stream_recv(endpoint, peer_info_arr, peer_info_arr.nbytes)
ucp._libs.exceptions.UCXError: <stream_recv>: Connection reset by remote peer
2023-09-06 07:30:16,069 - distributed.worker - ERROR - failed during get data with ucx://127.0.0.1:33263 -> ucx://127.0.0.1:59291
Traceback (most recent call last):
  File "/opt/conda/envs/gdf/lib/python3.9/site-packages/distributed/comm/ucx.py", line 338, in write
    await self.ep.send(each_frame)
  File "/opt/conda/envs/gdf/lib/python3.9/site-packages/ucp/core.py", line 650, in send
    return await comm.tag_send(self._ep, buffer, nbytes, tag, name=log)
ucp._libs.exceptions.UCXError: <[Send #007] ep: 0x7f7281e67240, tag: 0x213c6c4c01b7a37, nbytes: 50000000, type: <class 'cupy.ndarray'>>: Connection reset by remote peer

During handling of the above exception, another exception occurred:

Traceback (most recent call last):
  File "/opt/conda/envs/gdf/lib/python3.9/site-packages/distributed/worker.py", line 1781, in get_data
    compressed = await comm.write(msg, serializers=serializers)
  File "/opt/conda/envs/gdf/lib/python3.9/site-packages/distributed/utils.py", line 803, in wrapper
    return await func(*args, **kwargs)
  File "/opt/conda/envs/gdf/lib/python3.9/site-packages/distributed/comm/ucx.py", line 342, in write
    raise CommClosedError("While writing, the connection was closed")
distributed.comm.core.CommClosedError: While writing, the connection was closed
2023-09-06 07:30:16,069 - distributed.worker - ERROR - Worker stream died during communication: ucx://127.0.0.1:43075
Traceback (most recent call last):
  File "/opt/conda/envs/gdf/lib/python3.9/site-packages/distributed/comm/ucx.py", line 354, in read
    await self.ep.recv(msg)
  File "/opt/conda/envs/gdf/lib/python3.9/site-packages/ucp/core.py", line 725, in recv
    ret = await comm.tag_recv(self._ep, buffer, nbytes, tag, name=log)
ucp._libs.exceptions.UCXCanceled: <[Recv #003] ep: 0x7ff7b5aba1c0, tag: 0x28d613dd2edcacf8, nbytes: 16, type: <class 'numpy.ndarray'>>: 

During handling of the above exception, another exception occurred:

Traceback (most recent call last):
  File "/opt/conda/envs/gdf/lib/python3.9/site-packages/distributed/worker.py", line 2055, in gather_dep
    response = await get_data_from_worker(
  File "/opt/conda/envs/gdf/lib/python3.9/site-packages/distributed/worker.py", line 2848, in get_data_from_worker
    response = await send_recv(
  File "/opt/conda/envs/gdf/lib/python3.9/site-packages/distributed/core.py", line 1106, in send_recv
    response = await comm.read(deserializers=deserializers)
  File "/opt/conda/envs/gdf/lib/python3.9/site-packages/distributed/utils.py", line 803, in wrapper
    return await func(*args, **kwargs)
  File "/opt/conda/envs/gdf/lib/python3.9/site-packages/distributed/comm/ucx.py", line 372, in read
    raise CommClosedError(
distributed.comm.core.CommClosedError: Connection closed by writer.
Inner exception: UCXCanceled("<[Recv #003] ep: 0x7ff7b5aba1c0, tag: 0x28d613dd2edcacf8, nbytes: 16, type: <class 'numpy.ndarray'>>: ")
2023-09-06 07:30:16,070 - distributed.worker - ERROR - failed during get data with ucx://127.0.0.1:33263 -> ucx://127.0.0.1:43075
Traceback (most recent call last):
  File "/opt/conda/envs/gdf/lib/python3.9/site-packages/distributed/comm/ucx.py", line 338, in write
    await self.ep.send(each_frame)
  File "/opt/conda/envs/gdf/lib/python3.9/site-packages/ucp/core.py", line 650, in send
    return await comm.tag_send(self._ep, buffer, nbytes, tag, name=log)
ucp._libs.exceptions.UCXError: <[Send #007] ep: 0x7f7281e67340, tag: 0xebc92da52222b88d, nbytes: 50000000, type: <class 'cupy.ndarray'>>: Connection reset by remote peer

During handling of the above exception, another exception occurred:

Traceback (most recent call last):
  File "/opt/conda/envs/gdf/lib/python3.9/site-packages/distributed/worker.py", line 1781, in get_data
    compressed = await comm.write(msg, serializers=serializers)
  File "/opt/conda/envs/gdf/lib/python3.9/site-packages/distributed/utils.py", line 803, in wrapper
    return await func(*args, **kwargs)
  File "/opt/conda/envs/gdf/lib/python3.9/site-packages/distributed/comm/ucx.py", line 342, in write
    raise CommClosedError("While writing, the connection was closed")
distributed.comm.core.CommClosedError: While writing, the connection was closed
2023-09-06 07:30:16,072 - distributed.worker - ERROR - Worker stream died during communication: ucx://127.0.0.1:43075
Traceback (most recent call last):
  File "/opt/conda/envs/gdf/lib/python3.9/site-packages/distributed/comm/ucx.py", line 354, in read
    await self.ep.recv(msg)
  File "/opt/conda/envs/gdf/lib/python3.9/site-packages/ucp/core.py", line 725, in recv
    ret = await comm.tag_recv(self._ep, buffer, nbytes, tag, name=log)
ucp._libs.exceptions.UCXCanceled: <[Recv #003] ep: 0x7f7281e67140, tag: 0x96cba8aeca1d2d71, nbytes: 16, type: <class 'numpy.ndarray'>>: 

During handling of the above exception, another exception occurred:

Traceback (most recent call last):
  File "/opt/conda/envs/gdf/lib/python3.9/site-packages/distributed/worker.py", line 2055, in gather_dep
    response = await get_data_from_worker(
  File "/opt/conda/envs/gdf/lib/python3.9/site-packages/distributed/worker.py", line 2848, in get_data_from_worker
    response = await send_recv(
  File "/opt/conda/envs/gdf/lib/python3.9/site-packages/distributed/core.py", line 1106, in send_recv
    response = await comm.read(deserializers=deserializers)
  File "/opt/conda/envs/gdf/lib/python3.9/site-packages/distributed/utils.py", line 803, in wrapper
    return await func(*args, **kwargs)
  File "/opt/conda/envs/gdf/lib/python3.9/site-packages/distributed/comm/ucx.py", line 372, in read
    raise CommClosedError(
distributed.comm.core.CommClosedError: Connection closed by writer.
Inner exception: UCXCanceled("<[Recv #003] ep: 0x7f7281e67140, tag: 0x96cba8aeca1d2d71, nbytes: 16, type: <class 'numpy.ndarray'>>: ")
2023-09-06 07:30:16,223 - distributed.nanny - WARNING - Restarting worker
2023-09-06 07:30:16,294 - distributed.nanny - WARNING - Restarting worker
2023-09-06 07:30:16,300 - distributed.nanny - WARNING - Restarting worker
2023-09-06 07:30:16,316 - distributed.nanny - WARNING - Restarting worker
2023-09-06 07:30:16,349 - distributed.nanny - WARNING - Restarting worker
2023-09-06 07:30:45,708 - distributed.worker - ERROR - Worker stream died during communication: ucx://127.0.0.1:33927
Traceback (most recent call last):
  File "/opt/conda/envs/gdf/lib/python3.9/site-packages/distributed/comm/ucx.py", line 471, in connect
    ep = await ucp.create_endpoint(ip, port)
  File "/opt/conda/envs/gdf/lib/python3.9/site-packages/ucp/core.py", line 1004, in create_endpoint
    return await _get_ctx().create_endpoint(
  File "/opt/conda/envs/gdf/lib/python3.9/site-packages/ucp/core.py", line 316, in create_endpoint
    peer_info = await exchange_peer_info(
  File "/opt/conda/envs/gdf/lib/python3.9/site-packages/ucp/core.py", line 54, in exchange_peer_info
    await comm.stream_recv(endpoint, peer_info_arr, peer_info_arr.nbytes)
asyncio.exceptions.CancelledError

During handling of the above exception, another exception occurred:

Traceback (most recent call last):
  File "/opt/conda/envs/gdf/lib/python3.9/asyncio/tasks.py", line 490, in wait_for
    return fut.result()
asyncio.exceptions.CancelledError

The above exception was the direct cause of the following exception:

Traceback (most recent call last):
  File "/opt/conda/envs/gdf/lib/python3.9/site-packages/distributed/comm/core.py", line 342, in connect
    comm = await wait_for(
  File "/opt/conda/envs/gdf/lib/python3.9/site-packages/distributed/utils.py", line 1920, in wait_for
    return await asyncio.wait_for(fut, timeout)
  File "/opt/conda/envs/gdf/lib/python3.9/asyncio/tasks.py", line 492, in wait_for
    raise exceptions.TimeoutError() from exc
asyncio.exceptions.TimeoutError

The above exception was the direct cause of the following exception:

Traceback (most recent call last):
  File "/opt/conda/envs/gdf/lib/python3.9/site-packages/distributed/worker.py", line 2055, in gather_dep
    response = await get_data_from_worker(
  File "/opt/conda/envs/gdf/lib/python3.9/site-packages/distributed/worker.py", line 2845, in get_data_from_worker
    comm = await rpc.connect(worker)
  File "/opt/conda/envs/gdf/lib/python3.9/site-packages/distributed/core.py", line 1626, in connect
    return connect_attempt.result()
  File "/opt/conda/envs/gdf/lib/python3.9/site-packages/distributed/core.py", line 1516, in _connect
    comm = await connect(
  File "/opt/conda/envs/gdf/lib/python3.9/site-packages/distributed/comm/core.py", line 368, in connect
    raise OSError(
OSError: Timed out trying to connect to ucx://127.0.0.1:33927 after 30 s
/opt/conda/envs/gdf/lib/python3.9/multiprocessing/resource_tracker.py:216: UserWarning: resource_tracker: There appear to be 48 leaked semaphore objects to clean up at shutdown
  warnings.warn('resource_tracker: There appear to be %d '
