2023-06-09 05:52:26,015 - distributed.preloading - INFO - Creating preload: dask_cuda.initialize
2023-06-09 05:52:26,015 - distributed.preloading - INFO - Import preload module: dask_cuda.initialize
2023-06-09 05:52:26,096 - distributed.preloading - INFO - Creating preload: dask_cuda.initialize
2023-06-09 05:52:26,096 - distributed.preloading - INFO - Import preload module: dask_cuda.initialize
2023-06-09 05:52:26,128 - distributed.preloading - INFO - Creating preload: dask_cuda.initialize
2023-06-09 05:52:26,128 - distributed.preloading - INFO - Import preload module: dask_cuda.initialize
2023-06-09 05:52:26,135 - distributed.preloading - INFO - Creating preload: dask_cuda.initialize
2023-06-09 05:52:26,135 - distributed.preloading - INFO - Import preload module: dask_cuda.initialize
2023-06-09 05:52:26,194 - distributed.preloading - INFO - Creating preload: dask_cuda.initialize
2023-06-09 05:52:26,194 - distributed.preloading - INFO - Import preload module: dask_cuda.initialize
2023-06-09 05:52:26,194 - distributed.preloading - INFO - Creating preload: dask_cuda.initialize
2023-06-09 05:52:26,194 - distributed.preloading - INFO - Import preload module: dask_cuda.initialize
2023-06-09 05:52:26,199 - distributed.preloading - INFO - Creating preload: dask_cuda.initialize
2023-06-09 05:52:26,199 - distributed.preloading - INFO - Import preload module: dask_cuda.initialize
2023-06-09 05:52:26,200 - distributed.preloading - INFO - Creating preload: dask_cuda.initialize
2023-06-09 05:52:26,200 - distributed.preloading - INFO - Import preload module: dask_cuda.initialize
[dgx13:76641:0:76641] Caught signal 11 (Segmentation fault: address not mapped to object at address 0x448)
[dgx13:76647:0:76647] Caught signal 11 (Segmentation fault: address not mapped to object at address 0x448)
==== backtrace (tid:  76647) ====
 0  /opt/conda/envs/gdf/lib/libucs.so.0(ucs_handle_error+0x2fd) [0x7f5cfc42780d]
 1  /opt/conda/envs/gdf/lib/libucs.so.0(+0x28a04) [0x7f5cfc427a04]
 2  /opt/conda/envs/gdf/lib/libucs.so.0(+0x28bca) [0x7f5cfc427bca]
 3  /usr/lib/x86_64-linux-gnu/libpthread.so.0(+0x14420) [0x7f5d9cc22420]
 4  /opt/conda/envs/gdf/lib/libucp.so.0(ucp_mem_type_unpack+0x17) [0x7f5cfc499987]
 5  /opt/conda/envs/gdf/lib/libucp.so.0(ucp_rndv_data_handler+0x4e9) [0x7f5cfc4b8549]
 6  /opt/conda/envs/gdf/lib/libuct.so.0(+0x1e9bf) [0x7f5cfc3e49bf]
 7  /opt/conda/envs/gdf/lib/libuct.so.0(+0x21be8) [0x7f5cfc3e7be8]
 8  /opt/conda/envs/gdf/lib/libucs.so.0(ucs_event_set_wait+0xb9) [0x7f5cfc42fdf9]
 9  /opt/conda/envs/gdf/lib/libuct.so.0(uct_tcp_iface_progress+0x7d) [0x7f5cfc3e6bad]
10  /opt/conda/envs/gdf/lib/libucp.so.0(ucp_worker_progress+0x5a) [0x7f5cfc49736a]
11  /opt/conda/envs/gdf/lib/python3.9/site-packages/ucp/_libs/ucx_api.cpython-39-x86_64-linux-gnu.so(+0x2b17a) [0x7f5cfc53617a]
12  /opt/conda/envs/gdf/bin/python(+0x13eb08) [0x557f00a5eb08]
13  /opt/conda/envs/gdf/bin/python(_PyEval_EvalFrameDefault+0x5f82) [0x557f00a4f112]
14  /opt/conda/envs/gdf/bin/python(+0x12827a) [0x557f00a4827a]
15  /opt/conda/envs/gdf/bin/python(_PyFunction_Vectorcall+0xd5) [0x557f00a59c05]
16  /opt/conda/envs/gdf/bin/python(_PyEval_EvalFrameDefault+0x68b) [0x557f00a4981b]
17  /opt/conda/envs/gdf/bin/python(+0x14e70e) [0x557f00a6e70e]
18  /opt/conda/envs/gdf/lib/python3.9/lib-dynload/_asyncio.cpython-39-x86_64-linux-gnu.so(+0x82fe) [0x7f5d902382fe]
19  /opt/conda/envs/gdf/bin/python(_PyObject_MakeTpCall+0x2fc) [0x557f00a522bc]
20  /opt/conda/envs/gdf/bin/python(+0xe5817) [0x557f00a05817]
21  /opt/conda/envs/gdf/bin/python(+0x130f83) [0x557f00a50f83]
22  /opt/conda/envs/gdf/bin/python(_PyEval_EvalFrameDefault+0x5ba6) [0x557f00a4ed36]
23  /opt/conda/envs/gdf/bin/python(+0x139ef3) [0x557f00a59ef3]
24  /opt/conda/envs/gdf/bin/python(_PyEval_EvalFrameDefault+0x68b) [0x557f00a4981b]
25  /opt/conda/envs/gdf/bin/python(+0x139ef3) [0x557f00a59ef3]
26  /opt/conda/envs/gdf/bin/python(_PyEval_EvalFrameDefault+0x68b) [0x557f00a4981b]
27  /opt/conda/envs/gdf/bin/python(+0x139ef3) [0x557f00a59ef3]
28  /opt/conda/envs/gdf/bin/python(_PyEval_EvalFrameDefault+0x68b) [0x557f00a4981b]
29  /opt/conda/envs/gdf/bin/python(+0x139ef3) [0x557f00a59ef3]
30  /opt/conda/envs/gdf/bin/python(_PyEval_EvalFrameDefault+0x68b) [0x557f00a4981b]
31  /opt/conda/envs/gdf/bin/python(+0x12827a) [0x557f00a4827a]
32  /opt/conda/envs/gdf/bin/python(_PyFunction_Vectorcall+0xd5) [0x557f00a59c05]
33  /opt/conda/envs/gdf/bin/python(_PyEval_EvalFrameDefault+0x4e17) [0x557f00a4dfa7]
34  /opt/conda/envs/gdf/bin/python(+0x12827a) [0x557f00a4827a]
35  /opt/conda/envs/gdf/bin/python(+0x147935) [0x557f00a67935]
36  /opt/conda/envs/gdf/bin/python(PyObject_Call+0xb4) [0x557f00a68104]
37  /opt/conda/envs/gdf/bin/python(+0x20efc8) [0x557f00b2efc8]
38  /opt/conda/envs/gdf/bin/python(_PyObject_MakeTpCall+0x2fc) [0x557f00a522bc]
39  /opt/conda/envs/gdf/bin/python(_PyEval_EvalFrameDefault+0x402b) [0x557f00a4d1bb]
40  /opt/conda/envs/gdf/bin/python(+0x139ef3) [0x557f00a59ef3]
41  /opt/conda/envs/gdf/bin/python(+0x147c72) [0x557f00a67c72]
42  /opt/conda/envs/gdf/bin/python(_PyEval_EvalFrameDefault+0x402b) [0x557f00a4d1bb]
43  /opt/conda/envs/gdf/bin/python(+0x139ef3) [0x557f00a59ef3]
44  /opt/conda/envs/gdf/bin/python(_PyEval_EvalFrameDefault+0x68b) [0x557f00a4981b]
45  /opt/conda/envs/gdf/bin/python(+0x12827a) [0x557f00a4827a]
46  /opt/conda/envs/gdf/bin/python(_PyFunction_Vectorcall+0xd5) [0x557f00a59c05]
47  /opt/conda/envs/gdf/bin/python(_PyEval_EvalFrameDefault+0x68b) [0x557f00a4981b]
48  /opt/conda/envs/gdf/bin/python(+0x139ef3) [0x557f00a59ef3]
49  /opt/conda/envs/gdf/bin/python(_PyEval_EvalFrameDefault+0x3d8) [0x557f00a49568]
50  /opt/conda/envs/gdf/bin/python(+0x12827a) [0x557f00a4827a]
51  /opt/conda/envs/gdf/bin/python(_PyFunction_Vectorcall+0xd5) [0x557f00a59c05]
52  /opt/conda/envs/gdf/bin/python(_PyEval_EvalFrameDefault+0x123b) [0x557f00a4a3cb]
53  /opt/conda/envs/gdf/bin/python(+0x12827a) [0x557f00a4827a]
54  /opt/conda/envs/gdf/bin/python(_PyEval_EvalCodeWithName+0x47) [0x557f00a47f07]
55  /opt/conda/envs/gdf/bin/python(PyEval_EvalCodeEx+0x39) [0x557f00a47eb9]
56  /opt/conda/envs/gdf/bin/python(PyEval_EvalCode+0x1b) [0x557f00af88bb]
57  /opt/conda/envs/gdf/bin/python(+0x206adc) [0x557f00b26adc]
58  /opt/conda/envs/gdf/bin/python(+0x202c24) [0x557f00b22c24]
59  /opt/conda/envs/gdf/bin/python(PyRun_StringFlags+0x9d) [0x557f00b1a7ed]
60  /opt/conda/envs/gdf/bin/python(PyRun_SimpleStringFlags+0x3d) [0x557f00b1a6bd]
61  /opt/conda/envs/gdf/bin/python(Py_RunMain+0x262) [0x557f00b198a2]
=================================
==== backtrace (tid:  76641) ====
 0  /opt/conda/envs/gdf/lib/libucs.so.0(ucs_handle_error+0x2fd) [0x7f9733a7e80d]
 1  /opt/conda/envs/gdf/lib/libucs.so.0(+0x28a04) [0x7f9733a7ea04]
 2  /opt/conda/envs/gdf/lib/libucs.so.0(+0x28bca) [0x7f9733a7ebca]
 3  /usr/lib/x86_64-linux-gnu/libpthread.so.0(+0x14420) [0x7f97da156420]
 4  /opt/conda/envs/gdf/lib/libucp.so.0(ucp_mem_type_unpack+0x17) [0x7f9733af0987]
 5  /opt/conda/envs/gdf/lib/libucp.so.0(ucp_rndv_data_handler+0x4e9) [0x7f9733b0f549]
 6  /opt/conda/envs/gdf/lib/libuct.so.0(+0x1e9bf) [0x7f9733a3b9bf]
 7  /opt/conda/envs/gdf/lib/libuct.so.0(+0x21be8) [0x7f9733a3ebe8]
 8  /opt/conda/envs/gdf/lib/libucs.so.0(ucs_event_set_wait+0xb9) [0x7f9733a86df9]
 9  /opt/conda/envs/gdf/lib/libuct.so.0(uct_tcp_iface_progress+0x7d) [0x7f9733a3dbad]
10  /opt/conda/envs/gdf/lib/libucp.so.0(ucp_worker_progress+0x5a) [0x7f9733aee36a]
11  /opt/conda/envs/gdf/lib/python3.9/site-packages/ucp/_libs/ucx_api.cpython-39-x86_64-linux-gnu.so(+0x2b17a) [0x7f9733b8d17a]
12  /opt/conda/envs/gdf/bin/python(+0x13eb08) [0x55691d7a1b08]
13  /opt/conda/envs/gdf/bin/python(_PyEval_EvalFrameDefault+0x5f82) [0x55691d792112]
14  /opt/conda/envs/gdf/bin/python(+0x12827a) [0x55691d78b27a]
15  /opt/conda/envs/gdf/bin/python(_PyFunction_Vectorcall+0xd5) [0x55691d79cc05]
16  /opt/conda/envs/gdf/bin/python(_PyEval_EvalFrameDefault+0x68b) [0x55691d78c81b]
17  /opt/conda/envs/gdf/bin/python(+0x139ef3) [0x55691d79cef3]
18  /opt/conda/envs/gdf/bin/python(+0x147a16) [0x55691d7aaa16]
19  /opt/conda/envs/gdf/bin/python(+0x2579b1) [0x55691d8ba9b1]
20  /opt/conda/envs/gdf/bin/python(+0xe5817) [0x55691d748817]
21  /opt/conda/envs/gdf/bin/python(+0x130f83) [0x55691d793f83]
22  /opt/conda/envs/gdf/bin/python(_PyEval_EvalFrameDefault+0x5ba6) [0x55691d791d36]
23  /opt/conda/envs/gdf/bin/python(+0x139ef3) [0x55691d79cef3]
24  /opt/conda/envs/gdf/bin/python(_PyEval_EvalFrameDefault+0x68b) [0x55691d78c81b]
25  /opt/conda/envs/gdf/bin/python(+0x139ef3) [0x55691d79cef3]
26  /opt/conda/envs/gdf/bin/python(_PyEval_EvalFrameDefault+0x68b) [0x55691d78c81b]
27  /opt/conda/envs/gdf/bin/python(+0x139ef3) [0x55691d79cef3]
28  /opt/conda/envs/gdf/bin/python(_PyEval_EvalFrameDefault+0x68b) [0x55691d78c81b]
29  /opt/conda/envs/gdf/bin/python(+0x139ef3) [0x55691d79cef3]
30  /opt/conda/envs/gdf/bin/python(_PyEval_EvalFrameDefault+0x68b) [0x55691d78c81b]
31  /opt/conda/envs/gdf/bin/python(+0x12827a) [0x55691d78b27a]
32  /opt/conda/envs/gdf/bin/python(_PyFunction_Vectorcall+0xd5) [0x55691d79cc05]
33  /opt/conda/envs/gdf/bin/python(_PyEval_EvalFrameDefault+0x4e17) [0x55691d790fa7]
34  /opt/conda/envs/gdf/bin/python(+0x12827a) [0x55691d78b27a]
35  /opt/conda/envs/gdf/bin/python(+0x147935) [0x55691d7aa935]
36  /opt/conda/envs/gdf/bin/python(PyObject_Call+0xb4) [0x55691d7ab104]
37  /opt/conda/envs/gdf/bin/python(+0x20efc8) [0x55691d871fc8]
38  /opt/conda/envs/gdf/bin/python(_PyObject_MakeTpCall+0x2fc) [0x55691d7952bc]
39  /opt/conda/envs/gdf/bin/python(_PyEval_EvalFrameDefault+0x402b) [0x55691d7901bb]
40  /opt/conda/envs/gdf/bin/python(+0x139ef3) [0x55691d79cef3]
41  /opt/conda/envs/gdf/bin/python(+0x147c72) [0x55691d7aac72]
42  /opt/conda/envs/gdf/bin/python(_PyEval_EvalFrameDefault+0x402b) [0x55691d7901bb]
43  /opt/conda/envs/gdf/bin/python(+0x139ef3) [0x55691d79cef3]
44  /opt/conda/envs/gdf/bin/python(_PyEval_EvalFrameDefault+0x68b) [0x55691d78c81b]
45  /opt/conda/envs/gdf/bin/python(+0x12827a) [0x55691d78b27a]
46  /opt/conda/envs/gdf/bin/python(_PyFunction_Vectorcall+0xd5) [0x55691d79cc05]
47  /opt/conda/envs/gdf/bin/python(_PyEval_EvalFrameDefault+0x68b) [0x55691d78c81b]
48  /opt/conda/envs/gdf/bin/python(+0x139ef3) [0x55691d79cef3]
49  /opt/conda/envs/gdf/bin/python(_PyEval_EvalFrameDefault+0x3d8) [0x55691d78c568]
50  /opt/conda/envs/gdf/bin/python(+0x12827a) [0x55691d78b27a]
51  /opt/conda/envs/gdf/bin/python(_PyFunction_Vectorcall+0xd5) [0x55691d79cc05]
52  /opt/conda/envs/gdf/bin/python(_PyEval_EvalFrameDefault+0x123b) [0x55691d78d3cb]
53  /opt/conda/envs/gdf/bin/python(+0x12827a) [0x55691d78b27a]
54  /opt/conda/envs/gdf/bin/python(_PyEval_EvalCodeWithName+0x47) [0x55691d78af07]
55  /opt/conda/envs/gdf/bin/python(PyEval_EvalCodeEx+0x39) [0x55691d78aeb9]
56  /opt/conda/envs/gdf/bin/python(PyEval_EvalCode+0x1b) [0x55691d83b8bb]
57  /opt/conda/envs/gdf/bin/python(+0x206adc) [0x55691d869adc]
58  /opt/conda/envs/gdf/bin/python(+0x202c24) [0x55691d865c24]
59  /opt/conda/envs/gdf/bin/python(PyRun_StringFlags+0x9d) [0x55691d85d7ed]
60  /opt/conda/envs/gdf/bin/python(PyRun_SimpleStringFlags+0x3d) [0x55691d85d6bd]
61  /opt/conda/envs/gdf/bin/python(Py_RunMain+0x262) [0x55691d85c8a2]
=================================
[dgx13:76653:0:76653] Caught signal 11 (Segmentation fault: address not mapped to object at address 0x448)
==== backtrace (tid:  76653) ====
 0  /opt/conda/envs/gdf/lib/libucs.so.0(ucs_handle_error+0x2fd) [0x7f31b919d80d]
 1  /opt/conda/envs/gdf/lib/libucs.so.0(+0x28a04) [0x7f31b919da04]
 2  /opt/conda/envs/gdf/lib/libucs.so.0(+0x28bca) [0x7f31b919dbca]
 3  /usr/lib/x86_64-linux-gnu/libpthread.so.0(+0x14420) [0x7f325d998420]
 4  /opt/conda/envs/gdf/lib/libucp.so.0(ucp_mem_type_unpack+0x17) [0x7f31b920f987]
 5  /opt/conda/envs/gdf/lib/libucp.so.0(ucp_rndv_data_handler+0x4e9) [0x7f31b922e549]
 6  /opt/conda/envs/gdf/lib/libuct.so.0(+0x1e9bf) [0x7f31b915a9bf]
 7  /opt/conda/envs/gdf/lib/libuct.so.0(+0x21be8) [0x7f31b915dbe8]
 8  /opt/conda/envs/gdf/lib/libucs.so.0(ucs_event_set_wait+0xb9) [0x7f31b91a5df9]
 9  /opt/conda/envs/gdf/lib/libuct.so.0(uct_tcp_iface_progress+0x7d) [0x7f31b915cbad]
10  /opt/conda/envs/gdf/lib/libucp.so.0(ucp_worker_progress+0x5a) [0x7f31b920d36a]
11  /opt/conda/envs/gdf/lib/python3.9/site-packages/ucp/_libs/ucx_api.cpython-39-x86_64-linux-gnu.so(+0x2b17a) [0x7f31b92ac17a]
12  /opt/conda/envs/gdf/bin/python(+0x13eb08) [0x561484469b08]
13  /opt/conda/envs/gdf/bin/python(_PyEval_EvalFrameDefault+0x5f82) [0x56148445a112]
14  /opt/conda/envs/gdf/bin/python(+0x12827a) [0x56148445327a]
15  /opt/conda/envs/gdf/bin/python(_PyFunction_Vectorcall+0xd5) [0x561484464c05]
16  /opt/conda/envs/gdf/bin/python(_PyEval_EvalFrameDefault+0x68b) [0x56148445481b]
17  /opt/conda/envs/gdf/bin/python(+0x14e70e) [0x56148447970e]
18  /opt/conda/envs/gdf/lib/python3.9/lib-dynload/_asyncio.cpython-39-x86_64-linux-gnu.so(+0x82fe) [0x7f31dd52b2fe]
19  /opt/conda/envs/gdf/bin/python(_PyObject_MakeTpCall+0x2fc) [0x56148445d2bc]
20  /opt/conda/envs/gdf/bin/python(+0xe5817) [0x561484410817]
21  /opt/conda/envs/gdf/bin/python(+0x130f83) [0x56148445bf83]
22  /opt/conda/envs/gdf/bin/python(_PyEval_EvalFrameDefault+0x5ba6) [0x561484459d36]
23  /opt/conda/envs/gdf/bin/python(+0x139ef3) [0x561484464ef3]
24  /opt/conda/envs/gdf/bin/python(_PyEval_EvalFrameDefault+0x68b) [0x56148445481b]
25  /opt/conda/envs/gdf/bin/python(+0x139ef3) [0x561484464ef3]
26  /opt/conda/envs/gdf/bin/python(_PyEval_EvalFrameDefault+0x68b) [0x56148445481b]
27  /opt/conda/envs/gdf/bin/python(+0x139ef3) [0x561484464ef3]
28  /opt/conda/envs/gdf/bin/python(_PyEval_EvalFrameDefault+0x68b) [0x56148445481b]
29  /opt/conda/envs/gdf/bin/python(+0x139ef3) [0x561484464ef3]
30  /opt/conda/envs/gdf/bin/python(_PyEval_EvalFrameDefault+0x68b) [0x56148445481b]
31  /opt/conda/envs/gdf/bin/python(+0x12827a) [0x56148445327a]
32  /opt/conda/envs/gdf/bin/python(_PyFunction_Vectorcall+0xd5) [0x561484464c05]
33  /opt/conda/envs/gdf/bin/python(_PyEval_EvalFrameDefault+0x4e17) [0x561484458fa7]
34  /opt/conda/envs/gdf/bin/python(+0x12827a) [0x56148445327a]
35  /opt/conda/envs/gdf/bin/python(+0x147935) [0x561484472935]
36  /opt/conda/envs/gdf/bin/python(PyObject_Call+0xb4) [0x561484473104]
37  /opt/conda/envs/gdf/bin/python(+0x20efc8) [0x561484539fc8]
38  /opt/conda/envs/gdf/bin/python(_PyObject_MakeTpCall+0x2fc) [0x56148445d2bc]
39  /opt/conda/envs/gdf/bin/python(_PyEval_EvalFrameDefault+0x402b) [0x5614844581bb]
40  /opt/conda/envs/gdf/bin/python(+0x139ef3) [0x561484464ef3]
41  /opt/conda/envs/gdf/bin/python(+0x147c72) [0x561484472c72]
42  /opt/conda/envs/gdf/bin/python(_PyEval_EvalFrameDefault+0x402b) [0x5614844581bb]
43  /opt/conda/envs/gdf/bin/python(+0x139ef3) [0x561484464ef3]
44  /opt/conda/envs/gdf/bin/python(_PyEval_EvalFrameDefault+0x68b) [0x56148445481b]
45  /opt/conda/envs/gdf/bin/python(+0x12827a) [0x56148445327a]
46  /opt/conda/envs/gdf/bin/python(_PyFunction_Vectorcall+0xd5) [0x561484464c05]
47  /opt/conda/envs/gdf/bin/python(_PyEval_EvalFrameDefault+0x68b) [0x56148445481b]
48  /opt/conda/envs/gdf/bin/python(+0x139ef3) [0x561484464ef3]
49  /opt/conda/envs/gdf/bin/python(_PyEval_EvalFrameDefault+0x3d8) [0x561484454568]
50  /opt/conda/envs/gdf/bin/python(+0x12827a) [0x56148445327a]
51  /opt/conda/envs/gdf/bin/python(_PyFunction_Vectorcall+0xd5) [0x561484464c05]
52  /opt/conda/envs/gdf/bin/python(_PyEval_EvalFrameDefault+0x123b) [0x5614844553cb]
53  /opt/conda/envs/gdf/bin/python(+0x12827a) [0x56148445327a]
54  /opt/conda/envs/gdf/bin/python(_PyEval_EvalCodeWithName+0x47) [0x561484452f07]
55  /opt/conda/envs/gdf/bin/python(PyEval_EvalCodeEx+0x39) [0x561484452eb9]
56  /opt/conda/envs/gdf/bin/python(PyEval_EvalCode+0x1b) [0x5614845038bb]
57  /opt/conda/envs/gdf/bin/python(+0x206adc) [0x561484531adc]
58  /opt/conda/envs/gdf/bin/python(+0x202c24) [0x56148452dc24]
59  /opt/conda/envs/gdf/bin/python(PyRun_StringFlags+0x9d) [0x5614845257ed]
60  /opt/conda/envs/gdf/bin/python(PyRun_SimpleStringFlags+0x3d) [0x5614845256bd]
61  /opt/conda/envs/gdf/bin/python(Py_RunMain+0x262) [0x5614845248a2]
=================================
[dgx13:76656:0:76656] Caught signal 11 (Segmentation fault: address not mapped to object at address 0x448)
==== backtrace (tid:  76656) ====
 0  /opt/conda/envs/gdf/lib/libucs.so.0(ucs_handle_error+0x2fd) [0x7ff00c7bf80d]
 1  /opt/conda/envs/gdf/lib/libucs.so.0(+0x28a04) [0x7ff00c7bfa04]
 2  /opt/conda/envs/gdf/lib/libucs.so.0(+0x28bca) [0x7ff00c7bfbca]
 3  /usr/lib/x86_64-linux-gnu/libpthread.so.0(+0x14420) [0x7ff09efcf420]
 4  /opt/conda/envs/gdf/lib/libucp.so.0(ucp_mem_type_unpack+0x17) [0x7ff00c831987]
 5  /opt/conda/envs/gdf/lib/libucp.so.0(ucp_rndv_data_handler+0x4e9) [0x7ff00c850549]
 6  /opt/conda/envs/gdf/lib/libuct.so.0(+0x1e9bf) [0x7ff00c77c9bf]
 7  /opt/conda/envs/gdf/lib/libuct.so.0(+0x21be8) [0x7ff00c77fbe8]
 8  /opt/conda/envs/gdf/lib/libucs.so.0(ucs_event_set_wait+0xb9) [0x7ff00c7c7df9]
 9  /opt/conda/envs/gdf/lib/libuct.so.0(uct_tcp_iface_progress+0x7d) [0x7ff00c77ebad]
10  /opt/conda/envs/gdf/lib/libucp.so.0(ucp_worker_progress+0x5a) [0x7ff00c82f36a]
11  /opt/conda/envs/gdf/lib/python3.9/site-packages/ucp/_libs/ucx_api.cpython-39-x86_64-linux-gnu.so(+0x2b17a) [0x7ff00c8ce17a]
12  /opt/conda/envs/gdf/bin/python(+0x13eb08) [0x55bafdae1b08]
13  /opt/conda/envs/gdf/bin/python(_PyEval_EvalFrameDefault+0x5f82) [0x55bafdad2112]
14  /opt/conda/envs/gdf/bin/python(+0x12827a) [0x55bafdacb27a]
15  /opt/conda/envs/gdf/bin/python(_PyFunction_Vectorcall+0xd5) [0x55bafdadcc05]
16  /opt/conda/envs/gdf/bin/python(_PyEval_EvalFrameDefault+0x68b) [0x55bafdacc81b]
17  /opt/conda/envs/gdf/bin/python(+0x139ef3) [0x55bafdadcef3]
18  /opt/conda/envs/gdf/bin/python(+0x147a16) [0x55bafdaeaa16]
19  /opt/conda/envs/gdf/bin/python(+0x2579b1) [0x55bafdbfa9b1]
20  /opt/conda/envs/gdf/bin/python(+0xe5817) [0x55bafda88817]
21  /opt/conda/envs/gdf/bin/python(+0x130f83) [0x55bafdad3f83]
22  /opt/conda/envs/gdf/bin/python(_PyEval_EvalFrameDefault+0x5ba6) [0x55bafdad1d36]
23  /opt/conda/envs/gdf/bin/python(+0x139ef3) [0x55bafdadcef3]
24  /opt/conda/envs/gdf/bin/python(_PyEval_EvalFrameDefault+0x68b) [0x55bafdacc81b]
25  /opt/conda/envs/gdf/bin/python(+0x139ef3) [0x55bafdadcef3]
26  /opt/conda/envs/gdf/bin/python(_PyEval_EvalFrameDefault+0x68b) [0x55bafdacc81b]
27  /opt/conda/envs/gdf/bin/python(+0x139ef3) [0x55bafdadcef3]
28  /opt/conda/envs/gdf/bin/python(_PyEval_EvalFrameDefault+0x68b) [0x55bafdacc81b]
29  /opt/conda/envs/gdf/bin/python(+0x139ef3) [0x55bafdadcef3]
30  /opt/conda/envs/gdf/bin/python(_PyEval_EvalFrameDefault+0x68b) [0x55bafdacc81b]
31  /opt/conda/envs/gdf/bin/python(+0x12827a) [0x55bafdacb27a]
32  /opt/conda/envs/gdf/bin/python(_PyFunction_Vectorcall+0xd5) [0x55bafdadcc05]
33  /opt/conda/envs/gdf/bin/python(_PyEval_EvalFrameDefault+0x4e17) [0x55bafdad0fa7]
34  /opt/conda/envs/gdf/bin/python(+0x12827a) [0x55bafdacb27a]
35  /opt/conda/envs/gdf/bin/python(+0x147935) [0x55bafdaea935]
36  /opt/conda/envs/gdf/bin/python(PyObject_Call+0xb4) [0x55bafdaeb104]
37  /opt/conda/envs/gdf/bin/python(+0x20efc8) [0x55bafdbb1fc8]
38  /opt/conda/envs/gdf/bin/python(_PyObject_MakeTpCall+0x2fc) [0x55bafdad52bc]
39  /opt/conda/envs/gdf/bin/python(_PyEval_EvalFrameDefault+0x402b) [0x55bafdad01bb]
40  /opt/conda/envs/gdf/bin/python(+0x139ef3) [0x55bafdadcef3]
41  /opt/conda/envs/gdf/bin/python(+0x147c72) [0x55bafdaeac72]
42  /opt/conda/envs/gdf/bin/python(_PyEval_EvalFrameDefault+0x402b) [0x55bafdad01bb]
43  /opt/conda/envs/gdf/bin/python(+0x139ef3) [0x55bafdadcef3]
44  /opt/conda/envs/gdf/bin/python(_PyEval_EvalFrameDefault+0x68b) [0x55bafdacc81b]
45  /opt/conda/envs/gdf/bin/python(+0x12827a) [0x55bafdacb27a]
46  /opt/conda/envs/gdf/bin/python(_PyFunction_Vectorcall+0xd5) [0x55bafdadcc05]
47  /opt/conda/envs/gdf/bin/python(_PyEval_EvalFrameDefault+0x68b) [0x55bafdacc81b]
48  /opt/conda/envs/gdf/bin/python(+0x139ef3) [0x55bafdadcef3]
49  /opt/conda/envs/gdf/bin/python(_PyEval_EvalFrameDefault+0x3d8) [0x55bafdacc568]
50  /opt/conda/envs/gdf/bin/python(+0x12827a) [0x55bafdacb27a]
51  /opt/conda/envs/gdf/bin/python(_PyFunction_Vectorcall+0xd5) [0x55bafdadcc05]
52  /opt/conda/envs/gdf/bin/python(_PyEval_EvalFrameDefault+0x123b) [0x55bafdacd3cb]
53  /opt/conda/envs/gdf/bin/python(+0x12827a) [0x55bafdacb27a]
54  /opt/conda/envs/gdf/bin/python(_PyEval_EvalCodeWithName+0x47) [0x55bafdacaf07]
55  /opt/conda/envs/gdf/bin/python(PyEval_EvalCodeEx+0x39) [0x55bafdacaeb9]
56  /opt/conda/envs/gdf/bin/python(PyEval_EvalCode+0x1b) [0x55bafdb7b8bb]
57  /opt/conda/envs/gdf/bin/python(+0x206adc) [0x55bafdba9adc]
58  /opt/conda/envs/gdf/bin/python(+0x202c24) [0x55bafdba5c24]
59  /opt/conda/envs/gdf/bin/python(PyRun_StringFlags+0x9d) [0x55bafdb9d7ed]
60  /opt/conda/envs/gdf/bin/python(PyRun_SimpleStringFlags+0x3d) [0x55bafdb9d6bd]
61  /opt/conda/envs/gdf/bin/python(Py_RunMain+0x262) [0x55bafdb9c8a2]
=================================
[dgx13:76644:0:76644] Caught signal 11 (Segmentation fault: address not mapped to object at address 0x448)
==== backtrace (tid:  76644) ====
 0  /opt/conda/envs/gdf/lib/libucs.so.0(ucs_handle_error+0x2fd) [0x7f99f0fdb80d]
 1  /opt/conda/envs/gdf/lib/libucs.so.0(+0x28a04) [0x7f99f0fdba04]
 2  /opt/conda/envs/gdf/lib/libucs.so.0(+0x28bca) [0x7f99f0fdbbca]
 3  /usr/lib/x86_64-linux-gnu/libpthread.so.0(+0x14420) [0x7f9a917d5420]
 4  /opt/conda/envs/gdf/lib/libucp.so.0(ucp_mem_type_unpack+0x17) [0x7f99f104d987]
 5  /opt/conda/envs/gdf/lib/libucp.so.0(ucp_rndv_data_handler+0x4e9) [0x7f99f106c549]
 6  /opt/conda/envs/gdf/lib/libuct.so.0(+0x1e9bf) [0x7f99f0f989bf]
 7  /opt/conda/envs/gdf/lib/libuct.so.0(+0x21be8) [0x7f99f0f9bbe8]
 8  /opt/conda/envs/gdf/lib/libucs.so.0(ucs_event_set_wait+0xb9) [0x7f99f0fe3df9]
 9  /opt/conda/envs/gdf/lib/libuct.so.0(uct_tcp_iface_progress+0x7d) [0x7f99f0f9abad]
10  /opt/conda/envs/gdf/lib/libucp.so.0(ucp_worker_progress+0x5a) [0x7f99f104b36a]
11  /opt/conda/envs/gdf/lib/python3.9/site-packages/ucp/_libs/ucx_api.cpython-39-x86_64-linux-gnu.so(+0x2b17a) [0x7f99f10ea17a]
12  /opt/conda/envs/gdf/bin/python(+0x13eb08) [0x5622a2470b08]
13  /opt/conda/envs/gdf/bin/python(_PyEval_EvalFrameDefault+0x5f82) [0x5622a2461112]
14  /opt/conda/envs/gdf/bin/python(+0x12827a) [0x5622a245a27a]
15  /opt/conda/envs/gdf/bin/python(_PyFunction_Vectorcall+0xd5) [0x5622a246bc05]
16  /opt/conda/envs/gdf/bin/python(_PyEval_EvalFrameDefault+0x68b) [0x5622a245b81b]
17  /opt/conda/envs/gdf/bin/python(+0x139ef3) [0x5622a246bef3]
18  /opt/conda/envs/gdf/bin/python(+0x147a16) [0x5622a2479a16]
19  /opt/conda/envs/gdf/bin/python(+0x2579b1) [0x5622a25899b1]
20  /opt/conda/envs/gdf/bin/python(+0xe5817) [0x5622a2417817]
21  /opt/conda/envs/gdf/bin/python(+0x130f83) [0x5622a2462f83]
22  /opt/conda/envs/gdf/bin/python(_PyEval_EvalFrameDefault+0x5ba6) [0x5622a2460d36]
23  /opt/conda/envs/gdf/bin/python(+0x139ef3) [0x5622a246bef3]
24  /opt/conda/envs/gdf/bin/python(_PyEval_EvalFrameDefault+0x68b) [0x5622a245b81b]
25  /opt/conda/envs/gdf/bin/python(+0x139ef3) [0x5622a246bef3]
26  /opt/conda/envs/gdf/bin/python(_PyEval_EvalFrameDefault+0x68b) [0x5622a245b81b]
27  /opt/conda/envs/gdf/bin/python(+0x139ef3) [0x5622a246bef3]
28  /opt/conda/envs/gdf/bin/python(_PyEval_EvalFrameDefault+0x68b) [0x5622a245b81b]
29  /opt/conda/envs/gdf/bin/python(+0x139ef3) [0x5622a246bef3]
30  /opt/conda/envs/gdf/bin/python(_PyEval_EvalFrameDefault+0x68b) [0x5622a245b81b]
31  /opt/conda/envs/gdf/bin/python(+0x12827a) [0x5622a245a27a]
32  /opt/conda/envs/gdf/bin/python(_PyFunction_Vectorcall+0xd5) [0x5622a246bc05]
33  /opt/conda/envs/gdf/bin/python(_PyEval_EvalFrameDefault+0x4e17) [0x5622a245ffa7]
34  /opt/conda/envs/gdf/bin/python(+0x12827a) [0x5622a245a27a]
35  /opt/conda/envs/gdf/bin/python(+0x147935) [0x5622a2479935]
36  /opt/conda/envs/gdf/bin/python(PyObject_Call+0xb4) [0x5622a247a104]
37  /opt/conda/envs/gdf/bin/python(+0x20efc8) [0x5622a2540fc8]
38  /opt/conda/envs/gdf/bin/python(_PyObject_MakeTpCall+0x2fc) [0x5622a24642bc]
39  /opt/conda/envs/gdf/bin/python(_PyEval_EvalFrameDefault+0x402b) [0x5622a245f1bb]
40  /opt/conda/envs/gdf/bin/python(+0x139ef3) [0x5622a246bef3]
41  /opt/conda/envs/gdf/bin/python(+0x147c72) [0x5622a2479c72]
42  /opt/conda/envs/gdf/bin/python(_PyEval_EvalFrameDefault+0x402b) [0x5622a245f1bb]
43  /opt/conda/envs/gdf/bin/python(+0x139ef3) [0x5622a246bef3]
44  /opt/conda/envs/gdf/bin/python(_PyEval_EvalFrameDefault+0x68b) [0x5622a245b81b]
45  /opt/conda/envs/gdf/bin/python(+0x12827a) [0x5622a245a27a]
46  /opt/conda/envs/gdf/bin/python(_PyFunction_Vectorcall+0xd5) [0x5622a246bc05]
47  /opt/conda/envs/gdf/bin/python(_PyEval_EvalFrameDefault+0x68b) [0x5622a245b81b]
48  /opt/conda/envs/gdf/bin/python(+0x139ef3) [0x5622a246bef3]
49  /opt/conda/envs/gdf/bin/python(_PyEval_EvalFrameDefault+0x3d8) [0x5622a245b568]
50  /opt/conda/envs/gdf/bin/python(+0x12827a) [0x5622a245a27a]
51  /opt/conda/envs/gdf/bin/python(_PyFunction_Vectorcall+0xd5) [0x5622a246bc05]
52  /opt/conda/envs/gdf/bin/python(_PyEval_EvalFrameDefault+0x123b) [0x5622a245c3cb]
53  /opt/conda/envs/gdf/bin/python(+0x12827a) [0x5622a245a27a]
54  /opt/conda/envs/gdf/bin/python(_PyEval_EvalCodeWithName+0x47) [0x5622a2459f07]
55  /opt/conda/envs/gdf/bin/python(PyEval_EvalCodeEx+0x39) [0x5622a2459eb9]
56  /opt/conda/envs/gdf/bin/python(PyEval_EvalCode+0x1b) [0x5622a250a8bb]
57  /opt/conda/envs/gdf/bin/python(+0x206adc) [0x5622a2538adc]
58  /opt/conda/envs/gdf/bin/python(+0x202c24) [0x5622a2534c24]
59  /opt/conda/envs/gdf/bin/python(PyRun_StringFlags+0x9d) [0x5622a252c7ed]
60  /opt/conda/envs/gdf/bin/python(PyRun_SimpleStringFlags+0x3d) [0x5622a252c6bd]
61  /opt/conda/envs/gdf/bin/python(Py_RunMain+0x262) [0x5622a252b8a2]
=================================
[dgx13:76632:0:76632] Caught signal 11 (Segmentation fault: address not mapped to object at address 0x448)
==== backtrace (tid:  76632) ====
 0  /opt/conda/envs/gdf/lib/libucs.so.0(ucs_handle_error+0x2fd) [0x7ffa849db80d]
 1  /opt/conda/envs/gdf/lib/libucs.so.0(+0x28a04) [0x7ffa849dba04]
 2  /opt/conda/envs/gdf/lib/libucs.so.0(+0x28bca) [0x7ffa849dbbca]
 3  /usr/lib/x86_64-linux-gnu/libpthread.so.0(+0x14420) [0x7ffb251f0420]
 4  /opt/conda/envs/gdf/lib/libucp.so.0(ucp_mem_type_unpack+0x17) [0x7ffa84a4d987]
 5  /opt/conda/envs/gdf/lib/libucp.so.0(ucp_rndv_data_handler+0x4e9) [0x7ffa84a6c549]
 6  /opt/conda/envs/gdf/lib/libuct.so.0(+0x1e9bf) [0x7ffa849989bf]
 7  /opt/conda/envs/gdf/lib/libuct.so.0(+0x21be8) [0x7ffa8499bbe8]
 8  /opt/conda/envs/gdf/lib/libucs.so.0(ucs_event_set_wait+0xb9) [0x7ffa849e3df9]
 9  /opt/conda/envs/gdf/lib/libuct.so.0(uct_tcp_iface_progress+0x7d) [0x7ffa8499abad]
10  /opt/conda/envs/gdf/lib/libucp.so.0(ucp_worker_progress+0x5a) [0x7ffa84a4b36a]
11  /opt/conda/envs/gdf/lib/python3.9/site-packages/ucp/_libs/ucx_api.cpython-39-x86_64-linux-gnu.so(+0x2b17a) [0x7ffa84aea17a]
12  /opt/conda/envs/gdf/bin/python(+0x13eb08) [0x555684347b08]
13  /opt/conda/envs/gdf/bin/python(_PyEval_EvalFrameDefault+0x5f82) [0x555684338112]
14  /opt/conda/envs/gdf/bin/python(+0x12827a) [0x55568433127a]
15  /opt/conda/envs/gdf/bin/python(_PyFunction_Vectorcall+0xd5) [0x555684342c05]
16  /opt/conda/envs/gdf/bin/python(_PyEval_EvalFrameDefault+0x68b) [0x55568433281b]
17  /opt/conda/envs/gdf/bin/python(+0x139ef3) [0x555684342ef3]
18  /opt/conda/envs/gdf/bin/python(+0x147a16) [0x555684350a16]
19  /opt/conda/envs/gdf/bin/python(+0x2579b1) [0x5556844609b1]
20  /opt/conda/envs/gdf/bin/python(+0xe5817) [0x5556842ee817]
21  /opt/conda/envs/gdf/bin/python(+0x130f83) [0x555684339f83]
22  /opt/conda/envs/gdf/bin/python(_PyEval_EvalFrameDefault+0x5ba6) [0x555684337d36]
23  /opt/conda/envs/gdf/bin/python(+0x139ef3) [0x555684342ef3]
24  /opt/conda/envs/gdf/bin/python(_PyEval_EvalFrameDefault+0x68b) [0x55568433281b]
25  /opt/conda/envs/gdf/bin/python(+0x139ef3) [0x555684342ef3]
26  /opt/conda/envs/gdf/bin/python(_PyEval_EvalFrameDefault+0x68b) [0x55568433281b]
27  /opt/conda/envs/gdf/bin/python(+0x139ef3) [0x555684342ef3]
28  /opt/conda/envs/gdf/bin/python(_PyEval_EvalFrameDefault+0x68b) [0x55568433281b]
29  /opt/conda/envs/gdf/bin/python(+0x139ef3) [0x555684342ef3]
30  /opt/conda/envs/gdf/bin/python(_PyEval_EvalFrameDefault+0x68b) [0x55568433281b]
31  /opt/conda/envs/gdf/bin/python(+0x12827a) [0x55568433127a]
32  /opt/conda/envs/gdf/bin/python(_PyFunction_Vectorcall+0xd5) [0x555684342c05]
33  /opt/conda/envs/gdf/bin/python(_PyEval_EvalFrameDefault+0x4e17) [0x555684336fa7]
34  /opt/conda/envs/gdf/bin/python(+0x12827a) [0x55568433127a]
35  /opt/conda/envs/gdf/bin/python(+0x147935) [0x555684350935]
36  /opt/conda/envs/gdf/bin/python(PyObject_Call+0xb4) [0x555684351104]
37  /opt/conda/envs/gdf/bin/python(+0x20efc8) [0x555684417fc8]
38  /opt/conda/envs/gdf/bin/python(_PyObject_MakeTpCall+0x2fc) [0x55568433b2bc]
39  /opt/conda/envs/gdf/bin/python(_PyEval_EvalFrameDefault+0x402b) [0x5556843361bb]
40  /opt/conda/envs/gdf/bin/python(+0x139ef3) [0x555684342ef3]
41  /opt/conda/envs/gdf/bin/python(+0x147c72) [0x555684350c72]
42  /opt/conda/envs/gdf/bin/python(_PyEval_EvalFrameDefault+0x402b) [0x5556843361bb]
43  /opt/conda/envs/gdf/bin/python(+0x139ef3) [0x555684342ef3]
44  /opt/conda/envs/gdf/bin/python(_PyEval_EvalFrameDefault+0x68b) [0x55568433281b]
45  /opt/conda/envs/gdf/bin/python(+0x12827a) [0x55568433127a]
46  /opt/conda/envs/gdf/bin/python(_PyFunction_Vectorcall+0xd5) [0x555684342c05]
47  /opt/conda/envs/gdf/bin/python(_PyEval_EvalFrameDefault+0x68b) [0x55568433281b]
48  /opt/conda/envs/gdf/bin/python(+0x139ef3) [0x555684342ef3]
49  /opt/conda/envs/gdf/bin/python(_PyEval_EvalFrameDefault+0x3d8) [0x555684332568]
50  /opt/conda/envs/gdf/bin/python(+0x12827a) [0x55568433127a]
51  /opt/conda/envs/gdf/bin/python(_PyFunction_Vectorcall+0xd5) [0x555684342c05]
52  /opt/conda/envs/gdf/bin/python(_PyEval_EvalFrameDefault+0x123b) [0x5556843333cb]
53  /opt/conda/envs/gdf/bin/python(+0x12827a) [0x55568433127a]
54  /opt/conda/envs/gdf/bin/python(_PyEval_EvalCodeWithName+0x47) [0x555684330f07]
55  /opt/conda/envs/gdf/bin/python(PyEval_EvalCodeEx+0x39) [0x555684330eb9]
56  /opt/conda/envs/gdf/bin/python(PyEval_EvalCode+0x1b) [0x5556843e18bb]
57  /opt/conda/envs/gdf/bin/python(+0x206adc) [0x55568440fadc]
58  /opt/conda/envs/gdf/bin/python(+0x202c24) [0x55568440bc24]
59  /opt/conda/envs/gdf/bin/python(PyRun_StringFlags+0x9d) [0x5556844037ed]
60  /opt/conda/envs/gdf/bin/python(PyRun_SimpleStringFlags+0x3d) [0x5556844036bd]
61  /opt/conda/envs/gdf/bin/python(Py_RunMain+0x262) [0x5556844028a2]
=================================
2023-06-09 05:52:29,924 - distributed.worker - ERROR - Worker stream died during communication: ucx://127.0.0.1:54141
Traceback (most recent call last):
  File "/opt/conda/envs/gdf/lib/python3.9/site-packages/distributed/comm/ucx.py", line 349, in read
    await self.ep.recv(msg)
  File "/opt/conda/envs/gdf/lib/python3.9/site-packages/ucp/core.py", line 725, in recv
    ret = await comm.tag_recv(self._ep, buffer, nbytes, tag, name=log)
ucp._libs.exceptions.UCXCanceled: <[Recv #003] ep: 0x7fa1744b71c0, tag: 0x764578d7770f5da3, nbytes: 16, type: <class 'numpy.ndarray'>>: 

During handling of the above exception, another exception occurred:

Traceback (most recent call last):
  File "/opt/conda/envs/gdf/lib/python3.9/site-packages/distributed/worker.py", line 2066, in gather_dep
    response = await get_data_from_worker(
  File "/opt/conda/envs/gdf/lib/python3.9/site-packages/distributed/worker.py", line 2892, in get_data_from_worker
    response = await send_recv(
  File "/opt/conda/envs/gdf/lib/python3.9/site-packages/distributed/core.py", line 1024, in send_recv
    response = await comm.read(deserializers=deserializers)
  File "/opt/conda/envs/gdf/lib/python3.9/site-packages/distributed/utils.py", line 752, in wrapper
    return await func(*args, **kwargs)
  File "/opt/conda/envs/gdf/lib/python3.9/site-packages/distributed/comm/ucx.py", line 367, in read
    raise CommClosedError(
distributed.comm.core.CommClosedError: Connection closed by writer.
Inner exception: UCXCanceled("<[Recv #003] ep: 0x7fa1744b71c0, tag: 0x764578d7770f5da3, nbytes: 16, type: <class 'numpy.ndarray'>>: ")
2023-06-09 05:52:29,924 - distributed.worker - ERROR - Worker stream died during communication: ucx://127.0.0.1:54141
Traceback (most recent call last):
  File "/opt/conda/envs/gdf/lib/python3.9/site-packages/distributed/comm/ucx.py", line 349, in read
    await self.ep.recv(msg)
  File "/opt/conda/envs/gdf/lib/python3.9/site-packages/ucp/core.py", line 725, in recv
    ret = await comm.tag_recv(self._ep, buffer, nbytes, tag, name=log)
ucp._libs.exceptions.UCXCanceled: <[Recv #003] ep: 0x7fef181be100, tag: 0xa4d8df9473aab737, nbytes: 16, type: <class 'numpy.ndarray'>>: 

During handling of the above exception, another exception occurred:

Traceback (most recent call last):
  File "/opt/conda/envs/gdf/lib/python3.9/site-packages/distributed/worker.py", line 2066, in gather_dep
    response = await get_data_from_worker(
  File "/opt/conda/envs/gdf/lib/python3.9/site-packages/distributed/worker.py", line 2892, in get_data_from_worker
    response = await send_recv(
  File "/opt/conda/envs/gdf/lib/python3.9/site-packages/distributed/core.py", line 1024, in send_recv
    response = await comm.read(deserializers=deserializers)
  File "/opt/conda/envs/gdf/lib/python3.9/site-packages/distributed/utils.py", line 752, in wrapper
    return await func(*args, **kwargs)
  File "/opt/conda/envs/gdf/lib/python3.9/site-packages/distributed/comm/ucx.py", line 367, in read
    raise CommClosedError(
distributed.comm.core.CommClosedError: Connection closed by writer.
Inner exception: UCXCanceled("<[Recv #003] ep: 0x7fef181be100, tag: 0xa4d8df9473aab737, nbytes: 16, type: <class 'numpy.ndarray'>>: ")
2023-06-09 05:52:29,926 - distributed.worker - ERROR - Worker stream died during communication: ucx://127.0.0.1:50719
Traceback (most recent call last):
  File "/opt/conda/envs/gdf/lib/python3.9/site-packages/distributed/comm/ucx.py", line 349, in read
    await self.ep.recv(msg)
  File "/opt/conda/envs/gdf/lib/python3.9/site-packages/ucp/core.py", line 725, in recv
    ret = await comm.tag_recv(self._ep, buffer, nbytes, tag, name=log)
ucp._libs.exceptions.UCXCanceled: <[Recv #003] ep: 0x7fa1744b7240, tag: 0xbbc604e5afdb62ef, nbytes: 16, type: <class 'numpy.ndarray'>>: 

During handling of the above exception, another exception occurred:

Traceback (most recent call last):
  File "/opt/conda/envs/gdf/lib/python3.9/site-packages/distributed/worker.py", line 2066, in gather_dep
    response = await get_data_from_worker(
  File "/opt/conda/envs/gdf/lib/python3.9/site-packages/distributed/worker.py", line 2892, in get_data_from_worker
    response = await send_recv(
  File "/opt/conda/envs/gdf/lib/python3.9/site-packages/distributed/core.py", line 1024, in send_recv
    response = await comm.read(deserializers=deserializers)
  File "/opt/conda/envs/gdf/lib/python3.9/site-packages/distributed/utils.py", line 752, in wrapper
    return await func(*args, **kwargs)
  File "/opt/conda/envs/gdf/lib/python3.9/site-packages/distributed/comm/ucx.py", line 367, in read
    raise CommClosedError(
distributed.comm.core.CommClosedError: Connection closed by writer.
Inner exception: UCXCanceled("<[Recv #003] ep: 0x7fa1744b7240, tag: 0xbbc604e5afdb62ef, nbytes: 16, type: <class 'numpy.ndarray'>>: ")
2023-06-09 05:52:29,927 - distributed.worker - ERROR - failed during get data with ucx://127.0.0.1:40521 -> ucx://127.0.0.1:50719
Traceback (most recent call last):
  File "/opt/conda/envs/gdf/lib/python3.9/site-packages/distributed/comm/ucx.py", line 333, in write
    await self.ep.send(each_frame)
  File "/opt/conda/envs/gdf/lib/python3.9/site-packages/ucp/core.py", line 650, in send
    return await comm.tag_send(self._ep, buffer, nbytes, tag, name=log)
ucp._libs.exceptions.UCXError: <[Send #007] ep: 0x7fef181be280, tag: 0x32345ac040f38434, nbytes: 50000000, type: <class 'cupy.ndarray'>>: Endpoint timeout

During handling of the above exception, another exception occurred:

Traceback (most recent call last):
  File "/opt/conda/envs/gdf/lib/python3.9/site-packages/distributed/worker.py", line 1792, in get_data
    compressed = await comm.write(msg, serializers=serializers)
  File "/opt/conda/envs/gdf/lib/python3.9/site-packages/distributed/utils.py", line 752, in wrapper
    return await func(*args, **kwargs)
  File "/opt/conda/envs/gdf/lib/python3.9/site-packages/distributed/comm/ucx.py", line 337, in write
    raise CommClosedError("While writing, the connection was closed")
distributed.comm.core.CommClosedError: While writing, the connection was closed
2023-06-09 05:52:29,927 - distributed.worker - ERROR - Worker stream died during communication: ucx://127.0.0.1:50719
Traceback (most recent call last):
  File "/opt/conda/envs/gdf/lib/python3.9/site-packages/distributed/comm/ucx.py", line 349, in read
    await self.ep.recv(msg)
  File "/opt/conda/envs/gdf/lib/python3.9/site-packages/ucp/core.py", line 725, in recv
    ret = await comm.tag_recv(self._ep, buffer, nbytes, tag, name=log)
ucp._libs.exceptions.UCXCanceled: <[Recv #003] ep: 0x7fef181be180, tag: 0x4ae4654e4e042822, nbytes: 16, type: <class 'numpy.ndarray'>>: 

During handling of the above exception, another exception occurred:

Traceback (most recent call last):
  File "/opt/conda/envs/gdf/lib/python3.9/site-packages/distributed/worker.py", line 2066, in gather_dep
    response = await get_data_from_worker(
  File "/opt/conda/envs/gdf/lib/python3.9/site-packages/distributed/worker.py", line 2892, in get_data_from_worker
    response = await send_recv(
  File "/opt/conda/envs/gdf/lib/python3.9/site-packages/distributed/core.py", line 1024, in send_recv
    response = await comm.read(deserializers=deserializers)
  File "/opt/conda/envs/gdf/lib/python3.9/site-packages/distributed/utils.py", line 752, in wrapper
    return await func(*args, **kwargs)
  File "/opt/conda/envs/gdf/lib/python3.9/site-packages/distributed/comm/ucx.py", line 367, in read
    raise CommClosedError(
distributed.comm.core.CommClosedError: Connection closed by writer.
Inner exception: UCXCanceled("<[Recv #003] ep: 0x7fef181be180, tag: 0x4ae4654e4e042822, nbytes: 16, type: <class 'numpy.ndarray'>>: ")
2023-06-09 05:52:30,032 - distributed.worker - ERROR - failed during get data with ucx://127.0.0.1:40521 -> ucx://127.0.0.1:56861
Traceback (most recent call last):
  File "/opt/conda/envs/gdf/lib/python3.9/site-packages/distributed/comm/ucx.py", line 333, in write
    await self.ep.send(each_frame)
  File "/opt/conda/envs/gdf/lib/python3.9/site-packages/ucp/core.py", line 650, in send
    return await comm.tag_send(self._ep, buffer, nbytes, tag, name=log)
ucp._libs.exceptions.UCXError: <[Send #007] ep: 0x7fef181be240, tag: 0x643fd16630d6b726, nbytes: 50000000, type: <class 'cupy.ndarray'>>: Endpoint timeout

During handling of the above exception, another exception occurred:

Traceback (most recent call last):
  File "/opt/conda/envs/gdf/lib/python3.9/site-packages/distributed/worker.py", line 1792, in get_data
    compressed = await comm.write(msg, serializers=serializers)
  File "/opt/conda/envs/gdf/lib/python3.9/site-packages/distributed/utils.py", line 752, in wrapper
    return await func(*args, **kwargs)
  File "/opt/conda/envs/gdf/lib/python3.9/site-packages/distributed/comm/ucx.py", line 337, in write
    raise CommClosedError("While writing, the connection was closed")
distributed.comm.core.CommClosedError: While writing, the connection was closed
2023-06-09 05:52:30,032 - distributed.worker - ERROR - Worker stream died during communication: ucx://127.0.0.1:56861
Traceback (most recent call last):
  File "/opt/conda/envs/gdf/lib/python3.9/site-packages/distributed/comm/ucx.py", line 349, in read
    await self.ep.recv(msg)
  File "/opt/conda/envs/gdf/lib/python3.9/site-packages/ucp/core.py", line 725, in recv
    ret = await comm.tag_recv(self._ep, buffer, nbytes, tag, name=log)
ucp._libs.exceptions.UCXCanceled: <[Recv #003] ep: 0x7fa1744b7140, tag: 0x65c8185eed987c09, nbytes: 16, type: <class 'numpy.ndarray'>>: 

During handling of the above exception, another exception occurred:

Traceback (most recent call last):
  File "/opt/conda/envs/gdf/lib/python3.9/site-packages/distributed/worker.py", line 2066, in gather_dep
    response = await get_data_from_worker(
  File "/opt/conda/envs/gdf/lib/python3.9/site-packages/distributed/worker.py", line 2892, in get_data_from_worker
    response = await send_recv(
  File "/opt/conda/envs/gdf/lib/python3.9/site-packages/distributed/core.py", line 1024, in send_recv
    response = await comm.read(deserializers=deserializers)
  File "/opt/conda/envs/gdf/lib/python3.9/site-packages/distributed/utils.py", line 752, in wrapper
    return await func(*args, **kwargs)
  File "/opt/conda/envs/gdf/lib/python3.9/site-packages/distributed/comm/ucx.py", line 367, in read
    raise CommClosedError(
distributed.comm.core.CommClosedError: Connection closed by writer.
Inner exception: UCXCanceled("<[Recv #003] ep: 0x7fa1744b7140, tag: 0x65c8185eed987c09, nbytes: 16, type: <class 'numpy.ndarray'>>: ")
2023-06-09 05:52:30,032 - distributed.worker - ERROR - Worker stream died during communication: ucx://127.0.0.1:56861
Traceback (most recent call last):
  File "/opt/conda/envs/gdf/lib/python3.9/site-packages/distributed/comm/ucx.py", line 391, in read
    await self.ep.recv(each_frame)
  File "/opt/conda/envs/gdf/lib/python3.9/site-packages/ucp/core.py", line 725, in recv
    ret = await comm.tag_recv(self._ep, buffer, nbytes, tag, name=log)
ucp._libs.exceptions.UCXError: <[Recv #007] ep: 0x7fef181be140, tag: 0xd0d0ac324b7cb55, nbytes: 50000000, type: <class 'rmm._lib.device_buffer.DeviceBuffer'>>: Endpoint timeout

During handling of the above exception, another exception occurred:

Traceback (most recent call last):
  File "/opt/conda/envs/gdf/lib/python3.9/site-packages/distributed/worker.py", line 2066, in gather_dep
    response = await get_data_from_worker(
  File "/opt/conda/envs/gdf/lib/python3.9/site-packages/distributed/worker.py", line 2892, in get_data_from_worker
    response = await send_recv(
  File "/opt/conda/envs/gdf/lib/python3.9/site-packages/distributed/core.py", line 1024, in send_recv
    response = await comm.read(deserializers=deserializers)
  File "/opt/conda/envs/gdf/lib/python3.9/site-packages/distributed/utils.py", line 752, in wrapper
    return await func(*args, **kwargs)
  File "/opt/conda/envs/gdf/lib/python3.9/site-packages/distributed/comm/ucx.py", line 397, in read
    raise CommClosedError(
distributed.comm.core.CommClosedError: Connection closed by writer.
Inner exception: UCXError("<[Recv #007] ep: 0x7fef181be140, tag: 0xd0d0ac324b7cb55, nbytes: 50000000, type: <class 'rmm._lib.device_buffer.DeviceBuffer'>>: Endpoint timeout")
2023-06-09 05:52:30,035 - distributed.nanny - WARNING - Restarting worker
2023-06-09 05:52:30,036 - distributed.nanny - WARNING - Restarting worker
2023-06-09 05:52:30,062 - distributed.worker - ERROR - Worker stream died during communication: ucx://127.0.0.1:48013
Traceback (most recent call last):
  File "/opt/conda/envs/gdf/lib/python3.9/site-packages/distributed/comm/ucx.py", line 391, in read
    await self.ep.recv(each_frame)
  File "/opt/conda/envs/gdf/lib/python3.9/site-packages/ucp/core.py", line 725, in recv
    ret = await comm.tag_recv(self._ep, buffer, nbytes, tag, name=log)
ucp._libs.exceptions.UCXError: <[Recv #007] ep: 0x7fa1744b7100, tag: 0xe11aed20dfc9dd38, nbytes: 50000000, type: <class 'rmm._lib.device_buffer.DeviceBuffer'>>: Endpoint timeout

During handling of the above exception, another exception occurred:

Traceback (most recent call last):
  File "/opt/conda/envs/gdf/lib/python3.9/site-packages/distributed/worker.py", line 2066, in gather_dep
    response = await get_data_from_worker(
  File "/opt/conda/envs/gdf/lib/python3.9/site-packages/distributed/worker.py", line 2892, in get_data_from_worker
    response = await send_recv(
  File "/opt/conda/envs/gdf/lib/python3.9/site-packages/distributed/core.py", line 1024, in send_recv
    response = await comm.read(deserializers=deserializers)
  File "/opt/conda/envs/gdf/lib/python3.9/site-packages/distributed/utils.py", line 752, in wrapper
    return await func(*args, **kwargs)
  File "/opt/conda/envs/gdf/lib/python3.9/site-packages/distributed/comm/ucx.py", line 397, in read
    raise CommClosedError(
distributed.comm.core.CommClosedError: Connection closed by writer.
Inner exception: UCXError("<[Recv #007] ep: 0x7fa1744b7100, tag: 0xe11aed20dfc9dd38, nbytes: 50000000, type: <class 'rmm._lib.device_buffer.DeviceBuffer'>>: Endpoint timeout")
2023-06-09 05:52:30,077 - distributed.nanny - WARNING - Restarting worker
2023-06-09 05:52:30,080 - distributed.worker - ERROR - failed during get data with ucx://127.0.0.1:58135 -> ucx://127.0.0.1:50331
Traceback (most recent call last):
  File "/opt/conda/envs/gdf/lib/python3.9/site-packages/distributed/comm/ucx.py", line 333, in write
    await self.ep.send(each_frame)
  File "/opt/conda/envs/gdf/lib/python3.9/site-packages/ucp/core.py", line 650, in send
    return await comm.tag_send(self._ep, buffer, nbytes, tag, name=log)
ucp._libs.exceptions.UCXError: <[Send #007] ep: 0x7fa1744b7380, tag: 0xad3da9802081a67f, nbytes: 50000000, type: <class 'cupy.ndarray'>>: Endpoint timeout

During handling of the above exception, another exception occurred:

Traceback (most recent call last):
  File "/opt/conda/envs/gdf/lib/python3.9/site-packages/distributed/worker.py", line 1792, in get_data
    compressed = await comm.write(msg, serializers=serializers)
  File "/opt/conda/envs/gdf/lib/python3.9/site-packages/distributed/utils.py", line 752, in wrapper
    return await func(*args, **kwargs)
  File "/opt/conda/envs/gdf/lib/python3.9/site-packages/distributed/comm/ucx.py", line 337, in write
    raise CommClosedError("While writing, the connection was closed")
distributed.comm.core.CommClosedError: While writing, the connection was closed
2023-06-09 05:52:30,081 - distributed.worker - ERROR - Worker stream died during communication: ucx://127.0.0.1:50331
Traceback (most recent call last):
  File "/opt/conda/envs/gdf/lib/python3.9/site-packages/distributed/comm/ucx.py", line 391, in read
    await self.ep.recv(each_frame)
  File "/opt/conda/envs/gdf/lib/python3.9/site-packages/ucp/core.py", line 725, in recv
    ret = await comm.tag_recv(self._ep, buffer, nbytes, tag, name=log)
ucp._libs.exceptions.UCXError: <[Recv #007] ep: 0x7fa1744b7200, tag: 0x78fba0be970625ce, nbytes: 50000000, type: <class 'rmm._lib.device_buffer.DeviceBuffer'>>: Endpoint timeout

During handling of the above exception, another exception occurred:

Traceback (most recent call last):
  File "/opt/conda/envs/gdf/lib/python3.9/site-packages/distributed/worker.py", line 2066, in gather_dep
    response = await get_data_from_worker(
  File "/opt/conda/envs/gdf/lib/python3.9/site-packages/distributed/worker.py", line 2892, in get_data_from_worker
    response = await send_recv(
  File "/opt/conda/envs/gdf/lib/python3.9/site-packages/distributed/core.py", line 1024, in send_recv
    response = await comm.read(deserializers=deserializers)
  File "/opt/conda/envs/gdf/lib/python3.9/site-packages/distributed/utils.py", line 752, in wrapper
    return await func(*args, **kwargs)
  File "/opt/conda/envs/gdf/lib/python3.9/site-packages/distributed/comm/ucx.py", line 397, in read
    raise CommClosedError(
distributed.comm.core.CommClosedError: Connection closed by writer.
Inner exception: UCXError("<[Recv #007] ep: 0x7fa1744b7200, tag: 0x78fba0be970625ce, nbytes: 50000000, type: <class 'rmm._lib.device_buffer.DeviceBuffer'>>: Endpoint timeout")
2023-06-09 05:52:30,129 - distributed.nanny - WARNING - Restarting worker
2023-06-09 05:52:30,174 - distributed.nanny - WARNING - Restarting worker
2023-06-09 05:52:30,244 - distributed.nanny - WARNING - Restarting worker
2023-06-09 05:52:31,722 - distributed.preloading - INFO - Creating preload: dask_cuda.initialize
2023-06-09 05:52:31,723 - distributed.preloading - INFO - Import preload module: dask_cuda.initialize
2023-06-09 05:52:31,728 - distributed.preloading - INFO - Creating preload: dask_cuda.initialize
2023-06-09 05:52:31,728 - distributed.preloading - INFO - Import preload module: dask_cuda.initialize
2023-06-09 05:52:31,736 - distributed.preloading - INFO - Creating preload: dask_cuda.initialize
2023-06-09 05:52:31,736 - distributed.preloading - INFO - Import preload module: dask_cuda.initialize
2023-06-09 05:52:31,773 - distributed.preloading - INFO - Creating preload: dask_cuda.initialize
2023-06-09 05:52:31,773 - distributed.preloading - INFO - Import preload module: dask_cuda.initialize
2023-06-09 05:52:31,777 - distributed.preloading - INFO - Creating preload: dask_cuda.initialize
2023-06-09 05:52:31,778 - distributed.preloading - INFO - Import preload module: dask_cuda.initialize
2023-06-09 05:52:31,885 - distributed.preloading - INFO - Creating preload: dask_cuda.initialize
2023-06-09 05:52:31,885 - distributed.preloading - INFO - Import preload module: dask_cuda.initialize
[dgx13:76789:0:76789] Caught signal 11 (Segmentation fault: address not mapped to object at address 0x448)
==== backtrace (tid:  76789) ====
 0  /opt/conda/envs/gdf/lib/libucs.so.0(ucs_handle_error+0x2fd) [0x7f30476a680d]
 1  /opt/conda/envs/gdf/lib/libucs.so.0(+0x28a04) [0x7f30476a6a04]
 2  /opt/conda/envs/gdf/lib/libucs.so.0(+0x28bca) [0x7f30476a6bca]
 3  /usr/lib/x86_64-linux-gnu/libpthread.so.0(+0x14420) [0x7f30ffea2420]
 4  /opt/conda/envs/gdf/lib/libucp.so.0(ucp_mem_type_unpack+0x17) [0x7f3047718987]
 5  /opt/conda/envs/gdf/lib/libucp.so.0(ucp_rndv_data_handler+0x4e9) [0x7f3047737549]
 6  /opt/conda/envs/gdf/lib/libuct.so.0(+0x1e9bf) [0x7f30476639bf]
 7  /opt/conda/envs/gdf/lib/libuct.so.0(+0x21be8) [0x7f3047666be8]
 8  /opt/conda/envs/gdf/lib/libucs.so.0(ucs_event_set_wait+0xb9) [0x7f30476aedf9]
 9  /opt/conda/envs/gdf/lib/libuct.so.0(uct_tcp_iface_progress+0x7d) [0x7f3047665bad]
10  /opt/conda/envs/gdf/lib/libucp.so.0(ucp_worker_progress+0x5a) [0x7f304771636a]
11  /opt/conda/envs/gdf/lib/python3.9/site-packages/ucp/_libs/ucx_api.cpython-39-x86_64-linux-gnu.so(+0x2b17a) [0x7f30477b517a]
12  /opt/conda/envs/gdf/bin/python(+0x13eb08) [0x55d61ad88b08]
13  /opt/conda/envs/gdf/bin/python(_PyEval_EvalFrameDefault+0x5f82) [0x55d61ad79112]
14  /opt/conda/envs/gdf/bin/python(+0x12827a) [0x55d61ad7227a]
15  /opt/conda/envs/gdf/bin/python(_PyFunction_Vectorcall+0xd5) [0x55d61ad83c05]
16  /opt/conda/envs/gdf/bin/python(_PyEval_EvalFrameDefault+0x68b) [0x55d61ad7381b]
17  /opt/conda/envs/gdf/bin/python(+0x139ef3) [0x55d61ad83ef3]
18  /opt/conda/envs/gdf/bin/python(+0x147a16) [0x55d61ad91a16]
19  /opt/conda/envs/gdf/bin/python(+0x2579b1) [0x55d61aea19b1]
20  /opt/conda/envs/gdf/bin/python(+0xe5817) [0x55d61ad2f817]
21  /opt/conda/envs/gdf/bin/python(+0x130f83) [0x55d61ad7af83]
22  /opt/conda/envs/gdf/bin/python(_PyEval_EvalFrameDefault+0x5ba6) [0x55d61ad78d36]
23  /opt/conda/envs/gdf/bin/python(+0x139ef3) [0x55d61ad83ef3]
24  /opt/conda/envs/gdf/bin/python(_PyEval_EvalFrameDefault+0x68b) [0x55d61ad7381b]
25  /opt/conda/envs/gdf/bin/python(+0x139ef3) [0x55d61ad83ef3]
26  /opt/conda/envs/gdf/bin/python(_PyEval_EvalFrameDefault+0x68b) [0x55d61ad7381b]
27  /opt/conda/envs/gdf/bin/python(+0x139ef3) [0x55d61ad83ef3]
28  /opt/conda/envs/gdf/bin/python(_PyEval_EvalFrameDefault+0x68b) [0x55d61ad7381b]
29  /opt/conda/envs/gdf/bin/python(+0x139ef3) [0x55d61ad83ef3]
30  /opt/conda/envs/gdf/bin/python(_PyEval_EvalFrameDefault+0x68b) [0x55d61ad7381b]
31  /opt/conda/envs/gdf/bin/python(+0x12827a) [0x55d61ad7227a]
32  /opt/conda/envs/gdf/bin/python(_PyFunction_Vectorcall+0xd5) [0x55d61ad83c05]
33  /opt/conda/envs/gdf/bin/python(_PyEval_EvalFrameDefault+0x4e17) [0x55d61ad77fa7]
34  /opt/conda/envs/gdf/bin/python(+0x12827a) [0x55d61ad7227a]
35  /opt/conda/envs/gdf/bin/python(+0x147935) [0x55d61ad91935]
36  /opt/conda/envs/gdf/bin/python(PyObject_Call+0xb4) [0x55d61ad92104]
37  /opt/conda/envs/gdf/bin/python(+0x20efc8) [0x55d61ae58fc8]
38  /opt/conda/envs/gdf/bin/python(_PyObject_MakeTpCall+0x2fc) [0x55d61ad7c2bc]
39  /opt/conda/envs/gdf/bin/python(_PyEval_EvalFrameDefault+0x402b) [0x55d61ad771bb]
40  /opt/conda/envs/gdf/bin/python(+0x139ef3) [0x55d61ad83ef3]
41  /opt/conda/envs/gdf/bin/python(+0x147c72) [0x55d61ad91c72]
42  /opt/conda/envs/gdf/bin/python(_PyEval_EvalFrameDefault+0x402b) [0x55d61ad771bb]
43  /opt/conda/envs/gdf/bin/python(+0x139ef3) [0x55d61ad83ef3]
44  /opt/conda/envs/gdf/bin/python(_PyEval_EvalFrameDefault+0x68b) [0x55d61ad7381b]
45  /opt/conda/envs/gdf/bin/python(+0x12827a) [0x55d61ad7227a]
46  /opt/conda/envs/gdf/bin/python(_PyFunction_Vectorcall+0xd5) [0x55d61ad83c05]
47  /opt/conda/envs/gdf/bin/python(_PyEval_EvalFrameDefault+0x68b) [0x55d61ad7381b]
48  /opt/conda/envs/gdf/bin/python(+0x139ef3) [0x55d61ad83ef3]
49  /opt/conda/envs/gdf/bin/python(_PyEval_EvalFrameDefault+0x3d8) [0x55d61ad73568]
50  /opt/conda/envs/gdf/bin/python(+0x12827a) [0x55d61ad7227a]
51  /opt/conda/envs/gdf/bin/python(_PyFunction_Vectorcall+0xd5) [0x55d61ad83c05]
52  /opt/conda/envs/gdf/bin/python(_PyEval_EvalFrameDefault+0x123b) [0x55d61ad743cb]
53  /opt/conda/envs/gdf/bin/python(+0x12827a) [0x55d61ad7227a]
54  /opt/conda/envs/gdf/bin/python(_PyEval_EvalCodeWithName+0x47) [0x55d61ad71f07]
55  /opt/conda/envs/gdf/bin/python(PyEval_EvalCodeEx+0x39) [0x55d61ad71eb9]
56  /opt/conda/envs/gdf/bin/python(PyEval_EvalCode+0x1b) [0x55d61ae228bb]
57  /opt/conda/envs/gdf/bin/python(+0x206adc) [0x55d61ae50adc]
58  /opt/conda/envs/gdf/bin/python(+0x202c24) [0x55d61ae4cc24]
59  /opt/conda/envs/gdf/bin/python(PyRun_StringFlags+0x9d) [0x55d61ae447ed]
60  /opt/conda/envs/gdf/bin/python(PyRun_SimpleStringFlags+0x3d) [0x55d61ae446bd]
61  /opt/conda/envs/gdf/bin/python(Py_RunMain+0x262) [0x55d61ae438a2]
=================================
[dgx13:76783:0:76783] Caught signal 11 (Segmentation fault: address not mapped to object at address 0x448)
==== backtrace (tid:  76783) ====
 0  /opt/conda/envs/gdf/lib/libucs.so.0(ucs_handle_error+0x2fd) [0x7f87ec8e980d]
 1  /opt/conda/envs/gdf/lib/libucs.so.0(+0x28a04) [0x7f87ec8e9a04]
 2  /opt/conda/envs/gdf/lib/libucs.so.0(+0x28bca) [0x7f87ec8e9bca]
 3  /usr/lib/x86_64-linux-gnu/libpthread.so.0(+0x14420) [0x7f888d0e9420]
 4  /opt/conda/envs/gdf/lib/libucp.so.0(ucp_mem_type_unpack+0x17) [0x7f87ec95b987]
 5  /opt/conda/envs/gdf/lib/libucp.so.0(ucp_rndv_data_handler+0x4e9) [0x7f87ec97a549]
 6  /opt/conda/envs/gdf/lib/libuct.so.0(+0x1e9bf) [0x7f87ec8a69bf]
 7  /opt/conda/envs/gdf/lib/libuct.so.0(+0x21be8) [0x7f87ec8a9be8]
 8  /opt/conda/envs/gdf/lib/libucs.so.0(ucs_event_set_wait+0xb9) [0x7f87ec8f1df9]
 9  /opt/conda/envs/gdf/lib/libuct.so.0(uct_tcp_iface_progress+0x7d) [0x7f87ec8a8bad]
10  /opt/conda/envs/gdf/lib/libucp.so.0(ucp_worker_progress+0x5a) [0x7f87ec95936a]
11  /opt/conda/envs/gdf/lib/python3.9/site-packages/ucp/_libs/ucx_api.cpython-39-x86_64-linux-gnu.so(+0x2b17a) [0x7f87ec9f817a]
12  /opt/conda/envs/gdf/bin/python(+0x13eb08) [0x55c5d45d8b08]
13  /opt/conda/envs/gdf/bin/python(_PyEval_EvalFrameDefault+0x5f82) [0x55c5d45c9112]
14  /opt/conda/envs/gdf/bin/python(+0x12827a) [0x55c5d45c227a]
15  /opt/conda/envs/gdf/bin/python(_PyFunction_Vectorcall+0xd5) [0x55c5d45d3c05]
16  /opt/conda/envs/gdf/bin/python(_PyEval_EvalFrameDefault+0x68b) [0x55c5d45c381b]
17  /opt/conda/envs/gdf/bin/python(+0x139ef3) [0x55c5d45d3ef3]
18  /opt/conda/envs/gdf/bin/python(+0x147a16) [0x55c5d45e1a16]
19  /opt/conda/envs/gdf/bin/python(+0x2579b1) [0x55c5d46f19b1]
20  /opt/conda/envs/gdf/bin/python(+0xe5817) [0x55c5d457f817]
21  /opt/conda/envs/gdf/bin/python(+0x130f83) [0x55c5d45caf83]
22  /opt/conda/envs/gdf/bin/python(_PyEval_EvalFrameDefault+0x5ba6) [0x55c5d45c8d36]
23  /opt/conda/envs/gdf/bin/python(+0x139ef3) [0x55c5d45d3ef3]
24  /opt/conda/envs/gdf/bin/python(_PyEval_EvalFrameDefault+0x68b) [0x55c5d45c381b]
25  /opt/conda/envs/gdf/bin/python(+0x139ef3) [0x55c5d45d3ef3]
26  /opt/conda/envs/gdf/bin/python(_PyEval_EvalFrameDefault+0x68b) [0x55c5d45c381b]
27  /opt/conda/envs/gdf/bin/python(+0x139ef3) [0x55c5d45d3ef3]
28  /opt/conda/envs/gdf/bin/python(_PyEval_EvalFrameDefault+0x68b) [0x55c5d45c381b]
29  /opt/conda/envs/gdf/bin/python(+0x139ef3) [0x55c5d45d3ef3]
30  /opt/conda/envs/gdf/bin/python(_PyEval_EvalFrameDefault+0x68b) [0x55c5d45c381b]
31  /opt/conda/envs/gdf/bin/python(+0x12827a) [0x55c5d45c227a]
32  /opt/conda/envs/gdf/bin/python(_PyFunction_Vectorcall+0xd5) [0x55c5d45d3c05]
33  /opt/conda/envs/gdf/bin/python(_PyEval_EvalFrameDefault+0x4e17) [0x55c5d45c7fa7]
34  /opt/conda/envs/gdf/bin/python(+0x12827a) [0x55c5d45c227a]
35  /opt/conda/envs/gdf/bin/python(+0x147935) [0x55c5d45e1935]
36  /opt/conda/envs/gdf/bin/python(PyObject_Call+0xb4) [0x55c5d45e2104]
37  /opt/conda/envs/gdf/bin/python(+0x20efc8) [0x55c5d46a8fc8]
38  /opt/conda/envs/gdf/bin/python(_PyObject_MakeTpCall+0x2fc) [0x55c5d45cc2bc]
39  /opt/conda/envs/gdf/bin/python(_PyEval_EvalFrameDefault+0x402b) [0x55c5d45c71bb]
40  /opt/conda/envs/gdf/bin/python(+0x139ef3) [0x55c5d45d3ef3]
41  /opt/conda/envs/gdf/bin/python(+0x147c72) [0x55c5d45e1c72]
42  /opt/conda/envs/gdf/bin/python(_PyEval_EvalFrameDefault+0x402b) [0x55c5d45c71bb]
43  /opt/conda/envs/gdf/bin/python(+0x139ef3) [0x55c5d45d3ef3]
44  /opt/conda/envs/gdf/bin/python(_PyEval_EvalFrameDefault+0x68b) [0x55c5d45c381b]
45  /opt/conda/envs/gdf/bin/python(+0x12827a) [0x55c5d45c227a]
46  /opt/conda/envs/gdf/bin/python(_PyFunction_Vectorcall+0xd5) [0x55c5d45d3c05]
47  /opt/conda/envs/gdf/bin/python(_PyEval_EvalFrameDefault+0x68b) [0x55c5d45c381b]
48  /opt/conda/envs/gdf/bin/python(+0x139ef3) [0x55c5d45d3ef3]
49  /opt/conda/envs/gdf/bin/python(_PyEval_EvalFrameDefault+0x3d8) [0x55c5d45c3568]
50  /opt/conda/envs/gdf/bin/python(+0x12827a) [0x55c5d45c227a]
51  /opt/conda/envs/gdf/bin/python(_PyFunction_Vectorcall+0xd5) [0x55c5d45d3c05]
52  /opt/conda/envs/gdf/bin/python(_PyEval_EvalFrameDefault+0x123b) [0x55c5d45c43cb]
53  /opt/conda/envs/gdf/bin/python(+0x12827a) [0x55c5d45c227a]
54  /opt/conda/envs/gdf/bin/python(_PyEval_EvalCodeWithName+0x47) [0x55c5d45c1f07]
55  /opt/conda/envs/gdf/bin/python(PyEval_EvalCodeEx+0x39) [0x55c5d45c1eb9]
56  /opt/conda/envs/gdf/bin/python(PyEval_EvalCode+0x1b) [0x55c5d46728bb]
57  /opt/conda/envs/gdf/bin/python(+0x206adc) [0x55c5d46a0adc]
58  /opt/conda/envs/gdf/bin/python(+0x202c24) [0x55c5d469cc24]
59  /opt/conda/envs/gdf/bin/python(PyRun_StringFlags+0x9d) [0x55c5d46947ed]
60  /opt/conda/envs/gdf/bin/python(PyRun_SimpleStringFlags+0x3d) [0x55c5d46946bd]
61  /opt/conda/envs/gdf/bin/python(Py_RunMain+0x262) [0x55c5d46938a2]
=================================
[dgx13:76786:0:76786] Caught signal 11 (Segmentation fault: address not mapped to object at address 0x448)
==== backtrace (tid:  76786) ====
 0  /opt/conda/envs/gdf/lib/libucs.so.0(ucs_handle_error+0x2fd) [0x7fb8a4eff80d]
 1  /opt/conda/envs/gdf/lib/libucs.so.0(+0x28a04) [0x7fb8a4effa04]
 2  /opt/conda/envs/gdf/lib/libucs.so.0(+0x28bca) [0x7fb8a4effbca]
 3  /usr/lib/x86_64-linux-gnu/libpthread.so.0(+0x14420) [0x7fb937702420]
 4  /opt/conda/envs/gdf/lib/libucp.so.0(ucp_mem_type_unpack+0x17) [0x7fb8a4f71987]
 5  /opt/conda/envs/gdf/lib/libucp.so.0(ucp_rndv_data_handler+0x4e9) [0x7fb8a4f90549]
 6  /opt/conda/envs/gdf/lib/libuct.so.0(+0x1e9bf) [0x7fb8a4ebc9bf]
 7  /opt/conda/envs/gdf/lib/libuct.so.0(+0x21be8) [0x7fb8a4ebfbe8]
 8  /opt/conda/envs/gdf/lib/libucs.so.0(ucs_event_set_wait+0xb9) [0x7fb8a4f07df9]
 9  /opt/conda/envs/gdf/lib/libuct.so.0(uct_tcp_iface_progress+0x7d) [0x7fb8a4ebebad]
10  /opt/conda/envs/gdf/lib/libucp.so.0(ucp_worker_progress+0x5a) [0x7fb8a4f6f36a]
11  /opt/conda/envs/gdf/lib/python3.9/site-packages/ucp/_libs/ucx_api.cpython-39-x86_64-linux-gnu.so(+0x2b17a) [0x7fb8a500e17a]
12  /opt/conda/envs/gdf/bin/python(+0x13eb08) [0x5636caf92b08]
13  /opt/conda/envs/gdf/bin/python(_PyEval_EvalFrameDefault+0x5f82) [0x5636caf83112]
14  /opt/conda/envs/gdf/bin/python(+0x12827a) [0x5636caf7c27a]
15  /opt/conda/envs/gdf/bin/python(_PyFunction_Vectorcall+0xd5) [0x5636caf8dc05]
16  /opt/conda/envs/gdf/bin/python(_PyEval_EvalFrameDefault+0x68b) [0x5636caf7d81b]
17  /opt/conda/envs/gdf/bin/python(+0x139ef3) [0x5636caf8def3]
18  /opt/conda/envs/gdf/bin/python(+0x147a16) [0x5636caf9ba16]
19  /opt/conda/envs/gdf/bin/python(+0x2579b1) [0x5636cb0ab9b1]
20  /opt/conda/envs/gdf/bin/python(+0xe5817) [0x5636caf39817]
21  /opt/conda/envs/gdf/bin/python(+0x130f83) [0x5636caf84f83]
22  /opt/conda/envs/gdf/bin/python(_PyEval_EvalFrameDefault+0x5ba6) [0x5636caf82d36]
23  /opt/conda/envs/gdf/bin/python(+0x139ef3) [0x5636caf8def3]
24  /opt/conda/envs/gdf/bin/python(_PyEval_EvalFrameDefault+0x68b) [0x5636caf7d81b]
25  /opt/conda/envs/gdf/bin/python(+0x139ef3) [0x5636caf8def3]
26  /opt/conda/envs/gdf/bin/python(_PyEval_EvalFrameDefault+0x68b) [0x5636caf7d81b]
27  /opt/conda/envs/gdf/bin/python(+0x139ef3) [0x5636caf8def3]
28  /opt/conda/envs/gdf/bin/python(_PyEval_EvalFrameDefault+0x68b) [0x5636caf7d81b]
29  /opt/conda/envs/gdf/bin/python(+0x139ef3) [0x5636caf8def3]
30  /opt/conda/envs/gdf/bin/python(_PyEval_EvalFrameDefault+0x68b) [0x5636caf7d81b]
31  /opt/conda/envs/gdf/bin/python(+0x12827a) [0x5636caf7c27a]
32  /opt/conda/envs/gdf/bin/python(_PyFunction_Vectorcall+0xd5) [0x5636caf8dc05]
33  /opt/conda/envs/gdf/bin/python(_PyEval_EvalFrameDefault+0x4e17) [0x5636caf81fa7]
34  /opt/conda/envs/gdf/bin/python(+0x12827a) [0x5636caf7c27a]
35  /opt/conda/envs/gdf/bin/python(+0x147935) [0x5636caf9b935]
36  /opt/conda/envs/gdf/bin/python(PyObject_Call+0xb4) [0x5636caf9c104]
37  /opt/conda/envs/gdf/bin/python(+0x20efc8) [0x5636cb062fc8]
38  /opt/conda/envs/gdf/bin/python(_PyObject_MakeTpCall+0x2fc) [0x5636caf862bc]
39  /opt/conda/envs/gdf/bin/python(_PyEval_EvalFrameDefault+0x402b) [0x5636caf811bb]
40  /opt/conda/envs/gdf/bin/python(+0x139ef3) [0x5636caf8def3]
41  /opt/conda/envs/gdf/bin/python(+0x147c72) [0x5636caf9bc72]
42  /opt/conda/envs/gdf/bin/python(_PyEval_EvalFrameDefault+0x402b) [0x5636caf811bb]
43  /opt/conda/envs/gdf/bin/python(+0x139ef3) [0x5636caf8def3]
44  /opt/conda/envs/gdf/bin/python(_PyEval_EvalFrameDefault+0x68b) [0x5636caf7d81b]
45  /opt/conda/envs/gdf/bin/python(+0x12827a) [0x5636caf7c27a]
46  /opt/conda/envs/gdf/bin/python(_PyFunction_Vectorcall+0xd5) [0x5636caf8dc05]
47  /opt/conda/envs/gdf/bin/python(_PyEval_EvalFrameDefault+0x68b) [0x5636caf7d81b]
48  /opt/conda/envs/gdf/bin/python(+0x139ef3) [0x5636caf8def3]
49  /opt/conda/envs/gdf/bin/python(_PyEval_EvalFrameDefault+0x3d8) [0x5636caf7d568]
50  /opt/conda/envs/gdf/bin/python(+0x12827a) [0x5636caf7c27a]
51  /opt/conda/envs/gdf/bin/python(_PyFunction_Vectorcall+0xd5) [0x5636caf8dc05]
52  /opt/conda/envs/gdf/bin/python(_PyEval_EvalFrameDefault+0x123b) [0x5636caf7e3cb]
53  /opt/conda/envs/gdf/bin/python(+0x12827a) [0x5636caf7c27a]
54  /opt/conda/envs/gdf/bin/python(_PyEval_EvalCodeWithName+0x47) [0x5636caf7bf07]
55  /opt/conda/envs/gdf/bin/python(PyEval_EvalCodeEx+0x39) [0x5636caf7beb9]
56  /opt/conda/envs/gdf/bin/python(PyEval_EvalCode+0x1b) [0x5636cb02c8bb]
57  /opt/conda/envs/gdf/bin/python(+0x206adc) [0x5636cb05aadc]
58  /opt/conda/envs/gdf/bin/python(+0x202c24) [0x5636cb056c24]
59  /opt/conda/envs/gdf/bin/python(PyRun_StringFlags+0x9d) [0x5636cb04e7ed]
60  /opt/conda/envs/gdf/bin/python(PyRun_SimpleStringFlags+0x3d) [0x5636cb04e6bd]
61  /opt/conda/envs/gdf/bin/python(Py_RunMain+0x262) [0x5636cb04d8a2]
=================================
2023-06-09 05:52:33,969 - distributed.worker - ERROR - failed during get data with ucx://127.0.0.1:58135 -> ucx://127.0.0.1:55553
Traceback (most recent call last):
  File "/opt/conda/envs/gdf/lib/python3.9/site-packages/distributed/comm/ucx.py", line 333, in write
    await self.ep.send(each_frame)
  File "/opt/conda/envs/gdf/lib/python3.9/site-packages/ucp/core.py", line 650, in send
    return await comm.tag_send(self._ep, buffer, nbytes, tag, name=log)
ucp._libs.exceptions.UCXError: <[Send #007] ep: 0x7fa1744b7380, tag: 0xa015d464db69a8ef, nbytes: 50000000, type: <class 'cupy.ndarray'>>: Endpoint timeout

During handling of the above exception, another exception occurred:

Traceback (most recent call last):
  File "/opt/conda/envs/gdf/lib/python3.9/site-packages/distributed/worker.py", line 1792, in get_data
    compressed = await comm.write(msg, serializers=serializers)
  File "/opt/conda/envs/gdf/lib/python3.9/site-packages/distributed/utils.py", line 752, in wrapper
    return await func(*args, **kwargs)
  File "/opt/conda/envs/gdf/lib/python3.9/site-packages/distributed/comm/ucx.py", line 337, in write
    raise CommClosedError("While writing, the connection was closed")
distributed.comm.core.CommClosedError: While writing, the connection was closed
2023-06-09 05:52:34,007 - distributed.nanny - WARNING - Restarting worker
2023-06-09 05:52:34,088 - distributed.worker - ERROR - failed during get data with ucx://127.0.0.1:40521 -> ucx://127.0.0.1:56167
Traceback (most recent call last):
  File "/opt/conda/envs/gdf/lib/python3.9/site-packages/distributed/comm/ucx.py", line 333, in write
    await self.ep.send(each_frame)
  File "/opt/conda/envs/gdf/lib/python3.9/site-packages/ucp/core.py", line 650, in send
    return await comm.tag_send(self._ep, buffer, nbytes, tag, name=log)
ucp._libs.exceptions.UCXError: <[Send #007] ep: 0x7fef181be140, tag: 0xc2ea45f593a0167c, nbytes: 50000000, type: <class 'cupy.ndarray'>>: Endpoint timeout

During handling of the above exception, another exception occurred:

Traceback (most recent call last):
  File "/opt/conda/envs/gdf/lib/python3.9/site-packages/distributed/worker.py", line 1792, in get_data
    compressed = await comm.write(msg, serializers=serializers)
  File "/opt/conda/envs/gdf/lib/python3.9/site-packages/distributed/utils.py", line 752, in wrapper
    return await func(*args, **kwargs)
  File "/opt/conda/envs/gdf/lib/python3.9/site-packages/distributed/comm/ucx.py", line 337, in write
    raise CommClosedError("While writing, the connection was closed")
distributed.comm.core.CommClosedError: While writing, the connection was closed
2023-06-09 05:52:34,095 - distributed.worker - ERROR - failed during get data with ucx://127.0.0.1:40521 -> ucx://127.0.0.1:51099
Traceback (most recent call last):
  File "/opt/conda/envs/gdf/lib/python3.9/site-packages/distributed/comm/ucx.py", line 333, in write
    await self.ep.send(each_frame)
  File "/opt/conda/envs/gdf/lib/python3.9/site-packages/ucp/core.py", line 650, in send
    return await comm.tag_send(self._ep, buffer, nbytes, tag, name=log)
ucp._libs.exceptions.UCXError: <[Send #007] ep: 0x7fef181be240, tag: 0x44d69d3dc1671607, nbytes: 50000000, type: <class 'cupy.ndarray'>>: Endpoint timeout

During handling of the above exception, another exception occurred:

Traceback (most recent call last):
  File "/opt/conda/envs/gdf/lib/python3.9/site-packages/distributed/worker.py", line 1792, in get_data
    compressed = await comm.write(msg, serializers=serializers)
  File "/opt/conda/envs/gdf/lib/python3.9/site-packages/distributed/utils.py", line 752, in wrapper
    return await func(*args, **kwargs)
  File "/opt/conda/envs/gdf/lib/python3.9/site-packages/distributed/comm/ucx.py", line 337, in write
    raise CommClosedError("While writing, the connection was closed")
distributed.comm.core.CommClosedError: While writing, the connection was closed
2023-06-09 05:52:34,144 - distributed.nanny - WARNING - Restarting worker
2023-06-09 05:52:34,204 - distributed.nanny - WARNING - Restarting worker
[dgx13:76795:0:76795] Caught signal 11 (Segmentation fault: address not mapped to object at address 0x448)
==== backtrace (tid:  76795) ====
 0  /opt/conda/envs/gdf/lib/libucs.so.0(ucs_handle_error+0x2fd) [0x7f0df0a8580d]
 1  /opt/conda/envs/gdf/lib/libucs.so.0(+0x28a04) [0x7f0df0a85a04]
 2  /opt/conda/envs/gdf/lib/libucs.so.0(+0x28bca) [0x7f0df0a85bca]
 3  /usr/lib/x86_64-linux-gnu/libpthread.so.0(+0x14420) [0x7f0e91297420]
 4  /opt/conda/envs/gdf/lib/libucp.so.0(ucp_mem_type_unpack+0x17) [0x7f0df0af7987]
 5  /opt/conda/envs/gdf/lib/libucp.so.0(ucp_rndv_data_handler+0x4e9) [0x7f0df0b16549]
 6  /opt/conda/envs/gdf/lib/libuct.so.0(+0x1e9bf) [0x7f0df0a429bf]
 7  /opt/conda/envs/gdf/lib/libuct.so.0(+0x21be8) [0x7f0df0a45be8]
 8  /opt/conda/envs/gdf/lib/libucs.so.0(ucs_event_set_wait+0xb9) [0x7f0df0a8ddf9]
 9  /opt/conda/envs/gdf/lib/libuct.so.0(uct_tcp_iface_progress+0x7d) [0x7f0df0a44bad]
10  /opt/conda/envs/gdf/lib/libucp.so.0(ucp_worker_progress+0x5a) [0x7f0df0af536a]
11  /opt/conda/envs/gdf/lib/python3.9/site-packages/ucp/_libs/ucx_api.cpython-39-x86_64-linux-gnu.so(+0x2b17a) [0x7f0df0b9417a]
12  /opt/conda/envs/gdf/bin/python(+0x13eb08) [0x559e3de0fb08]
13  /opt/conda/envs/gdf/bin/python(_PyEval_EvalFrameDefault+0x5f82) [0x559e3de00112]
14  /opt/conda/envs/gdf/bin/python(+0x12827a) [0x559e3ddf927a]
15  /opt/conda/envs/gdf/bin/python(_PyFunction_Vectorcall+0xd5) [0x559e3de0ac05]
16  /opt/conda/envs/gdf/bin/python(_PyEval_EvalFrameDefault+0x68b) [0x559e3ddfa81b]
17  /opt/conda/envs/gdf/bin/python(+0x139ef3) [0x559e3de0aef3]
18  /opt/conda/envs/gdf/bin/python(+0x147a16) [0x559e3de18a16]
19  /opt/conda/envs/gdf/bin/python(+0x2579b1) [0x559e3df289b1]
20  /opt/conda/envs/gdf/bin/python(+0xe5817) [0x559e3ddb6817]
21  /opt/conda/envs/gdf/bin/python(+0x130f83) [0x559e3de01f83]
22  /opt/conda/envs/gdf/bin/python(_PyEval_EvalFrameDefault+0x5ba6) [0x559e3ddffd36]
23  /opt/conda/envs/gdf/bin/python(+0x139ef3) [0x559e3de0aef3]
24  /opt/conda/envs/gdf/bin/python(_PyEval_EvalFrameDefault+0x68b) [0x559e3ddfa81b]
25  /opt/conda/envs/gdf/bin/python(+0x139ef3) [0x559e3de0aef3]
26  /opt/conda/envs/gdf/bin/python(_PyEval_EvalFrameDefault+0x68b) [0x559e3ddfa81b]
27  /opt/conda/envs/gdf/bin/python(+0x139ef3) [0x559e3de0aef3]
28  /opt/conda/envs/gdf/bin/python(_PyEval_EvalFrameDefault+0x68b) [0x559e3ddfa81b]
29  /opt/conda/envs/gdf/bin/python(+0x139ef3) [0x559e3de0aef3]
30  /opt/conda/envs/gdf/bin/python(_PyEval_EvalFrameDefault+0x68b) [0x559e3ddfa81b]
31  /opt/conda/envs/gdf/bin/python(+0x12827a) [0x559e3ddf927a]
32  /opt/conda/envs/gdf/bin/python(_PyFunction_Vectorcall+0xd5) [0x559e3de0ac05]
33  /opt/conda/envs/gdf/bin/python(_PyEval_EvalFrameDefault+0x4e17) [0x559e3ddfefa7]
34  /opt/conda/envs/gdf/bin/python(+0x12827a) [0x559e3ddf927a]
35  /opt/conda/envs/gdf/bin/python(+0x147935) [0x559e3de18935]
36  /opt/conda/envs/gdf/bin/python(PyObject_Call+0xb4) [0x559e3de19104]
37  /opt/conda/envs/gdf/bin/python(+0x20efc8) [0x559e3dedffc8]
38  /opt/conda/envs/gdf/bin/python(_PyObject_MakeTpCall+0x2fc) [0x559e3de032bc]
39  /opt/conda/envs/gdf/bin/python(_PyEval_EvalFrameDefault+0x402b) [0x559e3ddfe1bb]
40  /opt/conda/envs/gdf/bin/python(+0x139ef3) [0x559e3de0aef3]
41  /opt/conda/envs/gdf/bin/python(+0x147c72) [0x559e3de18c72]
42  /opt/conda/envs/gdf/bin/python(_PyEval_EvalFrameDefault+0x402b) [0x559e3ddfe1bb]
43  /opt/conda/envs/gdf/bin/python(+0x139ef3) [0x559e3de0aef3]
44  /opt/conda/envs/gdf/bin/python(_PyEval_EvalFrameDefault+0x68b) [0x559e3ddfa81b]
45  /opt/conda/envs/gdf/bin/python(+0x12827a) [0x559e3ddf927a]
46  /opt/conda/envs/gdf/bin/python(_PyFunction_Vectorcall+0xd5) [0x559e3de0ac05]
47  /opt/conda/envs/gdf/bin/python(_PyEval_EvalFrameDefault+0x68b) [0x559e3ddfa81b]
48  /opt/conda/envs/gdf/bin/python(+0x139ef3) [0x559e3de0aef3]
49  /opt/conda/envs/gdf/bin/python(_PyEval_EvalFrameDefault+0x3d8) [0x559e3ddfa568]
50  /opt/conda/envs/gdf/bin/python(+0x12827a) [0x559e3ddf927a]
51  /opt/conda/envs/gdf/bin/python(_PyFunction_Vectorcall+0xd5) [0x559e3de0ac05]
52  /opt/conda/envs/gdf/bin/python(_PyEval_EvalFrameDefault+0x123b) [0x559e3ddfb3cb]
53  /opt/conda/envs/gdf/bin/python(+0x12827a) [0x559e3ddf927a]
54  /opt/conda/envs/gdf/bin/python(_PyEval_EvalCodeWithName+0x47) [0x559e3ddf8f07]
55  /opt/conda/envs/gdf/bin/python(PyEval_EvalCodeEx+0x39) [0x559e3ddf8eb9]
56  /opt/conda/envs/gdf/bin/python(PyEval_EvalCode+0x1b) [0x559e3dea98bb]
57  /opt/conda/envs/gdf/bin/python(+0x206adc) [0x559e3ded7adc]
58  /opt/conda/envs/gdf/bin/python(+0x202c24) [0x559e3ded3c24]
59  /opt/conda/envs/gdf/bin/python(PyRun_StringFlags+0x9d) [0x559e3decb7ed]
60  /opt/conda/envs/gdf/bin/python(PyRun_SimpleStringFlags+0x3d) [0x559e3decb6bd]
61  /opt/conda/envs/gdf/bin/python(Py_RunMain+0x262) [0x559e3deca8a2]
=================================
[dgx13:76798:0:76798] Caught signal 11 (Segmentation fault: address not mapped to object at address 0x448)
==== backtrace (tid:  76798) ====
 0  /opt/conda/envs/gdf/lib/libucs.so.0(ucs_handle_error+0x2fd) [0x7f457426080d]
 1  /opt/conda/envs/gdf/lib/libucs.so.0(+0x28a04) [0x7f4574260a04]
 2  /opt/conda/envs/gdf/lib/libucs.so.0(+0x28bca) [0x7f4574260bca]
 3  /usr/lib/x86_64-linux-gnu/libpthread.so.0(+0x14420) [0x7f4614a55420]
 4  /opt/conda/envs/gdf/lib/libucp.so.0(ucp_mem_type_unpack+0x17) [0x7f45742d2987]
 5  /opt/conda/envs/gdf/lib/libucp.so.0(ucp_rndv_data_handler+0x4e9) [0x7f45742f1549]
 6  /opt/conda/envs/gdf/lib/libuct.so.0(+0x1e9bf) [0x7f457421d9bf]
 7  /opt/conda/envs/gdf/lib/libuct.so.0(+0x21be8) [0x7f4574220be8]
 8  /opt/conda/envs/gdf/lib/libucs.so.0(ucs_event_set_wait+0xb9) [0x7f4574268df9]
 9  /opt/conda/envs/gdf/lib/libuct.so.0(uct_tcp_iface_progress+0x7d) [0x7f457421fbad]
10  /opt/conda/envs/gdf/lib/libucp.so.0(ucp_worker_progress+0x5a) [0x7f45742d036a]
11  /opt/conda/envs/gdf/lib/python3.9/site-packages/ucp/_libs/ucx_api.cpython-39-x86_64-linux-gnu.so(+0x2b17a) [0x7f457436f17a]
12  /opt/conda/envs/gdf/bin/python(+0x13eb08) [0x5638bb5d7b08]
13  /opt/conda/envs/gdf/bin/python(_PyEval_EvalFrameDefault+0x5f82) [0x5638bb5c8112]
14  /opt/conda/envs/gdf/bin/python(+0x12827a) [0x5638bb5c127a]
15  /opt/conda/envs/gdf/bin/python(_PyFunction_Vectorcall+0xd5) [0x5638bb5d2c05]
16  /opt/conda/envs/gdf/bin/python(_PyEval_EvalFrameDefault+0x68b) [0x5638bb5c281b]
17  /opt/conda/envs/gdf/bin/python(+0x139ef3) [0x5638bb5d2ef3]
18  /opt/conda/envs/gdf/bin/python(+0x147a16) [0x5638bb5e0a16]
19  /opt/conda/envs/gdf/bin/python(+0x2579b1) [0x5638bb6f09b1]
20  /opt/conda/envs/gdf/bin/python(+0xe5817) [0x5638bb57e817]
21  /opt/conda/envs/gdf/bin/python(+0x130f83) [0x5638bb5c9f83]
22  /opt/conda/envs/gdf/bin/python(_PyEval_EvalFrameDefault+0x5ba6) [0x5638bb5c7d36]
23  /opt/conda/envs/gdf/bin/python(+0x139ef3) [0x5638bb5d2ef3]
24  /opt/conda/envs/gdf/bin/python(_PyEval_EvalFrameDefault+0x68b) [0x5638bb5c281b]
25  /opt/conda/envs/gdf/bin/python(+0x139ef3) [0x5638bb5d2ef3]
26  /opt/conda/envs/gdf/bin/python(_PyEval_EvalFrameDefault+0x68b) [0x5638bb5c281b]
27  /opt/conda/envs/gdf/bin/python(+0x139ef3) [0x5638bb5d2ef3]
28  /opt/conda/envs/gdf/bin/python(_PyEval_EvalFrameDefault+0x68b) [0x5638bb5c281b]
29  /opt/conda/envs/gdf/bin/python(+0x139ef3) [0x5638bb5d2ef3]
30  /opt/conda/envs/gdf/bin/python(_PyEval_EvalFrameDefault+0x68b) [0x5638bb5c281b]
31  /opt/conda/envs/gdf/bin/python(+0x12827a) [0x5638bb5c127a]
32  /opt/conda/envs/gdf/bin/python(_PyFunction_Vectorcall+0xd5) [0x5638bb5d2c05]
33  /opt/conda/envs/gdf/bin/python(_PyEval_EvalFrameDefault+0x4e17) [0x5638bb5c6fa7]
34  /opt/conda/envs/gdf/bin/python(+0x12827a) [0x5638bb5c127a]
35  /opt/conda/envs/gdf/bin/python(+0x147935) [0x5638bb5e0935]
36  /opt/conda/envs/gdf/bin/python(PyObject_Call+0xb4) [0x5638bb5e1104]
37  /opt/conda/envs/gdf/bin/python(+0x20efc8) [0x5638bb6a7fc8]
38  /opt/conda/envs/gdf/bin/python(_PyObject_MakeTpCall+0x2fc) [0x5638bb5cb2bc]
39  /opt/conda/envs/gdf/bin/python(_PyEval_EvalFrameDefault+0x402b) [0x5638bb5c61bb]
40  /opt/conda/envs/gdf/bin/python(+0x139ef3) [0x5638bb5d2ef3]
41  /opt/conda/envs/gdf/bin/python(+0x147c72) [0x5638bb5e0c72]
42  /opt/conda/envs/gdf/bin/python(_PyEval_EvalFrameDefault+0x402b) [0x5638bb5c61bb]
43  /opt/conda/envs/gdf/bin/python(+0x139ef3) [0x5638bb5d2ef3]
44  /opt/conda/envs/gdf/bin/python(_PyEval_EvalFrameDefault+0x68b) [0x5638bb5c281b]
45  /opt/conda/envs/gdf/bin/python(+0x12827a) [0x5638bb5c127a]
46  /opt/conda/envs/gdf/bin/python(_PyFunction_Vectorcall+0xd5) [0x5638bb5d2c05]
47  /opt/conda/envs/gdf/bin/python(_PyEval_EvalFrameDefault+0x68b) [0x5638bb5c281b]
48  /opt/conda/envs/gdf/bin/python(+0x139ef3) [0x5638bb5d2ef3]
49  /opt/conda/envs/gdf/bin/python(_PyEval_EvalFrameDefault+0x3d8) [0x5638bb5c2568]
50  /opt/conda/envs/gdf/bin/python(+0x12827a) [0x5638bb5c127a]
51  /opt/conda/envs/gdf/bin/python(_PyFunction_Vectorcall+0xd5) [0x5638bb5d2c05]
52  /opt/conda/envs/gdf/bin/python(_PyEval_EvalFrameDefault+0x123b) [0x5638bb5c33cb]
53  /opt/conda/envs/gdf/bin/python(+0x12827a) [0x5638bb5c127a]
54  /opt/conda/envs/gdf/bin/python(_PyEval_EvalCodeWithName+0x47) [0x5638bb5c0f07]
55  /opt/conda/envs/gdf/bin/python(PyEval_EvalCodeEx+0x39) [0x5638bb5c0eb9]
56  /opt/conda/envs/gdf/bin/python(PyEval_EvalCode+0x1b) [0x5638bb6718bb]
57  /opt/conda/envs/gdf/bin/python(+0x206adc) [0x5638bb69fadc]
58  /opt/conda/envs/gdf/bin/python(+0x202c24) [0x5638bb69bc24]
59  /opt/conda/envs/gdf/bin/python(PyRun_StringFlags+0x9d) [0x5638bb6937ed]
60  /opt/conda/envs/gdf/bin/python(PyRun_SimpleStringFlags+0x3d) [0x5638bb6936bd]
61  /opt/conda/envs/gdf/bin/python(Py_RunMain+0x262) [0x5638bb6928a2]
=================================
2023-06-09 05:52:34,988 - distributed.nanny - WARNING - Restarting worker
2023-06-09 05:52:35,023 - distributed.nanny - WARNING - Restarting worker
2023-06-09 05:52:35,039 - distributed.worker - ERROR - failed during get data with ucx://127.0.0.1:58135 -> ucx://127.0.0.1:38711
Traceback (most recent call last):
  File "/opt/conda/envs/gdf/lib/python3.9/site-packages/distributed/comm/ucx.py", line 333, in write
    await self.ep.send(each_frame)
  File "/opt/conda/envs/gdf/lib/python3.9/site-packages/ucp/core.py", line 650, in send
    return await comm.tag_send(self._ep, buffer, nbytes, tag, name=log)
ucp._libs.exceptions.UCXError: <[Send #007] ep: 0x7fa1744b7380, tag: 0x65cbab52c7fa66b5, nbytes: 50000000, type: <class 'cupy.ndarray'>>: Endpoint timeout

During handling of the above exception, another exception occurred:

Traceback (most recent call last):
  File "/opt/conda/envs/gdf/lib/python3.9/site-packages/distributed/worker.py", line 1792, in get_data
    compressed = await comm.write(msg, serializers=serializers)
  File "/opt/conda/envs/gdf/lib/python3.9/site-packages/distributed/utils.py", line 752, in wrapper
    return await func(*args, **kwargs)
  File "/opt/conda/envs/gdf/lib/python3.9/site-packages/distributed/comm/ucx.py", line 337, in write
    raise CommClosedError("While writing, the connection was closed")
distributed.comm.core.CommClosedError: While writing, the connection was closed
2023-06-09 05:52:35,041 - distributed.worker - ERROR - failed during get data with ucx://127.0.0.1:58135 -> ucx://127.0.0.1:34859
Traceback (most recent call last):
  File "/opt/conda/envs/gdf/lib/python3.9/site-packages/distributed/comm/ucx.py", line 333, in write
    await self.ep.send(each_frame)
  File "/opt/conda/envs/gdf/lib/python3.9/site-packages/ucp/core.py", line 650, in send
    return await comm.tag_send(self._ep, buffer, nbytes, tag, name=log)
ucp._libs.exceptions.UCXError: <[Send #007] ep: 0x7fa1744b7140, tag: 0xd3e88b65ccd727ef, nbytes: 50000000, type: <class 'cupy.ndarray'>>: Endpoint timeout

During handling of the above exception, another exception occurred:

Traceback (most recent call last):
  File "/opt/conda/envs/gdf/lib/python3.9/site-packages/distributed/worker.py", line 1792, in get_data
    compressed = await comm.write(msg, serializers=serializers)
  File "/opt/conda/envs/gdf/lib/python3.9/site-packages/distributed/utils.py", line 752, in wrapper
    return await func(*args, **kwargs)
  File "/opt/conda/envs/gdf/lib/python3.9/site-packages/distributed/comm/ucx.py", line 337, in write
    raise CommClosedError("While writing, the connection was closed")
distributed.comm.core.CommClosedError: While writing, the connection was closed
2023-06-09 05:52:35,595 - distributed.preloading - INFO - Creating preload: dask_cuda.initialize
2023-06-09 05:52:35,595 - distributed.preloading - INFO - Import preload module: dask_cuda.initialize
2023-06-09 05:52:35,718 - distributed.preloading - INFO - Creating preload: dask_cuda.initialize
2023-06-09 05:52:35,719 - distributed.preloading - INFO - Import preload module: dask_cuda.initialize
2023-06-09 05:52:35,766 - distributed.preloading - INFO - Creating preload: dask_cuda.initialize
2023-06-09 05:52:35,766 - distributed.preloading - INFO - Import preload module: dask_cuda.initialize
2023-06-09 05:52:36,541 - distributed.preloading - INFO - Creating preload: dask_cuda.initialize
2023-06-09 05:52:36,541 - distributed.preloading - INFO - Import preload module: dask_cuda.initialize
2023-06-09 05:52:36,580 - distributed.preloading - INFO - Creating preload: dask_cuda.initialize
2023-06-09 05:52:36,580 - distributed.preloading - INFO - Import preload module: dask_cuda.initialize
/opt/conda/envs/gdf/lib/python3.9/multiprocessing/resource_tracker.py:216: UserWarning: resource_tracker: There appear to be 48 leaked semaphore objects to clean up at shutdown
  warnings.warn('resource_tracker: There appear to be %d '
