2022-10-20 00:09:27,585 - distributed.preloading - INFO - Creating preload: dask_cuda.initialize
2022-10-20 00:09:27,585 - distributed.preloading - INFO - Import preload module: dask_cuda.initialize
2022-10-20 00:09:27,588 - distributed.preloading - INFO - Creating preload: dask_cuda.initialize
2022-10-20 00:09:27,588 - distributed.preloading - INFO - Import preload module: dask_cuda.initialize
2022-10-20 00:09:27,589 - distributed.preloading - INFO - Creating preload: dask_cuda.initialize
2022-10-20 00:09:27,589 - distributed.preloading - INFO - Import preload module: dask_cuda.initialize
2022-10-20 00:09:27,604 - distributed.preloading - INFO - Creating preload: dask_cuda.initialize
2022-10-20 00:09:27,604 - distributed.preloading - INFO - Import preload module: dask_cuda.initialize
2022-10-20 00:09:27,606 - distributed.preloading - INFO - Creating preload: dask_cuda.initialize
2022-10-20 00:09:27,606 - distributed.preloading - INFO - Import preload module: dask_cuda.initialize
2022-10-20 00:09:27,612 - distributed.preloading - INFO - Creating preload: dask_cuda.initialize
2022-10-20 00:09:27,612 - distributed.preloading - INFO - Import preload module: dask_cuda.initialize
2022-10-20 00:09:27,653 - distributed.preloading - INFO - Creating preload: dask_cuda.initialize
2022-10-20 00:09:27,653 - distributed.preloading - INFO - Import preload module: dask_cuda.initialize
2022-10-20 00:09:27,656 - distributed.preloading - INFO - Creating preload: dask_cuda.initialize
2022-10-20 00:09:27,656 - distributed.preloading - INFO - Import preload module: dask_cuda.initialize
[dgx13:50082:0:50082] Caught signal 11 (Segmentation fault: address not mapped to object at address 0x448)
==== backtrace (tid:  50082) ====
 0  /datasets/pentschev/miniconda3/envs/gdf/lib/libucs.so.0(ucs_handle_error+0x2d4) [0x7f81a761f6b4]
 1  /datasets/pentschev/miniconda3/envs/gdf/lib/libucs.so.0(+0x2d88f) [0x7f81a761f88f]
 2  /datasets/pentschev/miniconda3/envs/gdf/lib/libucs.so.0(+0x2dbb4) [0x7f81a761fbb4]
 3  /lib/x86_64-linux-gnu/libpthread.so.0(+0x12980) [0x7f8223638980]
 4  /datasets/pentschev/miniconda3/envs/gdf/lib/libucp.so.0(ucp_mem_type_unpack+0x17) [0x7f81a789b1b7]
 5  /datasets/pentschev/miniconda3/envs/gdf/lib/libucp.so.0(ucp_rndv_data_handler+0x508) [0x7f81a78c4638]
 6  /datasets/pentschev/miniconda3/envs/gdf/lib/libuct.so.0(+0x1f0ff) [0x7f81a73d70ff]
 7  /datasets/pentschev/miniconda3/envs/gdf/lib/libuct.so.0(+0x1f674) [0x7f81a73d7674]
 8  /datasets/pentschev/miniconda3/envs/gdf/lib/libuct.so.0(+0x21a78) [0x7f81a73d9a78]
 9  /datasets/pentschev/miniconda3/envs/gdf/lib/libucs.so.0(ucs_event_set_wait+0xb9) [0x7f81a76298a9]
10  /datasets/pentschev/miniconda3/envs/gdf/lib/libuct.so.0(uct_tcp_iface_progress+0x7b) [0x7f81a73d9b1b]
11  /datasets/pentschev/miniconda3/envs/gdf/lib/libucp.so.0(ucp_worker_progress+0x6a) [0x7f81a7897f5a]
12  /datasets/pentschev/miniconda3/envs/gdf/lib/python3.8/site-packages/ucp/_libs/ucx_api.cpython-38-x86_64-linux-gnu.so(+0x27ef9) [0x7f81a7b44ef9]
13  /datasets/pentschev/miniconda3/envs/gdf/bin/python(+0x131397) [0x56267378a397]
14  /datasets/pentschev/miniconda3/envs/gdf/bin/python(PyObject_Call+0x2d2) [0x562673797172]
15  /datasets/pentschev/miniconda3/envs/gdf/bin/python(_PyEval_EvalFrameDefault+0x2150) [0x562673776870]
16  /datasets/pentschev/miniconda3/envs/gdf/bin/python(_PyEval_EvalCodeWithName+0x9f6) [0x562673773b76]
17  /datasets/pentschev/miniconda3/envs/gdf/bin/python(_PyFunction_Vectorcall+0x18c) [0x56267378533c]
18  /datasets/pentschev/miniconda3/envs/gdf/bin/python(_PyEval_EvalFrameDefault+0x67d) [0x562673774d9d]
19  /datasets/pentschev/miniconda3/envs/gdf/bin/python(_PyFunction_Vectorcall+0xf6) [0x5626737852a6]
20  /datasets/pentschev/miniconda3/envs/gdf/bin/python(+0x13ba3b) [0x562673794a3b]
21  /datasets/pentschev/miniconda3/envs/gdf/bin/python(+0x244c6a) [0x56267389dc6a]
22  /datasets/pentschev/miniconda3/envs/gdf/bin/python(+0xda441) [0x562673733441]
23  /datasets/pentschev/miniconda3/envs/gdf/bin/python(+0x1230c6) [0x56267377c0c6]
24  /datasets/pentschev/miniconda3/envs/gdf/bin/python(PyVectorcall_Call+0x6f) [0x5626737950bf]
25  /datasets/pentschev/miniconda3/envs/gdf/bin/python(_PyEval_EvalFrameDefault+0x560e) [0x562673779d2e]
26  /datasets/pentschev/miniconda3/envs/gdf/bin/python(_PyFunction_Vectorcall+0xf6) [0x5626737852a6]
27  /datasets/pentschev/miniconda3/envs/gdf/bin/python(_PyEval_EvalFrameDefault+0x67d) [0x562673774d9d]
28  /datasets/pentschev/miniconda3/envs/gdf/bin/python(_PyFunction_Vectorcall+0xf6) [0x5626737852a6]
29  /datasets/pentschev/miniconda3/envs/gdf/bin/python(_PyEval_EvalFrameDefault+0x67d) [0x562673774d9d]
30  /datasets/pentschev/miniconda3/envs/gdf/bin/python(_PyFunction_Vectorcall+0xf6) [0x5626737852a6]
31  /datasets/pentschev/miniconda3/envs/gdf/bin/python(_PyEval_EvalFrameDefault+0x67d) [0x562673774d9d]
32  /datasets/pentschev/miniconda3/envs/gdf/bin/python(_PyFunction_Vectorcall+0xf6) [0x5626737852a6]
33  /datasets/pentschev/miniconda3/envs/gdf/bin/python(_PyEval_EvalFrameDefault+0x67d) [0x562673774d9d]
34  /datasets/pentschev/miniconda3/envs/gdf/bin/python(_PyEval_EvalCodeWithName+0x9f6) [0x562673773b76]
35  /datasets/pentschev/miniconda3/envs/gdf/bin/python(_PyFunction_Vectorcall+0x18c) [0x56267378533c]
36  /datasets/pentschev/miniconda3/envs/gdf/bin/python(_PyEval_EvalFrameDefault+0x67d) [0x562673774d9d]
37  /datasets/pentschev/miniconda3/envs/gdf/bin/python(_PyEval_EvalCodeWithName+0x9f6) [0x562673773b76]
38  /datasets/pentschev/miniconda3/envs/gdf/bin/python(_PyFunction_Vectorcall+0x18c) [0x56267378533c]
39  /datasets/pentschev/miniconda3/envs/gdf/bin/python(+0x13bc72) [0x562673794c72]
40  /datasets/pentschev/miniconda3/envs/gdf/bin/python(PyObject_Call+0x1fc) [0x56267379709c]
41  /datasets/pentschev/miniconda3/envs/gdf/bin/python(_PyEval_EvalFrameDefault+0x2150) [0x562673776870]
42  /datasets/pentschev/miniconda3/envs/gdf/bin/python(_PyFunction_Vectorcall+0xf6) [0x5626737852a6]
43  /datasets/pentschev/miniconda3/envs/gdf/bin/python(+0x13bc72) [0x562673794c72]
44  /datasets/pentschev/miniconda3/envs/gdf/bin/python(PyObject_Call+0x2d2) [0x562673797172]
45  /datasets/pentschev/miniconda3/envs/gdf/bin/python(_PyEval_EvalFrameDefault+0x2150) [0x562673776870]
46  /datasets/pentschev/miniconda3/envs/gdf/bin/python(_PyFunction_Vectorcall+0xf6) [0x5626737852a6]
47  /datasets/pentschev/miniconda3/envs/gdf/bin/python(_PyEval_EvalFrameDefault+0x67d) [0x562673774d9d]
48  /datasets/pentschev/miniconda3/envs/gdf/bin/python(_PyEval_EvalCodeWithName+0x2e1) [0x562673773461]
49  /datasets/pentschev/miniconda3/envs/gdf/bin/python(_PyFunction_Vectorcall+0x18c) [0x56267378533c]
50  /datasets/pentschev/miniconda3/envs/gdf/bin/python(_PyEval_EvalFrameDefault+0x67d) [0x562673774d9d]
51  /datasets/pentschev/miniconda3/envs/gdf/bin/python(_PyFunction_Vectorcall+0xf6) [0x5626737852a6]
52  /datasets/pentschev/miniconda3/envs/gdf/bin/python(_PyEval_EvalFrameDefault+0x38b) [0x562673774aab]
53  /datasets/pentschev/miniconda3/envs/gdf/bin/python(_PyEval_EvalCodeWithName+0x2e1) [0x562673773461]
54  /datasets/pentschev/miniconda3/envs/gdf/bin/python(_PyFunction_Vectorcall+0x18c) [0x56267378533c]
55  /datasets/pentschev/miniconda3/envs/gdf/bin/python(_PyEval_EvalFrameDefault+0x10e8) [0x562673775808]
56  /datasets/pentschev/miniconda3/envs/gdf/bin/python(_PyEval_EvalCodeWithName+0x2e1) [0x562673773461]
57  /datasets/pentschev/miniconda3/envs/gdf/bin/python(PyEval_EvalCodeEx+0x39) [0x562673832de9]
58  /datasets/pentschev/miniconda3/envs/gdf/bin/python(PyEval_EvalCode+0x1b) [0x562673832dab]
59  /datasets/pentschev/miniconda3/envs/gdf/bin/python(+0x1fa903) [0x562673853903]
60  /datasets/pentschev/miniconda3/envs/gdf/bin/python(+0x1f98e3) [0x5626738528e3]
61  /datasets/pentschev/miniconda3/envs/gdf/bin/python(PyRun_StringFlags+0x7d) [0x5626738502ad]
=================================
[dgx13:50073:0:50073] Caught signal 11 (Segmentation fault: address not mapped to object at address 0x448)
==== backtrace (tid:  50073) ====
 0  /datasets/pentschev/miniconda3/envs/gdf/lib/libucs.so.0(ucs_handle_error+0x2d4) [0x7f25cb61f6b4]
 1  /datasets/pentschev/miniconda3/envs/gdf/lib/libucs.so.0(+0x2d88f) [0x7f25cb61f88f]
 2  /datasets/pentschev/miniconda3/envs/gdf/lib/libucs.so.0(+0x2dbb4) [0x7f25cb61fbb4]
 3  /lib/x86_64-linux-gnu/libpthread.so.0(+0x12980) [0x7f264758c980]
 4  /datasets/pentschev/miniconda3/envs/gdf/lib/libucp.so.0(ucp_mem_type_unpack+0x17) [0x7f25cb89b1b7]
 5  /datasets/pentschev/miniconda3/envs/gdf/lib/libucp.so.0(ucp_rndv_data_handler+0x508) [0x7f25cb8c4638]
 6  /datasets/pentschev/miniconda3/envs/gdf/lib/libuct.so.0(+0x1f0ff) [0x7f25cb3d70ff]
 7  /datasets/pentschev/miniconda3/envs/gdf/lib/libuct.so.0(+0x1f674) [0x7f25cb3d7674]
 8  /datasets/pentschev/miniconda3/envs/gdf/lib/libuct.so.0(+0x21a78) [0x7f25cb3d9a78]
 9  /datasets/pentschev/miniconda3/envs/gdf/lib/libucs.so.0(ucs_event_set_wait+0xb9) [0x7f25cb6298a9]
10  /datasets/pentschev/miniconda3/envs/gdf/lib/libuct.so.0(uct_tcp_iface_progress+0x7b) [0x7f25cb3d9b1b]
11  /datasets/pentschev/miniconda3/envs/gdf/lib/libucp.so.0(ucp_worker_progress+0x6a) [0x7f25cb897f5a]
12  /datasets/pentschev/miniconda3/envs/gdf/lib/python3.8/site-packages/ucp/_libs/ucx_api.cpython-38-x86_64-linux-gnu.so(+0x27ef9) [0x7f25cbb44ef9]
13  /datasets/pentschev/miniconda3/envs/gdf/bin/python(+0x131397) [0x5633899c2397]
14  /datasets/pentschev/miniconda3/envs/gdf/bin/python(PyObject_Call+0x2d2) [0x5633899cf172]
15  /datasets/pentschev/miniconda3/envs/gdf/bin/python(_PyEval_EvalFrameDefault+0x2150) [0x5633899ae870]
16  /datasets/pentschev/miniconda3/envs/gdf/bin/python(_PyEval_EvalCodeWithName+0x9f6) [0x5633899abb76]
17  /datasets/pentschev/miniconda3/envs/gdf/bin/python(_PyFunction_Vectorcall+0x18c) [0x5633899bd33c]
18  /datasets/pentschev/miniconda3/envs/gdf/bin/python(_PyEval_EvalFrameDefault+0x67d) [0x5633899acd9d]
19  /datasets/pentschev/miniconda3/envs/gdf/bin/python(_PyFunction_Vectorcall+0xf6) [0x5633899bd2a6]
20  /datasets/pentschev/miniconda3/envs/gdf/bin/python(+0x13ba3b) [0x5633899cca3b]
21  /datasets/pentschev/miniconda3/envs/gdf/bin/python(+0x244c6a) [0x563389ad5c6a]
22  /datasets/pentschev/miniconda3/envs/gdf/bin/python(+0xda441) [0x56338996b441]
23  /datasets/pentschev/miniconda3/envs/gdf/bin/python(+0x1230c6) [0x5633899b40c6]
24  /datasets/pentschev/miniconda3/envs/gdf/bin/python(PyVectorcall_Call+0x6f) [0x5633899cd0bf]
25  /datasets/pentschev/miniconda3/envs/gdf/bin/python(_PyEval_EvalFrameDefault+0x560e) [0x5633899b1d2e]
26  /datasets/pentschev/miniconda3/envs/gdf/bin/python(_PyFunction_Vectorcall+0xf6) [0x5633899bd2a6]
27  /datasets/pentschev/miniconda3/envs/gdf/bin/python(_PyEval_EvalFrameDefault+0x67d) [0x5633899acd9d]
28  /datasets/pentschev/miniconda3/envs/gdf/bin/python(_PyFunction_Vectorcall+0xf6) [0x5633899bd2a6]
29  /datasets/pentschev/miniconda3/envs/gdf/bin/python(_PyEval_EvalFrameDefault+0x67d) [0x5633899acd9d]
30  /datasets/pentschev/miniconda3/envs/gdf/bin/python(_PyFunction_Vectorcall+0xf6) [0x5633899bd2a6]
31  /datasets/pentschev/miniconda3/envs/gdf/bin/python(_PyEval_EvalFrameDefault+0x67d) [0x5633899acd9d]
32  /datasets/pentschev/miniconda3/envs/gdf/bin/python(_PyFunction_Vectorcall+0xf6) [0x5633899bd2a6]
33  /datasets/pentschev/miniconda3/envs/gdf/bin/python(_PyEval_EvalFrameDefault+0x67d) [0x5633899acd9d]
34  /datasets/pentschev/miniconda3/envs/gdf/bin/python(_PyEval_EvalCodeWithName+0x9f6) [0x5633899abb76]
35  /datasets/pentschev/miniconda3/envs/gdf/bin/python(_PyFunction_Vectorcall+0x18c) [0x5633899bd33c]
36  /datasets/pentschev/miniconda3/envs/gdf/bin/python(_PyEval_EvalFrameDefault+0x67d) [0x5633899acd9d]
37  /datasets/pentschev/miniconda3/envs/gdf/bin/python(_PyEval_EvalCodeWithName+0x9f6) [0x5633899abb76]
38  /datasets/pentschev/miniconda3/envs/gdf/bin/python(_PyFunction_Vectorcall+0x18c) [0x5633899bd33c]
39  /datasets/pentschev/miniconda3/envs/gdf/bin/python(+0x13bc72) [0x5633899ccc72]
40  /datasets/pentschev/miniconda3/envs/gdf/bin/python(PyObject_Call+0x1fc) [0x5633899cf09c]
41  /datasets/pentschev/miniconda3/envs/gdf/bin/python(_PyEval_EvalFrameDefault+0x2150) [0x5633899ae870]
42  /datasets/pentschev/miniconda3/envs/gdf/bin/python(_PyFunction_Vectorcall+0xf6) [0x5633899bd2a6]
43  /datasets/pentschev/miniconda3/envs/gdf/bin/python(+0x13bc72) [0x5633899ccc72]
44  /datasets/pentschev/miniconda3/envs/gdf/bin/python(PyObject_Call+0x2d2) [0x5633899cf172]
45  /datasets/pentschev/miniconda3/envs/gdf/bin/python(_PyEval_EvalFrameDefault+0x2150) [0x5633899ae870]
46  /datasets/pentschev/miniconda3/envs/gdf/bin/python(_PyFunction_Vectorcall+0xf6) [0x5633899bd2a6]
47  /datasets/pentschev/miniconda3/envs/gdf/bin/python(_PyEval_EvalFrameDefault+0x67d) [0x5633899acd9d]
48  /datasets/pentschev/miniconda3/envs/gdf/bin/python(_PyEval_EvalCodeWithName+0x2e1) [0x5633899ab461]
49  /datasets/pentschev/miniconda3/envs/gdf/bin/python(_PyFunction_Vectorcall+0x18c) [0x5633899bd33c]
50  /datasets/pentschev/miniconda3/envs/gdf/bin/python(_PyEval_EvalFrameDefault+0x67d) [0x5633899acd9d]
51  /datasets/pentschev/miniconda3/envs/gdf/bin/python(_PyFunction_Vectorcall+0xf6) [0x5633899bd2a6]
52  /datasets/pentschev/miniconda3/envs/gdf/bin/python(_PyEval_EvalFrameDefault+0x38b) [0x5633899acaab]
53  /datasets/pentschev/miniconda3/envs/gdf/bin/python(_PyEval_EvalCodeWithName+0x2e1) [0x5633899ab461]
54  /datasets/pentschev/miniconda3/envs/gdf/bin/python(_PyFunction_Vectorcall+0x18c) [0x5633899bd33c]
55  /datasets/pentschev/miniconda3/envs/gdf/bin/python(_PyEval_EvalFrameDefault+0x10e8) [0x5633899ad808]
56  /datasets/pentschev/miniconda3/envs/gdf/bin/python(_PyEval_EvalCodeWithName+0x2e1) [0x5633899ab461]
57  /datasets/pentschev/miniconda3/envs/gdf/bin/python(PyEval_EvalCodeEx+0x39) [0x563389a6ade9]
58  /datasets/pentschev/miniconda3/envs/gdf/bin/python(PyEval_EvalCode+0x1b) [0x563389a6adab]
59  /datasets/pentschev/miniconda3/envs/gdf/bin/python(+0x1fa903) [0x563389a8b903]
60  /datasets/pentschev/miniconda3/envs/gdf/bin/python(+0x1f98e3) [0x563389a8a8e3]
61  /datasets/pentschev/miniconda3/envs/gdf/bin/python(PyRun_StringFlags+0x7d) [0x563389a882ad]
=================================
[dgx13:50066:0:50066] Caught signal 11 (Segmentation fault: address not mapped to object at address 0x448)
[dgx13:50076:0:50076] Caught signal 11 (Segmentation fault: address not mapped to object at address 0x448)
==== backtrace (tid:  50066) ====
 0  /datasets/pentschev/miniconda3/envs/gdf/lib/libucs.so.0(ucs_handle_error+0x2d4) [0x7f30a38506b4]
 1  /datasets/pentschev/miniconda3/envs/gdf/lib/libucs.so.0(+0x2d88f) [0x7f30a385088f]
 2  /datasets/pentschev/miniconda3/envs/gdf/lib/libucs.so.0(+0x2dbb4) [0x7f30a3850bb4]
 3  /lib/x86_64-linux-gnu/libpthread.so.0(+0x12980) [0x7f311f7e6980]
 4  /datasets/pentschev/miniconda3/envs/gdf/lib/libucp.so.0(ucp_mem_type_unpack+0x17) [0x7f30a3acc1b7]
 5  /datasets/pentschev/miniconda3/envs/gdf/lib/libucp.so.0(ucp_rndv_data_handler+0x508) [0x7f30a3af5638]
 6  /datasets/pentschev/miniconda3/envs/gdf/lib/libuct.so.0(+0x1f0ff) [0x7f30a36080ff]
 7  /datasets/pentschev/miniconda3/envs/gdf/lib/libuct.so.0(+0x1f674) [0x7f30a3608674]
 8  /datasets/pentschev/miniconda3/envs/gdf/lib/libuct.so.0(+0x21a78) [0x7f30a360aa78]
 9  /datasets/pentschev/miniconda3/envs/gdf/lib/libucs.so.0(ucs_event_set_wait+0xb9) [0x7f30a385a8a9]
10  /datasets/pentschev/miniconda3/envs/gdf/lib/libuct.so.0(uct_tcp_iface_progress+0x7b) [0x7f30a360ab1b]
11  /datasets/pentschev/miniconda3/envs/gdf/lib/libucp.so.0(ucp_worker_progress+0x6a) [0x7f30a3ac8f5a]
12  /datasets/pentschev/miniconda3/envs/gdf/lib/python3.8/site-packages/ucp/_libs/ucx_api.cpython-38-x86_64-linux-gnu.so(+0x27ef9) [0x7f30a3d75ef9]
13  /datasets/pentschev/miniconda3/envs/gdf/bin/python(+0x131397) [0x557add7b3397]
14  /datasets/pentschev/miniconda3/envs/gdf/bin/python(PyObject_Call+0x2d2) [0x557add7c0172]
15  /datasets/pentschev/miniconda3/envs/gdf/bin/python(_PyEval_EvalFrameDefault+0x2150) [0x557add79f870]
16  /datasets/pentschev/miniconda3/envs/gdf/bin/python(_PyEval_EvalCodeWithName+0x9f6) [0x557add79cb76]
17  /datasets/pentschev/miniconda3/envs/gdf/bin/python(_PyFunction_Vectorcall+0x18c) [0x557add7ae33c]
18  /datasets/pentschev/miniconda3/envs/gdf/bin/python(_PyEval_EvalFrameDefault+0x67d) [0x557add79dd9d]
19  /datasets/pentschev/miniconda3/envs/gdf/bin/python(+0x143ad0) [0x557add7c5ad0]
20  /datasets/pentschev/miniconda3/envs/gdf/lib/python3.8/lib-dynload/_asyncio.cpython-38-x86_64-linux-gnu.so(+0x700d) [0x7f310f69f00d]
21  /datasets/pentschev/miniconda3/envs/gdf/bin/python(_PyObject_MakeTpCall+0x501) [0x557add7a6631]
22  /datasets/pentschev/miniconda3/envs/gdf/bin/python(+0xda441) [0x557add75c441]
23  /datasets/pentschev/miniconda3/envs/gdf/bin/python(+0x1230c6) [0x557add7a50c6]
24  /datasets/pentschev/miniconda3/envs/gdf/bin/python(PyVectorcall_Call+0x6f) [0x557add7be0bf]
25  /datasets/pentschev/miniconda3/envs/gdf/bin/python(_PyEval_EvalFrameDefault+0x560e) [0x557add7a2d2e]
26  /datasets/pentschev/miniconda3/envs/gdf/bin/python(_PyFunction_Vectorcall+0xf6) [0x557add7ae2a6]
27  /datasets/pentschev/miniconda3/envs/gdf/bin/python(_PyEval_EvalFrameDefault+0x67d) [0x557add79dd9d]
28  /datasets/pentschev/miniconda3/envs/gdf/bin/python(_PyFunction_Vectorcall+0xf6) [0x557add7ae2a6]
29  /datasets/pentschev/miniconda3/envs/gdf/bin/python(_PyEval_EvalFrameDefault+0x67d) [0x557add79dd9d]
30  /datasets/pentschev/miniconda3/envs/gdf/bin/python(_PyFunction_Vectorcall+0xf6) [0x557add7ae2a6]
31  /datasets/pentschev/miniconda3/envs/gdf/bin/python(_PyEval_EvalFrameDefault+0x67d) [0x557add79dd9d]
32  /datasets/pentschev/miniconda3/envs/gdf/bin/python(_PyFunction_Vectorcall+0xf6) [0x557add7ae2a6]
33  /datasets/pentschev/miniconda3/envs/gdf/bin/python(_PyEval_EvalFrameDefault+0x67d) [0x557add79dd9d]
34  /datasets/pentschev/miniconda3/envs/gdf/bin/python(_PyEval_EvalCodeWithName+0x9f6) [0x557add79cb76]
35  /datasets/pentschev/miniconda3/envs/gdf/bin/python(_PyFunction_Vectorcall+0x18c) [0x557add7ae33c]
36  /datasets/pentschev/miniconda3/envs/gdf/bin/python(_PyEval_EvalFrameDefault+0x67d) [0x557add79dd9d]
37  /datasets/pentschev/miniconda3/envs/gdf/bin/python(_PyEval_EvalCodeWithName+0x9f6) [0x557add79cb76]
38  /datasets/pentschev/miniconda3/envs/gdf/bin/python(_PyFunction_Vectorcall+0x18c) [0x557add7ae33c]
39  /datasets/pentschev/miniconda3/envs/gdf/bin/python(+0x13bc72) [0x557add7bdc72]
40  /datasets/pentschev/miniconda3/envs/gdf/bin/python(PyObject_Call+0x1fc) [0x557add7c009c]
41  /datasets/pentschev/miniconda3/envs/gdf/bin/python(_PyEval_EvalFrameDefault+0x2150) [0x557add79f870]
42  /datasets/pentschev/miniconda3/envs/gdf/bin/python(_PyFunction_Vectorcall+0xf6) [0x557add7ae2a6]
43  /datasets/pentschev/miniconda3/envs/gdf/bin/python(+0x13bc72) [0x557add7bdc72]
44  /datasets/pentschev/miniconda3/envs/gdf/bin/python(PyObject_Call+0x2d2) [0x557add7c0172]
45  /datasets/pentschev/miniconda3/envs/gdf/bin/python(_PyEval_EvalFrameDefault+0x2150) [0x557add79f870]
46  /datasets/pentschev/miniconda3/envs/gdf/bin/python(_PyFunction_Vectorcall+0xf6) [0x557add7ae2a6]
47  /datasets/pentschev/miniconda3/envs/gdf/bin/python(_PyEval_EvalFrameDefault+0x67d) [0x557add79dd9d]
48  /datasets/pentschev/miniconda3/envs/gdf/bin/python(_PyEval_EvalCodeWithName+0x2e1) [0x557add79c461]
49  /datasets/pentschev/miniconda3/envs/gdf/bin/python(_PyFunction_Vectorcall+0x18c) [0x557add7ae33c]
50  /datasets/pentschev/miniconda3/envs/gdf/bin/python(_PyEval_EvalFrameDefault+0x67d) [0x557add79dd9d]
51  /datasets/pentschev/miniconda3/envs/gdf/bin/python(_PyFunction_Vectorcall+0xf6) [0x557add7ae2a6]
52  /datasets/pentschev/miniconda3/envs/gdf/bin/python(_PyEval_EvalFrameDefault+0x38b) [0x557add79daab]
53  /datasets/pentschev/miniconda3/envs/gdf/bin/python(_PyEval_EvalCodeWithName+0x2e1) [0x557add79c461]
54  /datasets/pentschev/miniconda3/envs/gdf/bin/python(_PyFunction_Vectorcall+0x18c) [0x557add7ae33c]
55  /datasets/pentschev/miniconda3/envs/gdf/bin/python(_PyEval_EvalFrameDefault+0x10e8) [0x557add79e808]
56  /datasets/pentschev/miniconda3/envs/gdf/bin/python(_PyEval_EvalCodeWithName+0x2e1) [0x557add79c461]
57  /datasets/pentschev/miniconda3/envs/gdf/bin/python(PyEval_EvalCodeEx+0x39) [0x557add85bde9]
58  /datasets/pentschev/miniconda3/envs/gdf/bin/python(PyEval_EvalCode+0x1b) [0x557add85bdab]
59  /datasets/pentschev/miniconda3/envs/gdf/bin/python(+0x1fa903) [0x557add87c903]
60  /datasets/pentschev/miniconda3/envs/gdf/bin/python(+0x1f98e3) [0x557add87b8e3]
61  /datasets/pentschev/miniconda3/envs/gdf/bin/python(PyRun_StringFlags+0x7d) [0x557add8792ad]
=================================
==== backtrace (tid:  50076) ====
 0  /datasets/pentschev/miniconda3/envs/gdf/lib/libucs.so.0(ucs_handle_error+0x2d4) [0x7f6ed9e6c6b4]
 1  /datasets/pentschev/miniconda3/envs/gdf/lib/libucs.so.0(+0x2d88f) [0x7f6ed9e6c88f]
 2  /datasets/pentschev/miniconda3/envs/gdf/lib/libucs.so.0(+0x2dbb4) [0x7f6ed9e6cbb4]
 3  /lib/x86_64-linux-gnu/libpthread.so.0(+0x12980) [0x7f6f4ddaa980]
 4  /datasets/pentschev/miniconda3/envs/gdf/lib/libucp.so.0(ucp_mem_type_unpack+0x17) [0x7f6eda0e81b7]
 5  /datasets/pentschev/miniconda3/envs/gdf/lib/libucp.so.0(ucp_rndv_data_handler+0x508) [0x7f6eda111638]
 6  /datasets/pentschev/miniconda3/envs/gdf/lib/libuct.so.0(+0x1f0ff) [0x7f6ed9c240ff]
 7  /datasets/pentschev/miniconda3/envs/gdf/lib/libuct.so.0(+0x1f674) [0x7f6ed9c24674]
 8  /datasets/pentschev/miniconda3/envs/gdf/lib/libuct.so.0(+0x21a78) [0x7f6ed9c26a78]
 9  /datasets/pentschev/miniconda3/envs/gdf/lib/libucs.so.0(ucs_event_set_wait+0xb9) [0x7f6ed9e768a9]
10  /datasets/pentschev/miniconda3/envs/gdf/lib/libuct.so.0(uct_tcp_iface_progress+0x7b) [0x7f6ed9c26b1b]
11  /datasets/pentschev/miniconda3/envs/gdf/lib/libucp.so.0(ucp_worker_progress+0x6a) [0x7f6eda0e4f5a]
12  /datasets/pentschev/miniconda3/envs/gdf/lib/python3.8/site-packages/ucp/_libs/ucx_api.cpython-38-x86_64-linux-gnu.so(+0x27ef9) [0x7f6eda391ef9]
13  /datasets/pentschev/miniconda3/envs/gdf/bin/python(+0x131397) [0x558cbac81397]
14  /datasets/pentschev/miniconda3/envs/gdf/bin/python(PyObject_Call+0x2d2) [0x558cbac8e172]
15  /datasets/pentschev/miniconda3/envs/gdf/bin/python(_PyEval_EvalFrameDefault+0x2150) [0x558cbac6d870]
16  /datasets/pentschev/miniconda3/envs/gdf/bin/python(_PyEval_EvalCodeWithName+0x9f6) [0x558cbac6ab76]
17  /datasets/pentschev/miniconda3/envs/gdf/bin/python(_PyFunction_Vectorcall+0x18c) [0x558cbac7c33c]
18  /datasets/pentschev/miniconda3/envs/gdf/bin/python(_PyEval_EvalFrameDefault+0x67d) [0x558cbac6bd9d]
19  /datasets/pentschev/miniconda3/envs/gdf/bin/python(_PyFunction_Vectorcall+0xf6) [0x558cbac7c2a6]
20  /datasets/pentschev/miniconda3/envs/gdf/bin/python(+0x13ba3b) [0x558cbac8ba3b]
21  /datasets/pentschev/miniconda3/envs/gdf/bin/python(+0x244c6a) [0x558cbad94c6a]
22  /datasets/pentschev/miniconda3/envs/gdf/bin/python(+0xda441) [0x558cbac2a441]
23  /datasets/pentschev/miniconda3/envs/gdf/bin/python(+0x1230c6) [0x558cbac730c6]
24  /datasets/pentschev/miniconda3/envs/gdf/bin/python(PyVectorcall_Call+0x6f) [0x558cbac8c0bf]
25  /datasets/pentschev/miniconda3/envs/gdf/bin/python(_PyEval_EvalFrameDefault+0x560e) [0x558cbac70d2e]
26  /datasets/pentschev/miniconda3/envs/gdf/bin/python(_PyFunction_Vectorcall+0xf6) [0x558cbac7c2a6]
27  /datasets/pentschev/miniconda3/envs/gdf/bin/python(_PyEval_EvalFrameDefault+0x67d) [0x558cbac6bd9d]
28  /datasets/pentschev/miniconda3/envs/gdf/bin/python(_PyFunction_Vectorcall+0xf6) [0x558cbac7c2a6]
29  /datasets/pentschev/miniconda3/envs/gdf/bin/python(_PyEval_EvalFrameDefault+0x67d) [0x558cbac6bd9d]
30  /datasets/pentschev/miniconda3/envs/gdf/bin/python(_PyFunction_Vectorcall+0xf6) [0x558cbac7c2a6]
31  /datasets/pentschev/miniconda3/envs/gdf/bin/python(_PyEval_EvalFrameDefault+0x67d) [0x558cbac6bd9d]
32  /datasets/pentschev/miniconda3/envs/gdf/bin/python(_PyFunction_Vectorcall+0xf6) [0x558cbac7c2a6]
33  /datasets/pentschev/miniconda3/envs/gdf/bin/python(_PyEval_EvalFrameDefault+0x67d) [0x558cbac6bd9d]
34  /datasets/pentschev/miniconda3/envs/gdf/bin/python(_PyEval_EvalCodeWithName+0x9f6) [0x558cbac6ab76]
35  /datasets/pentschev/miniconda3/envs/gdf/bin/python(_PyFunction_Vectorcall+0x18c) [0x558cbac7c33c]
36  /datasets/pentschev/miniconda3/envs/gdf/bin/python(_PyEval_EvalFrameDefault+0x67d) [0x558cbac6bd9d]
37  /datasets/pentschev/miniconda3/envs/gdf/bin/python(_PyEval_EvalCodeWithName+0x9f6) [0x558cbac6ab76]
38  /datasets/pentschev/miniconda3/envs/gdf/bin/python(_PyFunction_Vectorcall+0x18c) [0x558cbac7c33c]
39  /datasets/pentschev/miniconda3/envs/gdf/bin/python(+0x13bc72) [0x558cbac8bc72]
40  /datasets/pentschev/miniconda3/envs/gdf/bin/python(PyObject_Call+0x1fc) [0x558cbac8e09c]
41  /datasets/pentschev/miniconda3/envs/gdf/bin/python(_PyEval_EvalFrameDefault+0x2150) [0x558cbac6d870]
42  /datasets/pentschev/miniconda3/envs/gdf/bin/python(_PyFunction_Vectorcall+0xf6) [0x558cbac7c2a6]
43  /datasets/pentschev/miniconda3/envs/gdf/bin/python(+0x13bc72) [0x558cbac8bc72]
44  /datasets/pentschev/miniconda3/envs/gdf/bin/python(PyObject_Call+0x2d2) [0x558cbac8e172]
45  /datasets/pentschev/miniconda3/envs/gdf/bin/python(_PyEval_EvalFrameDefault+0x2150) [0x558cbac6d870]
46  /datasets/pentschev/miniconda3/envs/gdf/bin/python(_PyFunction_Vectorcall+0xf6) [0x558cbac7c2a6]
47  /datasets/pentschev/miniconda3/envs/gdf/bin/python(_PyEval_EvalFrameDefault+0x67d) [0x558cbac6bd9d]
48  /datasets/pentschev/miniconda3/envs/gdf/bin/python(_PyEval_EvalCodeWithName+0x2e1) [0x558cbac6a461]
49  /datasets/pentschev/miniconda3/envs/gdf/bin/python(_PyFunction_Vectorcall+0x18c) [0x558cbac7c33c]
50  /datasets/pentschev/miniconda3/envs/gdf/bin/python(_PyEval_EvalFrameDefault+0x67d) [0x558cbac6bd9d]
51  /datasets/pentschev/miniconda3/envs/gdf/bin/python(_PyFunction_Vectorcall+0xf6) [0x558cbac7c2a6]
52  /datasets/pentschev/miniconda3/envs/gdf/bin/python(_PyEval_EvalFrameDefault+0x38b) [0x558cbac6baab]
53  /datasets/pentschev/miniconda3/envs/gdf/bin/python(_PyEval_EvalCodeWithName+0x2e1) [0x558cbac6a461]
54  /datasets/pentschev/miniconda3/envs/gdf/bin/python(_PyFunction_Vectorcall+0x18c) [0x558cbac7c33c]
55  /datasets/pentschev/miniconda3/envs/gdf/bin/python(_PyEval_EvalFrameDefault+0x10e8) [0x558cbac6c808]
56  /datasets/pentschev/miniconda3/envs/gdf/bin/python(_PyEval_EvalCodeWithName+0x2e1) [0x558cbac6a461]
57  /datasets/pentschev/miniconda3/envs/gdf/bin/python(PyEval_EvalCodeEx+0x39) [0x558cbad29de9]
58  /datasets/pentschev/miniconda3/envs/gdf/bin/python(PyEval_EvalCode+0x1b) [0x558cbad29dab]
59  /datasets/pentschev/miniconda3/envs/gdf/bin/python(+0x1fa903) [0x558cbad4a903]
60  /datasets/pentschev/miniconda3/envs/gdf/bin/python(+0x1f98e3) [0x558cbad498e3]
61  /datasets/pentschev/miniconda3/envs/gdf/bin/python(PyRun_StringFlags+0x7d) [0x558cbad472ad]
=================================
2022-10-20 00:09:30,978 - distributed.worker - ERROR - failed during get data with ucx://127.0.0.1:34063 -> ucx://127.0.0.1:51941
Traceback (most recent call last):
  File "/datasets/pentschev/miniconda3/envs/gdf/lib/python3.8/site-packages/distributed/comm/ucx.py", line 300, in write
    await self.ep.send(each_frame)
  File "/datasets/pentschev/miniconda3/envs/gdf/lib/python3.8/site-packages/ucp/core.py", line 650, in send
    return await comm.tag_send(self._ep, buffer, nbytes, tag, name=log)
ucp._libs.exceptions.UCXError: <[Send #007] ep: 0x7f61e8175280, tag: 0x2a982f7ebbe47df6, nbytes: 50000000, type: <class 'cupy.ndarray'>>: Endpoint timeout

During handling of the above exception, another exception occurred:

Traceback (most recent call last):
  File "/datasets/pentschev/miniconda3/envs/gdf/lib/python3.8/site-packages/distributed/worker.py", line 1748, in get_data
    compressed = await comm.write(msg, serializers=serializers)
  File "/datasets/pentschev/miniconda3/envs/gdf/lib/python3.8/site-packages/distributed/utils.py", line 742, in wrapper
    return await func(*args, **kwargs)
  File "/datasets/pentschev/miniconda3/envs/gdf/lib/python3.8/site-packages/distributed/comm/ucx.py", line 304, in write
    raise CommClosedError("While writing, the connection was closed")
distributed.comm.core.CommClosedError: While writing, the connection was closed
Task exception was never retrieved
future: <Task finished name='Task-121' coro=<_listener_handler_coroutine() done, defined at /datasets/pentschev/miniconda3/envs/gdf/lib/python3.8/site-packages/ucp/core.py:128> exception=UCXError('<stream_recv>: Endpoint timeout')>
Traceback (most recent call last):
  File "/datasets/pentschev/miniconda3/envs/gdf/lib/python3.8/site-packages/ucp/core.py", line 143, in _listener_handler_coroutine
    peer_info = await exchange_peer_info(
  File "/datasets/pentschev/miniconda3/envs/gdf/lib/python3.8/site-packages/ucp/core.py", line 52, in exchange_peer_info
    await comm.stream_recv(endpoint, peer_info_arr, peer_info_arr.nbytes)
ucp._libs.exceptions.UCXError: <stream_recv>: Endpoint timeout
2022-10-20 00:09:30,996 - distributed.worker - ERROR - failed during get data with ucx://127.0.0.1:50681 -> ucx://127.0.0.1:33801
Traceback (most recent call last):
  File "/datasets/pentschev/miniconda3/envs/gdf/lib/python3.8/site-packages/distributed/comm/ucx.py", line 300, in write
    await self.ep.send(each_frame)
  File "/datasets/pentschev/miniconda3/envs/gdf/lib/python3.8/site-packages/ucp/core.py", line 650, in send
    return await comm.tag_send(self._ep, buffer, nbytes, tag, name=log)
ucp._libs.exceptions.UCXError: <[Send #007] ep: 0x7f9b82f2a240, tag: 0x7ed2db863eff712b, nbytes: 50000000, type: <class 'cupy.ndarray'>>: Endpoint timeout

During handling of the above exception, another exception occurred:

Traceback (most recent call last):
  File "/datasets/pentschev/miniconda3/envs/gdf/lib/python3.8/site-packages/distributed/worker.py", line 1748, in get_data
    compressed = await comm.write(msg, serializers=serializers)
  File "/datasets/pentschev/miniconda3/envs/gdf/lib/python3.8/site-packages/distributed/utils.py", line 742, in wrapper
    return await func(*args, **kwargs)
  File "/datasets/pentschev/miniconda3/envs/gdf/lib/python3.8/site-packages/distributed/comm/ucx.py", line 304, in write
    raise CommClosedError("While writing, the connection was closed")
distributed.comm.core.CommClosedError: While writing, the connection was closed
2022-10-20 00:09:30,998 - distributed.worker - ERROR - Worker stream died during communication: ucx://127.0.0.1:33801
Traceback (most recent call last):
  File "/datasets/pentschev/miniconda3/envs/gdf/lib/python3.8/site-packages/distributed/comm/ucx.py", line 316, in read
    await self.ep.recv(msg)
  File "/datasets/pentschev/miniconda3/envs/gdf/lib/python3.8/site-packages/ucp/core.py", line 725, in recv
    ret = await comm.tag_recv(self._ep, buffer, nbytes, tag, name=log)
ucp._libs.exceptions.UCXCanceled: <[Recv #000] ep: 0x7feb000e8100, tag: 0x5f381a638568a8d9, nbytes: 16, type: <class 'numpy.ndarray'>>: 

During handling of the above exception, another exception occurred:

Traceback (most recent call last):
  File "/datasets/pentschev/miniconda3/envs/gdf/lib/python3.8/site-packages/distributed/comm/core.py", line 328, in connect
    handshake = await asyncio.wait_for(comm.read(), time_left())
  File "/datasets/pentschev/miniconda3/envs/gdf/lib/python3.8/asyncio/tasks.py", line 494, in wait_for
    return fut.result()
  File "/datasets/pentschev/miniconda3/envs/gdf/lib/python3.8/site-packages/distributed/utils.py", line 742, in wrapper
    return await func(*args, **kwargs)
  File "/datasets/pentschev/miniconda3/envs/gdf/lib/python3.8/site-packages/distributed/comm/ucx.py", line 334, in read
    raise CommClosedError(
distributed.comm.core.CommClosedError: Connection closed by writer.
Inner exception: UCXCanceled("<[Recv #000] ep: 0x7feb000e8100, tag: 0x5f381a638568a8d9, nbytes: 16, type: <class 'numpy.ndarray'>>: ")

The above exception was the direct cause of the following exception:

Traceback (most recent call last):
  File "/datasets/pentschev/miniconda3/envs/gdf/lib/python3.8/site-packages/distributed/worker.py", line 2042, in gather_dep
    response = await get_data_from_worker(
  File "/datasets/pentschev/miniconda3/envs/gdf/lib/python3.8/site-packages/distributed/worker.py", line 2831, in get_data_from_worker
    return await retry_operation(_get_data, operation="get_data_from_worker")
  File "/datasets/pentschev/miniconda3/envs/gdf/lib/python3.8/site-packages/distributed/utils_comm.py", line 383, in retry_operation
    return await retry(
  File "/datasets/pentschev/miniconda3/envs/gdf/lib/python3.8/site-packages/distributed/utils_comm.py", line 368, in retry
    return await coro()
  File "/datasets/pentschev/miniconda3/envs/gdf/lib/python3.8/site-packages/distributed/worker.py", line 2808, in _get_data
    comm = await rpc.connect(worker)
  File "/datasets/pentschev/miniconda3/envs/gdf/lib/python3.8/site-packages/distributed/core.py", line 1372, in connect
    return await connect_attempt
  File "/datasets/pentschev/miniconda3/envs/gdf/lib/python3.8/site-packages/distributed/core.py", line 1308, in _connect
    comm = await connect(
  File "/datasets/pentschev/miniconda3/envs/gdf/lib/python3.8/site-packages/distributed/comm/core.py", line 333, in connect
    raise OSError(
OSError: Timed out during handshake while connecting to ucx://127.0.0.1:33801 after 30 s
Task exception was never retrieved
future: <Task finished name='Task-140' coro=<_listener_handler_coroutine() done, defined at /datasets/pentschev/miniconda3/envs/gdf/lib/python3.8/site-packages/ucp/core.py:128> exception=UCXError('<stream_recv>: Endpoint timeout')>
Traceback (most recent call last):
  File "/datasets/pentschev/miniconda3/envs/gdf/lib/python3.8/site-packages/ucp/core.py", line 143, in _listener_handler_coroutine
    peer_info = await exchange_peer_info(
  File "/datasets/pentschev/miniconda3/envs/gdf/lib/python3.8/site-packages/ucp/core.py", line 52, in exchange_peer_info
    await comm.stream_recv(endpoint, peer_info_arr, peer_info_arr.nbytes)
ucp._libs.exceptions.UCXError: <stream_recv>: Endpoint timeout
[dgx13:50080:0:50080] Caught signal 11 (Segmentation fault: address not mapped to object at address 0x448)
2022-10-20 00:09:31,061 - distributed.worker - ERROR - Worker stream died during communication: ucx://127.0.0.1:36713
Traceback (most recent call last):
  File "/datasets/pentschev/miniconda3/envs/gdf/lib/python3.8/site-packages/distributed/comm/ucx.py", line 358, in read
    await self.ep.recv(each_frame)
  File "/datasets/pentschev/miniconda3/envs/gdf/lib/python3.8/site-packages/ucp/core.py", line 725, in recv
    ret = await comm.tag_recv(self._ep, buffer, nbytes, tag, name=log)
ucp._libs.exceptions.UCXError: <[Recv #007] ep: 0x7fb5fc138180, tag: 0x5bcaa4c245f8c317, nbytes: 50000000, type: <class 'rmm._lib.device_buffer.DeviceBuffer'>>: Endpoint timeout

During handling of the above exception, another exception occurred:

Traceback (most recent call last):
  File "/datasets/pentschev/miniconda3/envs/gdf/lib/python3.8/site-packages/distributed/worker.py", line 2042, in gather_dep
    response = await get_data_from_worker(
  File "/datasets/pentschev/miniconda3/envs/gdf/lib/python3.8/site-packages/distributed/worker.py", line 2831, in get_data_from_worker
    return await retry_operation(_get_data, operation="get_data_from_worker")
  File "/datasets/pentschev/miniconda3/envs/gdf/lib/python3.8/site-packages/distributed/utils_comm.py", line 383, in retry_operation
    return await retry(
  File "/datasets/pentschev/miniconda3/envs/gdf/lib/python3.8/site-packages/distributed/utils_comm.py", line 368, in retry
    return await coro()
  File "/datasets/pentschev/miniconda3/envs/gdf/lib/python3.8/site-packages/distributed/worker.py", line 2811, in _get_data
    response = await send_recv(
  File "/datasets/pentschev/miniconda3/envs/gdf/lib/python3.8/site-packages/distributed/core.py", line 919, in send_recv
    response = await comm.read(deserializers=deserializers)
  File "/datasets/pentschev/miniconda3/envs/gdf/lib/python3.8/site-packages/distributed/utils.py", line 742, in wrapper
    return await func(*args, **kwargs)
  File "/datasets/pentschev/miniconda3/envs/gdf/lib/python3.8/site-packages/distributed/comm/ucx.py", line 364, in read
    raise CommClosedError(
distributed.comm.core.CommClosedError: Connection closed by writer.
Inner exception: UCXError("<[Recv #007] ep: 0x7fb5fc138180, tag: 0x5bcaa4c245f8c317, nbytes: 50000000, type: <class 'rmm._lib.device_buffer.DeviceBuffer'>>: Endpoint timeout")
2022-10-20 00:09:31,063 - distributed.worker - ERROR - Worker stream died during communication: ucx://127.0.0.1:33801
Traceback (most recent call last):
  File "/datasets/pentschev/miniconda3/envs/gdf/lib/python3.8/site-packages/distributed/comm/ucx.py", line 316, in read
    await self.ep.recv(msg)
  File "/datasets/pentschev/miniconda3/envs/gdf/lib/python3.8/site-packages/ucp/core.py", line 725, in recv
    ret = await comm.tag_recv(self._ep, buffer, nbytes, tag, name=log)
ucp._libs.exceptions.UCXCanceled: <[Recv #003] ep: 0x7fb5fc138100, tag: 0x94118f9d68e82677, nbytes: 16, type: <class 'numpy.ndarray'>>: 

During handling of the above exception, another exception occurred:

Traceback (most recent call last):
  File "/datasets/pentschev/miniconda3/envs/gdf/lib/python3.8/site-packages/distributed/worker.py", line 2042, in gather_dep
    response = await get_data_from_worker(
  File "/datasets/pentschev/miniconda3/envs/gdf/lib/python3.8/site-packages/distributed/worker.py", line 2831, in get_data_from_worker
    return await retry_operation(_get_data, operation="get_data_from_worker")
  File "/datasets/pentschev/miniconda3/envs/gdf/lib/python3.8/site-packages/distributed/utils_comm.py", line 383, in retry_operation
    return await retry(
  File "/datasets/pentschev/miniconda3/envs/gdf/lib/python3.8/site-packages/distributed/utils_comm.py", line 368, in retry
    return await coro()
  File "/datasets/pentschev/miniconda3/envs/gdf/lib/python3.8/site-packages/distributed/worker.py", line 2811, in _get_data
    response = await send_recv(
  File "/datasets/pentschev/miniconda3/envs/gdf/lib/python3.8/site-packages/distributed/core.py", line 919, in send_recv
    response = await comm.read(deserializers=deserializers)
  File "/datasets/pentschev/miniconda3/envs/gdf/lib/python3.8/site-packages/distributed/utils.py", line 742, in wrapper
    return await func(*args, **kwargs)
  File "/datasets/pentschev/miniconda3/envs/gdf/lib/python3.8/site-packages/distributed/comm/ucx.py", line 334, in read
    raise CommClosedError(
distributed.comm.core.CommClosedError: Connection closed by writer.
Inner exception: UCXCanceled("<[Recv #003] ep: 0x7fb5fc138100, tag: 0x94118f9d68e82677, nbytes: 16, type: <class 'numpy.ndarray'>>: ")
==== backtrace (tid:  50080) ====
 0  /datasets/pentschev/miniconda3/envs/gdf/lib/libucs.so.0(ucs_handle_error+0x2d4) [0x7f61fc8116b4]
 1  /datasets/pentschev/miniconda3/envs/gdf/lib/libucs.so.0(+0x2d88f) [0x7f61fc81188f]
 2  /datasets/pentschev/miniconda3/envs/gdf/lib/libucs.so.0(+0x2dbb4) [0x7f61fc811bb4]
 3  /lib/x86_64-linux-gnu/libpthread.so.0(+0x12980) [0x7f626c66a980]
 4  /datasets/pentschev/miniconda3/envs/gdf/lib/libucp.so.0(ucp_mem_type_unpack+0x17) [0x7f61fca8d1b7]
 5  /datasets/pentschev/miniconda3/envs/gdf/lib/libucp.so.0(ucp_rndv_data_handler+0x508) [0x7f61fcab6638]
 6  /datasets/pentschev/miniconda3/envs/gdf/lib/libuct.so.0(+0x1f0ff) [0x7f61fc5c90ff]
 7  /datasets/pentschev/miniconda3/envs/gdf/lib/libuct.so.0(+0x1f674) [0x7f61fc5c9674]
 8  /datasets/pentschev/miniconda3/envs/gdf/lib/libuct.so.0(+0x21a78) [0x7f61fc5cba78]
 9  /datasets/pentschev/miniconda3/envs/gdf/lib/libucs.so.0(ucs_event_set_wait+0xb9) [0x7f61fc81b8a9]
10  /datasets/pentschev/miniconda3/envs/gdf/lib/libuct.so.0(uct_tcp_iface_progress+0x7b) [0x7f61fc5cbb1b]
11  /datasets/pentschev/miniconda3/envs/gdf/lib/libucp.so.0(ucp_worker_progress+0x6a) [0x7f61fca89f5a]
12  /datasets/pentschev/miniconda3/envs/gdf/lib/python3.8/site-packages/ucp/_libs/ucx_api.cpython-38-x86_64-linux-gnu.so(+0x27ef9) [0x7f61fcd36ef9]
13  /datasets/pentschev/miniconda3/envs/gdf/bin/python(+0x131397) [0x560abd9dc397]
14  /datasets/pentschev/miniconda3/envs/gdf/bin/python(PyObject_Call+0x2d2) [0x560abd9e9172]
15  /datasets/pentschev/miniconda3/envs/gdf/bin/python(_PyEval_EvalFrameDefault+0x2150) [0x560abd9c8870]
16  /datasets/pentschev/miniconda3/envs/gdf/bin/python(_PyEval_EvalCodeWithName+0x9f6) [0x560abd9c5b76]
17  /datasets/pentschev/miniconda3/envs/gdf/bin/python(_PyFunction_Vectorcall+0x18c) [0x560abd9d733c]
18  /datasets/pentschev/miniconda3/envs/gdf/bin/python(_PyEval_EvalFrameDefault+0x67d) [0x560abd9c6d9d]
19  /datasets/pentschev/miniconda3/envs/gdf/bin/python(_PyFunction_Vectorcall+0xf6) [0x560abd9d72a6]
20  /datasets/pentschev/miniconda3/envs/gdf/bin/python(+0x13ba3b) [0x560abd9e6a3b]
21  /datasets/pentschev/miniconda3/envs/gdf/bin/python(+0x244c6a) [0x560abdaefc6a]
22  /datasets/pentschev/miniconda3/envs/gdf/bin/python(+0xda441) [0x560abd985441]
23  /datasets/pentschev/miniconda3/envs/gdf/bin/python(+0x1230c6) [0x560abd9ce0c6]
24  /datasets/pentschev/miniconda3/envs/gdf/bin/python(PyVectorcall_Call+0x6f) [0x560abd9e70bf]
25  /datasets/pentschev/miniconda3/envs/gdf/bin/python(_PyEval_EvalFrameDefault+0x560e) [0x560abd9cbd2e]
26  /datasets/pentschev/miniconda3/envs/gdf/bin/python(_PyFunction_Vectorcall+0xf6) [0x560abd9d72a6]
27  /datasets/pentschev/miniconda3/envs/gdf/bin/python(_PyEval_EvalFrameDefault+0x67d) [0x560abd9c6d9d]
28  /datasets/pentschev/miniconda3/envs/gdf/bin/python(_PyFunction_Vectorcall+0xf6) [0x560abd9d72a6]
29  /datasets/pentschev/miniconda3/envs/gdf/bin/python(_PyEval_EvalFrameDefault+0x67d) [0x560abd9c6d9d]
30  /datasets/pentschev/miniconda3/envs/gdf/bin/python(_PyFunction_Vectorcall+0xf6) [0x560abd9d72a6]
31  /datasets/pentschev/miniconda3/envs/gdf/bin/python(_PyEval_EvalFrameDefault+0x67d) [0x560abd9c6d9d]
32  /datasets/pentschev/miniconda3/envs/gdf/bin/python(_PyFunction_Vectorcall+0xf6) [0x560abd9d72a6]
33  /datasets/pentschev/miniconda3/envs/gdf/bin/python(_PyEval_EvalFrameDefault+0x67d) [0x560abd9c6d9d]
34  /datasets/pentschev/miniconda3/envs/gdf/bin/python(_PyEval_EvalCodeWithName+0x9f6) [0x560abd9c5b76]
35  /datasets/pentschev/miniconda3/envs/gdf/bin/python(_PyFunction_Vectorcall+0x18c) [0x560abd9d733c]
36  /datasets/pentschev/miniconda3/envs/gdf/bin/python(_PyEval_EvalFrameDefault+0x67d) [0x560abd9c6d9d]
37  /datasets/pentschev/miniconda3/envs/gdf/bin/python(_PyEval_EvalCodeWithName+0x9f6) [0x560abd9c5b76]
38  /datasets/pentschev/miniconda3/envs/gdf/bin/python(_PyFunction_Vectorcall+0x18c) [0x560abd9d733c]
39  /datasets/pentschev/miniconda3/envs/gdf/bin/python(+0x13bc72) [0x560abd9e6c72]
40  /datasets/pentschev/miniconda3/envs/gdf/bin/python(PyObject_Call+0x1fc) [0x560abd9e909c]
41  /datasets/pentschev/miniconda3/envs/gdf/bin/python(_PyEval_EvalFrameDefault+0x2150) [0x560abd9c8870]
42  /datasets/pentschev/miniconda3/envs/gdf/bin/python(_PyFunction_Vectorcall+0xf6) [0x560abd9d72a6]
43  /datasets/pentschev/miniconda3/envs/gdf/bin/python(+0x13bc72) [0x560abd9e6c72]
44  /datasets/pentschev/miniconda3/envs/gdf/bin/python(PyObject_Call+0x2d2) [0x560abd9e9172]
45  /datasets/pentschev/miniconda3/envs/gdf/bin/python(_PyEval_EvalFrameDefault+0x2150) [0x560abd9c8870]
46  /datasets/pentschev/miniconda3/envs/gdf/bin/python(_PyFunction_Vectorcall+0xf6) [0x560abd9d72a6]
47  /datasets/pentschev/miniconda3/envs/gdf/bin/python(_PyEval_EvalFrameDefault+0x67d) [0x560abd9c6d9d]
48  /datasets/pentschev/miniconda3/envs/gdf/bin/python(_PyEval_EvalCodeWithName+0x2e1) [0x560abd9c5461]
49  /datasets/pentschev/miniconda3/envs/gdf/bin/python(_PyFunction_Vectorcall+0x18c) [0x560abd9d733c]
50  /datasets/pentschev/miniconda3/envs/gdf/bin/python(_PyEval_EvalFrameDefault+0x67d) [0x560abd9c6d9d]
51  /datasets/pentschev/miniconda3/envs/gdf/bin/python(_PyFunction_Vectorcall+0xf6) [0x560abd9d72a6]
52  /datasets/pentschev/miniconda3/envs/gdf/bin/python(_PyEval_EvalFrameDefault+0x38b) [0x560abd9c6aab]
53  /datasets/pentschev/miniconda3/envs/gdf/bin/python(_PyEval_EvalCodeWithName+0x2e1) [0x560abd9c5461]
54  /datasets/pentschev/miniconda3/envs/gdf/bin/python(_PyFunction_Vectorcall+0x18c) [0x560abd9d733c]
55  /datasets/pentschev/miniconda3/envs/gdf/bin/python(_PyEval_EvalFrameDefault+0x10e8) [0x560abd9c7808]
56  /datasets/pentschev/miniconda3/envs/gdf/bin/python(_PyEval_EvalCodeWithName+0x2e1) [0x560abd9c5461]
57  /datasets/pentschev/miniconda3/envs/gdf/bin/python(PyEval_EvalCodeEx+0x39) [0x560abda84de9]
58  /datasets/pentschev/miniconda3/envs/gdf/bin/python(PyEval_EvalCode+0x1b) [0x560abda84dab]
59  /datasets/pentschev/miniconda3/envs/gdf/bin/python(+0x1fa903) [0x560abdaa5903]
60  /datasets/pentschev/miniconda3/envs/gdf/bin/python(+0x1f98e3) [0x560abdaa48e3]
61  /datasets/pentschev/miniconda3/envs/gdf/bin/python(PyRun_StringFlags+0x7d) [0x560abdaa22ad]
=================================
2022-10-20 00:09:31,066 - distributed.worker - ERROR - Worker stream died during communication: ucx://127.0.0.1:36791
Traceback (most recent call last):
  File "/datasets/pentschev/miniconda3/envs/gdf/lib/python3.8/site-packages/distributed/comm/ucx.py", line 316, in read
    await self.ep.recv(msg)
  File "/datasets/pentschev/miniconda3/envs/gdf/lib/python3.8/site-packages/ucp/core.py", line 725, in recv
    ret = await comm.tag_recv(self._ep, buffer, nbytes, tag, name=log)
ucp._libs.exceptions.UCXCanceled: <[Recv #003] ep: 0x7fb5fc1381c0, tag: 0x7d4db51aee3588d9, nbytes: 16, type: <class 'numpy.ndarray'>>: 

During handling of the above exception, another exception occurred:

Traceback (most recent call last):
  File "/datasets/pentschev/miniconda3/envs/gdf/lib/python3.8/site-packages/distributed/worker.py", line 2042, in gather_dep
    response = await get_data_from_worker(
  File "/datasets/pentschev/miniconda3/envs/gdf/lib/python3.8/site-packages/distributed/worker.py", line 2831, in get_data_from_worker
    return await retry_operation(_get_data, operation="get_data_from_worker")
  File "/datasets/pentschev/miniconda3/envs/gdf/lib/python3.8/site-packages/distributed/utils_comm.py", line 383, in retry_operation
    return await retry(
  File "/datasets/pentschev/miniconda3/envs/gdf/lib/python3.8/site-packages/distributed/utils_comm.py", line 368, in retry
    return await coro()
  File "/datasets/pentschev/miniconda3/envs/gdf/lib/python3.8/site-packages/distributed/worker.py", line 2811, in _get_data
    response = await send_recv(
  File "/datasets/pentschev/miniconda3/envs/gdf/lib/python3.8/site-packages/distributed/core.py", line 919, in send_recv
    response = await comm.read(deserializers=deserializers)
  File "/datasets/pentschev/miniconda3/envs/gdf/lib/python3.8/site-packages/distributed/utils.py", line 742, in wrapper
    return await func(*args, **kwargs)
  File "/datasets/pentschev/miniconda3/envs/gdf/lib/python3.8/site-packages/distributed/comm/ucx.py", line 334, in read
    raise CommClosedError(
distributed.comm.core.CommClosedError: Connection closed by writer.
Inner exception: UCXCanceled("<[Recv #003] ep: 0x7fb5fc1381c0, tag: 0x7d4db51aee3588d9, nbytes: 16, type: <class 'numpy.ndarray'>>: ")
2022-10-20 00:09:31,069 - distributed.worker - ERROR - Worker stream died during communication: ucx://127.0.0.1:36713
Traceback (most recent call last):
  File "/datasets/pentschev/miniconda3/envs/gdf/lib/python3.8/site-packages/distributed/comm/ucx.py", line 316, in read
    await self.ep.recv(msg)
  File "/datasets/pentschev/miniconda3/envs/gdf/lib/python3.8/site-packages/ucp/core.py", line 725, in recv
    ret = await comm.tag_recv(self._ep, buffer, nbytes, tag, name=log)
ucp._libs.exceptions.UCXCanceled: <[Recv #008] ep: 0x7feb000e81c0, tag: 0x6b4e57132cba6ab2, nbytes: 16, type: <class 'numpy.ndarray'>>: 

During handling of the above exception, another exception occurred:

Traceback (most recent call last):
  File "/datasets/pentschev/miniconda3/envs/gdf/lib/python3.8/site-packages/distributed/worker.py", line 2042, in gather_dep
    response = await get_data_from_worker(
  File "/datasets/pentschev/miniconda3/envs/gdf/lib/python3.8/site-packages/distributed/worker.py", line 2831, in get_data_from_worker
    return await retry_operation(_get_data, operation="get_data_from_worker")
  File "/datasets/pentschev/miniconda3/envs/gdf/lib/python3.8/site-packages/distributed/utils_comm.py", line 383, in retry_operation
    return await retry(
  File "/datasets/pentschev/miniconda3/envs/gdf/lib/python3.8/site-packages/distributed/utils_comm.py", line 368, in retry
    return await coro()
  File "/datasets/pentschev/miniconda3/envs/gdf/lib/python3.8/site-packages/distributed/worker.py", line 2811, in _get_data
    response = await send_recv(
  File "/datasets/pentschev/miniconda3/envs/gdf/lib/python3.8/site-packages/distributed/core.py", line 919, in send_recv
    response = await comm.read(deserializers=deserializers)
  File "/datasets/pentschev/miniconda3/envs/gdf/lib/python3.8/site-packages/distributed/utils.py", line 742, in wrapper
    return await func(*args, **kwargs)
  File "/datasets/pentschev/miniconda3/envs/gdf/lib/python3.8/site-packages/distributed/comm/ucx.py", line 334, in read
    raise CommClosedError(
distributed.comm.core.CommClosedError: Connection closed by writer.
Inner exception: UCXCanceled("<[Recv #008] ep: 0x7feb000e81c0, tag: 0x6b4e57132cba6ab2, nbytes: 16, type: <class 'numpy.ndarray'>>: ")
2022-10-20 00:09:31,093 - distributed.nanny - WARNING - Restarting worker
2022-10-20 00:09:31,140 - distributed.nanny - WARNING - Restarting worker
2022-10-20 00:09:31,176 - distributed.nanny - WARNING - Restarting worker
2022-10-20 00:09:31,180 - distributed.worker - ERROR - Worker stream died during communication: ucx://127.0.0.1:36791
Traceback (most recent call last):
  File "/datasets/pentschev/miniconda3/envs/gdf/lib/python3.8/site-packages/distributed/comm/ucx.py", line 316, in read
    await self.ep.recv(msg)
  File "/datasets/pentschev/miniconda3/envs/gdf/lib/python3.8/site-packages/ucp/core.py", line 725, in recv
    ret = await comm.tag_recv(self._ep, buffer, nbytes, tag, name=log)
ucp._libs.exceptions.UCXCanceled: <[Recv #008] ep: 0x7f9b82f2a180, tag: 0x155c35884ebd1558, nbytes: 16, type: <class 'numpy.ndarray'>>: 

During handling of the above exception, another exception occurred:

Traceback (most recent call last):
  File "/datasets/pentschev/miniconda3/envs/gdf/lib/python3.8/site-packages/distributed/worker.py", line 2042, in gather_dep
    response = await get_data_from_worker(
  File "/datasets/pentschev/miniconda3/envs/gdf/lib/python3.8/site-packages/distributed/worker.py", line 2831, in get_data_from_worker
    return await retry_operation(_get_data, operation="get_data_from_worker")
  File "/datasets/pentschev/miniconda3/envs/gdf/lib/python3.8/site-packages/distributed/utils_comm.py", line 383, in retry_operation
    return await retry(
  File "/datasets/pentschev/miniconda3/envs/gdf/lib/python3.8/site-packages/distributed/utils_comm.py", line 368, in retry
    return await coro()
  File "/datasets/pentschev/miniconda3/envs/gdf/lib/python3.8/site-packages/distributed/worker.py", line 2811, in _get_data
    response = await send_recv(
  File "/datasets/pentschev/miniconda3/envs/gdf/lib/python3.8/site-packages/distributed/core.py", line 919, in send_recv
    response = await comm.read(deserializers=deserializers)
  File "/datasets/pentschev/miniconda3/envs/gdf/lib/python3.8/site-packages/distributed/utils.py", line 742, in wrapper
    return await func(*args, **kwargs)
  File "/datasets/pentschev/miniconda3/envs/gdf/lib/python3.8/site-packages/distributed/comm/ucx.py", line 334, in read
    raise CommClosedError(
distributed.comm.core.CommClosedError: Connection closed by writer.
Inner exception: UCXCanceled("<[Recv #008] ep: 0x7f9b82f2a180, tag: 0x155c35884ebd1558, nbytes: 16, type: <class 'numpy.ndarray'>>: ")
2022-10-20 00:09:31,180 - distributed.worker - ERROR - Worker stream died during communication: ucx://127.0.0.1:36713
Traceback (most recent call last):
  File "/datasets/pentschev/miniconda3/envs/gdf/lib/python3.8/site-packages/distributed/comm/ucx.py", line 316, in read
    await self.ep.recv(msg)
  File "/datasets/pentschev/miniconda3/envs/gdf/lib/python3.8/site-packages/ucp/core.py", line 725, in recv
    ret = await comm.tag_recv(self._ep, buffer, nbytes, tag, name=log)
ucp._libs.exceptions.UCXCanceled: <[Recv #013] ep: 0x7f9b82f2a140, tag: 0x836249c541afa40e, nbytes: 16, type: <class 'numpy.ndarray'>>: 

During handling of the above exception, another exception occurred:

Traceback (most recent call last):
  File "/datasets/pentschev/miniconda3/envs/gdf/lib/python3.8/site-packages/distributed/worker.py", line 2042, in gather_dep
    response = await get_data_from_worker(
  File "/datasets/pentschev/miniconda3/envs/gdf/lib/python3.8/site-packages/distributed/worker.py", line 2831, in get_data_from_worker
    return await retry_operation(_get_data, operation="get_data_from_worker")
  File "/datasets/pentschev/miniconda3/envs/gdf/lib/python3.8/site-packages/distributed/utils_comm.py", line 383, in retry_operation
    return await retry(
  File "/datasets/pentschev/miniconda3/envs/gdf/lib/python3.8/site-packages/distributed/utils_comm.py", line 368, in retry
    return await coro()
  File "/datasets/pentschev/miniconda3/envs/gdf/lib/python3.8/site-packages/distributed/worker.py", line 2811, in _get_data
    response = await send_recv(
  File "/datasets/pentschev/miniconda3/envs/gdf/lib/python3.8/site-packages/distributed/core.py", line 919, in send_recv
    response = await comm.read(deserializers=deserializers)
  File "/datasets/pentschev/miniconda3/envs/gdf/lib/python3.8/site-packages/distributed/utils.py", line 742, in wrapper
    return await func(*args, **kwargs)
  File "/datasets/pentschev/miniconda3/envs/gdf/lib/python3.8/site-packages/distributed/comm/ucx.py", line 334, in read
    raise CommClosedError(
distributed.comm.core.CommClosedError: Connection closed by writer.
Inner exception: UCXCanceled("<[Recv #013] ep: 0x7f9b82f2a140, tag: 0x836249c541afa40e, nbytes: 16, type: <class 'numpy.ndarray'>>: ")
2022-10-20 00:09:31,208 - distributed.nanny - WARNING - Restarting worker
2022-10-20 00:09:31,226 - distributed.worker - ERROR - Worker stream died during communication: ucx://127.0.0.1:34063
Traceback (most recent call last):
  File "/datasets/pentschev/miniconda3/envs/gdf/lib/python3.8/site-packages/distributed/comm/ucx.py", line 358, in read
    await self.ep.recv(each_frame)
  File "/datasets/pentschev/miniconda3/envs/gdf/lib/python3.8/site-packages/ucp/core.py", line 725, in recv
    ret = await comm.tag_recv(self._ep, buffer, nbytes, tag, name=log)
ucp._libs.exceptions.UCXError: <[Recv #007] ep: 0x7fb5fc138140, tag: 0xf6f1f730fa4f2349, nbytes: 50000000, type: <class 'rmm._lib.device_buffer.DeviceBuffer'>>: Endpoint timeout

During handling of the above exception, another exception occurred:

Traceback (most recent call last):
  File "/datasets/pentschev/miniconda3/envs/gdf/lib/python3.8/site-packages/distributed/worker.py", line 2042, in gather_dep
    response = await get_data_from_worker(
  File "/datasets/pentschev/miniconda3/envs/gdf/lib/python3.8/site-packages/distributed/worker.py", line 2831, in get_data_from_worker
    return await retry_operation(_get_data, operation="get_data_from_worker")
  File "/datasets/pentschev/miniconda3/envs/gdf/lib/python3.8/site-packages/distributed/utils_comm.py", line 383, in retry_operation
    return await retry(
  File "/datasets/pentschev/miniconda3/envs/gdf/lib/python3.8/site-packages/distributed/utils_comm.py", line 368, in retry
    return await coro()
  File "/datasets/pentschev/miniconda3/envs/gdf/lib/python3.8/site-packages/distributed/worker.py", line 2811, in _get_data
    response = await send_recv(
  File "/datasets/pentschev/miniconda3/envs/gdf/lib/python3.8/site-packages/distributed/core.py", line 919, in send_recv
    response = await comm.read(deserializers=deserializers)
  File "/datasets/pentschev/miniconda3/envs/gdf/lib/python3.8/site-packages/distributed/utils.py", line 742, in wrapper
    return await func(*args, **kwargs)
  File "/datasets/pentschev/miniconda3/envs/gdf/lib/python3.8/site-packages/distributed/comm/ucx.py", line 364, in read
    raise CommClosedError(
distributed.comm.core.CommClosedError: Connection closed by writer.
Inner exception: UCXError("<[Recv #007] ep: 0x7fb5fc138140, tag: 0xf6f1f730fa4f2349, nbytes: 50000000, type: <class 'rmm._lib.device_buffer.DeviceBuffer'>>: Endpoint timeout")
2022-10-20 00:09:31,227 - distributed.worker - ERROR - failed during get data with ucx://127.0.0.1:36297 -> ucx://127.0.0.1:34063
Traceback (most recent call last):
  File "/datasets/pentschev/miniconda3/envs/gdf/lib/python3.8/site-packages/distributed/comm/ucx.py", line 300, in write
    await self.ep.send(each_frame)
  File "/datasets/pentschev/miniconda3/envs/gdf/lib/python3.8/site-packages/ucp/core.py", line 650, in send
    return await comm.tag_send(self._ep, buffer, nbytes, tag, name=log)
ucp._libs.exceptions.UCXError: <[Send #007] ep: 0x7fb5fc138300, tag: 0x2c78be187dc6b074, nbytes: 50000000, type: <class 'cupy.ndarray'>>: Endpoint timeout

During handling of the above exception, another exception occurred:

Traceback (most recent call last):
  File "/datasets/pentschev/miniconda3/envs/gdf/lib/python3.8/site-packages/distributed/worker.py", line 1748, in get_data
    compressed = await comm.write(msg, serializers=serializers)
  File "/datasets/pentschev/miniconda3/envs/gdf/lib/python3.8/site-packages/distributed/utils.py", line 742, in wrapper
    return await func(*args, **kwargs)
  File "/datasets/pentschev/miniconda3/envs/gdf/lib/python3.8/site-packages/distributed/comm/ucx.py", line 304, in write
    raise CommClosedError("While writing, the connection was closed")
distributed.comm.core.CommClosedError: While writing, the connection was closed
2022-10-20 00:09:31,324 - distributed.nanny - WARNING - Restarting worker
2022-10-20 00:09:32,898 - distributed.preloading - INFO - Creating preload: dask_cuda.initialize
2022-10-20 00:09:32,898 - distributed.preloading - INFO - Import preload module: dask_cuda.initialize
2022-10-20 00:09:32,901 - distributed.preloading - INFO - Creating preload: dask_cuda.initialize
2022-10-20 00:09:32,901 - distributed.preloading - INFO - Import preload module: dask_cuda.initialize
2022-10-20 00:09:32,924 - distributed.preloading - INFO - Creating preload: dask_cuda.initialize
2022-10-20 00:09:32,925 - distributed.preloading - INFO - Import preload module: dask_cuda.initialize
2022-10-20 00:09:32,990 - distributed.preloading - INFO - Creating preload: dask_cuda.initialize
2022-10-20 00:09:32,990 - distributed.preloading - INFO - Import preload module: dask_cuda.initialize
2022-10-20 00:09:33,044 - distributed.preloading - INFO - Creating preload: dask_cuda.initialize
2022-10-20 00:09:33,044 - distributed.preloading - INFO - Import preload module: dask_cuda.initialize
2022-10-20 00:10:00,711 - distributed.worker - ERROR - Worker stream died during communication: ucx://127.0.0.1:51941
Traceback (most recent call last):
  File "/datasets/pentschev/miniconda3/envs/gdf/lib/python3.8/site-packages/distributed/comm/core.py", line 291, in connect
    comm = await asyncio.wait_for(
  File "/datasets/pentschev/miniconda3/envs/gdf/lib/python3.8/asyncio/tasks.py", line 501, in wait_for
    raise exceptions.TimeoutError()
asyncio.exceptions.TimeoutError

The above exception was the direct cause of the following exception:

Traceback (most recent call last):
  File "/datasets/pentschev/miniconda3/envs/gdf/lib/python3.8/site-packages/distributed/worker.py", line 2042, in gather_dep
    response = await get_data_from_worker(
  File "/datasets/pentschev/miniconda3/envs/gdf/lib/python3.8/site-packages/distributed/worker.py", line 2831, in get_data_from_worker
    return await retry_operation(_get_data, operation="get_data_from_worker")
  File "/datasets/pentschev/miniconda3/envs/gdf/lib/python3.8/site-packages/distributed/utils_comm.py", line 383, in retry_operation
    return await retry(
  File "/datasets/pentschev/miniconda3/envs/gdf/lib/python3.8/site-packages/distributed/utils_comm.py", line 368, in retry
    return await coro()
  File "/datasets/pentschev/miniconda3/envs/gdf/lib/python3.8/site-packages/distributed/worker.py", line 2808, in _get_data
    comm = await rpc.connect(worker)
  File "/datasets/pentschev/miniconda3/envs/gdf/lib/python3.8/site-packages/distributed/core.py", line 1372, in connect
    return await connect_attempt
  File "/datasets/pentschev/miniconda3/envs/gdf/lib/python3.8/site-packages/distributed/core.py", line 1308, in _connect
    comm = await connect(
  File "/datasets/pentschev/miniconda3/envs/gdf/lib/python3.8/site-packages/distributed/comm/core.py", line 317, in connect
    raise OSError(
OSError: Timed out trying to connect to ucx://127.0.0.1:51941 after 30 s
2022-10-20 00:10:00,712 - distributed.worker - ERROR - Worker stream died during communication: ucx://127.0.0.1:51941
Traceback (most recent call last):
  File "/datasets/pentschev/miniconda3/envs/gdf/lib/python3.8/site-packages/distributed/comm/core.py", line 291, in connect
    comm = await asyncio.wait_for(
  File "/datasets/pentschev/miniconda3/envs/gdf/lib/python3.8/asyncio/tasks.py", line 501, in wait_for
    raise exceptions.TimeoutError()
asyncio.exceptions.TimeoutError

The above exception was the direct cause of the following exception:

Traceback (most recent call last):
  File "/datasets/pentschev/miniconda3/envs/gdf/lib/python3.8/site-packages/distributed/worker.py", line 2042, in gather_dep
    response = await get_data_from_worker(
  File "/datasets/pentschev/miniconda3/envs/gdf/lib/python3.8/site-packages/distributed/worker.py", line 2831, in get_data_from_worker
    return await retry_operation(_get_data, operation="get_data_from_worker")
  File "/datasets/pentschev/miniconda3/envs/gdf/lib/python3.8/site-packages/distributed/utils_comm.py", line 383, in retry_operation
    return await retry(
  File "/datasets/pentschev/miniconda3/envs/gdf/lib/python3.8/site-packages/distributed/utils_comm.py", line 368, in retry
    return await coro()
  File "/datasets/pentschev/miniconda3/envs/gdf/lib/python3.8/site-packages/distributed/worker.py", line 2808, in _get_data
    comm = await rpc.connect(worker)
  File "/datasets/pentschev/miniconda3/envs/gdf/lib/python3.8/site-packages/distributed/core.py", line 1372, in connect
    return await connect_attempt
  File "/datasets/pentschev/miniconda3/envs/gdf/lib/python3.8/site-packages/distributed/core.py", line 1308, in _connect
    comm = await connect(
  File "/datasets/pentschev/miniconda3/envs/gdf/lib/python3.8/site-packages/distributed/comm/core.py", line 317, in connect
    raise OSError(
OSError: Timed out trying to connect to ucx://127.0.0.1:51941 after 30 s
2022-10-20 00:10:00,712 - distributed.worker - ERROR - Worker stream died during communication: ucx://127.0.0.1:51941
Traceback (most recent call last):
  File "/datasets/pentschev/miniconda3/envs/gdf/lib/python3.8/site-packages/distributed/comm/core.py", line 291, in connect
    comm = await asyncio.wait_for(
  File "/datasets/pentschev/miniconda3/envs/gdf/lib/python3.8/asyncio/tasks.py", line 501, in wait_for
    raise exceptions.TimeoutError()
asyncio.exceptions.TimeoutError

The above exception was the direct cause of the following exception:

Traceback (most recent call last):
  File "/datasets/pentschev/miniconda3/envs/gdf/lib/python3.8/site-packages/distributed/worker.py", line 2042, in gather_dep
    response = await get_data_from_worker(
  File "/datasets/pentschev/miniconda3/envs/gdf/lib/python3.8/site-packages/distributed/worker.py", line 2831, in get_data_from_worker
    return await retry_operation(_get_data, operation="get_data_from_worker")
  File "/datasets/pentschev/miniconda3/envs/gdf/lib/python3.8/site-packages/distributed/utils_comm.py", line 383, in retry_operation
    return await retry(
  File "/datasets/pentschev/miniconda3/envs/gdf/lib/python3.8/site-packages/distributed/utils_comm.py", line 368, in retry
    return await coro()
  File "/datasets/pentschev/miniconda3/envs/gdf/lib/python3.8/site-packages/distributed/worker.py", line 2808, in _get_data
    comm = await rpc.connect(worker)
  File "/datasets/pentschev/miniconda3/envs/gdf/lib/python3.8/site-packages/distributed/core.py", line 1372, in connect
    return await connect_attempt
  File "/datasets/pentschev/miniconda3/envs/gdf/lib/python3.8/site-packages/distributed/core.py", line 1308, in _connect
    comm = await connect(
  File "/datasets/pentschev/miniconda3/envs/gdf/lib/python3.8/site-packages/distributed/comm/core.py", line 317, in connect
    raise OSError(
OSError: Timed out trying to connect to ucx://127.0.0.1:51941 after 30 s
2022-10-20 00:10:01,244 - distributed.worker - ERROR - Worker stream died during communication: ucx://127.0.0.1:34063
Traceback (most recent call last):
  File "/datasets/pentschev/miniconda3/envs/gdf/lib/python3.8/site-packages/distributed/comm/core.py", line 291, in connect
    comm = await asyncio.wait_for(
  File "/datasets/pentschev/miniconda3/envs/gdf/lib/python3.8/asyncio/tasks.py", line 501, in wait_for
    raise exceptions.TimeoutError()
asyncio.exceptions.TimeoutError

The above exception was the direct cause of the following exception:

Traceback (most recent call last):
  File "/datasets/pentschev/miniconda3/envs/gdf/lib/python3.8/site-packages/distributed/worker.py", line 2042, in gather_dep
    response = await get_data_from_worker(
  File "/datasets/pentschev/miniconda3/envs/gdf/lib/python3.8/site-packages/distributed/worker.py", line 2831, in get_data_from_worker
    return await retry_operation(_get_data, operation="get_data_from_worker")
  File "/datasets/pentschev/miniconda3/envs/gdf/lib/python3.8/site-packages/distributed/utils_comm.py", line 383, in retry_operation
    return await retry(
  File "/datasets/pentschev/miniconda3/envs/gdf/lib/python3.8/site-packages/distributed/utils_comm.py", line 368, in retry
    return await coro()
  File "/datasets/pentschev/miniconda3/envs/gdf/lib/python3.8/site-packages/distributed/worker.py", line 2808, in _get_data
    comm = await rpc.connect(worker)
  File "/datasets/pentschev/miniconda3/envs/gdf/lib/python3.8/site-packages/distributed/core.py", line 1372, in connect
    return await connect_attempt
  File "/datasets/pentschev/miniconda3/envs/gdf/lib/python3.8/site-packages/distributed/core.py", line 1308, in _connect
    comm = await connect(
  File "/datasets/pentschev/miniconda3/envs/gdf/lib/python3.8/site-packages/distributed/comm/core.py", line 317, in connect
    raise OSError(
OSError: Timed out trying to connect to ucx://127.0.0.1:34063 after 30 s
/datasets/pentschev/miniconda3/envs/gdf/lib/python3.8/multiprocessing/resource_tracker.py:216: UserWarning: resource_tracker: There appear to be 48 leaked semaphore objects to clean up at shutdown
  warnings.warn('resource_tracker: There appear to be %d '
