[dgx13:92241:0:92241] Caught signal 11 (Segmentation fault: address not mapped to object at address 0x448)
==== backtrace (tid:  92241) ====
 0  /opt/conda/envs/gdf/lib/libucs.so.0(ucs_handle_error+0x2fd) [0x7ff70910f07d]
 1  /opt/conda/envs/gdf/lib/libucs.so.0(+0x2a274) [0x7ff70910f274]
 2  /opt/conda/envs/gdf/lib/libucs.so.0(+0x2a43a) [0x7ff70910f43a]
 3  /usr/lib/x86_64-linux-gnu/libpthread.so.0(+0x14420) [0x7ff745deb420]
 4  /opt/conda/envs/gdf/lib/libucp.so.0(ucp_mem_type_unpack+0x14) [0x7ff70918e6b4]
 5  /opt/conda/envs/gdf/lib/libucp.so.0(ucp_rndv_data_handler+0x4e9) [0x7ff7091b7839]
 6  /opt/conda/envs/gdf/lib/libuct.so.0(+0x203df) [0x7ff7090c93df]
 7  /opt/conda/envs/gdf/lib/libuct.so.0(+0x23838) [0x7ff7090cc838]
 8  /opt/conda/envs/gdf/lib/libucs.so.0(ucs_event_set_wait+0xb9) [0x7ff7091184a9]
 9  /opt/conda/envs/gdf/lib/libuct.so.0(uct_tcp_iface_progress+0x7d) [0x7ff7090cb5dd]
10  /opt/conda/envs/gdf/lib/libucp.so.0(ucp_worker_progress+0x5a) [0x7ff70918b8da]
11  /opt/conda/envs/gdf/lib/python3.9/site-packages/ucp/_libs/ucx_api.cpython-39-x86_64-linux-gnu.so(+0x3206a) [0x7ff70924406a]
12  /opt/conda/envs/gdf/bin/python(_PyEval_EvalFrameDefault+0x45a6) [0x5597c13783f6]
13  /opt/conda/envs/gdf/bin/python(+0x12dfb4) [0x5597c1372fb4]
14  /opt/conda/envs/gdf/bin/python(_PyFunction_Vectorcall+0xd9) [0x5597c1384469]
15  /opt/conda/envs/gdf/bin/python(_PyEval_EvalFrameDefault+0x696) [0x5597c13744e6]
16  /opt/conda/envs/gdf/bin/python(+0x1e26d2) [0x5597c14276d2]
17  /opt/conda/envs/gdf/lib/python3.9/lib-dynload/_asyncio.cpython-39-x86_64-linux-gnu.so(+0x81e9) [0x7ff73038a1e9]
18  /opt/conda/envs/gdf/bin/python(_PyObject_MakeTpCall+0x2ec) [0x5597c137c6ac]
19  /opt/conda/envs/gdf/bin/python(+0xf23ff) [0x5597c13373ff]
20  /opt/conda/envs/gdf/bin/python(+0x136723) [0x5597c137b723]
21  /opt/conda/envs/gdf/bin/python(_PyEval_EvalFrameDefault+0x5ad9) [0x5597c1379929]
22  /opt/conda/envs/gdf/bin/python(+0x13f712) [0x5597c1384712]
23  /opt/conda/envs/gdf/bin/python(_PyEval_EvalFrameDefault+0x696) [0x5597c13744e6]
24  /opt/conda/envs/gdf/bin/python(+0x13f712) [0x5597c1384712]
25  /opt/conda/envs/gdf/bin/python(_PyEval_EvalFrameDefault+0x696) [0x5597c13744e6]
26  /opt/conda/envs/gdf/bin/python(+0x13f712) [0x5597c1384712]
27  /opt/conda/envs/gdf/bin/python(_PyEval_EvalFrameDefault+0x696) [0x5597c13744e6]
28  /opt/conda/envs/gdf/bin/python(+0x13f712) [0x5597c1384712]
29  /opt/conda/envs/gdf/bin/python(_PyEval_EvalFrameDefault+0x696) [0x5597c13744e6]
30  /opt/conda/envs/gdf/bin/python(+0x12dfb4) [0x5597c1372fb4]
31  /opt/conda/envs/gdf/bin/python(_PyFunction_Vectorcall+0xd9) [0x5597c1384469]
32  /opt/conda/envs/gdf/bin/python(_PyEval_EvalFrameDefault+0x11f2) [0x5597c1375042]
33  /opt/conda/envs/gdf/bin/python(+0x12dfb4) [0x5597c1372fb4]
34  /opt/conda/envs/gdf/bin/python(+0x14c8cb) [0x5597c13918cb]
35  /opt/conda/envs/gdf/bin/python(PyObject_Call+0xbc) [0x5597c139204c]
36  /opt/conda/envs/gdf/bin/python(+0x21080e) [0x5597c145580e]
37  /opt/conda/envs/gdf/bin/python(_PyObject_MakeTpCall+0x2ec) [0x5597c137c6ac]
38  /opt/conda/envs/gdf/bin/python(_PyEval_EvalFrameDefault+0x45a6) [0x5597c13783f6]
39  /opt/conda/envs/gdf/bin/python(+0x13f712) [0x5597c1384712]
40  /opt/conda/envs/gdf/bin/python(+0x14c9ac) [0x5597c13919ac]
41  /opt/conda/envs/gdf/bin/python(_PyEval_EvalFrameDefault+0x45a6) [0x5597c13783f6]
42  /opt/conda/envs/gdf/bin/python(+0x13f712) [0x5597c1384712]
43  /opt/conda/envs/gdf/bin/python(_PyEval_EvalFrameDefault+0x696) [0x5597c13744e6]
44  /opt/conda/envs/gdf/bin/python(+0x12dfb4) [0x5597c1372fb4]
45  /opt/conda/envs/gdf/bin/python(_PyFunction_Vectorcall+0xd9) [0x5597c1384469]
46  /opt/conda/envs/gdf/bin/python(_PyEval_EvalFrameDefault+0x696) [0x5597c13744e6]
47  /opt/conda/envs/gdf/bin/python(+0x13f712) [0x5597c1384712]
48  /opt/conda/envs/gdf/bin/python(_PyEval_EvalFrameDefault+0x3e2) [0x5597c1374232]
49  /opt/conda/envs/gdf/bin/python(+0x12dfb4) [0x5597c1372fb4]
50  /opt/conda/envs/gdf/bin/python(_PyFunction_Vectorcall+0xd9) [0x5597c1384469]
51  /opt/conda/envs/gdf/bin/python(_PyEval_EvalFrameDefault+0x11f2) [0x5597c1375042]
52  /opt/conda/envs/gdf/bin/python(+0x12dfb4) [0x5597c1372fb4]
53  /opt/conda/envs/gdf/bin/python(_PyEval_EvalCodeWithName+0x48) [0x5597c1372c88]
54  /opt/conda/envs/gdf/bin/python(PyEval_EvalCodeEx+0x39) [0x5597c1372c39]
55  /opt/conda/envs/gdf/bin/python(PyEval_EvalCode+0x1b) [0x5597c14202cb]
56  /opt/conda/envs/gdf/bin/python(+0x2086ca) [0x5597c144d6ca]
57  /opt/conda/envs/gdf/bin/python(+0x204a63) [0x5597c1449a63]
58  /opt/conda/envs/gdf/bin/python(PyRun_StringFlags+0x9a) [0x5597c144187a]
59  /opt/conda/envs/gdf/bin/python(PyRun_SimpleStringFlags+0x3c) [0x5597c144176c]
60  /opt/conda/envs/gdf/bin/python(Py_RunMain+0x267) [0x5597c14409a7]
61  /opt/conda/envs/gdf/bin/python(Py_BytesMain+0x37) [0x5597c1414107]
=================================
[dgx13:92223:0:92223] Caught signal 11 (Segmentation fault: address not mapped to object at address 0x448)
==== backtrace (tid:  92223) ====
 0  /opt/conda/envs/gdf/lib/libucs.so.0(ucs_handle_error+0x2fd) [0x7f63bc64207d]
 1  /opt/conda/envs/gdf/lib/libucs.so.0(+0x2a274) [0x7f63bc642274]
 2  /opt/conda/envs/gdf/lib/libucs.so.0(+0x2a43a) [0x7f63bc64243a]
 3  /usr/lib/x86_64-linux-gnu/libpthread.so.0(+0x14420) [0x7f63e7197420]
 4  /opt/conda/envs/gdf/lib/libucp.so.0(ucp_mem_type_unpack+0x14) [0x7f63bc6c16b4]
 5  /opt/conda/envs/gdf/lib/libucp.so.0(ucp_rndv_data_handler+0x4e9) [0x7f63bc6ea839]
 6  /opt/conda/envs/gdf/lib/libuct.so.0(+0x203df) [0x7f63bc5fc3df]
 7  /opt/conda/envs/gdf/lib/libuct.so.0(+0x23838) [0x7f63bc5ff838]
 8  /opt/conda/envs/gdf/lib/libucs.so.0(ucs_event_set_wait+0xb9) [0x7f63bc64b4a9]
 9  /opt/conda/envs/gdf/lib/libuct.so.0(uct_tcp_iface_progress+0x7d) [0x7f63bc5fe5dd]
10  /opt/conda/envs/gdf/lib/libucp.so.0(ucp_worker_progress+0x5a) [0x7f63bc6be8da]
11  /opt/conda/envs/gdf/lib/python3.9/site-packages/ucp/_libs/ucx_api.cpython-39-x86_64-linux-gnu.so(+0x3206a) [0x7f63bc77706a]
12  /opt/conda/envs/gdf/bin/python(_PyEval_EvalFrameDefault+0x45a6) [0x55bb62bf73f6]
13  /opt/conda/envs/gdf/bin/python(+0x12dfb4) [0x55bb62bf1fb4]
14  /opt/conda/envs/gdf/bin/python(_PyFunction_Vectorcall+0xd9) [0x55bb62c03469]
15  /opt/conda/envs/gdf/bin/python(_PyEval_EvalFrameDefault+0x696) [0x55bb62bf34e6]
16  /opt/conda/envs/gdf/bin/python(+0x13f712) [0x55bb62c03712]
17  /opt/conda/envs/gdf/bin/python(+0x14ca83) [0x55bb62c10a83]
18  /opt/conda/envs/gdf/bin/python(+0x25819c) [0x55bb62d1c19c]
19  /opt/conda/envs/gdf/bin/python(+0xf23ff) [0x55bb62bb63ff]
20  /opt/conda/envs/gdf/bin/python(+0x136723) [0x55bb62bfa723]
21  /opt/conda/envs/gdf/bin/python(_PyEval_EvalFrameDefault+0x5ad9) [0x55bb62bf8929]
22  /opt/conda/envs/gdf/bin/python(+0x13f712) [0x55bb62c03712]
23  /opt/conda/envs/gdf/bin/python(_PyEval_EvalFrameDefault+0x696) [0x55bb62bf34e6]
24  /opt/conda/envs/gdf/bin/python(+0x13f712) [0x55bb62c03712]
25  /opt/conda/envs/gdf/bin/python(_PyEval_EvalFrameDefault+0x696) [0x55bb62bf34e6]
26  /opt/conda/envs/gdf/bin/python(+0x13f712) [0x55bb62c03712]
27  /opt/conda/envs/gdf/bin/python(_PyEval_EvalFrameDefault+0x696) [0x55bb62bf34e6]
28  /opt/conda/envs/gdf/bin/python(+0x13f712) [0x55bb62c03712]
29  /opt/conda/envs/gdf/bin/python(_PyEval_EvalFrameDefault+0x696) [0x55bb62bf34e6]
30  /opt/conda/envs/gdf/bin/python(+0x12dfb4) [0x55bb62bf1fb4]
31  /opt/conda/envs/gdf/bin/python(_PyFunction_Vectorcall+0xd9) [0x55bb62c03469]
32  /opt/conda/envs/gdf/bin/python(_PyEval_EvalFrameDefault+0x11f2) [0x55bb62bf4042]
33  /opt/conda/envs/gdf/bin/python(+0x12dfb4) [0x55bb62bf1fb4]
34  /opt/conda/envs/gdf/bin/python(+0x14c8cb) [0x55bb62c108cb]
35  /opt/conda/envs/gdf/bin/python(PyObject_Call+0xbc) [0x55bb62c1104c]
36  /opt/conda/envs/gdf/bin/python(+0x21080e) [0x55bb62cd480e]
37  /opt/conda/envs/gdf/bin/python(_PyObject_MakeTpCall+0x2ec) [0x55bb62bfb6ac]
38  /opt/conda/envs/gdf/bin/python(_PyEval_EvalFrameDefault+0x45a6) [0x55bb62bf73f6]
39  /opt/conda/envs/gdf/bin/python(+0x13f712) [0x55bb62c03712]
40  /opt/conda/envs/gdf/bin/python(+0x14c9ac) [0x55bb62c109ac]
41  /opt/conda/envs/gdf/bin/python(_PyEval_EvalFrameDefault+0x45a6) [0x55bb62bf73f6]
42  /opt/conda/envs/gdf/bin/python(+0x13f712) [0x55bb62c03712]
43  /opt/conda/envs/gdf/bin/python(_PyEval_EvalFrameDefault+0x696) [0x55bb62bf34e6]
44  /opt/conda/envs/gdf/bin/python(+0x12dfb4) [0x55bb62bf1fb4]
45  /opt/conda/envs/gdf/bin/python(_PyFunction_Vectorcall+0xd9) [0x55bb62c03469]
46  /opt/conda/envs/gdf/bin/python(_PyEval_EvalFrameDefault+0x696) [0x55bb62bf34e6]
47  /opt/conda/envs/gdf/bin/python(+0x13f712) [0x55bb62c03712]
48  /opt/conda/envs/gdf/bin/python(_PyEval_EvalFrameDefault+0x3e2) [0x55bb62bf3232]
49  /opt/conda/envs/gdf/bin/python(+0x12dfb4) [0x55bb62bf1fb4]
50  /opt/conda/envs/gdf/bin/python(_PyFunction_Vectorcall+0xd9) [0x55bb62c03469]
51  /opt/conda/envs/gdf/bin/python(_PyEval_EvalFrameDefault+0x11f2) [0x55bb62bf4042]
52  /opt/conda/envs/gdf/bin/python(+0x12dfb4) [0x55bb62bf1fb4]
53  /opt/conda/envs/gdf/bin/python(_PyEval_EvalCodeWithName+0x48) [0x55bb62bf1c88]
54  /opt/conda/envs/gdf/bin/python(PyEval_EvalCodeEx+0x39) [0x55bb62bf1c39]
55  /opt/conda/envs/gdf/bin/python(PyEval_EvalCode+0x1b) [0x55bb62c9f2cb]
56  /opt/conda/envs/gdf/bin/python(+0x2086ca) [0x55bb62ccc6ca]
57  /opt/conda/envs/gdf/bin/python(+0x204a63) [0x55bb62cc8a63]
58  /opt/conda/envs/gdf/bin/python(PyRun_StringFlags+0x9a) [0x55bb62cc087a]
59  /opt/conda/envs/gdf/bin/python(PyRun_SimpleStringFlags+0x3c) [0x55bb62cc076c]
60  /opt/conda/envs/gdf/bin/python(Py_RunMain+0x267) [0x55bb62cbf9a7]
61  /opt/conda/envs/gdf/bin/python(Py_BytesMain+0x37) [0x55bb62c93107]
=================================
[dgx13:92238:0:92238] Caught signal 11 (Segmentation fault: address not mapped to object at address 0x448)
==== backtrace (tid:  92238) ====
 0  /opt/conda/envs/gdf/lib/libucs.so.0(ucs_handle_error+0x2fd) [0x7f7c12fe907d]
 1  /opt/conda/envs/gdf/lib/libucs.so.0(+0x2a274) [0x7f7c12fe9274]
 2  /opt/conda/envs/gdf/lib/libucs.so.0(+0x2a43a) [0x7f7c12fe943a]
 3  /usr/lib/x86_64-linux-gnu/libpthread.so.0(+0x14420) [0x7f7c4bcc5420]
 4  /opt/conda/envs/gdf/lib/libucp.so.0(ucp_mem_type_unpack+0x14) [0x7f7c130686b4]
 5  /opt/conda/envs/gdf/lib/libucp.so.0(ucp_rndv_data_handler+0x4e9) [0x7f7c13091839]
 6  /opt/conda/envs/gdf/lib/libuct.so.0(+0x203df) [0x7f7c12fa33df]
 7  /opt/conda/envs/gdf/lib/libuct.so.0(+0x23838) [0x7f7c12fa6838]
 8  /opt/conda/envs/gdf/lib/libucs.so.0(ucs_event_set_wait+0xb9) [0x7f7c12ff24a9]
 9  /opt/conda/envs/gdf/lib/libuct.so.0(uct_tcp_iface_progress+0x7d) [0x7f7c12fa55dd]
10  /opt/conda/envs/gdf/lib/libucp.so.0(ucp_worker_progress+0x5a) [0x7f7c130658da]
11  /opt/conda/envs/gdf/lib/python3.9/site-packages/ucp/_libs/ucx_api.cpython-39-x86_64-linux-gnu.so(+0x3206a) [0x7f7c1311e06a]
12  /opt/conda/envs/gdf/bin/python(_PyEval_EvalFrameDefault+0x45a6) [0x5629c98513f6]
13  /opt/conda/envs/gdf/bin/python(+0x12dfb4) [0x5629c984bfb4]
14  /opt/conda/envs/gdf/bin/python(_PyFunction_Vectorcall+0xd9) [0x5629c985d469]
15  /opt/conda/envs/gdf/bin/python(_PyEval_EvalFrameDefault+0x696) [0x5629c984d4e6]
16  /opt/conda/envs/gdf/bin/python(+0x1e26d2) [0x5629c99006d2]
17  /opt/conda/envs/gdf/lib/python3.9/lib-dynload/_asyncio.cpython-39-x86_64-linux-gnu.so(+0x81e9) [0x7f7c3625f1e9]
18  /opt/conda/envs/gdf/bin/python(_PyObject_MakeTpCall+0x2ec) [0x5629c98556ac]
19  /opt/conda/envs/gdf/bin/python(+0xf23ff) [0x5629c98103ff]
20  /opt/conda/envs/gdf/bin/python(+0x136723) [0x5629c9854723]
21  /opt/conda/envs/gdf/bin/python(_PyEval_EvalFrameDefault+0x5ad9) [0x5629c9852929]
22  /opt/conda/envs/gdf/bin/python(+0x13f712) [0x5629c985d712]
23  /opt/conda/envs/gdf/bin/python(_PyEval_EvalFrameDefault+0x696) [0x5629c984d4e6]
24  /opt/conda/envs/gdf/bin/python(+0x13f712) [0x5629c985d712]
25  /opt/conda/envs/gdf/bin/python(_PyEval_EvalFrameDefault+0x696) [0x5629c984d4e6]
26  /opt/conda/envs/gdf/bin/python(+0x13f712) [0x5629c985d712]
27  /opt/conda/envs/gdf/bin/python(_PyEval_EvalFrameDefault+0x696) [0x5629c984d4e6]
28  /opt/conda/envs/gdf/bin/python(+0x13f712) [0x5629c985d712]
29  /opt/conda/envs/gdf/bin/python(_PyEval_EvalFrameDefault+0x696) [0x5629c984d4e6]
30  /opt/conda/envs/gdf/bin/python(+0x12dfb4) [0x5629c984bfb4]
31  /opt/conda/envs/gdf/bin/python(_PyFunction_Vectorcall+0xd9) [0x5629c985d469]
32  /opt/conda/envs/gdf/bin/python(_PyEval_EvalFrameDefault+0x11f2) [0x5629c984e042]
33  /opt/conda/envs/gdf/bin/python(+0x12dfb4) [0x5629c984bfb4]
34  /opt/conda/envs/gdf/bin/python(+0x14c8cb) [0x5629c986a8cb]
35  /opt/conda/envs/gdf/bin/python(PyObject_Call+0xbc) [0x5629c986b04c]
36  /opt/conda/envs/gdf/bin/python(+0x21080e) [0x5629c992e80e]
37  /opt/conda/envs/gdf/bin/python(_PyObject_MakeTpCall+0x2ec) [0x5629c98556ac]
38  /opt/conda/envs/gdf/bin/python(_PyEval_EvalFrameDefault+0x45a6) [0x5629c98513f6]
39  /opt/conda/envs/gdf/bin/python(+0x13f712) [0x5629c985d712]
40  /opt/conda/envs/gdf/bin/python(+0x14c9ac) [0x5629c986a9ac]
41  /opt/conda/envs/gdf/bin/python(_PyEval_EvalFrameDefault+0x45a6) [0x5629c98513f6]
42  /opt/conda/envs/gdf/bin/python(+0x13f712) [0x5629c985d712]
43  /opt/conda/envs/gdf/bin/python(_PyEval_EvalFrameDefault+0x696) [0x5629c984d4e6]
44  /opt/conda/envs/gdf/bin/python(+0x12dfb4) [0x5629c984bfb4]
45  /opt/conda/envs/gdf/bin/python(_PyFunction_Vectorcall+0xd9) [0x5629c985d469]
46  /opt/conda/envs/gdf/bin/python(_PyEval_EvalFrameDefault+0x696) [0x5629c984d4e6]
47  /opt/conda/envs/gdf/bin/python(+0x13f712) [0x5629c985d712]
48  /opt/conda/envs/gdf/bin/python(_PyEval_EvalFrameDefault+0x3e2) [0x5629c984d232]
49  /opt/conda/envs/gdf/bin/python(+0x12dfb4) [0x5629c984bfb4]
50  /opt/conda/envs/gdf/bin/python(_PyFunction_Vectorcall+0xd9) [0x5629c985d469]
51  /opt/conda/envs/gdf/bin/python(_PyEval_EvalFrameDefault+0x11f2) [0x5629c984e042]
52  /opt/conda/envs/gdf/bin/python(+0x12dfb4) [0x5629c984bfb4]
53  /opt/conda/envs/gdf/bin/python(_PyEval_EvalCodeWithName+0x48) [0x5629c984bc88]
54  /opt/conda/envs/gdf/bin/python(PyEval_EvalCodeEx+0x39) [0x5629c984bc39]
55  /opt/conda/envs/gdf/bin/python(PyEval_EvalCode+0x1b) [0x5629c98f92cb]
56  /opt/conda/envs/gdf/bin/python(+0x2086ca) [0x5629c99266ca]
57  /opt/conda/envs/gdf/bin/python(+0x204a63) [0x5629c9922a63]
58  /opt/conda/envs/gdf/bin/python(PyRun_StringFlags+0x9a) [0x5629c991a87a]
59  /opt/conda/envs/gdf/bin/python(PyRun_SimpleStringFlags+0x3c) [0x5629c991a76c]
60  /opt/conda/envs/gdf/bin/python(Py_RunMain+0x267) [0x5629c99199a7]
61  /opt/conda/envs/gdf/bin/python(Py_BytesMain+0x37) [0x5629c98ed107]
=================================
[dgx13:92218:0:92218] Caught signal 11 (Segmentation fault: address not mapped to object at address 0x448)
==== backtrace (tid:  92218) ====
 0  /opt/conda/envs/gdf/lib/libucs.so.0(ucs_handle_error+0x2fd) [0x7f885c4e707d]
 1  /opt/conda/envs/gdf/lib/libucs.so.0(+0x2a274) [0x7f885c4e7274]
 2  /opt/conda/envs/gdf/lib/libucs.so.0(+0x2a43a) [0x7f885c4e743a]
 3  /usr/lib/x86_64-linux-gnu/libpthread.so.0(+0x14420) [0x7f88871d4420]
 4  /opt/conda/envs/gdf/lib/libucp.so.0(ucp_mem_type_unpack+0x14) [0x7f885c5666b4]
 5  /opt/conda/envs/gdf/lib/libucp.so.0(ucp_rndv_data_handler+0x4e9) [0x7f885c58f839]
 6  /opt/conda/envs/gdf/lib/libuct.so.0(+0x203df) [0x7f885c4a13df]
 7  /opt/conda/envs/gdf/lib/libuct.so.0(+0x23838) [0x7f885c4a4838]
 8  /opt/conda/envs/gdf/lib/libucs.so.0(ucs_event_set_wait+0xb9) [0x7f885c4f04a9]
 9  /opt/conda/envs/gdf/lib/libuct.so.0(uct_tcp_iface_progress+0x7d) [0x7f885c4a35dd]
10  /opt/conda/envs/gdf/lib/libucp.so.0(ucp_worker_progress+0x5a) [0x7f885c5638da]
11  /opt/conda/envs/gdf/lib/python3.9/site-packages/ucp/_libs/ucx_api.cpython-39-x86_64-linux-gnu.so(+0x3206a) [0x7f885c61c06a]
12  /opt/conda/envs/gdf/bin/python(_PyEval_EvalFrameDefault+0x45a6) [0x562bf72533f6]
13  /opt/conda/envs/gdf/bin/python(+0x12dfb4) [0x562bf724dfb4]
14  /opt/conda/envs/gdf/bin/python(_PyFunction_Vectorcall+0xd9) [0x562bf725f469]
15  /opt/conda/envs/gdf/bin/python(_PyEval_EvalFrameDefault+0x696) [0x562bf724f4e6]
16  /opt/conda/envs/gdf/bin/python(+0x13f712) [0x562bf725f712]
17  /opt/conda/envs/gdf/bin/python(+0x14ca83) [0x562bf726ca83]
18  /opt/conda/envs/gdf/bin/python(+0x25819c) [0x562bf737819c]
19  /opt/conda/envs/gdf/bin/python(+0xf23ff) [0x562bf72123ff]
20  /opt/conda/envs/gdf/bin/python(+0x136723) [0x562bf7256723]
21  /opt/conda/envs/gdf/bin/python(_PyEval_EvalFrameDefault+0x5ad9) [0x562bf7254929]
22  /opt/conda/envs/gdf/bin/python(+0x13f712) [0x562bf725f712]
23  /opt/conda/envs/gdf/bin/python(_PyEval_EvalFrameDefault+0x696) [0x562bf724f4e6]
24  /opt/conda/envs/gdf/bin/python(+0x13f712) [0x562bf725f712]
25  /opt/conda/envs/gdf/bin/python(_PyEval_EvalFrameDefault+0x696) [0x562bf724f4e6]
26  /opt/conda/envs/gdf/bin/python(+0x13f712) [0x562bf725f712]
27  /opt/conda/envs/gdf/bin/python(_PyEval_EvalFrameDefault+0x696) [0x562bf724f4e6]
28  /opt/conda/envs/gdf/bin/python(+0x13f712) [0x562bf725f712]
29  /opt/conda/envs/gdf/bin/python(_PyEval_EvalFrameDefault+0x696) [0x562bf724f4e6]
30  /opt/conda/envs/gdf/bin/python(+0x12dfb4) [0x562bf724dfb4]
31  /opt/conda/envs/gdf/bin/python(_PyFunction_Vectorcall+0xd9) [0x562bf725f469]
32  /opt/conda/envs/gdf/bin/python(_PyEval_EvalFrameDefault+0x11f2) [0x562bf7250042]
33  /opt/conda/envs/gdf/bin/python(+0x12dfb4) [0x562bf724dfb4]
34  /opt/conda/envs/gdf/bin/python(+0x14c8cb) [0x562bf726c8cb]
35  /opt/conda/envs/gdf/bin/python(PyObject_Call+0xbc) [0x562bf726d04c]
36  /opt/conda/envs/gdf/bin/python(+0x21080e) [0x562bf733080e]
37  /opt/conda/envs/gdf/bin/python(_PyObject_MakeTpCall+0x2ec) [0x562bf72576ac]
38  /opt/conda/envs/gdf/bin/python(_PyEval_EvalFrameDefault+0x45a6) [0x562bf72533f6]
39  /opt/conda/envs/gdf/bin/python(+0x13f712) [0x562bf725f712]
40  /opt/conda/envs/gdf/bin/python(+0x14c9ac) [0x562bf726c9ac]
41  /opt/conda/envs/gdf/bin/python(_PyEval_EvalFrameDefault+0x45a6) [0x562bf72533f6]
42  /opt/conda/envs/gdf/bin/python(+0x13f712) [0x562bf725f712]
43  /opt/conda/envs/gdf/bin/python(_PyEval_EvalFrameDefault+0x696) [0x562bf724f4e6]
44  /opt/conda/envs/gdf/bin/python(+0x12dfb4) [0x562bf724dfb4]
45  /opt/conda/envs/gdf/bin/python(_PyFunction_Vectorcall+0xd9) [0x562bf725f469]
46  /opt/conda/envs/gdf/bin/python(_PyEval_EvalFrameDefault+0x696) [0x562bf724f4e6]
47  /opt/conda/envs/gdf/bin/python(+0x13f712) [0x562bf725f712]
48  /opt/conda/envs/gdf/bin/python(_PyEval_EvalFrameDefault+0x3e2) [0x562bf724f232]
49  /opt/conda/envs/gdf/bin/python(+0x12dfb4) [0x562bf724dfb4]
50  /opt/conda/envs/gdf/bin/python(_PyFunction_Vectorcall+0xd9) [0x562bf725f469]
51  /opt/conda/envs/gdf/bin/python(_PyEval_EvalFrameDefault+0x11f2) [0x562bf7250042]
52  /opt/conda/envs/gdf/bin/python(+0x12dfb4) [0x562bf724dfb4]
53  /opt/conda/envs/gdf/bin/python(_PyEval_EvalCodeWithName+0x48) [0x562bf724dc88]
54  /opt/conda/envs/gdf/bin/python(PyEval_EvalCodeEx+0x39) [0x562bf724dc39]
55  /opt/conda/envs/gdf/bin/python(PyEval_EvalCode+0x1b) [0x562bf72fb2cb]
56  /opt/conda/envs/gdf/bin/python(+0x2086ca) [0x562bf73286ca]
57  /opt/conda/envs/gdf/bin/python(+0x204a63) [0x562bf7324a63]
58  /opt/conda/envs/gdf/bin/python(PyRun_StringFlags+0x9a) [0x562bf731c87a]
59  /opt/conda/envs/gdf/bin/python(PyRun_SimpleStringFlags+0x3c) [0x562bf731c76c]
60  /opt/conda/envs/gdf/bin/python(Py_RunMain+0x267) [0x562bf731b9a7]
61  /opt/conda/envs/gdf/bin/python(Py_BytesMain+0x37) [0x562bf72ef107]
=================================
[dgx13:92233:0:92233] Caught signal 11 (Segmentation fault: address not mapped to object at address 0x448)
==== backtrace (tid:  92233) ====
 0  /opt/conda/envs/gdf/lib/libucs.so.0(ucs_handle_error+0x2fd) [0x7f84a99b407d]
 1  /opt/conda/envs/gdf/lib/libucs.so.0(+0x2a274) [0x7f84a99b4274]
 2  /opt/conda/envs/gdf/lib/libucs.so.0(+0x2a43a) [0x7f84a99b443a]
 3  /usr/lib/x86_64-linux-gnu/libpthread.so.0(+0x14420) [0x7f84e66c5420]
 4  /opt/conda/envs/gdf/lib/libucp.so.0(ucp_mem_type_unpack+0x14) [0x7f84a9a336b4]
 5  /opt/conda/envs/gdf/lib/libucp.so.0(ucp_rndv_data_handler+0x4e9) [0x7f84a9a5c839]
 6  /opt/conda/envs/gdf/lib/libuct.so.0(+0x203df) [0x7f84a996e3df]
 7  /opt/conda/envs/gdf/lib/libuct.so.0(+0x23838) [0x7f84a9971838]
 8  /opt/conda/envs/gdf/lib/libucs.so.0(ucs_event_set_wait+0xb9) [0x7f84a99bd4a9]
 9  /opt/conda/envs/gdf/lib/libuct.so.0(uct_tcp_iface_progress+0x7d) [0x7f84a99705dd]
10  /opt/conda/envs/gdf/lib/libucp.so.0(ucp_worker_progress+0x5a) [0x7f84a9a308da]
11  /opt/conda/envs/gdf/lib/python3.9/site-packages/ucp/_libs/ucx_api.cpython-39-x86_64-linux-gnu.so(+0x3206a) [0x7f84a9ae906a]
12  /opt/conda/envs/gdf/bin/python(_PyEval_EvalFrameDefault+0x45a6) [0x55b8f7e8e3f6]
13  /opt/conda/envs/gdf/bin/python(+0x12dfb4) [0x55b8f7e88fb4]
14  /opt/conda/envs/gdf/bin/python(_PyFunction_Vectorcall+0xd9) [0x55b8f7e9a469]
15  /opt/conda/envs/gdf/bin/python(_PyEval_EvalFrameDefault+0x696) [0x55b8f7e8a4e6]
16  /opt/conda/envs/gdf/bin/python(+0x1e26d2) [0x55b8f7f3d6d2]
17  /opt/conda/envs/gdf/lib/python3.9/lib-dynload/_asyncio.cpython-39-x86_64-linux-gnu.so(+0x81e9) [0x7f84d0c681e9]
18  /opt/conda/envs/gdf/bin/python(_PyObject_MakeTpCall+0x2ec) [0x55b8f7e926ac]
19  /opt/conda/envs/gdf/bin/python(+0xf23ff) [0x55b8f7e4d3ff]
20  /opt/conda/envs/gdf/bin/python(+0x136723) [0x55b8f7e91723]
21  /opt/conda/envs/gdf/bin/python(_PyEval_EvalFrameDefault+0x5ad9) [0x55b8f7e8f929]
22  /opt/conda/envs/gdf/bin/python(+0x13f712) [0x55b8f7e9a712]
23  /opt/conda/envs/gdf/bin/python(_PyEval_EvalFrameDefault+0x696) [0x55b8f7e8a4e6]
24  /opt/conda/envs/gdf/bin/python(+0x13f712) [0x55b8f7e9a712]
25  /opt/conda/envs/gdf/bin/python(_PyEval_EvalFrameDefault+0x696) [0x55b8f7e8a4e6]
26  /opt/conda/envs/gdf/bin/python(+0x13f712) [0x55b8f7e9a712]
27  /opt/conda/envs/gdf/bin/python(_PyEval_EvalFrameDefault+0x696) [0x55b8f7e8a4e6]
28  /opt/conda/envs/gdf/bin/python(+0x13f712) [0x55b8f7e9a712]
29  /opt/conda/envs/gdf/bin/python(_PyEval_EvalFrameDefault+0x696) [0x55b8f7e8a4e6]
30  /opt/conda/envs/gdf/bin/python(+0x12dfb4) [0x55b8f7e88fb4]
31  /opt/conda/envs/gdf/bin/python(_PyFunction_Vectorcall+0xd9) [0x55b8f7e9a469]
32  /opt/conda/envs/gdf/bin/python(_PyEval_EvalFrameDefault+0x11f2) [0x55b8f7e8b042]
33  /opt/conda/envs/gdf/bin/python(+0x12dfb4) [0x55b8f7e88fb4]
34  /opt/conda/envs/gdf/bin/python(+0x14c8cb) [0x55b8f7ea78cb]
35  /opt/conda/envs/gdf/bin/python(PyObject_Call+0xbc) [0x55b8f7ea804c]
36  /opt/conda/envs/gdf/bin/python(+0x21080e) [0x55b8f7f6b80e]
37  /opt/conda/envs/gdf/bin/python(_PyObject_MakeTpCall+0x2ec) [0x55b8f7e926ac]
38  /opt/conda/envs/gdf/bin/python(_PyEval_EvalFrameDefault+0x45a6) [0x55b8f7e8e3f6]
39  /opt/conda/envs/gdf/bin/python(+0x13f712) [0x55b8f7e9a712]
40  /opt/conda/envs/gdf/bin/python(+0x14c9ac) [0x55b8f7ea79ac]
41  /opt/conda/envs/gdf/bin/python(_PyEval_EvalFrameDefault+0x45a6) [0x55b8f7e8e3f6]
42  /opt/conda/envs/gdf/bin/python(+0x13f712) [0x55b8f7e9a712]
43  /opt/conda/envs/gdf/bin/python(_PyEval_EvalFrameDefault+0x696) [0x55b8f7e8a4e6]
44  /opt/conda/envs/gdf/bin/python(+0x12dfb4) [0x55b8f7e88fb4]
45  /opt/conda/envs/gdf/bin/python(_PyFunction_Vectorcall+0xd9) [0x55b8f7e9a469]
46  /opt/conda/envs/gdf/bin/python(_PyEval_EvalFrameDefault+0x696) [0x55b8f7e8a4e6]
47  /opt/conda/envs/gdf/bin/python(+0x13f712) [0x55b8f7e9a712]
48  /opt/conda/envs/gdf/bin/python(_PyEval_EvalFrameDefault+0x3e2) [0x55b8f7e8a232]
49  /opt/conda/envs/gdf/bin/python(+0x12dfb4) [0x55b8f7e88fb4]
50  /opt/conda/envs/gdf/bin/python(_PyFunction_Vectorcall+0xd9) [0x55b8f7e9a469]
51  /opt/conda/envs/gdf/bin/python(_PyEval_EvalFrameDefault+0x11f2) [0x55b8f7e8b042]
52  /opt/conda/envs/gdf/bin/python(+0x12dfb4) [0x55b8f7e88fb4]
53  /opt/conda/envs/gdf/bin/python(_PyEval_EvalCodeWithName+0x48) [0x55b8f7e88c88]
54  /opt/conda/envs/gdf/bin/python(PyEval_EvalCodeEx+0x39) [0x55b8f7e88c39]
55  /opt/conda/envs/gdf/bin/python(PyEval_EvalCode+0x1b) [0x55b8f7f362cb]
56  /opt/conda/envs/gdf/bin/python(+0x2086ca) [0x55b8f7f636ca]
57  /opt/conda/envs/gdf/bin/python(+0x204a63) [0x55b8f7f5fa63]
58  /opt/conda/envs/gdf/bin/python(PyRun_StringFlags+0x9a) [0x55b8f7f5787a]
59  /opt/conda/envs/gdf/bin/python(PyRun_SimpleStringFlags+0x3c) [0x55b8f7f5776c]
60  /opt/conda/envs/gdf/bin/python(Py_RunMain+0x267) [0x55b8f7f569a7]
61  /opt/conda/envs/gdf/bin/python(Py_BytesMain+0x37) [0x55b8f7f2a107]
=================================
[dgx13:92245:0:92245] Caught signal 11 (Segmentation fault: address not mapped to object at address 0x448)
==== backtrace (tid:  92245) ====
 0  /opt/conda/envs/gdf/lib/libucs.so.0(ucs_handle_error+0x2fd) [0x7f0854c4e07d]
 1  /opt/conda/envs/gdf/lib/libucs.so.0(+0x2a274) [0x7f0854c4e274]
 2  /opt/conda/envs/gdf/lib/libucs.so.0(+0x2a43a) [0x7f0854c4e43a]
 3  /usr/lib/x86_64-linux-gnu/libpthread.so.0(+0x14420) [0x7f088d934420]
 4  /opt/conda/envs/gdf/lib/libucp.so.0(ucp_mem_type_unpack+0x14) [0x7f0854ccd6b4]
 5  /opt/conda/envs/gdf/lib/libucp.so.0(ucp_rndv_data_handler+0x4e9) [0x7f0854cf6839]
 6  /opt/conda/envs/gdf/lib/libuct.so.0(+0x203df) [0x7f0854c083df]
 7  /opt/conda/envs/gdf/lib/libuct.so.0(+0x23838) [0x7f0854c0b838]
 8  /opt/conda/envs/gdf/lib/libucs.so.0(ucs_event_set_wait+0xb9) [0x7f0854c574a9]
 9  /opt/conda/envs/gdf/lib/libuct.so.0(uct_tcp_iface_progress+0x7d) [0x7f0854c0a5dd]
10  /opt/conda/envs/gdf/lib/libucp.so.0(ucp_worker_progress+0x5a) [0x7f0854cca8da]
11  /opt/conda/envs/gdf/lib/python3.9/site-packages/ucp/_libs/ucx_api.cpython-39-x86_64-linux-gnu.so(+0x3206a) [0x7f0854d8306a]
12  /opt/conda/envs/gdf/bin/python(_PyEval_EvalFrameDefault+0x45a6) [0x55d743a003f6]
13  /opt/conda/envs/gdf/bin/python(+0x12dfb4) [0x55d7439fafb4]
14  /opt/conda/envs/gdf/bin/python(_PyFunction_Vectorcall+0xd9) [0x55d743a0c469]
15  /opt/conda/envs/gdf/bin/python(_PyEval_EvalFrameDefault+0x696) [0x55d7439fc4e6]
16  /opt/conda/envs/gdf/bin/python(+0x13f712) [0x55d743a0c712]
17  /opt/conda/envs/gdf/bin/python(+0x14ca83) [0x55d743a19a83]
18  /opt/conda/envs/gdf/bin/python(+0x25819c) [0x55d743b2519c]
19  /opt/conda/envs/gdf/bin/python(+0xf23ff) [0x55d7439bf3ff]
20  /opt/conda/envs/gdf/bin/python(+0x136723) [0x55d743a03723]
21  /opt/conda/envs/gdf/bin/python(_PyEval_EvalFrameDefault+0x5ad9) [0x55d743a01929]
22  /opt/conda/envs/gdf/bin/python(+0x13f712) [0x55d743a0c712]
23  /opt/conda/envs/gdf/bin/python(_PyEval_EvalFrameDefault+0x696) [0x55d7439fc4e6]
24  /opt/conda/envs/gdf/bin/python(+0x13f712) [0x55d743a0c712]
25  /opt/conda/envs/gdf/bin/python(_PyEval_EvalFrameDefault+0x696) [0x55d7439fc4e6]
26  /opt/conda/envs/gdf/bin/python(+0x13f712) [0x55d743a0c712]
27  /opt/conda/envs/gdf/bin/python(_PyEval_EvalFrameDefault+0x696) [0x55d7439fc4e6]
28  /opt/conda/envs/gdf/bin/python(+0x13f712) [0x55d743a0c712]
29  /opt/conda/envs/gdf/bin/python(_PyEval_EvalFrameDefault+0x696) [0x55d7439fc4e6]
30  /opt/conda/envs/gdf/bin/python(+0x12dfb4) [0x55d7439fafb4]
31  /opt/conda/envs/gdf/bin/python(_PyFunction_Vectorcall+0xd9) [0x55d743a0c469]
32  /opt/conda/envs/gdf/bin/python(_PyEval_EvalFrameDefault+0x11f2) [0x55d7439fd042]
33  /opt/conda/envs/gdf/bin/python(+0x12dfb4) [0x55d7439fafb4]
34  /opt/conda/envs/gdf/bin/python(+0x14c8cb) [0x55d743a198cb]
35  /opt/conda/envs/gdf/bin/python(PyObject_Call+0xbc) [0x55d743a1a04c]
36  /opt/conda/envs/gdf/bin/python(+0x21080e) [0x55d743add80e]
37  /opt/conda/envs/gdf/bin/python(_PyObject_MakeTpCall+0x2ec) [0x55d743a046ac]
38  /opt/conda/envs/gdf/bin/python(_PyEval_EvalFrameDefault+0x45a6) [0x55d743a003f6]
39  /opt/conda/envs/gdf/bin/python(+0x13f712) [0x55d743a0c712]
40  /opt/conda/envs/gdf/bin/python(+0x14c9ac) [0x55d743a199ac]
41  /opt/conda/envs/gdf/bin/python(_PyEval_EvalFrameDefault+0x45a6) [0x55d743a003f6]
42  /opt/conda/envs/gdf/bin/python(+0x13f712) [0x55d743a0c712]
43  /opt/conda/envs/gdf/bin/python(_PyEval_EvalFrameDefault+0x696) [0x55d7439fc4e6]
44  /opt/conda/envs/gdf/bin/python(+0x12dfb4) [0x55d7439fafb4]
45  /opt/conda/envs/gdf/bin/python(_PyFunction_Vectorcall+0xd9) [0x55d743a0c469]
46  /opt/conda/envs/gdf/bin/python(_PyEval_EvalFrameDefault+0x696) [0x55d7439fc4e6]
47  /opt/conda/envs/gdf/bin/python(+0x13f712) [0x55d743a0c712]
48  /opt/conda/envs/gdf/bin/python(_PyEval_EvalFrameDefault+0x3e2) [0x55d7439fc232]
49  /opt/conda/envs/gdf/bin/python(+0x12dfb4) [0x55d7439fafb4]
50  /opt/conda/envs/gdf/bin/python(_PyFunction_Vectorcall+0xd9) [0x55d743a0c469]
51  /opt/conda/envs/gdf/bin/python(_PyEval_EvalFrameDefault+0x11f2) [0x55d7439fd042]
52  /opt/conda/envs/gdf/bin/python(+0x12dfb4) [0x55d7439fafb4]
53  /opt/conda/envs/gdf/bin/python(_PyEval_EvalCodeWithName+0x48) [0x55d7439fac88]
54  /opt/conda/envs/gdf/bin/python(PyEval_EvalCodeEx+0x39) [0x55d7439fac39]
55  /opt/conda/envs/gdf/bin/python(PyEval_EvalCode+0x1b) [0x55d743aa82cb]
56  /opt/conda/envs/gdf/bin/python(+0x2086ca) [0x55d743ad56ca]
57  /opt/conda/envs/gdf/bin/python(+0x204a63) [0x55d743ad1a63]
58  /opt/conda/envs/gdf/bin/python(PyRun_StringFlags+0x9a) [0x55d743ac987a]
59  /opt/conda/envs/gdf/bin/python(PyRun_SimpleStringFlags+0x3c) [0x55d743ac976c]
60  /opt/conda/envs/gdf/bin/python(Py_RunMain+0x267) [0x55d743ac89a7]
61  /opt/conda/envs/gdf/bin/python(Py_BytesMain+0x37) [0x55d743a9c107]
=================================
2024-02-06 07:39:44,005 - distributed.worker - ERROR - Worker stream died during communication: ucx://127.0.0.1:58025
Traceback (most recent call last):
  File "/opt/conda/envs/gdf/lib/python3.9/site-packages/distributed/comm/ucx.py", line 350, in read
    await self.ep.recv(msg)
  File "/opt/conda/envs/gdf/lib/python3.9/site-packages/ucp/core.py", line 737, in recv
    ret = await comm.tag_recv(self._ep, buffer, nbytes, tag, name=log)
ucp._libs.exceptions.UCXCanceled: <[Recv #003] ep: 0x7f52827351c0, tag: 0x958c927331e6b8d0, nbytes: 16, type: <class 'numpy.ndarray'>>: 

During handling of the above exception, another exception occurred:

Traceback (most recent call last):
  File "/opt/conda/envs/gdf/lib/python3.9/site-packages/distributed/worker.py", line 2056, in gather_dep
    response = await get_data_from_worker(
  File "/opt/conda/envs/gdf/lib/python3.9/site-packages/distributed/worker.py", line 2860, in get_data_from_worker
    response = await send_recv(
  File "/opt/conda/envs/gdf/lib/python3.9/site-packages/distributed/core.py", line 1154, in send_recv
    response = await comm.read(deserializers=deserializers)
  File "/opt/conda/envs/gdf/lib/python3.9/site-packages/distributed/utils.py", line 832, in wrapper
    return await func(*args, **kwargs)
  File "/opt/conda/envs/gdf/lib/python3.9/site-packages/distributed/comm/ucx.py", line 368, in read
    raise CommClosedError(
distributed.comm.core.CommClosedError: Connection closed by writer.
Inner exception: UCXCanceled("<[Recv #003] ep: 0x7f52827351c0, tag: 0x958c927331e6b8d0, nbytes: 16, type: <class 'numpy.ndarray'>>: ")
2024-02-06 07:39:44,024 - distributed.worker - ERROR - Worker stream died during communication: ucx://127.0.0.1:57853
Traceback (most recent call last):
  File "/opt/conda/envs/gdf/lib/python3.9/site-packages/distributed/comm/ucx.py", line 350, in read
    await self.ep.recv(msg)
  File "/opt/conda/envs/gdf/lib/python3.9/site-packages/ucp/core.py", line 737, in recv
    ret = await comm.tag_recv(self._ep, buffer, nbytes, tag, name=log)
ucp._libs.exceptions.UCXCanceled: <[Recv #008] ep: 0x7f5282735100, tag: 0xd2d5858cdd65ef1e, nbytes: 16, type: <class 'numpy.ndarray'>>: 

During handling of the above exception, another exception occurred:

Traceback (most recent call last):
  File "/opt/conda/envs/gdf/lib/python3.9/site-packages/distributed/worker.py", line 2056, in gather_dep
    response = await get_data_from_worker(
  File "/opt/conda/envs/gdf/lib/python3.9/site-packages/distributed/worker.py", line 2860, in get_data_from_worker
    response = await send_recv(
  File "/opt/conda/envs/gdf/lib/python3.9/site-packages/distributed/core.py", line 1154, in send_recv
    response = await comm.read(deserializers=deserializers)
  File "/opt/conda/envs/gdf/lib/python3.9/site-packages/distributed/utils.py", line 832, in wrapper
    return await func(*args, **kwargs)
  File "/opt/conda/envs/gdf/lib/python3.9/site-packages/distributed/comm/ucx.py", line 368, in read
    raise CommClosedError(
distributed.comm.core.CommClosedError: Connection closed by writer.
Inner exception: UCXCanceled("<[Recv #008] ep: 0x7f5282735100, tag: 0xd2d5858cdd65ef1e, nbytes: 16, type: <class 'numpy.ndarray'>>: ")
2024-02-06 07:39:44,024 - distributed.worker - ERROR - Worker stream died during communication: ucx://127.0.0.1:57853
Traceback (most recent call last):
  File "/opt/conda/envs/gdf/lib/python3.9/site-packages/distributed/comm/ucx.py", line 350, in read
    await self.ep.recv(msg)
  File "/opt/conda/envs/gdf/lib/python3.9/site-packages/ucp/core.py", line 737, in recv
    ret = await comm.tag_recv(self._ep, buffer, nbytes, tag, name=log)
ucp._libs.exceptions.UCXCanceled: <[Recv #003] ep: 0x7f3e48179240, tag: 0x6baea66102234ca7, nbytes: 16, type: <class 'numpy.ndarray'>>: 

During handling of the above exception, another exception occurred:

Traceback (most recent call last):
  File "/opt/conda/envs/gdf/lib/python3.9/site-packages/distributed/worker.py", line 2056, in gather_dep
    response = await get_data_from_worker(
  File "/opt/conda/envs/gdf/lib/python3.9/site-packages/distributed/worker.py", line 2860, in get_data_from_worker
    response = await send_recv(
  File "/opt/conda/envs/gdf/lib/python3.9/site-packages/distributed/core.py", line 1154, in send_recv
    response = await comm.read(deserializers=deserializers)
  File "/opt/conda/envs/gdf/lib/python3.9/site-packages/distributed/utils.py", line 832, in wrapper
    return await func(*args, **kwargs)
  File "/opt/conda/envs/gdf/lib/python3.9/site-packages/distributed/comm/ucx.py", line 368, in read
    raise CommClosedError(
distributed.comm.core.CommClosedError: Connection closed by writer.
Inner exception: UCXCanceled("<[Recv #003] ep: 0x7f3e48179240, tag: 0x6baea66102234ca7, nbytes: 16, type: <class 'numpy.ndarray'>>: ")
2024-02-06 07:39:44,028 - distributed.worker - ERROR - Worker stream died during communication: ucx://127.0.0.1:51995
Traceback (most recent call last):
  File "/opt/conda/envs/gdf/lib/python3.9/site-packages/distributed/comm/ucx.py", line 392, in read
    await self.ep.recv(each_frame)
  File "/opt/conda/envs/gdf/lib/python3.9/site-packages/ucp/core.py", line 737, in recv
    ret = await comm.tag_recv(self._ep, buffer, nbytes, tag, name=log)
ucp._libs.exceptions.UCXError: <[Recv #007] ep: 0x7f5282735180, tag: 0xe3a5ca1764fc95a4, nbytes: 50000000, type: <class 'rmm._lib.device_buffer.DeviceBuffer'>>: Connection reset by remote peer

During handling of the above exception, another exception occurred:

Traceback (most recent call last):
  File "/opt/conda/envs/gdf/lib/python3.9/site-packages/distributed/worker.py", line 2056, in gather_dep
    response = await get_data_from_worker(
  File "/opt/conda/envs/gdf/lib/python3.9/site-packages/distributed/worker.py", line 2860, in get_data_from_worker
    response = await send_recv(
  File "/opt/conda/envs/gdf/lib/python3.9/site-packages/distributed/core.py", line 1154, in send_recv
    response = await comm.read(deserializers=deserializers)
  File "/opt/conda/envs/gdf/lib/python3.9/site-packages/distributed/utils.py", line 832, in wrapper
    return await func(*args, **kwargs)
  File "/opt/conda/envs/gdf/lib/python3.9/site-packages/distributed/comm/ucx.py", line 398, in read
    raise CommClosedError(
distributed.comm.core.CommClosedError: Connection closed by writer.
Inner exception: UCXError("<[Recv #007] ep: 0x7f5282735180, tag: 0xe3a5ca1764fc95a4, nbytes: 50000000, type: <class 'rmm._lib.device_buffer.DeviceBuffer'>>: Connection reset by remote peer")
2024-02-06 07:39:44,037 - distributed.worker - ERROR - Worker stream died during communication: ucx://127.0.0.1:51995
Traceback (most recent call last):
  File "/opt/conda/envs/gdf/lib/python3.9/site-packages/distributed/comm/ucx.py", line 467, in connect
    ep = await ucp.create_endpoint(ip, port)
  File "/opt/conda/envs/gdf/lib/python3.9/site-packages/ucp/core.py", line 1016, in create_endpoint
    return await _get_ctx().create_endpoint(
  File "/opt/conda/envs/gdf/lib/python3.9/site-packages/ucp/core.py", line 328, in create_endpoint
    peer_info = await exchange_peer_info(
  File "/opt/conda/envs/gdf/lib/python3.9/site-packages/ucp/core.py", line 60, in exchange_peer_info
    await asyncio.wait_for(
  File "/opt/conda/envs/gdf/lib/python3.9/asyncio/tasks.py", line 479, in wait_for
    return fut.result()
ucp._libs.exceptions.UCXNotConnected: <stream_recv>: 

During handling of the above exception, another exception occurred:

Traceback (most recent call last):
  File "/opt/conda/envs/gdf/lib/python3.9/site-packages/distributed/comm/core.py", line 342, in connect
    comm = await wait_for(
  File "/opt/conda/envs/gdf/lib/python3.9/site-packages/distributed/utils.py", line 1940, in wait_for
    return await asyncio.wait_for(fut, timeout)
  File "/opt/conda/envs/gdf/lib/python3.9/asyncio/tasks.py", line 479, in wait_for
    return fut.result()
  File "/opt/conda/envs/gdf/lib/python3.9/site-packages/distributed/comm/ucx.py", line 469, in connect
    raise CommClosedError("Connection closed before handshake completed")
distributed.comm.core.CommClosedError: Connection closed before handshake completed

During handling of the above exception, another exception occurred:

Traceback (most recent call last):
  File "/opt/conda/envs/gdf/lib/python3.9/site-packages/distributed/core.py", line 1564, in _connect
    comm = await connect(
  File "/opt/conda/envs/gdf/lib/python3.9/site-packages/distributed/comm/core.py", line 366, in connect
    await asyncio.sleep(backoff)
  File "/opt/conda/envs/gdf/lib/python3.9/asyncio/tasks.py", line 652, in sleep
    return await future
asyncio.exceptions.CancelledError

During handling of the above exception, another exception occurred:

Traceback (most recent call last):
  File "/opt/conda/envs/gdf/lib/python3.9/site-packages/distributed/core.py", line 1674, in connect
    return connect_attempt.result()
asyncio.exceptions.CancelledError

During handling of the above exception, another exception occurred:

Traceback (most recent call last):
  File "/opt/conda/envs/gdf/lib/python3.9/site-packages/distributed/worker.py", line 2056, in gather_dep
    response = await get_data_from_worker(
  File "/opt/conda/envs/gdf/lib/python3.9/site-packages/distributed/worker.py", line 2857, in get_data_from_worker
    comm = await rpc.connect(worker)
  File "/opt/conda/envs/gdf/lib/python3.9/site-packages/distributed/core.py", line 1676, in connect
    raise CommClosedError(reason)
distributed.comm.core.CommClosedError: Address removed.
2024-02-06 07:39:44,070 - distributed.worker - ERROR - Worker stream died during communication: ucx://127.0.0.1:48929
Traceback (most recent call last):
  File "/opt/conda/envs/gdf/lib/python3.9/site-packages/distributed/comm/ucx.py", line 350, in read
    await self.ep.recv(msg)
  File "/opt/conda/envs/gdf/lib/python3.9/site-packages/ucp/core.py", line 737, in recv
    ret = await comm.tag_recv(self._ep, buffer, nbytes, tag, name=log)
ucp._libs.exceptions.UCXCanceled: <[Recv #013] ep: 0x7f5282735140, tag: 0x69086a9cd7cb704e, nbytes: 16, type: <class 'numpy.ndarray'>>: 

During handling of the above exception, another exception occurred:

Traceback (most recent call last):
  File "/opt/conda/envs/gdf/lib/python3.9/site-packages/distributed/worker.py", line 2056, in gather_dep
    response = await get_data_from_worker(
  File "/opt/conda/envs/gdf/lib/python3.9/site-packages/distributed/worker.py", line 2860, in get_data_from_worker
    response = await send_recv(
  File "/opt/conda/envs/gdf/lib/python3.9/site-packages/distributed/core.py", line 1154, in send_recv
    response = await comm.read(deserializers=deserializers)
  File "/opt/conda/envs/gdf/lib/python3.9/site-packages/distributed/utils.py", line 832, in wrapper
    return await func(*args, **kwargs)
  File "/opt/conda/envs/gdf/lib/python3.9/site-packages/distributed/comm/ucx.py", line 368, in read
    raise CommClosedError(
distributed.comm.core.CommClosedError: Connection closed by writer.
Inner exception: UCXCanceled("<[Recv #013] ep: 0x7f5282735140, tag: 0x69086a9cd7cb704e, nbytes: 16, type: <class 'numpy.ndarray'>>: ")
2024-02-06 07:39:46,810 - distributed.nanny - WARNING - Restarting worker
2024-02-06 07:39:47,069 - distributed.nanny - WARNING - Restarting worker
2024-02-06 07:39:47,208 - distributed.nanny - WARNING - Restarting worker
2024-02-06 07:39:47,273 - distributed.nanny - WARNING - Restarting worker
2024-02-06 07:39:47,372 - distributed.nanny - WARNING - Restarting worker
2024-02-06 07:39:47,374 - distributed.nanny - WARNING - Restarting worker
[dgx13:92385:0:92385] Caught signal 11 (Segmentation fault: address not mapped to object at address 0x448)
==== backtrace (tid:  92385) ====
 0  /opt/conda/envs/gdf/lib/libucs.so.0(ucs_handle_error+0x2fd) [0x7fe95805d07d]
 1  /opt/conda/envs/gdf/lib/libucs.so.0(+0x2a274) [0x7fe95805d274]
 2  /opt/conda/envs/gdf/lib/libucs.so.0(+0x2a43a) [0x7fe95805d43a]
 3  /usr/lib/x86_64-linux-gnu/libpthread.so.0(+0x14420) [0x7fe982b10420]
 4  /opt/conda/envs/gdf/lib/libucp.so.0(ucp_mem_type_unpack+0x14) [0x7fe941f7c6b4]
 5  /opt/conda/envs/gdf/lib/libucp.so.0(ucp_rndv_data_handler+0x4e9) [0x7fe941fa5839]
 6  /opt/conda/envs/gdf/lib/libuct.so.0(+0x203df) [0x7fe941f163df]
 7  /opt/conda/envs/gdf/lib/libuct.so.0(+0x23838) [0x7fe941f19838]
 8  /opt/conda/envs/gdf/lib/libucs.so.0(ucs_event_set_wait+0xb9) [0x7fe9580664a9]
 9  /opt/conda/envs/gdf/lib/libuct.so.0(uct_tcp_iface_progress+0x7d) [0x7fe941f185dd]
10  /opt/conda/envs/gdf/lib/libucp.so.0(ucp_worker_progress+0x5a) [0x7fe941f798da]
11  /opt/conda/envs/gdf/lib/python3.9/site-packages/ucp/_libs/ucx_api.cpython-39-x86_64-linux-gnu.so(+0x3206a) [0x7fe9580c406a]
12  /opt/conda/envs/gdf/bin/python(_PyEval_EvalFrameDefault+0x45a6) [0x55f754ca73f6]
13  /opt/conda/envs/gdf/bin/python(+0x12dfb4) [0x55f754ca1fb4]
14  /opt/conda/envs/gdf/bin/python(_PyFunction_Vectorcall+0xd9) [0x55f754cb3469]
15  /opt/conda/envs/gdf/bin/python(_PyEval_EvalFrameDefault+0x696) [0x55f754ca34e6]
16  /opt/conda/envs/gdf/bin/python(+0x13f712) [0x55f754cb3712]
17  /opt/conda/envs/gdf/bin/python(+0x14ca83) [0x55f754cc0a83]
18  /opt/conda/envs/gdf/bin/python(+0x25819c) [0x55f754dcc19c]
19  /opt/conda/envs/gdf/bin/python(+0xf23ff) [0x55f754c663ff]
20  /opt/conda/envs/gdf/bin/python(+0x136723) [0x55f754caa723]
21  /opt/conda/envs/gdf/bin/python(_PyEval_EvalFrameDefault+0x5ad9) [0x55f754ca8929]
22  /opt/conda/envs/gdf/bin/python(+0x13f712) [0x55f754cb3712]
23  /opt/conda/envs/gdf/bin/python(_PyEval_EvalFrameDefault+0x696) [0x55f754ca34e6]
24  /opt/conda/envs/gdf/bin/python(+0x13f712) [0x55f754cb3712]
25  /opt/conda/envs/gdf/bin/python(_PyEval_EvalFrameDefault+0x696) [0x55f754ca34e6]
26  /opt/conda/envs/gdf/bin/python(+0x13f712) [0x55f754cb3712]
27  /opt/conda/envs/gdf/bin/python(_PyEval_EvalFrameDefault+0x696) [0x55f754ca34e6]
28  /opt/conda/envs/gdf/bin/python(+0x13f712) [0x55f754cb3712]
29  /opt/conda/envs/gdf/bin/python(_PyEval_EvalFrameDefault+0x696) [0x55f754ca34e6]
30  /opt/conda/envs/gdf/bin/python(+0x12dfb4) [0x55f754ca1fb4]
31  /opt/conda/envs/gdf/bin/python(_PyFunction_Vectorcall+0xd9) [0x55f754cb3469]
32  /opt/conda/envs/gdf/bin/python(_PyEval_EvalFrameDefault+0x11f2) [0x55f754ca4042]
33  /opt/conda/envs/gdf/bin/python(+0x12dfb4) [0x55f754ca1fb4]
34  /opt/conda/envs/gdf/bin/python(+0x14c8cb) [0x55f754cc08cb]
35  /opt/conda/envs/gdf/bin/python(PyObject_Call+0xbc) [0x55f754cc104c]
36  /opt/conda/envs/gdf/bin/python(+0x21080e) [0x55f754d8480e]
37  /opt/conda/envs/gdf/bin/python(_PyObject_MakeTpCall+0x2ec) [0x55f754cab6ac]
38  /opt/conda/envs/gdf/bin/python(_PyEval_EvalFrameDefault+0x45a6) [0x55f754ca73f6]
39  /opt/conda/envs/gdf/bin/python(+0x13f712) [0x55f754cb3712]
40  /opt/conda/envs/gdf/bin/python(+0x14c9ac) [0x55f754cc09ac]
41  /opt/conda/envs/gdf/bin/python(_PyEval_EvalFrameDefault+0x45a6) [0x55f754ca73f6]
42  /opt/conda/envs/gdf/bin/python(+0x13f712) [0x55f754cb3712]
43  /opt/conda/envs/gdf/bin/python(_PyEval_EvalFrameDefault+0x696) [0x55f754ca34e6]
44  /opt/conda/envs/gdf/bin/python(+0x12dfb4) [0x55f754ca1fb4]
45  /opt/conda/envs/gdf/bin/python(_PyFunction_Vectorcall+0xd9) [0x55f754cb3469]
46  /opt/conda/envs/gdf/bin/python(_PyEval_EvalFrameDefault+0x696) [0x55f754ca34e6]
47  /opt/conda/envs/gdf/bin/python(+0x13f712) [0x55f754cb3712]
48  /opt/conda/envs/gdf/bin/python(_PyEval_EvalFrameDefault+0x3e2) [0x55f754ca3232]
49  /opt/conda/envs/gdf/bin/python(+0x12dfb4) [0x55f754ca1fb4]
50  /opt/conda/envs/gdf/bin/python(_PyFunction_Vectorcall+0xd9) [0x55f754cb3469]
51  /opt/conda/envs/gdf/bin/python(_PyEval_EvalFrameDefault+0x11f2) [0x55f754ca4042]
52  /opt/conda/envs/gdf/bin/python(+0x12dfb4) [0x55f754ca1fb4]
53  /opt/conda/envs/gdf/bin/python(_PyEval_EvalCodeWithName+0x48) [0x55f754ca1c88]
54  /opt/conda/envs/gdf/bin/python(PyEval_EvalCodeEx+0x39) [0x55f754ca1c39]
55  /opt/conda/envs/gdf/bin/python(PyEval_EvalCode+0x1b) [0x55f754d4f2cb]
56  /opt/conda/envs/gdf/bin/python(+0x2086ca) [0x55f754d7c6ca]
57  /opt/conda/envs/gdf/bin/python(+0x204a63) [0x55f754d78a63]
58  /opt/conda/envs/gdf/bin/python(PyRun_StringFlags+0x9a) [0x55f754d7087a]
59  /opt/conda/envs/gdf/bin/python(PyRun_SimpleStringFlags+0x3c) [0x55f754d7076c]
60  /opt/conda/envs/gdf/bin/python(Py_RunMain+0x267) [0x55f754d6f9a7]
61  /opt/conda/envs/gdf/bin/python(Py_BytesMain+0x37) [0x55f754d43107]
=================================
[dgx13:92393:0:92393] Caught signal 11 (Segmentation fault: address not mapped to object at address 0x448)
==== backtrace (tid:  92393) ====
 0  /opt/conda/envs/gdf/lib/libucs.so.0(ucs_handle_error+0x2fd) [0x7f111014f07d]
 1  /opt/conda/envs/gdf/lib/libucs.so.0(+0x2a274) [0x7f111014f274]
 2  /opt/conda/envs/gdf/lib/libucs.so.0(+0x2a43a) [0x7f111014f43a]
 3  /usr/lib/x86_64-linux-gnu/libpthread.so.0(+0x14420) [0x7f1148e4a420]
 4  /opt/conda/envs/gdf/lib/libucp.so.0(ucp_mem_type_unpack+0x14) [0x7f11101ce6b4]
 5  /opt/conda/envs/gdf/lib/libucp.so.0(ucp_rndv_data_handler+0x4e9) [0x7f11101f7839]
 6  /opt/conda/envs/gdf/lib/libuct.so.0(+0x203df) [0x7f11101093df]
 7  /opt/conda/envs/gdf/lib/libuct.so.0(+0x23838) [0x7f111010c838]
 8  /opt/conda/envs/gdf/lib/libucs.so.0(ucs_event_set_wait+0xb9) [0x7f11101584a9]
 9  /opt/conda/envs/gdf/lib/libuct.so.0(uct_tcp_iface_progress+0x7d) [0x7f111010b5dd]
10  /opt/conda/envs/gdf/lib/libucp.so.0(ucp_worker_progress+0x5a) [0x7f11101cb8da]
11  /opt/conda/envs/gdf/lib/python3.9/site-packages/ucp/_libs/ucx_api.cpython-39-x86_64-linux-gnu.so(+0x3206a) [0x7f111028406a]
12  /opt/conda/envs/gdf/bin/python(_PyEval_EvalFrameDefault+0x45a6) [0x55b9938f53f6]
13  /opt/conda/envs/gdf/bin/python(+0x12dfb4) [0x55b9938effb4]
14  /opt/conda/envs/gdf/bin/python(_PyFunction_Vectorcall+0xd9) [0x55b993901469]
15  /opt/conda/envs/gdf/bin/python(_PyEval_EvalFrameDefault+0x696) [0x55b9938f14e6]
16  /opt/conda/envs/gdf/bin/python(+0x13f712) [0x55b993901712]
17  /opt/conda/envs/gdf/bin/python(+0x14ca83) [0x55b99390ea83]
18  /opt/conda/envs/gdf/bin/python(+0x25819c) [0x55b993a1a19c]
19  /opt/conda/envs/gdf/bin/python(+0xf23ff) [0x55b9938b43ff]
20  /opt/conda/envs/gdf/bin/python(+0x136723) [0x55b9938f8723]
21  /opt/conda/envs/gdf/bin/python(_PyEval_EvalFrameDefault+0x5ad9) [0x55b9938f6929]
22  /opt/conda/envs/gdf/bin/python(+0x13f712) [0x55b993901712]
23  /opt/conda/envs/gdf/bin/python(_PyEval_EvalFrameDefault+0x696) [0x55b9938f14e6]
24  /opt/conda/envs/gdf/bin/python(+0x13f712) [0x55b993901712]
25  /opt/conda/envs/gdf/bin/python(_PyEval_EvalFrameDefault+0x696) [0x55b9938f14e6]
26  /opt/conda/envs/gdf/bin/python(+0x13f712) [0x55b993901712]
27  /opt/conda/envs/gdf/bin/python(_PyEval_EvalFrameDefault+0x696) [0x55b9938f14e6]
28  /opt/conda/envs/gdf/bin/python(+0x13f712) [0x55b993901712]
29  /opt/conda/envs/gdf/bin/python(_PyEval_EvalFrameDefault+0x696) [0x55b9938f14e6]
30  /opt/conda/envs/gdf/bin/python(+0x12dfb4) [0x55b9938effb4]
31  /opt/conda/envs/gdf/bin/python(_PyFunction_Vectorcall+0xd9) [0x55b993901469]
32  /opt/conda/envs/gdf/bin/python(_PyEval_EvalFrameDefault+0x11f2) [0x55b9938f2042]
33  /opt/conda/envs/gdf/bin/python(+0x12dfb4) [0x55b9938effb4]
34  /opt/conda/envs/gdf/bin/python(+0x14c8cb) [0x55b99390e8cb]
35  /opt/conda/envs/gdf/bin/python(PyObject_Call+0xbc) [0x55b99390f04c]
36  /opt/conda/envs/gdf/bin/python(+0x21080e) [0x55b9939d280e]
37  /opt/conda/envs/gdf/bin/python(_PyObject_MakeTpCall+0x2ec) [0x55b9938f96ac]
38  /opt/conda/envs/gdf/bin/python(_PyEval_EvalFrameDefault+0x45a6) [0x55b9938f53f6]
39  /opt/conda/envs/gdf/bin/python(+0x13f712) [0x55b993901712]
40  /opt/conda/envs/gdf/bin/python(+0x14c9ac) [0x55b99390e9ac]
41  /opt/conda/envs/gdf/bin/python(_PyEval_EvalFrameDefault+0x45a6) [0x55b9938f53f6]
42  /opt/conda/envs/gdf/bin/python(+0x13f712) [0x55b993901712]
43  /opt/conda/envs/gdf/bin/python(_PyEval_EvalFrameDefault+0x696) [0x55b9938f14e6]
44  /opt/conda/envs/gdf/bin/python(+0x12dfb4) [0x55b9938effb4]
45  /opt/conda/envs/gdf/bin/python(_PyFunction_Vectorcall+0xd9) [0x55b993901469]
46  /opt/conda/envs/gdf/bin/python(_PyEval_EvalFrameDefault+0x696) [0x55b9938f14e6]
47  /opt/conda/envs/gdf/bin/python(+0x13f712) [0x55b993901712]
48  /opt/conda/envs/gdf/bin/python(_PyEval_EvalFrameDefault+0x3e2) [0x55b9938f1232]
49  /opt/conda/envs/gdf/bin/python(+0x12dfb4) [0x55b9938effb4]
50  /opt/conda/envs/gdf/bin/python(_PyFunction_Vectorcall+0xd9) [0x55b993901469]
51  /opt/conda/envs/gdf/bin/python(_PyEval_EvalFrameDefault+0x11f2) [0x55b9938f2042]
52  /opt/conda/envs/gdf/bin/python(+0x12dfb4) [0x55b9938effb4]
53  /opt/conda/envs/gdf/bin/python(_PyEval_EvalCodeWithName+0x48) [0x55b9938efc88]
54  /opt/conda/envs/gdf/bin/python(PyEval_EvalCodeEx+0x39) [0x55b9938efc39]
55  /opt/conda/envs/gdf/bin/python(PyEval_EvalCode+0x1b) [0x55b99399d2cb]
56  /opt/conda/envs/gdf/bin/python(+0x2086ca) [0x55b9939ca6ca]
57  /opt/conda/envs/gdf/bin/python(+0x204a63) [0x55b9939c6a63]
58  /opt/conda/envs/gdf/bin/python(PyRun_StringFlags+0x9a) [0x55b9939be87a]
59  /opt/conda/envs/gdf/bin/python(PyRun_SimpleStringFlags+0x3c) [0x55b9939be76c]
60  /opt/conda/envs/gdf/bin/python(Py_RunMain+0x267) [0x55b9939bd9a7]
61  /opt/conda/envs/gdf/bin/python(Py_BytesMain+0x37) [0x55b993991107]
=================================
2024-02-06 07:39:50,548 - distributed.worker - ERROR - failed during get data with ucx://127.0.0.1:46219 -> ucx://127.0.0.1:49149
Traceback (most recent call last):
  File "/opt/conda/envs/gdf/lib/python3.9/site-packages/distributed/comm/ucx.py", line 334, in write
    await self.ep.send(each_frame)
  File "/opt/conda/envs/gdf/lib/python3.9/site-packages/ucp/core.py", line 662, in send
    return await comm.tag_send(self._ep, buffer, nbytes, tag, name=log)
ucp._libs.exceptions.UCXError: <[Send #007] ep: 0x7f3e48179140, tag: 0xbdba7e712ea520b7, nbytes: 50000000, type: <class 'cupy.ndarray'>>: Connection reset by remote peer

During handling of the above exception, another exception occurred:

Traceback (most recent call last):
  File "/opt/conda/envs/gdf/lib/python3.9/site-packages/distributed/worker.py", line 1779, in get_data
    compressed = await comm.write(msg, serializers=serializers)
  File "/opt/conda/envs/gdf/lib/python3.9/site-packages/distributed/utils.py", line 832, in wrapper
    return await func(*args, **kwargs)
  File "/opt/conda/envs/gdf/lib/python3.9/site-packages/distributed/comm/ucx.py", line 338, in write
    raise CommClosedError("While writing, the connection was closed")
distributed.comm.core.CommClosedError: While writing, the connection was closed
[dgx13:92402:0:92402] Caught signal 11 (Segmentation fault: address not mapped to object at address 0x448)
==== backtrace (tid:  92402) ====
 0  /opt/conda/envs/gdf/lib/libucs.so.0(ucs_handle_error+0x2fd) [0x7f9d137f407d]
 1  /opt/conda/envs/gdf/lib/libucs.so.0(+0x2a274) [0x7f9d137f4274]
 2  /opt/conda/envs/gdf/lib/libucs.so.0(+0x2a43a) [0x7f9d137f443a]
 3  /usr/lib/x86_64-linux-gnu/libpthread.so.0(+0x14420) [0x7f9d4c4d0420]
 4  /opt/conda/envs/gdf/lib/libucp.so.0(ucp_mem_type_unpack+0x14) [0x7f9d138736b4]
 5  /opt/conda/envs/gdf/lib/libucp.so.0(ucp_rndv_data_handler+0x4e9) [0x7f9d1389c839]
 6  /opt/conda/envs/gdf/lib/libuct.so.0(+0x203df) [0x7f9d137ae3df]
 7  /opt/conda/envs/gdf/lib/libuct.so.0(+0x23838) [0x7f9d137b1838]
 8  /opt/conda/envs/gdf/lib/libucs.so.0(ucs_event_set_wait+0xb9) [0x7f9d137fd4a9]
 9  /opt/conda/envs/gdf/lib/libuct.so.0(uct_tcp_iface_progress+0x7d) [0x7f9d137b05dd]
10  /opt/conda/envs/gdf/lib/libucp.so.0(ucp_worker_progress+0x5a) [0x7f9d138708da]
11  /opt/conda/envs/gdf/lib/python3.9/site-packages/ucp/_libs/ucx_api.cpython-39-x86_64-linux-gnu.so(+0x3206a) [0x7f9d1392906a]
12  /opt/conda/envs/gdf/bin/python(_PyEval_EvalFrameDefault+0x45a6) [0x555deac143f6]
13  /opt/conda/envs/gdf/bin/python(+0x12dfb4) [0x555deac0efb4]
14  /opt/conda/envs/gdf/bin/python(_PyFunction_Vectorcall+0xd9) [0x555deac20469]
15  /opt/conda/envs/gdf/bin/python(_PyEval_EvalFrameDefault+0x696) [0x555deac104e6]
16  /opt/conda/envs/gdf/bin/python(+0x1e26d2) [0x555deacc36d2]
17  /opt/conda/envs/gdf/lib/python3.9/lib-dynload/_asyncio.cpython-39-x86_64-linux-gnu.so(+0x81e9) [0x7f9d36a661e9]
18  /opt/conda/envs/gdf/bin/python(_PyObject_MakeTpCall+0x2ec) [0x555deac186ac]
19  /opt/conda/envs/gdf/bin/python(+0xf23ff) [0x555deabd33ff]
20  /opt/conda/envs/gdf/bin/python(+0x136723) [0x555deac17723]
21  /opt/conda/envs/gdf/bin/python(_PyEval_EvalFrameDefault+0x5ad9) [0x555deac15929]
22  /opt/conda/envs/gdf/bin/python(+0x13f712) [0x555deac20712]
23  /opt/conda/envs/gdf/bin/python(_PyEval_EvalFrameDefault+0x696) [0x555deac104e6]
24  /opt/conda/envs/gdf/bin/python(+0x13f712) [0x555deac20712]
25  /opt/conda/envs/gdf/bin/python(_PyEval_EvalFrameDefault+0x696) [0x555deac104e6]
26  /opt/conda/envs/gdf/bin/python(+0x13f712) [0x555deac20712]
27  /opt/conda/envs/gdf/bin/python(_PyEval_EvalFrameDefault+0x696) [0x555deac104e6]
28  /opt/conda/envs/gdf/bin/python(+0x13f712) [0x555deac20712]
29  /opt/conda/envs/gdf/bin/python(_PyEval_EvalFrameDefault+0x696) [0x555deac104e6]
30  /opt/conda/envs/gdf/bin/python(+0x12dfb4) [0x555deac0efb4]
31  /opt/conda/envs/gdf/bin/python(_PyFunction_Vectorcall+0xd9) [0x555deac20469]
32  /opt/conda/envs/gdf/bin/python(_PyEval_EvalFrameDefault+0x11f2) [0x555deac11042]
33  /opt/conda/envs/gdf/bin/python(+0x12dfb4) [0x555deac0efb4]
34  /opt/conda/envs/gdf/bin/python(+0x14c8cb) [0x555deac2d8cb]
35  /opt/conda/envs/gdf/bin/python(PyObject_Call+0xbc) [0x555deac2e04c]
36  /opt/conda/envs/gdf/bin/python(+0x21080e) [0x555deacf180e]
37  /opt/conda/envs/gdf/bin/python(_PyObject_MakeTpCall+0x2ec) [0x555deac186ac]
38  /opt/conda/envs/gdf/bin/python(_PyEval_EvalFrameDefault+0x45a6) [0x555deac143f6]
39  /opt/conda/envs/gdf/bin/python(+0x13f712) [0x555deac20712]
40  /opt/conda/envs/gdf/bin/python(+0x14c9ac) [0x555deac2d9ac]
41  /opt/conda/envs/gdf/bin/python(_PyEval_EvalFrameDefault+0x45a6) [0x555deac143f6]
42  /opt/conda/envs/gdf/bin/python(+0x13f712) [0x555deac20712]
43  /opt/conda/envs/gdf/bin/python(_PyEval_EvalFrameDefault+0x696) [0x555deac104e6]
44  /opt/conda/envs/gdf/bin/python(+0x12dfb4) [0x555deac0efb4]
45  /opt/conda/envs/gdf/bin/python(_PyFunction_Vectorcall+0xd9) [0x555deac20469]
46  /opt/conda/envs/gdf/bin/python(_PyEval_EvalFrameDefault+0x696) [0x555deac104e6]
47  /opt/conda/envs/gdf/bin/python(+0x13f712) [0x555deac20712]
48  /opt/conda/envs/gdf/bin/python(_PyEval_EvalFrameDefault+0x3e2) [0x555deac10232]
49  /opt/conda/envs/gdf/bin/python(+0x12dfb4) [0x555deac0efb4]
50  /opt/conda/envs/gdf/bin/python(_PyFunction_Vectorcall+0xd9) [0x555deac20469]
51  /opt/conda/envs/gdf/bin/python(_PyEval_EvalFrameDefault+0x11f2) [0x555deac11042]
52  /opt/conda/envs/gdf/bin/python(+0x12dfb4) [0x555deac0efb4]
53  /opt/conda/envs/gdf/bin/python(_PyEval_EvalCodeWithName+0x48) [0x555deac0ec88]
54  /opt/conda/envs/gdf/bin/python(PyEval_EvalCodeEx+0x39) [0x555deac0ec39]
55  /opt/conda/envs/gdf/bin/python(PyEval_EvalCode+0x1b) [0x555deacbc2cb]
56  /opt/conda/envs/gdf/bin/python(+0x2086ca) [0x555deace96ca]
57  /opt/conda/envs/gdf/bin/python(+0x204a63) [0x555deace5a63]
58  /opt/conda/envs/gdf/bin/python(PyRun_StringFlags+0x9a) [0x555deacdd87a]
59  /opt/conda/envs/gdf/bin/python(PyRun_SimpleStringFlags+0x3c) [0x555deacdd76c]
60  /opt/conda/envs/gdf/bin/python(Py_RunMain+0x267) [0x555deacdc9a7]
61  /opt/conda/envs/gdf/bin/python(Py_BytesMain+0x37) [0x555deacb0107]
=================================
[dgx13:92380:0:92380] Caught signal 11 (Segmentation fault: address not mapped to object at address 0x448)
==== backtrace (tid:  92380) ====
 0  /opt/conda/envs/gdf/lib/libucs.so.0(ucs_handle_error+0x2fd) [0x7ff8ef38f07d]
 1  /opt/conda/envs/gdf/lib/libucs.so.0(+0x2a274) [0x7ff8ef38f274]
 2  /opt/conda/envs/gdf/lib/libucs.so.0(+0x2a43a) [0x7ff8ef38f43a]
 3  /usr/lib/x86_64-linux-gnu/libpthread.so.0(+0x14420) [0x7ff937ee1420]
 4  /opt/conda/envs/gdf/lib/libucp.so.0(ucp_mem_type_unpack+0x14) [0x7ff8ef40e6b4]
 5  /opt/conda/envs/gdf/lib/libucp.so.0(ucp_rndv_data_handler+0x4e9) [0x7ff8ef437839]
 6  /opt/conda/envs/gdf/lib/libuct.so.0(+0x203df) [0x7ff8ef3493df]
 7  /opt/conda/envs/gdf/lib/libuct.so.0(+0x23838) [0x7ff8ef34c838]
 8  /opt/conda/envs/gdf/lib/libucs.so.0(ucs_event_set_wait+0xb9) [0x7ff8ef3984a9]
 9  /opt/conda/envs/gdf/lib/libuct.so.0(uct_tcp_iface_progress+0x7d) [0x7ff8ef34b5dd]
10  /opt/conda/envs/gdf/lib/libucp.so.0(ucp_worker_progress+0x5a) [0x7ff8ef40b8da]
11  /opt/conda/envs/gdf/lib/python3.9/site-packages/ucp/_libs/ucx_api.cpython-39-x86_64-linux-gnu.so(+0x3206a) [0x7ff90005306a]
12  /opt/conda/envs/gdf/bin/python(_PyEval_EvalFrameDefault+0x45a6) [0x5583d94f63f6]
13  /opt/conda/envs/gdf/bin/python(+0x12dfb4) [0x5583d94f0fb4]
14  /opt/conda/envs/gdf/bin/python(_PyFunction_Vectorcall+0xd9) [0x5583d9502469]
15  /opt/conda/envs/gdf/bin/python(_PyEval_EvalFrameDefault+0x696) [0x5583d94f24e6]
16  /opt/conda/envs/gdf/bin/python(+0x13f712) [0x5583d9502712]
17  /opt/conda/envs/gdf/bin/python(+0x14ca83) [0x5583d950fa83]
18  /opt/conda/envs/gdf/bin/python(+0x25819c) [0x5583d961b19c]
19  /opt/conda/envs/gdf/bin/python(+0xf23ff) [0x5583d94b53ff]
20  /opt/conda/envs/gdf/bin/python(+0x136723) [0x5583d94f9723]
21  /opt/conda/envs/gdf/bin/python(_PyEval_EvalFrameDefault+0x5ad9) [0x5583d94f7929]
22  /opt/conda/envs/gdf/bin/python(+0x13f712) [0x5583d9502712]
23  /opt/conda/envs/gdf/bin/python(_PyEval_EvalFrameDefault+0x696) [0x5583d94f24e6]
24  /opt/conda/envs/gdf/bin/python(+0x13f712) [0x5583d9502712]
25  /opt/conda/envs/gdf/bin/python(_PyEval_EvalFrameDefault+0x696) [0x5583d94f24e6]
26  /opt/conda/envs/gdf/bin/python(+0x13f712) [0x5583d9502712]
27  /opt/conda/envs/gdf/bin/python(_PyEval_EvalFrameDefault+0x696) [0x5583d94f24e6]
28  /opt/conda/envs/gdf/bin/python(+0x13f712) [0x5583d9502712]
29  /opt/conda/envs/gdf/bin/python(_PyEval_EvalFrameDefault+0x696) [0x5583d94f24e6]
30  /opt/conda/envs/gdf/bin/python(+0x12dfb4) [0x5583d94f0fb4]
31  /opt/conda/envs/gdf/bin/python(_PyFunction_Vectorcall+0xd9) [0x5583d9502469]
32  /opt/conda/envs/gdf/bin/python(_PyEval_EvalFrameDefault+0x11f2) [0x5583d94f3042]
33  /opt/conda/envs/gdf/bin/python(+0x12dfb4) [0x5583d94f0fb4]
34  /opt/conda/envs/gdf/bin/python(+0x14c8cb) [0x5583d950f8cb]
35  /opt/conda/envs/gdf/bin/python(PyObject_Call+0xbc) [0x5583d951004c]
36  /opt/conda/envs/gdf/bin/python(+0x21080e) [0x5583d95d380e]
37  /opt/conda/envs/gdf/bin/python(_PyObject_MakeTpCall+0x2ec) [0x5583d94fa6ac]
38  /opt/conda/envs/gdf/bin/python(_PyEval_EvalFrameDefault+0x45a6) [0x5583d94f63f6]
39  /opt/conda/envs/gdf/bin/python(+0x13f712) [0x5583d9502712]
40  /opt/conda/envs/gdf/bin/python(+0x14c9ac) [0x5583d950f9ac]
41  /opt/conda/envs/gdf/bin/python(_PyEval_EvalFrameDefault+0x45a6) [0x5583d94f63f6]
42  /opt/conda/envs/gdf/bin/python(+0x13f712) [0x5583d9502712]
43  /opt/conda/envs/gdf/bin/python(_PyEval_EvalFrameDefault+0x696) [0x5583d94f24e6]
44  /opt/conda/envs/gdf/bin/python(+0x12dfb4) [0x5583d94f0fb4]
45  /opt/conda/envs/gdf/bin/python(_PyFunction_Vectorcall+0xd9) [0x5583d9502469]
46  /opt/conda/envs/gdf/bin/python(_PyEval_EvalFrameDefault+0x696) [0x5583d94f24e6]
47  /opt/conda/envs/gdf/bin/python(+0x13f712) [0x5583d9502712]
48  /opt/conda/envs/gdf/bin/python(_PyEval_EvalFrameDefault+0x3e2) [0x5583d94f2232]
49  /opt/conda/envs/gdf/bin/python(+0x12dfb4) [0x5583d94f0fb4]
50  /opt/conda/envs/gdf/bin/python(_PyFunction_Vectorcall+0xd9) [0x5583d9502469]
51  /opt/conda/envs/gdf/bin/python(_PyEval_EvalFrameDefault+0x11f2) [0x5583d94f3042]
52  /opt/conda/envs/gdf/bin/python(+0x12dfb4) [0x5583d94f0fb4]
53  /opt/conda/envs/gdf/bin/python(_PyEval_EvalCodeWithName+0x48) [0x5583d94f0c88]
54  /opt/conda/envs/gdf/bin/python(PyEval_EvalCodeEx+0x39) [0x5583d94f0c39]
55  /opt/conda/envs/gdf/bin/python(PyEval_EvalCode+0x1b) [0x5583d959e2cb]
56  /opt/conda/envs/gdf/bin/python(+0x2086ca) [0x5583d95cb6ca]
57  /opt/conda/envs/gdf/bin/python(+0x204a63) [0x5583d95c7a63]
58  /opt/conda/envs/gdf/bin/python(PyRun_StringFlags+0x9a) [0x5583d95bf87a]
59  /opt/conda/envs/gdf/bin/python(PyRun_SimpleStringFlags+0x3c) [0x5583d95bf76c]
60  /opt/conda/envs/gdf/bin/python(Py_RunMain+0x267) [0x5583d95be9a7]
61  /opt/conda/envs/gdf/bin/python(Py_BytesMain+0x37) [0x5583d9592107]
=================================
2024-02-06 07:39:50,770 - distributed.worker - ERROR - failed during get data with ucx://127.0.0.1:38723 -> ucx://127.0.0.1:48041
Traceback (most recent call last):
  File "/opt/conda/envs/gdf/lib/python3.9/site-packages/distributed/comm/ucx.py", line 334, in write
    await self.ep.send(each_frame)
  File "/opt/conda/envs/gdf/lib/python3.9/site-packages/ucp/core.py", line 662, in send
    return await comm.tag_send(self._ep, buffer, nbytes, tag, name=log)
ucp._libs.exceptions.UCXError: <[Send #007] ep: 0x7f5282735300, tag: 0x725fa0f2923a03b3, nbytes: 50000000, type: <class 'cupy.ndarray'>>: Connection reset by remote peer

During handling of the above exception, another exception occurred:

Traceback (most recent call last):
  File "/opt/conda/envs/gdf/lib/python3.9/site-packages/distributed/worker.py", line 1779, in get_data
    compressed = await comm.write(msg, serializers=serializers)
  File "/opt/conda/envs/gdf/lib/python3.9/site-packages/distributed/utils.py", line 832, in wrapper
    return await func(*args, **kwargs)
  File "/opt/conda/envs/gdf/lib/python3.9/site-packages/distributed/comm/ucx.py", line 338, in write
    raise CommClosedError("While writing, the connection was closed")
distributed.comm.core.CommClosedError: While writing, the connection was closed
2024-02-06 07:39:50,773 - distributed.worker - ERROR - Worker stream died during communication: ucx://127.0.0.1:48041
Traceback (most recent call last):
  File "/opt/conda/envs/gdf/lib/python3.9/site-packages/distributed/comm/ucx.py", line 467, in connect
    ep = await ucp.create_endpoint(ip, port)
  File "/opt/conda/envs/gdf/lib/python3.9/site-packages/ucp/core.py", line 1016, in create_endpoint
    return await _get_ctx().create_endpoint(
  File "/opt/conda/envs/gdf/lib/python3.9/site-packages/ucp/core.py", line 328, in create_endpoint
    peer_info = await exchange_peer_info(
  File "/opt/conda/envs/gdf/lib/python3.9/site-packages/ucp/core.py", line 60, in exchange_peer_info
    await asyncio.wait_for(
  File "/opt/conda/envs/gdf/lib/python3.9/asyncio/tasks.py", line 479, in wait_for
    return fut.result()
ucp._libs.exceptions.UCXError: <stream_recv>: Connection reset by remote peer

During handling of the above exception, another exception occurred:

Traceback (most recent call last):
  File "/opt/conda/envs/gdf/lib/python3.9/site-packages/distributed/comm/core.py", line 342, in connect
    comm = await wait_for(
  File "/opt/conda/envs/gdf/lib/python3.9/site-packages/distributed/utils.py", line 1940, in wait_for
    return await asyncio.wait_for(fut, timeout)
  File "/opt/conda/envs/gdf/lib/python3.9/asyncio/tasks.py", line 479, in wait_for
    return fut.result()
  File "/opt/conda/envs/gdf/lib/python3.9/site-packages/distributed/comm/ucx.py", line 469, in connect
    raise CommClosedError("Connection closed before handshake completed")
distributed.comm.core.CommClosedError: Connection closed before handshake completed

During handling of the above exception, another exception occurred:

Traceback (most recent call last):
  File "/opt/conda/envs/gdf/lib/python3.9/site-packages/distributed/core.py", line 1564, in _connect
    comm = await connect(
  File "/opt/conda/envs/gdf/lib/python3.9/site-packages/distributed/comm/core.py", line 366, in connect
    await asyncio.sleep(backoff)
  File "/opt/conda/envs/gdf/lib/python3.9/asyncio/tasks.py", line 652, in sleep
    return await future
asyncio.exceptions.CancelledError

During handling of the above exception, another exception occurred:

Traceback (most recent call last):
  File "/opt/conda/envs/gdf/lib/python3.9/site-packages/distributed/core.py", line 1674, in connect
    return connect_attempt.result()
asyncio.exceptions.CancelledError

During handling of the above exception, another exception occurred:

Traceback (most recent call last):
  File "/opt/conda/envs/gdf/lib/python3.9/site-packages/distributed/worker.py", line 2056, in gather_dep
    response = await get_data_from_worker(
  File "/opt/conda/envs/gdf/lib/python3.9/site-packages/distributed/worker.py", line 2857, in get_data_from_worker
    comm = await rpc.connect(worker)
  File "/opt/conda/envs/gdf/lib/python3.9/site-packages/distributed/core.py", line 1676, in connect
    raise CommClosedError(reason)
distributed.comm.core.CommClosedError: Address removed.
2024-02-06 07:39:50,774 - distributed.worker - ERROR - Worker stream died during communication: ucx://127.0.0.1:48041
Traceback (most recent call last):
  File "/opt/conda/envs/gdf/lib/python3.9/site-packages/distributed/comm/ucx.py", line 467, in connect
    ep = await ucp.create_endpoint(ip, port)
  File "/opt/conda/envs/gdf/lib/python3.9/site-packages/ucp/core.py", line 1016, in create_endpoint
    return await _get_ctx().create_endpoint(
  File "/opt/conda/envs/gdf/lib/python3.9/site-packages/ucp/core.py", line 328, in create_endpoint
    peer_info = await exchange_peer_info(
  File "/opt/conda/envs/gdf/lib/python3.9/site-packages/ucp/core.py", line 60, in exchange_peer_info
    await asyncio.wait_for(
  File "/opt/conda/envs/gdf/lib/python3.9/asyncio/tasks.py", line 479, in wait_for
    return fut.result()
ucp._libs.exceptions.UCXError: <stream_recv>: Connection reset by remote peer

During handling of the above exception, another exception occurred:

Traceback (most recent call last):
  File "/opt/conda/envs/gdf/lib/python3.9/site-packages/distributed/comm/core.py", line 342, in connect
    comm = await wait_for(
  File "/opt/conda/envs/gdf/lib/python3.9/site-packages/distributed/utils.py", line 1940, in wait_for
    return await asyncio.wait_for(fut, timeout)
  File "/opt/conda/envs/gdf/lib/python3.9/asyncio/tasks.py", line 479, in wait_for
    return fut.result()
  File "/opt/conda/envs/gdf/lib/python3.9/site-packages/distributed/comm/ucx.py", line 469, in connect
    raise CommClosedError("Connection closed before handshake completed")
distributed.comm.core.CommClosedError: Connection closed before handshake completed

During handling of the above exception, another exception occurred:

Traceback (most recent call last):
  File "/opt/conda/envs/gdf/lib/python3.9/site-packages/distributed/core.py", line 1564, in _connect
    comm = await connect(
  File "/opt/conda/envs/gdf/lib/python3.9/site-packages/distributed/comm/core.py", line 366, in connect
    await asyncio.sleep(backoff)
  File "/opt/conda/envs/gdf/lib/python3.9/asyncio/tasks.py", line 652, in sleep
    return await future
asyncio.exceptions.CancelledError

During handling of the above exception, another exception occurred:

Traceback (most recent call last):
  File "/opt/conda/envs/gdf/lib/python3.9/site-packages/distributed/core.py", line 1674, in connect
    return connect_attempt.result()
asyncio.exceptions.CancelledError

During handling of the above exception, another exception occurred:

Traceback (most recent call last):
  File "/opt/conda/envs/gdf/lib/python3.9/site-packages/distributed/worker.py", line 2056, in gather_dep
    response = await get_data_from_worker(
  File "/opt/conda/envs/gdf/lib/python3.9/site-packages/distributed/worker.py", line 2857, in get_data_from_worker
    comm = await rpc.connect(worker)
  File "/opt/conda/envs/gdf/lib/python3.9/site-packages/distributed/core.py", line 1676, in connect
    raise CommClosedError(reason)
distributed.comm.core.CommClosedError: Address removed.
2024-02-06 07:39:50,922 - distributed.worker - ERROR - failed during get data with ucx://127.0.0.1:51833 -> ucx://127.0.0.1:34267
Traceback (most recent call last):
  File "/opt/conda/envs/gdf/lib/python3.9/site-packages/distributed/comm/ucx.py", line 334, in write
    await self.ep.send(each_frame)
  File "/opt/conda/envs/gdf/lib/python3.9/site-packages/ucp/core.py", line 662, in send
    return await comm.tag_send(self._ep, buffer, nbytes, tag, name=log)
ucp._libs.exceptions.UCXError: <[Send #007] ep: 0x7feebe6c4100, tag: 0x2a83cc92e51c2058, nbytes: 50000000, type: <class 'cupy.ndarray'>>: Connection reset by remote peer

During handling of the above exception, another exception occurred:

Traceback (most recent call last):
  File "/opt/conda/envs/gdf/lib/python3.9/site-packages/distributed/worker.py", line 1779, in get_data
    compressed = await comm.write(msg, serializers=serializers)
  File "/opt/conda/envs/gdf/lib/python3.9/site-packages/distributed/utils.py", line 832, in wrapper
    return await func(*args, **kwargs)
  File "/opt/conda/envs/gdf/lib/python3.9/site-packages/distributed/comm/ucx.py", line 338, in write
    raise CommClosedError("While writing, the connection was closed")
distributed.comm.core.CommClosedError: While writing, the connection was closed
2024-02-06 07:39:50,932 - distributed.worker - ERROR - failed during get data with ucx://127.0.0.1:38723 -> ucx://127.0.0.1:59875
Traceback (most recent call last):
  File "/opt/conda/envs/gdf/lib/python3.9/site-packages/distributed/comm/ucx.py", line 334, in write
    await self.ep.send(each_frame)
  File "/opt/conda/envs/gdf/lib/python3.9/site-packages/ucp/core.py", line 662, in send
    return await comm.tag_send(self._ep, buffer, nbytes, tag, name=log)
ucp._libs.exceptions.UCXError: <[Send #007] ep: 0x7f5282735180, tag: 0x63687b6ceee639a9, nbytes: 50000000, type: <class 'cupy.ndarray'>>: Connection reset by remote peer

During handling of the above exception, another exception occurred:

Traceback (most recent call last):
  File "/opt/conda/envs/gdf/lib/python3.9/site-packages/distributed/worker.py", line 1779, in get_data
    compressed = await comm.write(msg, serializers=serializers)
  File "/opt/conda/envs/gdf/lib/python3.9/site-packages/distributed/utils.py", line 832, in wrapper
    return await func(*args, **kwargs)
  File "/opt/conda/envs/gdf/lib/python3.9/site-packages/distributed/comm/ucx.py", line 338, in write
    raise CommClosedError("While writing, the connection was closed")
distributed.comm.core.CommClosedError: While writing, the connection was closed
2024-02-06 07:39:50,936 - distributed.worker - ERROR - Worker stream died during communication: ucx://127.0.0.1:59875
Traceback (most recent call last):
  File "/opt/conda/envs/gdf/lib/python3.9/site-packages/distributed/comm/ucx.py", line 467, in connect
    ep = await ucp.create_endpoint(ip, port)
  File "/opt/conda/envs/gdf/lib/python3.9/site-packages/ucp/core.py", line 1016, in create_endpoint
    return await _get_ctx().create_endpoint(
  File "/opt/conda/envs/gdf/lib/python3.9/site-packages/ucp/core.py", line 328, in create_endpoint
    peer_info = await exchange_peer_info(
  File "/opt/conda/envs/gdf/lib/python3.9/site-packages/ucp/core.py", line 60, in exchange_peer_info
    await asyncio.wait_for(
  File "/opt/conda/envs/gdf/lib/python3.9/asyncio/tasks.py", line 479, in wait_for
    return fut.result()
ucp._libs.exceptions.UCXError: <stream_recv>: Connection reset by remote peer

During handling of the above exception, another exception occurred:

Traceback (most recent call last):
  File "/opt/conda/envs/gdf/lib/python3.9/site-packages/distributed/comm/core.py", line 342, in connect
    comm = await wait_for(
  File "/opt/conda/envs/gdf/lib/python3.9/site-packages/distributed/utils.py", line 1940, in wait_for
    return await asyncio.wait_for(fut, timeout)
  File "/opt/conda/envs/gdf/lib/python3.9/asyncio/tasks.py", line 479, in wait_for
    return fut.result()
  File "/opt/conda/envs/gdf/lib/python3.9/site-packages/distributed/comm/ucx.py", line 469, in connect
    raise CommClosedError("Connection closed before handshake completed")
distributed.comm.core.CommClosedError: Connection closed before handshake completed

During handling of the above exception, another exception occurred:

Traceback (most recent call last):
  File "/opt/conda/envs/gdf/lib/python3.9/site-packages/distributed/core.py", line 1564, in _connect
    comm = await connect(
  File "/opt/conda/envs/gdf/lib/python3.9/site-packages/distributed/comm/core.py", line 366, in connect
    await asyncio.sleep(backoff)
  File "/opt/conda/envs/gdf/lib/python3.9/asyncio/tasks.py", line 652, in sleep
    return await future
asyncio.exceptions.CancelledError

During handling of the above exception, another exception occurred:

Traceback (most recent call last):
  File "/opt/conda/envs/gdf/lib/python3.9/site-packages/distributed/core.py", line 1674, in connect
    return connect_attempt.result()
asyncio.exceptions.CancelledError

During handling of the above exception, another exception occurred:

Traceback (most recent call last):
  File "/opt/conda/envs/gdf/lib/python3.9/site-packages/distributed/worker.py", line 2056, in gather_dep
    response = await get_data_from_worker(
  File "/opt/conda/envs/gdf/lib/python3.9/site-packages/distributed/worker.py", line 2857, in get_data_from_worker
    comm = await rpc.connect(worker)
  File "/opt/conda/envs/gdf/lib/python3.9/site-packages/distributed/core.py", line 1676, in connect
    raise CommClosedError(reason)
distributed.comm.core.CommClosedError: Address removed.
[dgx13:92389:0:92389] Caught signal 11 (Segmentation fault: address not mapped to object at address 0x448)
==== backtrace (tid:  92389) ====
 0  /opt/conda/envs/gdf/lib/libucs.so.0(ucs_handle_error+0x2fd) [0x7fb38d2e307d]
 1  /opt/conda/envs/gdf/lib/libucs.so.0(+0x2a274) [0x7fb38d2e3274]
 2  /opt/conda/envs/gdf/lib/libucs.so.0(+0x2a43a) [0x7fb38d2e343a]
 3  /usr/lib/x86_64-linux-gnu/libpthread.so.0(+0x14420) [0x7fb3c9feb420]
 4  /opt/conda/envs/gdf/lib/libucp.so.0(ucp_mem_type_unpack+0x14) [0x7fb38d3626b4]
 5  /opt/conda/envs/gdf/lib/libucp.so.0(ucp_rndv_data_handler+0x4e9) [0x7fb38d38b839]
 6  /opt/conda/envs/gdf/lib/libuct.so.0(+0x203df) [0x7fb38d29d3df]
 7  /opt/conda/envs/gdf/lib/libuct.so.0(+0x23838) [0x7fb38d2a0838]
 8  /opt/conda/envs/gdf/lib/libucs.so.0(ucs_event_set_wait+0xb9) [0x7fb38d2ec4a9]
 9  /opt/conda/envs/gdf/lib/libuct.so.0(uct_tcp_iface_progress+0x7d) [0x7fb38d29f5dd]
10  /opt/conda/envs/gdf/lib/libucp.so.0(ucp_worker_progress+0x5a) [0x7fb38d35f8da]
11  /opt/conda/envs/gdf/lib/python3.9/site-packages/ucp/_libs/ucx_api.cpython-39-x86_64-linux-gnu.so(+0x3206a) [0x7fb38d41806a]
12  /opt/conda/envs/gdf/bin/python(_PyEval_EvalFrameDefault+0x45a6) [0x5653d146a3f6]
13  /opt/conda/envs/gdf/bin/python(+0x12dfb4) [0x5653d1464fb4]
14  /opt/conda/envs/gdf/bin/python(_PyFunction_Vectorcall+0xd9) [0x5653d1476469]
15  /opt/conda/envs/gdf/bin/python(_PyEval_EvalFrameDefault+0x696) [0x5653d14664e6]
16  /opt/conda/envs/gdf/bin/python(+0x13f712) [0x5653d1476712]
17  /opt/conda/envs/gdf/bin/python(+0x14ca83) [0x5653d1483a83]
18  /opt/conda/envs/gdf/bin/python(+0x25819c) [0x5653d158f19c]
19  /opt/conda/envs/gdf/bin/python(+0xf23ff) [0x5653d14293ff]
20  /opt/conda/envs/gdf/bin/python(+0x136723) [0x5653d146d723]
21  /opt/conda/envs/gdf/bin/python(_PyEval_EvalFrameDefault+0x5ad9) [0x5653d146b929]
22  /opt/conda/envs/gdf/bin/python(+0x13f712) [0x5653d1476712]
23  /opt/conda/envs/gdf/bin/python(_PyEval_EvalFrameDefault+0x696) [0x5653d14664e6]
24  /opt/conda/envs/gdf/bin/python(+0x13f712) [0x5653d1476712]
25  /opt/conda/envs/gdf/bin/python(_PyEval_EvalFrameDefault+0x696) [0x5653d14664e6]
26  /opt/conda/envs/gdf/bin/python(+0x13f712) [0x5653d1476712]
27  /opt/conda/envs/gdf/bin/python(_PyEval_EvalFrameDefault+0x696) [0x5653d14664e6]
28  /opt/conda/envs/gdf/bin/python(+0x13f712) [0x5653d1476712]
29  /opt/conda/envs/gdf/bin/python(_PyEval_EvalFrameDefault+0x696) [0x5653d14664e6]
30  /opt/conda/envs/gdf/bin/python(+0x12dfb4) [0x5653d1464fb4]
31  /opt/conda/envs/gdf/bin/python(_PyFunction_Vectorcall+0xd9) [0x5653d1476469]
32  /opt/conda/envs/gdf/bin/python(_PyEval_EvalFrameDefault+0x11f2) [0x5653d1467042]
33  /opt/conda/envs/gdf/bin/python(+0x12dfb4) [0x5653d1464fb4]
34  /opt/conda/envs/gdf/bin/python(+0x14c8cb) [0x5653d14838cb]
35  /opt/conda/envs/gdf/bin/python(PyObject_Call+0xbc) [0x5653d148404c]
36  /opt/conda/envs/gdf/bin/python(+0x21080e) [0x5653d154780e]
37  /opt/conda/envs/gdf/bin/python(_PyObject_MakeTpCall+0x2ec) [0x5653d146e6ac]
38  /opt/conda/envs/gdf/bin/python(_PyEval_EvalFrameDefault+0x45a6) [0x5653d146a3f6]
39  /opt/conda/envs/gdf/bin/python(+0x13f712) [0x5653d1476712]
40  /opt/conda/envs/gdf/bin/python(+0x14c9ac) [0x5653d14839ac]
41  /opt/conda/envs/gdf/bin/python(_PyEval_EvalFrameDefault+0x45a6) [0x5653d146a3f6]
42  /opt/conda/envs/gdf/bin/python(+0x13f712) [0x5653d1476712]
43  /opt/conda/envs/gdf/bin/python(_PyEval_EvalFrameDefault+0x696) [0x5653d14664e6]
44  /opt/conda/envs/gdf/bin/python(+0x12dfb4) [0x5653d1464fb4]
45  /opt/conda/envs/gdf/bin/python(_PyFunction_Vectorcall+0xd9) [0x5653d1476469]
46  /opt/conda/envs/gdf/bin/python(_PyEval_EvalFrameDefault+0x696) [0x5653d14664e6]
47  /opt/conda/envs/gdf/bin/python(+0x13f712) [0x5653d1476712]
48  /opt/conda/envs/gdf/bin/python(_PyEval_EvalFrameDefault+0x3e2) [0x5653d1466232]
49  /opt/conda/envs/gdf/bin/python(+0x12dfb4) [0x5653d1464fb4]
50  /opt/conda/envs/gdf/bin/python(_PyFunction_Vectorcall+0xd9) [0x5653d1476469]
51  /opt/conda/envs/gdf/bin/python(_PyEval_EvalFrameDefault+0x11f2) [0x5653d1467042]
52  /opt/conda/envs/gdf/bin/python(+0x12dfb4) [0x5653d1464fb4]
53  /opt/conda/envs/gdf/bin/python(_PyEval_EvalCodeWithName+0x48) [0x5653d1464c88]
54  /opt/conda/envs/gdf/bin/python(PyEval_EvalCodeEx+0x39) [0x5653d1464c39]
55  /opt/conda/envs/gdf/bin/python(PyEval_EvalCode+0x1b) [0x5653d15122cb]
56  /opt/conda/envs/gdf/bin/python(+0x2086ca) [0x5653d153f6ca]
57  /opt/conda/envs/gdf/bin/python(+0x204a63) [0x5653d153ba63]
58  /opt/conda/envs/gdf/bin/python(PyRun_StringFlags+0x9a) [0x5653d153387a]
59  /opt/conda/envs/gdf/bin/python(PyRun_SimpleStringFlags+0x3c) [0x5653d153376c]
60  /opt/conda/envs/gdf/bin/python(Py_RunMain+0x267) [0x5653d15329a7]
61  /opt/conda/envs/gdf/bin/python(Py_BytesMain+0x37) [0x5653d1506107]
=================================
2024-02-06 07:39:51,279 - distributed.worker - ERROR - failed during get data with ucx://127.0.0.1:46219 -> ucx://127.0.0.1:36311
Traceback (most recent call last):
  File "/opt/conda/envs/gdf/lib/python3.9/site-packages/distributed/comm/ucx.py", line 334, in write
    await self.ep.send(each_frame)
  File "/opt/conda/envs/gdf/lib/python3.9/site-packages/ucp/core.py", line 662, in send
    return await comm.tag_send(self._ep, buffer, nbytes, tag, name=log)
ucp._libs.exceptions.UCXError: <[Send #007] ep: 0x7f3e48179100, tag: 0x3af6c8d7d38921c7, nbytes: 50000000, type: <class 'cupy.ndarray'>>: Connection reset by remote peer

During handling of the above exception, another exception occurred:

Traceback (most recent call last):
  File "/opt/conda/envs/gdf/lib/python3.9/site-packages/distributed/worker.py", line 1779, in get_data
    compressed = await comm.write(msg, serializers=serializers)
  File "/opt/conda/envs/gdf/lib/python3.9/site-packages/distributed/utils.py", line 832, in wrapper
    return await func(*args, **kwargs)
  File "/opt/conda/envs/gdf/lib/python3.9/site-packages/distributed/comm/ucx.py", line 338, in write
    raise CommClosedError("While writing, the connection was closed")
distributed.comm.core.CommClosedError: While writing, the connection was closed
2024-02-06 07:39:51,840 - distributed.nanny - WARNING - Restarting worker
2024-02-06 07:39:52,730 - distributed.nanny - WARNING - Restarting worker
2024-02-06 07:39:53,334 - distributed.nanny - WARNING - Restarting worker
2024-02-06 07:39:53,337 - distributed.nanny - WARNING - Restarting worker
2024-02-06 07:39:53,496 - distributed.nanny - WARNING - Restarting worker
/opt/conda/envs/gdf/lib/python3.9/multiprocessing/resource_tracker.py:216: UserWarning: resource_tracker: There appear to be 48 leaked semaphore objects to clean up at shutdown
  warnings.warn('resource_tracker: There appear to be %d '
