2023-06-11 06:08:37,223 - distributed.preloading - INFO - Creating preload: dask_cuda.initialize
2023-06-11 06:08:37,223 - distributed.preloading - INFO - Import preload module: dask_cuda.initialize
2023-06-11 06:08:37,366 - distributed.preloading - INFO - Creating preload: dask_cuda.initialize
2023-06-11 06:08:37,366 - distributed.preloading - INFO - Import preload module: dask_cuda.initialize
2023-06-11 06:08:37,369 - distributed.preloading - INFO - Creating preload: dask_cuda.initialize
2023-06-11 06:08:37,369 - distributed.preloading - INFO - Import preload module: dask_cuda.initialize
2023-06-11 06:08:37,375 - distributed.preloading - INFO - Creating preload: dask_cuda.initialize
2023-06-11 06:08:37,375 - distributed.preloading - INFO - Import preload module: dask_cuda.initialize
2023-06-11 06:08:37,377 - distributed.preloading - INFO - Creating preload: dask_cuda.initialize
2023-06-11 06:08:37,377 - distributed.preloading - INFO - Import preload module: dask_cuda.initialize
2023-06-11 06:08:37,379 - distributed.preloading - INFO - Creating preload: dask_cuda.initialize
2023-06-11 06:08:37,379 - distributed.preloading - INFO - Import preload module: dask_cuda.initialize
2023-06-11 06:08:37,388 - distributed.preloading - INFO - Creating preload: dask_cuda.initialize
2023-06-11 06:08:37,389 - distributed.preloading - INFO - Import preload module: dask_cuda.initialize
2023-06-11 06:08:37,390 - distributed.preloading - INFO - Creating preload: dask_cuda.initialize
2023-06-11 06:08:37,390 - distributed.preloading - INFO - Import preload module: dask_cuda.initialize
[dgx13:77297:0:77297] Caught signal 11 (Segmentation fault: address not mapped to object at address 0x448)
==== backtrace (tid:  77297) ====
 0  /opt/conda/envs/gdf/lib/libucs.so.0(ucs_handle_error+0x2fd) [0x7f114360ef1d]
 1  /opt/conda/envs/gdf/lib/libucs.so.0(+0x29114) [0x7f114360f114]
 2  /opt/conda/envs/gdf/lib/libucs.so.0(+0x292da) [0x7f114360f2da]
 3  /usr/lib/x86_64-linux-gnu/libpthread.so.0(+0x14420) [0x7f11e3e2e420]
 4  /opt/conda/envs/gdf/lib/libucp.so.0(ucp_mem_type_unpack+0x14) [0x7f11436885d4]
 5  /opt/conda/envs/gdf/lib/libucp.so.0(ucp_rndv_data_handler+0x4e9) [0x7f11436ad859]
 6  /opt/conda/envs/gdf/lib/libuct.so.0(+0x2042f) [0x7f11435ca42f]
 7  /opt/conda/envs/gdf/lib/libuct.so.0(+0x23798) [0x7f11435cd798]
 8  /opt/conda/envs/gdf/lib/libucs.so.0(ucs_event_set_wait+0xb9) [0x7f1143617989]
 9  /opt/conda/envs/gdf/lib/libuct.so.0(uct_tcp_iface_progress+0x7d) [0x7f11435cc62d]
10  /opt/conda/envs/gdf/lib/libucp.so.0(ucp_worker_progress+0x5a) [0x7f1143685c4a]
11  /opt/conda/envs/gdf/lib/python3.9/site-packages/ucp/_libs/ucx_api.cpython-39-x86_64-linux-gnu.so(+0x2b17a) [0x7f114373017a]
12  /opt/conda/envs/gdf/bin/python(+0x13eb08) [0x5595a156cb08]
13  /opt/conda/envs/gdf/bin/python(_PyEval_EvalFrameDefault+0x5f82) [0x5595a155d112]
14  /opt/conda/envs/gdf/bin/python(+0x12827a) [0x5595a155627a]
15  /opt/conda/envs/gdf/bin/python(_PyFunction_Vectorcall+0xd5) [0x5595a1567c05]
16  /opt/conda/envs/gdf/bin/python(_PyEval_EvalFrameDefault+0x68b) [0x5595a155781b]
17  /opt/conda/envs/gdf/bin/python(+0x139ef3) [0x5595a1567ef3]
18  /opt/conda/envs/gdf/bin/python(+0x147a16) [0x5595a1575a16]
19  /opt/conda/envs/gdf/bin/python(+0x2579b1) [0x5595a16859b1]
20  /opt/conda/envs/gdf/bin/python(+0xe5817) [0x5595a1513817]
21  /opt/conda/envs/gdf/bin/python(+0x130f83) [0x5595a155ef83]
22  /opt/conda/envs/gdf/bin/python(_PyEval_EvalFrameDefault+0x5ba6) [0x5595a155cd36]
23  /opt/conda/envs/gdf/bin/python(+0x139ef3) [0x5595a1567ef3]
24  /opt/conda/envs/gdf/bin/python(_PyEval_EvalFrameDefault+0x68b) [0x5595a155781b]
25  /opt/conda/envs/gdf/bin/python(+0x139ef3) [0x5595a1567ef3]
26  /opt/conda/envs/gdf/bin/python(_PyEval_EvalFrameDefault+0x68b) [0x5595a155781b]
27  /opt/conda/envs/gdf/bin/python(+0x139ef3) [0x5595a1567ef3]
28  /opt/conda/envs/gdf/bin/python(_PyEval_EvalFrameDefault+0x68b) [0x5595a155781b]
29  /opt/conda/envs/gdf/bin/python(+0x139ef3) [0x5595a1567ef3]
30  /opt/conda/envs/gdf/bin/python(_PyEval_EvalFrameDefault+0x68b) [0x5595a155781b]
31  /opt/conda/envs/gdf/bin/python(+0x12827a) [0x5595a155627a]
32  /opt/conda/envs/gdf/bin/python(_PyFunction_Vectorcall+0xd5) [0x5595a1567c05]
33  /opt/conda/envs/gdf/bin/python(_PyEval_EvalFrameDefault+0x4e17) [0x5595a155bfa7]
34  /opt/conda/envs/gdf/bin/python(+0x12827a) [0x5595a155627a]
35  /opt/conda/envs/gdf/bin/python(+0x147935) [0x5595a1575935]
36  /opt/conda/envs/gdf/bin/python(PyObject_Call+0xb4) [0x5595a1576104]
37  /opt/conda/envs/gdf/bin/python(+0x20efc8) [0x5595a163cfc8]
38  /opt/conda/envs/gdf/bin/python(_PyObject_MakeTpCall+0x2fc) [0x5595a15602bc]
39  /opt/conda/envs/gdf/bin/python(_PyEval_EvalFrameDefault+0x402b) [0x5595a155b1bb]
40  /opt/conda/envs/gdf/bin/python(+0x139ef3) [0x5595a1567ef3]
41  /opt/conda/envs/gdf/bin/python(+0x147c72) [0x5595a1575c72]
42  /opt/conda/envs/gdf/bin/python(_PyEval_EvalFrameDefault+0x402b) [0x5595a155b1bb]
43  /opt/conda/envs/gdf/bin/python(+0x139ef3) [0x5595a1567ef3]
44  /opt/conda/envs/gdf/bin/python(_PyEval_EvalFrameDefault+0x68b) [0x5595a155781b]
45  /opt/conda/envs/gdf/bin/python(+0x12827a) [0x5595a155627a]
46  /opt/conda/envs/gdf/bin/python(_PyFunction_Vectorcall+0xd5) [0x5595a1567c05]
47  /opt/conda/envs/gdf/bin/python(_PyEval_EvalFrameDefault+0x68b) [0x5595a155781b]
48  /opt/conda/envs/gdf/bin/python(+0x139ef3) [0x5595a1567ef3]
49  /opt/conda/envs/gdf/bin/python(_PyEval_EvalFrameDefault+0x3d8) [0x5595a1557568]
50  /opt/conda/envs/gdf/bin/python(+0x12827a) [0x5595a155627a]
51  /opt/conda/envs/gdf/bin/python(_PyFunction_Vectorcall+0xd5) [0x5595a1567c05]
52  /opt/conda/envs/gdf/bin/python(_PyEval_EvalFrameDefault+0x123b) [0x5595a15583cb]
53  /opt/conda/envs/gdf/bin/python(+0x12827a) [0x5595a155627a]
54  /opt/conda/envs/gdf/bin/python(_PyEval_EvalCodeWithName+0x47) [0x5595a1555f07]
55  /opt/conda/envs/gdf/bin/python(PyEval_EvalCodeEx+0x39) [0x5595a1555eb9]
56  /opt/conda/envs/gdf/bin/python(PyEval_EvalCode+0x1b) [0x5595a16068bb]
57  /opt/conda/envs/gdf/bin/python(+0x206adc) [0x5595a1634adc]
58  /opt/conda/envs/gdf/bin/python(+0x202c24) [0x5595a1630c24]
59  /opt/conda/envs/gdf/bin/python(PyRun_StringFlags+0x9d) [0x5595a16287ed]
60  /opt/conda/envs/gdf/bin/python(PyRun_SimpleStringFlags+0x3d) [0x5595a16286bd]
61  /opt/conda/envs/gdf/bin/python(Py_RunMain+0x262) [0x5595a16278a2]
=================================
2023-06-11 06:08:41,093 - distributed.worker - ERROR - failed during get data with ucx://127.0.0.1:56547 -> ucx://127.0.0.1:46575
Traceback (most recent call last):
  File "/opt/conda/envs/gdf/lib/python3.9/site-packages/distributed/comm/ucx.py", line 333, in write
    await self.ep.send(each_frame)
  File "/opt/conda/envs/gdf/lib/python3.9/site-packages/ucp/core.py", line 650, in send
    return await comm.tag_send(self._ep, buffer, nbytes, tag, name=log)
ucp._libs.exceptions.UCXError: <[Send #007] ep: 0x7fa55044a240, tag: 0x396d674c9a1364dc, nbytes: 50000000, type: <class 'cupy.ndarray'>>: Connection reset by remote peer

During handling of the above exception, another exception occurred:

Traceback (most recent call last):
  File "/opt/conda/envs/gdf/lib/python3.9/site-packages/distributed/worker.py", line 1792, in get_data
    compressed = await comm.write(msg, serializers=serializers)
  File "/opt/conda/envs/gdf/lib/python3.9/site-packages/distributed/utils.py", line 752, in wrapper
    return await func(*args, **kwargs)
  File "/opt/conda/envs/gdf/lib/python3.9/site-packages/distributed/comm/ucx.py", line 337, in write
    raise CommClosedError("While writing, the connection was closed")
distributed.comm.core.CommClosedError: While writing, the connection was closed
Task exception was never retrieved
future: <Task finished name='Task-310' coro=<_listener_handler_coroutine() done, defined at /opt/conda/envs/gdf/lib/python3.9/site-packages/ucp/core.py:128> exception=UCXError('<stream_recv>: Connection reset by remote peer')>
Traceback (most recent call last):
  File "/opt/conda/envs/gdf/lib/python3.9/site-packages/ucp/core.py", line 143, in _listener_handler_coroutine
    peer_info = await exchange_peer_info(
  File "/opt/conda/envs/gdf/lib/python3.9/site-packages/ucp/core.py", line 52, in exchange_peer_info
    await comm.stream_recv(endpoint, peer_info_arr, peer_info_arr.nbytes)
ucp._libs.exceptions.UCXError: <stream_recv>: Connection reset by remote peer
2023-06-11 06:08:41,102 - distributed.worker - ERROR - Worker stream died during communication: ucx://127.0.0.1:46575
Traceback (most recent call last):
  File "/opt/conda/envs/gdf/lib/python3.9/site-packages/distributed/comm/ucx.py", line 466, in connect
    ep = await ucp.create_endpoint(ip, port)
  File "/opt/conda/envs/gdf/lib/python3.9/site-packages/ucp/core.py", line 1004, in create_endpoint
    return await _get_ctx().create_endpoint(
  File "/opt/conda/envs/gdf/lib/python3.9/site-packages/ucp/core.py", line 316, in create_endpoint
    peer_info = await exchange_peer_info(
  File "/opt/conda/envs/gdf/lib/python3.9/site-packages/ucp/core.py", line 54, in exchange_peer_info
    await comm.stream_recv(endpoint, peer_info_arr, peer_info_arr.nbytes)
ucp._libs.exceptions.UCXError: <stream_recv>: Connection reset by remote peer

During handling of the above exception, another exception occurred:

Traceback (most recent call last):
  File "/opt/conda/envs/gdf/lib/python3.9/site-packages/distributed/comm/core.py", line 292, in connect
    comm = await wait_for(
  File "/opt/conda/envs/gdf/lib/python3.9/site-packages/distributed/utils.py", line 1849, in wait_for
    return await asyncio.wait_for(fut, timeout)
  File "/opt/conda/envs/gdf/lib/python3.9/asyncio/tasks.py", line 479, in wait_for
    return fut.result()
  File "/opt/conda/envs/gdf/lib/python3.9/site-packages/distributed/comm/ucx.py", line 468, in connect
    raise CommClosedError("Connection closed before handshake completed")
distributed.comm.core.CommClosedError: Connection closed before handshake completed

During handling of the above exception, another exception occurred:

Traceback (most recent call last):
  File "/opt/conda/envs/gdf/lib/python3.9/site-packages/distributed/core.py", line 1427, in _connect
    comm = await connect(
  File "/opt/conda/envs/gdf/lib/python3.9/site-packages/distributed/comm/core.py", line 316, in connect
    await asyncio.sleep(backoff)
  File "/opt/conda/envs/gdf/lib/python3.9/asyncio/tasks.py", line 652, in sleep
    return await future
asyncio.exceptions.CancelledError

During handling of the above exception, another exception occurred:

Traceback (most recent call last):
  File "/opt/conda/envs/gdf/lib/python3.9/site-packages/distributed/worker.py", line 2066, in gather_dep
    response = await get_data_from_worker(
  File "/opt/conda/envs/gdf/lib/python3.9/site-packages/distributed/worker.py", line 2889, in get_data_from_worker
    comm = await rpc.connect(worker)
  File "/opt/conda/envs/gdf/lib/python3.9/site-packages/distributed/core.py", line 1506, in connect
    return await connect_attempt
  File "/opt/conda/envs/gdf/lib/python3.9/site-packages/distributed/core.py", line 1450, in _connect
    raise CommClosedError(reason)
distributed.comm.core.CommClosedError: Address removed.
2023-06-11 06:08:41,100 - distributed.worker - ERROR - Worker stream died during communication: ucx://127.0.0.1:46575
Traceback (most recent call last):
  File "/opt/conda/envs/gdf/lib/python3.9/site-packages/distributed/comm/ucx.py", line 466, in connect
    ep = await ucp.create_endpoint(ip, port)
  File "/opt/conda/envs/gdf/lib/python3.9/site-packages/ucp/core.py", line 1004, in create_endpoint
    return await _get_ctx().create_endpoint(
  File "/opt/conda/envs/gdf/lib/python3.9/site-packages/ucp/core.py", line 316, in create_endpoint
    peer_info = await exchange_peer_info(
  File "/opt/conda/envs/gdf/lib/python3.9/site-packages/ucp/core.py", line 54, in exchange_peer_info
    await comm.stream_recv(endpoint, peer_info_arr, peer_info_arr.nbytes)
ucp._libs.exceptions.UCXNotConnected: <stream_recv>: 

During handling of the above exception, another exception occurred:

Traceback (most recent call last):
  File "/opt/conda/envs/gdf/lib/python3.9/site-packages/distributed/comm/core.py", line 292, in connect
    comm = await wait_for(
  File "/opt/conda/envs/gdf/lib/python3.9/site-packages/distributed/utils.py", line 1849, in wait_for
    return await asyncio.wait_for(fut, timeout)
  File "/opt/conda/envs/gdf/lib/python3.9/asyncio/tasks.py", line 479, in wait_for
    return fut.result()
  File "/opt/conda/envs/gdf/lib/python3.9/site-packages/distributed/comm/ucx.py", line 468, in connect
    raise CommClosedError("Connection closed before handshake completed")
distributed.comm.core.CommClosedError: Connection closed before handshake completed

During handling of the above exception, another exception occurred:

Traceback (most recent call last):
  File "/opt/conda/envs/gdf/lib/python3.9/site-packages/distributed/core.py", line 1427, in _connect
    comm = await connect(
  File "/opt/conda/envs/gdf/lib/python3.9/site-packages/distributed/comm/core.py", line 316, in connect
    await asyncio.sleep(backoff)
  File "/opt/conda/envs/gdf/lib/python3.9/asyncio/tasks.py", line 652, in sleep
    return await future
asyncio.exceptions.CancelledError

During handling of the above exception, another exception occurred:

Traceback (most recent call last):
  File "/opt/conda/envs/gdf/lib/python3.9/site-packages/distributed/worker.py", line 2066, in gather_dep
    response = await get_data_from_worker(
  File "/opt/conda/envs/gdf/lib/python3.9/site-packages/distributed/worker.py", line 2889, in get_data_from_worker
    comm = await rpc.connect(worker)
  File "/opt/conda/envs/gdf/lib/python3.9/site-packages/distributed/core.py", line 1506, in connect
    return await connect_attempt
  File "/opt/conda/envs/gdf/lib/python3.9/site-packages/distributed/core.py", line 1450, in _connect
    raise CommClosedError(reason)
distributed.comm.core.CommClosedError: Address removed.
2023-06-11 06:08:41,100 - distributed.worker - ERROR - Worker stream died during communication: ucx://127.0.0.1:46575
Traceback (most recent call last):
  File "/opt/conda/envs/gdf/lib/python3.9/site-packages/distributed/comm/ucx.py", line 466, in connect
    ep = await ucp.create_endpoint(ip, port)
  File "/opt/conda/envs/gdf/lib/python3.9/site-packages/ucp/core.py", line 1004, in create_endpoint
    return await _get_ctx().create_endpoint(
  File "/opt/conda/envs/gdf/lib/python3.9/site-packages/ucp/core.py", line 316, in create_endpoint
    peer_info = await exchange_peer_info(
  File "/opt/conda/envs/gdf/lib/python3.9/site-packages/ucp/core.py", line 54, in exchange_peer_info
    await comm.stream_recv(endpoint, peer_info_arr, peer_info_arr.nbytes)
ucp._libs.exceptions.UCXError: <stream_recv>: Connection reset by remote peer

During handling of the above exception, another exception occurred:

Traceback (most recent call last):
  File "/opt/conda/envs/gdf/lib/python3.9/site-packages/distributed/comm/core.py", line 292, in connect
    comm = await wait_for(
  File "/opt/conda/envs/gdf/lib/python3.9/site-packages/distributed/utils.py", line 1849, in wait_for
    return await asyncio.wait_for(fut, timeout)
  File "/opt/conda/envs/gdf/lib/python3.9/asyncio/tasks.py", line 479, in wait_for
    return fut.result()
  File "/opt/conda/envs/gdf/lib/python3.9/site-packages/distributed/comm/ucx.py", line 468, in connect
    raise CommClosedError("Connection closed before handshake completed")
distributed.comm.core.CommClosedError: Connection closed before handshake completed

During handling of the above exception, another exception occurred:

Traceback (most recent call last):
  File "/opt/conda/envs/gdf/lib/python3.9/site-packages/distributed/core.py", line 1427, in _connect
    comm = await connect(
  File "/opt/conda/envs/gdf/lib/python3.9/site-packages/distributed/comm/core.py", line 316, in connect
    await asyncio.sleep(backoff)
  File "/opt/conda/envs/gdf/lib/python3.9/asyncio/tasks.py", line 652, in sleep
    return await future
asyncio.exceptions.CancelledError

During handling of the above exception, another exception occurred:

Traceback (most recent call last):
  File "/opt/conda/envs/gdf/lib/python3.9/site-packages/distributed/worker.py", line 2066, in gather_dep
    response = await get_data_from_worker(
  File "/opt/conda/envs/gdf/lib/python3.9/site-packages/distributed/worker.py", line 2889, in get_data_from_worker
    comm = await rpc.connect(worker)
  File "/opt/conda/envs/gdf/lib/python3.9/site-packages/distributed/core.py", line 1506, in connect
    return await connect_attempt
  File "/opt/conda/envs/gdf/lib/python3.9/site-packages/distributed/core.py", line 1450, in _connect
    raise CommClosedError(reason)
distributed.comm.core.CommClosedError: Address removed.
2023-06-11 06:08:41,157 - distributed.nanny - WARNING - Restarting worker
[dgx13:77291:0:77291] Caught signal 11 (Segmentation fault: address not mapped to object at address 0x448)
==== backtrace (tid:  77291) ====
 0  /opt/conda/envs/gdf/lib/libucs.so.0(ucs_handle_error+0x2fd) [0x7f2261998f1d]
 1  /opt/conda/envs/gdf/lib/libucs.so.0(+0x29114) [0x7f2261999114]
 2  /opt/conda/envs/gdf/lib/libucs.so.0(+0x292da) [0x7f22619992da]
 3  /usr/lib/x86_64-linux-gnu/libpthread.so.0(+0x14420) [0x7f23061c9420]
 4  /opt/conda/envs/gdf/lib/libucp.so.0(ucp_mem_type_unpack+0x14) [0x7f2261a125d4]
 5  /opt/conda/envs/gdf/lib/libucp.so.0(ucp_rndv_data_handler+0x4e9) [0x7f2261a37859]
 6  /opt/conda/envs/gdf/lib/libuct.so.0(+0x2042f) [0x7f226195442f]
 7  /opt/conda/envs/gdf/lib/libuct.so.0(+0x23798) [0x7f2261957798]
 8  /opt/conda/envs/gdf/lib/libucs.so.0(ucs_event_set_wait+0xb9) [0x7f22619a1989]
 9  /opt/conda/envs/gdf/lib/libuct.so.0(uct_tcp_iface_progress+0x7d) [0x7f226195662d]
10  /opt/conda/envs/gdf/lib/libucp.so.0(ucp_worker_progress+0x5a) [0x7f2261a0fc4a]
11  /opt/conda/envs/gdf/lib/python3.9/site-packages/ucp/_libs/ucx_api.cpython-39-x86_64-linux-gnu.so(+0x2b17a) [0x7f2261aba17a]
12  /opt/conda/envs/gdf/bin/python(+0x13eb08) [0x560e0e80eb08]
13  /opt/conda/envs/gdf/bin/python(_PyEval_EvalFrameDefault+0x5f82) [0x560e0e7ff112]
14  /opt/conda/envs/gdf/bin/python(+0x12827a) [0x560e0e7f827a]
15  /opt/conda/envs/gdf/bin/python(_PyFunction_Vectorcall+0xd5) [0x560e0e809c05]
16  /opt/conda/envs/gdf/bin/python(_PyEval_EvalFrameDefault+0x68b) [0x560e0e7f981b]
17  /opt/conda/envs/gdf/bin/python(+0x139ef3) [0x560e0e809ef3]
18  /opt/conda/envs/gdf/bin/python(+0x147a16) [0x560e0e817a16]
19  /opt/conda/envs/gdf/bin/python(+0x2579b1) [0x560e0e9279b1]
20  /opt/conda/envs/gdf/bin/python(+0xe5817) [0x560e0e7b5817]
21  /opt/conda/envs/gdf/bin/python(+0x130f83) [0x560e0e800f83]
22  /opt/conda/envs/gdf/bin/python(_PyEval_EvalFrameDefault+0x5ba6) [0x560e0e7fed36]
23  /opt/conda/envs/gdf/bin/python(+0x139ef3) [0x560e0e809ef3]
24  /opt/conda/envs/gdf/bin/python(_PyEval_EvalFrameDefault+0x68b) [0x560e0e7f981b]
25  /opt/conda/envs/gdf/bin/python(+0x139ef3) [0x560e0e809ef3]
26  /opt/conda/envs/gdf/bin/python(_PyEval_EvalFrameDefault+0x68b) [0x560e0e7f981b]
27  /opt/conda/envs/gdf/bin/python(+0x139ef3) [0x560e0e809ef3]
28  /opt/conda/envs/gdf/bin/python(_PyEval_EvalFrameDefault+0x68b) [0x560e0e7f981b]
29  /opt/conda/envs/gdf/bin/python(+0x139ef3) [0x560e0e809ef3]
30  /opt/conda/envs/gdf/bin/python(_PyEval_EvalFrameDefault+0x68b) [0x560e0e7f981b]
31  /opt/conda/envs/gdf/bin/python(+0x12827a) [0x560e0e7f827a]
32  /opt/conda/envs/gdf/bin/python(_PyFunction_Vectorcall+0xd5) [0x560e0e809c05]
33  /opt/conda/envs/gdf/bin/python(_PyEval_EvalFrameDefault+0x4e17) [0x560e0e7fdfa7]
34  /opt/conda/envs/gdf/bin/python(+0x12827a) [0x560e0e7f827a]
35  /opt/conda/envs/gdf/bin/python(+0x147935) [0x560e0e817935]
36  /opt/conda/envs/gdf/bin/python(PyObject_Call+0xb4) [0x560e0e818104]
37  /opt/conda/envs/gdf/bin/python(+0x20efc8) [0x560e0e8defc8]
38  /opt/conda/envs/gdf/bin/python(_PyObject_MakeTpCall+0x2fc) [0x560e0e8022bc]
39  /opt/conda/envs/gdf/bin/python(_PyEval_EvalFrameDefault+0x402b) [0x560e0e7fd1bb]
40  /opt/conda/envs/gdf/bin/python(+0x139ef3) [0x560e0e809ef3]
41  /opt/conda/envs/gdf/bin/python(+0x147c72) [0x560e0e817c72]
42  /opt/conda/envs/gdf/bin/python(_PyEval_EvalFrameDefault+0x402b) [0x560e0e7fd1bb]
43  /opt/conda/envs/gdf/bin/python(+0x139ef3) [0x560e0e809ef3]
44  /opt/conda/envs/gdf/bin/python(_PyEval_EvalFrameDefault+0x68b) [0x560e0e7f981b]
45  /opt/conda/envs/gdf/bin/python(+0x12827a) [0x560e0e7f827a]
46  /opt/conda/envs/gdf/bin/python(_PyFunction_Vectorcall+0xd5) [0x560e0e809c05]
47  /opt/conda/envs/gdf/bin/python(_PyEval_EvalFrameDefault+0x68b) [0x560e0e7f981b]
48  /opt/conda/envs/gdf/bin/python(+0x139ef3) [0x560e0e809ef3]
49  /opt/conda/envs/gdf/bin/python(_PyEval_EvalFrameDefault+0x3d8) [0x560e0e7f9568]
50  /opt/conda/envs/gdf/bin/python(+0x12827a) [0x560e0e7f827a]
51  /opt/conda/envs/gdf/bin/python(_PyFunction_Vectorcall+0xd5) [0x560e0e809c05]
52  /opt/conda/envs/gdf/bin/python(_PyEval_EvalFrameDefault+0x123b) [0x560e0e7fa3cb]
53  /opt/conda/envs/gdf/bin/python(+0x12827a) [0x560e0e7f827a]
54  /opt/conda/envs/gdf/bin/python(_PyEval_EvalCodeWithName+0x47) [0x560e0e7f7f07]
55  /opt/conda/envs/gdf/bin/python(PyEval_EvalCodeEx+0x39) [0x560e0e7f7eb9]
56  /opt/conda/envs/gdf/bin/python(PyEval_EvalCode+0x1b) [0x560e0e8a88bb]
57  /opt/conda/envs/gdf/bin/python(+0x206adc) [0x560e0e8d6adc]
58  /opt/conda/envs/gdf/bin/python(+0x202c24) [0x560e0e8d2c24]
59  /opt/conda/envs/gdf/bin/python(PyRun_StringFlags+0x9d) [0x560e0e8ca7ed]
60  /opt/conda/envs/gdf/bin/python(PyRun_SimpleStringFlags+0x3d) [0x560e0e8ca6bd]
61  /opt/conda/envs/gdf/bin/python(Py_RunMain+0x262) [0x560e0e8c98a2]
=================================
Task exception was never retrieved
future: <Task finished name='Task-298' coro=<_listener_handler_coroutine() done, defined at /opt/conda/envs/gdf/lib/python3.9/site-packages/ucp/core.py:128> exception=UCXError('<stream_recv>: Connection reset by remote peer')>
Traceback (most recent call last):
  File "/opt/conda/envs/gdf/lib/python3.9/site-packages/ucp/core.py", line 143, in _listener_handler_coroutine
    peer_info = await exchange_peer_info(
  File "/opt/conda/envs/gdf/lib/python3.9/site-packages/ucp/core.py", line 52, in exchange_peer_info
    await comm.stream_recv(endpoint, peer_info_arr, peer_info_arr.nbytes)
ucp._libs.exceptions.UCXError: <stream_recv>: Connection reset by remote peer
[dgx13:77284:0:77284] Caught signal 11 (Segmentation fault: address not mapped to object at address 0x448)
==== backtrace (tid:  77284) ====
 0  /opt/conda/envs/gdf/lib/libucs.so.0(ucs_handle_error+0x2fd) [0x7fa1284f2f1d]
 1  /opt/conda/envs/gdf/lib/libucs.so.0(+0x29114) [0x7fa1284f3114]
 2  /opt/conda/envs/gdf/lib/libucs.so.0(+0x292da) [0x7fa1284f32da]
 3  /usr/lib/x86_64-linux-gnu/libpthread.so.0(+0x14420) [0x7fa1c8d20420]
 4  /opt/conda/envs/gdf/lib/libucp.so.0(ucp_mem_type_unpack+0x14) [0x7fa12856c5d4]
 5  /opt/conda/envs/gdf/lib/libucp.so.0(ucp_rndv_data_handler+0x4e9) [0x7fa128591859]
 6  /opt/conda/envs/gdf/lib/libuct.so.0(+0x2042f) [0x7fa1284ae42f]
 7  /opt/conda/envs/gdf/lib/libuct.so.0(+0x23798) [0x7fa1284b1798]
 8  /opt/conda/envs/gdf/lib/libucs.so.0(ucs_event_set_wait+0xb9) [0x7fa1284fb989]
 9  /opt/conda/envs/gdf/lib/libuct.so.0(uct_tcp_iface_progress+0x7d) [0x7fa1284b062d]
10  /opt/conda/envs/gdf/lib/libucp.so.0(ucp_worker_progress+0x5a) [0x7fa128569c4a]
11  /opt/conda/envs/gdf/lib/python3.9/site-packages/ucp/_libs/ucx_api.cpython-39-x86_64-linux-gnu.so(+0x2b17a) [0x7fa12861417a]
12  /opt/conda/envs/gdf/bin/python(+0x13eb08) [0x55a8c744cb08]
13  /opt/conda/envs/gdf/bin/python(_PyEval_EvalFrameDefault+0x5f82) [0x55a8c743d112]
14  /opt/conda/envs/gdf/bin/python(+0x12827a) [0x55a8c743627a]
15  /opt/conda/envs/gdf/bin/python(_PyFunction_Vectorcall+0xd5) [0x55a8c7447c05]
16  /opt/conda/envs/gdf/bin/python(_PyEval_EvalFrameDefault+0x68b) [0x55a8c743781b]
17  /opt/conda/envs/gdf/bin/python(+0x139ef3) [0x55a8c7447ef3]
18  /opt/conda/envs/gdf/bin/python(+0x147a16) [0x55a8c7455a16]
19  /opt/conda/envs/gdf/bin/python(+0x2579b1) [0x55a8c75659b1]
20  /opt/conda/envs/gdf/bin/python(+0xe5817) [0x55a8c73f3817]
21  /opt/conda/envs/gdf/bin/python(+0x130f83) [0x55a8c743ef83]
22  /opt/conda/envs/gdf/bin/python(_PyEval_EvalFrameDefault+0x5ba6) [0x55a8c743cd36]
23  /opt/conda/envs/gdf/bin/python(+0x139ef3) [0x55a8c7447ef3]
24  /opt/conda/envs/gdf/bin/python(_PyEval_EvalFrameDefault+0x68b) [0x55a8c743781b]
25  /opt/conda/envs/gdf/bin/python(+0x139ef3) [0x55a8c7447ef3]
26  /opt/conda/envs/gdf/bin/python(_PyEval_EvalFrameDefault+0x68b) [0x55a8c743781b]
27  /opt/conda/envs/gdf/bin/python(+0x139ef3) [0x55a8c7447ef3]
28  /opt/conda/envs/gdf/bin/python(_PyEval_EvalFrameDefault+0x68b) [0x55a8c743781b]
29  /opt/conda/envs/gdf/bin/python(+0x139ef3) [0x55a8c7447ef3]
30  /opt/conda/envs/gdf/bin/python(_PyEval_EvalFrameDefault+0x68b) [0x55a8c743781b]
31  /opt/conda/envs/gdf/bin/python(+0x12827a) [0x55a8c743627a]
32  /opt/conda/envs/gdf/bin/python(_PyFunction_Vectorcall+0xd5) [0x55a8c7447c05]
33  /opt/conda/envs/gdf/bin/python(_PyEval_EvalFrameDefault+0x4e17) [0x55a8c743bfa7]
34  /opt/conda/envs/gdf/bin/python(+0x12827a) [0x55a8c743627a]
35  /opt/conda/envs/gdf/bin/python(+0x147935) [0x55a8c7455935]
36  /opt/conda/envs/gdf/bin/python(PyObject_Call+0xb4) [0x55a8c7456104]
37  /opt/conda/envs/gdf/bin/python(+0x20efc8) [0x55a8c751cfc8]
38  /opt/conda/envs/gdf/bin/python(_PyObject_MakeTpCall+0x2fc) [0x55a8c74402bc]
39  /opt/conda/envs/gdf/bin/python(_PyEval_EvalFrameDefault+0x402b) [0x55a8c743b1bb]
40  /opt/conda/envs/gdf/bin/python(+0x139ef3) [0x55a8c7447ef3]
41  /opt/conda/envs/gdf/bin/python(+0x147c72) [0x55a8c7455c72]
42  /opt/conda/envs/gdf/bin/python(_PyEval_EvalFrameDefault+0x402b) [0x55a8c743b1bb]
43  /opt/conda/envs/gdf/bin/python(+0x139ef3) [0x55a8c7447ef3]
44  /opt/conda/envs/gdf/bin/python(_PyEval_EvalFrameDefault+0x68b) [0x55a8c743781b]
45  /opt/conda/envs/gdf/bin/python(+0x12827a) [0x55a8c743627a]
46  /opt/conda/envs/gdf/bin/python(_PyFunction_Vectorcall+0xd5) [0x55a8c7447c05]
47  /opt/conda/envs/gdf/bin/python(_PyEval_EvalFrameDefault+0x68b) [0x55a8c743781b]
48  /opt/conda/envs/gdf/bin/python(+0x139ef3) [0x55a8c7447ef3]
49  /opt/conda/envs/gdf/bin/python(_PyEval_EvalFrameDefault+0x3d8) [0x55a8c7437568]
50  /opt/conda/envs/gdf/bin/python(+0x12827a) [0x55a8c743627a]
51  /opt/conda/envs/gdf/bin/python(_PyFunction_Vectorcall+0xd5) [0x55a8c7447c05]
52  /opt/conda/envs/gdf/bin/python(_PyEval_EvalFrameDefault+0x123b) [0x55a8c74383cb]
53  /opt/conda/envs/gdf/bin/python(+0x12827a) [0x55a8c743627a]
54  /opt/conda/envs/gdf/bin/python(_PyEval_EvalCodeWithName+0x47) [0x55a8c7435f07]
55  /opt/conda/envs/gdf/bin/python(PyEval_EvalCodeEx+0x39) [0x55a8c7435eb9]
56  /opt/conda/envs/gdf/bin/python(PyEval_EvalCode+0x1b) [0x55a8c74e68bb]
57  /opt/conda/envs/gdf/bin/python(+0x206adc) [0x55a8c7514adc]
58  /opt/conda/envs/gdf/bin/python(+0x202c24) [0x55a8c7510c24]
59  /opt/conda/envs/gdf/bin/python(PyRun_StringFlags+0x9d) [0x55a8c75087ed]
60  /opt/conda/envs/gdf/bin/python(PyRun_SimpleStringFlags+0x3d) [0x55a8c75086bd]
61  /opt/conda/envs/gdf/bin/python(Py_RunMain+0x262) [0x55a8c75078a2]
=================================
2023-06-11 06:08:41,379 - distributed.worker - ERROR - Worker stream died during communication: ucx://127.0.0.1:55457
Traceback (most recent call last):
  File "/opt/conda/envs/gdf/lib/python3.9/site-packages/distributed/comm/ucx.py", line 349, in read
    await self.ep.recv(msg)
  File "/opt/conda/envs/gdf/lib/python3.9/site-packages/ucp/core.py", line 725, in recv
    ret = await comm.tag_recv(self._ep, buffer, nbytes, tag, name=log)
ucp._libs.exceptions.UCXCanceled: <[Recv #013] ep: 0x7fa55044a100, tag: 0x6f8c6068f60332, nbytes: 16, type: <class 'numpy.ndarray'>>: 

During handling of the above exception, another exception occurred:

Traceback (most recent call last):
  File "/opt/conda/envs/gdf/lib/python3.9/site-packages/distributed/worker.py", line 2066, in gather_dep
    response = await get_data_from_worker(
  File "/opt/conda/envs/gdf/lib/python3.9/site-packages/distributed/worker.py", line 2892, in get_data_from_worker
    response = await send_recv(
  File "/opt/conda/envs/gdf/lib/python3.9/site-packages/distributed/core.py", line 1024, in send_recv
    response = await comm.read(deserializers=deserializers)
  File "/opt/conda/envs/gdf/lib/python3.9/site-packages/distributed/utils.py", line 752, in wrapper
    return await func(*args, **kwargs)
  File "/opt/conda/envs/gdf/lib/python3.9/site-packages/distributed/comm/ucx.py", line 367, in read
    raise CommClosedError(
distributed.comm.core.CommClosedError: Connection closed by writer.
Inner exception: UCXCanceled("<[Recv #013] ep: 0x7fa55044a100, tag: 0x6f8c6068f60332, nbytes: 16, type: <class 'numpy.ndarray'>>: ")
2023-06-11 06:08:41,379 - distributed.worker - ERROR - failed during get data with ucx://127.0.0.1:46391 -> ucx://127.0.0.1:55457
Traceback (most recent call last):
  File "/opt/conda/envs/gdf/lib/python3.9/site-packages/distributed/comm/ucx.py", line 349, in read
    await self.ep.recv(msg)
  File "/opt/conda/envs/gdf/lib/python3.9/site-packages/ucp/core.py", line 725, in recv
    ret = await comm.tag_recv(self._ep, buffer, nbytes, tag, name=log)
ucp._libs.exceptions.UCXCanceled: <[Recv #018] ep: 0x7f0762e7a200, tag: 0x142e4697c9cb27cd, nbytes: 16, type: <class 'numpy.ndarray'>>: 

During handling of the above exception, another exception occurred:

Traceback (most recent call last):
  File "/opt/conda/envs/gdf/lib/python3.9/site-packages/distributed/worker.py", line 1793, in get_data
    response = await comm.read(deserializers=serializers)
  File "/opt/conda/envs/gdf/lib/python3.9/site-packages/distributed/utils.py", line 752, in wrapper
    return await func(*args, **kwargs)
  File "/opt/conda/envs/gdf/lib/python3.9/site-packages/distributed/comm/ucx.py", line 367, in read
    raise CommClosedError(
distributed.comm.core.CommClosedError: Connection closed by writer.
Inner exception: UCXCanceled("<[Recv #018] ep: 0x7f0762e7a200, tag: 0x142e4697c9cb27cd, nbytes: 16, type: <class 'numpy.ndarray'>>: ")
2023-06-11 06:08:41,427 - distributed.nanny - WARNING - Restarting worker
2023-06-11 06:08:41,584 - distributed.worker - ERROR - Worker stream died during communication: ucx://127.0.0.1:39369
Traceback (most recent call last):
  File "/opt/conda/envs/gdf/lib/python3.9/site-packages/distributed/comm/ucx.py", line 391, in read
    await self.ep.recv(each_frame)
  File "/opt/conda/envs/gdf/lib/python3.9/site-packages/ucp/core.py", line 725, in recv
    ret = await comm.tag_recv(self._ep, buffer, nbytes, tag, name=log)
ucp._libs.exceptions.UCXError: <[Recv #007] ep: 0x7fdf6de5b100, tag: 0xdfa93fb05c5d8b89, nbytes: 50000000, type: <class 'rmm._lib.device_buffer.DeviceBuffer'>>: Connection reset by remote peer

During handling of the above exception, another exception occurred:

Traceback (most recent call last):
  File "/opt/conda/envs/gdf/lib/python3.9/site-packages/distributed/worker.py", line 2066, in gather_dep
    response = await get_data_from_worker(
  File "/opt/conda/envs/gdf/lib/python3.9/site-packages/distributed/worker.py", line 2892, in get_data_from_worker
    response = await send_recv(
  File "/opt/conda/envs/gdf/lib/python3.9/site-packages/distributed/core.py", line 1024, in send_recv
    response = await comm.read(deserializers=deserializers)
  File "/opt/conda/envs/gdf/lib/python3.9/site-packages/distributed/utils.py", line 752, in wrapper
    return await func(*args, **kwargs)
  File "/opt/conda/envs/gdf/lib/python3.9/site-packages/distributed/comm/ucx.py", line 397, in read
    raise CommClosedError(
distributed.comm.core.CommClosedError: Connection closed by writer.
Inner exception: UCXError("<[Recv #007] ep: 0x7fdf6de5b100, tag: 0xdfa93fb05c5d8b89, nbytes: 50000000, type: <class 'rmm._lib.device_buffer.DeviceBuffer'>>: Connection reset by remote peer")
2023-06-11 06:08:41,584 - distributed.worker - ERROR - Worker stream died during communication: ucx://127.0.0.1:39369
Traceback (most recent call last):
  File "/opt/conda/envs/gdf/lib/python3.9/site-packages/distributed/comm/ucx.py", line 391, in read
    await self.ep.recv(each_frame)
  File "/opt/conda/envs/gdf/lib/python3.9/site-packages/ucp/core.py", line 725, in recv
    ret = await comm.tag_recv(self._ep, buffer, nbytes, tag, name=log)
ucp._libs.exceptions.UCXError: <[Recv #007] ep: 0x7f0762e7a180, tag: 0x628dc0d93e4d0a1d, nbytes: 50000000, type: <class 'rmm._lib.device_buffer.DeviceBuffer'>>: Connection reset by remote peer

During handling of the above exception, another exception occurred:

Traceback (most recent call last):
  File "/opt/conda/envs/gdf/lib/python3.9/site-packages/distributed/worker.py", line 2066, in gather_dep
    response = await get_data_from_worker(
  File "/opt/conda/envs/gdf/lib/python3.9/site-packages/distributed/worker.py", line 2892, in get_data_from_worker
    response = await send_recv(
  File "/opt/conda/envs/gdf/lib/python3.9/site-packages/distributed/core.py", line 1024, in send_recv
    response = await comm.read(deserializers=deserializers)
  File "/opt/conda/envs/gdf/lib/python3.9/site-packages/distributed/utils.py", line 752, in wrapper
    return await func(*args, **kwargs)
  File "/opt/conda/envs/gdf/lib/python3.9/site-packages/distributed/comm/ucx.py", line 397, in read
    raise CommClosedError(
distributed.comm.core.CommClosedError: Connection closed by writer.
Inner exception: UCXError("<[Recv #007] ep: 0x7f0762e7a180, tag: 0x628dc0d93e4d0a1d, nbytes: 50000000, type: <class 'rmm._lib.device_buffer.DeviceBuffer'>>: Connection reset by remote peer")
2023-06-11 06:08:41,584 - distributed.worker - ERROR - Worker stream died during communication: ucx://127.0.0.1:39369
Traceback (most recent call last):
  File "/opt/conda/envs/gdf/lib/python3.9/site-packages/distributed/comm/ucx.py", line 349, in read
    await self.ep.recv(msg)
  File "/opt/conda/envs/gdf/lib/python3.9/site-packages/ucp/core.py", line 725, in recv
    ret = await comm.tag_recv(self._ep, buffer, nbytes, tag, name=log)
ucp._libs.exceptions.UCXCanceled: <[Recv #025] ep: 0x7f4394305140, tag: 0x47bf5dc8c6e1aa1, nbytes: 16, type: <class 'numpy.ndarray'>>: 

During handling of the above exception, another exception occurred:

Traceback (most recent call last):
  File "/opt/conda/envs/gdf/lib/python3.9/site-packages/distributed/worker.py", line 2066, in gather_dep
    response = await get_data_from_worker(
  File "/opt/conda/envs/gdf/lib/python3.9/site-packages/distributed/worker.py", line 2892, in get_data_from_worker
    response = await send_recv(
  File "/opt/conda/envs/gdf/lib/python3.9/site-packages/distributed/core.py", line 1024, in send_recv
    response = await comm.read(deserializers=deserializers)
  File "/opt/conda/envs/gdf/lib/python3.9/site-packages/distributed/utils.py", line 752, in wrapper
    return await func(*args, **kwargs)
  File "/opt/conda/envs/gdf/lib/python3.9/site-packages/distributed/comm/ucx.py", line 367, in read
    raise CommClosedError(
distributed.comm.core.CommClosedError: Connection closed by writer.
Inner exception: UCXCanceled("<[Recv #025] ep: 0x7f4394305140, tag: 0x47bf5dc8c6e1aa1, nbytes: 16, type: <class 'numpy.ndarray'>>: ")
2023-06-11 06:08:41,585 - distributed.worker - ERROR - failed during get data with ucx://127.0.0.1:34297 -> ucx://127.0.0.1:39369
Traceback (most recent call last):
  File "/opt/conda/envs/gdf/lib/python3.9/site-packages/distributed/comm/ucx.py", line 333, in write
    await self.ep.send(each_frame)
  File "/opt/conda/envs/gdf/lib/python3.9/site-packages/ucp/core.py", line 650, in send
    return await comm.tag_send(self._ep, buffer, nbytes, tag, name=log)
ucp._libs.exceptions.UCXError: <[Send #007] ep: 0x7fdf6de5b300, tag: 0x9bf76ec0a71f57ff, nbytes: 50000000, type: <class 'cupy.ndarray'>>: Connection reset by remote peer

During handling of the above exception, another exception occurred:

Traceback (most recent call last):
  File "/opt/conda/envs/gdf/lib/python3.9/site-packages/distributed/worker.py", line 1792, in get_data
    compressed = await comm.write(msg, serializers=serializers)
  File "/opt/conda/envs/gdf/lib/python3.9/site-packages/distributed/utils.py", line 752, in wrapper
    return await func(*args, **kwargs)
  File "/opt/conda/envs/gdf/lib/python3.9/site-packages/distributed/comm/ucx.py", line 337, in write
    raise CommClosedError("While writing, the connection was closed")
distributed.comm.core.CommClosedError: While writing, the connection was closed
2023-06-11 06:08:41,585 - distributed.worker - ERROR - failed during get data with ucx://127.0.0.1:46391 -> ucx://127.0.0.1:39369
Traceback (most recent call last):
  File "/opt/conda/envs/gdf/lib/python3.9/site-packages/distributed/comm/ucx.py", line 349, in read
    await self.ep.recv(msg)
  File "/opt/conda/envs/gdf/lib/python3.9/site-packages/ucp/core.py", line 725, in recv
    ret = await comm.tag_recv(self._ep, buffer, nbytes, tag, name=log)
ucp._libs.exceptions.UCXCanceled: <[Recv #006] ep: 0x7f0762e7a240, tag: 0x9888c120c6c183c7, nbytes: 16, type: <class 'numpy.ndarray'>>: 

During handling of the above exception, another exception occurred:

Traceback (most recent call last):
  File "/opt/conda/envs/gdf/lib/python3.9/site-packages/distributed/worker.py", line 1793, in get_data
    response = await comm.read(deserializers=serializers)
  File "/opt/conda/envs/gdf/lib/python3.9/site-packages/distributed/utils.py", line 752, in wrapper
    return await func(*args, **kwargs)
  File "/opt/conda/envs/gdf/lib/python3.9/site-packages/distributed/comm/ucx.py", line 367, in read
    raise CommClosedError(
distributed.comm.core.CommClosedError: Connection closed by writer.
Inner exception: UCXCanceled("<[Recv #006] ep: 0x7f0762e7a240, tag: 0x9888c120c6c183c7, nbytes: 16, type: <class 'numpy.ndarray'>>: ")
2023-06-11 06:08:41,630 - distributed.nanny - WARNING - Restarting worker
2023-06-11 06:08:42,680 - distributed.preloading - INFO - Creating preload: dask_cuda.initialize
2023-06-11 06:08:42,681 - distributed.preloading - INFO - Import preload module: dask_cuda.initialize
2023-06-11 06:08:42,847 - distributed.preloading - INFO - Creating preload: dask_cuda.initialize
2023-06-11 06:08:42,847 - distributed.preloading - INFO - Import preload module: dask_cuda.initialize
2023-06-11 06:08:43,126 - distributed.preloading - INFO - Creating preload: dask_cuda.initialize
2023-06-11 06:08:43,127 - distributed.preloading - INFO - Import preload module: dask_cuda.initialize
2023-06-11 06:09:10,763 - distributed.worker - ERROR - Worker stream died during communication: ucx://127.0.0.1:46575
Traceback (most recent call last):
  File "/opt/conda/envs/gdf/lib/python3.9/site-packages/distributed/comm/ucx.py", line 466, in connect
    ep = await ucp.create_endpoint(ip, port)
  File "/opt/conda/envs/gdf/lib/python3.9/site-packages/ucp/core.py", line 1004, in create_endpoint
    return await _get_ctx().create_endpoint(
  File "/opt/conda/envs/gdf/lib/python3.9/site-packages/ucp/core.py", line 316, in create_endpoint
    peer_info = await exchange_peer_info(
  File "/opt/conda/envs/gdf/lib/python3.9/site-packages/ucp/core.py", line 54, in exchange_peer_info
    await comm.stream_recv(endpoint, peer_info_arr, peer_info_arr.nbytes)
asyncio.exceptions.CancelledError

During handling of the above exception, another exception occurred:

Traceback (most recent call last):
  File "/opt/conda/envs/gdf/lib/python3.9/asyncio/tasks.py", line 490, in wait_for
    return fut.result()
asyncio.exceptions.CancelledError

The above exception was the direct cause of the following exception:

Traceback (most recent call last):
  File "/opt/conda/envs/gdf/lib/python3.9/site-packages/distributed/comm/core.py", line 292, in connect
    comm = await wait_for(
  File "/opt/conda/envs/gdf/lib/python3.9/site-packages/distributed/utils.py", line 1849, in wait_for
    return await asyncio.wait_for(fut, timeout)
  File "/opt/conda/envs/gdf/lib/python3.9/asyncio/tasks.py", line 492, in wait_for
    raise exceptions.TimeoutError() from exc
asyncio.exceptions.TimeoutError

The above exception was the direct cause of the following exception:

Traceback (most recent call last):
  File "/opt/conda/envs/gdf/lib/python3.9/site-packages/distributed/worker.py", line 2066, in gather_dep
    response = await get_data_from_worker(
  File "/opt/conda/envs/gdf/lib/python3.9/site-packages/distributed/worker.py", line 2889, in get_data_from_worker
    comm = await rpc.connect(worker)
  File "/opt/conda/envs/gdf/lib/python3.9/site-packages/distributed/core.py", line 1506, in connect
    return await connect_attempt
  File "/opt/conda/envs/gdf/lib/python3.9/site-packages/distributed/core.py", line 1427, in _connect
    comm = await connect(
  File "/opt/conda/envs/gdf/lib/python3.9/site-packages/distributed/comm/core.py", line 318, in connect
    raise OSError(
OSError: Timed out trying to connect to ucx://127.0.0.1:46575 after 30 s
/opt/conda/envs/gdf/lib/python3.9/multiprocessing/resource_tracker.py:216: UserWarning: resource_tracker: There appear to be 48 leaked semaphore objects to clean up at shutdown
  warnings.warn('resource_tracker: There appear to be %d '
