[dgx13:79068:0:79068] Caught signal 11 (Segmentation fault: address not mapped to object at address 0x448)
==== backtrace (tid:  79068) ====
 0  /opt/conda/envs/gdf/lib/libucs.so.0(ucs_handle_error+0x2fd) [0x7f4d7c41907d]
 1  /opt/conda/envs/gdf/lib/libucs.so.0(+0x2a274) [0x7f4d7c419274]
 2  /opt/conda/envs/gdf/lib/libucs.so.0(+0x2a43a) [0x7f4d7c41943a]
 3  /usr/lib/x86_64-linux-gnu/libpthread.so.0(+0x14420) [0x7f4e1cc5b420]
 4  /opt/conda/envs/gdf/lib/libucp.so.0(ucp_mem_type_unpack+0x14) [0x7f4d7c4986b4]
 5  /opt/conda/envs/gdf/lib/libucp.so.0(ucp_rndv_data_handler+0x4e9) [0x7f4d7c4c1839]
 6  /opt/conda/envs/gdf/lib/libuct.so.0(+0x203df) [0x7f4d7c3d33df]
 7  /opt/conda/envs/gdf/lib/libuct.so.0(+0x23838) [0x7f4d7c3d6838]
 8  /opt/conda/envs/gdf/lib/libucs.so.0(ucs_event_set_wait+0xb9) [0x7f4d7c4224a9]
 9  /opt/conda/envs/gdf/lib/libuct.so.0(uct_tcp_iface_progress+0x7d) [0x7f4d7c3d55dd]
10  /opt/conda/envs/gdf/lib/libucp.so.0(ucp_worker_progress+0x5a) [0x7f4d7c4958da]
11  /opt/conda/envs/gdf/lib/python3.9/site-packages/ucp/_libs/ucx_api.cpython-39-x86_64-linux-gnu.so(+0x3a5fa) [0x7f4d7c5565fa]
12  /opt/conda/envs/gdf/bin/python(_PyEval_EvalFrameDefault+0x37cb) [0x55ec7ce006fb]
13  /opt/conda/envs/gdf/bin/python(+0x12f094) [0x55ec7cdfc094]
14  /opt/conda/envs/gdf/bin/python(_PyFunction_Vectorcall+0xd9) [0x55ec7ce0d519]
15  /opt/conda/envs/gdf/bin/python(_PyEval_EvalFrameDefault+0x696) [0x55ec7cdfd5c6]
16  /opt/conda/envs/gdf/bin/python(+0x1e3162) [0x55ec7ceb0162]
17  /opt/conda/envs/gdf/lib/python3.9/lib-dynload/_asyncio.cpython-39-x86_64-linux-gnu.so(+0x81e9) [0x7f4d9d5ef1e9]
18  /opt/conda/envs/gdf/bin/python(_PyObject_MakeTpCall+0x2ec) [0x55ec7ce0577c]
19  /opt/conda/envs/gdf/bin/python(+0xead05) [0x55ec7cdb7d05]
20  /opt/conda/envs/gdf/bin/python(+0x1377f3) [0x55ec7ce047f3]
21  /opt/conda/envs/gdf/bin/python(_PyEval_EvalFrameDefault+0x59f9) [0x55ec7ce02929]
22  /opt/conda/envs/gdf/bin/python(+0x1407c2) [0x55ec7ce0d7c2]
23  /opt/conda/envs/gdf/bin/python(_PyEval_EvalFrameDefault+0x696) [0x55ec7cdfd5c6]
24  /opt/conda/envs/gdf/bin/python(+0x1407c2) [0x55ec7ce0d7c2]
25  /opt/conda/envs/gdf/bin/python(_PyEval_EvalFrameDefault+0x696) [0x55ec7cdfd5c6]
26  /opt/conda/envs/gdf/bin/python(+0x1407c2) [0x55ec7ce0d7c2]
27  /opt/conda/envs/gdf/bin/python(_PyEval_EvalFrameDefault+0x696) [0x55ec7cdfd5c6]
28  /opt/conda/envs/gdf/bin/python(+0x1407c2) [0x55ec7ce0d7c2]
29  /opt/conda/envs/gdf/bin/python(_PyEval_EvalFrameDefault+0x696) [0x55ec7cdfd5c6]
30  /opt/conda/envs/gdf/bin/python(+0x12f094) [0x55ec7cdfc094]
31  /opt/conda/envs/gdf/bin/python(_PyFunction_Vectorcall+0xd9) [0x55ec7ce0d519]
32  /opt/conda/envs/gdf/bin/python(_PyEval_EvalFrameDefault+0x11f8) [0x55ec7cdfe128]
33  /opt/conda/envs/gdf/bin/python(+0x12f094) [0x55ec7cdfc094]
34  /opt/conda/envs/gdf/bin/python(+0x14dccb) [0x55ec7ce1accb]
35  /opt/conda/envs/gdf/bin/python(PyObject_Call+0xbc) [0x55ec7ce1b44c]
36  /opt/conda/envs/gdf/bin/python(+0x21110e) [0x55ec7cede10e]
37  /opt/conda/envs/gdf/bin/python(_PyObject_MakeTpCall+0x2ec) [0x55ec7ce0577c]
38  /opt/conda/envs/gdf/bin/python(_PyEval_EvalFrameDefault+0x37cb) [0x55ec7ce006fb]
39  /opt/conda/envs/gdf/bin/python(+0x1407c2) [0x55ec7ce0d7c2]
40  /opt/conda/envs/gdf/bin/python(+0x14ddac) [0x55ec7ce1adac]
41  /opt/conda/envs/gdf/bin/python(_PyEval_EvalFrameDefault+0x37cb) [0x55ec7ce006fb]
42  /opt/conda/envs/gdf/bin/python(+0x1407c2) [0x55ec7ce0d7c2]
43  /opt/conda/envs/gdf/bin/python(_PyEval_EvalFrameDefault+0x696) [0x55ec7cdfd5c6]
44  /opt/conda/envs/gdf/bin/python(+0x12f094) [0x55ec7cdfc094]
45  /opt/conda/envs/gdf/bin/python(_PyFunction_Vectorcall+0xd9) [0x55ec7ce0d519]
46  /opt/conda/envs/gdf/bin/python(_PyEval_EvalFrameDefault+0x696) [0x55ec7cdfd5c6]
47  /opt/conda/envs/gdf/bin/python(+0x1407c2) [0x55ec7ce0d7c2]
48  /opt/conda/envs/gdf/bin/python(_PyEval_EvalFrameDefault+0x3e2) [0x55ec7cdfd312]
49  /opt/conda/envs/gdf/bin/python(+0x12f094) [0x55ec7cdfc094]
50  /opt/conda/envs/gdf/bin/python(_PyFunction_Vectorcall+0xd9) [0x55ec7ce0d519]
51  /opt/conda/envs/gdf/bin/python(_PyEval_EvalFrameDefault+0x11f8) [0x55ec7cdfe128]
52  /opt/conda/envs/gdf/bin/python(+0x12f094) [0x55ec7cdfc094]
53  /opt/conda/envs/gdf/bin/python(_PyEval_EvalCodeWithName+0x48) [0x55ec7cdfbd68]
54  /opt/conda/envs/gdf/bin/python(PyEval_EvalCodeEx+0x39) [0x55ec7cdfbd19]
55  /opt/conda/envs/gdf/bin/python(PyEval_EvalCode+0x1b) [0x55ec7cea907b]
56  /opt/conda/envs/gdf/bin/python(+0x208fca) [0x55ec7ced5fca]
57  /opt/conda/envs/gdf/bin/python(+0x205353) [0x55ec7ced2353]
58  /opt/conda/envs/gdf/bin/python(PyRun_StringFlags+0x9a) [0x55ec7ceca16a]
59  /opt/conda/envs/gdf/bin/python(PyRun_SimpleStringFlags+0x3c) [0x55ec7ceca05c]
60  /opt/conda/envs/gdf/bin/python(Py_RunMain+0x267) [0x55ec7cec9297]
61  /opt/conda/envs/gdf/bin/python(Py_BytesMain+0x37) [0x55ec7ce9cf07]
=================================
[dgx13:79085:0:79085] Caught signal 11 (Segmentation fault: address not mapped to object at address 0x448)
==== backtrace (tid:  79085) ====
 0  /opt/conda/envs/gdf/lib/libucs.so.0(ucs_handle_error+0x2fd) [0x7fca2c54207d]
 1  /opt/conda/envs/gdf/lib/libucs.so.0(+0x2a274) [0x7fca2c542274]
 2  /opt/conda/envs/gdf/lib/libucs.so.0(+0x2a43a) [0x7fca2c54243a]
 3  /usr/lib/x86_64-linux-gnu/libpthread.so.0(+0x14420) [0x7fcaccd84420]
 4  /opt/conda/envs/gdf/lib/libucp.so.0(ucp_mem_type_unpack+0x14) [0x7fca2c5c16b4]
 5  /opt/conda/envs/gdf/lib/libucp.so.0(ucp_rndv_data_handler+0x4e9) [0x7fca2c5ea839]
 6  /opt/conda/envs/gdf/lib/libuct.so.0(+0x203df) [0x7fca2c4fc3df]
 7  /opt/conda/envs/gdf/lib/libuct.so.0(+0x23838) [0x7fca2c4ff838]
 8  /opt/conda/envs/gdf/lib/libucs.so.0(ucs_event_set_wait+0xb9) [0x7fca2c54b4a9]
 9  /opt/conda/envs/gdf/lib/libuct.so.0(uct_tcp_iface_progress+0x7d) [0x7fca2c4fe5dd]
10  /opt/conda/envs/gdf/lib/libucp.so.0(ucp_worker_progress+0x5a) [0x7fca2c5be8da]
11  /opt/conda/envs/gdf/lib/python3.9/site-packages/ucp/_libs/ucx_api.cpython-39-x86_64-linux-gnu.so(+0x3a5fa) [0x7fca2c67f5fa]
12  /opt/conda/envs/gdf/bin/python(_PyEval_EvalFrameDefault+0x37cb) [0x5574329c46fb]
13  /opt/conda/envs/gdf/bin/python(+0x12f094) [0x5574329c0094]
14  /opt/conda/envs/gdf/bin/python(_PyFunction_Vectorcall+0xd9) [0x5574329d1519]
15  /opt/conda/envs/gdf/bin/python(_PyEval_EvalFrameDefault+0x696) [0x5574329c15c6]
16  /opt/conda/envs/gdf/bin/python(+0x1407c2) [0x5574329d17c2]
17  /opt/conda/envs/gdf/bin/python(+0x14de83) [0x5574329dee83]
18  /opt/conda/envs/gdf/bin/python(+0x258b2c) [0x557432ae9b2c]
19  /opt/conda/envs/gdf/bin/python(+0xead05) [0x55743297bd05]
20  /opt/conda/envs/gdf/bin/python(+0x1377f3) [0x5574329c87f3]
21  /opt/conda/envs/gdf/bin/python(_PyEval_EvalFrameDefault+0x59f9) [0x5574329c6929]
22  /opt/conda/envs/gdf/bin/python(+0x1407c2) [0x5574329d17c2]
23  /opt/conda/envs/gdf/bin/python(_PyEval_EvalFrameDefault+0x696) [0x5574329c15c6]
24  /opt/conda/envs/gdf/bin/python(+0x1407c2) [0x5574329d17c2]
25  /opt/conda/envs/gdf/bin/python(_PyEval_EvalFrameDefault+0x696) [0x5574329c15c6]
26  /opt/conda/envs/gdf/bin/python(+0x1407c2) [0x5574329d17c2]
27  /opt/conda/envs/gdf/bin/python(_PyEval_EvalFrameDefault+0x696) [0x5574329c15c6]
28  /opt/conda/envs/gdf/bin/python(+0x1407c2) [0x5574329d17c2]
29  /opt/conda/envs/gdf/bin/python(_PyEval_EvalFrameDefault+0x696) [0x5574329c15c6]
30  /opt/conda/envs/gdf/bin/python(+0x12f094) [0x5574329c0094]
31  /opt/conda/envs/gdf/bin/python(_PyFunction_Vectorcall+0xd9) [0x5574329d1519]
32  /opt/conda/envs/gdf/bin/python(_PyEval_EvalFrameDefault+0x11f8) [0x5574329c2128]
33  /opt/conda/envs/gdf/bin/python(+0x12f094) [0x5574329c0094]
34  /opt/conda/envs/gdf/bin/python(+0x14dccb) [0x5574329deccb]
35  /opt/conda/envs/gdf/bin/python(PyObject_Call+0xbc) [0x5574329df44c]
36  /opt/conda/envs/gdf/bin/python(+0x21110e) [0x557432aa210e]
37  /opt/conda/envs/gdf/bin/python(_PyObject_MakeTpCall+0x2ec) [0x5574329c977c]
38  /opt/conda/envs/gdf/bin/python(_PyEval_EvalFrameDefault+0x37cb) [0x5574329c46fb]
39  /opt/conda/envs/gdf/bin/python(+0x1407c2) [0x5574329d17c2]
40  /opt/conda/envs/gdf/bin/python(+0x14ddac) [0x5574329dedac]
41  /opt/conda/envs/gdf/bin/python(_PyEval_EvalFrameDefault+0x37cb) [0x5574329c46fb]
42  /opt/conda/envs/gdf/bin/python(+0x1407c2) [0x5574329d17c2]
43  /opt/conda/envs/gdf/bin/python(_PyEval_EvalFrameDefault+0x696) [0x5574329c15c6]
44  /opt/conda/envs/gdf/bin/python(+0x12f094) [0x5574329c0094]
45  /opt/conda/envs/gdf/bin/python(_PyFunction_Vectorcall+0xd9) [0x5574329d1519]
46  /opt/conda/envs/gdf/bin/python(_PyEval_EvalFrameDefault+0x696) [0x5574329c15c6]
47  /opt/conda/envs/gdf/bin/python(+0x1407c2) [0x5574329d17c2]
48  /opt/conda/envs/gdf/bin/python(_PyEval_EvalFrameDefault+0x3e2) [0x5574329c1312]
49  /opt/conda/envs/gdf/bin/python(+0x12f094) [0x5574329c0094]
50  /opt/conda/envs/gdf/bin/python(_PyFunction_Vectorcall+0xd9) [0x5574329d1519]
51  /opt/conda/envs/gdf/bin/python(_PyEval_EvalFrameDefault+0x11f8) [0x5574329c2128]
52  /opt/conda/envs/gdf/bin/python(+0x12f094) [0x5574329c0094]
53  /opt/conda/envs/gdf/bin/python(_PyEval_EvalCodeWithName+0x48) [0x5574329bfd68]
54  /opt/conda/envs/gdf/bin/python(PyEval_EvalCodeEx+0x39) [0x5574329bfd19]
55  /opt/conda/envs/gdf/bin/python(PyEval_EvalCode+0x1b) [0x557432a6d07b]
56  /opt/conda/envs/gdf/bin/python(+0x208fca) [0x557432a99fca]
57  /opt/conda/envs/gdf/bin/python(+0x205353) [0x557432a96353]
58  /opt/conda/envs/gdf/bin/python(PyRun_StringFlags+0x9a) [0x557432a8e16a]
59  /opt/conda/envs/gdf/bin/python(PyRun_SimpleStringFlags+0x3c) [0x557432a8e05c]
60  /opt/conda/envs/gdf/bin/python(Py_RunMain+0x267) [0x557432a8d297]
61  /opt/conda/envs/gdf/bin/python(Py_BytesMain+0x37) [0x557432a60f07]
=================================
[dgx13:79072:0:79072] Caught signal 11 (Segmentation fault: address not mapped to object at address 0x448)
[dgx13:79082:0:79082] Caught signal 11 (Segmentation fault: address not mapped to object at address 0x448)
==== backtrace (tid:  79072) ====
 0  /opt/conda/envs/gdf/lib/libucs.so.0(ucs_handle_error+0x2fd) [0x7fc8208cc07d]
 1  /opt/conda/envs/gdf/lib/libucs.so.0(+0x2a274) [0x7fc8208cc274]
 2  /opt/conda/envs/gdf/lib/libucs.so.0(+0x2a43a) [0x7fc8208cc43a]
 3  /usr/lib/x86_64-linux-gnu/libpthread.so.0(+0x14420) [0x7fc8b3109420]
 4  /opt/conda/envs/gdf/lib/libucp.so.0(ucp_mem_type_unpack+0x14) [0x7fc82094b6b4]
 5  /opt/conda/envs/gdf/lib/libucp.so.0(ucp_rndv_data_handler+0x4e9) [0x7fc820974839]
 6  /opt/conda/envs/gdf/lib/libuct.so.0(+0x203df) [0x7fc8208863df]
 7  /opt/conda/envs/gdf/lib/libuct.so.0(+0x23838) [0x7fc820889838]
 8  /opt/conda/envs/gdf/lib/libucs.so.0(ucs_event_set_wait+0xb9) [0x7fc8208d54a9]
 9  /opt/conda/envs/gdf/lib/libuct.so.0(uct_tcp_iface_progress+0x7d) [0x7fc8208885dd]
10  /opt/conda/envs/gdf/lib/libucp.so.0(ucp_worker_progress+0x5a) [0x7fc8209488da]
11  /opt/conda/envs/gdf/lib/python3.9/site-packages/ucp/_libs/ucx_api.cpython-39-x86_64-linux-gnu.so(+0x3a5fa) [0x7fc820a095fa]
12  /opt/conda/envs/gdf/bin/python(_PyEval_EvalFrameDefault+0x37cb) [0x556cd19e96fb]
13  /opt/conda/envs/gdf/bin/python(+0x12f094) [0x556cd19e5094]
14  /opt/conda/envs/gdf/bin/python(_PyFunction_Vectorcall+0xd9) [0x556cd19f6519]
15  /opt/conda/envs/gdf/bin/python(_PyEval_EvalFrameDefault+0x696) [0x556cd19e65c6]
16  /opt/conda/envs/gdf/bin/python(+0x1407c2) [0x556cd19f67c2]
17  /opt/conda/envs/gdf/bin/python(+0x14de83) [0x556cd1a03e83]
18  /opt/conda/envs/gdf/bin/python(+0x258b2c) [0x556cd1b0eb2c]
19  /opt/conda/envs/gdf/bin/python(+0xead05) [0x556cd19a0d05]
20  /opt/conda/envs/gdf/bin/python(+0x1377f3) [0x556cd19ed7f3]
21  /opt/conda/envs/gdf/bin/python(_PyEval_EvalFrameDefault+0x59f9) [0x556cd19eb929]
22  /opt/conda/envs/gdf/bin/python(+0x1407c2) [0x556cd19f67c2]
23  /opt/conda/envs/gdf/bin/python(_PyEval_EvalFrameDefault+0x696) [0x556cd19e65c6]
24  /opt/conda/envs/gdf/bin/python(+0x1407c2) [0x556cd19f67c2]
25  /opt/conda/envs/gdf/bin/python(_PyEval_EvalFrameDefault+0x696) [0x556cd19e65c6]
26  /opt/conda/envs/gdf/bin/python(+0x1407c2) [0x556cd19f67c2]
27  /opt/conda/envs/gdf/bin/python(_PyEval_EvalFrameDefault+0x696) [0x556cd19e65c6]
28  /opt/conda/envs/gdf/bin/python(+0x1407c2) [0x556cd19f67c2]
29  /opt/conda/envs/gdf/bin/python(_PyEval_EvalFrameDefault+0x696) [0x556cd19e65c6]
30  /opt/conda/envs/gdf/bin/python(+0x12f094) [0x556cd19e5094]
31  /opt/conda/envs/gdf/bin/python(_PyFunction_Vectorcall+0xd9) [0x556cd19f6519]
32  /opt/conda/envs/gdf/bin/python(_PyEval_EvalFrameDefault+0x11f8) [0x556cd19e7128]
33  /opt/conda/envs/gdf/bin/python(+0x12f094) [0x556cd19e5094]
34  /opt/conda/envs/gdf/bin/python(+0x14dccb) [0x556cd1a03ccb]
35  /opt/conda/envs/gdf/bin/python(PyObject_Call+0xbc) [0x556cd1a0444c]
36  /opt/conda/envs/gdf/bin/python(+0x21110e) [0x556cd1ac710e]
37  /opt/conda/envs/gdf/bin/python(_PyObject_MakeTpCall+0x2ec) [0x556cd19ee77c]
38  /opt/conda/envs/gdf/bin/python(_PyEval_EvalFrameDefault+0x37cb) [0x556cd19e96fb]
39  /opt/conda/envs/gdf/bin/python(+0x1407c2) [0x556cd19f67c2]
40  /opt/conda/envs/gdf/bin/python(+0x14ddac) [0x556cd1a03dac]
41  /opt/conda/envs/gdf/bin/python(_PyEval_EvalFrameDefault+0x37cb) [0x556cd19e96fb]
42  /opt/conda/envs/gdf/bin/python(+0x1407c2) [0x556cd19f67c2]
43  /opt/conda/envs/gdf/bin/python(_PyEval_EvalFrameDefault+0x696) [0x556cd19e65c6]
44  /opt/conda/envs/gdf/bin/python(+0x12f094) [0x556cd19e5094]
45  /opt/conda/envs/gdf/bin/python(_PyFunction_Vectorcall+0xd9) [0x556cd19f6519]
46  /opt/conda/envs/gdf/bin/python(_PyEval_EvalFrameDefault+0x696) [0x556cd19e65c6]
47  /opt/conda/envs/gdf/bin/python(+0x1407c2) [0x556cd19f67c2]
48  /opt/conda/envs/gdf/bin/python(_PyEval_EvalFrameDefault+0x3e2) [0x556cd19e6312]
49  /opt/conda/envs/gdf/bin/python(+0x12f094) [0x556cd19e5094]
50  /opt/conda/envs/gdf/bin/python(_PyFunction_Vectorcall+0xd9) [0x556cd19f6519]
51  /opt/conda/envs/gdf/bin/python(_PyEval_EvalFrameDefault+0x11f8) [0x556cd19e7128]
52  /opt/conda/envs/gdf/bin/python(+0x12f094) [0x556cd19e5094]
53  /opt/conda/envs/gdf/bin/python(_PyEval_EvalCodeWithName+0x48) [0x556cd19e4d68]
54  /opt/conda/envs/gdf/bin/python(PyEval_EvalCodeEx+0x39) [0x556cd19e4d19]
55  /opt/conda/envs/gdf/bin/python(PyEval_EvalCode+0x1b) [0x556cd1a9207b]
56  /opt/conda/envs/gdf/bin/python(+0x208fca) [0x556cd1abefca]
57  /opt/conda/envs/gdf/bin/python(+0x205353) [0x556cd1abb353]
58  /opt/conda/envs/gdf/bin/python(PyRun_StringFlags+0x9a) [0x556cd1ab316a]
59  /opt/conda/envs/gdf/bin/python(PyRun_SimpleStringFlags+0x3c) [0x556cd1ab305c]
60  /opt/conda/envs/gdf/bin/python(Py_RunMain+0x267) [0x556cd1ab2297]
61  /opt/conda/envs/gdf/bin/python(Py_BytesMain+0x37) [0x556cd1a85f07]
=================================
==== backtrace (tid:  79082) ====
 0  /opt/conda/envs/gdf/lib/libucs.so.0(ucs_handle_error+0x2fd) [0x7f3a176c407d]
 1  /opt/conda/envs/gdf/lib/libucs.so.0(+0x2a274) [0x7f3a176c4274]
 2  /opt/conda/envs/gdf/lib/libucs.so.0(+0x2a43a) [0x7f3a176c443a]
 3  /usr/lib/x86_64-linux-gnu/libpthread.so.0(+0x14420) [0x7f3acff13420]
 4  /opt/conda/envs/gdf/lib/libucp.so.0(ucp_mem_type_unpack+0x14) [0x7f3a177436b4]
 5  /opt/conda/envs/gdf/lib/libucp.so.0(ucp_rndv_data_handler+0x4e9) [0x7f3a1776c839]
 6  /opt/conda/envs/gdf/lib/libuct.so.0(+0x203df) [0x7f3a1767e3df]
 7  /opt/conda/envs/gdf/lib/libuct.so.0(+0x23838) [0x7f3a17681838]
 8  /opt/conda/envs/gdf/lib/libucs.so.0(ucs_event_set_wait+0xb9) [0x7f3a176cd4a9]
 9  /opt/conda/envs/gdf/lib/libuct.so.0(uct_tcp_iface_progress+0x7d) [0x7f3a176805dd]
10  /opt/conda/envs/gdf/lib/libucp.so.0(ucp_worker_progress+0x5a) [0x7f3a177408da]
11  /opt/conda/envs/gdf/lib/python3.9/site-packages/ucp/_libs/ucx_api.cpython-39-x86_64-linux-gnu.so(+0x3a5fa) [0x7f3a178015fa]
12  /opt/conda/envs/gdf/bin/python(_PyEval_EvalFrameDefault+0x37cb) [0x55dda19c56fb]
13  /opt/conda/envs/gdf/bin/python(+0x12f094) [0x55dda19c1094]
14  /opt/conda/envs/gdf/bin/python(_PyFunction_Vectorcall+0xd9) [0x55dda19d2519]
15  /opt/conda/envs/gdf/bin/python(_PyEval_EvalFrameDefault+0x696) [0x55dda19c25c6]
16  /opt/conda/envs/gdf/bin/python(+0x1e3162) [0x55dda1a75162]
17  /opt/conda/envs/gdf/lib/python3.9/lib-dynload/_asyncio.cpython-39-x86_64-linux-gnu.so(+0x81e9) [0x7f3a508ad1e9]
18  /opt/conda/envs/gdf/bin/python(_PyObject_MakeTpCall+0x2ec) [0x55dda19ca77c]
19  /opt/conda/envs/gdf/bin/python(+0xead05) [0x55dda197cd05]
20  /opt/conda/envs/gdf/bin/python(+0x1377f3) [0x55dda19c97f3]
21  /opt/conda/envs/gdf/bin/python(_PyEval_EvalFrameDefault+0x59f9) [0x55dda19c7929]
22  /opt/conda/envs/gdf/bin/python(+0x1407c2) [0x55dda19d27c2]
23  /opt/conda/envs/gdf/bin/python(_PyEval_EvalFrameDefault+0x696) [0x55dda19c25c6]
24  /opt/conda/envs/gdf/bin/python(+0x1407c2) [0x55dda19d27c2]
25  /opt/conda/envs/gdf/bin/python(_PyEval_EvalFrameDefault+0x696) [0x55dda19c25c6]
26  /opt/conda/envs/gdf/bin/python(+0x1407c2) [0x55dda19d27c2]
27  /opt/conda/envs/gdf/bin/python(_PyEval_EvalFrameDefault+0x696) [0x55dda19c25c6]
28  /opt/conda/envs/gdf/bin/python(+0x1407c2) [0x55dda19d27c2]
29  /opt/conda/envs/gdf/bin/python(_PyEval_EvalFrameDefault+0x696) [0x55dda19c25c6]
30  /opt/conda/envs/gdf/bin/python(+0x12f094) [0x55dda19c1094]
31  /opt/conda/envs/gdf/bin/python(_PyFunction_Vectorcall+0xd9) [0x55dda19d2519]
32  /opt/conda/envs/gdf/bin/python(_PyEval_EvalFrameDefault+0x11f8) [0x55dda19c3128]
33  /opt/conda/envs/gdf/bin/python(+0x12f094) [0x55dda19c1094]
34  /opt/conda/envs/gdf/bin/python(+0x14dccb) [0x55dda19dfccb]
35  /opt/conda/envs/gdf/bin/python(PyObject_Call+0xbc) [0x55dda19e044c]
36  /opt/conda/envs/gdf/bin/python(+0x21110e) [0x55dda1aa310e]
37  /opt/conda/envs/gdf/bin/python(_PyObject_MakeTpCall+0x2ec) [0x55dda19ca77c]
38  /opt/conda/envs/gdf/bin/python(_PyEval_EvalFrameDefault+0x37cb) [0x55dda19c56fb]
39  /opt/conda/envs/gdf/bin/python(+0x1407c2) [0x55dda19d27c2]
40  /opt/conda/envs/gdf/bin/python(+0x14ddac) [0x55dda19dfdac]
41  /opt/conda/envs/gdf/bin/python(_PyEval_EvalFrameDefault+0x37cb) [0x55dda19c56fb]
42  /opt/conda/envs/gdf/bin/python(+0x1407c2) [0x55dda19d27c2]
43  /opt/conda/envs/gdf/bin/python(_PyEval_EvalFrameDefault+0x696) [0x55dda19c25c6]
44  /opt/conda/envs/gdf/bin/python(+0x12f094) [0x55dda19c1094]
45  /opt/conda/envs/gdf/bin/python(_PyFunction_Vectorcall+0xd9) [0x55dda19d2519]
46  /opt/conda/envs/gdf/bin/python(_PyEval_EvalFrameDefault+0x696) [0x55dda19c25c6]
47  /opt/conda/envs/gdf/bin/python(+0x1407c2) [0x55dda19d27c2]
48  /opt/conda/envs/gdf/bin/python(_PyEval_EvalFrameDefault+0x3e2) [0x55dda19c2312]
49  /opt/conda/envs/gdf/bin/python(+0x12f094) [0x55dda19c1094]
50  /opt/conda/envs/gdf/bin/python(_PyFunction_Vectorcall+0xd9) [0x55dda19d2519]
51  /opt/conda/envs/gdf/bin/python(_PyEval_EvalFrameDefault+0x11f8) [0x55dda19c3128]
52  /opt/conda/envs/gdf/bin/python(+0x12f094) [0x55dda19c1094]
53  /opt/conda/envs/gdf/bin/python(_PyEval_EvalCodeWithName+0x48) [0x55dda19c0d68]
54  /opt/conda/envs/gdf/bin/python(PyEval_EvalCodeEx+0x39) [0x55dda19c0d19]
55  /opt/conda/envs/gdf/bin/python(PyEval_EvalCode+0x1b) [0x55dda1a6e07b]
56  /opt/conda/envs/gdf/bin/python(+0x208fca) [0x55dda1a9afca]
57  /opt/conda/envs/gdf/bin/python(+0x205353) [0x55dda1a97353]
58  /opt/conda/envs/gdf/bin/python(PyRun_StringFlags+0x9a) [0x55dda1a8f16a]
59  /opt/conda/envs/gdf/bin/python(PyRun_SimpleStringFlags+0x3c) [0x55dda1a8f05c]
60  /opt/conda/envs/gdf/bin/python(Py_RunMain+0x267) [0x55dda1a8e297]
61  /opt/conda/envs/gdf/bin/python(Py_BytesMain+0x37) [0x55dda1a61f07]
=================================
[dgx13:79088:0:79088] Caught signal 11 (Segmentation fault: address not mapped to object at address 0x448)
==== backtrace (tid:  79088) ====
 0  /opt/conda/envs/gdf/lib/libucs.so.0(ucs_handle_error+0x2fd) [0x7f121c60107d]
 1  /opt/conda/envs/gdf/lib/libucs.so.0(+0x2a274) [0x7f121c601274]
 2  /opt/conda/envs/gdf/lib/libucs.so.0(+0x2a43a) [0x7f121c60143a]
 3  /usr/lib/x86_64-linux-gnu/libpthread.so.0(+0x14420) [0x7f12bce40420]
 4  /opt/conda/envs/gdf/lib/libucp.so.0(ucp_mem_type_unpack+0x14) [0x7f121c6806b4]
 5  /opt/conda/envs/gdf/lib/libucp.so.0(ucp_rndv_data_handler+0x4e9) [0x7f121c6a9839]
 6  /opt/conda/envs/gdf/lib/libuct.so.0(+0x203df) [0x7f121c5bb3df]
 7  /opt/conda/envs/gdf/lib/libuct.so.0(+0x23838) [0x7f121c5be838]
 8  /opt/conda/envs/gdf/lib/libucs.so.0(ucs_event_set_wait+0xb9) [0x7f121c60a4a9]
 9  /opt/conda/envs/gdf/lib/libuct.so.0(uct_tcp_iface_progress+0x7d) [0x7f121c5bd5dd]
10  /opt/conda/envs/gdf/lib/libucp.so.0(ucp_worker_progress+0x5a) [0x7f121c67d8da]
11  /opt/conda/envs/gdf/lib/python3.9/site-packages/ucp/_libs/ucx_api.cpython-39-x86_64-linux-gnu.so(+0x3a5fa) [0x7f121c73e5fa]
12  /opt/conda/envs/gdf/bin/python(_PyEval_EvalFrameDefault+0x37cb) [0x560b127046fb]
13  /opt/conda/envs/gdf/bin/python(+0x12f094) [0x560b12700094]
14  /opt/conda/envs/gdf/bin/python(_PyFunction_Vectorcall+0xd9) [0x560b12711519]
15  /opt/conda/envs/gdf/bin/python(_PyEval_EvalFrameDefault+0x696) [0x560b127015c6]
16  /opt/conda/envs/gdf/bin/python(+0x1e3162) [0x560b127b4162]
17  /opt/conda/envs/gdf/lib/python3.9/lib-dynload/_asyncio.cpython-39-x86_64-linux-gnu.so(+0x81e9) [0x7f123d7d01e9]
18  /opt/conda/envs/gdf/bin/python(_PyObject_MakeTpCall+0x2ec) [0x560b1270977c]
19  /opt/conda/envs/gdf/bin/python(+0xead05) [0x560b126bbd05]
20  /opt/conda/envs/gdf/bin/python(+0x1377f3) [0x560b127087f3]
21  /opt/conda/envs/gdf/bin/python(_PyEval_EvalFrameDefault+0x59f9) [0x560b12706929]
22  /opt/conda/envs/gdf/bin/python(+0x1407c2) [0x560b127117c2]
23  /opt/conda/envs/gdf/bin/python(_PyEval_EvalFrameDefault+0x696) [0x560b127015c6]
24  /opt/conda/envs/gdf/bin/python(+0x1407c2) [0x560b127117c2]
25  /opt/conda/envs/gdf/bin/python(_PyEval_EvalFrameDefault+0x696) [0x560b127015c6]
26  /opt/conda/envs/gdf/bin/python(+0x1407c2) [0x560b127117c2]
27  /opt/conda/envs/gdf/bin/python(_PyEval_EvalFrameDefault+0x696) [0x560b127015c6]
28  /opt/conda/envs/gdf/bin/python(+0x1407c2) [0x560b127117c2]
29  /opt/conda/envs/gdf/bin/python(_PyEval_EvalFrameDefault+0x696) [0x560b127015c6]
30  /opt/conda/envs/gdf/bin/python(+0x12f094) [0x560b12700094]
31  /opt/conda/envs/gdf/bin/python(_PyFunction_Vectorcall+0xd9) [0x560b12711519]
32  /opt/conda/envs/gdf/bin/python(_PyEval_EvalFrameDefault+0x11f8) [0x560b12702128]
33  /opt/conda/envs/gdf/bin/python(+0x12f094) [0x560b12700094]
34  /opt/conda/envs/gdf/bin/python(+0x14dccb) [0x560b1271eccb]
35  /opt/conda/envs/gdf/bin/python(PyObject_Call+0xbc) [0x560b1271f44c]
36  /opt/conda/envs/gdf/bin/python(+0x21110e) [0x560b127e210e]
37  /opt/conda/envs/gdf/bin/python(_PyObject_MakeTpCall+0x2ec) [0x560b1270977c]
38  /opt/conda/envs/gdf/bin/python(_PyEval_EvalFrameDefault+0x37cb) [0x560b127046fb]
39  /opt/conda/envs/gdf/bin/python(+0x1407c2) [0x560b127117c2]
40  /opt/conda/envs/gdf/bin/python(+0x14ddac) [0x560b1271edac]
41  /opt/conda/envs/gdf/bin/python(_PyEval_EvalFrameDefault+0x37cb) [0x560b127046fb]
42  /opt/conda/envs/gdf/bin/python(+0x1407c2) [0x560b127117c2]
43  /opt/conda/envs/gdf/bin/python(_PyEval_EvalFrameDefault+0x696) [0x560b127015c6]
44  /opt/conda/envs/gdf/bin/python(+0x12f094) [0x560b12700094]
45  /opt/conda/envs/gdf/bin/python(_PyFunction_Vectorcall+0xd9) [0x560b12711519]
46  /opt/conda/envs/gdf/bin/python(_PyEval_EvalFrameDefault+0x696) [0x560b127015c6]
47  /opt/conda/envs/gdf/bin/python(+0x1407c2) [0x560b127117c2]
48  /opt/conda/envs/gdf/bin/python(_PyEval_EvalFrameDefault+0x3e2) [0x560b12701312]
49  /opt/conda/envs/gdf/bin/python(+0x12f094) [0x560b12700094]
50  /opt/conda/envs/gdf/bin/python(_PyFunction_Vectorcall+0xd9) [0x560b12711519]
51  /opt/conda/envs/gdf/bin/python(_PyEval_EvalFrameDefault+0x11f8) [0x560b12702128]
52  /opt/conda/envs/gdf/bin/python(+0x12f094) [0x560b12700094]
53  /opt/conda/envs/gdf/bin/python(_PyEval_EvalCodeWithName+0x48) [0x560b126ffd68]
54  /opt/conda/envs/gdf/bin/python(PyEval_EvalCodeEx+0x39) [0x560b126ffd19]
55  /opt/conda/envs/gdf/bin/python(PyEval_EvalCode+0x1b) [0x560b127ad07b]
56  /opt/conda/envs/gdf/bin/python(+0x208fca) [0x560b127d9fca]
57  /opt/conda/envs/gdf/bin/python(+0x205353) [0x560b127d6353]
58  /opt/conda/envs/gdf/bin/python(PyRun_StringFlags+0x9a) [0x560b127ce16a]
59  /opt/conda/envs/gdf/bin/python(PyRun_SimpleStringFlags+0x3c) [0x560b127ce05c]
60  /opt/conda/envs/gdf/bin/python(Py_RunMain+0x267) [0x560b127cd297]
61  /opt/conda/envs/gdf/bin/python(Py_BytesMain+0x37) [0x560b127a0f07]
=================================
Task exception was never retrieved
future: <Task finished name='Task-325' coro=<_listener_handler_coroutine() done, defined at /opt/conda/envs/gdf/lib/python3.9/site-packages/ucp/core.py:128> exception=UCXError('<stream_send>: Endpoint timeout')>
Traceback (most recent call last):
  File "/opt/conda/envs/gdf/lib/python3.9/site-packages/ucp/core.py", line 143, in _listener_handler_coroutine
    peer_info = await exchange_peer_info(
  File "/opt/conda/envs/gdf/lib/python3.9/site-packages/ucp/core.py", line 51, in exchange_peer_info
    await comm.stream_send(endpoint, my_info_arr, my_info_arr.nbytes)
ucp._libs.exceptions.UCXError: <stream_send>: Endpoint timeout
2023-09-26 07:41:24,053 - distributed.worker - ERROR - Worker stream died during communication: ucx://127.0.0.1:44275
Traceback (most recent call last):
  File "/opt/conda/envs/gdf/lib/python3.9/site-packages/distributed/comm/ucx.py", line 471, in connect
    ep = await ucp.create_endpoint(ip, port)
  File "/opt/conda/envs/gdf/lib/python3.9/site-packages/ucp/core.py", line 1004, in create_endpoint
    return await _get_ctx().create_endpoint(
  File "/opt/conda/envs/gdf/lib/python3.9/site-packages/ucp/core.py", line 316, in create_endpoint
    peer_info = await exchange_peer_info(
  File "/opt/conda/envs/gdf/lib/python3.9/site-packages/ucp/core.py", line 54, in exchange_peer_info
    await comm.stream_recv(endpoint, peer_info_arr, peer_info_arr.nbytes)
ucp._libs.exceptions.UCXError: <stream_recv>: Connection reset by remote peer

During handling of the above exception, another exception occurred:

Traceback (most recent call last):
  File "/opt/conda/envs/gdf/lib/python3.9/site-packages/distributed/comm/core.py", line 342, in connect
    comm = await wait_for(
  File "/opt/conda/envs/gdf/lib/python3.9/site-packages/distributed/utils.py", line 1910, in wait_for
    return await asyncio.wait_for(fut, timeout)
  File "/opt/conda/envs/gdf/lib/python3.9/asyncio/tasks.py", line 479, in wait_for
    return fut.result()
  File "/opt/conda/envs/gdf/lib/python3.9/site-packages/distributed/comm/ucx.py", line 473, in connect
    raise CommClosedError("Connection closed before handshake completed")
distributed.comm.core.CommClosedError: Connection closed before handshake completed

During handling of the above exception, another exception occurred:

Traceback (most recent call last):
  File "/opt/conda/envs/gdf/lib/python3.9/site-packages/distributed/core.py", line 1516, in _connect
    comm = await connect(
  File "/opt/conda/envs/gdf/lib/python3.9/site-packages/distributed/comm/core.py", line 366, in connect
    await asyncio.sleep(backoff)
  File "/opt/conda/envs/gdf/lib/python3.9/asyncio/tasks.py", line 652, in sleep
    return await future
asyncio.exceptions.CancelledError

During handling of the above exception, another exception occurred:

Traceback (most recent call last):
  File "/opt/conda/envs/gdf/lib/python3.9/site-packages/distributed/core.py", line 1626, in connect
    return connect_attempt.result()
asyncio.exceptions.CancelledError

During handling of the above exception, another exception occurred:

Traceback (most recent call last):
  File "/opt/conda/envs/gdf/lib/python3.9/site-packages/distributed/worker.py", line 2059, in gather_dep
    response = await get_data_from_worker(
  File "/opt/conda/envs/gdf/lib/python3.9/site-packages/distributed/worker.py", line 2849, in get_data_from_worker
    comm = await rpc.connect(worker)
  File "/opt/conda/envs/gdf/lib/python3.9/site-packages/distributed/core.py", line 1628, in connect
    raise CommClosedError(reason)
distributed.comm.core.CommClosedError: Address removed.
2023-09-26 07:41:24,096 - distributed.worker - ERROR - failed during get data with ucx://127.0.0.1:54825 -> ucx://127.0.0.1:34049
Traceback (most recent call last):
  File "/opt/conda/envs/gdf/lib/python3.9/site-packages/distributed/comm/ucx.py", line 338, in write
    await self.ep.send(each_frame)
  File "/opt/conda/envs/gdf/lib/python3.9/site-packages/ucp/core.py", line 650, in send
    return await comm.tag_send(self._ep, buffer, nbytes, tag, name=log)
ucp._libs.exceptions.UCXError: <[Send #007] ep: 0x7f26b440d380, tag: 0x98f7c3ef1014340e, nbytes: 50000000, type: <class 'cupy.ndarray'>>: Connection reset by remote peer

During handling of the above exception, another exception occurred:

Traceback (most recent call last):
  File "/opt/conda/envs/gdf/lib/python3.9/site-packages/distributed/worker.py", line 1782, in get_data
    compressed = await comm.write(msg, serializers=serializers)
  File "/opt/conda/envs/gdf/lib/python3.9/site-packages/distributed/utils.py", line 801, in wrapper
    return await func(*args, **kwargs)
  File "/opt/conda/envs/gdf/lib/python3.9/site-packages/distributed/comm/ucx.py", line 342, in write
    raise CommClosedError("While writing, the connection was closed")
distributed.comm.core.CommClosedError: While writing, the connection was closed
2023-09-26 07:41:24,096 - distributed.worker - ERROR - Worker stream died during communication: ucx://127.0.0.1:34049
Traceback (most recent call last):
  File "/opt/conda/envs/gdf/lib/python3.9/site-packages/distributed/comm/ucx.py", line 396, in read
    await self.ep.recv(each_frame)
  File "/opt/conda/envs/gdf/lib/python3.9/site-packages/ucp/core.py", line 725, in recv
    ret = await comm.tag_recv(self._ep, buffer, nbytes, tag, name=log)
ucp._libs.exceptions.UCXError: <[Recv #007] ep: 0x7f8990e2d200, tag: 0x4ad2a6be092572, nbytes: 50000000, type: <class 'rmm._lib.device_buffer.DeviceBuffer'>>: Connection reset by remote peer

During handling of the above exception, another exception occurred:

Traceback (most recent call last):
  File "/opt/conda/envs/gdf/lib/python3.9/site-packages/distributed/worker.py", line 2059, in gather_dep
    response = await get_data_from_worker(
  File "/opt/conda/envs/gdf/lib/python3.9/site-packages/distributed/worker.py", line 2852, in get_data_from_worker
    response = await send_recv(
  File "/opt/conda/envs/gdf/lib/python3.9/site-packages/distributed/core.py", line 1106, in send_recv
    response = await comm.read(deserializers=deserializers)
  File "/opt/conda/envs/gdf/lib/python3.9/site-packages/distributed/utils.py", line 801, in wrapper
    return await func(*args, **kwargs)
  File "/opt/conda/envs/gdf/lib/python3.9/site-packages/distributed/comm/ucx.py", line 402, in read
    raise CommClosedError(
distributed.comm.core.CommClosedError: Connection closed by writer.
Inner exception: UCXError("<[Recv #007] ep: 0x7f8990e2d200, tag: 0x4ad2a6be092572, nbytes: 50000000, type: <class 'rmm._lib.device_buffer.DeviceBuffer'>>: Connection reset by remote peer")
2023-09-26 07:41:24,111 - distributed.worker - ERROR - Worker stream died during communication: ucx://127.0.0.1:55847
Traceback (most recent call last):
  File "/opt/conda/envs/gdf/lib/python3.9/site-packages/distributed/comm/ucx.py", line 396, in read
    await self.ep.recv(each_frame)
  File "/opt/conda/envs/gdf/lib/python3.9/site-packages/ucp/core.py", line 725, in recv
    ret = await comm.tag_recv(self._ep, buffer, nbytes, tag, name=log)
ucp._libs.exceptions.UCXError: <[Recv #007] ep: 0x7f26b440d100, tag: 0x4c80d474fcb82fd, nbytes: 50000000, type: <class 'rmm._lib.device_buffer.DeviceBuffer'>>: Connection reset by remote peer

During handling of the above exception, another exception occurred:

Traceback (most recent call last):
  File "/opt/conda/envs/gdf/lib/python3.9/site-packages/distributed/worker.py", line 2059, in gather_dep
    response = await get_data_from_worker(
  File "/opt/conda/envs/gdf/lib/python3.9/site-packages/distributed/worker.py", line 2852, in get_data_from_worker
    response = await send_recv(
  File "/opt/conda/envs/gdf/lib/python3.9/site-packages/distributed/core.py", line 1106, in send_recv
    response = await comm.read(deserializers=deserializers)
  File "/opt/conda/envs/gdf/lib/python3.9/site-packages/distributed/utils.py", line 801, in wrapper
    return await func(*args, **kwargs)
  File "/opt/conda/envs/gdf/lib/python3.9/site-packages/distributed/comm/ucx.py", line 402, in read
    raise CommClosedError(
distributed.comm.core.CommClosedError: Connection closed by writer.
Inner exception: UCXError("<[Recv #007] ep: 0x7f26b440d100, tag: 0x4c80d474fcb82fd, nbytes: 50000000, type: <class 'rmm._lib.device_buffer.DeviceBuffer'>>: Connection reset by remote peer")
2023-09-26 07:41:24,111 - distributed.worker - ERROR - Worker stream died during communication: ucx://127.0.0.1:55847
Traceback (most recent call last):
  File "/opt/conda/envs/gdf/lib/python3.9/site-packages/distributed/comm/ucx.py", line 354, in read
    await self.ep.recv(msg)
  File "/opt/conda/envs/gdf/lib/python3.9/site-packages/ucp/core.py", line 725, in recv
    ret = await comm.tag_recv(self._ep, buffer, nbytes, tag, name=log)
ucp._libs.exceptions.UCXCanceled: <[Recv #003] ep: 0x7f8990e2d100, tag: 0xf578f5213942814f, nbytes: 16, type: <class 'numpy.ndarray'>>: 

During handling of the above exception, another exception occurred:

Traceback (most recent call last):
  File "/opt/conda/envs/gdf/lib/python3.9/site-packages/distributed/worker.py", line 2059, in gather_dep
    response = await get_data_from_worker(
  File "/opt/conda/envs/gdf/lib/python3.9/site-packages/distributed/worker.py", line 2852, in get_data_from_worker
    response = await send_recv(
  File "/opt/conda/envs/gdf/lib/python3.9/site-packages/distributed/core.py", line 1106, in send_recv
    response = await comm.read(deserializers=deserializers)
  File "/opt/conda/envs/gdf/lib/python3.9/site-packages/distributed/utils.py", line 801, in wrapper
    return await func(*args, **kwargs)
  File "/opt/conda/envs/gdf/lib/python3.9/site-packages/distributed/comm/ucx.py", line 372, in read
    raise CommClosedError(
distributed.comm.core.CommClosedError: Connection closed by writer.
Inner exception: UCXCanceled("<[Recv #003] ep: 0x7f8990e2d100, tag: 0xf578f5213942814f, nbytes: 16, type: <class 'numpy.ndarray'>>: ")
2023-09-26 07:41:24,112 - distributed.worker - ERROR - failed during get data with ucx://127.0.0.1:54825 -> ucx://127.0.0.1:55847
Traceback (most recent call last):
  File "/opt/conda/envs/gdf/lib/python3.9/site-packages/distributed/comm/ucx.py", line 338, in write
    await self.ep.send(each_frame)
  File "/opt/conda/envs/gdf/lib/python3.9/site-packages/ucp/core.py", line 650, in send
    return await comm.tag_send(self._ep, buffer, nbytes, tag, name=log)
ucp._libs.exceptions.UCXError: <[Send #007] ep: 0x7f26b440d280, tag: 0x7f6426c792a114a6, nbytes: 50000000, type: <class 'cupy.ndarray'>>: Connection reset by remote peer

During handling of the above exception, another exception occurred:

Traceback (most recent call last):
  File "/opt/conda/envs/gdf/lib/python3.9/site-packages/distributed/worker.py", line 1782, in get_data
    compressed = await comm.write(msg, serializers=serializers)
  File "/opt/conda/envs/gdf/lib/python3.9/site-packages/distributed/utils.py", line 801, in wrapper
    return await func(*args, **kwargs)
  File "/opt/conda/envs/gdf/lib/python3.9/site-packages/distributed/comm/ucx.py", line 342, in write
    raise CommClosedError("While writing, the connection was closed")
distributed.comm.core.CommClosedError: While writing, the connection was closed
2023-09-26 07:41:24,119 - distributed.worker - ERROR - Worker stream died during communication: ucx://127.0.0.1:51509
Traceback (most recent call last):
  File "/opt/conda/envs/gdf/lib/python3.9/site-packages/distributed/comm/ucx.py", line 354, in read
    await self.ep.recv(msg)
  File "/opt/conda/envs/gdf/lib/python3.9/site-packages/ucp/core.py", line 725, in recv
    ret = await comm.tag_recv(self._ep, buffer, nbytes, tag, name=log)
ucp._libs.exceptions.UCXCanceled: <[Recv #008] ep: 0x7f8990e2d140, tag: 0x44036af8d4aeb9f5, nbytes: 16, type: <class 'numpy.ndarray'>>: 

During handling of the above exception, another exception occurred:

Traceback (most recent call last):
  File "/opt/conda/envs/gdf/lib/python3.9/site-packages/distributed/worker.py", line 2059, in gather_dep
    response = await get_data_from_worker(
  File "/opt/conda/envs/gdf/lib/python3.9/site-packages/distributed/worker.py", line 2852, in get_data_from_worker
    response = await send_recv(
  File "/opt/conda/envs/gdf/lib/python3.9/site-packages/distributed/core.py", line 1106, in send_recv
    response = await comm.read(deserializers=deserializers)
  File "/opt/conda/envs/gdf/lib/python3.9/site-packages/distributed/utils.py", line 801, in wrapper
    return await func(*args, **kwargs)
  File "/opt/conda/envs/gdf/lib/python3.9/site-packages/distributed/comm/ucx.py", line 372, in read
    raise CommClosedError(
distributed.comm.core.CommClosedError: Connection closed by writer.
Inner exception: UCXCanceled("<[Recv #008] ep: 0x7f8990e2d140, tag: 0x44036af8d4aeb9f5, nbytes: 16, type: <class 'numpy.ndarray'>>: ")
2023-09-26 07:41:24,131 - distributed.worker - ERROR - failed during get data with ucx://127.0.0.1:54825 -> ucx://127.0.0.1:35963
Traceback (most recent call last):
  File "/opt/conda/envs/gdf/lib/python3.9/site-packages/distributed/comm/ucx.py", line 338, in write
    await self.ep.send(each_frame)
  File "/opt/conda/envs/gdf/lib/python3.9/site-packages/ucp/core.py", line 650, in send
    return await comm.tag_send(self._ep, buffer, nbytes, tag, name=log)
ucp._libs.exceptions.UCXError: <[Send #007] ep: 0x7f26b440d2c0, tag: 0x73fe02a646bb8125, nbytes: 50000000, type: <class 'cupy.ndarray'>>: Connection reset by remote peer

During handling of the above exception, another exception occurred:

Traceback (most recent call last):
  File "/opt/conda/envs/gdf/lib/python3.9/site-packages/distributed/worker.py", line 1782, in get_data
    compressed = await comm.write(msg, serializers=serializers)
  File "/opt/conda/envs/gdf/lib/python3.9/site-packages/distributed/utils.py", line 801, in wrapper
    return await func(*args, **kwargs)
  File "/opt/conda/envs/gdf/lib/python3.9/site-packages/distributed/comm/ucx.py", line 342, in write
    raise CommClosedError("While writing, the connection was closed")
distributed.comm.core.CommClosedError: While writing, the connection was closed
2023-09-26 07:41:24,131 - distributed.worker - ERROR - Worker stream died during communication: ucx://127.0.0.1:35963
Traceback (most recent call last):
  File "/opt/conda/envs/gdf/lib/python3.9/site-packages/distributed/comm/ucx.py", line 354, in read
    await self.ep.recv(msg)
  File "/opt/conda/envs/gdf/lib/python3.9/site-packages/ucp/core.py", line 725, in recv
    ret = await comm.tag_recv(self._ep, buffer, nbytes, tag, name=log)
ucp._libs.exceptions.UCXCanceled: <[Recv #003] ep: 0x7f26b440d140, tag: 0xe251fb8f02ca63b3, nbytes: 16, type: <class 'numpy.ndarray'>>: 

During handling of the above exception, another exception occurred:

Traceback (most recent call last):
  File "/opt/conda/envs/gdf/lib/python3.9/site-packages/distributed/worker.py", line 2059, in gather_dep
    response = await get_data_from_worker(
  File "/opt/conda/envs/gdf/lib/python3.9/site-packages/distributed/worker.py", line 2852, in get_data_from_worker
    response = await send_recv(
  File "/opt/conda/envs/gdf/lib/python3.9/site-packages/distributed/core.py", line 1106, in send_recv
    response = await comm.read(deserializers=deserializers)
  File "/opt/conda/envs/gdf/lib/python3.9/site-packages/distributed/utils.py", line 801, in wrapper
    return await func(*args, **kwargs)
  File "/opt/conda/envs/gdf/lib/python3.9/site-packages/distributed/comm/ucx.py", line 372, in read
    raise CommClosedError(
distributed.comm.core.CommClosedError: Connection closed by writer.
Inner exception: UCXCanceled("<[Recv #003] ep: 0x7f26b440d140, tag: 0xe251fb8f02ca63b3, nbytes: 16, type: <class 'numpy.ndarray'>>: ")
2023-09-26 07:41:24,152 - distributed.nanny - WARNING - Restarting worker
2023-09-26 07:41:24,165 - distributed.worker - ERROR - failed during get data with ucx://127.0.0.1:51877 -> ucx://127.0.0.1:44275
Traceback (most recent call last):
  File "/opt/conda/envs/gdf/lib/python3.9/site-packages/distributed/comm/ucx.py", line 338, in write
    await self.ep.send(each_frame)
  File "/opt/conda/envs/gdf/lib/python3.9/site-packages/ucp/core.py", line 650, in send
    return await comm.tag_send(self._ep, buffer, nbytes, tag, name=log)
ucp._libs.exceptions.UCXError: <[Send #007] ep: 0x7fcbe6cea200, tag: 0xac46d1823c4ca1c5, nbytes: 50000000, type: <class 'cupy.ndarray'>>: Connection reset by remote peer

During handling of the above exception, another exception occurred:

Traceback (most recent call last):
  File "/opt/conda/envs/gdf/lib/python3.9/site-packages/distributed/worker.py", line 1782, in get_data
    compressed = await comm.write(msg, serializers=serializers)
  File "/opt/conda/envs/gdf/lib/python3.9/site-packages/distributed/utils.py", line 801, in wrapper
    return await func(*args, **kwargs)
  File "/opt/conda/envs/gdf/lib/python3.9/site-packages/distributed/comm/ucx.py", line 342, in write
    raise CommClosedError("While writing, the connection was closed")
distributed.comm.core.CommClosedError: While writing, the connection was closed
2023-09-26 07:41:24,171 - distributed.worker - ERROR - Worker stream died during communication: ucx://127.0.0.1:34049
Traceback (most recent call last):
  File "/opt/conda/envs/gdf/lib/python3.9/site-packages/distributed/comm/ucx.py", line 354, in read
    await self.ep.recv(msg)
  File "/opt/conda/envs/gdf/lib/python3.9/site-packages/ucp/core.py", line 725, in recv
    ret = await comm.tag_recv(self._ep, buffer, nbytes, tag, name=log)
ucp._libs.exceptions.UCXCanceled: <[Recv #013] ep: 0x7fcbe6cea100, tag: 0xe07c9726a32633b0, nbytes: 16, type: <class 'numpy.ndarray'>>: 

During handling of the above exception, another exception occurred:

Traceback (most recent call last):
  File "/opt/conda/envs/gdf/lib/python3.9/site-packages/distributed/worker.py", line 2059, in gather_dep
    response = await get_data_from_worker(
  File "/opt/conda/envs/gdf/lib/python3.9/site-packages/distributed/worker.py", line 2852, in get_data_from_worker
    response = await send_recv(
  File "/opt/conda/envs/gdf/lib/python3.9/site-packages/distributed/core.py", line 1106, in send_recv
    response = await comm.read(deserializers=deserializers)
  File "/opt/conda/envs/gdf/lib/python3.9/site-packages/distributed/utils.py", line 801, in wrapper
    return await func(*args, **kwargs)
  File "/opt/conda/envs/gdf/lib/python3.9/site-packages/distributed/comm/ucx.py", line 372, in read
    raise CommClosedError(
distributed.comm.core.CommClosedError: Connection closed by writer.
Inner exception: UCXCanceled("<[Recv #013] ep: 0x7fcbe6cea100, tag: 0xe07c9726a32633b0, nbytes: 16, type: <class 'numpy.ndarray'>>: ")
2023-09-26 07:41:24,312 - distributed.nanny - WARNING - Restarting worker
2023-09-26 07:41:24,340 - distributed.nanny - WARNING - Restarting worker
2023-09-26 07:41:24,342 - distributed.nanny - WARNING - Restarting worker
2023-09-26 07:41:24,394 - distributed.nanny - WARNING - Restarting worker
/opt/conda/envs/gdf/lib/python3.9/multiprocessing/resource_tracker.py:216: UserWarning: resource_tracker: There appear to be 48 leaked semaphore objects to clean up at shutdown
  warnings.warn('resource_tracker: There appear to be %d '
