2023-06-27 06:00:39,442 - distributed.preloading - INFO - Creating preload: dask_cuda.initialize
2023-06-27 06:00:39,443 - distributed.preloading - INFO - Import preload module: dask_cuda.initialize
2023-06-27 06:00:39,475 - distributed.preloading - INFO - Creating preload: dask_cuda.initialize
2023-06-27 06:00:39,475 - distributed.preloading - INFO - Import preload module: dask_cuda.initialize
2023-06-27 06:00:39,484 - distributed.preloading - INFO - Creating preload: dask_cuda.initialize
2023-06-27 06:00:39,484 - distributed.preloading - INFO - Import preload module: dask_cuda.initialize
2023-06-27 06:00:39,520 - distributed.preloading - INFO - Creating preload: dask_cuda.initialize
2023-06-27 06:00:39,520 - distributed.preloading - INFO - Import preload module: dask_cuda.initialize
2023-06-27 06:00:39,528 - distributed.preloading - INFO - Creating preload: dask_cuda.initialize
2023-06-27 06:00:39,528 - distributed.preloading - INFO - Import preload module: dask_cuda.initialize
2023-06-27 06:00:39,537 - distributed.preloading - INFO - Creating preload: dask_cuda.initialize
2023-06-27 06:00:39,537 - distributed.preloading - INFO - Import preload module: dask_cuda.initialize
2023-06-27 06:00:39,552 - distributed.preloading - INFO - Creating preload: dask_cuda.initialize
2023-06-27 06:00:39,552 - distributed.preloading - INFO - Import preload module: dask_cuda.initialize
2023-06-27 06:00:39,557 - distributed.preloading - INFO - Creating preload: dask_cuda.initialize
2023-06-27 06:00:39,557 - distributed.preloading - INFO - Import preload module: dask_cuda.initialize
[dgx13:75825:0:75825] Caught signal 11 (Segmentation fault: address not mapped to object at address 0x448)
==== backtrace (tid:  75825) ====
 0  /opt/conda/envs/gdf/lib/libucs.so.0(ucs_handle_error+0x2fd) [0x7f26089a880d]
 1  /opt/conda/envs/gdf/lib/libucs.so.0(+0x28a04) [0x7f26089a8a04]
 2  /opt/conda/envs/gdf/lib/libucs.so.0(+0x28bca) [0x7f26089a8bca]
 3  /usr/lib/x86_64-linux-gnu/libpthread.so.0(+0x14420) [0x7f26a9040420]
 4  /opt/conda/envs/gdf/lib/libucp.so.0(ucp_mem_type_unpack+0x17) [0x7f2608a1a987]
 5  /opt/conda/envs/gdf/lib/libucp.so.0(ucp_rndv_data_handler+0x4e9) [0x7f2608a39549]
 6  /opt/conda/envs/gdf/lib/libuct.so.0(+0x1e9cf) [0x7f26089659cf]
 7  /opt/conda/envs/gdf/lib/libuct.so.0(+0x21bf8) [0x7f2608968bf8]
 8  /opt/conda/envs/gdf/lib/libucs.so.0(ucs_event_set_wait+0xb9) [0x7f26089b0df9]
 9  /opt/conda/envs/gdf/lib/libuct.so.0(uct_tcp_iface_progress+0x7d) [0x7f2608967bbd]
10  /opt/conda/envs/gdf/lib/libucp.so.0(ucp_worker_progress+0x5a) [0x7f2608a1836a]
11  /opt/conda/envs/gdf/lib/python3.9/site-packages/ucp/_libs/ucx_api.cpython-39-x86_64-linux-gnu.so(+0x2b17a) [0x7f2608ab717a]
12  /opt/conda/envs/gdf/bin/python(+0x13eb08) [0x55daa0c3ab08]
13  /opt/conda/envs/gdf/bin/python(_PyEval_EvalFrameDefault+0x5f82) [0x55daa0c2b112]
14  /opt/conda/envs/gdf/bin/python(+0x12827a) [0x55daa0c2427a]
15  /opt/conda/envs/gdf/bin/python(_PyFunction_Vectorcall+0xd5) [0x55daa0c35c05]
16  /opt/conda/envs/gdf/bin/python(_PyEval_EvalFrameDefault+0x68b) [0x55daa0c2581b]
17  /opt/conda/envs/gdf/bin/python(+0x14e70e) [0x55daa0c4a70e]
18  /opt/conda/envs/gdf/lib/python3.9/lib-dynload/_asyncio.cpython-39-x86_64-linux-gnu.so(+0x82fe) [0x7f269c0182fe]
19  /opt/conda/envs/gdf/bin/python(_PyObject_MakeTpCall+0x2fc) [0x55daa0c2e2bc]
20  /opt/conda/envs/gdf/bin/python(+0xe5817) [0x55daa0be1817]
21  /opt/conda/envs/gdf/bin/python(+0x130f83) [0x55daa0c2cf83]
22  /opt/conda/envs/gdf/bin/python(_PyEval_EvalFrameDefault+0x5ba6) [0x55daa0c2ad36]
23  /opt/conda/envs/gdf/bin/python(+0x139ef3) [0x55daa0c35ef3]
24  /opt/conda/envs/gdf/bin/python(_PyEval_EvalFrameDefault+0x68b) [0x55daa0c2581b]
25  /opt/conda/envs/gdf/bin/python(+0x139ef3) [0x55daa0c35ef3]
26  /opt/conda/envs/gdf/bin/python(_PyEval_EvalFrameDefault+0x68b) [0x55daa0c2581b]
27  /opt/conda/envs/gdf/bin/python(+0x139ef3) [0x55daa0c35ef3]
28  /opt/conda/envs/gdf/bin/python(_PyEval_EvalFrameDefault+0x68b) [0x55daa0c2581b]
29  /opt/conda/envs/gdf/bin/python(+0x139ef3) [0x55daa0c35ef3]
30  /opt/conda/envs/gdf/bin/python(_PyEval_EvalFrameDefault+0x68b) [0x55daa0c2581b]
31  /opt/conda/envs/gdf/bin/python(+0x12827a) [0x55daa0c2427a]
32  /opt/conda/envs/gdf/bin/python(_PyFunction_Vectorcall+0xd5) [0x55daa0c35c05]
33  /opt/conda/envs/gdf/bin/python(_PyEval_EvalFrameDefault+0x4e17) [0x55daa0c29fa7]
34  /opt/conda/envs/gdf/bin/python(+0x12827a) [0x55daa0c2427a]
35  /opt/conda/envs/gdf/bin/python(+0x147935) [0x55daa0c43935]
36  /opt/conda/envs/gdf/bin/python(PyObject_Call+0xb4) [0x55daa0c44104]
37  /opt/conda/envs/gdf/bin/python(+0x20efc8) [0x55daa0d0afc8]
38  /opt/conda/envs/gdf/bin/python(_PyObject_MakeTpCall+0x2fc) [0x55daa0c2e2bc]
39  /opt/conda/envs/gdf/bin/python(_PyEval_EvalFrameDefault+0x402b) [0x55daa0c291bb]
40  /opt/conda/envs/gdf/bin/python(+0x139ef3) [0x55daa0c35ef3]
41  /opt/conda/envs/gdf/bin/python(+0x147c72) [0x55daa0c43c72]
42  /opt/conda/envs/gdf/bin/python(_PyEval_EvalFrameDefault+0x402b) [0x55daa0c291bb]
43  /opt/conda/envs/gdf/bin/python(+0x139ef3) [0x55daa0c35ef3]
44  /opt/conda/envs/gdf/bin/python(_PyEval_EvalFrameDefault+0x68b) [0x55daa0c2581b]
45  /opt/conda/envs/gdf/bin/python(+0x12827a) [0x55daa0c2427a]
46  /opt/conda/envs/gdf/bin/python(_PyFunction_Vectorcall+0xd5) [0x55daa0c35c05]
47  /opt/conda/envs/gdf/bin/python(_PyEval_EvalFrameDefault+0x68b) [0x55daa0c2581b]
48  /opt/conda/envs/gdf/bin/python(+0x139ef3) [0x55daa0c35ef3]
49  /opt/conda/envs/gdf/bin/python(_PyEval_EvalFrameDefault+0x3d8) [0x55daa0c25568]
50  /opt/conda/envs/gdf/bin/python(+0x12827a) [0x55daa0c2427a]
51  /opt/conda/envs/gdf/bin/python(_PyFunction_Vectorcall+0xd5) [0x55daa0c35c05]
52  /opt/conda/envs/gdf/bin/python(_PyEval_EvalFrameDefault+0x123b) [0x55daa0c263cb]
53  /opt/conda/envs/gdf/bin/python(+0x12827a) [0x55daa0c2427a]
54  /opt/conda/envs/gdf/bin/python(_PyEval_EvalCodeWithName+0x47) [0x55daa0c23f07]
55  /opt/conda/envs/gdf/bin/python(PyEval_EvalCodeEx+0x39) [0x55daa0c23eb9]
56  /opt/conda/envs/gdf/bin/python(PyEval_EvalCode+0x1b) [0x55daa0cd48bb]
57  /opt/conda/envs/gdf/bin/python(+0x206adc) [0x55daa0d02adc]
58  /opt/conda/envs/gdf/bin/python(+0x202c24) [0x55daa0cfec24]
59  /opt/conda/envs/gdf/bin/python(PyRun_StringFlags+0x9d) [0x55daa0cf67ed]
60  /opt/conda/envs/gdf/bin/python(PyRun_SimpleStringFlags+0x3d) [0x55daa0cf66bd]
61  /opt/conda/envs/gdf/bin/python(Py_RunMain+0x262) [0x55daa0cf58a2]
=================================
[dgx13:75828:0:75828] Caught signal 11 (Segmentation fault: address not mapped to object at address 0x448)
==== backtrace (tid:  75828) ====
 0  /opt/conda/envs/gdf/lib/libucs.so.0(ucs_handle_error+0x2fd) [0x7ff644d8780d]
 1  /opt/conda/envs/gdf/lib/libucs.so.0(+0x28a04) [0x7ff644d87a04]
 2  /opt/conda/envs/gdf/lib/libucs.so.0(+0x28bca) [0x7ff644d87bca]
 3  /usr/lib/x86_64-linux-gnu/libpthread.so.0(+0x14420) [0x7ff6e55ae420]
 4  /opt/conda/envs/gdf/lib/libucp.so.0(ucp_mem_type_unpack+0x17) [0x7ff644df9987]
 5  /opt/conda/envs/gdf/lib/libucp.so.0(ucp_rndv_data_handler+0x4e9) [0x7ff644e18549]
 6  /opt/conda/envs/gdf/lib/libuct.so.0(+0x1e9cf) [0x7ff644d449cf]
 7  /opt/conda/envs/gdf/lib/libuct.so.0(+0x21bf8) [0x7ff644d47bf8]
 8  /opt/conda/envs/gdf/lib/libucs.so.0(ucs_event_set_wait+0xb9) [0x7ff644d8fdf9]
 9  /opt/conda/envs/gdf/lib/libuct.so.0(uct_tcp_iface_progress+0x7d) [0x7ff644d46bbd]
10  /opt/conda/envs/gdf/lib/libucp.so.0(ucp_worker_progress+0x5a) [0x7ff644df736a]
11  /opt/conda/envs/gdf/lib/python3.9/site-packages/ucp/_libs/ucx_api.cpython-39-x86_64-linux-gnu.so(+0x2b17a) [0x7ff644e9617a]
12  /opt/conda/envs/gdf/bin/python(+0x13eb08) [0x56073cc8fb08]
13  /opt/conda/envs/gdf/bin/python(_PyEval_EvalFrameDefault+0x5f82) [0x56073cc80112]
14  /opt/conda/envs/gdf/bin/python(+0x12827a) [0x56073cc7927a]
15  /opt/conda/envs/gdf/bin/python(_PyFunction_Vectorcall+0xd5) [0x56073cc8ac05]
16  /opt/conda/envs/gdf/bin/python(_PyEval_EvalFrameDefault+0x68b) [0x56073cc7a81b]
17  /opt/conda/envs/gdf/bin/python(+0x139ef3) [0x56073cc8aef3]
18  /opt/conda/envs/gdf/bin/python(+0x147a16) [0x56073cc98a16]
19  /opt/conda/envs/gdf/bin/python(+0x2579b1) [0x56073cda89b1]
20  /opt/conda/envs/gdf/bin/python(+0xe5817) [0x56073cc36817]
21  /opt/conda/envs/gdf/bin/python(+0x130f83) [0x56073cc81f83]
22  /opt/conda/envs/gdf/bin/python(_PyEval_EvalFrameDefault+0x5ba6) [0x56073cc7fd36]
23  /opt/conda/envs/gdf/bin/python(+0x139ef3) [0x56073cc8aef3]
24  /opt/conda/envs/gdf/bin/python(_PyEval_EvalFrameDefault+0x68b) [0x56073cc7a81b]
25  /opt/conda/envs/gdf/bin/python(+0x139ef3) [0x56073cc8aef3]
26  /opt/conda/envs/gdf/bin/python(_PyEval_EvalFrameDefault+0x68b) [0x56073cc7a81b]
27  /opt/conda/envs/gdf/bin/python(+0x139ef3) [0x56073cc8aef3]
28  /opt/conda/envs/gdf/bin/python(_PyEval_EvalFrameDefault+0x68b) [0x56073cc7a81b]
29  /opt/conda/envs/gdf/bin/python(+0x139ef3) [0x56073cc8aef3]
30  /opt/conda/envs/gdf/bin/python(_PyEval_EvalFrameDefault+0x68b) [0x56073cc7a81b]
31  /opt/conda/envs/gdf/bin/python(+0x12827a) [0x56073cc7927a]
32  /opt/conda/envs/gdf/bin/python(_PyFunction_Vectorcall+0xd5) [0x56073cc8ac05]
33  /opt/conda/envs/gdf/bin/python(_PyEval_EvalFrameDefault+0x4e17) [0x56073cc7efa7]
34  /opt/conda/envs/gdf/bin/python(+0x12827a) [0x56073cc7927a]
35  /opt/conda/envs/gdf/bin/python(+0x147935) [0x56073cc98935]
36  /opt/conda/envs/gdf/bin/python(PyObject_Call+0xb4) [0x56073cc99104]
37  /opt/conda/envs/gdf/bin/python(+0x20efc8) [0x56073cd5ffc8]
38  /opt/conda/envs/gdf/bin/python(_PyObject_MakeTpCall+0x2fc) [0x56073cc832bc]
39  /opt/conda/envs/gdf/bin/python(_PyEval_EvalFrameDefault+0x402b) [0x56073cc7e1bb]
40  /opt/conda/envs/gdf/bin/python(+0x139ef3) [0x56073cc8aef3]
41  /opt/conda/envs/gdf/bin/python(+0x147c72) [0x56073cc98c72]
42  /opt/conda/envs/gdf/bin/python(_PyEval_EvalFrameDefault+0x402b) [0x56073cc7e1bb]
43  /opt/conda/envs/gdf/bin/python(+0x139ef3) [0x56073cc8aef3]
44  /opt/conda/envs/gdf/bin/python(_PyEval_EvalFrameDefault+0x68b) [0x56073cc7a81b]
45  /opt/conda/envs/gdf/bin/python(+0x12827a) [0x56073cc7927a]
46  /opt/conda/envs/gdf/bin/python(_PyFunction_Vectorcall+0xd5) [0x56073cc8ac05]
47  /opt/conda/envs/gdf/bin/python(_PyEval_EvalFrameDefault+0x68b) [0x56073cc7a81b]
48  /opt/conda/envs/gdf/bin/python(+0x139ef3) [0x56073cc8aef3]
49  /opt/conda/envs/gdf/bin/python(_PyEval_EvalFrameDefault+0x3d8) [0x56073cc7a568]
50  /opt/conda/envs/gdf/bin/python(+0x12827a) [0x56073cc7927a]
51  /opt/conda/envs/gdf/bin/python(_PyFunction_Vectorcall+0xd5) [0x56073cc8ac05]
52  /opt/conda/envs/gdf/bin/python(_PyEval_EvalFrameDefault+0x123b) [0x56073cc7b3cb]
53  /opt/conda/envs/gdf/bin/python(+0x12827a) [0x56073cc7927a]
54  /opt/conda/envs/gdf/bin/python(_PyEval_EvalCodeWithName+0x47) [0x56073cc78f07]
55  /opt/conda/envs/gdf/bin/python(PyEval_EvalCodeEx+0x39) [0x56073cc78eb9]
56  /opt/conda/envs/gdf/bin/python(PyEval_EvalCode+0x1b) [0x56073cd298bb]
57  /opt/conda/envs/gdf/bin/python(+0x206adc) [0x56073cd57adc]
58  /opt/conda/envs/gdf/bin/python(+0x202c24) [0x56073cd53c24]
59  /opt/conda/envs/gdf/bin/python(PyRun_StringFlags+0x9d) [0x56073cd4b7ed]
60  /opt/conda/envs/gdf/bin/python(PyRun_SimpleStringFlags+0x3d) [0x56073cd4b6bd]
61  /opt/conda/envs/gdf/bin/python(Py_RunMain+0x262) [0x56073cd4a8a2]
=================================
[dgx13:75819:0:75819] Caught signal 11 (Segmentation fault: address not mapped to object at address 0x448)
==== backtrace (tid:  75819) ====
 0  /opt/conda/envs/gdf/lib/libucs.so.0(ucs_handle_error+0x2fd) [0x7f6b9055a80d]
 1  /opt/conda/envs/gdf/lib/libucs.so.0(+0x28a04) [0x7f6b9055aa04]
 2  /opt/conda/envs/gdf/lib/libucs.so.0(+0x28bca) [0x7f6b9055abca]
 3  /usr/lib/x86_64-linux-gnu/libpthread.so.0(+0x14420) [0x7f6c30d81420]
 4  /opt/conda/envs/gdf/lib/libucp.so.0(ucp_mem_type_unpack+0x17) [0x7f6b905cc987]
 5  /opt/conda/envs/gdf/lib/libucp.so.0(ucp_rndv_data_handler+0x4e9) [0x7f6b905eb549]
 6  /opt/conda/envs/gdf/lib/libuct.so.0(+0x1e9cf) [0x7f6b905179cf]
 7  /opt/conda/envs/gdf/lib/libuct.so.0(+0x21bf8) [0x7f6b9051abf8]
 8  /opt/conda/envs/gdf/lib/libucs.so.0(ucs_event_set_wait+0xb9) [0x7f6b90562df9]
 9  /opt/conda/envs/gdf/lib/libuct.so.0(uct_tcp_iface_progress+0x7d) [0x7f6b90519bbd]
10  /opt/conda/envs/gdf/lib/libucp.so.0(ucp_worker_progress+0x5a) [0x7f6b905ca36a]
11  /opt/conda/envs/gdf/lib/python3.9/site-packages/ucp/_libs/ucx_api.cpython-39-x86_64-linux-gnu.so(+0x2b17a) [0x7f6b9066917a]
12  /opt/conda/envs/gdf/bin/python(+0x13eb08) [0x55586dfb0b08]
13  /opt/conda/envs/gdf/bin/python(_PyEval_EvalFrameDefault+0x5f82) [0x55586dfa1112]
14  /opt/conda/envs/gdf/bin/python(+0x12827a) [0x55586df9a27a]
15  /opt/conda/envs/gdf/bin/python(_PyFunction_Vectorcall+0xd5) [0x55586dfabc05]
16  /opt/conda/envs/gdf/bin/python(_PyEval_EvalFrameDefault+0x68b) [0x55586df9b81b]
17  /opt/conda/envs/gdf/bin/python(+0x139ef3) [0x55586dfabef3]
18  /opt/conda/envs/gdf/bin/python(+0x147a16) [0x55586dfb9a16]
19  /opt/conda/envs/gdf/bin/python(+0x2579b1) [0x55586e0c99b1]
20  /opt/conda/envs/gdf/bin/python(+0xe5817) [0x55586df57817]
21  /opt/conda/envs/gdf/bin/python(+0x130f83) [0x55586dfa2f83]
22  /opt/conda/envs/gdf/bin/python(_PyEval_EvalFrameDefault+0x5ba6) [0x55586dfa0d36]
23  /opt/conda/envs/gdf/bin/python(+0x139ef3) [0x55586dfabef3]
24  /opt/conda/envs/gdf/bin/python(_PyEval_EvalFrameDefault+0x68b) [0x55586df9b81b]
25  /opt/conda/envs/gdf/bin/python(+0x139ef3) [0x55586dfabef3]
26  /opt/conda/envs/gdf/bin/python(_PyEval_EvalFrameDefault+0x68b) [0x55586df9b81b]
27  /opt/conda/envs/gdf/bin/python(+0x139ef3) [0x55586dfabef3]
28  /opt/conda/envs/gdf/bin/python(_PyEval_EvalFrameDefault+0x68b) [0x55586df9b81b]
29  /opt/conda/envs/gdf/bin/python(+0x139ef3) [0x55586dfabef3]
30  /opt/conda/envs/gdf/bin/python(_PyEval_EvalFrameDefault+0x68b) [0x55586df9b81b]
31  /opt/conda/envs/gdf/bin/python(+0x12827a) [0x55586df9a27a]
32  /opt/conda/envs/gdf/bin/python(_PyFunction_Vectorcall+0xd5) [0x55586dfabc05]
33  /opt/conda/envs/gdf/bin/python(_PyEval_EvalFrameDefault+0x4e17) [0x55586df9ffa7]
34  /opt/conda/envs/gdf/bin/python(+0x12827a) [0x55586df9a27a]
35  /opt/conda/envs/gdf/bin/python(+0x147935) [0x55586dfb9935]
36  /opt/conda/envs/gdf/bin/python(PyObject_Call+0xb4) [0x55586dfba104]
37  /opt/conda/envs/gdf/bin/python(+0x20efc8) [0x55586e080fc8]
38  /opt/conda/envs/gdf/bin/python(_PyObject_MakeTpCall+0x2fc) [0x55586dfa42bc]
39  /opt/conda/envs/gdf/bin/python(_PyEval_EvalFrameDefault+0x402b) [0x55586df9f1bb]
40  /opt/conda/envs/gdf/bin/python(+0x139ef3) [0x55586dfabef3]
41  /opt/conda/envs/gdf/bin/python(+0x147c72) [0x55586dfb9c72]
42  /opt/conda/envs/gdf/bin/python(_PyEval_EvalFrameDefault+0x402b) [0x55586df9f1bb]
43  /opt/conda/envs/gdf/bin/python(+0x139ef3) [0x55586dfabef3]
44  /opt/conda/envs/gdf/bin/python(_PyEval_EvalFrameDefault+0x68b) [0x55586df9b81b]
45  /opt/conda/envs/gdf/bin/python(+0x12827a) [0x55586df9a27a]
46  /opt/conda/envs/gdf/bin/python(_PyFunction_Vectorcall+0xd5) [0x55586dfabc05]
47  /opt/conda/envs/gdf/bin/python(_PyEval_EvalFrameDefault+0x68b) [0x55586df9b81b]
48  /opt/conda/envs/gdf/bin/python(+0x139ef3) [0x55586dfabef3]
49  /opt/conda/envs/gdf/bin/python(_PyEval_EvalFrameDefault+0x3d8) [0x55586df9b568]
50  /opt/conda/envs/gdf/bin/python(+0x12827a) [0x55586df9a27a]
51  /opt/conda/envs/gdf/bin/python(_PyFunction_Vectorcall+0xd5) [0x55586dfabc05]
52  /opt/conda/envs/gdf/bin/python(_PyEval_EvalFrameDefault+0x123b) [0x55586df9c3cb]
53  /opt/conda/envs/gdf/bin/python(+0x12827a) [0x55586df9a27a]
54  /opt/conda/envs/gdf/bin/python(_PyEval_EvalCodeWithName+0x47) [0x55586df99f07]
55  /opt/conda/envs/gdf/bin/python(PyEval_EvalCodeEx+0x39) [0x55586df99eb9]
56  /opt/conda/envs/gdf/bin/python(PyEval_EvalCode+0x1b) [0x55586e04a8bb]
57  /opt/conda/envs/gdf/bin/python(+0x206adc) [0x55586e078adc]
58  /opt/conda/envs/gdf/bin/python(+0x202c24) [0x55586e074c24]
59  /opt/conda/envs/gdf/bin/python(PyRun_StringFlags+0x9d) [0x55586e06c7ed]
60  /opt/conda/envs/gdf/bin/python(PyRun_SimpleStringFlags+0x3d) [0x55586e06c6bd]
61  /opt/conda/envs/gdf/bin/python(Py_RunMain+0x262) [0x55586e06b8a2]
=================================
[dgx13:75813:0:75813] Caught signal 11 (Segmentation fault: address not mapped to object at address 0x448)
==== backtrace (tid:  75813) ====
 0  /opt/conda/envs/gdf/lib/libucs.so.0(ucs_handle_error+0x2fd) [0x7f35ddd1580d]
 1  /opt/conda/envs/gdf/lib/libucs.so.0(+0x28a04) [0x7f35ddd15a04]
 2  /opt/conda/envs/gdf/lib/libucs.so.0(+0x28bca) [0x7f35ddd15bca]
 3  /usr/lib/x86_64-linux-gnu/libpthread.so.0(+0x14420) [0x7f3682556420]
 4  /opt/conda/envs/gdf/lib/libucp.so.0(ucp_mem_type_unpack+0x17) [0x7f35ddd87987]
 5  /opt/conda/envs/gdf/lib/libucp.so.0(ucp_rndv_data_handler+0x4e9) [0x7f35ddda6549]
 6  /opt/conda/envs/gdf/lib/libuct.so.0(+0x1e9cf) [0x7f35ddcd29cf]
 7  /opt/conda/envs/gdf/lib/libuct.so.0(+0x21bf8) [0x7f35ddcd5bf8]
 8  /opt/conda/envs/gdf/lib/libucs.so.0(ucs_event_set_wait+0xb9) [0x7f35ddd1ddf9]
 9  /opt/conda/envs/gdf/lib/libuct.so.0(uct_tcp_iface_progress+0x7d) [0x7f35ddcd4bbd]
10  /opt/conda/envs/gdf/lib/libucp.so.0(ucp_worker_progress+0x5a) [0x7f35ddd8536a]
11  /opt/conda/envs/gdf/lib/python3.9/site-packages/ucp/_libs/ucx_api.cpython-39-x86_64-linux-gnu.so(+0x2b17a) [0x7f35dde2417a]
12  /opt/conda/envs/gdf/bin/python(+0x13eb08) [0x556bded44b08]
13  /opt/conda/envs/gdf/bin/python(_PyEval_EvalFrameDefault+0x5f82) [0x556bded35112]
14  /opt/conda/envs/gdf/bin/python(+0x12827a) [0x556bded2e27a]
15  /opt/conda/envs/gdf/bin/python(_PyFunction_Vectorcall+0xd5) [0x556bded3fc05]
16  /opt/conda/envs/gdf/bin/python(_PyEval_EvalFrameDefault+0x68b) [0x556bded2f81b]
17  /opt/conda/envs/gdf/bin/python(+0x139ef3) [0x556bded3fef3]
18  /opt/conda/envs/gdf/bin/python(+0x147a16) [0x556bded4da16]
19  /opt/conda/envs/gdf/bin/python(+0x2579b1) [0x556bdee5d9b1]
20  /opt/conda/envs/gdf/bin/python(+0xe5817) [0x556bdeceb817]
21  /opt/conda/envs/gdf/bin/python(+0x130f83) [0x556bded36f83]
22  /opt/conda/envs/gdf/bin/python(_PyEval_EvalFrameDefault+0x5ba6) [0x556bded34d36]
23  /opt/conda/envs/gdf/bin/python(+0x139ef3) [0x556bded3fef3]
24  /opt/conda/envs/gdf/bin/python(_PyEval_EvalFrameDefault+0x68b) [0x556bded2f81b]
25  /opt/conda/envs/gdf/bin/python(+0x139ef3) [0x556bded3fef3]
26  /opt/conda/envs/gdf/bin/python(_PyEval_EvalFrameDefault+0x68b) [0x556bded2f81b]
27  /opt/conda/envs/gdf/bin/python(+0x139ef3) [0x556bded3fef3]
28  /opt/conda/envs/gdf/bin/python(_PyEval_EvalFrameDefault+0x68b) [0x556bded2f81b]
29  /opt/conda/envs/gdf/bin/python(+0x139ef3) [0x556bded3fef3]
30  /opt/conda/envs/gdf/bin/python(_PyEval_EvalFrameDefault+0x68b) [0x556bded2f81b]
31  /opt/conda/envs/gdf/bin/python(+0x12827a) [0x556bded2e27a]
32  /opt/conda/envs/gdf/bin/python(_PyFunction_Vectorcall+0xd5) [0x556bded3fc05]
33  /opt/conda/envs/gdf/bin/python(_PyEval_EvalFrameDefault+0x4e17) [0x556bded33fa7]
34  /opt/conda/envs/gdf/bin/python(+0x12827a) [0x556bded2e27a]
35  /opt/conda/envs/gdf/bin/python(+0x147935) [0x556bded4d935]
36  /opt/conda/envs/gdf/bin/python(PyObject_Call+0xb4) [0x556bded4e104]
37  /opt/conda/envs/gdf/bin/python(+0x20efc8) [0x556bdee14fc8]
38  /opt/conda/envs/gdf/bin/python(_PyObject_MakeTpCall+0x2fc) [0x556bded382bc]
39  /opt/conda/envs/gdf/bin/python(_PyEval_EvalFrameDefault+0x402b) [0x556bded331bb]
40  /opt/conda/envs/gdf/bin/python(+0x139ef3) [0x556bded3fef3]
41  /opt/conda/envs/gdf/bin/python(+0x147c72) [0x556bded4dc72]
42  /opt/conda/envs/gdf/bin/python(_PyEval_EvalFrameDefault+0x402b) [0x556bded331bb]
43  /opt/conda/envs/gdf/bin/python(+0x139ef3) [0x556bded3fef3]
44  /opt/conda/envs/gdf/bin/python(_PyEval_EvalFrameDefault+0x68b) [0x556bded2f81b]
45  /opt/conda/envs/gdf/bin/python(+0x12827a) [0x556bded2e27a]
46  /opt/conda/envs/gdf/bin/python(_PyFunction_Vectorcall+0xd5) [0x556bded3fc05]
47  /opt/conda/envs/gdf/bin/python(_PyEval_EvalFrameDefault+0x68b) [0x556bded2f81b]
48  /opt/conda/envs/gdf/bin/python(+0x139ef3) [0x556bded3fef3]
49  /opt/conda/envs/gdf/bin/python(_PyEval_EvalFrameDefault+0x3d8) [0x556bded2f568]
50  /opt/conda/envs/gdf/bin/python(+0x12827a) [0x556bded2e27a]
51  /opt/conda/envs/gdf/bin/python(_PyFunction_Vectorcall+0xd5) [0x556bded3fc05]
52  /opt/conda/envs/gdf/bin/python(_PyEval_EvalFrameDefault+0x123b) [0x556bded303cb]
53  /opt/conda/envs/gdf/bin/python(+0x12827a) [0x556bded2e27a]
54  /opt/conda/envs/gdf/bin/python(_PyEval_EvalCodeWithName+0x47) [0x556bded2df07]
55  /opt/conda/envs/gdf/bin/python(PyEval_EvalCodeEx+0x39) [0x556bded2deb9]
56  /opt/conda/envs/gdf/bin/python(PyEval_EvalCode+0x1b) [0x556bdedde8bb]
57  /opt/conda/envs/gdf/bin/python(+0x206adc) [0x556bdee0cadc]
58  /opt/conda/envs/gdf/bin/python(+0x202c24) [0x556bdee08c24]
59  /opt/conda/envs/gdf/bin/python(PyRun_StringFlags+0x9d) [0x556bdee007ed]
60  /opt/conda/envs/gdf/bin/python(PyRun_SimpleStringFlags+0x3d) [0x556bdee006bd]
61  /opt/conda/envs/gdf/bin/python(Py_RunMain+0x262) [0x556bdedff8a2]
=================================
[dgx13:75816:0:75816] Caught signal 11 (Segmentation fault: address not mapped to object at address 0x448)
==== backtrace (tid:  75816) ====
 0  /opt/conda/envs/gdf/lib/libucs.so.0(ucs_handle_error+0x2fd) [0x7fc1f544680d]
 1  /opt/conda/envs/gdf/lib/libucs.so.0(+0x28a04) [0x7fc1f5446a04]
 2  /opt/conda/envs/gdf/lib/libucs.so.0(+0x28bca) [0x7fc1f5446bca]
 3  /usr/lib/x86_64-linux-gnu/libpthread.so.0(+0x14420) [0x7fc299c82420]
 4  /opt/conda/envs/gdf/lib/libucp.so.0(ucp_mem_type_unpack+0x17) [0x7fc1f54b8987]
 5  /opt/conda/envs/gdf/lib/libucp.so.0(ucp_rndv_data_handler+0x4e9) [0x7fc1f54d7549]
 6  /opt/conda/envs/gdf/lib/libuct.so.0(+0x1e9cf) [0x7fc1f54039cf]
 7  /opt/conda/envs/gdf/lib/libuct.so.0(+0x21bf8) [0x7fc1f5406bf8]
 8  /opt/conda/envs/gdf/lib/libucs.so.0(ucs_event_set_wait+0xb9) [0x7fc1f544edf9]
 9  /opt/conda/envs/gdf/lib/libuct.so.0(uct_tcp_iface_progress+0x7d) [0x7fc1f5405bbd]
10  /opt/conda/envs/gdf/lib/libucp.so.0(ucp_worker_progress+0x5a) [0x7fc1f54b636a]
11  /opt/conda/envs/gdf/lib/python3.9/site-packages/ucp/_libs/ucx_api.cpython-39-x86_64-linux-gnu.so(+0x2b17a) [0x7fc1f555517a]
12  /opt/conda/envs/gdf/bin/python(+0x13eb08) [0x5588e308db08]
13  /opt/conda/envs/gdf/bin/python(_PyEval_EvalFrameDefault+0x5f82) [0x5588e307e112]
14  /opt/conda/envs/gdf/bin/python(+0x12827a) [0x5588e307727a]
15  /opt/conda/envs/gdf/bin/python(_PyFunction_Vectorcall+0xd5) [0x5588e3088c05]
16  /opt/conda/envs/gdf/bin/python(_PyEval_EvalFrameDefault+0x68b) [0x5588e307881b]
17  /opt/conda/envs/gdf/bin/python(+0x139ef3) [0x5588e3088ef3]
18  /opt/conda/envs/gdf/bin/python(+0x147a16) [0x5588e3096a16]
19  /opt/conda/envs/gdf/bin/python(+0x2579b1) [0x5588e31a69b1]
20  /opt/conda/envs/gdf/bin/python(+0xe5817) [0x5588e3034817]
21  /opt/conda/envs/gdf/bin/python(+0x130f83) [0x5588e307ff83]
22  /opt/conda/envs/gdf/bin/python(_PyEval_EvalFrameDefault+0x5ba6) [0x5588e307dd36]
23  /opt/conda/envs/gdf/bin/python(+0x139ef3) [0x5588e3088ef3]
24  /opt/conda/envs/gdf/bin/python(_PyEval_EvalFrameDefault+0x68b) [0x5588e307881b]
25  /opt/conda/envs/gdf/bin/python(+0x139ef3) [0x5588e3088ef3]
26  /opt/conda/envs/gdf/bin/python(_PyEval_EvalFrameDefault+0x68b) [0x5588e307881b]
27  /opt/conda/envs/gdf/bin/python(+0x139ef3) [0x5588e3088ef3]
28  /opt/conda/envs/gdf/bin/python(_PyEval_EvalFrameDefault+0x68b) [0x5588e307881b]
29  /opt/conda/envs/gdf/bin/python(+0x139ef3) [0x5588e3088ef3]
30  /opt/conda/envs/gdf/bin/python(_PyEval_EvalFrameDefault+0x68b) [0x5588e307881b]
31  /opt/conda/envs/gdf/bin/python(+0x12827a) [0x5588e307727a]
32  /opt/conda/envs/gdf/bin/python(_PyFunction_Vectorcall+0xd5) [0x5588e3088c05]
33  /opt/conda/envs/gdf/bin/python(_PyEval_EvalFrameDefault+0x4e17) [0x5588e307cfa7]
34  /opt/conda/envs/gdf/bin/python(+0x12827a) [0x5588e307727a]
35  /opt/conda/envs/gdf/bin/python(+0x147935) [0x5588e3096935]
36  /opt/conda/envs/gdf/bin/python(PyObject_Call+0xb4) [0x5588e3097104]
37  /opt/conda/envs/gdf/bin/python(+0x20efc8) [0x5588e315dfc8]
38  /opt/conda/envs/gdf/bin/python(_PyObject_MakeTpCall+0x2fc) [0x5588e30812bc]
39  /opt/conda/envs/gdf/bin/python(_PyEval_EvalFrameDefault+0x402b) [0x5588e307c1bb]
40  /opt/conda/envs/gdf/bin/python(+0x139ef3) [0x5588e3088ef3]
41  /opt/conda/envs/gdf/bin/python(+0x147c72) [0x5588e3096c72]
42  /opt/conda/envs/gdf/bin/python(_PyEval_EvalFrameDefault+0x402b) [0x5588e307c1bb]
43  /opt/conda/envs/gdf/bin/python(+0x139ef3) [0x5588e3088ef3]
44  /opt/conda/envs/gdf/bin/python(_PyEval_EvalFrameDefault+0x68b) [0x5588e307881b]
45  /opt/conda/envs/gdf/bin/python(+0x12827a) [0x5588e307727a]
46  /opt/conda/envs/gdf/bin/python(_PyFunction_Vectorcall+0xd5) [0x5588e3088c05]
47  /opt/conda/envs/gdf/bin/python(_PyEval_EvalFrameDefault+0x68b) [0x5588e307881b]
48  /opt/conda/envs/gdf/bin/python(+0x139ef3) [0x5588e3088ef3]
49  /opt/conda/envs/gdf/bin/python(_PyEval_EvalFrameDefault+0x3d8) [0x5588e3078568]
50  /opt/conda/envs/gdf/bin/python(+0x12827a) [0x5588e307727a]
51  /opt/conda/envs/gdf/bin/python(_PyFunction_Vectorcall+0xd5) [0x5588e3088c05]
52  /opt/conda/envs/gdf/bin/python(_PyEval_EvalFrameDefault+0x123b) [0x5588e30793cb]
53  /opt/conda/envs/gdf/bin/python(+0x12827a) [0x5588e307727a]
54  /opt/conda/envs/gdf/bin/python(_PyEval_EvalCodeWithName+0x47) [0x5588e3076f07]
55  /opt/conda/envs/gdf/bin/python(PyEval_EvalCodeEx+0x39) [0x5588e3076eb9]
56  /opt/conda/envs/gdf/bin/python(PyEval_EvalCode+0x1b) [0x5588e31278bb]
57  /opt/conda/envs/gdf/bin/python(+0x206adc) [0x5588e3155adc]
58  /opt/conda/envs/gdf/bin/python(+0x202c24) [0x5588e3151c24]
59  /opt/conda/envs/gdf/bin/python(PyRun_StringFlags+0x9d) [0x5588e31497ed]
60  /opt/conda/envs/gdf/bin/python(PyRun_SimpleStringFlags+0x3d) [0x5588e31496bd]
61  /opt/conda/envs/gdf/bin/python(Py_RunMain+0x262) [0x5588e31488a2]
=================================
2023-06-27 06:00:43,605 - distributed.worker - ERROR - failed during get data with ucx://127.0.0.1:60987 -> ucx://127.0.0.1:45047
Traceback (most recent call last):
  File "/opt/conda/envs/gdf/lib/python3.9/site-packages/distributed/comm/ucx.py", line 333, in write
    await self.ep.send(each_frame)
  File "/opt/conda/envs/gdf/lib/python3.9/site-packages/ucp/core.py", line 650, in send
    return await comm.tag_send(self._ep, buffer, nbytes, tag, name=log)
ucp._libs.exceptions.UCXError: <[Send #007] ep: 0x7f266cffd200, tag: 0xd450a138bcbe2129, nbytes: 50000000, type: <class 'cupy.ndarray'>>: Endpoint timeout

During handling of the above exception, another exception occurred:

Traceback (most recent call last):
  File "/opt/conda/envs/gdf/lib/python3.9/site-packages/distributed/worker.py", line 1792, in get_data
    compressed = await comm.write(msg, serializers=serializers)
  File "/opt/conda/envs/gdf/lib/python3.9/site-packages/distributed/utils.py", line 752, in wrapper
    return await func(*args, **kwargs)
  File "/opt/conda/envs/gdf/lib/python3.9/site-packages/distributed/comm/ucx.py", line 337, in write
    raise CommClosedError("While writing, the connection was closed")
distributed.comm.core.CommClosedError: While writing, the connection was closed
2023-06-27 06:00:43,605 - distributed.worker - ERROR - Worker stream died during communication: ucx://127.0.0.1:45047
Traceback (most recent call last):
  File "/opt/conda/envs/gdf/lib/python3.9/site-packages/distributed/comm/ucx.py", line 349, in read
    await self.ep.recv(msg)
  File "/opt/conda/envs/gdf/lib/python3.9/site-packages/ucp/core.py", line 725, in recv
    ret = await comm.tag_recv(self._ep, buffer, nbytes, tag, name=log)
ucp._libs.exceptions.UCXCanceled: <[Recv #003] ep: 0x7ff6f1721140, tag: 0x1b2dac96bcd94cdc, nbytes: 16, type: <class 'numpy.ndarray'>>: 

During handling of the above exception, another exception occurred:

Traceback (most recent call last):
  File "/opt/conda/envs/gdf/lib/python3.9/site-packages/distributed/worker.py", line 2066, in gather_dep
    response = await get_data_from_worker(
  File "/opt/conda/envs/gdf/lib/python3.9/site-packages/distributed/worker.py", line 2892, in get_data_from_worker
    response = await send_recv(
  File "/opt/conda/envs/gdf/lib/python3.9/site-packages/distributed/core.py", line 1024, in send_recv
    response = await comm.read(deserializers=deserializers)
  File "/opt/conda/envs/gdf/lib/python3.9/site-packages/distributed/utils.py", line 752, in wrapper
    return await func(*args, **kwargs)
  File "/opt/conda/envs/gdf/lib/python3.9/site-packages/distributed/comm/ucx.py", line 367, in read
    raise CommClosedError(
distributed.comm.core.CommClosedError: Connection closed by writer.
Inner exception: UCXCanceled("<[Recv #003] ep: 0x7ff6f1721140, tag: 0x1b2dac96bcd94cdc, nbytes: 16, type: <class 'numpy.ndarray'>>: ")
2023-06-27 06:00:43,606 - distributed.worker - ERROR - Worker stream died during communication: ucx://127.0.0.1:45047
Traceback (most recent call last):
  File "/opt/conda/envs/gdf/lib/python3.9/site-packages/distributed/comm/ucx.py", line 391, in read
    await self.ep.recv(each_frame)
  File "/opt/conda/envs/gdf/lib/python3.9/site-packages/ucp/core.py", line 725, in recv
    ret = await comm.tag_recv(self._ep, buffer, nbytes, tag, name=log)
ucp._libs.exceptions.UCXError: <[Recv #007] ep: 0x7f266cffd100, tag: 0xc8da65995274f249, nbytes: 50000000, type: <class 'rmm._lib.device_buffer.DeviceBuffer'>>: Endpoint timeout

During handling of the above exception, another exception occurred:

Traceback (most recent call last):
  File "/opt/conda/envs/gdf/lib/python3.9/site-packages/distributed/worker.py", line 2066, in gather_dep
    response = await get_data_from_worker(
  File "/opt/conda/envs/gdf/lib/python3.9/site-packages/distributed/worker.py", line 2892, in get_data_from_worker
    response = await send_recv(
  File "/opt/conda/envs/gdf/lib/python3.9/site-packages/distributed/core.py", line 1024, in send_recv
    response = await comm.read(deserializers=deserializers)
  File "/opt/conda/envs/gdf/lib/python3.9/site-packages/distributed/utils.py", line 752, in wrapper
    return await func(*args, **kwargs)
  File "/opt/conda/envs/gdf/lib/python3.9/site-packages/distributed/comm/ucx.py", line 397, in read
    raise CommClosedError(
distributed.comm.core.CommClosedError: Connection closed by writer.
Inner exception: UCXError("<[Recv #007] ep: 0x7f266cffd100, tag: 0xc8da65995274f249, nbytes: 50000000, type: <class 'rmm._lib.device_buffer.DeviceBuffer'>>: Endpoint timeout")
2023-06-27 06:00:43,607 - distributed.worker - ERROR - failed during get data with ucx://127.0.0.1:60987 -> ucx://127.0.0.1:55703
Traceback (most recent call last):
  File "/opt/conda/envs/gdf/lib/python3.9/site-packages/distributed/comm/ucx.py", line 333, in write
    await self.ep.send(each_frame)
  File "/opt/conda/envs/gdf/lib/python3.9/site-packages/ucp/core.py", line 650, in send
    return await comm.tag_send(self._ep, buffer, nbytes, tag, name=log)
ucp._libs.exceptions.UCXError: <[Send #007] ep: 0x7f266cffd240, tag: 0x8e4b10b353b2f11b, nbytes: 50000000, type: <class 'cupy.ndarray'>>: Endpoint timeout

During handling of the above exception, another exception occurred:

Traceback (most recent call last):
  File "/opt/conda/envs/gdf/lib/python3.9/site-packages/distributed/worker.py", line 1792, in get_data
    compressed = await comm.write(msg, serializers=serializers)
  File "/opt/conda/envs/gdf/lib/python3.9/site-packages/distributed/utils.py", line 752, in wrapper
    return await func(*args, **kwargs)
  File "/opt/conda/envs/gdf/lib/python3.9/site-packages/distributed/comm/ucx.py", line 337, in write
    raise CommClosedError("While writing, the connection was closed")
distributed.comm.core.CommClosedError: While writing, the connection was closed
2023-06-27 06:00:43,608 - distributed.worker - ERROR - Worker stream died during communication: ucx://127.0.0.1:55703
Traceback (most recent call last):
  File "/opt/conda/envs/gdf/lib/python3.9/site-packages/distributed/comm/ucx.py", line 349, in read
    await self.ep.recv(msg)
  File "/opt/conda/envs/gdf/lib/python3.9/site-packages/ucp/core.py", line 725, in recv
    ret = await comm.tag_recv(self._ep, buffer, nbytes, tag, name=log)
ucp._libs.exceptions.UCXCanceled: <[Recv #003] ep: 0x7f266cffd180, tag: 0xc88c88d94eb1414b, nbytes: 16, type: <class 'numpy.ndarray'>>: 

During handling of the above exception, another exception occurred:

Traceback (most recent call last):
  File "/opt/conda/envs/gdf/lib/python3.9/site-packages/distributed/worker.py", line 2066, in gather_dep
    response = await get_data_from_worker(
  File "/opt/conda/envs/gdf/lib/python3.9/site-packages/distributed/worker.py", line 2892, in get_data_from_worker
    response = await send_recv(
  File "/opt/conda/envs/gdf/lib/python3.9/site-packages/distributed/core.py", line 1024, in send_recv
    response = await comm.read(deserializers=deserializers)
  File "/opt/conda/envs/gdf/lib/python3.9/site-packages/distributed/utils.py", line 752, in wrapper
    return await func(*args, **kwargs)
  File "/opt/conda/envs/gdf/lib/python3.9/site-packages/distributed/comm/ucx.py", line 367, in read
    raise CommClosedError(
distributed.comm.core.CommClosedError: Connection closed by writer.
Inner exception: UCXCanceled("<[Recv #003] ep: 0x7f266cffd180, tag: 0xc88c88d94eb1414b, nbytes: 16, type: <class 'numpy.ndarray'>>: ")
2023-06-27 06:00:43,616 - distributed.worker - ERROR - Worker stream died during communication: ucx://127.0.0.1:35571
Traceback (most recent call last):
  File "/opt/conda/envs/gdf/lib/python3.9/site-packages/distributed/comm/ucx.py", line 349, in read
    await self.ep.recv(msg)
  File "/opt/conda/envs/gdf/lib/python3.9/site-packages/ucp/core.py", line 725, in recv
    ret = await comm.tag_recv(self._ep, buffer, nbytes, tag, name=log)
ucp._libs.exceptions.UCXCanceled: <[Recv #008] ep: 0x7fed30ea6140, tag: 0x1210864ee21aeefb, nbytes: 16, type: <class 'numpy.ndarray'>>: 

During handling of the above exception, another exception occurred:

Traceback (most recent call last):
  File "/opt/conda/envs/gdf/lib/python3.9/site-packages/distributed/worker.py", line 2066, in gather_dep
    response = await get_data_from_worker(
  File "/opt/conda/envs/gdf/lib/python3.9/site-packages/distributed/worker.py", line 2892, in get_data_from_worker
    response = await send_recv(
  File "/opt/conda/envs/gdf/lib/python3.9/site-packages/distributed/core.py", line 1024, in send_recv
    response = await comm.read(deserializers=deserializers)
  File "/opt/conda/envs/gdf/lib/python3.9/site-packages/distributed/utils.py", line 752, in wrapper
    return await func(*args, **kwargs)
  File "/opt/conda/envs/gdf/lib/python3.9/site-packages/distributed/comm/ucx.py", line 367, in read
    raise CommClosedError(
distributed.comm.core.CommClosedError: Connection closed by writer.
Inner exception: UCXCanceled("<[Recv #008] ep: 0x7fed30ea6140, tag: 0x1210864ee21aeefb, nbytes: 16, type: <class 'numpy.ndarray'>>: ")
2023-06-27 06:00:43,619 - distributed.worker - ERROR - Worker stream died during communication: ucx://127.0.0.1:55703
Traceback (most recent call last):
  File "/opt/conda/envs/gdf/lib/python3.9/site-packages/distributed/comm/ucx.py", line 466, in connect
    ep = await ucp.create_endpoint(ip, port)
  File "/opt/conda/envs/gdf/lib/python3.9/site-packages/ucp/core.py", line 1004, in create_endpoint
    return await _get_ctx().create_endpoint(
  File "/opt/conda/envs/gdf/lib/python3.9/site-packages/ucp/core.py", line 316, in create_endpoint
    peer_info = await exchange_peer_info(
  File "/opt/conda/envs/gdf/lib/python3.9/site-packages/ucp/core.py", line 54, in exchange_peer_info
    await comm.stream_recv(endpoint, peer_info_arr, peer_info_arr.nbytes)
ucp._libs.exceptions.UCXNotConnected: <stream_recv>: 

During handling of the above exception, another exception occurred:

Traceback (most recent call last):
  File "/opt/conda/envs/gdf/lib/python3.9/site-packages/distributed/comm/core.py", line 292, in connect
    comm = await wait_for(
  File "/opt/conda/envs/gdf/lib/python3.9/site-packages/distributed/utils.py", line 1849, in wait_for
    return await asyncio.wait_for(fut, timeout)
  File "/opt/conda/envs/gdf/lib/python3.9/asyncio/tasks.py", line 479, in wait_for
    return fut.result()
  File "/opt/conda/envs/gdf/lib/python3.9/site-packages/distributed/comm/ucx.py", line 468, in connect
    raise CommClosedError("Connection closed before handshake completed")
distributed.comm.core.CommClosedError: Connection closed before handshake completed

During handling of the above exception, another exception occurred:

Traceback (most recent call last):
  File "/opt/conda/envs/gdf/lib/python3.9/site-packages/distributed/core.py", line 1427, in _connect
    comm = await connect(
  File "/opt/conda/envs/gdf/lib/python3.9/site-packages/distributed/comm/core.py", line 316, in connect
    await asyncio.sleep(backoff)
  File "/opt/conda/envs/gdf/lib/python3.9/asyncio/tasks.py", line 652, in sleep
    return await future
asyncio.exceptions.CancelledError

During handling of the above exception, another exception occurred:

Traceback (most recent call last):
  File "/opt/conda/envs/gdf/lib/python3.9/site-packages/distributed/worker.py", line 2066, in gather_dep
    response = await get_data_from_worker(
  File "/opt/conda/envs/gdf/lib/python3.9/site-packages/distributed/worker.py", line 2889, in get_data_from_worker
    comm = await rpc.connect(worker)
  File "/opt/conda/envs/gdf/lib/python3.9/site-packages/distributed/core.py", line 1506, in connect
    return await connect_attempt
  File "/opt/conda/envs/gdf/lib/python3.9/site-packages/distributed/core.py", line 1450, in _connect
    raise CommClosedError(reason)
distributed.comm.core.CommClosedError: Address removed.
2023-06-27 06:00:43,661 - distributed.nanny - WARNING - Restarting worker
2023-06-27 06:00:43,760 - distributed.worker - ERROR - failed during get data with ucx://127.0.0.1:59963 -> ucx://127.0.0.1:39715
Traceback (most recent call last):
  File "/opt/conda/envs/gdf/lib/python3.9/site-packages/distributed/comm/ucx.py", line 333, in write
    await self.ep.send(each_frame)
  File "/opt/conda/envs/gdf/lib/python3.9/site-packages/ucp/core.py", line 650, in send
    return await comm.tag_send(self._ep, buffer, nbytes, tag, name=log)
ucp._libs.exceptions.UCXError: <[Send #007] ep: 0x7fed30ea6280, tag: 0x8178792ec09e4265, nbytes: 50000000, type: <class 'cupy.ndarray'>>: Endpoint timeout

During handling of the above exception, another exception occurred:

Traceback (most recent call last):
  File "/opt/conda/envs/gdf/lib/python3.9/site-packages/distributed/worker.py", line 1792, in get_data
    compressed = await comm.write(msg, serializers=serializers)
  File "/opt/conda/envs/gdf/lib/python3.9/site-packages/distributed/utils.py", line 752, in wrapper
    return await func(*args, **kwargs)
  File "/opt/conda/envs/gdf/lib/python3.9/site-packages/distributed/comm/ucx.py", line 337, in write
    raise CommClosedError("While writing, the connection was closed")
distributed.comm.core.CommClosedError: While writing, the connection was closed
2023-06-27 06:00:43,761 - distributed.worker - ERROR - failed during get data with ucx://127.0.0.1:59963 -> ucx://127.0.0.1:56607
Traceback (most recent call last):
  File "/opt/conda/envs/gdf/lib/python3.9/site-packages/distributed/comm/ucx.py", line 333, in write
    await self.ep.send(each_frame)
  File "/opt/conda/envs/gdf/lib/python3.9/site-packages/ucp/core.py", line 650, in send
    return await comm.tag_send(self._ep, buffer, nbytes, tag, name=log)
ucp._libs.exceptions.UCXError: <[Send #007] ep: 0x7fed30ea6200, tag: 0x1ca23e6f8d3e9bdb, nbytes: 50000000, type: <class 'cupy.ndarray'>>: Endpoint timeout

During handling of the above exception, another exception occurred:

Traceback (most recent call last):
  File "/opt/conda/envs/gdf/lib/python3.9/site-packages/distributed/worker.py", line 1792, in get_data
    compressed = await comm.write(msg, serializers=serializers)
  File "/opt/conda/envs/gdf/lib/python3.9/site-packages/distributed/utils.py", line 752, in wrapper
    return await func(*args, **kwargs)
  File "/opt/conda/envs/gdf/lib/python3.9/site-packages/distributed/comm/ucx.py", line 337, in write
    raise CommClosedError("While writing, the connection was closed")
distributed.comm.core.CommClosedError: While writing, the connection was closed
2023-06-27 06:00:43,762 - distributed.worker - ERROR - Worker stream died during communication: ucx://127.0.0.1:39715
Traceback (most recent call last):
  File "/opt/conda/envs/gdf/lib/python3.9/site-packages/distributed/comm/ucx.py", line 391, in read
    await self.ep.recv(each_frame)
  File "/opt/conda/envs/gdf/lib/python3.9/site-packages/ucp/core.py", line 725, in recv
    ret = await comm.tag_recv(self._ep, buffer, nbytes, tag, name=log)
ucp._libs.exceptions.UCXError: <[Recv #007] ep: 0x7fed30ea6180, tag: 0x9fb8616e6a7844b4, nbytes: 50000000, type: <class 'rmm._lib.device_buffer.DeviceBuffer'>>: Endpoint timeout

During handling of the above exception, another exception occurred:

Traceback (most recent call last):
  File "/opt/conda/envs/gdf/lib/python3.9/site-packages/distributed/worker.py", line 2066, in gather_dep
    response = await get_data_from_worker(
  File "/opt/conda/envs/gdf/lib/python3.9/site-packages/distributed/worker.py", line 2892, in get_data_from_worker
    response = await send_recv(
  File "/opt/conda/envs/gdf/lib/python3.9/site-packages/distributed/core.py", line 1024, in send_recv
    response = await comm.read(deserializers=deserializers)
  File "/opt/conda/envs/gdf/lib/python3.9/site-packages/distributed/utils.py", line 752, in wrapper
    return await func(*args, **kwargs)
  File "/opt/conda/envs/gdf/lib/python3.9/site-packages/distributed/comm/ucx.py", line 397, in read
    raise CommClosedError(
distributed.comm.core.CommClosedError: Connection closed by writer.
Inner exception: UCXError("<[Recv #007] ep: 0x7fed30ea6180, tag: 0x9fb8616e6a7844b4, nbytes: 50000000, type: <class 'rmm._lib.device_buffer.DeviceBuffer'>>: Endpoint timeout")
2023-06-27 06:00:43,762 - distributed.worker - ERROR - Worker stream died during communication: ucx://127.0.0.1:56607
Traceback (most recent call last):
  File "/opt/conda/envs/gdf/lib/python3.9/site-packages/distributed/comm/ucx.py", line 391, in read
    await self.ep.recv(each_frame)
  File "/opt/conda/envs/gdf/lib/python3.9/site-packages/ucp/core.py", line 725, in recv
    ret = await comm.tag_recv(self._ep, buffer, nbytes, tag, name=log)
ucp._libs.exceptions.UCXError: <[Recv #007] ep: 0x7fed30ea6100, tag: 0x2497977d6f691eb9, nbytes: 50000000, type: <class 'rmm._lib.device_buffer.DeviceBuffer'>>: Endpoint timeout

During handling of the above exception, another exception occurred:

Traceback (most recent call last):
  File "/opt/conda/envs/gdf/lib/python3.9/site-packages/distributed/worker.py", line 2066, in gather_dep
    response = await get_data_from_worker(
  File "/opt/conda/envs/gdf/lib/python3.9/site-packages/distributed/worker.py", line 2892, in get_data_from_worker
    response = await send_recv(
  File "/opt/conda/envs/gdf/lib/python3.9/site-packages/distributed/core.py", line 1024, in send_recv
    response = await comm.read(deserializers=deserializers)
  File "/opt/conda/envs/gdf/lib/python3.9/site-packages/distributed/utils.py", line 752, in wrapper
    return await func(*args, **kwargs)
  File "/opt/conda/envs/gdf/lib/python3.9/site-packages/distributed/comm/ucx.py", line 397, in read
    raise CommClosedError(
distributed.comm.core.CommClosedError: Connection closed by writer.
Inner exception: UCXError("<[Recv #007] ep: 0x7fed30ea6100, tag: 0x2497977d6f691eb9, nbytes: 50000000, type: <class 'rmm._lib.device_buffer.DeviceBuffer'>>: Endpoint timeout")
2023-06-27 06:00:43,776 - distributed.worker - ERROR - Worker stream died during communication: ucx://127.0.0.1:39715
Traceback (most recent call last):
  File "/opt/conda/envs/gdf/lib/python3.9/site-packages/distributed/core.py", line 1427, in _connect
    comm = await connect(
  File "/opt/conda/envs/gdf/lib/python3.9/site-packages/distributed/comm/core.py", line 292, in connect
    comm = await wait_for(
  File "/opt/conda/envs/gdf/lib/python3.9/site-packages/distributed/utils.py", line 1849, in wait_for
    return await asyncio.wait_for(fut, timeout)
  File "/opt/conda/envs/gdf/lib/python3.9/asyncio/tasks.py", line 466, in wait_for
    await waiter
asyncio.exceptions.CancelledError

During handling of the above exception, another exception occurred:

Traceback (most recent call last):
  File "/opt/conda/envs/gdf/lib/python3.9/site-packages/distributed/worker.py", line 2066, in gather_dep
    response = await get_data_from_worker(
  File "/opt/conda/envs/gdf/lib/python3.9/site-packages/distributed/worker.py", line 2889, in get_data_from_worker
    comm = await rpc.connect(worker)
  File "/opt/conda/envs/gdf/lib/python3.9/site-packages/distributed/core.py", line 1506, in connect
    return await connect_attempt
  File "/opt/conda/envs/gdf/lib/python3.9/site-packages/distributed/core.py", line 1450, in _connect
    raise CommClosedError(reason)
distributed.comm.core.CommClosedError: Address removed.
2023-06-27 06:00:43,779 - distributed.nanny - WARNING - Restarting worker
2023-06-27 06:00:43,781 - distributed.nanny - WARNING - Restarting worker
2023-06-27 06:00:43,860 - distributed.nanny - WARNING - Restarting worker
2023-06-27 06:00:43,862 - distributed.nanny - WARNING - Restarting worker
2023-06-27 06:00:45,176 - distributed.preloading - INFO - Creating preload: dask_cuda.initialize
2023-06-27 06:00:45,176 - distributed.preloading - INFO - Import preload module: dask_cuda.initialize
2023-06-27 06:00:45,337 - distributed.preloading - INFO - Creating preload: dask_cuda.initialize
2023-06-27 06:00:45,337 - distributed.preloading - INFO - Import preload module: dask_cuda.initialize
2023-06-27 06:00:45,345 - distributed.preloading - INFO - Creating preload: dask_cuda.initialize
2023-06-27 06:00:45,345 - distributed.preloading - INFO - Import preload module: dask_cuda.initialize
2023-06-27 06:00:45,445 - distributed.preloading - INFO - Creating preload: dask_cuda.initialize
2023-06-27 06:00:45,445 - distributed.preloading - INFO - Import preload module: dask_cuda.initialize
2023-06-27 06:00:45,446 - distributed.preloading - INFO - Creating preload: dask_cuda.initialize
2023-06-27 06:00:45,446 - distributed.preloading - INFO - Import preload module: dask_cuda.initialize
/opt/conda/envs/gdf/lib/python3.9/multiprocessing/resource_tracker.py:216: UserWarning: resource_tracker: There appear to be 48 leaked semaphore objects to clean up at shutdown
  warnings.warn('resource_tracker: There appear to be %d '
