2023-04-29 06:05:34,181 - distributed.preloading - INFO - Creating preload: dask_cuda.initialize
2023-04-29 06:05:34,181 - distributed.preloading - INFO - Import preload module: dask_cuda.initialize
2023-04-29 06:05:34,186 - distributed.preloading - INFO - Creating preload: dask_cuda.initialize
2023-04-29 06:05:34,186 - distributed.preloading - INFO - Import preload module: dask_cuda.initialize
2023-04-29 06:05:34,279 - distributed.preloading - INFO - Creating preload: dask_cuda.initialize
2023-04-29 06:05:34,279 - distributed.preloading - INFO - Import preload module: dask_cuda.initialize
2023-04-29 06:05:34,285 - distributed.preloading - INFO - Creating preload: dask_cuda.initialize
2023-04-29 06:05:34,285 - distributed.preloading - INFO - Import preload module: dask_cuda.initialize
2023-04-29 06:05:34,339 - distributed.preloading - INFO - Creating preload: dask_cuda.initialize
2023-04-29 06:05:34,339 - distributed.preloading - INFO - Import preload module: dask_cuda.initialize
2023-04-29 06:05:34,343 - distributed.preloading - INFO - Creating preload: dask_cuda.initialize
2023-04-29 06:05:34,343 - distributed.preloading - INFO - Import preload module: dask_cuda.initialize
2023-04-29 06:05:34,354 - distributed.preloading - INFO - Creating preload: dask_cuda.initialize
2023-04-29 06:05:34,354 - distributed.preloading - INFO - Import preload module: dask_cuda.initialize
2023-04-29 06:05:34,368 - distributed.preloading - INFO - Creating preload: dask_cuda.initialize
2023-04-29 06:05:34,368 - distributed.preloading - INFO - Import preload module: dask_cuda.initialize
[dgx13:79909:0:79909] Caught signal 11 (Segmentation fault: address not mapped to object at address 0x448)
==== backtrace (tid:  79909) ====
 0  /opt/conda/envs/gdf/lib/libucs.so.0(ucs_handle_error+0x2dc) [0x7f4de59ecdec]
 1  /opt/conda/envs/gdf/lib/libucs.so.0(+0x31fcf) [0x7f4de59ecfcf]
 2  /opt/conda/envs/gdf/lib/libucs.so.0(+0x32304) [0x7f4de59ed304]
 3  /usr/lib/x86_64-linux-gnu/libpthread.so.0(+0x14420) [0x7f4e9ee46420]
 4  /opt/conda/envs/gdf/lib/libucp.so.0(ucp_mem_type_unpack+0x18) [0x7f4de5a7c838]
 5  /opt/conda/envs/gdf/lib/libucp.so.0(ucp_rndv_data_handler+0x508) [0x7f4de5ab10d8]
 6  /opt/conda/envs/gdf/lib/libuct.so.0(+0x23457) [0x7f4de599c457]
 7  /opt/conda/envs/gdf/lib/libuct.so.0(+0x23a38) [0x7f4de599ca38]
 8  /opt/conda/envs/gdf/lib/libuct.so.0(+0x260fc) [0x7f4de599f0fc]
 9  /opt/conda/envs/gdf/lib/libucs.so.0(ucs_event_set_wait+0xf9) [0x7f4de59f84d9]
10  /opt/conda/envs/gdf/lib/libuct.so.0(uct_tcp_iface_progress+0x7b) [0x7f4de599f1ab]
11  /opt/conda/envs/gdf/lib/libucp.so.0(ucp_worker_progress+0x6a) [0x7f4de5a78caa]
12  /opt/conda/envs/gdf/lib/python3.9/site-packages/ucp/_libs/ucx_api.cpython-39-x86_64-linux-gnu.so(+0x286e1) [0x7f4de5b3b6e1]
13  /opt/conda/envs/gdf/bin/python(+0x13eb08) [0x55ddca6abb08]
14  /opt/conda/envs/gdf/bin/python(_PyEval_EvalFrameDefault+0x5f82) [0x55ddca69c112]
15  /opt/conda/envs/gdf/bin/python(+0x12827a) [0x55ddca69527a]
16  /opt/conda/envs/gdf/bin/python(_PyFunction_Vectorcall+0xd5) [0x55ddca6a6c05]
17  /opt/conda/envs/gdf/bin/python(_PyEval_EvalFrameDefault+0x68b) [0x55ddca69681b]
18  /opt/conda/envs/gdf/bin/python(+0x139ef3) [0x55ddca6a6ef3]
19  /opt/conda/envs/gdf/bin/python(+0x147a16) [0x55ddca6b4a16]
20  /opt/conda/envs/gdf/bin/python(+0x2579b1) [0x55ddca7c49b1]
21  /opt/conda/envs/gdf/bin/python(+0xe5817) [0x55ddca652817]
22  /opt/conda/envs/gdf/bin/python(+0x130f83) [0x55ddca69df83]
23  /opt/conda/envs/gdf/bin/python(_PyEval_EvalFrameDefault+0x5ba6) [0x55ddca69bd36]
24  /opt/conda/envs/gdf/bin/python(+0x139ef3) [0x55ddca6a6ef3]
25  /opt/conda/envs/gdf/bin/python(_PyEval_EvalFrameDefault+0x68b) [0x55ddca69681b]
26  /opt/conda/envs/gdf/bin/python(+0x139ef3) [0x55ddca6a6ef3]
27  /opt/conda/envs/gdf/bin/python(_PyEval_EvalFrameDefault+0x68b) [0x55ddca69681b]
28  /opt/conda/envs/gdf/bin/python(+0x139ef3) [0x55ddca6a6ef3]
29  /opt/conda/envs/gdf/bin/python(_PyEval_EvalFrameDefault+0x68b) [0x55ddca69681b]
30  /opt/conda/envs/gdf/bin/python(+0x139ef3) [0x55ddca6a6ef3]
31  /opt/conda/envs/gdf/bin/python(_PyEval_EvalFrameDefault+0x68b) [0x55ddca69681b]
32  /opt/conda/envs/gdf/bin/python(+0x12827a) [0x55ddca69527a]
33  /opt/conda/envs/gdf/bin/python(_PyFunction_Vectorcall+0xd5) [0x55ddca6a6c05]
34  /opt/conda/envs/gdf/bin/python(_PyEval_EvalFrameDefault+0x4e17) [0x55ddca69afa7]
35  /opt/conda/envs/gdf/bin/python(+0x12827a) [0x55ddca69527a]
36  /opt/conda/envs/gdf/bin/python(+0x147935) [0x55ddca6b4935]
37  /opt/conda/envs/gdf/bin/python(PyObject_Call+0xb4) [0x55ddca6b5104]
38  /opt/conda/envs/gdf/bin/python(+0x20efc8) [0x55ddca77bfc8]
39  /opt/conda/envs/gdf/bin/python(_PyObject_MakeTpCall+0x2fc) [0x55ddca69f2bc]
40  /opt/conda/envs/gdf/bin/python(_PyEval_EvalFrameDefault+0x402b) [0x55ddca69a1bb]
41  /opt/conda/envs/gdf/bin/python(+0x139ef3) [0x55ddca6a6ef3]
42  /opt/conda/envs/gdf/bin/python(+0x147c72) [0x55ddca6b4c72]
43  /opt/conda/envs/gdf/bin/python(_PyEval_EvalFrameDefault+0x402b) [0x55ddca69a1bb]
44  /opt/conda/envs/gdf/bin/python(+0x139ef3) [0x55ddca6a6ef3]
45  /opt/conda/envs/gdf/bin/python(_PyEval_EvalFrameDefault+0x68b) [0x55ddca69681b]
46  /opt/conda/envs/gdf/bin/python(+0x12827a) [0x55ddca69527a]
47  /opt/conda/envs/gdf/bin/python(_PyFunction_Vectorcall+0xd5) [0x55ddca6a6c05]
48  /opt/conda/envs/gdf/bin/python(_PyEval_EvalFrameDefault+0x68b) [0x55ddca69681b]
49  /opt/conda/envs/gdf/bin/python(+0x139ef3) [0x55ddca6a6ef3]
50  /opt/conda/envs/gdf/bin/python(_PyEval_EvalFrameDefault+0x3d8) [0x55ddca696568]
51  /opt/conda/envs/gdf/bin/python(+0x12827a) [0x55ddca69527a]
52  /opt/conda/envs/gdf/bin/python(_PyFunction_Vectorcall+0xd5) [0x55ddca6a6c05]
53  /opt/conda/envs/gdf/bin/python(_PyEval_EvalFrameDefault+0x123b) [0x55ddca6973cb]
54  /opt/conda/envs/gdf/bin/python(+0x12827a) [0x55ddca69527a]
55  /opt/conda/envs/gdf/bin/python(_PyEval_EvalCodeWithName+0x47) [0x55ddca694f07]
56  /opt/conda/envs/gdf/bin/python(PyEval_EvalCodeEx+0x39) [0x55ddca694eb9]
57  /opt/conda/envs/gdf/bin/python(PyEval_EvalCode+0x1b) [0x55ddca7458bb]
58  /opt/conda/envs/gdf/bin/python(+0x206adc) [0x55ddca773adc]
59  /opt/conda/envs/gdf/bin/python(+0x202c24) [0x55ddca76fc24]
60  /opt/conda/envs/gdf/bin/python(PyRun_StringFlags+0x9d) [0x55ddca7677ed]
61  /opt/conda/envs/gdf/bin/python(PyRun_SimpleStringFlags+0x3d) [0x55ddca7676bd]
=================================
[dgx13:79912:0:79912] Caught signal 11 (Segmentation fault: address not mapped to object at address 0x448)
==== backtrace (tid:  79912) ====
 0  /opt/conda/envs/gdf/lib/libucs.so.0(ucs_handle_error+0x2dc) [0x7fbdf8037dec]
 1  /opt/conda/envs/gdf/lib/libucs.so.0(+0x31fcf) [0x7fbdf8037fcf]
 2  /opt/conda/envs/gdf/lib/libucs.so.0(+0x32304) [0x7fbdf8038304]
 3  /usr/lib/x86_64-linux-gnu/libpthread.so.0(+0x14420) [0x7fbe88de5420]
 4  /opt/conda/envs/gdf/lib/libucp.so.0(ucp_mem_type_unpack+0x18) [0x7fbde3b4c838]
 5  /opt/conda/envs/gdf/lib/libucp.so.0(ucp_rndv_data_handler+0x508) [0x7fbde3b810d8]
 6  /opt/conda/envs/gdf/lib/libuct.so.0(+0x23457) [0x7fbde3ad6457]
 7  /opt/conda/envs/gdf/lib/libuct.so.0(+0x23a38) [0x7fbde3ad6a38]
 8  /opt/conda/envs/gdf/lib/libuct.so.0(+0x260fc) [0x7fbde3ad90fc]
 9  /opt/conda/envs/gdf/lib/libucs.so.0(ucs_event_set_wait+0xf9) [0x7fbdf80434d9]
10  /opt/conda/envs/gdf/lib/libuct.so.0(uct_tcp_iface_progress+0x7b) [0x7fbde3ad91ab]
11  /opt/conda/envs/gdf/lib/libucp.so.0(ucp_worker_progress+0x6a) [0x7fbde3b48caa]
12  /opt/conda/envs/gdf/lib/python3.9/site-packages/ucp/_libs/ucx_api.cpython-39-x86_64-linux-gnu.so(+0x286e1) [0x7fbde3c0b6e1]
13  /opt/conda/envs/gdf/bin/python(+0x13eb08) [0x5649aea70b08]
14  /opt/conda/envs/gdf/bin/python(_PyEval_EvalFrameDefault+0x5f82) [0x5649aea61112]
15  /opt/conda/envs/gdf/bin/python(+0x12827a) [0x5649aea5a27a]
16  /opt/conda/envs/gdf/bin/python(_PyFunction_Vectorcall+0xd5) [0x5649aea6bc05]
17  /opt/conda/envs/gdf/bin/python(_PyEval_EvalFrameDefault+0x68b) [0x5649aea5b81b]
18  /opt/conda/envs/gdf/bin/python(+0x139ef3) [0x5649aea6bef3]
19  /opt/conda/envs/gdf/bin/python(+0x147a16) [0x5649aea79a16]
20  /opt/conda/envs/gdf/bin/python(+0x2579b1) [0x5649aeb899b1]
21  /opt/conda/envs/gdf/bin/python(+0xe5817) [0x5649aea17817]
22  /opt/conda/envs/gdf/bin/python(+0x130f83) [0x5649aea62f83]
23  /opt/conda/envs/gdf/bin/python(_PyEval_EvalFrameDefault+0x5ba6) [0x5649aea60d36]
24  /opt/conda/envs/gdf/bin/python(+0x139ef3) [0x5649aea6bef3]
25  /opt/conda/envs/gdf/bin/python(_PyEval_EvalFrameDefault+0x68b) [0x5649aea5b81b]
26  /opt/conda/envs/gdf/bin/python(+0x139ef3) [0x5649aea6bef3]
27  /opt/conda/envs/gdf/bin/python(_PyEval_EvalFrameDefault+0x68b) [0x5649aea5b81b]
28  /opt/conda/envs/gdf/bin/python(+0x139ef3) [0x5649aea6bef3]
29  /opt/conda/envs/gdf/bin/python(_PyEval_EvalFrameDefault+0x68b) [0x5649aea5b81b]
30  /opt/conda/envs/gdf/bin/python(+0x139ef3) [0x5649aea6bef3]
31  /opt/conda/envs/gdf/bin/python(_PyEval_EvalFrameDefault+0x68b) [0x5649aea5b81b]
32  /opt/conda/envs/gdf/bin/python(+0x12827a) [0x5649aea5a27a]
33  /opt/conda/envs/gdf/bin/python(_PyFunction_Vectorcall+0xd5) [0x5649aea6bc05]
34  /opt/conda/envs/gdf/bin/python(_PyEval_EvalFrameDefault+0x4e17) [0x5649aea5ffa7]
35  /opt/conda/envs/gdf/bin/python(+0x12827a) [0x5649aea5a27a]
36  /opt/conda/envs/gdf/bin/python(+0x147935) [0x5649aea79935]
37  /opt/conda/envs/gdf/bin/python(PyObject_Call+0xb4) [0x5649aea7a104]
38  /opt/conda/envs/gdf/bin/python(+0x20efc8) [0x5649aeb40fc8]
39  /opt/conda/envs/gdf/bin/python(_PyObject_MakeTpCall+0x2fc) [0x5649aea642bc]
40  /opt/conda/envs/gdf/bin/python(_PyEval_EvalFrameDefault+0x402b) [0x5649aea5f1bb]
41  /opt/conda/envs/gdf/bin/python(+0x139ef3) [0x5649aea6bef3]
42  /opt/conda/envs/gdf/bin/python(+0x147c72) [0x5649aea79c72]
43  /opt/conda/envs/gdf/bin/python(_PyEval_EvalFrameDefault+0x402b) [0x5649aea5f1bb]
44  /opt/conda/envs/gdf/bin/python(+0x139ef3) [0x5649aea6bef3]
45  /opt/conda/envs/gdf/bin/python(_PyEval_EvalFrameDefault+0x68b) [0x5649aea5b81b]
46  /opt/conda/envs/gdf/bin/python(+0x12827a) [0x5649aea5a27a]
47  /opt/conda/envs/gdf/bin/python(_PyFunction_Vectorcall+0xd5) [0x5649aea6bc05]
48  /opt/conda/envs/gdf/bin/python(_PyEval_EvalFrameDefault+0x68b) [0x5649aea5b81b]
49  /opt/conda/envs/gdf/bin/python(+0x139ef3) [0x5649aea6bef3]
50  /opt/conda/envs/gdf/bin/python(_PyEval_EvalFrameDefault+0x3d8) [0x5649aea5b568]
51  /opt/conda/envs/gdf/bin/python(+0x12827a) [0x5649aea5a27a]
52  /opt/conda/envs/gdf/bin/python(_PyFunction_Vectorcall+0xd5) [0x5649aea6bc05]
53  /opt/conda/envs/gdf/bin/python(_PyEval_EvalFrameDefault+0x123b) [0x5649aea5c3cb]
54  /opt/conda/envs/gdf/bin/python(+0x12827a) [0x5649aea5a27a]
55  /opt/conda/envs/gdf/bin/python(_PyEval_EvalCodeWithName+0x47) [0x5649aea59f07]
56  /opt/conda/envs/gdf/bin/python(PyEval_EvalCodeEx+0x39) [0x5649aea59eb9]
57  /opt/conda/envs/gdf/bin/python(PyEval_EvalCode+0x1b) [0x5649aeb0a8bb]
58  /opt/conda/envs/gdf/bin/python(+0x206adc) [0x5649aeb38adc]
59  /opt/conda/envs/gdf/bin/python(+0x202c24) [0x5649aeb34c24]
60  /opt/conda/envs/gdf/bin/python(PyRun_StringFlags+0x9d) [0x5649aeb2c7ed]
61  /opt/conda/envs/gdf/bin/python(PyRun_SimpleStringFlags+0x3d) [0x5649aeb2c6bd]
=================================
[dgx13:79906:0:79906] Caught signal 11 (Segmentation fault: address not mapped to object at address 0x448)
==== backtrace (tid:  79906) ====
 0  /opt/conda/envs/gdf/lib/libucs.so.0(ucs_handle_error+0x2dc) [0x7f8b70fc6dec]
 1  /opt/conda/envs/gdf/lib/libucs.so.0(+0x31fcf) [0x7f8b70fc6fcf]
 2  /opt/conda/envs/gdf/lib/libucs.so.0(+0x32304) [0x7f8b70fc7304]
 3  /usr/lib/x86_64-linux-gnu/libpthread.so.0(+0x14420) [0x7f8c1028c420]
 4  /opt/conda/envs/gdf/lib/libucp.so.0(ucp_mem_type_unpack+0x18) [0x7f8b71056838]
 5  /opt/conda/envs/gdf/lib/libucp.so.0(ucp_rndv_data_handler+0x508) [0x7f8b7108b0d8]
 6  /opt/conda/envs/gdf/lib/libuct.so.0(+0x23457) [0x7f8b70f76457]
 7  /opt/conda/envs/gdf/lib/libuct.so.0(+0x23a38) [0x7f8b70f76a38]
 8  /opt/conda/envs/gdf/lib/libuct.so.0(+0x260fc) [0x7f8b70f790fc]
 9  /opt/conda/envs/gdf/lib/libucs.so.0(ucs_event_set_wait+0xf9) [0x7f8b70fd24d9]
10  /opt/conda/envs/gdf/lib/libuct.so.0(uct_tcp_iface_progress+0x7b) [0x7f8b70f791ab]
11  /opt/conda/envs/gdf/lib/libucp.so.0(ucp_worker_progress+0x6a) [0x7f8b71052caa]
12  /opt/conda/envs/gdf/lib/python3.9/site-packages/ucp/_libs/ucx_api.cpython-39-x86_64-linux-gnu.so(+0x286e1) [0x7f8b711156e1]
13  /opt/conda/envs/gdf/bin/python(+0x13eb08) [0x55fcea07bb08]
14  /opt/conda/envs/gdf/bin/python(_PyEval_EvalFrameDefault+0x5f82) [0x55fcea06c112]
15  /opt/conda/envs/gdf/bin/python(+0x12827a) [0x55fcea06527a]
16  /opt/conda/envs/gdf/bin/python(_PyFunction_Vectorcall+0xd5) [0x55fcea076c05]
17  /opt/conda/envs/gdf/bin/python(_PyEval_EvalFrameDefault+0x68b) [0x55fcea06681b]
18  /opt/conda/envs/gdf/bin/python(+0x139ef3) [0x55fcea076ef3]
19  /opt/conda/envs/gdf/bin/python(+0x147a16) [0x55fcea084a16]
20  /opt/conda/envs/gdf/bin/python(+0x2579b1) [0x55fcea1949b1]
21  /opt/conda/envs/gdf/bin/python(+0xe5817) [0x55fcea022817]
22  /opt/conda/envs/gdf/bin/python(+0x130f83) [0x55fcea06df83]
23  /opt/conda/envs/gdf/bin/python(_PyEval_EvalFrameDefault+0x5ba6) [0x55fcea06bd36]
24  /opt/conda/envs/gdf/bin/python(+0x139ef3) [0x55fcea076ef3]
25  /opt/conda/envs/gdf/bin/python(_PyEval_EvalFrameDefault+0x68b) [0x55fcea06681b]
26  /opt/conda/envs/gdf/bin/python(+0x139ef3) [0x55fcea076ef3]
27  /opt/conda/envs/gdf/bin/python(_PyEval_EvalFrameDefault+0x68b) [0x55fcea06681b]
28  /opt/conda/envs/gdf/bin/python(+0x139ef3) [0x55fcea076ef3]
29  /opt/conda/envs/gdf/bin/python(_PyEval_EvalFrameDefault+0x68b) [0x55fcea06681b]
30  /opt/conda/envs/gdf/bin/python(+0x139ef3) [0x55fcea076ef3]
31  /opt/conda/envs/gdf/bin/python(_PyEval_EvalFrameDefault+0x68b) [0x55fcea06681b]
32  /opt/conda/envs/gdf/bin/python(+0x12827a) [0x55fcea06527a]
33  /opt/conda/envs/gdf/bin/python(_PyFunction_Vectorcall+0xd5) [0x55fcea076c05]
34  /opt/conda/envs/gdf/bin/python(_PyEval_EvalFrameDefault+0x4e17) [0x55fcea06afa7]
35  /opt/conda/envs/gdf/bin/python(+0x12827a) [0x55fcea06527a]
36  /opt/conda/envs/gdf/bin/python(+0x147935) [0x55fcea084935]
37  /opt/conda/envs/gdf/bin/python(PyObject_Call+0xb4) [0x55fcea085104]
38  /opt/conda/envs/gdf/bin/python(+0x20efc8) [0x55fcea14bfc8]
39  /opt/conda/envs/gdf/bin/python(_PyObject_MakeTpCall+0x2fc) [0x55fcea06f2bc]
40  /opt/conda/envs/gdf/bin/python(_PyEval_EvalFrameDefault+0x402b) [0x55fcea06a1bb]
41  /opt/conda/envs/gdf/bin/python(+0x139ef3) [0x55fcea076ef3]
42  /opt/conda/envs/gdf/bin/python(+0x147c72) [0x55fcea084c72]
43  /opt/conda/envs/gdf/bin/python(_PyEval_EvalFrameDefault+0x402b) [0x55fcea06a1bb]
44  /opt/conda/envs/gdf/bin/python(+0x139ef3) [0x55fcea076ef3]
45  /opt/conda/envs/gdf/bin/python(_PyEval_EvalFrameDefault+0x68b) [0x55fcea06681b]
46  /opt/conda/envs/gdf/bin/python(+0x12827a) [0x55fcea06527a]
47  /opt/conda/envs/gdf/bin/python(_PyFunction_Vectorcall+0xd5) [0x55fcea076c05]
48  /opt/conda/envs/gdf/bin/python(_PyEval_EvalFrameDefault+0x68b) [0x55fcea06681b]
49  /opt/conda/envs/gdf/bin/python(+0x139ef3) [0x55fcea076ef3]
50  /opt/conda/envs/gdf/bin/python(_PyEval_EvalFrameDefault+0x3d8) [0x55fcea066568]
51  /opt/conda/envs/gdf/bin/python(+0x12827a) [0x55fcea06527a]
52  /opt/conda/envs/gdf/bin/python(_PyFunction_Vectorcall+0xd5) [0x55fcea076c05]
53  /opt/conda/envs/gdf/bin/python(_PyEval_EvalFrameDefault+0x123b) [0x55fcea0673cb]
54  /opt/conda/envs/gdf/bin/python(+0x12827a) [0x55fcea06527a]
55  /opt/conda/envs/gdf/bin/python(_PyEval_EvalCodeWithName+0x47) [0x55fcea064f07]
56  /opt/conda/envs/gdf/bin/python(PyEval_EvalCodeEx+0x39) [0x55fcea064eb9]
57  /opt/conda/envs/gdf/bin/python(PyEval_EvalCode+0x1b) [0x55fcea1158bb]
58  /opt/conda/envs/gdf/bin/python(+0x206adc) [0x55fcea143adc]
59  /opt/conda/envs/gdf/bin/python(+0x202c24) [0x55fcea13fc24]
60  /opt/conda/envs/gdf/bin/python(PyRun_StringFlags+0x9d) [0x55fcea1377ed]
61  /opt/conda/envs/gdf/bin/python(PyRun_SimpleStringFlags+0x3d) [0x55fcea1376bd]
=================================
2023-04-29 06:05:42,418 - distributed.worker - ERROR - failed during get data with ucx://127.0.0.1:37523 -> ucx://127.0.0.1:42609
Traceback (most recent call last):
  File "/opt/conda/envs/gdf/lib/python3.9/site-packages/distributed/comm/ucx.py", line 333, in write
    await self.ep.send(each_frame)
  File "/opt/conda/envs/gdf/lib/python3.9/site-packages/ucp/core.py", line 650, in send
    return await comm.tag_send(self._ep, buffer, nbytes, tag, name=log)
ucp._libs.exceptions.UCXError: <[Send #007] ep: 0x7f77fd9ec340, tag: 0xf3c131e9a41a306f, nbytes: 100000000, type: <class 'cudf.core.buffer.buffer.Buffer'>>: Connection reset by remote peer

During handling of the above exception, another exception occurred:

Traceback (most recent call last):
  File "/opt/conda/envs/gdf/lib/python3.9/site-packages/distributed/worker.py", line 1792, in get_data
    compressed = await comm.write(msg, serializers=serializers)
  File "/opt/conda/envs/gdf/lib/python3.9/site-packages/distributed/utils.py", line 752, in wrapper
    return await func(*args, **kwargs)
  File "/opt/conda/envs/gdf/lib/python3.9/site-packages/distributed/comm/ucx.py", line 337, in write
    raise CommClosedError("While writing, the connection was closed")
distributed.comm.core.CommClosedError: While writing, the connection was closed
Task exception was never retrieved
future: <Task finished name='Task-980' coro=<_listener_handler_coroutine() done, defined at /opt/conda/envs/gdf/lib/python3.9/site-packages/ucp/core.py:128> exception=UCXError('<stream_send>: Endpoint timeout')>
Traceback (most recent call last):
  File "/opt/conda/envs/gdf/lib/python3.9/site-packages/ucp/core.py", line 143, in _listener_handler_coroutine
    peer_info = await exchange_peer_info(
  File "/opt/conda/envs/gdf/lib/python3.9/site-packages/ucp/core.py", line 51, in exchange_peer_info
    await comm.stream_send(endpoint, my_info_arr, my_info_arr.nbytes)
ucp._libs.exceptions.UCXError: <stream_send>: Endpoint timeout
2023-04-29 06:05:42,421 - distributed.worker - ERROR - Worker stream died during communication: ucx://127.0.0.1:42609
Traceback (most recent call last):
  File "/opt/conda/envs/gdf/lib/python3.9/site-packages/distributed/comm/ucx.py", line 391, in read
    await self.ep.recv(each_frame)
  File "/opt/conda/envs/gdf/lib/python3.9/site-packages/ucp/core.py", line 725, in recv
    ret = await comm.tag_recv(self._ep, buffer, nbytes, tag, name=log)
ucp._libs.exceptions.UCXError: <[Recv #007] ep: 0x7f77fd9ec100, tag: 0xab7be7da0e8cbdf1, nbytes: 100000000, type: <class 'rmm._lib.device_buffer.DeviceBuffer'>>: Connection reset by remote peer

During handling of the above exception, another exception occurred:

Traceback (most recent call last):
  File "/opt/conda/envs/gdf/lib/python3.9/site-packages/distributed/worker.py", line 2066, in gather_dep
    response = await get_data_from_worker(
  File "/opt/conda/envs/gdf/lib/python3.9/site-packages/distributed/worker.py", line 2892, in get_data_from_worker
    response = await send_recv(
  File "/opt/conda/envs/gdf/lib/python3.9/site-packages/distributed/core.py", line 1024, in send_recv
    response = await comm.read(deserializers=deserializers)
  File "/opt/conda/envs/gdf/lib/python3.9/site-packages/distributed/utils.py", line 752, in wrapper
    return await func(*args, **kwargs)
  File "/opt/conda/envs/gdf/lib/python3.9/site-packages/distributed/comm/ucx.py", line 397, in read
    raise CommClosedError(
distributed.comm.core.CommClosedError: Connection closed by writer.
Inner exception: UCXError("<[Recv #007] ep: 0x7f77fd9ec100, tag: 0xab7be7da0e8cbdf1, nbytes: 100000000, type: <class 'rmm._lib.device_buffer.DeviceBuffer'>>: Connection reset by remote peer")
2023-04-29 06:05:42,425 - distributed.worker - ERROR - Worker stream died during communication: ucx://127.0.0.1:42609
Traceback (most recent call last):
  File "/opt/conda/envs/gdf/lib/python3.9/site-packages/distributed/core.py", line 1427, in _connect
    comm = await connect(
  File "/opt/conda/envs/gdf/lib/python3.9/site-packages/distributed/comm/core.py", line 292, in connect
    comm = await wait_for(
  File "/opt/conda/envs/gdf/lib/python3.9/site-packages/distributed/utils.py", line 1849, in wait_for
    return await asyncio.wait_for(fut, timeout)
  File "/opt/conda/envs/gdf/lib/python3.9/asyncio/tasks.py", line 466, in wait_for
    await waiter
asyncio.exceptions.CancelledError

During handling of the above exception, another exception occurred:

Traceback (most recent call last):
  File "/opt/conda/envs/gdf/lib/python3.9/site-packages/distributed/worker.py", line 2066, in gather_dep
    response = await get_data_from_worker(
  File "/opt/conda/envs/gdf/lib/python3.9/site-packages/distributed/worker.py", line 2889, in get_data_from_worker
    comm = await rpc.connect(worker)
  File "/opt/conda/envs/gdf/lib/python3.9/site-packages/distributed/core.py", line 1506, in connect
    return await connect_attempt
  File "/opt/conda/envs/gdf/lib/python3.9/site-packages/distributed/core.py", line 1450, in _connect
    raise CommClosedError(reason)
distributed.comm.core.CommClosedError: Address removed.
2023-04-29 06:05:42,428 - distributed.worker - ERROR - Worker stream died during communication: ucx://127.0.0.1:42609
Traceback (most recent call last):
  File "/opt/conda/envs/gdf/lib/python3.9/site-packages/distributed/comm/ucx.py", line 466, in connect
    ep = await ucp.create_endpoint(ip, port)
  File "/opt/conda/envs/gdf/lib/python3.9/site-packages/ucp/core.py", line 1004, in create_endpoint
    return await _get_ctx().create_endpoint(
  File "/opt/conda/envs/gdf/lib/python3.9/site-packages/ucp/core.py", line 316, in create_endpoint
    peer_info = await exchange_peer_info(
  File "/opt/conda/envs/gdf/lib/python3.9/site-packages/ucp/core.py", line 54, in exchange_peer_info
    await comm.stream_recv(endpoint, peer_info_arr, peer_info_arr.nbytes)
ucp._libs.exceptions.UCXError: <stream_recv>: Connection reset by remote peer

During handling of the above exception, another exception occurred:

Traceback (most recent call last):
  File "/opt/conda/envs/gdf/lib/python3.9/site-packages/distributed/comm/core.py", line 292, in connect
    comm = await wait_for(
  File "/opt/conda/envs/gdf/lib/python3.9/site-packages/distributed/utils.py", line 1849, in wait_for
    return await asyncio.wait_for(fut, timeout)
  File "/opt/conda/envs/gdf/lib/python3.9/asyncio/tasks.py", line 479, in wait_for
    return fut.result()
  File "/opt/conda/envs/gdf/lib/python3.9/site-packages/distributed/comm/ucx.py", line 468, in connect
    raise CommClosedError("Connection closed before handshake completed")
distributed.comm.core.CommClosedError: Connection closed before handshake completed

During handling of the above exception, another exception occurred:

Traceback (most recent call last):
  File "/opt/conda/envs/gdf/lib/python3.9/site-packages/distributed/core.py", line 1427, in _connect
    comm = await connect(
  File "/opt/conda/envs/gdf/lib/python3.9/site-packages/distributed/comm/core.py", line 316, in connect
    await asyncio.sleep(backoff)
  File "/opt/conda/envs/gdf/lib/python3.9/asyncio/tasks.py", line 652, in sleep
    return await future
asyncio.exceptions.CancelledError

During handling of the above exception, another exception occurred:

Traceback (most recent call last):
  File "/opt/conda/envs/gdf/lib/python3.9/site-packages/distributed/worker.py", line 2066, in gather_dep
    response = await get_data_from_worker(
  File "/opt/conda/envs/gdf/lib/python3.9/site-packages/distributed/worker.py", line 2889, in get_data_from_worker
    comm = await rpc.connect(worker)
  File "/opt/conda/envs/gdf/lib/python3.9/site-packages/distributed/core.py", line 1506, in connect
    return await connect_attempt
  File "/opt/conda/envs/gdf/lib/python3.9/site-packages/distributed/core.py", line 1450, in _connect
    raise CommClosedError(reason)
distributed.comm.core.CommClosedError: Address removed.
2023-04-29 06:05:42,425 - distributed.worker - ERROR - Worker stream died during communication: ucx://127.0.0.1:42609
Traceback (most recent call last):
  File "/opt/conda/envs/gdf/lib/python3.9/site-packages/distributed/comm/ucx.py", line 466, in connect
    ep = await ucp.create_endpoint(ip, port)
  File "/opt/conda/envs/gdf/lib/python3.9/site-packages/ucp/core.py", line 1004, in create_endpoint
    return await _get_ctx().create_endpoint(
  File "/opt/conda/envs/gdf/lib/python3.9/site-packages/ucp/core.py", line 316, in create_endpoint
    peer_info = await exchange_peer_info(
  File "/opt/conda/envs/gdf/lib/python3.9/site-packages/ucp/core.py", line 54, in exchange_peer_info
    await comm.stream_recv(endpoint, peer_info_arr, peer_info_arr.nbytes)
ucp._libs.exceptions.UCXError: <stream_recv>: Connection reset by remote peer

During handling of the above exception, another exception occurred:

Traceback (most recent call last):
  File "/opt/conda/envs/gdf/lib/python3.9/site-packages/distributed/comm/core.py", line 292, in connect
    comm = await wait_for(
  File "/opt/conda/envs/gdf/lib/python3.9/site-packages/distributed/utils.py", line 1849, in wait_for
    return await asyncio.wait_for(fut, timeout)
  File "/opt/conda/envs/gdf/lib/python3.9/asyncio/tasks.py", line 479, in wait_for
    return fut.result()
  File "/opt/conda/envs/gdf/lib/python3.9/site-packages/distributed/comm/ucx.py", line 468, in connect
    raise CommClosedError("Connection closed before handshake completed")
distributed.comm.core.CommClosedError: Connection closed before handshake completed

During handling of the above exception, another exception occurred:

Traceback (most recent call last):
  File "/opt/conda/envs/gdf/lib/python3.9/site-packages/distributed/core.py", line 1427, in _connect
    comm = await connect(
  File "/opt/conda/envs/gdf/lib/python3.9/site-packages/distributed/comm/core.py", line 316, in connect
    await asyncio.sleep(backoff)
  File "/opt/conda/envs/gdf/lib/python3.9/asyncio/tasks.py", line 652, in sleep
    return await future
asyncio.exceptions.CancelledError

During handling of the above exception, another exception occurred:

Traceback (most recent call last):
  File "/opt/conda/envs/gdf/lib/python3.9/site-packages/distributed/worker.py", line 2066, in gather_dep
    response = await get_data_from_worker(
  File "/opt/conda/envs/gdf/lib/python3.9/site-packages/distributed/worker.py", line 2889, in get_data_from_worker
    comm = await rpc.connect(worker)
  File "/opt/conda/envs/gdf/lib/python3.9/site-packages/distributed/core.py", line 1506, in connect
    return await connect_attempt
  File "/opt/conda/envs/gdf/lib/python3.9/site-packages/distributed/core.py", line 1450, in _connect
    raise CommClosedError(reason)
distributed.comm.core.CommClosedError: Address removed.
2023-04-29 06:05:42,456 - distributed.worker - ERROR - Worker stream died during communication: ucx://127.0.0.1:39687
Traceback (most recent call last):
  File "/opt/conda/envs/gdf/lib/python3.9/site-packages/distributed/comm/ucx.py", line 391, in read
    await self.ep.recv(each_frame)
  File "/opt/conda/envs/gdf/lib/python3.9/site-packages/ucp/core.py", line 725, in recv
    ret = await comm.tag_recv(self._ep, buffer, nbytes, tag, name=log)
ucp._libs.exceptions.UCXCanceled: <[Recv #008] ep: 0x7f6ba1433200, tag: 0x245882f71a91a21e, nbytes: 100000000, type: <class 'rmm._lib.device_buffer.DeviceBuffer'>>: 

During handling of the above exception, another exception occurred:

Traceback (most recent call last):
  File "/opt/conda/envs/gdf/lib/python3.9/site-packages/distributed/worker.py", line 2066, in gather_dep
    response = await get_data_from_worker(
  File "/opt/conda/envs/gdf/lib/python3.9/site-packages/distributed/worker.py", line 2892, in get_data_from_worker
    response = await send_recv(
  File "/opt/conda/envs/gdf/lib/python3.9/site-packages/distributed/core.py", line 1024, in send_recv
    response = await comm.read(deserializers=deserializers)
  File "/opt/conda/envs/gdf/lib/python3.9/site-packages/distributed/utils.py", line 752, in wrapper
    return await func(*args, **kwargs)
  File "/opt/conda/envs/gdf/lib/python3.9/site-packages/distributed/comm/ucx.py", line 397, in read
    raise CommClosedError(
distributed.comm.core.CommClosedError: Connection closed by writer.
Inner exception: UCXCanceled("<[Recv #008] ep: 0x7f6ba1433200, tag: 0x245882f71a91a21e, nbytes: 100000000, type: <class 'rmm._lib.device_buffer.DeviceBuffer'>>: ")
2023-04-29 06:05:42,456 - distributed.worker - ERROR - Worker stream died during communication: ucx://127.0.0.1:39687
Traceback (most recent call last):
  File "/opt/conda/envs/gdf/lib/python3.9/site-packages/distributed/comm/ucx.py", line 391, in read
    await self.ep.recv(each_frame)
  File "/opt/conda/envs/gdf/lib/python3.9/site-packages/ucp/core.py", line 725, in recv
    ret = await comm.tag_recv(self._ep, buffer, nbytes, tag, name=log)
ucp._libs.exceptions.UCXError: <[Recv #007] ep: 0x7f77fd9ec1c0, tag: 0xff09bc81b1f9d377, nbytes: 100000000, type: <class 'rmm._lib.device_buffer.DeviceBuffer'>>: Connection reset by remote peer

During handling of the above exception, another exception occurred:

Traceback (most recent call last):
  File "/opt/conda/envs/gdf/lib/python3.9/site-packages/distributed/worker.py", line 2066, in gather_dep
    response = await get_data_from_worker(
  File "/opt/conda/envs/gdf/lib/python3.9/site-packages/distributed/worker.py", line 2892, in get_data_from_worker
    response = await send_recv(
  File "/opt/conda/envs/gdf/lib/python3.9/site-packages/distributed/core.py", line 1024, in send_recv
    response = await comm.read(deserializers=deserializers)
  File "/opt/conda/envs/gdf/lib/python3.9/site-packages/distributed/utils.py", line 752, in wrapper
    return await func(*args, **kwargs)
  File "/opt/conda/envs/gdf/lib/python3.9/site-packages/distributed/comm/ucx.py", line 397, in read
    raise CommClosedError(
distributed.comm.core.CommClosedError: Connection closed by writer.
Inner exception: UCXError("<[Recv #007] ep: 0x7f77fd9ec1c0, tag: 0xff09bc81b1f9d377, nbytes: 100000000, type: <class 'rmm._lib.device_buffer.DeviceBuffer'>>: Connection reset by remote peer")
2023-04-29 06:05:42,456 - distributed.worker - ERROR - failed during get data with ucx://127.0.0.1:44307 -> ucx://127.0.0.1:39687
Traceback (most recent call last):
  File "/opt/conda/envs/gdf/lib/python3.9/site-packages/distributed/comm/ucx.py", line 333, in write
    await self.ep.send(each_frame)
  File "/opt/conda/envs/gdf/lib/python3.9/site-packages/ucp/core.py", line 650, in send
    return await comm.tag_send(self._ep, buffer, nbytes, tag, name=log)
ucp._libs.exceptions.UCXError: <[Send #007] ep: 0x7f160757a300, tag: 0x96f1e235682e3ebb, nbytes: 100000000, type: <class 'cudf.core.buffer.buffer.Buffer'>>: Connection reset by remote peer

During handling of the above exception, another exception occurred:

Traceback (most recent call last):
  File "/opt/conda/envs/gdf/lib/python3.9/site-packages/distributed/worker.py", line 1792, in get_data
    compressed = await comm.write(msg, serializers=serializers)
  File "/opt/conda/envs/gdf/lib/python3.9/site-packages/distributed/utils.py", line 752, in wrapper
    return await func(*args, **kwargs)
  File "/opt/conda/envs/gdf/lib/python3.9/site-packages/distributed/comm/ucx.py", line 337, in write
    raise CommClosedError("While writing, the connection was closed")
distributed.comm.core.CommClosedError: While writing, the connection was closed
2023-04-29 06:05:42,457 - distributed.worker - ERROR - Worker stream died during communication: ucx://127.0.0.1:39687
Traceback (most recent call last):
  File "/opt/conda/envs/gdf/lib/python3.9/site-packages/distributed/comm/ucx.py", line 391, in read
    await self.ep.recv(each_frame)
  File "/opt/conda/envs/gdf/lib/python3.9/site-packages/ucp/core.py", line 725, in recv
    ret = await comm.tag_recv(self._ep, buffer, nbytes, tag, name=log)
ucp._libs.exceptions.UCXError: <[Recv #007] ep: 0x7f160757a240, tag: 0xdc05eb6cc93ae621, nbytes: 100000000, type: <class 'rmm._lib.device_buffer.DeviceBuffer'>>: Connection reset by remote peer

During handling of the above exception, another exception occurred:

Traceback (most recent call last):
  File "/opt/conda/envs/gdf/lib/python3.9/site-packages/distributed/worker.py", line 2066, in gather_dep
    response = await get_data_from_worker(
  File "/opt/conda/envs/gdf/lib/python3.9/site-packages/distributed/worker.py", line 2892, in get_data_from_worker
    response = await send_recv(
  File "/opt/conda/envs/gdf/lib/python3.9/site-packages/distributed/core.py", line 1024, in send_recv
    response = await comm.read(deserializers=deserializers)
  File "/opt/conda/envs/gdf/lib/python3.9/site-packages/distributed/utils.py", line 752, in wrapper
    return await func(*args, **kwargs)
  File "/opt/conda/envs/gdf/lib/python3.9/site-packages/distributed/comm/ucx.py", line 397, in read
    raise CommClosedError(
distributed.comm.core.CommClosedError: Connection closed by writer.
Inner exception: UCXError("<[Recv #007] ep: 0x7f160757a240, tag: 0xdc05eb6cc93ae621, nbytes: 100000000, type: <class 'rmm._lib.device_buffer.DeviceBuffer'>>: Connection reset by remote peer")
2023-04-29 06:05:42,467 - distributed.worker - ERROR - Worker stream died during communication: ucx://127.0.0.1:44807
Traceback (most recent call last):
  File "/opt/conda/envs/gdf/lib/python3.9/site-packages/distributed/comm/ucx.py", line 391, in read
    await self.ep.recv(each_frame)
  File "/opt/conda/envs/gdf/lib/python3.9/site-packages/ucp/core.py", line 725, in recv
    ret = await comm.tag_recv(self._ep, buffer, nbytes, tag, name=log)
ucp._libs.exceptions.UCXError: <[Recv #007] ep: 0x7f160757a280, tag: 0x4ec2e03717700f7c, nbytes: 100000000, type: <class 'rmm._lib.device_buffer.DeviceBuffer'>>: Connection reset by remote peer

During handling of the above exception, another exception occurred:

Traceback (most recent call last):
  File "/opt/conda/envs/gdf/lib/python3.9/site-packages/distributed/worker.py", line 2066, in gather_dep
    response = await get_data_from_worker(
  File "/opt/conda/envs/gdf/lib/python3.9/site-packages/distributed/worker.py", line 2892, in get_data_from_worker
    response = await send_recv(
  File "/opt/conda/envs/gdf/lib/python3.9/site-packages/distributed/core.py", line 1024, in send_recv
    response = await comm.read(deserializers=deserializers)
  File "/opt/conda/envs/gdf/lib/python3.9/site-packages/distributed/utils.py", line 752, in wrapper
    return await func(*args, **kwargs)
  File "/opt/conda/envs/gdf/lib/python3.9/site-packages/distributed/comm/ucx.py", line 397, in read
    raise CommClosedError(
distributed.comm.core.CommClosedError: Connection closed by writer.
Inner exception: UCXError("<[Recv #007] ep: 0x7f160757a280, tag: 0x4ec2e03717700f7c, nbytes: 100000000, type: <class 'rmm._lib.device_buffer.DeviceBuffer'>>: Connection reset by remote peer")
2023-04-29 06:05:42,467 - distributed.worker - ERROR - Worker stream died during communication: ucx://127.0.0.1:44807
Traceback (most recent call last):
  File "/opt/conda/envs/gdf/lib/python3.9/site-packages/distributed/comm/ucx.py", line 391, in read
    await self.ep.recv(each_frame)
  File "/opt/conda/envs/gdf/lib/python3.9/site-packages/ucp/core.py", line 725, in recv
    ret = await comm.tag_recv(self._ep, buffer, nbytes, tag, name=log)
ucp._libs.exceptions.UCXCanceled: <[Recv #008] ep: 0x7f77fd9ec140, tag: 0xd5057475e34eb077, nbytes: 100000000, type: <class 'rmm._lib.device_buffer.DeviceBuffer'>>: 

During handling of the above exception, another exception occurred:

Traceback (most recent call last):
  File "/opt/conda/envs/gdf/lib/python3.9/site-packages/distributed/worker.py", line 2066, in gather_dep
    response = await get_data_from_worker(
  File "/opt/conda/envs/gdf/lib/python3.9/site-packages/distributed/worker.py", line 2892, in get_data_from_worker
    response = await send_recv(
  File "/opt/conda/envs/gdf/lib/python3.9/site-packages/distributed/core.py", line 1024, in send_recv
    response = await comm.read(deserializers=deserializers)
  File "/opt/conda/envs/gdf/lib/python3.9/site-packages/distributed/utils.py", line 752, in wrapper
    return await func(*args, **kwargs)
  File "/opt/conda/envs/gdf/lib/python3.9/site-packages/distributed/comm/ucx.py", line 397, in read
    raise CommClosedError(
distributed.comm.core.CommClosedError: Connection closed by writer.
Inner exception: UCXCanceled("<[Recv #008] ep: 0x7f77fd9ec140, tag: 0xd5057475e34eb077, nbytes: 100000000, type: <class 'rmm._lib.device_buffer.DeviceBuffer'>>: ")
2023-04-29 06:05:42,474 - distributed.worker - ERROR - failed during get data with ucx://127.0.0.1:36869 -> ucx://127.0.0.1:39687
Traceback (most recent call last):
  File "/opt/conda/envs/gdf/lib/python3.9/site-packages/distributed/comm/ucx.py", line 333, in write
    await self.ep.send(each_frame)
  File "/opt/conda/envs/gdf/lib/python3.9/site-packages/ucp/core.py", line 650, in send
    return await comm.tag_send(self._ep, buffer, nbytes, tag, name=log)
ucp._libs.exceptions.UCXError: <[Send #007] ep: 0x7fd5f3233380, tag: 0xfcdbf688393ce81f, nbytes: 100000000, type: <class 'cudf.core.buffer.buffer.Buffer'>>: Connection reset by remote peer

During handling of the above exception, another exception occurred:

Traceback (most recent call last):
  File "/opt/conda/envs/gdf/lib/python3.9/site-packages/distributed/worker.py", line 1792, in get_data
    compressed = await comm.write(msg, serializers=serializers)
  File "/opt/conda/envs/gdf/lib/python3.9/site-packages/distributed/utils.py", line 752, in wrapper
    return await func(*args, **kwargs)
  File "/opt/conda/envs/gdf/lib/python3.9/site-packages/distributed/comm/ucx.py", line 337, in write
    raise CommClosedError("While writing, the connection was closed")
distributed.comm.core.CommClosedError: While writing, the connection was closed
2023-04-29 06:05:42,476 - distributed.worker - ERROR - failed during get data with ucx://127.0.0.1:42803 -> ucx://127.0.0.1:44807
Traceback (most recent call last):
  File "/opt/conda/envs/gdf/lib/python3.9/site-packages/distributed/comm/ucx.py", line 333, in write
    await self.ep.send(each_frame)
  File "/opt/conda/envs/gdf/lib/python3.9/site-packages/ucp/core.py", line 650, in send
    return await comm.tag_send(self._ep, buffer, nbytes, tag, name=log)
ucp._libs.exceptions.UCXError: <[Send #007] ep: 0x7f6ba1433440, tag: 0xf3702b947bfeb918, nbytes: 100000000, type: <class 'cudf.core.buffer.buffer.Buffer'>>: Connection reset by remote peer

During handling of the above exception, another exception occurred:

Traceback (most recent call last):
  File "/opt/conda/envs/gdf/lib/python3.9/site-packages/distributed/worker.py", line 1792, in get_data
    compressed = await comm.write(msg, serializers=serializers)
  File "/opt/conda/envs/gdf/lib/python3.9/site-packages/distributed/utils.py", line 752, in wrapper
    return await func(*args, **kwargs)
  File "/opt/conda/envs/gdf/lib/python3.9/site-packages/distributed/comm/ucx.py", line 337, in write
    raise CommClosedError("While writing, the connection was closed")
distributed.comm.core.CommClosedError: While writing, the connection was closed
2023-04-29 06:05:42,492 - distributed.worker - ERROR - failed during get data with ucx://127.0.0.1:36869 -> ucx://127.0.0.1:44807
Traceback (most recent call last):
  File "/opt/conda/envs/gdf/lib/python3.9/site-packages/distributed/comm/ucx.py", line 333, in write
    await self.ep.send(each_frame)
  File "/opt/conda/envs/gdf/lib/python3.9/site-packages/ucp/core.py", line 650, in send
    return await comm.tag_send(self._ep, buffer, nbytes, tag, name=log)
ucp._libs.exceptions.UCXError: <[Send #007] ep: 0x7fd5f3233440, tag: 0xeb6d73e43484bac6, nbytes: 100000000, type: <class 'cudf.core.buffer.buffer.Buffer'>>: Connection reset by remote peer

During handling of the above exception, another exception occurred:

Traceback (most recent call last):
  File "/opt/conda/envs/gdf/lib/python3.9/site-packages/distributed/worker.py", line 1792, in get_data
    compressed = await comm.write(msg, serializers=serializers)
  File "/opt/conda/envs/gdf/lib/python3.9/site-packages/distributed/utils.py", line 752, in wrapper
    return await func(*args, **kwargs)
  File "/opt/conda/envs/gdf/lib/python3.9/site-packages/distributed/comm/ucx.py", line 337, in write
    raise CommClosedError("While writing, the connection was closed")
distributed.comm.core.CommClosedError: While writing, the connection was closed
2023-04-29 06:05:42,493 - distributed.worker - ERROR - Worker stream died during communication: ucx://127.0.0.1:44807
Traceback (most recent call last):
  File "/opt/conda/envs/gdf/lib/python3.9/site-packages/distributed/comm/ucx.py", line 391, in read
    await self.ep.recv(each_frame)
  File "/opt/conda/envs/gdf/lib/python3.9/site-packages/ucp/core.py", line 725, in recv
    ret = await comm.tag_recv(self._ep, buffer, nbytes, tag, name=log)
ucp._libs.exceptions.UCXError: <[Recv #007] ep: 0x7fd5f3233200, tag: 0x2a768c19541c1c70, nbytes: 100000000, type: <class 'rmm._lib.device_buffer.DeviceBuffer'>>: Connection reset by remote peer

During handling of the above exception, another exception occurred:

Traceback (most recent call last):
  File "/opt/conda/envs/gdf/lib/python3.9/site-packages/distributed/worker.py", line 2066, in gather_dep
    response = await get_data_from_worker(
  File "/opt/conda/envs/gdf/lib/python3.9/site-packages/distributed/worker.py", line 2892, in get_data_from_worker
    response = await send_recv(
  File "/opt/conda/envs/gdf/lib/python3.9/site-packages/distributed/core.py", line 1024, in send_recv
    response = await comm.read(deserializers=deserializers)
  File "/opt/conda/envs/gdf/lib/python3.9/site-packages/distributed/utils.py", line 752, in wrapper
    return await func(*args, **kwargs)
  File "/opt/conda/envs/gdf/lib/python3.9/site-packages/distributed/comm/ucx.py", line 397, in read
    raise CommClosedError(
distributed.comm.core.CommClosedError: Connection closed by writer.
Inner exception: UCXError("<[Recv #007] ep: 0x7fd5f3233200, tag: 0x2a768c19541c1c70, nbytes: 100000000, type: <class 'rmm._lib.device_buffer.DeviceBuffer'>>: Connection reset by remote peer")
2023-04-29 06:05:42,499 - distributed.nanny - WARNING - Restarting worker
2023-04-29 06:05:42,492 - distributed.worker - ERROR - Worker stream died during communication: ucx://127.0.0.1:44807
Traceback (most recent call last):
  File "/opt/conda/envs/gdf/lib/python3.9/site-packages/distributed/comm/ucx.py", line 391, in read
    await self.ep.recv(each_frame)
  File "/opt/conda/envs/gdf/lib/python3.9/site-packages/ucp/core.py", line 725, in recv
    ret = await comm.tag_recv(self._ep, buffer, nbytes, tag, name=log)
ucp._libs.exceptions.UCXError: <[Recv #007] ep: 0x7f6ba1433100, tag: 0x6b421b8dd087d2e7, nbytes: 100000000, type: <class 'rmm._lib.device_buffer.DeviceBuffer'>>: Connection reset by remote peer

During handling of the above exception, another exception occurred:

Traceback (most recent call last):
  File "/opt/conda/envs/gdf/lib/python3.9/site-packages/distributed/worker.py", line 2066, in gather_dep
    response = await get_data_from_worker(
  File "/opt/conda/envs/gdf/lib/python3.9/site-packages/distributed/worker.py", line 2892, in get_data_from_worker
    response = await send_recv(
  File "/opt/conda/envs/gdf/lib/python3.9/site-packages/distributed/core.py", line 1024, in send_recv
    response = await comm.read(deserializers=deserializers)
  File "/opt/conda/envs/gdf/lib/python3.9/site-packages/distributed/utils.py", line 752, in wrapper
    return await func(*args, **kwargs)
  File "/opt/conda/envs/gdf/lib/python3.9/site-packages/distributed/comm/ucx.py", line 397, in read
    raise CommClosedError(
distributed.comm.core.CommClosedError: Connection closed by writer.
Inner exception: UCXError("<[Recv #007] ep: 0x7f6ba1433100, tag: 0x6b421b8dd087d2e7, nbytes: 100000000, type: <class 'rmm._lib.device_buffer.DeviceBuffer'>>: Connection reset by remote peer")
[dgx13:79900:0:79900] Caught signal 11 (Segmentation fault: address not mapped to object at address 0x448)
==== backtrace (tid:  79900) ====
 0  /opt/conda/envs/gdf/lib/libucs.so.0(ucs_handle_error+0x2dc) [0x7f6bb405adec]
 1  /opt/conda/envs/gdf/lib/libucs.so.0(+0x31fcf) [0x7f6bb405afcf]
 2  /opt/conda/envs/gdf/lib/libucs.so.0(+0x32304) [0x7f6bb405b304]
 3  /usr/lib/x86_64-linux-gnu/libpthread.so.0(+0x14420) [0x7f6c44a0f420]
 4  /opt/conda/envs/gdf/lib/libucp.so.0(ucp_mem_type_unpack+0x18) [0x7f6ba1768838]
 5  /opt/conda/envs/gdf/lib/libucp.so.0(ucp_rndv_data_handler+0x508) [0x7f6ba179d0d8]
 6  /opt/conda/envs/gdf/lib/libuct.so.0(+0x23457) [0x7f6ba16f2457]
 7  /opt/conda/envs/gdf/lib/libuct.so.0(+0x23a38) [0x7f6ba16f2a38]
 8  /opt/conda/envs/gdf/lib/libuct.so.0(+0x260fc) [0x7f6ba16f50fc]
 9  /opt/conda/envs/gdf/lib/libucs.so.0(ucs_event_set_wait+0xf9) [0x7f6bb40664d9]
10  /opt/conda/envs/gdf/lib/libuct.so.0(uct_tcp_iface_progress+0x7b) [0x7f6ba16f51ab]
11  /opt/conda/envs/gdf/lib/libucp.so.0(ucp_worker_progress+0x6a) [0x7f6ba1764caa]
12  /opt/conda/envs/gdf/lib/python3.9/site-packages/ucp/_libs/ucx_api.cpython-39-x86_64-linux-gnu.so(+0x286e1) [0x7f6bb40bb6e1]
13  /opt/conda/envs/gdf/bin/python(+0x13eb08) [0x555dcb274b08]
14  /opt/conda/envs/gdf/bin/python(_PyEval_EvalFrameDefault+0x5f82) [0x555dcb265112]
15  /opt/conda/envs/gdf/bin/python(+0x12827a) [0x555dcb25e27a]
16  /opt/conda/envs/gdf/bin/python(_PyFunction_Vectorcall+0xd5) [0x555dcb26fc05]
17  /opt/conda/envs/gdf/bin/python(_PyEval_EvalFrameDefault+0x68b) [0x555dcb25f81b]
18  /opt/conda/envs/gdf/bin/python(+0x14e70e) [0x555dcb28470e]
19  /opt/conda/envs/gdf/lib/python3.9/lib-dynload/_asyncio.cpython-39-x86_64-linux-gnu.so(+0x82fe) [0x7f6c3800a2fe]
20  /opt/conda/envs/gdf/bin/python(_PyObject_MakeTpCall+0x2fc) [0x555dcb2682bc]
21  /opt/conda/envs/gdf/bin/python(+0xe5817) [0x555dcb21b817]
22  /opt/conda/envs/gdf/bin/python(+0x130f83) [0x555dcb266f83]
23  /opt/conda/envs/gdf/bin/python(_PyEval_EvalFrameDefault+0x5ba6) [0x555dcb264d36]
24  /opt/conda/envs/gdf/bin/python(+0x139ef3) [0x555dcb26fef3]
25  /opt/conda/envs/gdf/bin/python(_PyEval_EvalFrameDefault+0x68b) [0x555dcb25f81b]
26  /opt/conda/envs/gdf/bin/python(+0x139ef3) [0x555dcb26fef3]
27  /opt/conda/envs/gdf/bin/python(_PyEval_EvalFrameDefault+0x68b) [0x555dcb25f81b]
28  /opt/conda/envs/gdf/bin/python(+0x139ef3) [0x555dcb26fef3]
29  /opt/conda/envs/gdf/bin/python(_PyEval_EvalFrameDefault+0x68b) [0x555dcb25f81b]
30  /opt/conda/envs/gdf/bin/python(+0x139ef3) [0x555dcb26fef3]
31  /opt/conda/envs/gdf/bin/python(_PyEval_EvalFrameDefault+0x68b) [0x555dcb25f81b]
32  /opt/conda/envs/gdf/bin/python(+0x12827a) [0x555dcb25e27a]
33  /opt/conda/envs/gdf/bin/python(_PyFunction_Vectorcall+0xd5) [0x555dcb26fc05]
34  /opt/conda/envs/gdf/bin/python(_PyEval_EvalFrameDefault+0x4e17) [0x555dcb263fa7]
35  /opt/conda/envs/gdf/bin/python(+0x12827a) [0x555dcb25e27a]
36  /opt/conda/envs/gdf/bin/python(+0x147935) [0x555dcb27d935]
37  /opt/conda/envs/gdf/bin/python(PyObject_Call+0xb4) [0x555dcb27e104]
38  /opt/conda/envs/gdf/bin/python(+0x20efc8) [0x555dcb344fc8]
39  /opt/conda/envs/gdf/bin/python(_PyObject_MakeTpCall+0x2fc) [0x555dcb2682bc]
40  /opt/conda/envs/gdf/bin/python(_PyEval_EvalFrameDefault+0x402b) [0x555dcb2631bb]
41  /opt/conda/envs/gdf/bin/python(+0x139ef3) [0x555dcb26fef3]
42  /opt/conda/envs/gdf/bin/python(+0x147c72) [0x555dcb27dc72]
43  /opt/conda/envs/gdf/bin/python(_PyEval_EvalFrameDefault+0x402b) [0x555dcb2631bb]
44  /opt/conda/envs/gdf/bin/python(+0x139ef3) [0x555dcb26fef3]
45  /opt/conda/envs/gdf/bin/python(_PyEval_EvalFrameDefault+0x68b) [0x555dcb25f81b]
46  /opt/conda/envs/gdf/bin/python(+0x12827a) [0x555dcb25e27a]
47  /opt/conda/envs/gdf/bin/python(_PyFunction_Vectorcall+0xd5) [0x555dcb26fc05]
48  /opt/conda/envs/gdf/bin/python(_PyEval_EvalFrameDefault+0x68b) [0x555dcb25f81b]
49  /opt/conda/envs/gdf/bin/python(+0x139ef3) [0x555dcb26fef3]
50  /opt/conda/envs/gdf/bin/python(_PyEval_EvalFrameDefault+0x3d8) [0x555dcb25f568]
51  /opt/conda/envs/gdf/bin/python(+0x12827a) [0x555dcb25e27a]
52  /opt/conda/envs/gdf/bin/python(_PyFunction_Vectorcall+0xd5) [0x555dcb26fc05]
53  /opt/conda/envs/gdf/bin/python(_PyEval_EvalFrameDefault+0x123b) [0x555dcb2603cb]
54  /opt/conda/envs/gdf/bin/python(+0x12827a) [0x555dcb25e27a]
55  /opt/conda/envs/gdf/bin/python(_PyEval_EvalCodeWithName+0x47) [0x555dcb25df07]
56  /opt/conda/envs/gdf/bin/python(PyEval_EvalCodeEx+0x39) [0x555dcb25deb9]
57  /opt/conda/envs/gdf/bin/python(PyEval_EvalCode+0x1b) [0x555dcb30e8bb]
58  /opt/conda/envs/gdf/bin/python(+0x206adc) [0x555dcb33cadc]
59  /opt/conda/envs/gdf/bin/python(+0x202c24) [0x555dcb338c24]
60  /opt/conda/envs/gdf/bin/python(PyRun_StringFlags+0x9d) [0x555dcb3307ed]
61  /opt/conda/envs/gdf/bin/python(PyRun_SimpleStringFlags+0x3d) [0x555dcb3306bd]
=================================
2023-04-29 06:05:42,493 - distributed.worker - ERROR - Worker stream died during communication: ucx://127.0.0.1:39687
Traceback (most recent call last):
  File "/opt/conda/envs/gdf/lib/python3.9/site-packages/distributed/comm/ucx.py", line 349, in read
    await self.ep.recv(msg)
  File "/opt/conda/envs/gdf/lib/python3.9/site-packages/ucp/core.py", line 725, in recv
    ret = await comm.tag_recv(self._ep, buffer, nbytes, tag, name=log)
ucp._libs.exceptions.UCXCanceled: <[Recv #003] ep: 0x7fd5f3233240, tag: 0xe28e162da88f2cff, nbytes: 16, type: <class 'numpy.ndarray'>>: 

During handling of the above exception, another exception occurred:

Traceback (most recent call last):
  File "/opt/conda/envs/gdf/lib/python3.9/site-packages/distributed/worker.py", line 2066, in gather_dep
    response = await get_data_from_worker(
  File "/opt/conda/envs/gdf/lib/python3.9/site-packages/distributed/worker.py", line 2892, in get_data_from_worker
    response = await send_recv(
  File "/opt/conda/envs/gdf/lib/python3.9/site-packages/distributed/core.py", line 1024, in send_recv
    response = await comm.read(deserializers=deserializers)
  File "/opt/conda/envs/gdf/lib/python3.9/site-packages/distributed/utils.py", line 752, in wrapper
    return await func(*args, **kwargs)
  File "/opt/conda/envs/gdf/lib/python3.9/site-packages/distributed/comm/ucx.py", line 367, in read
    raise CommClosedError(
distributed.comm.core.CommClosedError: Connection closed by writer.
Inner exception: UCXCanceled("<[Recv #003] ep: 0x7fd5f3233240, tag: 0xe28e162da88f2cff, nbytes: 16, type: <class 'numpy.ndarray'>>: ")
2023-04-29 06:05:42,570 - distributed.worker - ERROR - Worker stream died during communication: ucx://127.0.0.1:39687
Traceback (most recent call last):
  File "/opt/conda/envs/gdf/lib/python3.9/site-packages/distributed/comm/ucx.py", line 391, in read
    await self.ep.recv(each_frame)
  File "/opt/conda/envs/gdf/lib/python3.9/site-packages/ucp/core.py", line 708, in recv
    self._ep.raise_on_error()
  File "ucp/_libs/ucx_endpoint.pyx", line 353, in ucp._libs.ucx_api.UCXEndpoint.raise_on_error
ucp._libs.exceptions.UCXConnectionReset: Endpoint 0x7ff534f11180 error: Connection reset by remote peer

During handling of the above exception, another exception occurred:

Traceback (most recent call last):
  File "/opt/conda/envs/gdf/lib/python3.9/site-packages/distributed/worker.py", line 2066, in gather_dep
    response = await get_data_from_worker(
  File "/opt/conda/envs/gdf/lib/python3.9/site-packages/distributed/worker.py", line 2892, in get_data_from_worker
    response = await send_recv(
  File "/opt/conda/envs/gdf/lib/python3.9/site-packages/distributed/core.py", line 1024, in send_recv
    response = await comm.read(deserializers=deserializers)
  File "/opt/conda/envs/gdf/lib/python3.9/site-packages/distributed/utils.py", line 752, in wrapper
    return await func(*args, **kwargs)
  File "/opt/conda/envs/gdf/lib/python3.9/site-packages/distributed/comm/ucx.py", line 397, in read
    raise CommClosedError(
distributed.comm.core.CommClosedError: Connection closed by writer.
Inner exception: UCXConnectionReset('Endpoint 0x7ff534f11180 error: Connection reset by remote peer')
2023-04-29 06:05:42,572 - distributed.worker - ERROR - Worker stream died during communication: ucx://127.0.0.1:44807
Traceback (most recent call last):
  File "/opt/conda/envs/gdf/lib/python3.9/site-packages/distributed/comm/ucx.py", line 391, in read
    await self.ep.recv(each_frame)
  File "/opt/conda/envs/gdf/lib/python3.9/site-packages/ucp/core.py", line 708, in recv
    self._ep.raise_on_error()
  File "ucp/_libs/ucx_endpoint.pyx", line 353, in ucp._libs.ucx_api.UCXEndpoint.raise_on_error
ucp._libs.exceptions.UCXConnectionReset: Endpoint 0x7ff534f11140 error: Connection reset by remote peer

During handling of the above exception, another exception occurred:

Traceback (most recent call last):
  File "/opt/conda/envs/gdf/lib/python3.9/site-packages/distributed/worker.py", line 2066, in gather_dep
    response = await get_data_from_worker(
  File "/opt/conda/envs/gdf/lib/python3.9/site-packages/distributed/worker.py", line 2892, in get_data_from_worker
    response = await send_recv(
  File "/opt/conda/envs/gdf/lib/python3.9/site-packages/distributed/core.py", line 1024, in send_recv
    response = await comm.read(deserializers=deserializers)
  File "/opt/conda/envs/gdf/lib/python3.9/site-packages/distributed/utils.py", line 752, in wrapper
    return await func(*args, **kwargs)
  File "/opt/conda/envs/gdf/lib/python3.9/site-packages/distributed/comm/ucx.py", line 397, in read
    raise CommClosedError(
distributed.comm.core.CommClosedError: Connection closed by writer.
Inner exception: UCXConnectionReset('Endpoint 0x7ff534f11140 error: Connection reset by remote peer')
2023-04-29 06:05:42,573 - distributed.nanny - WARNING - Restarting worker
2023-04-29 06:05:42,621 - distributed.nanny - WARNING - Restarting worker
2023-04-29 06:05:42,758 - distributed.worker - ERROR - failed during get data with ucx://127.0.0.1:50373 -> ucx://127.0.0.1:42803
Traceback (most recent call last):
  File "/opt/conda/envs/gdf/lib/python3.9/site-packages/distributed/comm/ucx.py", line 333, in write
    await self.ep.send(each_frame)
  File "/opt/conda/envs/gdf/lib/python3.9/site-packages/ucp/core.py", line 650, in send
    return await comm.tag_send(self._ep, buffer, nbytes, tag, name=log)
ucp._libs.exceptions.UCXError: <[Send #007] ep: 0x7ff534f11440, tag: 0x4b4cda4f50bab4f8, nbytes: 100000000, type: <class 'cudf.core.buffer.buffer.Buffer'>>: Connection reset by remote peer

During handling of the above exception, another exception occurred:

Traceback (most recent call last):
  File "/opt/conda/envs/gdf/lib/python3.9/site-packages/distributed/worker.py", line 1792, in get_data
    compressed = await comm.write(msg, serializers=serializers)
  File "/opt/conda/envs/gdf/lib/python3.9/site-packages/distributed/utils.py", line 752, in wrapper
    return await func(*args, **kwargs)
  File "/opt/conda/envs/gdf/lib/python3.9/site-packages/distributed/comm/ucx.py", line 337, in write
    raise CommClosedError("While writing, the connection was closed")
distributed.comm.core.CommClosedError: While writing, the connection was closed
2023-04-29 06:05:42,759 - distributed.worker - ERROR - Worker stream died during communication: ucx://127.0.0.1:42803
Traceback (most recent call last):
  File "/opt/conda/envs/gdf/lib/python3.9/site-packages/distributed/comm/ucx.py", line 391, in read
    await self.ep.recv(each_frame)
  File "/opt/conda/envs/gdf/lib/python3.9/site-packages/ucp/core.py", line 725, in recv
    ret = await comm.tag_recv(self._ep, buffer, nbytes, tag, name=log)
ucp._libs.exceptions.UCXError: <[Recv #007] ep: 0x7ff534f11100, tag: 0xb1ddc9caba1c1bf0, nbytes: 100000000, type: <class 'rmm._lib.device_buffer.DeviceBuffer'>>: Connection reset by remote peer

During handling of the above exception, another exception occurred:

Traceback (most recent call last):
  File "/opt/conda/envs/gdf/lib/python3.9/site-packages/distributed/worker.py", line 2066, in gather_dep
    response = await get_data_from_worker(
  File "/opt/conda/envs/gdf/lib/python3.9/site-packages/distributed/worker.py", line 2892, in get_data_from_worker
    response = await send_recv(
  File "/opt/conda/envs/gdf/lib/python3.9/site-packages/distributed/core.py", line 1024, in send_recv
    response = await comm.read(deserializers=deserializers)
  File "/opt/conda/envs/gdf/lib/python3.9/site-packages/distributed/utils.py", line 752, in wrapper
    return await func(*args, **kwargs)
  File "/opt/conda/envs/gdf/lib/python3.9/site-packages/distributed/comm/ucx.py", line 397, in read
    raise CommClosedError(
distributed.comm.core.CommClosedError: Connection closed by writer.
Inner exception: UCXError("<[Recv #007] ep: 0x7ff534f11100, tag: 0xb1ddc9caba1c1bf0, nbytes: 100000000, type: <class 'rmm._lib.device_buffer.DeviceBuffer'>>: Connection reset by remote peer")
2023-04-29 06:05:42,760 - distributed.nanny - WARNING - Restarting worker
2023-04-29 06:05:44,025 - distributed.preloading - INFO - Creating preload: dask_cuda.initialize
2023-04-29 06:05:44,026 - distributed.preloading - INFO - Import preload module: dask_cuda.initialize
2023-04-29 06:05:44,097 - distributed.preloading - INFO - Creating preload: dask_cuda.initialize
2023-04-29 06:05:44,098 - distributed.preloading - INFO - Import preload module: dask_cuda.initialize
2023-04-29 06:05:44,145 - distributed.preloading - INFO - Creating preload: dask_cuda.initialize
2023-04-29 06:05:44,145 - distributed.preloading - INFO - Import preload module: dask_cuda.initialize
2023-04-29 06:05:44,271 - distributed.preloading - INFO - Creating preload: dask_cuda.initialize
2023-04-29 06:05:44,271 - distributed.preloading - INFO - Import preload module: dask_cuda.initialize
2023-04-29 06:06:12,053 - distributed.worker - ERROR - Worker stream died during communication: ucx://127.0.0.1:42609
Traceback (most recent call last):
  File "/opt/conda/envs/gdf/lib/python3.9/site-packages/distributed/comm/ucx.py", line 466, in connect
    ep = await ucp.create_endpoint(ip, port)
  File "/opt/conda/envs/gdf/lib/python3.9/site-packages/ucp/core.py", line 1004, in create_endpoint
    return await _get_ctx().create_endpoint(
  File "/opt/conda/envs/gdf/lib/python3.9/site-packages/ucp/core.py", line 316, in create_endpoint
    peer_info = await exchange_peer_info(
  File "/opt/conda/envs/gdf/lib/python3.9/site-packages/ucp/core.py", line 54, in exchange_peer_info
    await comm.stream_recv(endpoint, peer_info_arr, peer_info_arr.nbytes)
asyncio.exceptions.CancelledError

During handling of the above exception, another exception occurred:

Traceback (most recent call last):
  File "/opt/conda/envs/gdf/lib/python3.9/asyncio/tasks.py", line 490, in wait_for
    return fut.result()
asyncio.exceptions.CancelledError

The above exception was the direct cause of the following exception:

Traceback (most recent call last):
  File "/opt/conda/envs/gdf/lib/python3.9/site-packages/distributed/comm/core.py", line 292, in connect
    comm = await wait_for(
  File "/opt/conda/envs/gdf/lib/python3.9/site-packages/distributed/utils.py", line 1849, in wait_for
    return await asyncio.wait_for(fut, timeout)
  File "/opt/conda/envs/gdf/lib/python3.9/asyncio/tasks.py", line 492, in wait_for
    raise exceptions.TimeoutError() from exc
asyncio.exceptions.TimeoutError

The above exception was the direct cause of the following exception:

Traceback (most recent call last):
  File "/opt/conda/envs/gdf/lib/python3.9/site-packages/distributed/worker.py", line 2066, in gather_dep
    response = await get_data_from_worker(
  File "/opt/conda/envs/gdf/lib/python3.9/site-packages/distributed/worker.py", line 2889, in get_data_from_worker
    comm = await rpc.connect(worker)
  File "/opt/conda/envs/gdf/lib/python3.9/site-packages/distributed/core.py", line 1506, in connect
    return await connect_attempt
  File "/opt/conda/envs/gdf/lib/python3.9/site-packages/distributed/core.py", line 1427, in _connect
    comm = await connect(
  File "/opt/conda/envs/gdf/lib/python3.9/site-packages/distributed/comm/core.py", line 318, in connect
    raise OSError(
OSError: Timed out trying to connect to ucx://127.0.0.1:42609 after 30 s
/opt/conda/envs/gdf/lib/python3.9/multiprocessing/resource_tracker.py:216: UserWarning: resource_tracker: There appear to be 48 leaked semaphore objects to clean up at shutdown
  warnings.warn('resource_tracker: There appear to be %d '
