2023-07-19 06:45:24,239 - distributed.preloading - INFO - Creating preload: dask_cuda.initialize
2023-07-19 06:45:24,239 - distributed.preloading - INFO - Import preload module: dask_cuda.initialize
2023-07-19 06:45:24,340 - distributed.preloading - INFO - Creating preload: dask_cuda.initialize
2023-07-19 06:45:24,340 - distributed.preloading - INFO - Import preload module: dask_cuda.initialize
2023-07-19 06:45:24,358 - distributed.preloading - INFO - Creating preload: dask_cuda.initialize
2023-07-19 06:45:24,358 - distributed.preloading - INFO - Import preload module: dask_cuda.initialize
2023-07-19 06:45:24,358 - distributed.preloading - INFO - Creating preload: dask_cuda.initialize
2023-07-19 06:45:24,358 - distributed.preloading - INFO - Import preload module: dask_cuda.initialize
2023-07-19 06:45:24,382 - distributed.preloading - INFO - Creating preload: dask_cuda.initialize
2023-07-19 06:45:24,382 - distributed.preloading - INFO - Import preload module: dask_cuda.initialize
2023-07-19 06:45:24,409 - distributed.preloading - INFO - Creating preload: dask_cuda.initialize
2023-07-19 06:45:24,409 - distributed.preloading - INFO - Import preload module: dask_cuda.initialize
2023-07-19 06:45:24,421 - distributed.preloading - INFO - Creating preload: dask_cuda.initialize
2023-07-19 06:45:24,421 - distributed.preloading - INFO - Import preload module: dask_cuda.initialize
2023-07-19 06:45:24,425 - distributed.preloading - INFO - Creating preload: dask_cuda.initialize
2023-07-19 06:45:24,425 - distributed.preloading - INFO - Import preload module: dask_cuda.initialize
[dgx13:73487:0:73487] Caught signal 11 (Segmentation fault: address not mapped to object at address 0x448)
==== backtrace (tid:  73487) ====
 0  /opt/conda/envs/gdf/lib/libucs.so.0(ucs_handle_error+0x2fd) [0x7fafac14d80d]
 1  /opt/conda/envs/gdf/lib/libucs.so.0(+0x28a04) [0x7fafac14da04]
 2  /opt/conda/envs/gdf/lib/libucs.so.0(+0x28bca) [0x7fafac14dbca]
 3  /usr/lib/x86_64-linux-gnu/libpthread.so.0(+0x14420) [0x7fb03d861420]
 4  /opt/conda/envs/gdf/lib/libucp.so.0(ucp_mem_type_unpack+0x17) [0x7fafac1bf987]
 5  /opt/conda/envs/gdf/lib/libucp.so.0(ucp_rndv_data_handler+0x4e9) [0x7fafac1de549]
 6  /opt/conda/envs/gdf/lib/libuct.so.0(+0x1e9cf) [0x7fafac10a9cf]
 7  /opt/conda/envs/gdf/lib/libuct.so.0(+0x21bf8) [0x7fafac10dbf8]
 8  /opt/conda/envs/gdf/lib/libucs.so.0(ucs_event_set_wait+0xb9) [0x7fafac155df9]
 9  /opt/conda/envs/gdf/lib/libuct.so.0(uct_tcp_iface_progress+0x7d) [0x7fafac10cbbd]
10  /opt/conda/envs/gdf/lib/libucp.so.0(ucp_worker_progress+0x5a) [0x7fafac1bd36a]
11  /opt/conda/envs/gdf/lib/python3.9/site-packages/ucp/_libs/ucx_api.cpython-39-x86_64-linux-gnu.so(+0x2b17a) [0x7fafac25c17a]
12  /opt/conda/envs/gdf/bin/python(+0x13eb08) [0x5619c2da7b08]
13  /opt/conda/envs/gdf/bin/python(_PyEval_EvalFrameDefault+0x5f82) [0x5619c2d98112]
14  /opt/conda/envs/gdf/bin/python(+0x12827a) [0x5619c2d9127a]
15  /opt/conda/envs/gdf/bin/python(_PyFunction_Vectorcall+0xd5) [0x5619c2da2c05]
16  /opt/conda/envs/gdf/bin/python(_PyEval_EvalFrameDefault+0x68b) [0x5619c2d9281b]
17  /opt/conda/envs/gdf/bin/python(+0x139ef3) [0x5619c2da2ef3]
18  /opt/conda/envs/gdf/bin/python(+0x147a16) [0x5619c2db0a16]
19  /opt/conda/envs/gdf/bin/python(+0x2579b1) [0x5619c2ec09b1]
20  /opt/conda/envs/gdf/bin/python(+0xe5817) [0x5619c2d4e817]
21  /opt/conda/envs/gdf/bin/python(+0x130f83) [0x5619c2d99f83]
22  /opt/conda/envs/gdf/bin/python(_PyEval_EvalFrameDefault+0x5ba6) [0x5619c2d97d36]
23  /opt/conda/envs/gdf/bin/python(+0x139ef3) [0x5619c2da2ef3]
24  /opt/conda/envs/gdf/bin/python(_PyEval_EvalFrameDefault+0x68b) [0x5619c2d9281b]
25  /opt/conda/envs/gdf/bin/python(+0x139ef3) [0x5619c2da2ef3]
26  /opt/conda/envs/gdf/bin/python(_PyEval_EvalFrameDefault+0x68b) [0x5619c2d9281b]
27  /opt/conda/envs/gdf/bin/python(+0x139ef3) [0x5619c2da2ef3]
28  /opt/conda/envs/gdf/bin/python(_PyEval_EvalFrameDefault+0x68b) [0x5619c2d9281b]
29  /opt/conda/envs/gdf/bin/python(+0x139ef3) [0x5619c2da2ef3]
30  /opt/conda/envs/gdf/bin/python(_PyEval_EvalFrameDefault+0x68b) [0x5619c2d9281b]
31  /opt/conda/envs/gdf/bin/python(+0x12827a) [0x5619c2d9127a]
32  /opt/conda/envs/gdf/bin/python(_PyFunction_Vectorcall+0xd5) [0x5619c2da2c05]
33  /opt/conda/envs/gdf/bin/python(_PyEval_EvalFrameDefault+0x4e17) [0x5619c2d96fa7]
34  /opt/conda/envs/gdf/bin/python(+0x12827a) [0x5619c2d9127a]
35  /opt/conda/envs/gdf/bin/python(+0x147935) [0x5619c2db0935]
36  /opt/conda/envs/gdf/bin/python(PyObject_Call+0xb4) [0x5619c2db1104]
37  /opt/conda/envs/gdf/bin/python(+0x20efc8) [0x5619c2e77fc8]
38  /opt/conda/envs/gdf/bin/python(_PyObject_MakeTpCall+0x2fc) [0x5619c2d9b2bc]
39  /opt/conda/envs/gdf/bin/python(_PyEval_EvalFrameDefault+0x402b) [0x5619c2d961bb]
40  /opt/conda/envs/gdf/bin/python(+0x139ef3) [0x5619c2da2ef3]
41  /opt/conda/envs/gdf/bin/python(+0x147c72) [0x5619c2db0c72]
42  /opt/conda/envs/gdf/bin/python(_PyEval_EvalFrameDefault+0x402b) [0x5619c2d961bb]
43  /opt/conda/envs/gdf/bin/python(+0x139ef3) [0x5619c2da2ef3]
44  /opt/conda/envs/gdf/bin/python(_PyEval_EvalFrameDefault+0x68b) [0x5619c2d9281b]
45  /opt/conda/envs/gdf/bin/python(+0x12827a) [0x5619c2d9127a]
46  /opt/conda/envs/gdf/bin/python(_PyFunction_Vectorcall+0xd5) [0x5619c2da2c05]
47  /opt/conda/envs/gdf/bin/python(_PyEval_EvalFrameDefault+0x68b) [0x5619c2d9281b]
48  /opt/conda/envs/gdf/bin/python(+0x139ef3) [0x5619c2da2ef3]
49  /opt/conda/envs/gdf/bin/python(_PyEval_EvalFrameDefault+0x3d8) [0x5619c2d92568]
50  /opt/conda/envs/gdf/bin/python(+0x12827a) [0x5619c2d9127a]
51  /opt/conda/envs/gdf/bin/python(_PyFunction_Vectorcall+0xd5) [0x5619c2da2c05]
52  /opt/conda/envs/gdf/bin/python(_PyEval_EvalFrameDefault+0x123b) [0x5619c2d933cb]
53  /opt/conda/envs/gdf/bin/python(+0x12827a) [0x5619c2d9127a]
54  /opt/conda/envs/gdf/bin/python(_PyEval_EvalCodeWithName+0x47) [0x5619c2d90f07]
55  /opt/conda/envs/gdf/bin/python(PyEval_EvalCodeEx+0x39) [0x5619c2d90eb9]
56  /opt/conda/envs/gdf/bin/python(PyEval_EvalCode+0x1b) [0x5619c2e418bb]
57  /opt/conda/envs/gdf/bin/python(+0x206adc) [0x5619c2e6fadc]
58  /opt/conda/envs/gdf/bin/python(+0x202c24) [0x5619c2e6bc24]
59  /opt/conda/envs/gdf/bin/python(PyRun_StringFlags+0x9d) [0x5619c2e637ed]
60  /opt/conda/envs/gdf/bin/python(PyRun_SimpleStringFlags+0x3d) [0x5619c2e636bd]
61  /opt/conda/envs/gdf/bin/python(Py_RunMain+0x262) [0x5619c2e628a2]
=================================
2023-07-19 06:45:32,784 - distributed.worker - ERROR - failed during get data with ucx://127.0.0.1:40779 -> ucx://127.0.0.1:38181
Traceback (most recent call last):
  File "/opt/conda/envs/gdf/lib/python3.9/site-packages/distributed/comm/ucx.py", line 333, in write
    await self.ep.send(each_frame)
  File "/opt/conda/envs/gdf/lib/python3.9/site-packages/ucp/core.py", line 650, in send
    return await comm.tag_send(self._ep, buffer, nbytes, tag, name=log)
ucp._libs.exceptions.UCXError: <[Send #007] ep: 0x7f90c4ccf100, tag: 0x1266c3f54ca8a615, nbytes: 800000000, type: <class 'cudf.core.buffer.buffer.Buffer'>>: Endpoint timeout

During handling of the above exception, another exception occurred:

Traceback (most recent call last):
  File "/opt/conda/envs/gdf/lib/python3.9/site-packages/distributed/worker.py", line 1792, in get_data
    compressed = await comm.write(msg, serializers=serializers)
  File "/opt/conda/envs/gdf/lib/python3.9/site-packages/distributed/utils.py", line 752, in wrapper
    return await func(*args, **kwargs)
  File "/opt/conda/envs/gdf/lib/python3.9/site-packages/distributed/comm/ucx.py", line 337, in write
    raise CommClosedError("While writing, the connection was closed")
distributed.comm.core.CommClosedError: While writing, the connection was closed
2023-07-19 06:45:32,860 - distributed.nanny - WARNING - Restarting worker
[dgx13:73474:0:73474] Caught signal 11 (Segmentation fault: address not mapped to object at address 0x448)
==== backtrace (tid:  73474) ====
 0  /opt/conda/envs/gdf/lib/libucs.so.0(ucs_handle_error+0x2fd) [0x7f6ca87fd80d]
 1  /opt/conda/envs/gdf/lib/libucs.so.0(+0x28a04) [0x7f6ca87fda04]
 2  /opt/conda/envs/gdf/lib/libucs.so.0(+0x28bca) [0x7f6ca87fdbca]
 3  /usr/lib/x86_64-linux-gnu/libpthread.so.0(+0x14420) [0x7f6d39daf420]
 4  /opt/conda/envs/gdf/lib/libucp.so.0(ucp_mem_type_unpack+0x17) [0x7f6ca886f987]
 5  /opt/conda/envs/gdf/lib/libucp.so.0(ucp_rndv_data_handler+0x4e9) [0x7f6ca888e549]
 6  /opt/conda/envs/gdf/lib/libuct.so.0(+0x1e9cf) [0x7f6ca87ba9cf]
 7  /opt/conda/envs/gdf/lib/libuct.so.0(+0x21bf8) [0x7f6ca87bdbf8]
 8  /opt/conda/envs/gdf/lib/libucs.so.0(ucs_event_set_wait+0xb9) [0x7f6ca8805df9]
 9  /opt/conda/envs/gdf/lib/libuct.so.0(uct_tcp_iface_progress+0x7d) [0x7f6ca87bcbbd]
10  /opt/conda/envs/gdf/lib/libucp.so.0(ucp_worker_progress+0x5a) [0x7f6ca886d36a]
11  /opt/conda/envs/gdf/lib/python3.9/site-packages/ucp/_libs/ucx_api.cpython-39-x86_64-linux-gnu.so(+0x2b17a) [0x7f6ca890c17a]
12  /opt/conda/envs/gdf/bin/python(+0x13eb08) [0x5588b0073b08]
13  /opt/conda/envs/gdf/bin/python(_PyEval_EvalFrameDefault+0x5f82) [0x5588b0064112]
14  /opt/conda/envs/gdf/bin/python(+0x12827a) [0x5588b005d27a]
15  /opt/conda/envs/gdf/bin/python(_PyFunction_Vectorcall+0xd5) [0x5588b006ec05]
16  /opt/conda/envs/gdf/bin/python(_PyEval_EvalFrameDefault+0x68b) [0x5588b005e81b]
17  /opt/conda/envs/gdf/bin/python(+0x139ef3) [0x5588b006eef3]
18  /opt/conda/envs/gdf/bin/python(+0x147a16) [0x5588b007ca16]
19  /opt/conda/envs/gdf/bin/python(+0x2579b1) [0x5588b018c9b1]
20  /opt/conda/envs/gdf/bin/python(+0xe5817) [0x5588b001a817]
21  /opt/conda/envs/gdf/bin/python(+0x130f83) [0x5588b0065f83]
22  /opt/conda/envs/gdf/bin/python(_PyEval_EvalFrameDefault+0x5ba6) [0x5588b0063d36]
23  /opt/conda/envs/gdf/bin/python(+0x139ef3) [0x5588b006eef3]
24  /opt/conda/envs/gdf/bin/python(_PyEval_EvalFrameDefault+0x68b) [0x5588b005e81b]
25  /opt/conda/envs/gdf/bin/python(+0x139ef3) [0x5588b006eef3]
26  /opt/conda/envs/gdf/bin/python(_PyEval_EvalFrameDefault+0x68b) [0x5588b005e81b]
27  /opt/conda/envs/gdf/bin/python(+0x139ef3) [0x5588b006eef3]
28  /opt/conda/envs/gdf/bin/python(_PyEval_EvalFrameDefault+0x68b) [0x5588b005e81b]
29  /opt/conda/envs/gdf/bin/python(+0x139ef3) [0x5588b006eef3]
30  /opt/conda/envs/gdf/bin/python(_PyEval_EvalFrameDefault+0x68b) [0x5588b005e81b]
31  /opt/conda/envs/gdf/bin/python(+0x12827a) [0x5588b005d27a]
32  /opt/conda/envs/gdf/bin/python(_PyFunction_Vectorcall+0xd5) [0x5588b006ec05]
33  /opt/conda/envs/gdf/bin/python(_PyEval_EvalFrameDefault+0x4e17) [0x5588b0062fa7]
34  /opt/conda/envs/gdf/bin/python(+0x12827a) [0x5588b005d27a]
35  /opt/conda/envs/gdf/bin/python(+0x147935) [0x5588b007c935]
36  /opt/conda/envs/gdf/bin/python(PyObject_Call+0xb4) [0x5588b007d104]
37  /opt/conda/envs/gdf/bin/python(+0x20efc8) [0x5588b0143fc8]
38  /opt/conda/envs/gdf/bin/python(_PyObject_MakeTpCall+0x2fc) [0x5588b00672bc]
39  /opt/conda/envs/gdf/bin/python(_PyEval_EvalFrameDefault+0x402b) [0x5588b00621bb]
40  /opt/conda/envs/gdf/bin/python(+0x139ef3) [0x5588b006eef3]
41  /opt/conda/envs/gdf/bin/python(+0x147c72) [0x5588b007cc72]
42  /opt/conda/envs/gdf/bin/python(_PyEval_EvalFrameDefault+0x402b) [0x5588b00621bb]
43  /opt/conda/envs/gdf/bin/python(+0x139ef3) [0x5588b006eef3]
44  /opt/conda/envs/gdf/bin/python(_PyEval_EvalFrameDefault+0x68b) [0x5588b005e81b]
45  /opt/conda/envs/gdf/bin/python(+0x12827a) [0x5588b005d27a]
46  /opt/conda/envs/gdf/bin/python(_PyFunction_Vectorcall+0xd5) [0x5588b006ec05]
47  /opt/conda/envs/gdf/bin/python(_PyEval_EvalFrameDefault+0x68b) [0x5588b005e81b]
48  /opt/conda/envs/gdf/bin/python(+0x139ef3) [0x5588b006eef3]
49  /opt/conda/envs/gdf/bin/python(_PyEval_EvalFrameDefault+0x3d8) [0x5588b005e568]
50  /opt/conda/envs/gdf/bin/python(+0x12827a) [0x5588b005d27a]
51  /opt/conda/envs/gdf/bin/python(_PyFunction_Vectorcall+0xd5) [0x5588b006ec05]
52  /opt/conda/envs/gdf/bin/python(_PyEval_EvalFrameDefault+0x123b) [0x5588b005f3cb]
53  /opt/conda/envs/gdf/bin/python(+0x12827a) [0x5588b005d27a]
54  /opt/conda/envs/gdf/bin/python(_PyEval_EvalCodeWithName+0x47) [0x5588b005cf07]
55  /opt/conda/envs/gdf/bin/python(PyEval_EvalCodeEx+0x39) [0x5588b005ceb9]
56  /opt/conda/envs/gdf/bin/python(PyEval_EvalCode+0x1b) [0x5588b010d8bb]
57  /opt/conda/envs/gdf/bin/python(+0x206adc) [0x5588b013badc]
58  /opt/conda/envs/gdf/bin/python(+0x202c24) [0x5588b0137c24]
59  /opt/conda/envs/gdf/bin/python(PyRun_StringFlags+0x9d) [0x5588b012f7ed]
60  /opt/conda/envs/gdf/bin/python(PyRun_SimpleStringFlags+0x3d) [0x5588b012f6bd]
61  /opt/conda/envs/gdf/bin/python(Py_RunMain+0x262) [0x5588b012e8a2]
=================================
2023-07-19 06:45:33,174 - distributed.worker - ERROR - failed during get data with ucx://127.0.0.1:42573 -> ucx://127.0.0.1:47165
Traceback (most recent call last):
  File "/opt/conda/envs/gdf/lib/python3.9/site-packages/distributed/comm/ucx.py", line 333, in write
    await self.ep.send(each_frame)
  File "/opt/conda/envs/gdf/lib/python3.9/site-packages/ucp/core.py", line 650, in send
    return await comm.tag_send(self._ep, buffer, nbytes, tag, name=log)
ucp._libs.exceptions.UCXError: <[Send #007] ep: 0x7fe250d29140, tag: 0xd6f9a6c157dfb701, nbytes: 800000000, type: <class 'cudf.core.buffer.buffer.Buffer'>>: Endpoint timeout

During handling of the above exception, another exception occurred:

Traceback (most recent call last):
  File "/opt/conda/envs/gdf/lib/python3.9/site-packages/distributed/worker.py", line 1792, in get_data
    compressed = await comm.write(msg, serializers=serializers)
  File "/opt/conda/envs/gdf/lib/python3.9/site-packages/distributed/utils.py", line 752, in wrapper
    return await func(*args, **kwargs)
  File "/opt/conda/envs/gdf/lib/python3.9/site-packages/distributed/comm/ucx.py", line 337, in write
    raise CommClosedError("While writing, the connection was closed")
distributed.comm.core.CommClosedError: While writing, the connection was closed
2023-07-19 06:45:33,249 - distributed.nanny - WARNING - Restarting worker
[dgx13:73478:0:73478] Caught signal 11 (Segmentation fault: address not mapped to object at address 0x448)
==== backtrace (tid:  73478) ====
 0  /opt/conda/envs/gdf/lib/libucs.so.0(ucs_handle_error+0x2fd) [0x7f90c57bd80d]
 1  /opt/conda/envs/gdf/lib/libucs.so.0(+0x28a04) [0x7f90c57bda04]
 2  /opt/conda/envs/gdf/lib/libucs.so.0(+0x28bca) [0x7f90c57bdbca]
 3  /usr/lib/x86_64-linux-gnu/libpthread.so.0(+0x14420) [0x7f9168edc420]
 4  /opt/conda/envs/gdf/lib/libucp.so.0(ucp_mem_type_unpack+0x17) [0x7f90c582f987]
 5  /opt/conda/envs/gdf/lib/libucp.so.0(ucp_rndv_data_handler+0x4e9) [0x7f90c584e549]
 6  /opt/conda/envs/gdf/lib/libuct.so.0(+0x1e9cf) [0x7f90c577a9cf]
 7  /opt/conda/envs/gdf/lib/libuct.so.0(+0x21bf8) [0x7f90c577dbf8]
 8  /opt/conda/envs/gdf/lib/libucs.so.0(ucs_event_set_wait+0xb9) [0x7f90c57c5df9]
 9  /opt/conda/envs/gdf/lib/libuct.so.0(uct_tcp_iface_progress+0x7d) [0x7f90c577cbbd]
10  /opt/conda/envs/gdf/lib/libucp.so.0(ucp_worker_progress+0x5a) [0x7f90c582d36a]
11  /opt/conda/envs/gdf/lib/python3.9/site-packages/ucp/_libs/ucx_api.cpython-39-x86_64-linux-gnu.so(+0x2b17a) [0x7f90c58cc17a]
12  /opt/conda/envs/gdf/bin/python(+0x13eb08) [0x560136a99b08]
13  /opt/conda/envs/gdf/bin/python(_PyEval_EvalFrameDefault+0x5f82) [0x560136a8a112]
14  /opt/conda/envs/gdf/bin/python(+0x12827a) [0x560136a8327a]
15  /opt/conda/envs/gdf/bin/python(_PyFunction_Vectorcall+0xd5) [0x560136a94c05]
16  /opt/conda/envs/gdf/bin/python(_PyEval_EvalFrameDefault+0x68b) [0x560136a8481b]
17  /opt/conda/envs/gdf/bin/python(+0x14e70e) [0x560136aa970e]
18  /opt/conda/envs/gdf/lib/python3.9/lib-dynload/_asyncio.cpython-39-x86_64-linux-gnu.so(+0x82fe) [0x7f90e9b752fe]
19  /opt/conda/envs/gdf/bin/python(_PyObject_MakeTpCall+0x2fc) [0x560136a8d2bc]
20  /opt/conda/envs/gdf/bin/python(+0xe5817) [0x560136a40817]
21  /opt/conda/envs/gdf/bin/python(+0x130f83) [0x560136a8bf83]
22  /opt/conda/envs/gdf/bin/python(_PyEval_EvalFrameDefault+0x5ba6) [0x560136a89d36]
23  /opt/conda/envs/gdf/bin/python(+0x139ef3) [0x560136a94ef3]
24  /opt/conda/envs/gdf/bin/python(_PyEval_EvalFrameDefault+0x68b) [0x560136a8481b]
25  /opt/conda/envs/gdf/bin/python(+0x139ef3) [0x560136a94ef3]
26  /opt/conda/envs/gdf/bin/python(_PyEval_EvalFrameDefault+0x68b) [0x560136a8481b]
27  /opt/conda/envs/gdf/bin/python(+0x139ef3) [0x560136a94ef3]
28  /opt/conda/envs/gdf/bin/python(_PyEval_EvalFrameDefault+0x68b) [0x560136a8481b]
29  /opt/conda/envs/gdf/bin/python(+0x139ef3) [0x560136a94ef3]
30  /opt/conda/envs/gdf/bin/python(_PyEval_EvalFrameDefault+0x68b) [0x560136a8481b]
31  /opt/conda/envs/gdf/bin/python(+0x12827a) [0x560136a8327a]
32  /opt/conda/envs/gdf/bin/python(_PyFunction_Vectorcall+0xd5) [0x560136a94c05]
33  /opt/conda/envs/gdf/bin/python(_PyEval_EvalFrameDefault+0x4e17) [0x560136a88fa7]
34  /opt/conda/envs/gdf/bin/python(+0x12827a) [0x560136a8327a]
35  /opt/conda/envs/gdf/bin/python(+0x147935) [0x560136aa2935]
36  /opt/conda/envs/gdf/bin/python(PyObject_Call+0xb4) [0x560136aa3104]
37  /opt/conda/envs/gdf/bin/python(+0x20efc8) [0x560136b69fc8]
38  /opt/conda/envs/gdf/bin/python(_PyObject_MakeTpCall+0x2fc) [0x560136a8d2bc]
39  /opt/conda/envs/gdf/bin/python(_PyEval_EvalFrameDefault+0x402b) [0x560136a881bb]
40  /opt/conda/envs/gdf/bin/python(+0x139ef3) [0x560136a94ef3]
41  /opt/conda/envs/gdf/bin/python(+0x147c72) [0x560136aa2c72]
42  /opt/conda/envs/gdf/bin/python(_PyEval_EvalFrameDefault+0x402b) [0x560136a881bb]
43  /opt/conda/envs/gdf/bin/python(+0x139ef3) [0x560136a94ef3]
44  /opt/conda/envs/gdf/bin/python(_PyEval_EvalFrameDefault+0x68b) [0x560136a8481b]
45  /opt/conda/envs/gdf/bin/python(+0x12827a) [0x560136a8327a]
46  /opt/conda/envs/gdf/bin/python(_PyFunction_Vectorcall+0xd5) [0x560136a94c05]
47  /opt/conda/envs/gdf/bin/python(_PyEval_EvalFrameDefault+0x68b) [0x560136a8481b]
48  /opt/conda/envs/gdf/bin/python(+0x139ef3) [0x560136a94ef3]
49  /opt/conda/envs/gdf/bin/python(_PyEval_EvalFrameDefault+0x3d8) [0x560136a84568]
50  /opt/conda/envs/gdf/bin/python(+0x12827a) [0x560136a8327a]
51  /opt/conda/envs/gdf/bin/python(_PyFunction_Vectorcall+0xd5) [0x560136a94c05]
52  /opt/conda/envs/gdf/bin/python(_PyEval_EvalFrameDefault+0x123b) [0x560136a853cb]
53  /opt/conda/envs/gdf/bin/python(+0x12827a) [0x560136a8327a]
54  /opt/conda/envs/gdf/bin/python(_PyEval_EvalCodeWithName+0x47) [0x560136a82f07]
55  /opt/conda/envs/gdf/bin/python(PyEval_EvalCodeEx+0x39) [0x560136a82eb9]
56  /opt/conda/envs/gdf/bin/python(PyEval_EvalCode+0x1b) [0x560136b338bb]
57  /opt/conda/envs/gdf/bin/python(+0x206adc) [0x560136b61adc]
58  /opt/conda/envs/gdf/bin/python(+0x202c24) [0x560136b5dc24]
59  /opt/conda/envs/gdf/bin/python(PyRun_StringFlags+0x9d) [0x560136b557ed]
60  /opt/conda/envs/gdf/bin/python(PyRun_SimpleStringFlags+0x3d) [0x560136b556bd]
61  /opt/conda/envs/gdf/bin/python(Py_RunMain+0x262) [0x560136b548a2]
=================================
[dgx13:73490:0:73490] Caught signal 11 (Segmentation fault: address not mapped to object at address 0x448)
==== backtrace (tid:  73490) ====
 0  /opt/conda/envs/gdf/lib/libucs.so.0(ucs_handle_error+0x2fd) [0x7fea2cb7f80d]
 1  /opt/conda/envs/gdf/lib/libucs.so.0(+0x28a04) [0x7fea2cb7fa04]
 2  /opt/conda/envs/gdf/lib/libucs.so.0(+0x28bca) [0x7fea2cb7fbca]
 3  /usr/lib/x86_64-linux-gnu/libpthread.so.0(+0x14420) [0x7feabe28a420]
 4  /opt/conda/envs/gdf/lib/libucp.so.0(ucp_mem_type_unpack+0x17) [0x7fea2cbf1987]
 5  /opt/conda/envs/gdf/lib/libucp.so.0(ucp_rndv_data_handler+0x4e9) [0x7fea2cc10549]
 6  /opt/conda/envs/gdf/lib/libuct.so.0(+0x1e9cf) [0x7fea2cb3c9cf]
 7  /opt/conda/envs/gdf/lib/libuct.so.0(+0x21bf8) [0x7fea2cb3fbf8]
 8  /opt/conda/envs/gdf/lib/libucs.so.0(ucs_event_set_wait+0xb9) [0x7fea2cb87df9]
 9  /opt/conda/envs/gdf/lib/libuct.so.0(uct_tcp_iface_progress+0x7d) [0x7fea2cb3ebbd]
10  /opt/conda/envs/gdf/lib/libucp.so.0(ucp_worker_progress+0x5a) [0x7fea2cbef36a]
11  /opt/conda/envs/gdf/lib/python3.9/site-packages/ucp/_libs/ucx_api.cpython-39-x86_64-linux-gnu.so(+0x2b17a) [0x7fea2cc8e17a]
12  /opt/conda/envs/gdf/bin/python(+0x13eb08) [0x56261249bb08]
13  /opt/conda/envs/gdf/bin/python(_PyEval_EvalFrameDefault+0x5f82) [0x56261248c112]
14  /opt/conda/envs/gdf/bin/python(+0x12827a) [0x56261248527a]
15  /opt/conda/envs/gdf/bin/python(_PyFunction_Vectorcall+0xd5) [0x562612496c05]
16  /opt/conda/envs/gdf/bin/python(_PyEval_EvalFrameDefault+0x68b) [0x56261248681b]
17  /opt/conda/envs/gdf/bin/python(+0x139ef3) [0x562612496ef3]
18  /opt/conda/envs/gdf/bin/python(+0x147a16) [0x5626124a4a16]
19  /opt/conda/envs/gdf/bin/python(+0x2579b1) [0x5626125b49b1]
20  /opt/conda/envs/gdf/bin/python(+0xe5817) [0x562612442817]
21  /opt/conda/envs/gdf/bin/python(+0x130f83) [0x56261248df83]
22  /opt/conda/envs/gdf/bin/python(_PyEval_EvalFrameDefault+0x5ba6) [0x56261248bd36]
23  /opt/conda/envs/gdf/bin/python(+0x139ef3) [0x562612496ef3]
24  /opt/conda/envs/gdf/bin/python(_PyEval_EvalFrameDefault+0x68b) [0x56261248681b]
25  /opt/conda/envs/gdf/bin/python(+0x139ef3) [0x562612496ef3]
26  /opt/conda/envs/gdf/bin/python(_PyEval_EvalFrameDefault+0x68b) [0x56261248681b]
27  /opt/conda/envs/gdf/bin/python(+0x139ef3) [0x562612496ef3]
28  /opt/conda/envs/gdf/bin/python(_PyEval_EvalFrameDefault+0x68b) [0x56261248681b]
29  /opt/conda/envs/gdf/bin/python(+0x139ef3) [0x562612496ef3]
30  /opt/conda/envs/gdf/bin/python(_PyEval_EvalFrameDefault+0x68b) [0x56261248681b]
31  /opt/conda/envs/gdf/bin/python(+0x12827a) [0x56261248527a]
32  /opt/conda/envs/gdf/bin/python(_PyFunction_Vectorcall+0xd5) [0x562612496c05]
33  /opt/conda/envs/gdf/bin/python(_PyEval_EvalFrameDefault+0x4e17) [0x56261248afa7]
34  /opt/conda/envs/gdf/bin/python(+0x12827a) [0x56261248527a]
35  /opt/conda/envs/gdf/bin/python(+0x147935) [0x5626124a4935]
36  /opt/conda/envs/gdf/bin/python(PyObject_Call+0xb4) [0x5626124a5104]
37  /opt/conda/envs/gdf/bin/python(+0x20efc8) [0x56261256bfc8]
38  /opt/conda/envs/gdf/bin/python(_PyObject_MakeTpCall+0x2fc) [0x56261248f2bc]
39  /opt/conda/envs/gdf/bin/python(_PyEval_EvalFrameDefault+0x402b) [0x56261248a1bb]
40  /opt/conda/envs/gdf/bin/python(+0x139ef3) [0x562612496ef3]
41  /opt/conda/envs/gdf/bin/python(+0x147c72) [0x5626124a4c72]
42  /opt/conda/envs/gdf/bin/python(_PyEval_EvalFrameDefault+0x402b) [0x56261248a1bb]
43  /opt/conda/envs/gdf/bin/python(+0x139ef3) [0x562612496ef3]
44  /opt/conda/envs/gdf/bin/python(_PyEval_EvalFrameDefault+0x68b) [0x56261248681b]
45  /opt/conda/envs/gdf/bin/python(+0x12827a) [0x56261248527a]
46  /opt/conda/envs/gdf/bin/python(_PyFunction_Vectorcall+0xd5) [0x562612496c05]
47  /opt/conda/envs/gdf/bin/python(_PyEval_EvalFrameDefault+0x68b) [0x56261248681b]
48  /opt/conda/envs/gdf/bin/python(+0x139ef3) [0x562612496ef3]
49  /opt/conda/envs/gdf/bin/python(_PyEval_EvalFrameDefault+0x3d8) [0x562612486568]
50  /opt/conda/envs/gdf/bin/python(+0x12827a) [0x56261248527a]
51  /opt/conda/envs/gdf/bin/python(_PyFunction_Vectorcall+0xd5) [0x562612496c05]
52  /opt/conda/envs/gdf/bin/python(_PyEval_EvalFrameDefault+0x123b) [0x5626124873cb]
53  /opt/conda/envs/gdf/bin/python(+0x12827a) [0x56261248527a]
54  /opt/conda/envs/gdf/bin/python(_PyEval_EvalCodeWithName+0x47) [0x562612484f07]
55  /opt/conda/envs/gdf/bin/python(PyEval_EvalCodeEx+0x39) [0x562612484eb9]
56  /opt/conda/envs/gdf/bin/python(PyEval_EvalCode+0x1b) [0x5626125358bb]
57  /opt/conda/envs/gdf/bin/python(+0x206adc) [0x562612563adc]
58  /opt/conda/envs/gdf/bin/python(+0x202c24) [0x56261255fc24]
59  /opt/conda/envs/gdf/bin/python(PyRun_StringFlags+0x9d) [0x5626125577ed]
60  /opt/conda/envs/gdf/bin/python(PyRun_SimpleStringFlags+0x3d) [0x5626125576bd]
61  /opt/conda/envs/gdf/bin/python(Py_RunMain+0x262) [0x5626125568a2]
=================================
[dgx13:73484:0:73484] Caught signal 11 (Segmentation fault: address not mapped to object at address 0x448)
==== backtrace (tid:  73484) ====
 0  /opt/conda/envs/gdf/lib/libucs.so.0(ucs_handle_error+0x2fd) [0x7fe25182a80d]
 1  /opt/conda/envs/gdf/lib/libucs.so.0(+0x28a04) [0x7fe25182aa04]
 2  /opt/conda/envs/gdf/lib/libucs.so.0(+0x28bca) [0x7fe25182abca]
 3  /usr/lib/x86_64-linux-gnu/libpthread.so.0(+0x14420) [0x7fe2f4f3b420]
 4  /opt/conda/envs/gdf/lib/libucp.so.0(ucp_mem_type_unpack+0x17) [0x7fe25189c987]
 5  /opt/conda/envs/gdf/lib/libucp.so.0(ucp_rndv_data_handler+0x4e9) [0x7fe2518bb549]
 6  /opt/conda/envs/gdf/lib/libuct.so.0(+0x1e9cf) [0x7fe2517e79cf]
 7  /opt/conda/envs/gdf/lib/libuct.so.0(+0x21bf8) [0x7fe2517eabf8]
 8  /opt/conda/envs/gdf/lib/libucs.so.0(ucs_event_set_wait+0xb9) [0x7fe251832df9]
 9  /opt/conda/envs/gdf/lib/libuct.so.0(uct_tcp_iface_progress+0x7d) [0x7fe2517e9bbd]
10  /opt/conda/envs/gdf/lib/libucp.so.0(ucp_worker_progress+0x5a) [0x7fe25189a36a]
11  /opt/conda/envs/gdf/lib/python3.9/site-packages/ucp/_libs/ucx_api.cpython-39-x86_64-linux-gnu.so(+0x2b17a) [0x7fe25193917a]
12  /opt/conda/envs/gdf/bin/python(+0x13eb08) [0x5641ab610b08]
13  /opt/conda/envs/gdf/bin/python(_PyEval_EvalFrameDefault+0x5f82) [0x5641ab601112]
14  /opt/conda/envs/gdf/bin/python(+0x12827a) [0x5641ab5fa27a]
15  /opt/conda/envs/gdf/bin/python(_PyFunction_Vectorcall+0xd5) [0x5641ab60bc05]
16  /opt/conda/envs/gdf/bin/python(_PyEval_EvalFrameDefault+0x68b) [0x5641ab5fb81b]
17  /opt/conda/envs/gdf/bin/python(+0x14e70e) [0x5641ab62070e]
18  /opt/conda/envs/gdf/lib/python3.9/lib-dynload/_asyncio.cpython-39-x86_64-linux-gnu.so(+0x82fe) [0x7fe2e80242fe]
19  /opt/conda/envs/gdf/bin/python(_PyObject_MakeTpCall+0x2fc) [0x5641ab6042bc]
20  /opt/conda/envs/gdf/bin/python(+0xe5817) [0x5641ab5b7817]
21  /opt/conda/envs/gdf/bin/python(+0x130f83) [0x5641ab602f83]
22  /opt/conda/envs/gdf/bin/python(_PyEval_EvalFrameDefault+0x5ba6) [0x5641ab600d36]
23  /opt/conda/envs/gdf/bin/python(+0x139ef3) [0x5641ab60bef3]
24  /opt/conda/envs/gdf/bin/python(_PyEval_EvalFrameDefault+0x68b) [0x5641ab5fb81b]
25  /opt/conda/envs/gdf/bin/python(+0x139ef3) [0x5641ab60bef3]
26  /opt/conda/envs/gdf/bin/python(_PyEval_EvalFrameDefault+0x68b) [0x5641ab5fb81b]
27  /opt/conda/envs/gdf/bin/python(+0x139ef3) [0x5641ab60bef3]
28  /opt/conda/envs/gdf/bin/python(_PyEval_EvalFrameDefault+0x68b) [0x5641ab5fb81b]
29  /opt/conda/envs/gdf/bin/python(+0x139ef3) [0x5641ab60bef3]
30  /opt/conda/envs/gdf/bin/python(_PyEval_EvalFrameDefault+0x68b) [0x5641ab5fb81b]
31  /opt/conda/envs/gdf/bin/python(+0x12827a) [0x5641ab5fa27a]
32  /opt/conda/envs/gdf/bin/python(_PyFunction_Vectorcall+0xd5) [0x5641ab60bc05]
33  /opt/conda/envs/gdf/bin/python(_PyEval_EvalFrameDefault+0x4e17) [0x5641ab5fffa7]
34  /opt/conda/envs/gdf/bin/python(+0x12827a) [0x5641ab5fa27a]
35  /opt/conda/envs/gdf/bin/python(+0x147935) [0x5641ab619935]
36  /opt/conda/envs/gdf/bin/python(PyObject_Call+0xb4) [0x5641ab61a104]
37  /opt/conda/envs/gdf/bin/python(+0x20efc8) [0x5641ab6e0fc8]
38  /opt/conda/envs/gdf/bin/python(_PyObject_MakeTpCall+0x2fc) [0x5641ab6042bc]
39  /opt/conda/envs/gdf/bin/python(_PyEval_EvalFrameDefault+0x402b) [0x5641ab5ff1bb]
40  /opt/conda/envs/gdf/bin/python(+0x139ef3) [0x5641ab60bef3]
41  /opt/conda/envs/gdf/bin/python(+0x147c72) [0x5641ab619c72]
42  /opt/conda/envs/gdf/bin/python(_PyEval_EvalFrameDefault+0x402b) [0x5641ab5ff1bb]
43  /opt/conda/envs/gdf/bin/python(+0x139ef3) [0x5641ab60bef3]
44  /opt/conda/envs/gdf/bin/python(_PyEval_EvalFrameDefault+0x68b) [0x5641ab5fb81b]
45  /opt/conda/envs/gdf/bin/python(+0x12827a) [0x5641ab5fa27a]
46  /opt/conda/envs/gdf/bin/python(_PyFunction_Vectorcall+0xd5) [0x5641ab60bc05]
47  /opt/conda/envs/gdf/bin/python(_PyEval_EvalFrameDefault+0x68b) [0x5641ab5fb81b]
48  /opt/conda/envs/gdf/bin/python(+0x139ef3) [0x5641ab60bef3]
49  /opt/conda/envs/gdf/bin/python(_PyEval_EvalFrameDefault+0x3d8) [0x5641ab5fb568]
50  /opt/conda/envs/gdf/bin/python(+0x12827a) [0x5641ab5fa27a]
51  /opt/conda/envs/gdf/bin/python(_PyFunction_Vectorcall+0xd5) [0x5641ab60bc05]
52  /opt/conda/envs/gdf/bin/python(_PyEval_EvalFrameDefault+0x123b) [0x5641ab5fc3cb]
53  /opt/conda/envs/gdf/bin/python(+0x12827a) [0x5641ab5fa27a]
54  /opt/conda/envs/gdf/bin/python(_PyEval_EvalCodeWithName+0x47) [0x5641ab5f9f07]
55  /opt/conda/envs/gdf/bin/python(PyEval_EvalCodeEx+0x39) [0x5641ab5f9eb9]
56  /opt/conda/envs/gdf/bin/python(PyEval_EvalCode+0x1b) [0x5641ab6aa8bb]
57  /opt/conda/envs/gdf/bin/python(+0x206adc) [0x5641ab6d8adc]
58  /opt/conda/envs/gdf/bin/python(+0x202c24) [0x5641ab6d4c24]
59  /opt/conda/envs/gdf/bin/python(PyRun_StringFlags+0x9d) [0x5641ab6cc7ed]
60  /opt/conda/envs/gdf/bin/python(PyRun_SimpleStringFlags+0x3d) [0x5641ab6cc6bd]
61  /opt/conda/envs/gdf/bin/python(Py_RunMain+0x262) [0x5641ab6cb8a2]
=================================
[dgx13:73470:0:73470] Caught signal 11 (Segmentation fault: address not mapped to object at address 0x448)
==== backtrace (tid:  73470) ====
 0  /opt/conda/envs/gdf/lib/libucs.so.0(ucs_handle_error+0x2fd) [0x7fcfcc72580d]
 1  /opt/conda/envs/gdf/lib/libucs.so.0(+0x28a04) [0x7fcfcc725a04]
 2  /opt/conda/envs/gdf/lib/libucs.so.0(+0x28bca) [0x7fcfcc725bca]
 3  /usr/lib/x86_64-linux-gnu/libpthread.so.0(+0x14420) [0x7fd06be30420]
 4  /opt/conda/envs/gdf/lib/libucp.so.0(ucp_mem_type_unpack+0x17) [0x7fcfcc797987]
 5  /opt/conda/envs/gdf/lib/libucp.so.0(ucp_rndv_data_handler+0x4e9) [0x7fcfcc7b6549]
 6  /opt/conda/envs/gdf/lib/libuct.so.0(+0x1e9cf) [0x7fcfcc6e29cf]
 7  /opt/conda/envs/gdf/lib/libuct.so.0(+0x21bf8) [0x7fcfcc6e5bf8]
 8  /opt/conda/envs/gdf/lib/libucs.so.0(ucs_event_set_wait+0xb9) [0x7fcfcc72ddf9]
 9  /opt/conda/envs/gdf/lib/libuct.so.0(uct_tcp_iface_progress+0x7d) [0x7fcfcc6e4bbd]
10  /opt/conda/envs/gdf/lib/libucp.so.0(ucp_worker_progress+0x5a) [0x7fcfcc79536a]
11  /opt/conda/envs/gdf/lib/python3.9/site-packages/ucp/_libs/ucx_api.cpython-39-x86_64-linux-gnu.so(+0x2b17a) [0x7fcfcc83417a]
12  /opt/conda/envs/gdf/bin/python(+0x13eb08) [0x560baa3a5b08]
13  /opt/conda/envs/gdf/bin/python(_PyEval_EvalFrameDefault+0x5f82) [0x560baa396112]
14  /opt/conda/envs/gdf/bin/python(+0x12827a) [0x560baa38f27a]
15  /opt/conda/envs/gdf/bin/python(_PyFunction_Vectorcall+0xd5) [0x560baa3a0c05]
16  /opt/conda/envs/gdf/bin/python(_PyEval_EvalFrameDefault+0x68b) [0x560baa39081b]
17  /opt/conda/envs/gdf/bin/python(+0x139ef3) [0x560baa3a0ef3]
18  /opt/conda/envs/gdf/bin/python(+0x147a16) [0x560baa3aea16]
19  /opt/conda/envs/gdf/bin/python(+0x2579b1) [0x560baa4be9b1]
20  /opt/conda/envs/gdf/bin/python(+0xe5817) [0x560baa34c817]
21  /opt/conda/envs/gdf/bin/python(+0x130f83) [0x560baa397f83]
22  /opt/conda/envs/gdf/bin/python(_PyEval_EvalFrameDefault+0x5ba6) [0x560baa395d36]
23  /opt/conda/envs/gdf/bin/python(+0x139ef3) [0x560baa3a0ef3]
24  /opt/conda/envs/gdf/bin/python(_PyEval_EvalFrameDefault+0x68b) [0x560baa39081b]
25  /opt/conda/envs/gdf/bin/python(+0x139ef3) [0x560baa3a0ef3]
26  /opt/conda/envs/gdf/bin/python(_PyEval_EvalFrameDefault+0x68b) [0x560baa39081b]
27  /opt/conda/envs/gdf/bin/python(+0x139ef3) [0x560baa3a0ef3]
28  /opt/conda/envs/gdf/bin/python(_PyEval_EvalFrameDefault+0x68b) [0x560baa39081b]
29  /opt/conda/envs/gdf/bin/python(+0x139ef3) [0x560baa3a0ef3]
30  /opt/conda/envs/gdf/bin/python(_PyEval_EvalFrameDefault+0x68b) [0x560baa39081b]
31  /opt/conda/envs/gdf/bin/python(+0x12827a) [0x560baa38f27a]
32  /opt/conda/envs/gdf/bin/python(_PyFunction_Vectorcall+0xd5) [0x560baa3a0c05]
33  /opt/conda/envs/gdf/bin/python(_PyEval_EvalFrameDefault+0x4e17) [0x560baa394fa7]
34  /opt/conda/envs/gdf/bin/python(+0x12827a) [0x560baa38f27a]
35  /opt/conda/envs/gdf/bin/python(+0x147935) [0x560baa3ae935]
36  /opt/conda/envs/gdf/bin/python(PyObject_Call+0xb4) [0x560baa3af104]
37  /opt/conda/envs/gdf/bin/python(+0x20efc8) [0x560baa475fc8]
38  /opt/conda/envs/gdf/bin/python(_PyObject_MakeTpCall+0x2fc) [0x560baa3992bc]
39  /opt/conda/envs/gdf/bin/python(_PyEval_EvalFrameDefault+0x402b) [0x560baa3941bb]
40  /opt/conda/envs/gdf/bin/python(+0x139ef3) [0x560baa3a0ef3]
41  /opt/conda/envs/gdf/bin/python(+0x147c72) [0x560baa3aec72]
42  /opt/conda/envs/gdf/bin/python(_PyEval_EvalFrameDefault+0x402b) [0x560baa3941bb]
43  /opt/conda/envs/gdf/bin/python(+0x139ef3) [0x560baa3a0ef3]
44  /opt/conda/envs/gdf/bin/python(_PyEval_EvalFrameDefault+0x68b) [0x560baa39081b]
45  /opt/conda/envs/gdf/bin/python(+0x12827a) [0x560baa38f27a]
46  /opt/conda/envs/gdf/bin/python(_PyFunction_Vectorcall+0xd5) [0x560baa3a0c05]
47  /opt/conda/envs/gdf/bin/python(_PyEval_EvalFrameDefault+0x68b) [0x560baa39081b]
48  /opt/conda/envs/gdf/bin/python(+0x139ef3) [0x560baa3a0ef3]
49  /opt/conda/envs/gdf/bin/python(_PyEval_EvalFrameDefault+0x3d8) [0x560baa390568]
50  /opt/conda/envs/gdf/bin/python(+0x12827a) [0x560baa38f27a]
51  /opt/conda/envs/gdf/bin/python(_PyFunction_Vectorcall+0xd5) [0x560baa3a0c05]
52  /opt/conda/envs/gdf/bin/python(_PyEval_EvalFrameDefault+0x123b) [0x560baa3913cb]
53  /opt/conda/envs/gdf/bin/python(+0x12827a) [0x560baa38f27a]
54  /opt/conda/envs/gdf/bin/python(_PyEval_EvalCodeWithName+0x47) [0x560baa38ef07]
55  /opt/conda/envs/gdf/bin/python(PyEval_EvalCodeEx+0x39) [0x560baa38eeb9]
56  /opt/conda/envs/gdf/bin/python(PyEval_EvalCode+0x1b) [0x560baa43f8bb]
57  /opt/conda/envs/gdf/bin/python(+0x206adc) [0x560baa46dadc]
58  /opt/conda/envs/gdf/bin/python(+0x202c24) [0x560baa469c24]
59  /opt/conda/envs/gdf/bin/python(PyRun_StringFlags+0x9d) [0x560baa4617ed]
60  /opt/conda/envs/gdf/bin/python(PyRun_SimpleStringFlags+0x3d) [0x560baa4616bd]
61  /opt/conda/envs/gdf/bin/python(Py_RunMain+0x262) [0x560baa4608a2]
=================================
2023-07-19 06:45:33,766 - distributed.worker - ERROR - failed during get data with ucx://127.0.0.1:57921 -> ucx://127.0.0.1:40779
Traceback (most recent call last):
  File "/opt/conda/envs/gdf/lib/python3.9/site-packages/distributed/comm/ucx.py", line 333, in write
    await self.ep.send(each_frame)
  File "/opt/conda/envs/gdf/lib/python3.9/site-packages/ucp/core.py", line 650, in send
    return await comm.tag_send(self._ep, buffer, nbytes, tag, name=log)
ucp._libs.exceptions.UCXError: <[Send #007] ep: 0x7fc3614af2c0, tag: 0xddcabf65ad60a0df, nbytes: 100000000, type: <class 'cudf.core.buffer.buffer.Buffer'>>: Endpoint timeout

During handling of the above exception, another exception occurred:

Traceback (most recent call last):
  File "/opt/conda/envs/gdf/lib/python3.9/site-packages/distributed/worker.py", line 1792, in get_data
    compressed = await comm.write(msg, serializers=serializers)
  File "/opt/conda/envs/gdf/lib/python3.9/site-packages/distributed/utils.py", line 752, in wrapper
    return await func(*args, **kwargs)
  File "/opt/conda/envs/gdf/lib/python3.9/site-packages/distributed/comm/ucx.py", line 337, in write
    raise CommClosedError("While writing, the connection was closed")
distributed.comm.core.CommClosedError: While writing, the connection was closed
2023-07-19 06:45:33,767 - distributed.worker - ERROR - Worker stream died during communication: ucx://127.0.0.1:40779
Traceback (most recent call last):
  File "/opt/conda/envs/gdf/lib/python3.9/site-packages/distributed/comm/ucx.py", line 349, in read
    await self.ep.recv(msg)
  File "/opt/conda/envs/gdf/lib/python3.9/site-packages/ucp/core.py", line 725, in recv
    ret = await comm.tag_recv(self._ep, buffer, nbytes, tag, name=log)
ucp._libs.exceptions.UCXCanceled: <[Recv #003] ep: 0x7fc3614af200, tag: 0xac4af16f6bac3, nbytes: 16, type: <class 'numpy.ndarray'>>: 

During handling of the above exception, another exception occurred:

Traceback (most recent call last):
  File "/opt/conda/envs/gdf/lib/python3.9/site-packages/distributed/worker.py", line 2066, in gather_dep
    response = await get_data_from_worker(
  File "/opt/conda/envs/gdf/lib/python3.9/site-packages/distributed/worker.py", line 2892, in get_data_from_worker
    response = await send_recv(
  File "/opt/conda/envs/gdf/lib/python3.9/site-packages/distributed/core.py", line 1024, in send_recv
    response = await comm.read(deserializers=deserializers)
  File "/opt/conda/envs/gdf/lib/python3.9/site-packages/distributed/utils.py", line 752, in wrapper
    return await func(*args, **kwargs)
  File "/opt/conda/envs/gdf/lib/python3.9/site-packages/distributed/comm/ucx.py", line 367, in read
    raise CommClosedError(
distributed.comm.core.CommClosedError: Connection closed by writer.
Inner exception: UCXCanceled("<[Recv #003] ep: 0x7fc3614af200, tag: 0xac4af16f6bac3, nbytes: 16, type: <class 'numpy.ndarray'>>: ")
2023-07-19 06:45:33,775 - distributed.worker - ERROR - Worker stream died during communication: ucx://127.0.0.1:37901
Traceback (most recent call last):
  File "/opt/conda/envs/gdf/lib/python3.9/site-packages/distributed/comm/ucx.py", line 349, in read
    await self.ep.recv(msg)
  File "/opt/conda/envs/gdf/lib/python3.9/site-packages/ucp/core.py", line 725, in recv
    ret = await comm.tag_recv(self._ep, buffer, nbytes, tag, name=log)
ucp._libs.exceptions.UCXCanceled: <[Recv #003] ep: 0x7fc3614af1c0, tag: 0xf39f7720c9e865b2, nbytes: 16, type: <class 'numpy.ndarray'>>: 

During handling of the above exception, another exception occurred:

Traceback (most recent call last):
  File "/opt/conda/envs/gdf/lib/python3.9/site-packages/distributed/worker.py", line 2066, in gather_dep
    response = await get_data_from_worker(
  File "/opt/conda/envs/gdf/lib/python3.9/site-packages/distributed/worker.py", line 2892, in get_data_from_worker
    response = await send_recv(
  File "/opt/conda/envs/gdf/lib/python3.9/site-packages/distributed/core.py", line 1024, in send_recv
    response = await comm.read(deserializers=deserializers)
  File "/opt/conda/envs/gdf/lib/python3.9/site-packages/distributed/utils.py", line 752, in wrapper
    return await func(*args, **kwargs)
  File "/opt/conda/envs/gdf/lib/python3.9/site-packages/distributed/comm/ucx.py", line 367, in read
    raise CommClosedError(
distributed.comm.core.CommClosedError: Connection closed by writer.
Inner exception: UCXCanceled("<[Recv #003] ep: 0x7fc3614af1c0, tag: 0xf39f7720c9e865b2, nbytes: 16, type: <class 'numpy.ndarray'>>: ")
2023-07-19 06:45:33,779 - distributed.worker - ERROR - Worker stream died during communication: ucx://127.0.0.1:42573
Traceback (most recent call last):
  File "/opt/conda/envs/gdf/lib/python3.9/site-packages/distributed/comm/ucx.py", line 391, in read
    await self.ep.recv(each_frame)
  File "/opt/conda/envs/gdf/lib/python3.9/site-packages/ucp/core.py", line 725, in recv
    ret = await comm.tag_recv(self._ep, buffer, nbytes, tag, name=log)
ucp._libs.exceptions.UCXCanceled: <[Recv #008] ep: 0x7fc3614af180, tag: 0xfd635262b31c2d54, nbytes: 100000000, type: <class 'rmm._lib.device_buffer.DeviceBuffer'>>: 

During handling of the above exception, another exception occurred:

Traceback (most recent call last):
  File "/opt/conda/envs/gdf/lib/python3.9/site-packages/distributed/worker.py", line 2066, in gather_dep
    response = await get_data_from_worker(
  File "/opt/conda/envs/gdf/lib/python3.9/site-packages/distributed/worker.py", line 2892, in get_data_from_worker
    response = await send_recv(
  File "/opt/conda/envs/gdf/lib/python3.9/site-packages/distributed/core.py", line 1024, in send_recv
    response = await comm.read(deserializers=deserializers)
  File "/opt/conda/envs/gdf/lib/python3.9/site-packages/distributed/utils.py", line 752, in wrapper
    return await func(*args, **kwargs)
  File "/opt/conda/envs/gdf/lib/python3.9/site-packages/distributed/comm/ucx.py", line 397, in read
    raise CommClosedError(
distributed.comm.core.CommClosedError: Connection closed by writer.
Inner exception: UCXCanceled("<[Recv #008] ep: 0x7fc3614af180, tag: 0xfd635262b31c2d54, nbytes: 100000000, type: <class 'rmm._lib.device_buffer.DeviceBuffer'>>: ")
2023-07-19 06:45:33,803 - distributed.worker - ERROR - failed during get data with ucx://127.0.0.1:57921 -> ucx://127.0.0.1:59271
Traceback (most recent call last):
  File "/opt/conda/envs/gdf/lib/python3.9/site-packages/distributed/comm/ucx.py", line 333, in write
    await self.ep.send(each_frame)
  File "/opt/conda/envs/gdf/lib/python3.9/site-packages/ucp/core.py", line 650, in send
    return await comm.tag_send(self._ep, buffer, nbytes, tag, name=log)
ucp._libs.exceptions.UCXError: <[Send #007] ep: 0x7fc3614af280, tag: 0x962769f482f00f25, nbytes: 100000000, type: <class 'cudf.core.buffer.buffer.Buffer'>>: Endpoint timeout

During handling of the above exception, another exception occurred:

Traceback (most recent call last):
  File "/opt/conda/envs/gdf/lib/python3.9/site-packages/distributed/worker.py", line 1792, in get_data
    compressed = await comm.write(msg, serializers=serializers)
  File "/opt/conda/envs/gdf/lib/python3.9/site-packages/distributed/utils.py", line 752, in wrapper
    return await func(*args, **kwargs)
  File "/opt/conda/envs/gdf/lib/python3.9/site-packages/distributed/comm/ucx.py", line 337, in write
    raise CommClosedError("While writing, the connection was closed")
distributed.comm.core.CommClosedError: While writing, the connection was closed
2023-07-19 06:45:33,819 - distributed.worker - ERROR - Worker stream died during communication: ucx://127.0.0.1:59271
Traceback (most recent call last):
  File "/opt/conda/envs/gdf/lib/python3.9/site-packages/distributed/comm/ucx.py", line 349, in read
    await self.ep.recv(msg)
  File "/opt/conda/envs/gdf/lib/python3.9/site-packages/ucp/core.py", line 725, in recv
    ret = await comm.tag_recv(self._ep, buffer, nbytes, tag, name=log)
ucp._libs.exceptions.UCXCanceled: <[Recv #003] ep: 0x7fc3614af140, tag: 0x9b967d42583fe63, nbytes: 16, type: <class 'numpy.ndarray'>>: 

During handling of the above exception, another exception occurred:

Traceback (most recent call last):
  File "/opt/conda/envs/gdf/lib/python3.9/site-packages/distributed/worker.py", line 2066, in gather_dep
    response = await get_data_from_worker(
  File "/opt/conda/envs/gdf/lib/python3.9/site-packages/distributed/worker.py", line 2892, in get_data_from_worker
    response = await send_recv(
  File "/opt/conda/envs/gdf/lib/python3.9/site-packages/distributed/core.py", line 1024, in send_recv
    response = await comm.read(deserializers=deserializers)
  File "/opt/conda/envs/gdf/lib/python3.9/site-packages/distributed/utils.py", line 752, in wrapper
    return await func(*args, **kwargs)
  File "/opt/conda/envs/gdf/lib/python3.9/site-packages/distributed/comm/ucx.py", line 367, in read
    raise CommClosedError(
distributed.comm.core.CommClosedError: Connection closed by writer.
Inner exception: UCXCanceled("<[Recv #003] ep: 0x7fc3614af140, tag: 0x9b967d42583fe63, nbytes: 16, type: <class 'numpy.ndarray'>>: ")
2023-07-19 06:45:33,867 - distributed.nanny - WARNING - Restarting worker
2023-07-19 06:45:33,886 - distributed.worker - ERROR - failed during get data with ucx://127.0.0.1:39021 -> ucx://127.0.0.1:42573
Traceback (most recent call last):
  File "/opt/conda/envs/gdf/lib/python3.9/site-packages/distributed/comm/ucx.py", line 333, in write
    await self.ep.send(each_frame)
  File "/opt/conda/envs/gdf/lib/python3.9/site-packages/ucp/core.py", line 650, in send
    return await comm.tag_send(self._ep, buffer, nbytes, tag, name=log)
ucp._libs.exceptions.UCXError: <[Send #007] ep: 0x7f0508045200, tag: 0x18251e666cc074d0, nbytes: 100000000, type: <class 'cudf.core.buffer.buffer.Buffer'>>: Endpoint timeout

During handling of the above exception, another exception occurred:

Traceback (most recent call last):
  File "/opt/conda/envs/gdf/lib/python3.9/site-packages/distributed/worker.py", line 1792, in get_data
    compressed = await comm.write(msg, serializers=serializers)
  File "/opt/conda/envs/gdf/lib/python3.9/site-packages/distributed/utils.py", line 752, in wrapper
    return await func(*args, **kwargs)
  File "/opt/conda/envs/gdf/lib/python3.9/site-packages/distributed/comm/ucx.py", line 337, in write
    raise CommClosedError("While writing, the connection was closed")
distributed.comm.core.CommClosedError: While writing, the connection was closed
2023-07-19 06:45:33,889 - distributed.worker - ERROR - Worker stream died during communication: ucx://127.0.0.1:42573
Traceback (most recent call last):
  File "/opt/conda/envs/gdf/lib/python3.9/site-packages/distributed/comm/ucx.py", line 349, in read
    await self.ep.recv(msg)
  File "/opt/conda/envs/gdf/lib/python3.9/site-packages/ucp/core.py", line 725, in recv
    ret = await comm.tag_recv(self._ep, buffer, nbytes, tag, name=log)
ucp._libs.exceptions.UCXCanceled: <[Recv #003] ep: 0x7f0508045280, tag: 0x4722e78e27a9a692, nbytes: 16, type: <class 'numpy.ndarray'>>: 

During handling of the above exception, another exception occurred:

Traceback (most recent call last):
  File "/opt/conda/envs/gdf/lib/python3.9/site-packages/distributed/worker.py", line 2066, in gather_dep
    response = await get_data_from_worker(
  File "/opt/conda/envs/gdf/lib/python3.9/site-packages/distributed/worker.py", line 2892, in get_data_from_worker
    response = await send_recv(
  File "/opt/conda/envs/gdf/lib/python3.9/site-packages/distributed/core.py", line 1024, in send_recv
    response = await comm.read(deserializers=deserializers)
  File "/opt/conda/envs/gdf/lib/python3.9/site-packages/distributed/utils.py", line 752, in wrapper
    return await func(*args, **kwargs)
  File "/opt/conda/envs/gdf/lib/python3.9/site-packages/distributed/comm/ucx.py", line 367, in read
    raise CommClosedError(
distributed.comm.core.CommClosedError: Connection closed by writer.
Inner exception: UCXCanceled("<[Recv #003] ep: 0x7f0508045280, tag: 0x4722e78e27a9a692, nbytes: 16, type: <class 'numpy.ndarray'>>: ")
2023-07-19 06:45:33,892 - distributed.worker - ERROR - Worker stream died during communication: ucx://127.0.0.1:59271
Traceback (most recent call last):
  File "/opt/conda/envs/gdf/lib/python3.9/asyncio/tasks.py", line 466, in wait_for
    await waiter
asyncio.exceptions.CancelledError

During handling of the above exception, another exception occurred:

Traceback (most recent call last):
  File "/opt/conda/envs/gdf/lib/python3.9/site-packages/distributed/comm/core.py", line 329, in connect
    handshake = await wait_for(comm.read(), time_left())
  File "/opt/conda/envs/gdf/lib/python3.9/site-packages/distributed/utils.py", line 1849, in wait_for
    return await asyncio.wait_for(fut, timeout)
  File "/opt/conda/envs/gdf/lib/python3.9/asyncio/tasks.py", line 469, in wait_for
    return fut.result()
  File "/opt/conda/envs/gdf/lib/python3.9/site-packages/distributed/utils.py", line 752, in wrapper
    return await func(*args, **kwargs)
  File "/opt/conda/envs/gdf/lib/python3.9/site-packages/distributed/comm/ucx.py", line 367, in read
    raise CommClosedError(
distributed.comm.core.CommClosedError: Connection closed by writer.
Inner exception: UCXCanceled("<[Recv #000] ep: 0x7f05080452c0, tag: 0x33a5c91a5746436b, nbytes: 16, type: <class 'numpy.ndarray'>>: ")

The above exception was the direct cause of the following exception:

Traceback (most recent call last):
  File "/opt/conda/envs/gdf/lib/python3.9/site-packages/distributed/worker.py", line 2066, in gather_dep
    response = await get_data_from_worker(
  File "/opt/conda/envs/gdf/lib/python3.9/site-packages/distributed/worker.py", line 2889, in get_data_from_worker
    comm = await rpc.connect(worker)
  File "/opt/conda/envs/gdf/lib/python3.9/site-packages/distributed/core.py", line 1506, in connect
    return await connect_attempt
  File "/opt/conda/envs/gdf/lib/python3.9/site-packages/distributed/core.py", line 1427, in _connect
    comm = await connect(
  File "/opt/conda/envs/gdf/lib/python3.9/site-packages/distributed/comm/core.py", line 334, in connect
    raise OSError(
OSError: Timed out during handshake while connecting to ucx://127.0.0.1:59271 after 30 s
2023-07-19 06:45:33,927 - distributed.nanny - WARNING - Restarting worker
2023-07-19 06:45:33,995 - distributed.nanny - WARNING - Restarting worker
2023-07-19 06:45:34,048 - distributed.nanny - WARNING - Restarting worker
2023-07-19 06:45:34,482 - distributed.preloading - INFO - Creating preload: dask_cuda.initialize
2023-07-19 06:45:34,482 - distributed.preloading - INFO - Import preload module: dask_cuda.initialize
2023-07-19 06:45:34,905 - distributed.preloading - INFO - Creating preload: dask_cuda.initialize
2023-07-19 06:45:34,905 - distributed.preloading - INFO - Import preload module: dask_cuda.initialize
terminate called after throwing an instance of 'rmm::out_of_memory'
  what():  std::bad_alloc: out_of_memory: RMM failure at:/opt/conda/envs/gdf/include/rmm/mr/device/pool_memory_resource.hpp:196: Maximum pool size exceeded
terminate called after throwing an instance of 'rmm::out_of_memory'
  what():  std::bad_alloc: out_of_memory: RMM failure at:/opt/conda/envs/gdf/include/rmm/mr/device/pool_memory_resource.hpp:196: Maximum pool size exceeded
2023-07-19 06:45:35,492 - distributed.preloading - INFO - Creating preload: dask_cuda.initialize
2023-07-19 06:45:35,492 - distributed.preloading - INFO - Import preload module: dask_cuda.initialize
2023-07-19 06:45:35,553 - distributed.preloading - INFO - Creating preload: dask_cuda.initialize
2023-07-19 06:45:35,553 - distributed.preloading - INFO - Import preload module: dask_cuda.initialize
2023-07-19 06:45:35,623 - distributed.preloading - INFO - Creating preload: dask_cuda.initialize
2023-07-19 06:45:35,623 - distributed.preloading - INFO - Import preload module: dask_cuda.initialize
2023-07-19 06:45:35,653 - distributed.preloading - INFO - Creating preload: dask_cuda.initialize
2023-07-19 06:45:35,653 - distributed.preloading - INFO - Import preload module: dask_cuda.initialize
2023-07-19 06:45:35,910 - distributed.nanny - WARNING - Restarting worker
2023-07-19 06:45:36,041 - distributed.nanny - WARNING - Restarting worker
2023-07-19 06:45:37,510 - distributed.preloading - INFO - Creating preload: dask_cuda.initialize
2023-07-19 06:45:37,510 - distributed.preloading - INFO - Import preload module: dask_cuda.initialize
2023-07-19 06:45:37,621 - distributed.preloading - INFO - Creating preload: dask_cuda.initialize
2023-07-19 06:45:37,621 - distributed.preloading - INFO - Import preload module: dask_cuda.initialize
[dgx13:74003:0:74003] Caught signal 11 (Segmentation fault: address not mapped to object at address 0x448)
==== backtrace (tid:  74003) ====
 0  /opt/conda/envs/gdf/lib/libucs.so.0(ucs_handle_error+0x2fd) [0x7fd4a060480d]
 1  /opt/conda/envs/gdf/lib/libucs.so.0(+0x28a04) [0x7fd4a0604a04]
 2  /opt/conda/envs/gdf/lib/libucs.so.0(+0x28bca) [0x7fd4a0604bca]
 3  /usr/lib/x86_64-linux-gnu/libpthread.so.0(+0x14420) [0x7fd53fbaf420]
 4  /opt/conda/envs/gdf/lib/libucp.so.0(ucp_mem_type_unpack+0x17) [0x7fd4a0676987]
 5  /opt/conda/envs/gdf/lib/libucp.so.0(ucp_rndv_data_handler+0x4e9) [0x7fd4a0695549]
 6  /opt/conda/envs/gdf/lib/libuct.so.0(+0x1e9cf) [0x7fd4a05c19cf]
 7  /opt/conda/envs/gdf/lib/libuct.so.0(+0x21bf8) [0x7fd4a05c4bf8]
 8  /opt/conda/envs/gdf/lib/libucs.so.0(ucs_event_set_wait+0xb9) [0x7fd4a060cdf9]
 9  /opt/conda/envs/gdf/lib/libuct.so.0(uct_tcp_iface_progress+0x7d) [0x7fd4a05c3bbd]
10  /opt/conda/envs/gdf/lib/libucp.so.0(ucp_worker_progress+0x5a) [0x7fd4a067436a]
11  /opt/conda/envs/gdf/lib/python3.9/site-packages/ucp/_libs/ucx_api.cpython-39-x86_64-linux-gnu.so(+0x2b17a) [0x7fd4a071317a]
12  /opt/conda/envs/gdf/bin/python(+0x13eb08) [0x557a24c91b08]
13  /opt/conda/envs/gdf/bin/python(_PyEval_EvalFrameDefault+0x5f82) [0x557a24c82112]
14  /opt/conda/envs/gdf/bin/python(+0x12827a) [0x557a24c7b27a]
15  /opt/conda/envs/gdf/bin/python(_PyFunction_Vectorcall+0xd5) [0x557a24c8cc05]
16  /opt/conda/envs/gdf/bin/python(_PyEval_EvalFrameDefault+0x68b) [0x557a24c7c81b]
17  /opt/conda/envs/gdf/bin/python(+0x14e70e) [0x557a24ca170e]
18  /opt/conda/envs/gdf/lib/python3.9/lib-dynload/_asyncio.cpython-39-x86_64-linux-gnu.so(+0x82fe) [0x7fd4c08562fe]
19  /opt/conda/envs/gdf/bin/python(_PyObject_MakeTpCall+0x2fc) [0x557a24c852bc]
20  /opt/conda/envs/gdf/bin/python(+0xe5817) [0x557a24c38817]
21  /opt/conda/envs/gdf/bin/python(+0x130f83) [0x557a24c83f83]
22  /opt/conda/envs/gdf/bin/python(_PyEval_EvalFrameDefault+0x5ba6) [0x557a24c81d36]
23  /opt/conda/envs/gdf/bin/python(+0x139ef3) [0x557a24c8cef3]
24  /opt/conda/envs/gdf/bin/python(_PyEval_EvalFrameDefault+0x68b) [0x557a24c7c81b]
25  /opt/conda/envs/gdf/bin/python(+0x139ef3) [0x557a24c8cef3]
26  /opt/conda/envs/gdf/bin/python(_PyEval_EvalFrameDefault+0x68b) [0x557a24c7c81b]
27  /opt/conda/envs/gdf/bin/python(+0x139ef3) [0x557a24c8cef3]
28  /opt/conda/envs/gdf/bin/python(_PyEval_EvalFrameDefault+0x68b) [0x557a24c7c81b]
29  /opt/conda/envs/gdf/bin/python(+0x139ef3) [0x557a24c8cef3]
30  /opt/conda/envs/gdf/bin/python(_PyEval_EvalFrameDefault+0x68b) [0x557a24c7c81b]
31  /opt/conda/envs/gdf/bin/python(+0x12827a) [0x557a24c7b27a]
32  /opt/conda/envs/gdf/bin/python(_PyFunction_Vectorcall+0xd5) [0x557a24c8cc05]
33  /opt/conda/envs/gdf/bin/python(_PyEval_EvalFrameDefault+0x4e17) [0x557a24c80fa7]
34  /opt/conda/envs/gdf/bin/python(+0x12827a) [0x557a24c7b27a]
35  /opt/conda/envs/gdf/bin/python(+0x147935) [0x557a24c9a935]
36  /opt/conda/envs/gdf/bin/python(PyObject_Call+0xb4) [0x557a24c9b104]
37  /opt/conda/envs/gdf/bin/python(+0x20efc8) [0x557a24d61fc8]
38  /opt/conda/envs/gdf/bin/python(_PyObject_MakeTpCall+0x2fc) [0x557a24c852bc]
39  /opt/conda/envs/gdf/bin/python(_PyEval_EvalFrameDefault+0x402b) [0x557a24c801bb]
40  /opt/conda/envs/gdf/bin/python(+0x139ef3) [0x557a24c8cef3]
41  /opt/conda/envs/gdf/bin/python(+0x147c72) [0x557a24c9ac72]
42  /opt/conda/envs/gdf/bin/python(_PyEval_EvalFrameDefault+0x402b) [0x557a24c801bb]
43  /opt/conda/envs/gdf/bin/python(+0x139ef3) [0x557a24c8cef3]
44  /opt/conda/envs/gdf/bin/python(_PyEval_EvalFrameDefault+0x68b) [0x557a24c7c81b]
45  /opt/conda/envs/gdf/bin/python(+0x12827a) [0x557a24c7b27a]
46  /opt/conda/envs/gdf/bin/python(_PyFunction_Vectorcall+0xd5) [0x557a24c8cc05]
47  /opt/conda/envs/gdf/bin/python(_PyEval_EvalFrameDefault+0x68b) [0x557a24c7c81b]
48  /opt/conda/envs/gdf/bin/python(+0x139ef3) [0x557a24c8cef3]
49  /opt/conda/envs/gdf/bin/python(_PyEval_EvalFrameDefault+0x3d8) [0x557a24c7c568]
50  /opt/conda/envs/gdf/bin/python(+0x12827a) [0x557a24c7b27a]
51  /opt/conda/envs/gdf/bin/python(_PyFunction_Vectorcall+0xd5) [0x557a24c8cc05]
52  /opt/conda/envs/gdf/bin/python(_PyEval_EvalFrameDefault+0x123b) [0x557a24c7d3cb]
53  /opt/conda/envs/gdf/bin/python(+0x12827a) [0x557a24c7b27a]
54  /opt/conda/envs/gdf/bin/python(_PyEval_EvalCodeWithName+0x47) [0x557a24c7af07]
55  /opt/conda/envs/gdf/bin/python(PyEval_EvalCodeEx+0x39) [0x557a24c7aeb9]
56  /opt/conda/envs/gdf/bin/python(PyEval_EvalCode+0x1b) [0x557a24d2b8bb]
57  /opt/conda/envs/gdf/bin/python(+0x206adc) [0x557a24d59adc]
58  /opt/conda/envs/gdf/bin/python(+0x202c24) [0x557a24d55c24]
59  /opt/conda/envs/gdf/bin/python(PyRun_StringFlags+0x9d) [0x557a24d4d7ed]
60  /opt/conda/envs/gdf/bin/python(PyRun_SimpleStringFlags+0x3d) [0x557a24d4d6bd]
61  /opt/conda/envs/gdf/bin/python(Py_RunMain+0x262) [0x557a24d4c8a2]
=================================
[dgx13:73997:0:73997] Caught signal 11 (Segmentation fault: address not mapped to object at address 0x448)
==== backtrace (tid:  73997) ====
 0  /opt/conda/envs/gdf/lib/libucs.so.0(ucs_handle_error+0x2fd) [0x7ff9e87fb80d]
 1  /opt/conda/envs/gdf/lib/libucs.so.0(+0x28a04) [0x7ff9e87fba04]
 2  /opt/conda/envs/gdf/lib/libucs.so.0(+0x28bca) [0x7ff9e87fbbca]
 3  /usr/lib/x86_64-linux-gnu/libpthread.so.0(+0x14420) [0x7ffa87d9b420]
 4  /opt/conda/envs/gdf/lib/libucp.so.0(ucp_mem_type_unpack+0x17) [0x7ff9e886d987]
 5  /opt/conda/envs/gdf/lib/libucp.so.0(ucp_rndv_data_handler+0x4e9) [0x7ff9e888c549]
 6  /opt/conda/envs/gdf/lib/libuct.so.0(+0x1e9cf) [0x7ff9e87b89cf]
 7  /opt/conda/envs/gdf/lib/libuct.so.0(+0x21bf8) [0x7ff9e87bbbf8]
 8  /opt/conda/envs/gdf/lib/libucs.so.0(ucs_event_set_wait+0xb9) [0x7ff9e8803df9]
 9  /opt/conda/envs/gdf/lib/libuct.so.0(uct_tcp_iface_progress+0x7d) [0x7ff9e87babbd]
10  /opt/conda/envs/gdf/lib/libucp.so.0(ucp_worker_progress+0x5a) [0x7ff9e886b36a]
11  /opt/conda/envs/gdf/lib/python3.9/site-packages/ucp/_libs/ucx_api.cpython-39-x86_64-linux-gnu.so(+0x2b17a) [0x7ff9e890a17a]
12  /opt/conda/envs/gdf/bin/python(+0x13eb08) [0x5640b11e3b08]
13  /opt/conda/envs/gdf/bin/python(_PyEval_EvalFrameDefault+0x5f82) [0x5640b11d4112]
14  /opt/conda/envs/gdf/bin/python(+0x12827a) [0x5640b11cd27a]
15  /opt/conda/envs/gdf/bin/python(_PyFunction_Vectorcall+0xd5) [0x5640b11dec05]
16  /opt/conda/envs/gdf/bin/python(_PyEval_EvalFrameDefault+0x68b) [0x5640b11ce81b]
17  /opt/conda/envs/gdf/bin/python(+0x14e70e) [0x5640b11f370e]
18  /opt/conda/envs/gdf/lib/python3.9/lib-dynload/_asyncio.cpython-39-x86_64-linux-gnu.so(+0x82fe) [0x7ffa08a422fe]
19  /opt/conda/envs/gdf/bin/python(_PyObject_MakeTpCall+0x2fc) [0x5640b11d72bc]
20  /opt/conda/envs/gdf/bin/python(+0xe5817) [0x5640b118a817]
21  /opt/conda/envs/gdf/bin/python(+0x130f83) [0x5640b11d5f83]
22  /opt/conda/envs/gdf/bin/python(_PyEval_EvalFrameDefault+0x5ba6) [0x5640b11d3d36]
23  /opt/conda/envs/gdf/bin/python(+0x139ef3) [0x5640b11deef3]
24  /opt/conda/envs/gdf/bin/python(_PyEval_EvalFrameDefault+0x68b) [0x5640b11ce81b]
25  /opt/conda/envs/gdf/bin/python(+0x139ef3) [0x5640b11deef3]
26  /opt/conda/envs/gdf/bin/python(_PyEval_EvalFrameDefault+0x68b) [0x5640b11ce81b]
27  /opt/conda/envs/gdf/bin/python(+0x139ef3) [0x5640b11deef3]
28  /opt/conda/envs/gdf/bin/python(_PyEval_EvalFrameDefault+0x68b) [0x5640b11ce81b]
29  /opt/conda/envs/gdf/bin/python(+0x139ef3) [0x5640b11deef3]
[dgx13:74066:0:74066] Caught signal 11 (Segmentation fault: address not mapped to object at address 0x448)
30  /opt/conda/envs/gdf/bin/python(_PyEval_EvalFrameDefault+0x68b) [0x5640b11ce81b]
31  /opt/conda/envs/gdf/bin/python(+0x12827a) [0x5640b11cd27a]
32  /opt/conda/envs/gdf/bin/python(_PyFunction_Vectorcall+0xd5) [0x5640b11dec05]
33  /opt/conda/envs/gdf/bin/python(_PyEval_EvalFrameDefault+0x4e17) [0x5640b11d2fa7]
34  /opt/conda/envs/gdf/bin/python(+0x12827a) [0x5640b11cd27a]
35  /opt/conda/envs/gdf/bin/python(+0x147935) [0x5640b11ec935]
36  /opt/conda/envs/gdf/bin/python(PyObject_Call+0xb4) [0x5640b11ed104]
37  /opt/conda/envs/gdf/bin/python(+0x20efc8) [0x5640b12b3fc8]
38  /opt/conda/envs/gdf/bin/python(_PyObject_MakeTpCall+0x2fc) [0x5640b11d72bc]
39  /opt/conda/envs/gdf/bin/python(_PyEval_EvalFrameDefault+0x402b) [0x5640b11d21bb]
40  /opt/conda/envs/gdf/bin/python(+0x139ef3) [0x5640b11deef3]
41  /opt/conda/envs/gdf/bin/python(+0x147c72) [0x5640b11ecc72]
42  /opt/conda/envs/gdf/bin/python(_PyEval_EvalFrameDefault+0x402b) [0x5640b11d21bb]
43  /opt/conda/envs/gdf/bin/python(+0x139ef3) [0x5640b11deef3]
44  /opt/conda/envs/gdf/bin/python(_PyEval_EvalFrameDefault+0x68b) [0x5640b11ce81b]
45  /opt/conda/envs/gdf/bin/python(+0x12827a) [0x5640b11cd27a]
46  /opt/conda/envs/gdf/bin/python(_PyFunction_Vectorcall+0xd5) [0x5640b11dec05]
47  /opt/conda/envs/gdf/bin/python(_PyEval_EvalFrameDefault+0x68b) [0x5640b11ce81b]
48  /opt/conda/envs/gdf/bin/python(+0x139ef3) [0x5640b11deef3]
49  /opt/conda/envs/gdf/bin/python(_PyEval_EvalFrameDefault+0x3d8) [0x5640b11ce568]
50  /opt/conda/envs/gdf/bin/python(+0x12827a) [0x5640b11cd27a]
51  /opt/conda/envs/gdf/bin/python(_PyFunction_Vectorcall+0xd5) [0x5640b11dec05]
52  /opt/conda/envs/gdf/bin/python(_PyEval_EvalFrameDefault+0x123b) [0x5640b11cf3cb]
53  /opt/conda/envs/gdf/bin/python(+0x12827a) [0x5640b11cd27a]
54  /opt/conda/envs/gdf/bin/python(_PyEval_EvalCodeWithName+0x47) [0x5640b11ccf07]
55  /opt/conda/envs/gdf/bin/python(PyEval_EvalCodeEx+0x39) [0x5640b11cceb9]
56  /opt/conda/envs/gdf/bin/python(PyEval_EvalCode+0x1b) [0x5640b127d8bb]
57  /opt/conda/envs/gdf/bin/python(+0x206adc) [0x5640b12abadc]
58  /opt/conda/envs/gdf/bin/python(+0x202c24) [0x5640b12a7c24]
59  /opt/conda/envs/gdf/bin/python(PyRun_StringFlags+0x9d) [0x5640b129f7ed]
60  /opt/conda/envs/gdf/bin/python(PyRun_SimpleStringFlags+0x3d) [0x5640b129f6bd]
61  /opt/conda/envs/gdf/bin/python(Py_RunMain+0x262) [0x5640b129e8a2]
=================================
==== backtrace (tid:  74066) ====
 0  /opt/conda/envs/gdf/lib/libucs.so.0(ucs_handle_error+0x2fd) [0x7f9ff588680d]
 1  /opt/conda/envs/gdf/lib/libucs.so.0(+0x28a04) [0x7f9ff5886a04]
 2  /opt/conda/envs/gdf/lib/libucs.so.0(+0x28bca) [0x7f9ff5886bca]
 3  /usr/lib/x86_64-linux-gnu/libpthread.so.0(+0x14420) [0x7fa098e4d420]
 4  /opt/conda/envs/gdf/lib/libucp.so.0(ucp_mem_type_unpack+0x17) [0x7f9ff58f8987]
 5  /opt/conda/envs/gdf/lib/libucp.so.0(ucp_rndv_data_handler+0x4e9) [0x7f9ff5917549]
 6  /opt/conda/envs/gdf/lib/libuct.so.0(+0x1e9cf) [0x7f9ff58439cf]
 7  /opt/conda/envs/gdf/lib/libuct.so.0(+0x21bf8) [0x7f9ff5846bf8]
 8  /opt/conda/envs/gdf/lib/libucs.so.0(ucs_event_set_wait+0xb9) [0x7f9ff588edf9]
 9  /opt/conda/envs/gdf/lib/libuct.so.0(uct_tcp_iface_progress+0x7d) [0x7f9ff5845bbd]
10  /opt/conda/envs/gdf/lib/libucp.so.0(ucp_worker_progress+0x5a) [0x7f9ff58f636a]
11  /opt/conda/envs/gdf/lib/python3.9/site-packages/ucp/_libs/ucx_api.cpython-39-x86_64-linux-gnu.so(+0x2b17a) [0x7f9ff599517a]
12  /opt/conda/envs/gdf/bin/python(+0x13eb08) [0x559e5a36fb08]
13  /opt/conda/envs/gdf/bin/python(_PyEval_EvalFrameDefault+0x5f82) [0x559e5a360112]
14  /opt/conda/envs/gdf/bin/python(+0x12827a) [0x559e5a35927a]
15  /opt/conda/envs/gdf/bin/python(_PyFunction_Vectorcall+0xd5) [0x559e5a36ac05]
16  /opt/conda/envs/gdf/bin/python(_PyEval_EvalFrameDefault+0x68b) [0x559e5a35a81b]
17  /opt/conda/envs/gdf/bin/python(+0x14e70e) [0x559e5a37f70e]
18  /opt/conda/envs/gdf/lib/python3.9/lib-dynload/_asyncio.cpython-39-x86_64-linux-gnu.so(+0x82fe) [0x7fa019af52fe]
19  /opt/conda/envs/gdf/bin/python(_PyObject_MakeTpCall+0x2fc) [0x559e5a3632bc]
20  /opt/conda/envs/gdf/bin/python(+0xe5817) [0x559e5a316817]
21  /opt/conda/envs/gdf/bin/python(+0x130f83) [0x559e5a361f83]
22  /opt/conda/envs/gdf/bin/python(_PyEval_EvalFrameDefault+0x5ba6) [0x559e5a35fd36]
23  /opt/conda/envs/gdf/bin/python(+0x139ef3) [0x559e5a36aef3]
24  /opt/conda/envs/gdf/bin/python(_PyEval_EvalFrameDefault+0x68b) [0x559e5a35a81b]
25  /opt/conda/envs/gdf/bin/python(+0x139ef3) [0x559e5a36aef3]
26  /opt/conda/envs/gdf/bin/python(_PyEval_EvalFrameDefault+0x68b) [0x559e5a35a81b]
27  /opt/conda/envs/gdf/bin/python(+0x139ef3) [0x559e5a36aef3]
28  /opt/conda/envs/gdf/bin/python(_PyEval_EvalFrameDefault+0x68b) [0x559e5a35a81b]
29  /opt/conda/envs/gdf/bin/python(+0x139ef3) [0x559e5a36aef3]
30  /opt/conda/envs/gdf/bin/python(_PyEval_EvalFrameDefault+0x68b) [0x559e5a35a81b]
31  /opt/conda/envs/gdf/bin/python(+0x12827a) [0x559e5a35927a]
32  /opt/conda/envs/gdf/bin/python(_PyFunction_Vectorcall+0xd5) [0x559e5a36ac05]
33  /opt/conda/envs/gdf/bin/python(_PyEval_EvalFrameDefault+0x4e17) [0x559e5a35efa7]
34  /opt/conda/envs/gdf/bin/python(+0x12827a) [0x559e5a35927a]
35  /opt/conda/envs/gdf/bin/python(+0x147935) [0x559e5a378935]
36  /opt/conda/envs/gdf/bin/python(PyObject_Call+0xb4) [0x559e5a379104]
37  /opt/conda/envs/gdf/bin/python(+0x20efc8) [0x559e5a43ffc8]
38  /opt/conda/envs/gdf/bin/python(_PyObject_MakeTpCall+0x2fc) [0x559e5a3632bc]
39  /opt/conda/envs/gdf/bin/python(_PyEval_EvalFrameDefault+0x402b) [0x559e5a35e1bb]
40  /opt/conda/envs/gdf/bin/python(+0x139ef3) [0x559e5a36aef3]
41  /opt/conda/envs/gdf/bin/python(+0x147c72) [0x559e5a378c72]
42  /opt/conda/envs/gdf/bin/python(_PyEval_EvalFrameDefault+0x402b) [0x559e5a35e1bb]
43  /opt/conda/envs/gdf/bin/python(+0x139ef3) [0x559e5a36aef3]
44  /opt/conda/envs/gdf/bin/python(_PyEval_EvalFrameDefault+0x68b) [0x559e5a35a81b]
45  /opt/conda/envs/gdf/bin/python(+0x12827a) [0x559e5a35927a]
46  /opt/conda/envs/gdf/bin/python(_PyFunction_Vectorcall+0xd5) [0x559e5a36ac05]
47  /opt/conda/envs/gdf/bin/python(_PyEval_EvalFrameDefault+0x68b) [0x559e5a35a81b]
48  /opt/conda/envs/gdf/bin/python(+0x139ef3) [0x559e5a36aef3]
49  /opt/conda/envs/gdf/bin/python(_PyEval_EvalFrameDefault+0x3d8) [0x559e5a35a568]
50  /opt/conda/envs/gdf/bin/python(+0x12827a) [0x559e5a35927a]
51  /opt/conda/envs/gdf/bin/python(_PyFunction_Vectorcall+0xd5) [0x559e5a36ac05]
52  /opt/conda/envs/gdf/bin/python(_PyEval_EvalFrameDefault+0x123b) [0x559e5a35b3cb]
53  /opt/conda/envs/gdf/bin/python(+0x12827a) [0x559e5a35927a]
54  /opt/conda/envs/gdf/bin/python(_PyEval_EvalCodeWithName+0x47) [0x559e5a358f07]
55  /opt/conda/envs/gdf/bin/python(PyEval_EvalCodeEx+0x39) [0x559e5a358eb9]
56  /opt/conda/envs/gdf/bin/python(PyEval_EvalCode+0x1b) [0x559e5a4098bb]
57  /opt/conda/envs/gdf/bin/python(+0x206adc) [0x559e5a437adc]
58  /opt/conda/envs/gdf/bin/python(+0x202c24) [0x559e5a433c24]
59  /opt/conda/envs/gdf/bin/python(PyRun_StringFlags+0x9d) [0x559e5a42b7ed]
60  /opt/conda/envs/gdf/bin/python(PyRun_SimpleStringFlags+0x3d) [0x559e5a42b6bd]
61  /opt/conda/envs/gdf/bin/python(Py_RunMain+0x262) [0x559e5a42a8a2]
=================================
2023-07-19 06:45:41,899 - distributed.worker - ERROR - Worker stream died during communication: ucx://127.0.0.1:49209
Traceback (most recent call last):
  File "/opt/conda/envs/gdf/lib/python3.9/site-packages/distributed/comm/ucx.py", line 349, in read
    await self.ep.recv(msg)
  File "/opt/conda/envs/gdf/lib/python3.9/site-packages/ucp/core.py", line 725, in recv
    ret = await comm.tag_recv(self._ep, buffer, nbytes, tag, name=log)
ucp._libs.exceptions.UCXCanceled: <[Recv #003] ep: 0x7f7a514bb200, tag: 0xbdba992f08311804, nbytes: 16, type: <class 'numpy.ndarray'>>: 

During handling of the above exception, another exception occurred:

Traceback (most recent call last):
  File "/opt/conda/envs/gdf/lib/python3.9/site-packages/distributed/worker.py", line 2066, in gather_dep
    response = await get_data_from_worker(
  File "/opt/conda/envs/gdf/lib/python3.9/site-packages/distributed/worker.py", line 2892, in get_data_from_worker
    response = await send_recv(
  File "/opt/conda/envs/gdf/lib/python3.9/site-packages/distributed/core.py", line 1024, in send_recv
    response = await comm.read(deserializers=deserializers)
  File "/opt/conda/envs/gdf/lib/python3.9/site-packages/distributed/utils.py", line 752, in wrapper
    return await func(*args, **kwargs)
  File "/opt/conda/envs/gdf/lib/python3.9/site-packages/distributed/comm/ucx.py", line 367, in read
    raise CommClosedError(
distributed.comm.core.CommClosedError: Connection closed by writer.
Inner exception: UCXCanceled("<[Recv #003] ep: 0x7f7a514bb200, tag: 0xbdba992f08311804, nbytes: 16, type: <class 'numpy.ndarray'>>: ")
2023-07-19 06:45:41,901 - distributed.worker - ERROR - Worker stream died during communication: ucx://127.0.0.1:57527
Traceback (most recent call last):
  File "/opt/conda/envs/gdf/lib/python3.9/site-packages/distributed/comm/ucx.py", line 349, in read
    await self.ep.recv(msg)
  File "/opt/conda/envs/gdf/lib/python3.9/site-packages/ucp/core.py", line 725, in recv
    ret = await comm.tag_recv(self._ep, buffer, nbytes, tag, name=log)
ucp._libs.exceptions.UCXCanceled: <[Recv #003] ep: 0x7f7a514bb100, tag: 0x38a3b7ec8e4a630b, nbytes: 16, type: <class 'numpy.ndarray'>>: 

During handling of the above exception, another exception occurred:

Traceback (most recent call last):
  File "/opt/conda/envs/gdf/lib/python3.9/site-packages/distributed/worker.py", line 2066, in gather_dep
    response = await get_data_from_worker(
  File "/opt/conda/envs/gdf/lib/python3.9/site-packages/distributed/worker.py", line 2892, in get_data_from_worker
    response = await send_recv(
  File "/opt/conda/envs/gdf/lib/python3.9/site-packages/distributed/core.py", line 1024, in send_recv
    response = await comm.read(deserializers=deserializers)
  File "/opt/conda/envs/gdf/lib/python3.9/site-packages/distributed/utils.py", line 752, in wrapper
    return await func(*args, **kwargs)
  File "/opt/conda/envs/gdf/lib/python3.9/site-packages/distributed/comm/ucx.py", line 367, in read
    raise CommClosedError(
distributed.comm.core.CommClosedError: Connection closed by writer.
Inner exception: UCXCanceled("<[Recv #003] ep: 0x7f7a514bb100, tag: 0x38a3b7ec8e4a630b, nbytes: 16, type: <class 'numpy.ndarray'>>: ")
2023-07-19 06:45:41,899 - distributed.worker - ERROR - Worker stream died during communication: ucx://127.0.0.1:49209
Traceback (most recent call last):
  File "/opt/conda/envs/gdf/lib/python3.9/site-packages/distributed/comm/ucx.py", line 349, in read
    await self.ep.recv(msg)
  File "/opt/conda/envs/gdf/lib/python3.9/site-packages/ucp/core.py", line 725, in recv
    ret = await comm.tag_recv(self._ep, buffer, nbytes, tag, name=log)
ucp._libs.exceptions.UCXCanceled: <[Recv #003] ep: 0x7f41cc9d6180, tag: 0x510cd0980e557f14, nbytes: 16, type: <class 'numpy.ndarray'>>: 

During handling of the above exception, another exception occurred:

Traceback (most recent call last):
  File "/opt/conda/envs/gdf/lib/python3.9/site-packages/distributed/worker.py", line 2066, in gather_dep
    response = await get_data_from_worker(
  File "/opt/conda/envs/gdf/lib/python3.9/site-packages/distributed/worker.py", line 2892, in get_data_from_worker
    response = await send_recv(
  File "/opt/conda/envs/gdf/lib/python3.9/site-packages/distributed/core.py", line 1024, in send_recv
    response = await comm.read(deserializers=deserializers)
  File "/opt/conda/envs/gdf/lib/python3.9/site-packages/distributed/utils.py", line 752, in wrapper
    return await func(*args, **kwargs)
  File "/opt/conda/envs/gdf/lib/python3.9/site-packages/distributed/comm/ucx.py", line 367, in read
    raise CommClosedError(
distributed.comm.core.CommClosedError: Connection closed by writer.
Inner exception: UCXCanceled("<[Recv #003] ep: 0x7f41cc9d6180, tag: 0x510cd0980e557f14, nbytes: 16, type: <class 'numpy.ndarray'>>: ")
2023-07-19 06:45:41,903 - distributed.worker - ERROR - Worker stream died during communication: ucx://127.0.0.1:57527
Traceback (most recent call last):
  File "/opt/conda/envs/gdf/lib/python3.9/site-packages/distributed/comm/ucx.py", line 391, in read
    await self.ep.recv(each_frame)
  File "/opt/conda/envs/gdf/lib/python3.9/site-packages/ucp/core.py", line 725, in recv
    ret = await comm.tag_recv(self._ep, buffer, nbytes, tag, name=log)
ucp._libs.exceptions.UCXCanceled: <[Recv #008] ep: 0x7f41cc9d6100, tag: 0xdcf21ee19c240c44, nbytes: 100000000, type: <class 'rmm._lib.device_buffer.DeviceBuffer'>>: 

During handling of the above exception, another exception occurred:

Traceback (most recent call last):
  File "/opt/conda/envs/gdf/lib/python3.9/site-packages/distributed/worker.py", line 2066, in gather_dep
    response = await get_data_from_worker(
  File "/opt/conda/envs/gdf/lib/python3.9/site-packages/distributed/worker.py", line 2892, in get_data_from_worker
    response = await send_recv(
  File "/opt/conda/envs/gdf/lib/python3.9/site-packages/distributed/core.py", line 1024, in send_recv
    response = await comm.read(deserializers=deserializers)
  File "/opt/conda/envs/gdf/lib/python3.9/site-packages/distributed/utils.py", line 752, in wrapper
    return await func(*args, **kwargs)
  File "/opt/conda/envs/gdf/lib/python3.9/site-packages/distributed/comm/ucx.py", line 397, in read
    raise CommClosedError(
distributed.comm.core.CommClosedError: Connection closed by writer.
Inner exception: UCXCanceled("<[Recv #008] ep: 0x7f41cc9d6100, tag: 0xdcf21ee19c240c44, nbytes: 100000000, type: <class 'rmm._lib.device_buffer.DeviceBuffer'>>: ")
2023-07-19 06:45:41,904 - distributed.worker - ERROR - Worker stream died during communication: ucx://127.0.0.1:51567
Traceback (most recent call last):
  File "/opt/conda/envs/gdf/lib/python3.9/site-packages/distributed/comm/ucx.py", line 349, in read
    await self.ep.recv(msg)
  File "/opt/conda/envs/gdf/lib/python3.9/site-packages/ucp/core.py", line 725, in recv
    ret = await comm.tag_recv(self._ep, buffer, nbytes, tag, name=log)
ucp._libs.exceptions.UCXCanceled: <[Recv #003] ep: 0x7f7a514bb140, tag: 0xd2f090ba70f77c0b, nbytes: 16, type: <class 'numpy.ndarray'>>: 

During handling of the above exception, another exception occurred:

Traceback (most recent call last):
  File "/opt/conda/envs/gdf/lib/python3.9/site-packages/distributed/worker.py", line 2066, in gather_dep
    response = await get_data_from_worker(
  File "/opt/conda/envs/gdf/lib/python3.9/site-packages/distributed/worker.py", line 2892, in get_data_from_worker
    response = await send_recv(
  File "/opt/conda/envs/gdf/lib/python3.9/site-packages/distributed/core.py", line 1024, in send_recv
    response = await comm.read(deserializers=deserializers)
  File "/opt/conda/envs/gdf/lib/python3.9/site-packages/distributed/utils.py", line 752, in wrapper
    return await func(*args, **kwargs)
  File "/opt/conda/envs/gdf/lib/python3.9/site-packages/distributed/comm/ucx.py", line 367, in read
    raise CommClosedError(
distributed.comm.core.CommClosedError: Connection closed by writer.
Inner exception: UCXCanceled("<[Recv #003] ep: 0x7f7a514bb140, tag: 0xd2f090ba70f77c0b, nbytes: 16, type: <class 'numpy.ndarray'>>: ")
2023-07-19 06:45:41,904 - distributed.worker - ERROR - failed during get data with ucx://127.0.0.1:34311 -> ucx://127.0.0.1:51567
Traceback (most recent call last):
  File "/opt/conda/envs/gdf/lib/python3.9/site-packages/distributed/comm/ucx.py", line 333, in write
    await self.ep.send(each_frame)
  File "/opt/conda/envs/gdf/lib/python3.9/site-packages/ucp/core.py", line 650, in send
    return await comm.tag_send(self._ep, buffer, nbytes, tag, name=log)
ucp._libs.exceptions.UCXError: <[Send #007] ep: 0x7f41cc9d6240, tag: 0x76e2987b21834677, nbytes: 100000000, type: <class 'cudf.core.buffer.buffer.Buffer'>>: Endpoint timeout

During handling of the above exception, another exception occurred:

Traceback (most recent call last):
  File "/opt/conda/envs/gdf/lib/python3.9/site-packages/distributed/worker.py", line 1792, in get_data
    compressed = await comm.write(msg, serializers=serializers)
  File "/opt/conda/envs/gdf/lib/python3.9/site-packages/distributed/utils.py", line 752, in wrapper
    return await func(*args, **kwargs)
  File "/opt/conda/envs/gdf/lib/python3.9/site-packages/distributed/comm/ucx.py", line 337, in write
    raise CommClosedError("While writing, the connection was closed")
distributed.comm.core.CommClosedError: While writing, the connection was closed
2023-07-19 06:45:41,905 - distributed.worker - ERROR - Worker stream died during communication: ucx://127.0.0.1:51567
Traceback (most recent call last):
  File "/opt/conda/envs/gdf/lib/python3.9/site-packages/distributed/comm/ucx.py", line 391, in read
    await self.ep.recv(each_frame)
  File "/opt/conda/envs/gdf/lib/python3.9/site-packages/ucp/core.py", line 725, in recv
    ret = await comm.tag_recv(self._ep, buffer, nbytes, tag, name=log)
ucp._libs.exceptions.UCXError: <[Recv #007] ep: 0x7f41cc9d6140, tag: 0xf17169d31d91e624, nbytes: 100000000, type: <class 'rmm._lib.device_buffer.DeviceBuffer'>>: Endpoint timeout

During handling of the above exception, another exception occurred:

Traceback (most recent call last):
  File "/opt/conda/envs/gdf/lib/python3.9/site-packages/distributed/worker.py", line 2066, in gather_dep
    response = await get_data_from_worker(
  File "/opt/conda/envs/gdf/lib/python3.9/site-packages/distributed/worker.py", line 2892, in get_data_from_worker
    response = await send_recv(
  File "/opt/conda/envs/gdf/lib/python3.9/site-packages/distributed/core.py", line 1024, in send_recv
    response = await comm.read(deserializers=deserializers)
  File "/opt/conda/envs/gdf/lib/python3.9/site-packages/distributed/utils.py", line 752, in wrapper
    return await func(*args, **kwargs)
  File "/opt/conda/envs/gdf/lib/python3.9/site-packages/distributed/comm/ucx.py", line 397, in read
    raise CommClosedError(
distributed.comm.core.CommClosedError: Connection closed by writer.
Inner exception: UCXError("<[Recv #007] ep: 0x7f41cc9d6140, tag: 0xf17169d31d91e624, nbytes: 100000000, type: <class 'rmm._lib.device_buffer.DeviceBuffer'>>: Endpoint timeout")
2023-07-19 06:45:41,949 - distributed.worker - ERROR - Worker stream died during communication: ucx://127.0.0.1:51567
Traceback (most recent call last):
  File "/opt/conda/envs/gdf/lib/python3.9/site-packages/distributed/comm/ucx.py", line 391, in read
    await self.ep.recv(each_frame)
  File "/opt/conda/envs/gdf/lib/python3.9/site-packages/ucp/core.py", line 708, in recv
    self._ep.raise_on_error()
  File "ucp/_libs/ucx_endpoint.pyx", line 353, in ucp._libs.ucx_api.UCXEndpoint.raise_on_error
ucp._libs.exceptions.UCXConnectionReset: Endpoint 0x7efd0c058180 error: Connection reset by remote peer

During handling of the above exception, another exception occurred:

Traceback (most recent call last):
  File "/opt/conda/envs/gdf/lib/python3.9/site-packages/distributed/worker.py", line 2066, in gather_dep
    response = await get_data_from_worker(
  File "/opt/conda/envs/gdf/lib/python3.9/site-packages/distributed/worker.py", line 2892, in get_data_from_worker
    response = await send_recv(
  File "/opt/conda/envs/gdf/lib/python3.9/site-packages/distributed/core.py", line 1024, in send_recv
    response = await comm.read(deserializers=deserializers)
  File "/opt/conda/envs/gdf/lib/python3.9/site-packages/distributed/utils.py", line 752, in wrapper
    return await func(*args, **kwargs)
  File "/opt/conda/envs/gdf/lib/python3.9/site-packages/distributed/comm/ucx.py", line 397, in read
    raise CommClosedError(
distributed.comm.core.CommClosedError: Connection closed by writer.
Inner exception: UCXConnectionReset('Endpoint 0x7efd0c058180 error: Connection reset by remote peer')
2023-07-19 06:45:41,957 - distributed.worker - ERROR - failed during get data with ucx://127.0.0.1:55291 -> ucx://127.0.0.1:51567
Traceback (most recent call last):
  File "/opt/conda/envs/gdf/lib/python3.9/site-packages/distributed/comm/ucx.py", line 333, in write
    await self.ep.send(each_frame)
  File "/opt/conda/envs/gdf/lib/python3.9/site-packages/ucp/core.py", line 629, in send
    self._ep.raise_on_error()
  File "ucp/_libs/ucx_endpoint.pyx", line 353, in ucp._libs.ucx_api.UCXEndpoint.raise_on_error
ucp._libs.exceptions.UCXConnectionReset: Endpoint 0x7efd0c058140 error: Connection reset by remote peer

During handling of the above exception, another exception occurred:

Traceback (most recent call last):
  File "/opt/conda/envs/gdf/lib/python3.9/site-packages/distributed/worker.py", line 1792, in get_data
    compressed = await comm.write(msg, serializers=serializers)
  File "/opt/conda/envs/gdf/lib/python3.9/site-packages/distributed/utils.py", line 752, in wrapper
    return await func(*args, **kwargs)
  File "/opt/conda/envs/gdf/lib/python3.9/site-packages/distributed/comm/ucx.py", line 337, in write
    raise CommClosedError("While writing, the connection was closed")
distributed.comm.core.CommClosedError: While writing, the connection was closed
2023-07-19 06:45:41,957 - distributed.worker - ERROR - failed during get data with ucx://127.0.0.1:55291 -> ucx://127.0.0.1:57527
Traceback (most recent call last):
  File "/opt/conda/envs/gdf/lib/python3.9/site-packages/distributed/comm/ucx.py", line 333, in write
    await self.ep.send(each_frame)
  File "/opt/conda/envs/gdf/lib/python3.9/site-packages/ucp/core.py", line 629, in send
    self._ep.raise_on_error()
  File "ucp/_libs/ucx_endpoint.pyx", line 353, in ucp._libs.ucx_api.UCXEndpoint.raise_on_error
ucp._libs.exceptions.UCXConnectionReset: Endpoint 0x7efd0c058100 error: Connection reset by remote peer

During handling of the above exception, another exception occurred:

Traceback (most recent call last):
  File "/opt/conda/envs/gdf/lib/python3.9/site-packages/distributed/worker.py", line 1792, in get_data
    compressed = await comm.write(msg, serializers=serializers)
  File "/opt/conda/envs/gdf/lib/python3.9/site-packages/distributed/utils.py", line 752, in wrapper
    return await func(*args, **kwargs)
  File "/opt/conda/envs/gdf/lib/python3.9/site-packages/distributed/comm/ucx.py", line 337, in write
    raise CommClosedError("While writing, the connection was closed")
distributed.comm.core.CommClosedError: While writing, the connection was closed
[dgx13:73993:0:73993] Caught signal 11 (Segmentation fault: address not mapped to object at address 0x448)
==== backtrace (tid:  73993) ====
 0  /opt/conda/envs/gdf/lib/libucs.so.0(ucs_handle_error+0x2fd) [0x7efd0cb6f80d]
 1  /opt/conda/envs/gdf/lib/libucs.so.0(+0x28a04) [0x7efd0cb6fa04]
 2  /opt/conda/envs/gdf/lib/libucs.so.0(+0x28bca) [0x7efd0cb6fbca]
 3  /usr/lib/x86_64-linux-gnu/libpthread.so.0(+0x14420) [0x7efd9e125420]
 4  /opt/conda/envs/gdf/lib/libucp.so.0(ucp_mem_type_unpack+0x17) [0x7efd0cbe1987]
 5  /opt/conda/envs/gdf/lib/libucp.so.0(ucp_rndv_data_handler+0x4e9) [0x7efd0cc00549]
 6  /opt/conda/envs/gdf/lib/libuct.so.0(+0x1e9cf) [0x7efd0cb2c9cf]
 7  /opt/conda/envs/gdf/lib/libuct.so.0(+0x21bf8) [0x7efd0cb2fbf8]
 8  /opt/conda/envs/gdf/lib/libucs.so.0(ucs_event_set_wait+0xb9) [0x7efd0cb77df9]
 9  /opt/conda/envs/gdf/lib/libuct.so.0(uct_tcp_iface_progress+0x7d) [0x7efd0cb2ebbd]
10  /opt/conda/envs/gdf/lib/libucp.so.0(ucp_worker_progress+0x5a) [0x7efd0cbdf36a]
11  /opt/conda/envs/gdf/lib/python3.9/site-packages/ucp/_libs/ucx_api.cpython-39-x86_64-linux-gnu.so(+0x2b17a) [0x7efd0cc7e17a]
12  /opt/conda/envs/gdf/bin/python(+0x13eb08) [0x55ef2a188b08]
13  /opt/conda/envs/gdf/bin/python(_PyEval_EvalFrameDefault+0x5f82) [0x55ef2a179112]
14  /opt/conda/envs/gdf/bin/python(+0x12827a) [0x55ef2a17227a]
15  /opt/conda/envs/gdf/bin/python(_PyFunction_Vectorcall+0xd5) [0x55ef2a183c05]
16  /opt/conda/envs/gdf/bin/python(_PyEval_EvalFrameDefault+0x68b) [0x55ef2a17381b]
17  /opt/conda/envs/gdf/bin/python(+0x14e70e) [0x55ef2a19870e]
18  /opt/conda/envs/gdf/lib/python3.9/lib-dynload/_asyncio.cpython-39-x86_64-linux-gnu.so(+0x82fe) [0x7efd1edca2fe]
19  /opt/conda/envs/gdf/bin/python(_PyObject_MakeTpCall+0x2fc) [0x55ef2a17c2bc]
20  /opt/conda/envs/gdf/bin/python(+0xe5817) [0x55ef2a12f817]
21  /opt/conda/envs/gdf/bin/python(+0x130f83) [0x55ef2a17af83]
22  /opt/conda/envs/gdf/bin/python(_PyEval_EvalFrameDefault+0x5ba6) [0x55ef2a178d36]
23  /opt/conda/envs/gdf/bin/python(+0x139ef3) [0x55ef2a183ef3]
24  /opt/conda/envs/gdf/bin/python(_PyEval_EvalFrameDefault+0x68b) [0x55ef2a17381b]
25  /opt/conda/envs/gdf/bin/python(+0x139ef3) [0x55ef2a183ef3]
26  /opt/conda/envs/gdf/bin/python(_PyEval_EvalFrameDefault+0x68b) [0x55ef2a17381b]
27  /opt/conda/envs/gdf/bin/python(+0x139ef3) [0x55ef2a183ef3]
28  /opt/conda/envs/gdf/bin/python(_PyEval_EvalFrameDefault+0x68b) [0x55ef2a17381b]
29  /opt/conda/envs/gdf/bin/python(+0x139ef3) [0x55ef2a183ef3]
30  /opt/conda/envs/gdf/bin/python(_PyEval_EvalFrameDefault+0x68b) [0x55ef2a17381b]
31  /opt/conda/envs/gdf/bin/python(+0x12827a) [0x55ef2a17227a]
32  /opt/conda/envs/gdf/bin/python(_PyFunction_Vectorcall+0xd5) [0x55ef2a183c05]
33  /opt/conda/envs/gdf/bin/python(_PyEval_EvalFrameDefault+0x4e17) [0x55ef2a177fa7]
34  /opt/conda/envs/gdf/bin/python(+0x12827a) [0x55ef2a17227a]
35  /opt/conda/envs/gdf/bin/python(+0x147935) [0x55ef2a191935]
36  /opt/conda/envs/gdf/bin/python(PyObject_Call+0xb4) [0x55ef2a192104]
37  /opt/conda/envs/gdf/bin/python(+0x20efc8) [0x55ef2a258fc8]
38  /opt/conda/envs/gdf/bin/python(_PyObject_MakeTpCall+0x2fc) [0x55ef2a17c2bc]
39  /opt/conda/envs/gdf/bin/python(_PyEval_EvalFrameDefault+0x402b) [0x55ef2a1771bb]
40  /opt/conda/envs/gdf/bin/python(+0x139ef3) [0x55ef2a183ef3]
41  /opt/conda/envs/gdf/bin/python(+0x147c72) [0x55ef2a191c72]
42  /opt/conda/envs/gdf/bin/python(_PyEval_EvalFrameDefault+0x402b) [0x55ef2a1771bb]
43  /opt/conda/envs/gdf/bin/python(+0x139ef3) [0x55ef2a183ef3]
44  /opt/conda/envs/gdf/bin/python(_PyEval_EvalFrameDefault+0x68b) [0x55ef2a17381b]
45  /opt/conda/envs/gdf/bin/python(+0x12827a) [0x55ef2a17227a]
46  /opt/conda/envs/gdf/bin/python(_PyFunction_Vectorcall+0xd5) [0x55ef2a183c05]
47  /opt/conda/envs/gdf/bin/python(_PyEval_EvalFrameDefault+0x68b) [0x55ef2a17381b]
48  /opt/conda/envs/gdf/bin/python(+0x139ef3) [0x55ef2a183ef3]
49  /opt/conda/envs/gdf/bin/python(_PyEval_EvalFrameDefault+0x3d8) [0x55ef2a173568]
50  /opt/conda/envs/gdf/bin/python(+0x12827a) [0x55ef2a17227a]
51  /opt/conda/envs/gdf/bin/python(_PyFunction_Vectorcall+0xd5) [0x55ef2a183c05]
52  /opt/conda/envs/gdf/bin/python(_PyEval_EvalFrameDefault+0x123b) [0x55ef2a1743cb]
53  /opt/conda/envs/gdf/bin/python(+0x12827a) [0x55ef2a17227a]
54  /opt/conda/envs/gdf/bin/python(_PyEval_EvalCodeWithName+0x47) [0x55ef2a171f07]
55  /opt/conda/envs/gdf/bin/python(PyEval_EvalCodeEx+0x39) [0x55ef2a171eb9]
56  /opt/conda/envs/gdf/bin/python(PyEval_EvalCode+0x1b) [0x55ef2a2228bb]
57  /opt/conda/envs/gdf/bin/python(+0x206adc) [0x55ef2a250adc]
58  /opt/conda/envs/gdf/bin/python(+0x202c24) [0x55ef2a24cc24]
59  /opt/conda/envs/gdf/bin/python(PyRun_StringFlags+0x9d) [0x55ef2a2447ed]
60  /opt/conda/envs/gdf/bin/python(PyRun_SimpleStringFlags+0x3d) [0x55ef2a2446bd]
61  /opt/conda/envs/gdf/bin/python(Py_RunMain+0x262) [0x55ef2a2438a2]
=================================
2023-07-19 06:45:42,047 - distributed.nanny - WARNING - Restarting worker
2023-07-19 06:45:42,187 - distributed.nanny - WARNING - Restarting worker
2023-07-19 06:45:42,188 - distributed.nanny - WARNING - Restarting worker
2023-07-19 06:45:42,221 - distributed.worker - ERROR - failed during get data with ucx://127.0.0.1:36531 -> ucx://127.0.0.1:55291
Traceback (most recent call last):
  File "/opt/conda/envs/gdf/lib/python3.9/site-packages/distributed/comm/ucx.py", line 333, in write
    await self.ep.send(each_frame)
  File "/opt/conda/envs/gdf/lib/python3.9/site-packages/ucp/core.py", line 650, in send
    return await comm.tag_send(self._ep, buffer, nbytes, tag, name=log)
ucp._libs.exceptions.UCXError: <[Send #007] ep: 0x7f7a514bb280, tag: 0x3696ae7b39830d73, nbytes: 100000000, type: <class 'cudf.core.buffer.buffer.Buffer'>>: Endpoint timeout

During handling of the above exception, another exception occurred:

Traceback (most recent call last):
  File "/opt/conda/envs/gdf/lib/python3.9/site-packages/distributed/worker.py", line 1792, in get_data
    compressed = await comm.write(msg, serializers=serializers)
  File "/opt/conda/envs/gdf/lib/python3.9/site-packages/distributed/utils.py", line 752, in wrapper
    return await func(*args, **kwargs)
  File "/opt/conda/envs/gdf/lib/python3.9/site-packages/distributed/comm/ucx.py", line 337, in write
    raise CommClosedError("While writing, the connection was closed")
distributed.comm.core.CommClosedError: While writing, the connection was closed
2023-07-19 06:45:42,222 - distributed.worker - ERROR - Worker stream died during communication: ucx://127.0.0.1:55291
Traceback (most recent call last):
  File "/opt/conda/envs/gdf/lib/python3.9/site-packages/distributed/comm/ucx.py", line 391, in read
    await self.ep.recv(each_frame)
  File "/opt/conda/envs/gdf/lib/python3.9/site-packages/ucp/core.py", line 725, in recv
    ret = await comm.tag_recv(self._ep, buffer, nbytes, tag, name=log)
ucp._libs.exceptions.UCXError: <[Recv #007] ep: 0x7f7a514bb180, tag: 0x4f826a2782d93ad2, nbytes: 100000000, type: <class 'rmm._lib.device_buffer.DeviceBuffer'>>: Endpoint timeout

During handling of the above exception, another exception occurred:

Traceback (most recent call last):
  File "/opt/conda/envs/gdf/lib/python3.9/site-packages/distributed/worker.py", line 2066, in gather_dep
    response = await get_data_from_worker(
  File "/opt/conda/envs/gdf/lib/python3.9/site-packages/distributed/worker.py", line 2892, in get_data_from_worker
    response = await send_recv(
  File "/opt/conda/envs/gdf/lib/python3.9/site-packages/distributed/core.py", line 1024, in send_recv
    response = await comm.read(deserializers=deserializers)
  File "/opt/conda/envs/gdf/lib/python3.9/site-packages/distributed/utils.py", line 752, in wrapper
    return await func(*args, **kwargs)
  File "/opt/conda/envs/gdf/lib/python3.9/site-packages/distributed/comm/ucx.py", line 397, in read
    raise CommClosedError(
distributed.comm.core.CommClosedError: Connection closed by writer.
Inner exception: UCXError("<[Recv #007] ep: 0x7f7a514bb180, tag: 0x4f826a2782d93ad2, nbytes: 100000000, type: <class 'rmm._lib.device_buffer.DeviceBuffer'>>: Endpoint timeout")
2023-07-19 06:45:42,223 - distributed.worker - ERROR - failed during get data with ucx://127.0.0.1:34311 -> ucx://127.0.0.1:55291
Traceback (most recent call last):
  File "/opt/conda/envs/gdf/lib/python3.9/site-packages/distributed/comm/ucx.py", line 333, in write
    await self.ep.send(each_frame)
  File "/opt/conda/envs/gdf/lib/python3.9/site-packages/ucp/core.py", line 650, in send
    return await comm.tag_send(self._ep, buffer, nbytes, tag, name=log)
ucp._libs.exceptions.UCXError: <[Send #007] ep: 0x7f41cc9d62c0, tag: 0x154dc4fe8b65bbff, nbytes: 100000000, type: <class 'cudf.core.buffer.buffer.Buffer'>>: Endpoint timeout

During handling of the above exception, another exception occurred:

Traceback (most recent call last):
  File "/opt/conda/envs/gdf/lib/python3.9/site-packages/distributed/worker.py", line 1792, in get_data
    compressed = await comm.write(msg, serializers=serializers)
  File "/opt/conda/envs/gdf/lib/python3.9/site-packages/distributed/utils.py", line 752, in wrapper
    return await func(*args, **kwargs)
  File "/opt/conda/envs/gdf/lib/python3.9/site-packages/distributed/comm/ucx.py", line 337, in write
    raise CommClosedError("While writing, the connection was closed")
distributed.comm.core.CommClosedError: While writing, the connection was closed
2023-07-19 06:45:42,225 - distributed.worker - ERROR - Worker stream died during communication: ucx://127.0.0.1:55291
Traceback (most recent call last):
  File "/opt/conda/envs/gdf/lib/python3.9/site-packages/distributed/comm/ucx.py", line 349, in read
    await self.ep.recv(msg)
  File "/opt/conda/envs/gdf/lib/python3.9/site-packages/ucp/core.py", line 725, in recv
    ret = await comm.tag_recv(self._ep, buffer, nbytes, tag, name=log)
ucp._libs.exceptions.UCXCanceled: <[Recv #000] ep: 0x7f41cc9d6200, tag: 0x19b9ebd95da2270a, nbytes: 16, type: <class 'numpy.ndarray'>>: 

During handling of the above exception, another exception occurred:

Traceback (most recent call last):
  File "/opt/conda/envs/gdf/lib/python3.9/site-packages/distributed/comm/core.py", line 329, in connect
    handshake = await wait_for(comm.read(), time_left())
  File "/opt/conda/envs/gdf/lib/python3.9/site-packages/distributed/utils.py", line 1849, in wait_for
    return await asyncio.wait_for(fut, timeout)
  File "/opt/conda/envs/gdf/lib/python3.9/asyncio/tasks.py", line 479, in wait_for
    return fut.result()
  File "/opt/conda/envs/gdf/lib/python3.9/site-packages/distributed/utils.py", line 752, in wrapper
    return await func(*args, **kwargs)
  File "/opt/conda/envs/gdf/lib/python3.9/site-packages/distributed/comm/ucx.py", line 367, in read
    raise CommClosedError(
distributed.comm.core.CommClosedError: Connection closed by writer.
Inner exception: UCXCanceled("<[Recv #000] ep: 0x7f41cc9d6200, tag: 0x19b9ebd95da2270a, nbytes: 16, type: <class 'numpy.ndarray'>>: ")

The above exception was the direct cause of the following exception:

Traceback (most recent call last):
  File "/opt/conda/envs/gdf/lib/python3.9/site-packages/distributed/worker.py", line 2066, in gather_dep
    response = await get_data_from_worker(
  File "/opt/conda/envs/gdf/lib/python3.9/site-packages/distributed/worker.py", line 2889, in get_data_from_worker
    comm = await rpc.connect(worker)
  File "/opt/conda/envs/gdf/lib/python3.9/site-packages/distributed/core.py", line 1506, in connect
    return await connect_attempt
  File "/opt/conda/envs/gdf/lib/python3.9/site-packages/distributed/core.py", line 1427, in _connect
    comm = await connect(
  File "/opt/conda/envs/gdf/lib/python3.9/site-packages/distributed/comm/core.py", line 334, in connect
    raise OSError(
OSError: Timed out during handshake while connecting to ucx://127.0.0.1:55291 after 30 s
2023-07-19 06:45:42,309 - distributed.nanny - WARNING - Restarting worker
2023-07-19 06:45:43,641 - distributed.preloading - INFO - Creating preload: dask_cuda.initialize
2023-07-19 06:45:43,641 - distributed.preloading - INFO - Import preload module: dask_cuda.initialize
2023-07-19 06:45:43,707 - distributed.preloading - INFO - Creating preload: dask_cuda.initialize
2023-07-19 06:45:43,707 - distributed.preloading - INFO - Import preload module: dask_cuda.initialize
2023-07-19 06:45:43,780 - distributed.preloading - INFO - Creating preload: dask_cuda.initialize
2023-07-19 06:45:43,780 - distributed.preloading - INFO - Import preload module: dask_cuda.initialize
2023-07-19 06:45:43,887 - distributed.preloading - INFO - Creating preload: dask_cuda.initialize
2023-07-19 06:45:43,887 - distributed.preloading - INFO - Import preload module: dask_cuda.initialize
/opt/conda/envs/gdf/lib/python3.9/multiprocessing/resource_tracker.py:216: UserWarning: resource_tracker: There appear to be 48 leaked semaphore objects to clean up at shutdown
  warnings.warn('resource_tracker: There appear to be %d '
