[dgx13:85597:0:85597] Caught signal 11 (Segmentation fault: address not mapped to object at address 0x448)
==== backtrace (tid:  85597) ====
 0  /opt/conda/envs/gdf/lib/libucs.so.0(ucs_handle_error+0x2fd) [0x7f94e7792f1d]
 1  /opt/conda/envs/gdf/lib/libucs.so.0(+0x29114) [0x7f94e7793114]
 2  /opt/conda/envs/gdf/lib/libucs.so.0(+0x292da) [0x7f94e77932da]
 3  /usr/lib/x86_64-linux-gnu/libpthread.so.0(+0x14420) [0x7f95a083c420]
 4  /opt/conda/envs/gdf/lib/libucp.so.0(ucp_mem_type_unpack+0x14) [0x7f94e780c5d4]
 5  /opt/conda/envs/gdf/lib/libucp.so.0(ucp_rndv_data_handler+0x4e9) [0x7f94e7831859]
 6  /opt/conda/envs/gdf/lib/libuct.so.0(+0x2042f) [0x7f94e774e42f]
 7  /opt/conda/envs/gdf/lib/libuct.so.0(+0x23798) [0x7f94e7751798]
 8  /opt/conda/envs/gdf/lib/libucs.so.0(ucs_event_set_wait+0xb9) [0x7f94e779b989]
 9  /opt/conda/envs/gdf/lib/libuct.so.0(uct_tcp_iface_progress+0x7d) [0x7f94e775062d]
10  /opt/conda/envs/gdf/lib/libucp.so.0(ucp_worker_progress+0x5a) [0x7f94e7809c4a]
11  /opt/conda/envs/gdf/lib/python3.9/site-packages/ucp/_libs/ucx_api.cpython-39-x86_64-linux-gnu.so(+0x3206a) [0x7f94e78bb06a]
12  /opt/conda/envs/gdf/bin/python(_PyEval_EvalFrameDefault+0x37cb) [0x561b7e82b6fb]
13  /opt/conda/envs/gdf/bin/python(+0x12f094) [0x561b7e827094]
14  /opt/conda/envs/gdf/bin/python(_PyFunction_Vectorcall+0xd9) [0x561b7e838519]
15  /opt/conda/envs/gdf/bin/python(_PyEval_EvalFrameDefault+0x696) [0x561b7e8285c6]
16  /opt/conda/envs/gdf/bin/python(+0x1e3162) [0x561b7e8db162]
17  /opt/conda/envs/gdf/lib/python3.9/lib-dynload/_asyncio.cpython-39-x86_64-linux-gnu.so(+0x81e9) [0x7f95940221e9]
18  /opt/conda/envs/gdf/bin/python(_PyObject_MakeTpCall+0x2ec) [0x561b7e83077c]
19  /opt/conda/envs/gdf/bin/python(+0xead05) [0x561b7e7e2d05]
20  /opt/conda/envs/gdf/bin/python(+0x1377f3) [0x561b7e82f7f3]
21  /opt/conda/envs/gdf/bin/python(_PyEval_EvalFrameDefault+0x59f9) [0x561b7e82d929]
22  /opt/conda/envs/gdf/bin/python(+0x1407c2) [0x561b7e8387c2]
23  /opt/conda/envs/gdf/bin/python(_PyEval_EvalFrameDefault+0x696) [0x561b7e8285c6]
24  /opt/conda/envs/gdf/bin/python(+0x1407c2) [0x561b7e8387c2]
25  /opt/conda/envs/gdf/bin/python(_PyEval_EvalFrameDefault+0x696) [0x561b7e8285c6]
26  /opt/conda/envs/gdf/bin/python(+0x1407c2) [0x561b7e8387c2]
27  /opt/conda/envs/gdf/bin/python(_PyEval_EvalFrameDefault+0x696) [0x561b7e8285c6]
28  /opt/conda/envs/gdf/bin/python(+0x1407c2) [0x561b7e8387c2]
29  /opt/conda/envs/gdf/bin/python(_PyEval_EvalFrameDefault+0x696) [0x561b7e8285c6]
30  /opt/conda/envs/gdf/bin/python(+0x12f094) [0x561b7e827094]
31  /opt/conda/envs/gdf/bin/python(_PyFunction_Vectorcall+0xd9) [0x561b7e838519]
32  /opt/conda/envs/gdf/bin/python(_PyEval_EvalFrameDefault+0x11f8) [0x561b7e829128]
33  /opt/conda/envs/gdf/bin/python(+0x12f094) [0x561b7e827094]
34  /opt/conda/envs/gdf/bin/python(+0x14dccb) [0x561b7e845ccb]
35  /opt/conda/envs/gdf/bin/python(PyObject_Call+0xbc) [0x561b7e84644c]
36  /opt/conda/envs/gdf/bin/python(+0x21110e) [0x561b7e90910e]
37  /opt/conda/envs/gdf/bin/python(_PyObject_MakeTpCall+0x2ec) [0x561b7e83077c]
38  /opt/conda/envs/gdf/bin/python(_PyEval_EvalFrameDefault+0x37cb) [0x561b7e82b6fb]
39  /opt/conda/envs/gdf/bin/python(+0x1407c2) [0x561b7e8387c2]
40  /opt/conda/envs/gdf/bin/python(+0x14ddac) [0x561b7e845dac]
41  /opt/conda/envs/gdf/bin/python(_PyEval_EvalFrameDefault+0x37cb) [0x561b7e82b6fb]
42  /opt/conda/envs/gdf/bin/python(+0x1407c2) [0x561b7e8387c2]
43  /opt/conda/envs/gdf/bin/python(_PyEval_EvalFrameDefault+0x696) [0x561b7e8285c6]
44  /opt/conda/envs/gdf/bin/python(+0x12f094) [0x561b7e827094]
45  /opt/conda/envs/gdf/bin/python(_PyFunction_Vectorcall+0xd9) [0x561b7e838519]
46  /opt/conda/envs/gdf/bin/python(_PyEval_EvalFrameDefault+0x696) [0x561b7e8285c6]
47  /opt/conda/envs/gdf/bin/python(+0x1407c2) [0x561b7e8387c2]
48  /opt/conda/envs/gdf/bin/python(_PyEval_EvalFrameDefault+0x3e2) [0x561b7e828312]
49  /opt/conda/envs/gdf/bin/python(+0x12f094) [0x561b7e827094]
50  /opt/conda/envs/gdf/bin/python(_PyFunction_Vectorcall+0xd9) [0x561b7e838519]
51  /opt/conda/envs/gdf/bin/python(_PyEval_EvalFrameDefault+0x11f8) [0x561b7e829128]
52  /opt/conda/envs/gdf/bin/python(+0x12f094) [0x561b7e827094]
53  /opt/conda/envs/gdf/bin/python(_PyEval_EvalCodeWithName+0x48) [0x561b7e826d68]
54  /opt/conda/envs/gdf/bin/python(PyEval_EvalCodeEx+0x39) [0x561b7e826d19]
55  /opt/conda/envs/gdf/bin/python(PyEval_EvalCode+0x1b) [0x561b7e8d407b]
56  /opt/conda/envs/gdf/bin/python(+0x208fca) [0x561b7e900fca]
57  /opt/conda/envs/gdf/bin/python(+0x205353) [0x561b7e8fd353]
58  /opt/conda/envs/gdf/bin/python(PyRun_StringFlags+0x9a) [0x561b7e8f516a]
59  /opt/conda/envs/gdf/bin/python(PyRun_SimpleStringFlags+0x3c) [0x561b7e8f505c]
60  /opt/conda/envs/gdf/bin/python(Py_RunMain+0x267) [0x561b7e8f4297]
61  /opt/conda/envs/gdf/bin/python(Py_BytesMain+0x37) [0x561b7e8c7f07]
=================================
[dgx13:85593:0:85593] Caught signal 11 (Segmentation fault: address not mapped to object at address 0x448)
==== backtrace (tid:  85593) ====
 0  /opt/conda/envs/gdf/lib/libucs.so.0(ucs_handle_error+0x2fd) [0x7f2b6cb14f1d]
 1  /opt/conda/envs/gdf/lib/libucs.so.0(+0x29114) [0x7f2b6cb15114]
 2  /opt/conda/envs/gdf/lib/libucs.so.0(+0x292da) [0x7f2b6cb152da]
 3  /usr/lib/x86_64-linux-gnu/libpthread.so.0(+0x14420) [0x7f2bffbb9420]
 4  /opt/conda/envs/gdf/lib/libucp.so.0(ucp_mem_type_unpack+0x14) [0x7f2b6cb8e5d4]
 5  /opt/conda/envs/gdf/lib/libucp.so.0(ucp_rndv_data_handler+0x4e9) [0x7f2b6cbb3859]
 6  /opt/conda/envs/gdf/lib/libuct.so.0(+0x2042f) [0x7f2b6cad042f]
 7  /opt/conda/envs/gdf/lib/libuct.so.0(+0x23798) [0x7f2b6cad3798]
 8  /opt/conda/envs/gdf/lib/libucs.so.0(ucs_event_set_wait+0xb9) [0x7f2b6cb1d989]
 9  /opt/conda/envs/gdf/lib/libuct.so.0(uct_tcp_iface_progress+0x7d) [0x7f2b6cad262d]
10  /opt/conda/envs/gdf/lib/libucp.so.0(ucp_worker_progress+0x5a) [0x7f2b6cb8bc4a]
11  /opt/conda/envs/gdf/lib/python3.9/site-packages/ucp/_libs/ucx_api.cpython-39-x86_64-linux-gnu.so(+0x3206a) [0x7f2b6cc3d06a]
12  /opt/conda/envs/gdf/bin/python(_PyEval_EvalFrameDefault+0x37cb) [0x55d8c37326fb]
13  /opt/conda/envs/gdf/bin/python(+0x12f094) [0x55d8c372e094]
14  /opt/conda/envs/gdf/bin/python(_PyFunction_Vectorcall+0xd9) [0x55d8c373f519]
15  /opt/conda/envs/gdf/bin/python(_PyEval_EvalFrameDefault+0x696) [0x55d8c372f5c6]
16  /opt/conda/envs/gdf/bin/python(+0x1e3162) [0x55d8c37e2162]
17  /opt/conda/envs/gdf/lib/python3.9/lib-dynload/_asyncio.cpython-39-x86_64-linux-gnu.so(+0x81e9) [0x7f2b7fd4d1e9]
18  /opt/conda/envs/gdf/bin/python(_PyObject_MakeTpCall+0x2ec) [0x55d8c373777c]
19  /opt/conda/envs/gdf/bin/python(+0xead05) [0x55d8c36e9d05]
20  /opt/conda/envs/gdf/bin/python(+0x1377f3) [0x55d8c37367f3]
21  /opt/conda/envs/gdf/bin/python(_PyEval_EvalFrameDefault+0x59f9) [0x55d8c3734929]
22  /opt/conda/envs/gdf/bin/python(+0x1407c2) [0x55d8c373f7c2]
23  /opt/conda/envs/gdf/bin/python(_PyEval_EvalFrameDefault+0x696) [0x55d8c372f5c6]
24  /opt/conda/envs/gdf/bin/python(+0x1407c2) [0x55d8c373f7c2]
25  /opt/conda/envs/gdf/bin/python(_PyEval_EvalFrameDefault+0x696) [0x55d8c372f5c6]
26  /opt/conda/envs/gdf/bin/python(+0x1407c2) [0x55d8c373f7c2]
27  /opt/conda/envs/gdf/bin/python(_PyEval_EvalFrameDefault+0x696) [0x55d8c372f5c6]
28  /opt/conda/envs/gdf/bin/python(+0x1407c2) [0x55d8c373f7c2]
29  /opt/conda/envs/gdf/bin/python(_PyEval_EvalFrameDefault+0x696) [0x55d8c372f5c6]
30  /opt/conda/envs/gdf/bin/python(+0x12f094) [0x55d8c372e094]
31  /opt/conda/envs/gdf/bin/python(_PyFunction_Vectorcall+0xd9) [0x55d8c373f519]
32  /opt/conda/envs/gdf/bin/python(_PyEval_EvalFrameDefault+0x11f8) [0x55d8c3730128]
33  /opt/conda/envs/gdf/bin/python(+0x12f094) [0x55d8c372e094]
34  /opt/conda/envs/gdf/bin/python(+0x14dccb) [0x55d8c374cccb]
35  /opt/conda/envs/gdf/bin/python(PyObject_Call+0xbc) [0x55d8c374d44c]
36  /opt/conda/envs/gdf/bin/python(+0x21110e) [0x55d8c381010e]
37  /opt/conda/envs/gdf/bin/python(_PyObject_MakeTpCall+0x2ec) [0x55d8c373777c]
38  /opt/conda/envs/gdf/bin/python(_PyEval_EvalFrameDefault+0x37cb) [0x55d8c37326fb]
39  /opt/conda/envs/gdf/bin/python(+0x1407c2) [0x55d8c373f7c2]
40  /opt/conda/envs/gdf/bin/python(+0x14ddac) [0x55d8c374cdac]
41  /opt/conda/envs/gdf/bin/python(_PyEval_EvalFrameDefault+0x37cb) [0x55d8c37326fb]
42  /opt/conda/envs/gdf/bin/python(+0x1407c2) [0x55d8c373f7c2]
43  /opt/conda/envs/gdf/bin/python(_PyEval_EvalFrameDefault+0x696) [0x55d8c372f5c6]
44  /opt/conda/envs/gdf/bin/python(+0x12f094) [0x55d8c372e094]
45  /opt/conda/envs/gdf/bin/python(_PyFunction_Vectorcall+0xd9) [0x55d8c373f519]
46  /opt/conda/envs/gdf/bin/python(_PyEval_EvalFrameDefault+0x696) [0x55d8c372f5c6]
47  /opt/conda/envs/gdf/bin/python(+0x1407c2) [0x55d8c373f7c2]
48  /opt/conda/envs/gdf/bin/python(_PyEval_EvalFrameDefault+0x3e2) [0x55d8c372f312]
49  /opt/conda/envs/gdf/bin/python(+0x12f094) [0x55d8c372e094]
50  /opt/conda/envs/gdf/bin/python(_PyFunction_Vectorcall+0xd9) [0x55d8c373f519]
51  /opt/conda/envs/gdf/bin/python(_PyEval_EvalFrameDefault+0x11f8) [0x55d8c3730128]
52  /opt/conda/envs/gdf/bin/python(+0x12f094) [0x55d8c372e094]
53  /opt/conda/envs/gdf/bin/python(_PyEval_EvalCodeWithName+0x48) [0x55d8c372dd68]
54  /opt/conda/envs/gdf/bin/python(PyEval_EvalCodeEx+0x39) [0x55d8c372dd19]
55  /opt/conda/envs/gdf/bin/python(PyEval_EvalCode+0x1b) [0x55d8c37db07b]
56  /opt/conda/envs/gdf/bin/python(+0x208fca) [0x55d8c3807fca]
57  /opt/conda/envs/gdf/bin/python(+0x205353) [0x55d8c3804353]
58  /opt/conda/envs/gdf/bin/python(PyRun_StringFlags+0x9a) [0x55d8c37fc16a]
59  /opt/conda/envs/gdf/bin/python(PyRun_SimpleStringFlags+0x3c) [0x55d8c37fc05c]
60  /opt/conda/envs/gdf/bin/python(Py_RunMain+0x267) [0x55d8c37fb297]
61  /opt/conda/envs/gdf/bin/python(Py_BytesMain+0x37) [0x55d8c37cef07]
=================================
[dgx13:85602:0:85602] Caught signal 11 (Segmentation fault: address not mapped to object at address 0x448)
==== backtrace (tid:  85602) ====
 0  /opt/conda/envs/gdf/lib/libucs.so.0(ucs_handle_error+0x2fd) [0x7fb425a5cf1d]
 1  /opt/conda/envs/gdf/lib/libucs.so.0(+0x29114) [0x7fb425a5d114]
 2  /opt/conda/envs/gdf/lib/libucs.so.0(+0x292da) [0x7fb425a5d2da]
 3  /usr/lib/x86_64-linux-gnu/libpthread.so.0(+0x14420) [0x7fb4ccb2b420]
 4  /opt/conda/envs/gdf/lib/libucp.so.0(ucp_mem_type_unpack+0x14) [0x7fb425ad65d4]
 5  /opt/conda/envs/gdf/lib/libucp.so.0(ucp_rndv_data_handler+0x4e9) [0x7fb425afb859]
 6  /opt/conda/envs/gdf/lib/libuct.so.0(+0x2042f) [0x7fb425a1842f]
 7  /opt/conda/envs/gdf/lib/libuct.so.0(+0x23798) [0x7fb425a1b798]
 8  /opt/conda/envs/gdf/lib/libucs.so.0(ucs_event_set_wait+0xb9) [0x7fb425a65989]
 9  /opt/conda/envs/gdf/lib/libuct.so.0(uct_tcp_iface_progress+0x7d) [0x7fb425a1a62d]
10  /opt/conda/envs/gdf/lib/libucp.so.0(ucp_worker_progress+0x5a) [0x7fb425ad3c4a]
11  /opt/conda/envs/gdf/lib/python3.9/site-packages/ucp/_libs/ucx_api.cpython-39-x86_64-linux-gnu.so(+0x3206a) [0x7fb425b8506a]
12  /opt/conda/envs/gdf/bin/python(_PyEval_EvalFrameDefault+0x37cb) [0x55705cb476fb]
13  /opt/conda/envs/gdf/bin/python(+0x12f094) [0x55705cb43094]
14  /opt/conda/envs/gdf/bin/python(_PyFunction_Vectorcall+0xd9) [0x55705cb54519]
15  /opt/conda/envs/gdf/bin/python(_PyEval_EvalFrameDefault+0x696) [0x55705cb445c6]
16  /opt/conda/envs/gdf/bin/python(+0x1407c2) [0x55705cb547c2]
17  /opt/conda/envs/gdf/bin/python(+0x14de83) [0x55705cb61e83]
18  /opt/conda/envs/gdf/bin/python(+0x258b2c) [0x55705cc6cb2c]
19  /opt/conda/envs/gdf/bin/python(+0xead05) [0x55705cafed05]
20  /opt/conda/envs/gdf/bin/python(+0x1377f3) [0x55705cb4b7f3]
21  /opt/conda/envs/gdf/bin/python(_PyEval_EvalFrameDefault+0x59f9) [0x55705cb49929]
22  /opt/conda/envs/gdf/bin/python(+0x1407c2) [0x55705cb547c2]
23  /opt/conda/envs/gdf/bin/python(_PyEval_EvalFrameDefault+0x696) [0x55705cb445c6]
24  /opt/conda/envs/gdf/bin/python(+0x1407c2) [0x55705cb547c2]
25  /opt/conda/envs/gdf/bin/python(_PyEval_EvalFrameDefault+0x696) [0x55705cb445c6]
26  /opt/conda/envs/gdf/bin/python(+0x1407c2) [0x55705cb547c2]
27  /opt/conda/envs/gdf/bin/python(_PyEval_EvalFrameDefault+0x696) [0x55705cb445c6]
28  /opt/conda/envs/gdf/bin/python(+0x1407c2) [0x55705cb547c2]
29  /opt/conda/envs/gdf/bin/python(_PyEval_EvalFrameDefault+0x696) [0x55705cb445c6]
30  /opt/conda/envs/gdf/bin/python(+0x12f094) [0x55705cb43094]
31  /opt/conda/envs/gdf/bin/python(_PyFunction_Vectorcall+0xd9) [0x55705cb54519]
32  /opt/conda/envs/gdf/bin/python(_PyEval_EvalFrameDefault+0x11f8) [0x55705cb45128]
33  /opt/conda/envs/gdf/bin/python(+0x12f094) [0x55705cb43094]
34  /opt/conda/envs/gdf/bin/python(+0x14dccb) [0x55705cb61ccb]
35  /opt/conda/envs/gdf/bin/python(PyObject_Call+0xbc) [0x55705cb6244c]
36  /opt/conda/envs/gdf/bin/python(+0x21110e) [0x55705cc2510e]
37  /opt/conda/envs/gdf/bin/python(_PyObject_MakeTpCall+0x2ec) [0x55705cb4c77c]
38  /opt/conda/envs/gdf/bin/python(_PyEval_EvalFrameDefault+0x37cb) [0x55705cb476fb]
39  /opt/conda/envs/gdf/bin/python(+0x1407c2) [0x55705cb547c2]
40  /opt/conda/envs/gdf/bin/python(+0x14ddac) [0x55705cb61dac]
41  /opt/conda/envs/gdf/bin/python(_PyEval_EvalFrameDefault+0x37cb) [0x55705cb476fb]
42  /opt/conda/envs/gdf/bin/python(+0x1407c2) [0x55705cb547c2]
43  /opt/conda/envs/gdf/bin/python(_PyEval_EvalFrameDefault+0x696) [0x55705cb445c6]
44  /opt/conda/envs/gdf/bin/python(+0x12f094) [0x55705cb43094]
45  /opt/conda/envs/gdf/bin/python(_PyFunction_Vectorcall+0xd9) [0x55705cb54519]
46  /opt/conda/envs/gdf/bin/python(_PyEval_EvalFrameDefault+0x696) [0x55705cb445c6]
47  /opt/conda/envs/gdf/bin/python(+0x1407c2) [0x55705cb547c2]
48  /opt/conda/envs/gdf/bin/python(_PyEval_EvalFrameDefault+0x3e2) [0x55705cb44312]
49  /opt/conda/envs/gdf/bin/python(+0x12f094) [0x55705cb43094]
50  /opt/conda/envs/gdf/bin/python(_PyFunction_Vectorcall+0xd9) [0x55705cb54519]
51  /opt/conda/envs/gdf/bin/python(_PyEval_EvalFrameDefault+0x11f8) [0x55705cb45128]
52  /opt/conda/envs/gdf/bin/python(+0x12f094) [0x55705cb43094]
53  /opt/conda/envs/gdf/bin/python(_PyEval_EvalCodeWithName+0x48) [0x55705cb42d68]
54  /opt/conda/envs/gdf/bin/python(PyEval_EvalCodeEx+0x39) [0x55705cb42d19]
55  /opt/conda/envs/gdf/bin/python(PyEval_EvalCode+0x1b) [0x55705cbf007b]
56  /opt/conda/envs/gdf/bin/python(+0x208fca) [0x55705cc1cfca]
57  /opt/conda/envs/gdf/bin/python(+0x205353) [0x55705cc19353]
58  /opt/conda/envs/gdf/bin/python(PyRun_StringFlags+0x9a) [0x55705cc1116a]
59  /opt/conda/envs/gdf/bin/python(PyRun_SimpleStringFlags+0x3c) [0x55705cc1105c]
60  /opt/conda/envs/gdf/bin/python(Py_RunMain+0x267) [0x55705cc10297]
61  /opt/conda/envs/gdf/bin/python(Py_BytesMain+0x37) [0x55705cbe3f07]
=================================
[dgx13:85611:0:85611] Caught signal 11 (Segmentation fault: address not mapped to object at address 0x448)
==== backtrace (tid:  85611) ====
 0  /opt/conda/envs/gdf/lib/libucs.so.0(ucs_handle_error+0x2fd) [0x7f3bb4964f1d]
 1  /opt/conda/envs/gdf/lib/libucs.so.0(+0x29114) [0x7f3bb4965114]
 2  /opt/conda/envs/gdf/lib/libucs.so.0(+0x292da) [0x7f3bb49652da]
 3  /usr/lib/x86_64-linux-gnu/libpthread.so.0(+0x14420) [0x7f3c478a5420]
 4  /opt/conda/envs/gdf/lib/libucp.so.0(ucp_mem_type_unpack+0x14) [0x7f3bb49de5d4]
 5  /opt/conda/envs/gdf/lib/libucp.so.0(ucp_rndv_data_handler+0x4e9) [0x7f3bb4a03859]
 6  /opt/conda/envs/gdf/lib/libuct.so.0(+0x2042f) [0x7f3bb492042f]
 7  /opt/conda/envs/gdf/lib/libuct.so.0(+0x23798) [0x7f3bb4923798]
 8  /opt/conda/envs/gdf/lib/libucs.so.0(ucs_event_set_wait+0xb9) [0x7f3bb496d989]
 9  /opt/conda/envs/gdf/lib/libuct.so.0(uct_tcp_iface_progress+0x7d) [0x7f3bb492262d]
10  /opt/conda/envs/gdf/lib/libucp.so.0(ucp_worker_progress+0x5a) [0x7f3bb49dbc4a]
11  /opt/conda/envs/gdf/lib/python3.9/site-packages/ucp/_libs/ucx_api.cpython-39-x86_64-linux-gnu.so(+0x3206a) [0x7f3bb4a8d06a]
12  /opt/conda/envs/gdf/bin/python(_PyEval_EvalFrameDefault+0x37cb) [0x5639764926fb]
13  /opt/conda/envs/gdf/bin/python(+0x12f094) [0x56397648e094]
14  /opt/conda/envs/gdf/bin/python(_PyFunction_Vectorcall+0xd9) [0x56397649f519]
15  /opt/conda/envs/gdf/bin/python(_PyEval_EvalFrameDefault+0x696) [0x56397648f5c6]
16  /opt/conda/envs/gdf/bin/python(+0x1407c2) [0x56397649f7c2]
17  /opt/conda/envs/gdf/bin/python(+0x14de83) [0x5639764ace83]
18  /opt/conda/envs/gdf/bin/python(+0x258b2c) [0x5639765b7b2c]
19  /opt/conda/envs/gdf/bin/python(+0xead05) [0x563976449d05]
20  /opt/conda/envs/gdf/bin/python(+0x1377f3) [0x5639764967f3]
21  /opt/conda/envs/gdf/bin/python(_PyEval_EvalFrameDefault+0x59f9) [0x563976494929]
22  /opt/conda/envs/gdf/bin/python(+0x1407c2) [0x56397649f7c2]
23  /opt/conda/envs/gdf/bin/python(_PyEval_EvalFrameDefault+0x696) [0x56397648f5c6]
24  /opt/conda/envs/gdf/bin/python(+0x1407c2) [0x56397649f7c2]
25  /opt/conda/envs/gdf/bin/python(_PyEval_EvalFrameDefault+0x696) [0x56397648f5c6]
26  /opt/conda/envs/gdf/bin/python(+0x1407c2) [0x56397649f7c2]
27  /opt/conda/envs/gdf/bin/python(_PyEval_EvalFrameDefault+0x696) [0x56397648f5c6]
28  /opt/conda/envs/gdf/bin/python(+0x1407c2) [0x56397649f7c2]
29  /opt/conda/envs/gdf/bin/python(_PyEval_EvalFrameDefault+0x696) [0x56397648f5c6]
30  /opt/conda/envs/gdf/bin/python(+0x12f094) [0x56397648e094]
31  /opt/conda/envs/gdf/bin/python(_PyFunction_Vectorcall+0xd9) [0x56397649f519]
32  /opt/conda/envs/gdf/bin/python(_PyEval_EvalFrameDefault+0x11f8) [0x563976490128]
33  /opt/conda/envs/gdf/bin/python(+0x12f094) [0x56397648e094]
34  /opt/conda/envs/gdf/bin/python(+0x14dccb) [0x5639764acccb]
35  /opt/conda/envs/gdf/bin/python(PyObject_Call+0xbc) [0x5639764ad44c]
36  /opt/conda/envs/gdf/bin/python(+0x21110e) [0x56397657010e]
37  /opt/conda/envs/gdf/bin/python(_PyObject_MakeTpCall+0x2ec) [0x56397649777c]
38  /opt/conda/envs/gdf/bin/python(_PyEval_EvalFrameDefault+0x37cb) [0x5639764926fb]
39  /opt/conda/envs/gdf/bin/python(+0x1407c2) [0x56397649f7c2]
40  /opt/conda/envs/gdf/bin/python(+0x14ddac) [0x5639764acdac]
41  /opt/conda/envs/gdf/bin/python(_PyEval_EvalFrameDefault+0x37cb) [0x5639764926fb]
42  /opt/conda/envs/gdf/bin/python(+0x1407c2) [0x56397649f7c2]
43  /opt/conda/envs/gdf/bin/python(_PyEval_EvalFrameDefault+0x696) [0x56397648f5c6]
44  /opt/conda/envs/gdf/bin/python(+0x12f094) [0x56397648e094]
45  /opt/conda/envs/gdf/bin/python(_PyFunction_Vectorcall+0xd9) [0x56397649f519]
46  /opt/conda/envs/gdf/bin/python(_PyEval_EvalFrameDefault+0x696) [0x56397648f5c6]
47  /opt/conda/envs/gdf/bin/python(+0x1407c2) [0x56397649f7c2]
48  /opt/conda/envs/gdf/bin/python(_PyEval_EvalFrameDefault+0x3e2) [0x56397648f312]
49  /opt/conda/envs/gdf/bin/python(+0x12f094) [0x56397648e094]
50  /opt/conda/envs/gdf/bin/python(_PyFunction_Vectorcall+0xd9) [0x56397649f519]
51  /opt/conda/envs/gdf/bin/python(_PyEval_EvalFrameDefault+0x11f8) [0x563976490128]
52  /opt/conda/envs/gdf/bin/python(+0x12f094) [0x56397648e094]
53  /opt/conda/envs/gdf/bin/python(_PyEval_EvalCodeWithName+0x48) [0x56397648dd68]
54  /opt/conda/envs/gdf/bin/python(PyEval_EvalCodeEx+0x39) [0x56397648dd19]
55  /opt/conda/envs/gdf/bin/python(PyEval_EvalCode+0x1b) [0x56397653b07b]
56  /opt/conda/envs/gdf/bin/python(+0x208fca) [0x563976567fca]
57  /opt/conda/envs/gdf/bin/python(+0x205353) [0x563976564353]
58  /opt/conda/envs/gdf/bin/python(PyRun_StringFlags+0x9a) [0x56397655c16a]
59  /opt/conda/envs/gdf/bin/python(PyRun_SimpleStringFlags+0x3c) [0x56397655c05c]
60  /opt/conda/envs/gdf/bin/python(Py_RunMain+0x267) [0x56397655b297]
61  /opt/conda/envs/gdf/bin/python(Py_BytesMain+0x37) [0x56397652ef07]
=================================
2023-10-13 06:24:46,680 - distributed.worker - ERROR - Worker stream died during communication: ucx://127.0.0.1:48801
Traceback (most recent call last):
  File "/opt/conda/envs/gdf/lib/python3.9/site-packages/distributed/comm/ucx.py", line 396, in read
    await self.ep.recv(each_frame)
  File "/opt/conda/envs/gdf/lib/python3.9/site-packages/ucp/core.py", line 725, in recv
    ret = await comm.tag_recv(self._ep, buffer, nbytes, tag, name=log)
ucp._libs.exceptions.UCXError: <[Recv #007] ep: 0x7f7e21b1e140, tag: 0x94106c4b259e0cf0, nbytes: 50000000, type: <class 'rmm._lib.device_buffer.DeviceBuffer'>>: Connection reset by remote peer

During handling of the above exception, another exception occurred:

Traceback (most recent call last):
  File "/opt/conda/envs/gdf/lib/python3.9/site-packages/distributed/worker.py", line 2059, in gather_dep
    response = await get_data_from_worker(
  File "/opt/conda/envs/gdf/lib/python3.9/site-packages/distributed/worker.py", line 2852, in get_data_from_worker
    response = await send_recv(
  File "/opt/conda/envs/gdf/lib/python3.9/site-packages/distributed/core.py", line 1106, in send_recv
    response = await comm.read(deserializers=deserializers)
  File "/opt/conda/envs/gdf/lib/python3.9/site-packages/distributed/utils.py", line 803, in wrapper
    return await func(*args, **kwargs)
  File "/opt/conda/envs/gdf/lib/python3.9/site-packages/distributed/comm/ucx.py", line 402, in read
    raise CommClosedError(
distributed.comm.core.CommClosedError: Connection closed by writer.
Inner exception: UCXError("<[Recv #007] ep: 0x7f7e21b1e140, tag: 0x94106c4b259e0cf0, nbytes: 50000000, type: <class 'rmm._lib.device_buffer.DeviceBuffer'>>: Connection reset by remote peer")
2023-10-13 06:24:46,681 - distributed.worker - ERROR - Worker stream died during communication: ucx://127.0.0.1:48801
Traceback (most recent call last):
  File "/opt/conda/envs/gdf/lib/python3.9/site-packages/distributed/comm/ucx.py", line 354, in read
    await self.ep.recv(msg)
  File "/opt/conda/envs/gdf/lib/python3.9/site-packages/ucp/core.py", line 725, in recv
    ret = await comm.tag_recv(self._ep, buffer, nbytes, tag, name=log)
ucp._libs.exceptions.UCXCanceled: <[Recv #003] ep: 0x7f074df08100, tag: 0x1548d5d384e47187, nbytes: 16, type: <class 'numpy.ndarray'>>: 

During handling of the above exception, another exception occurred:

Traceback (most recent call last):
  File "/opt/conda/envs/gdf/lib/python3.9/site-packages/distributed/worker.py", line 2059, in gather_dep
    response = await get_data_from_worker(
  File "/opt/conda/envs/gdf/lib/python3.9/site-packages/distributed/worker.py", line 2852, in get_data_from_worker
    response = await send_recv(
  File "/opt/conda/envs/gdf/lib/python3.9/site-packages/distributed/core.py", line 1106, in send_recv
    response = await comm.read(deserializers=deserializers)
  File "/opt/conda/envs/gdf/lib/python3.9/site-packages/distributed/utils.py", line 803, in wrapper
    return await func(*args, **kwargs)
  File "/opt/conda/envs/gdf/lib/python3.9/site-packages/distributed/comm/ucx.py", line 372, in read
    raise CommClosedError(
distributed.comm.core.CommClosedError: Connection closed by writer.
Inner exception: UCXCanceled("<[Recv #003] ep: 0x7f074df08100, tag: 0x1548d5d384e47187, nbytes: 16, type: <class 'numpy.ndarray'>>: ")
2023-10-13 06:24:46,681 - distributed.worker - ERROR - failed during get data with ucx://127.0.0.1:44749 -> ucx://127.0.0.1:48801
Traceback (most recent call last):
  File "/opt/conda/envs/gdf/lib/python3.9/site-packages/distributed/comm/ucx.py", line 338, in write
    await self.ep.send(each_frame)
  File "/opt/conda/envs/gdf/lib/python3.9/site-packages/ucp/core.py", line 650, in send
    return await comm.tag_send(self._ep, buffer, nbytes, tag, name=log)
ucp._libs.exceptions.UCXError: <[Send #007] ep: 0x7f47442872c0, tag: 0x49a408cac08c8d42, nbytes: 50000000, type: <class 'cupy.ndarray'>>: Connection reset by remote peer

During handling of the above exception, another exception occurred:

Traceback (most recent call last):
  File "/opt/conda/envs/gdf/lib/python3.9/site-packages/distributed/worker.py", line 1782, in get_data
    compressed = await comm.write(msg, serializers=serializers)
  File "/opt/conda/envs/gdf/lib/python3.9/site-packages/distributed/utils.py", line 803, in wrapper
    return await func(*args, **kwargs)
  File "/opt/conda/envs/gdf/lib/python3.9/site-packages/distributed/comm/ucx.py", line 342, in write
    raise CommClosedError("While writing, the connection was closed")
distributed.comm.core.CommClosedError: While writing, the connection was closed
2023-10-13 06:24:46,682 - distributed.worker - ERROR - Worker stream died during communication: ucx://127.0.0.1:48801
Traceback (most recent call last):
  File "/opt/conda/envs/gdf/lib/python3.9/site-packages/distributed/comm/ucx.py", line 354, in read
    await self.ep.recv(msg)
  File "/opt/conda/envs/gdf/lib/python3.9/site-packages/ucp/core.py", line 725, in recv
    ret = await comm.tag_recv(self._ep, buffer, nbytes, tag, name=log)
ucp._libs.exceptions.UCXCanceled: <[Recv #003] ep: 0x7f4744287100, tag: 0xdff0e8d755358457, nbytes: 16, type: <class 'numpy.ndarray'>>: 

During handling of the above exception, another exception occurred:

Traceback (most recent call last):
  File "/opt/conda/envs/gdf/lib/python3.9/site-packages/distributed/worker.py", line 2059, in gather_dep
    response = await get_data_from_worker(
  File "/opt/conda/envs/gdf/lib/python3.9/site-packages/distributed/worker.py", line 2852, in get_data_from_worker
    response = await send_recv(
  File "/opt/conda/envs/gdf/lib/python3.9/site-packages/distributed/core.py", line 1106, in send_recv
    response = await comm.read(deserializers=deserializers)
  File "/opt/conda/envs/gdf/lib/python3.9/site-packages/distributed/utils.py", line 803, in wrapper
    return await func(*args, **kwargs)
  File "/opt/conda/envs/gdf/lib/python3.9/site-packages/distributed/comm/ucx.py", line 372, in read
    raise CommClosedError(
distributed.comm.core.CommClosedError: Connection closed by writer.
Inner exception: UCXCanceled("<[Recv #003] ep: 0x7f4744287100, tag: 0xdff0e8d755358457, nbytes: 16, type: <class 'numpy.ndarray'>>: ")
2023-10-13 06:24:46,693 - distributed.worker - ERROR - Worker stream died during communication: ucx://127.0.0.1:44775
Traceback (most recent call last):
  File "/opt/conda/envs/gdf/lib/python3.9/site-packages/distributed/comm/ucx.py", line 354, in read
    await self.ep.recv(msg)
  File "/opt/conda/envs/gdf/lib/python3.9/site-packages/ucp/core.py", line 725, in recv
    ret = await comm.tag_recv(self._ep, buffer, nbytes, tag, name=log)
ucp._libs.exceptions.UCXCanceled: <[Recv #003] ep: 0x7f7e21b1e1c0, tag: 0x370b03a1cdb1c38e, nbytes: 16, type: <class 'numpy.ndarray'>>: 

During handling of the above exception, another exception occurred:

Traceback (most recent call last):
  File "/opt/conda/envs/gdf/lib/python3.9/site-packages/distributed/worker.py", line 2059, in gather_dep
    response = await get_data_from_worker(
  File "/opt/conda/envs/gdf/lib/python3.9/site-packages/distributed/worker.py", line 2852, in get_data_from_worker
    response = await send_recv(
  File "/opt/conda/envs/gdf/lib/python3.9/site-packages/distributed/core.py", line 1106, in send_recv
    response = await comm.read(deserializers=deserializers)
  File "/opt/conda/envs/gdf/lib/python3.9/site-packages/distributed/utils.py", line 803, in wrapper
    return await func(*args, **kwargs)
  File "/opt/conda/envs/gdf/lib/python3.9/site-packages/distributed/comm/ucx.py", line 372, in read
    raise CommClosedError(
distributed.comm.core.CommClosedError: Connection closed by writer.
Inner exception: UCXCanceled("<[Recv #003] ep: 0x7f7e21b1e1c0, tag: 0x370b03a1cdb1c38e, nbytes: 16, type: <class 'numpy.ndarray'>>: ")
2023-10-13 06:24:46,694 - distributed.worker - ERROR - failed during get data with ucx://127.0.0.1:48379 -> ucx://127.0.0.1:44775
Traceback (most recent call last):
  File "/opt/conda/envs/gdf/lib/python3.9/site-packages/distributed/comm/ucx.py", line 338, in write
    await self.ep.send(each_frame)
  File "/opt/conda/envs/gdf/lib/python3.9/site-packages/ucp/core.py", line 650, in send
    return await comm.tag_send(self._ep, buffer, nbytes, tag, name=log)
ucp._libs.exceptions.UCXError: <[Send #007] ep: 0x7f7e21b1e2c0, tag: 0xed9be12c0c720c2b, nbytes: 50000000, type: <class 'cupy.ndarray'>>: Connection reset by remote peer

During handling of the above exception, another exception occurred:

Traceback (most recent call last):
  File "/opt/conda/envs/gdf/lib/python3.9/site-packages/distributed/worker.py", line 1782, in get_data
    compressed = await comm.write(msg, serializers=serializers)
  File "/opt/conda/envs/gdf/lib/python3.9/site-packages/distributed/utils.py", line 803, in wrapper
    return await func(*args, **kwargs)
  File "/opt/conda/envs/gdf/lib/python3.9/site-packages/distributed/comm/ucx.py", line 342, in write
    raise CommClosedError("While writing, the connection was closed")
distributed.comm.core.CommClosedError: While writing, the connection was closed
2023-10-13 06:24:46,694 - distributed.worker - ERROR - Worker stream died during communication: ucx://127.0.0.1:44775
Traceback (most recent call last):
  File "/opt/conda/envs/gdf/lib/python3.9/site-packages/distributed/comm/ucx.py", line 354, in read
    await self.ep.recv(msg)
  File "/opt/conda/envs/gdf/lib/python3.9/site-packages/ucp/core.py", line 725, in recv
    ret = await comm.tag_recv(self._ep, buffer, nbytes, tag, name=log)
ucp._libs.exceptions.UCXCanceled: <[Recv #003] ep: 0x7f054efe7140, tag: 0xe7f627e7845de85a, nbytes: 16, type: <class 'numpy.ndarray'>>: 

During handling of the above exception, another exception occurred:

Traceback (most recent call last):
  File "/opt/conda/envs/gdf/lib/python3.9/site-packages/distributed/worker.py", line 2059, in gather_dep
    response = await get_data_from_worker(
  File "/opt/conda/envs/gdf/lib/python3.9/site-packages/distributed/worker.py", line 2852, in get_data_from_worker
    response = await send_recv(
  File "/opt/conda/envs/gdf/lib/python3.9/site-packages/distributed/core.py", line 1106, in send_recv
    response = await comm.read(deserializers=deserializers)
  File "/opt/conda/envs/gdf/lib/python3.9/site-packages/distributed/utils.py", line 803, in wrapper
    return await func(*args, **kwargs)
  File "/opt/conda/envs/gdf/lib/python3.9/site-packages/distributed/comm/ucx.py", line 372, in read
    raise CommClosedError(
distributed.comm.core.CommClosedError: Connection closed by writer.
Inner exception: UCXCanceled("<[Recv #003] ep: 0x7f054efe7140, tag: 0xe7f627e7845de85a, nbytes: 16, type: <class 'numpy.ndarray'>>: ")
2023-10-13 06:24:46,697 - distributed.worker - ERROR - Worker stream died during communication: ucx://127.0.0.1:35619
Traceback (most recent call last):
  File "/opt/conda/envs/gdf/lib/python3.9/site-packages/distributed/comm/ucx.py", line 354, in read
    await self.ep.recv(msg)
  File "/opt/conda/envs/gdf/lib/python3.9/site-packages/ucp/core.py", line 725, in recv
    ret = await comm.tag_recv(self._ep, buffer, nbytes, tag, name=log)
ucp._libs.exceptions.UCXCanceled: <[Recv #003] ep: 0x7f47442871c0, tag: 0xfe58e8d882c2d905, nbytes: 16, type: <class 'numpy.ndarray'>>: 

During handling of the above exception, another exception occurred:

Traceback (most recent call last):
  File "/opt/conda/envs/gdf/lib/python3.9/site-packages/distributed/worker.py", line 2059, in gather_dep
    response = await get_data_from_worker(
  File "/opt/conda/envs/gdf/lib/python3.9/site-packages/distributed/worker.py", line 2852, in get_data_from_worker
    response = await send_recv(
  File "/opt/conda/envs/gdf/lib/python3.9/site-packages/distributed/core.py", line 1106, in send_recv
    response = await comm.read(deserializers=deserializers)
  File "/opt/conda/envs/gdf/lib/python3.9/site-packages/distributed/utils.py", line 803, in wrapper
    return await func(*args, **kwargs)
  File "/opt/conda/envs/gdf/lib/python3.9/site-packages/distributed/comm/ucx.py", line 372, in read
    raise CommClosedError(
distributed.comm.core.CommClosedError: Connection closed by writer.
Inner exception: UCXCanceled("<[Recv #003] ep: 0x7f47442871c0, tag: 0xfe58e8d882c2d905, nbytes: 16, type: <class 'numpy.ndarray'>>: ")
2023-10-13 06:24:46,698 - distributed.worker - ERROR - failed during get data with ucx://127.0.0.1:44749 -> ucx://127.0.0.1:35619
Traceback (most recent call last):
  File "/opt/conda/envs/gdf/lib/python3.9/site-packages/distributed/comm/ucx.py", line 338, in write
    await self.ep.send(each_frame)
  File "/opt/conda/envs/gdf/lib/python3.9/site-packages/ucp/core.py", line 650, in send
    return await comm.tag_send(self._ep, buffer, nbytes, tag, name=log)
ucp._libs.exceptions.UCXError: <[Send #007] ep: 0x7f4744287280, tag: 0x9573c89caf3973f2, nbytes: 50000000, type: <class 'cupy.ndarray'>>: Connection reset by remote peer

During handling of the above exception, another exception occurred:

Traceback (most recent call last):
  File "/opt/conda/envs/gdf/lib/python3.9/site-packages/distributed/worker.py", line 1782, in get_data
    compressed = await comm.write(msg, serializers=serializers)
  File "/opt/conda/envs/gdf/lib/python3.9/site-packages/distributed/utils.py", line 803, in wrapper
    return await func(*args, **kwargs)
  File "/opt/conda/envs/gdf/lib/python3.9/site-packages/distributed/comm/ucx.py", line 342, in write
    raise CommClosedError("While writing, the connection was closed")
distributed.comm.core.CommClosedError: While writing, the connection was closed
2023-10-13 06:24:46,698 - distributed.worker - ERROR - Worker stream died during communication: ucx://127.0.0.1:35619
Traceback (most recent call last):
  File "/opt/conda/envs/gdf/lib/python3.9/site-packages/distributed/comm/ucx.py", line 354, in read
    await self.ep.recv(msg)
  File "/opt/conda/envs/gdf/lib/python3.9/site-packages/ucp/core.py", line 725, in recv
    ret = await comm.tag_recv(self._ep, buffer, nbytes, tag, name=log)
ucp._libs.exceptions.UCXCanceled: <[Recv #008] ep: 0x7f074df08140, tag: 0x4b4dfda58706afff, nbytes: 16, type: <class 'numpy.ndarray'>>: 

During handling of the above exception, another exception occurred:

Traceback (most recent call last):
  File "/opt/conda/envs/gdf/lib/python3.9/site-packages/distributed/worker.py", line 2059, in gather_dep
    response = await get_data_from_worker(
  File "/opt/conda/envs/gdf/lib/python3.9/site-packages/distributed/worker.py", line 2852, in get_data_from_worker
    response = await send_recv(
  File "/opt/conda/envs/gdf/lib/python3.9/site-packages/distributed/core.py", line 1106, in send_recv
    response = await comm.read(deserializers=deserializers)
  File "/opt/conda/envs/gdf/lib/python3.9/site-packages/distributed/utils.py", line 803, in wrapper
    return await func(*args, **kwargs)
  File "/opt/conda/envs/gdf/lib/python3.9/site-packages/distributed/comm/ucx.py", line 372, in read
    raise CommClosedError(
distributed.comm.core.CommClosedError: Connection closed by writer.
Inner exception: UCXCanceled("<[Recv #008] ep: 0x7f074df08140, tag: 0x4b4dfda58706afff, nbytes: 16, type: <class 'numpy.ndarray'>>: ")
2023-10-13 06:24:46,699 - distributed.worker - ERROR - Worker stream died during communication: ucx://127.0.0.1:35619
Traceback (most recent call last):
  File "/opt/conda/envs/gdf/lib/python3.9/site-packages/distributed/comm/ucx.py", line 354, in read
    await self.ep.recv(msg)
  File "/opt/conda/envs/gdf/lib/python3.9/site-packages/ucp/core.py", line 725, in recv
    ret = await comm.tag_recv(self._ep, buffer, nbytes, tag, name=log)
ucp._libs.exceptions.UCXCanceled: <[Recv #003] ep: 0x7f054efe7180, tag: 0xa1d29d99918ec96e, nbytes: 16, type: <class 'numpy.ndarray'>>: 

During handling of the above exception, another exception occurred:

Traceback (most recent call last):
  File "/opt/conda/envs/gdf/lib/python3.9/site-packages/distributed/worker.py", line 2059, in gather_dep
    response = await get_data_from_worker(
  File "/opt/conda/envs/gdf/lib/python3.9/site-packages/distributed/worker.py", line 2852, in get_data_from_worker
    response = await send_recv(
  File "/opt/conda/envs/gdf/lib/python3.9/site-packages/distributed/core.py", line 1106, in send_recv
    response = await comm.read(deserializers=deserializers)
  File "/opt/conda/envs/gdf/lib/python3.9/site-packages/distributed/utils.py", line 803, in wrapper
    return await func(*args, **kwargs)
  File "/opt/conda/envs/gdf/lib/python3.9/site-packages/distributed/comm/ucx.py", line 372, in read
    raise CommClosedError(
distributed.comm.core.CommClosedError: Connection closed by writer.
Inner exception: UCXCanceled("<[Recv #003] ep: 0x7f054efe7180, tag: 0xa1d29d99918ec96e, nbytes: 16, type: <class 'numpy.ndarray'>>: ")
2023-10-13 06:24:46,743 - distributed.worker - ERROR - failed during get data with ucx://127.0.0.1:48081 -> ucx://127.0.0.1:59407
Traceback (most recent call last):
  File "/opt/conda/envs/gdf/lib/python3.9/site-packages/distributed/comm/ucx.py", line 338, in write
    await self.ep.send(each_frame)
  File "/opt/conda/envs/gdf/lib/python3.9/site-packages/ucp/core.py", line 650, in send
    return await comm.tag_send(self._ep, buffer, nbytes, tag, name=log)
ucp._libs.exceptions.UCXError: <[Send #007] ep: 0x7f054efe7240, tag: 0x97434aede4231c6f, nbytes: 50000000, type: <class 'cupy.ndarray'>>: Connection reset by remote peer

During handling of the above exception, another exception occurred:

Traceback (most recent call last):
  File "/opt/conda/envs/gdf/lib/python3.9/site-packages/distributed/worker.py", line 1782, in get_data
    compressed = await comm.write(msg, serializers=serializers)
  File "/opt/conda/envs/gdf/lib/python3.9/site-packages/distributed/utils.py", line 803, in wrapper
    return await func(*args, **kwargs)
  File "/opt/conda/envs/gdf/lib/python3.9/site-packages/distributed/comm/ucx.py", line 342, in write
    raise CommClosedError("While writing, the connection was closed")
distributed.comm.core.CommClosedError: While writing, the connection was closed
2023-10-13 06:24:46,743 - distributed.worker - ERROR - Worker stream died during communication: ucx://127.0.0.1:59407
Traceback (most recent call last):
  File "/opt/conda/envs/gdf/lib/python3.9/site-packages/distributed/comm/ucx.py", line 354, in read
    await self.ep.recv(msg)
  File "/opt/conda/envs/gdf/lib/python3.9/site-packages/ucp/core.py", line 725, in recv
    ret = await comm.tag_recv(self._ep, buffer, nbytes, tag, name=log)
ucp._libs.exceptions.UCXCanceled: <[Recv #003] ep: 0x7f054efe71c0, tag: 0x74d0dddeb99d787b, nbytes: 16, type: <class 'numpy.ndarray'>>: 

During handling of the above exception, another exception occurred:

Traceback (most recent call last):
  File "/opt/conda/envs/gdf/lib/python3.9/site-packages/distributed/worker.py", line 2059, in gather_dep
    response = await get_data_from_worker(
  File "/opt/conda/envs/gdf/lib/python3.9/site-packages/distributed/worker.py", line 2852, in get_data_from_worker
    response = await send_recv(
  File "/opt/conda/envs/gdf/lib/python3.9/site-packages/distributed/core.py", line 1106, in send_recv
    response = await comm.read(deserializers=deserializers)
  File "/opt/conda/envs/gdf/lib/python3.9/site-packages/distributed/utils.py", line 803, in wrapper
    return await func(*args, **kwargs)
  File "/opt/conda/envs/gdf/lib/python3.9/site-packages/distributed/comm/ucx.py", line 372, in read
    raise CommClosedError(
distributed.comm.core.CommClosedError: Connection closed by writer.
Inner exception: UCXCanceled("<[Recv #003] ep: 0x7f054efe71c0, tag: 0x74d0dddeb99d787b, nbytes: 16, type: <class 'numpy.ndarray'>>: ")
2023-10-13 06:24:46,748 - distributed.worker - ERROR - Worker stream died during communication: ucx://127.0.0.1:59407
Traceback (most recent call last):
  File "/opt/conda/envs/gdf/lib/python3.9/site-packages/distributed/comm/ucx.py", line 354, in read
    await self.ep.recv(msg)
  File "/opt/conda/envs/gdf/lib/python3.9/site-packages/ucp/core.py", line 725, in recv
    ret = await comm.tag_recv(self._ep, buffer, nbytes, tag, name=log)
ucp._libs.exceptions.UCXCanceled: <[Recv #008] ep: 0x7f7e21b1e180, tag: 0xf3fe2bb569b4bf08, nbytes: 16, type: <class 'numpy.ndarray'>>: 

During handling of the above exception, another exception occurred:

Traceback (most recent call last):
  File "/opt/conda/envs/gdf/lib/python3.9/site-packages/distributed/worker.py", line 2059, in gather_dep
    response = await get_data_from_worker(
  File "/opt/conda/envs/gdf/lib/python3.9/site-packages/distributed/worker.py", line 2852, in get_data_from_worker
    response = await send_recv(
  File "/opt/conda/envs/gdf/lib/python3.9/site-packages/distributed/core.py", line 1106, in send_recv
    response = await comm.read(deserializers=deserializers)
  File "/opt/conda/envs/gdf/lib/python3.9/site-packages/distributed/utils.py", line 803, in wrapper
    return await func(*args, **kwargs)
  File "/opt/conda/envs/gdf/lib/python3.9/site-packages/distributed/comm/ucx.py", line 372, in read
    raise CommClosedError(
distributed.comm.core.CommClosedError: Connection closed by writer.
Inner exception: UCXCanceled("<[Recv #008] ep: 0x7f7e21b1e180, tag: 0xf3fe2bb569b4bf08, nbytes: 16, type: <class 'numpy.ndarray'>>: ")
2023-10-13 06:24:46,917 - distributed.nanny - WARNING - Restarting worker
2023-10-13 06:24:46,956 - distributed.nanny - WARNING - Restarting worker
2023-10-13 06:24:46,957 - distributed.nanny - WARNING - Restarting worker
2023-10-13 06:24:46,968 - distributed.nanny - WARNING - Restarting worker
/opt/conda/envs/gdf/lib/python3.9/multiprocessing/resource_tracker.py:216: UserWarning: resource_tracker: There appear to be 48 leaked semaphore objects to clean up at shutdown
  warnings.warn('resource_tracker: There appear to be %d '
