2023-05-08 06:08:56,709 - distributed.preloading - INFO - Creating preload: dask_cuda.initialize
2023-05-08 06:08:56,709 - distributed.preloading - INFO - Import preload module: dask_cuda.initialize
2023-05-08 06:08:56,727 - distributed.preloading - INFO - Creating preload: dask_cuda.initialize
2023-05-08 06:08:56,727 - distributed.preloading - INFO - Import preload module: dask_cuda.initialize
2023-05-08 06:08:56,731 - distributed.preloading - INFO - Creating preload: dask_cuda.initialize
2023-05-08 06:08:56,731 - distributed.preloading - INFO - Import preload module: dask_cuda.initialize
2023-05-08 06:08:56,732 - distributed.preloading - INFO - Creating preload: dask_cuda.initialize
2023-05-08 06:08:56,732 - distributed.preloading - INFO - Import preload module: dask_cuda.initialize
2023-05-08 06:08:56,767 - distributed.preloading - INFO - Creating preload: dask_cuda.initialize
2023-05-08 06:08:56,767 - distributed.preloading - INFO - Import preload module: dask_cuda.initialize
2023-05-08 06:08:56,787 - distributed.preloading - INFO - Creating preload: dask_cuda.initialize
2023-05-08 06:08:56,787 - distributed.preloading - INFO - Import preload module: dask_cuda.initialize
2023-05-08 06:08:56,788 - distributed.preloading - INFO - Creating preload: dask_cuda.initialize
2023-05-08 06:08:56,788 - distributed.preloading - INFO - Import preload module: dask_cuda.initialize
2023-05-08 06:08:56,811 - distributed.preloading - INFO - Creating preload: dask_cuda.initialize
2023-05-08 06:08:56,811 - distributed.preloading - INFO - Import preload module: dask_cuda.initialize
[dgx13:1396 :0:1396] Caught signal 11 (Segmentation fault: address not mapped to object at address 0x448)
==== backtrace (tid:   1396) ====
 0  /opt/conda/envs/gdf/lib/libucs.so.0(ucs_handle_error+0x2dc) [0x7f3808efadec]
 1  /opt/conda/envs/gdf/lib/libucs.so.0(+0x31fcf) [0x7f3808efafcf]
 2  /opt/conda/envs/gdf/lib/libucs.so.0(+0x32304) [0x7f3808efb304]
 3  /usr/lib/x86_64-linux-gnu/libpthread.so.0(+0x14420) [0x7f38a81e4420]
 4  /opt/conda/envs/gdf/lib/libucp.so.0(ucp_mem_type_unpack+0x18) [0x7f3808f8a8d8]
 5  /opt/conda/envs/gdf/lib/libucp.so.0(ucp_rndv_data_handler+0x508) [0x7f3808fbf618]
 6  /opt/conda/envs/gdf/lib/libuct.so.0(+0x23487) [0x7f3808eaa487]
 7  /opt/conda/envs/gdf/lib/libuct.so.0(+0x23a68) [0x7f3808eaaa68]
 8  /opt/conda/envs/gdf/lib/libuct.so.0(+0x2612c) [0x7f3808ead12c]
 9  /opt/conda/envs/gdf/lib/libucs.so.0(ucs_event_set_wait+0xf9) [0x7f3808f064d9]
10  /opt/conda/envs/gdf/lib/libuct.so.0(uct_tcp_iface_progress+0x7b) [0x7f3808ead1db]
11  /opt/conda/envs/gdf/lib/libucp.so.0(ucp_worker_progress+0x6a) [0x7f3808f86d4a]
12  /opt/conda/envs/gdf/lib/python3.9/site-packages/ucp/_libs/ucx_api.cpython-39-x86_64-linux-gnu.so(+0x286e1) [0x7f380904a6e1]
13  /opt/conda/envs/gdf/bin/python(+0x13eb08) [0x55b45bc91b08]
14  /opt/conda/envs/gdf/bin/python(_PyEval_EvalFrameDefault+0x5f82) [0x55b45bc82112]
15  /opt/conda/envs/gdf/bin/python(+0x12827a) [0x55b45bc7b27a]
16  /opt/conda/envs/gdf/bin/python(_PyFunction_Vectorcall+0xd5) [0x55b45bc8cc05]
17  /opt/conda/envs/gdf/bin/python(_PyEval_EvalFrameDefault+0x68b) [0x55b45bc7c81b]
18  /opt/conda/envs/gdf/bin/python(+0x14e70e) [0x55b45bca170e]
19  /opt/conda/envs/gdf/lib/python3.9/lib-dynload/_asyncio.cpython-39-x86_64-linux-gnu.so(+0x82fe) [0x7f3827c402fe]
20  /opt/conda/envs/gdf/bin/python(_PyObject_MakeTpCall+0x2fc) [0x55b45bc852bc]
21  /opt/conda/envs/gdf/bin/python(+0xe5817) [0x55b45bc38817]
22  /opt/conda/envs/gdf/bin/python(+0x130f83) [0x55b45bc83f83]
23  /opt/conda/envs/gdf/bin/python(_PyEval_EvalFrameDefault+0x5ba6) [0x55b45bc81d36]
24  /opt/conda/envs/gdf/bin/python(+0x139ef3) [0x55b45bc8cef3]
25  /opt/conda/envs/gdf/bin/python(_PyEval_EvalFrameDefault+0x68b) [0x55b45bc7c81b]
26  /opt/conda/envs/gdf/bin/python(+0x139ef3) [0x55b45bc8cef3]
27  /opt/conda/envs/gdf/bin/python(_PyEval_EvalFrameDefault+0x68b) [0x55b45bc7c81b]
28  /opt/conda/envs/gdf/bin/python(+0x139ef3) [0x55b45bc8cef3]
29  /opt/conda/envs/gdf/bin/python(_PyEval_EvalFrameDefault+0x68b) [0x55b45bc7c81b]
30  /opt/conda/envs/gdf/bin/python(+0x139ef3) [0x55b45bc8cef3]
31  /opt/conda/envs/gdf/bin/python(_PyEval_EvalFrameDefault+0x68b) [0x55b45bc7c81b]
32  /opt/conda/envs/gdf/bin/python(+0x12827a) [0x55b45bc7b27a]
33  /opt/conda/envs/gdf/bin/python(_PyFunction_Vectorcall+0xd5) [0x55b45bc8cc05]
34  /opt/conda/envs/gdf/bin/python(_PyEval_EvalFrameDefault+0x4e17) [0x55b45bc80fa7]
35  /opt/conda/envs/gdf/bin/python(+0x12827a) [0x55b45bc7b27a]
36  /opt/conda/envs/gdf/bin/python(+0x147935) [0x55b45bc9a935]
37  /opt/conda/envs/gdf/bin/python(PyObject_Call+0xb4) [0x55b45bc9b104]
38  /opt/conda/envs/gdf/bin/python(+0x20efc8) [0x55b45bd61fc8]
39  /opt/conda/envs/gdf/bin/python(_PyObject_MakeTpCall+0x2fc) [0x55b45bc852bc]
40  /opt/conda/envs/gdf/bin/python(_PyEval_EvalFrameDefault+0x402b) [0x55b45bc801bb]
41  /opt/conda/envs/gdf/bin/python(+0x139ef3) [0x55b45bc8cef3]
42  /opt/conda/envs/gdf/bin/python(+0x147c72) [0x55b45bc9ac72]
43  /opt/conda/envs/gdf/bin/python(_PyEval_EvalFrameDefault+0x402b) [0x55b45bc801bb]
44  /opt/conda/envs/gdf/bin/python(+0x139ef3) [0x55b45bc8cef3]
45  /opt/conda/envs/gdf/bin/python(_PyEval_EvalFrameDefault+0x68b) [0x55b45bc7c81b]
46  /opt/conda/envs/gdf/bin/python(+0x12827a) [0x55b45bc7b27a]
47  /opt/conda/envs/gdf/bin/python(_PyFunction_Vectorcall+0xd5) [0x55b45bc8cc05]
48  /opt/conda/envs/gdf/bin/python(_PyEval_EvalFrameDefault+0x68b) [0x55b45bc7c81b]
49  /opt/conda/envs/gdf/bin/python(+0x139ef3) [0x55b45bc8cef3]
50  /opt/conda/envs/gdf/bin/python(_PyEval_EvalFrameDefault+0x3d8) [0x55b45bc7c568]
51  /opt/conda/envs/gdf/bin/python(+0x12827a) [0x55b45bc7b27a]
52  /opt/conda/envs/gdf/bin/python(_PyFunction_Vectorcall+0xd5) [0x55b45bc8cc05]
53  /opt/conda/envs/gdf/bin/python(_PyEval_EvalFrameDefault+0x123b) [0x55b45bc7d3cb]
54  /opt/conda/envs/gdf/bin/python(+0x12827a) [0x55b45bc7b27a]
55  /opt/conda/envs/gdf/bin/python(_PyEval_EvalCodeWithName+0x47) [0x55b45bc7af07]
56  /opt/conda/envs/gdf/bin/python(PyEval_EvalCodeEx+0x39) [0x55b45bc7aeb9]
57  /opt/conda/envs/gdf/bin/python(PyEval_EvalCode+0x1b) [0x55b45bd2b8bb]
58  /opt/conda/envs/gdf/bin/python(+0x206adc) [0x55b45bd59adc]
59  /opt/conda/envs/gdf/bin/python(+0x202c24) [0x55b45bd55c24]
60  /opt/conda/envs/gdf/bin/python(PyRun_StringFlags+0x9d) [0x55b45bd4d7ed]
61  /opt/conda/envs/gdf/bin/python(PyRun_SimpleStringFlags+0x3d) [0x55b45bd4d6bd]
=================================
[dgx13:1375 :0:1375] Caught signal 11 (Segmentation fault: address not mapped to object at address 0x448)
==== backtrace (tid:   1375) ====
 0  /opt/conda/envs/gdf/lib/libucs.so.0(ucs_handle_error+0x2dc) [0x7ff3d8c5cdec]
 1  /opt/conda/envs/gdf/lib/libucs.so.0(+0x31fcf) [0x7ff3d8c5cfcf]
 2  /opt/conda/envs/gdf/lib/libucs.so.0(+0x32304) [0x7ff3d8c5d304]
 3  /usr/lib/x86_64-linux-gnu/libpthread.so.0(+0x14420) [0x7ff477db8420]
 4  /opt/conda/envs/gdf/lib/libucp.so.0(ucp_mem_type_unpack+0x18) [0x7ff3d8cec8d8]
 5  /opt/conda/envs/gdf/lib/libucp.so.0(ucp_rndv_data_handler+0x508) [0x7ff3d8d21618]
 6  /opt/conda/envs/gdf/lib/libuct.so.0(+0x23487) [0x7ff3d8c0c487]
 7  /opt/conda/envs/gdf/lib/libuct.so.0(+0x23a68) [0x7ff3d8c0ca68]
 8  /opt/conda/envs/gdf/lib/libuct.so.0(+0x2612c) [0x7ff3d8c0f12c]
 9  /opt/conda/envs/gdf/lib/libucs.so.0(ucs_event_set_wait+0xf9) [0x7ff3d8c684d9]
10  /opt/conda/envs/gdf/lib/libuct.so.0(uct_tcp_iface_progress+0x7b) [0x7ff3d8c0f1db]
11  /opt/conda/envs/gdf/lib/libucp.so.0(ucp_worker_progress+0x6a) [0x7ff3d8ce8d4a]
12  /opt/conda/envs/gdf/lib/python3.9/site-packages/ucp/_libs/ucx_api.cpython-39-x86_64-linux-gnu.so(+0x286e1) [0x7ff3d8dac6e1]
13  /opt/conda/envs/gdf/bin/python(+0x13eb08) [0x557e9f100b08]
14  /opt/conda/envs/gdf/bin/python(_PyEval_EvalFrameDefault+0x5f82) [0x557e9f0f1112]
15  /opt/conda/envs/gdf/bin/python(+0x12827a) [0x557e9f0ea27a]
16  /opt/conda/envs/gdf/bin/python(_PyFunction_Vectorcall+0xd5) [0x557e9f0fbc05]
17  /opt/conda/envs/gdf/bin/python(_PyEval_EvalFrameDefault+0x68b) [0x557e9f0eb81b]
18  /opt/conda/envs/gdf/bin/python(+0x14e70e) [0x557e9f11070e]
19  /opt/conda/envs/gdf/lib/python3.9/lib-dynload/_asyncio.cpython-39-x86_64-linux-gnu.so(+0x82fe) [0x7ff3f78182fe]
20  /opt/conda/envs/gdf/bin/python(_PyObject_MakeTpCall+0x2fc) [0x557e9f0f42bc]
21  /opt/conda/envs/gdf/bin/python(+0xe5817) [0x557e9f0a7817]
22  /opt/conda/envs/gdf/bin/python(+0x130f83) [0x557e9f0f2f83]
23  /opt/conda/envs/gdf/bin/python(_PyEval_EvalFrameDefault+0x5ba6) [0x557e9f0f0d36]
24  /opt/conda/envs/gdf/bin/python(+0x139ef3) [0x557e9f0fbef3]
25  /opt/conda/envs/gdf/bin/python(_PyEval_EvalFrameDefault+0x68b) [0x557e9f0eb81b]
26  /opt/conda/envs/gdf/bin/python(+0x139ef3) [0x557e9f0fbef3]
27  /opt/conda/envs/gdf/bin/python(_PyEval_EvalFrameDefault+0x68b) [0x557e9f0eb81b]
28  /opt/conda/envs/gdf/bin/python(+0x139ef3) [0x557e9f0fbef3]
29  /opt/conda/envs/gdf/bin/python(_PyEval_EvalFrameDefault+0x68b) [0x557e9f0eb81b]
30  /opt/conda/envs/gdf/bin/python(+0x139ef3) [0x557e9f0fbef3]
31  /opt/conda/envs/gdf/bin/python(_PyEval_EvalFrameDefault+0x68b) [0x557e9f0eb81b]
32  /opt/conda/envs/gdf/bin/python(+0x12827a) [0x557e9f0ea27a]
33  /opt/conda/envs/gdf/bin/python(_PyFunction_Vectorcall+0xd5) [0x557e9f0fbc05]
34  /opt/conda/envs/gdf/bin/python(_PyEval_EvalFrameDefault+0x4e17) [0x557e9f0effa7]
35  /opt/conda/envs/gdf/bin/python(+0x12827a) [0x557e9f0ea27a]
36  /opt/conda/envs/gdf/bin/python(+0x147935) [0x557e9f109935]
37  /opt/conda/envs/gdf/bin/python(PyObject_Call+0xb4) [0x557e9f10a104]
38  /opt/conda/envs/gdf/bin/python(+0x20efc8) [0x557e9f1d0fc8]
39  /opt/conda/envs/gdf/bin/python(_PyObject_MakeTpCall+0x2fc) [0x557e9f0f42bc]
40  /opt/conda/envs/gdf/bin/python(_PyEval_EvalFrameDefault+0x402b) [0x557e9f0ef1bb]
41  /opt/conda/envs/gdf/bin/python(+0x139ef3) [0x557e9f0fbef3]
42  /opt/conda/envs/gdf/bin/python(+0x147c72) [0x557e9f109c72]
43  /opt/conda/envs/gdf/bin/python(_PyEval_EvalFrameDefault+0x402b) [0x557e9f0ef1bb]
44  /opt/conda/envs/gdf/bin/python(+0x139ef3) [0x557e9f0fbef3]
45  /opt/conda/envs/gdf/bin/python(_PyEval_EvalFrameDefault+0x68b) [0x557e9f0eb81b]
46  /opt/conda/envs/gdf/bin/python(+0x12827a) [0x557e9f0ea27a]
47  /opt/conda/envs/gdf/bin/python(_PyFunction_Vectorcall+0xd5) [0x557e9f0fbc05]
48  /opt/conda/envs/gdf/bin/python(_PyEval_EvalFrameDefault+0x68b) [0x557e9f0eb81b]
49  /opt/conda/envs/gdf/bin/python(+0x139ef3) [0x557e9f0fbef3]
50  /opt/conda/envs/gdf/bin/python(_PyEval_EvalFrameDefault+0x3d8) [0x557e9f0eb568]
51  /opt/conda/envs/gdf/bin/python(+0x12827a) [0x557e9f0ea27a]
52  /opt/conda/envs/gdf/bin/python(_PyFunction_Vectorcall+0xd5) [0x557e9f0fbc05]
53  /opt/conda/envs/gdf/bin/python(_PyEval_EvalFrameDefault+0x123b) [0x557e9f0ec3cb]
54  /opt/conda/envs/gdf/bin/python(+0x12827a) [0x557e9f0ea27a]
55  /opt/conda/envs/gdf/bin/python(_PyEval_EvalCodeWithName+0x47) [0x557e9f0e9f07]
56  /opt/conda/envs/gdf/bin/python(PyEval_EvalCodeEx+0x39) [0x557e9f0e9eb9]
57  /opt/conda/envs/gdf/bin/python(PyEval_EvalCode+0x1b) [0x557e9f19a8bb]
58  /opt/conda/envs/gdf/bin/python(+0x206adc) [0x557e9f1c8adc]
59  /opt/conda/envs/gdf/bin/python(+0x202c24) [0x557e9f1c4c24]
60  /opt/conda/envs/gdf/bin/python(PyRun_StringFlags+0x9d) [0x557e9f1bc7ed]
61  /opt/conda/envs/gdf/bin/python(PyRun_SimpleStringFlags+0x3d) [0x557e9f1bc6bd]
=================================
[dgx13:1399 :0:1399] Caught signal 11 (Segmentation fault: address not mapped to object at address 0x448)
==== backtrace (tid:   1399) ====
 0  /opt/conda/envs/gdf/lib/libucs.so.0(ucs_handle_error+0x2dc) [0x7f8383605dec]
 1  /opt/conda/envs/gdf/lib/libucs.so.0(+0x31fcf) [0x7f8383605fcf]
 2  /opt/conda/envs/gdf/lib/libucs.so.0(+0x32304) [0x7f8383606304]
 3  /usr/lib/x86_64-linux-gnu/libpthread.so.0(+0x14420) [0x7f84268d1420]
 4  /opt/conda/envs/gdf/lib/libucp.so.0(ucp_mem_type_unpack+0x18) [0x7f83836958d8]
 5  /opt/conda/envs/gdf/lib/libucp.so.0(ucp_rndv_data_handler+0x508) [0x7f83836ca618]
 6  /opt/conda/envs/gdf/lib/libuct.so.0(+0x23487) [0x7f83835b5487]
 7  /opt/conda/envs/gdf/lib/libuct.so.0(+0x23a68) [0x7f83835b5a68]
 8  /opt/conda/envs/gdf/lib/libuct.so.0(+0x2612c) [0x7f83835b812c]
 9  /opt/conda/envs/gdf/lib/libucs.so.0(ucs_event_set_wait+0xf9) [0x7f83836114d9]
10  /opt/conda/envs/gdf/lib/libuct.so.0(uct_tcp_iface_progress+0x7b) [0x7f83835b81db]
11  /opt/conda/envs/gdf/lib/libucp.so.0(ucp_worker_progress+0x6a) [0x7f8383691d4a]
12  /opt/conda/envs/gdf/lib/python3.9/site-packages/ucp/_libs/ucx_api.cpython-39-x86_64-linux-gnu.so(+0x286e1) [0x7f83837556e1]
13  /opt/conda/envs/gdf/bin/python(+0x13eb08) [0x557a72726b08]
14  /opt/conda/envs/gdf/bin/python(_PyEval_EvalFrameDefault+0x5f82) [0x557a72717112]
15  /opt/conda/envs/gdf/bin/python(+0x12827a) [0x557a7271027a]
16  /opt/conda/envs/gdf/bin/python(_PyFunction_Vectorcall+0xd5) [0x557a72721c05]
17  /opt/conda/envs/gdf/bin/python(_PyEval_EvalFrameDefault+0x68b) [0x557a7271181b]
18  /opt/conda/envs/gdf/bin/python(+0x139ef3) [0x557a72721ef3]
19  /opt/conda/envs/gdf/bin/python(+0x147a16) [0x557a7272fa16]
20  /opt/conda/envs/gdf/bin/python(+0x2579b1) [0x557a7283f9b1]
21  /opt/conda/envs/gdf/bin/python(+0xe5817) [0x557a726cd817]
22  /opt/conda/envs/gdf/bin/python(+0x130f83) [0x557a72718f83]
23  /opt/conda/envs/gdf/bin/python(_PyEval_EvalFrameDefault+0x5ba6) [0x557a72716d36]
24  /opt/conda/envs/gdf/bin/python(+0x139ef3) [0x557a72721ef3]
25  /opt/conda/envs/gdf/bin/python(_PyEval_EvalFrameDefault+0x68b) [0x557a7271181b]
26  /opt/conda/envs/gdf/bin/python(+0x139ef3) [0x557a72721ef3]
27  /opt/conda/envs/gdf/bin/python(_PyEval_EvalFrameDefault+0x68b) [0x557a7271181b]
28  /opt/conda/envs/gdf/bin/python(+0x139ef3) [0x557a72721ef3]
29  /opt/conda/envs/gdf/bin/python(_PyEval_EvalFrameDefault+0x68b) [0x557a7271181b]
30  /opt/conda/envs/gdf/bin/python(+0x139ef3) [0x557a72721ef3]
31  /opt/conda/envs/gdf/bin/python(_PyEval_EvalFrameDefault+0x68b) [0x557a7271181b]
32  /opt/conda/envs/gdf/bin/python(+0x12827a) [0x557a7271027a]
33  /opt/conda/envs/gdf/bin/python(_PyFunction_Vectorcall+0xd5) [0x557a72721c05]
34  /opt/conda/envs/gdf/bin/python(_PyEval_EvalFrameDefault+0x4e17) [0x557a72715fa7]
35  /opt/conda/envs/gdf/bin/python(+0x12827a) [0x557a7271027a]
36  /opt/conda/envs/gdf/bin/python(+0x147935) [0x557a7272f935]
37  /opt/conda/envs/gdf/bin/python(PyObject_Call+0xb4) [0x557a72730104]
38  /opt/conda/envs/gdf/bin/python(+0x20efc8) [0x557a727f6fc8]
39  /opt/conda/envs/gdf/bin/python(_PyObject_MakeTpCall+0x2fc) [0x557a7271a2bc]
40  /opt/conda/envs/gdf/bin/python(_PyEval_EvalFrameDefault+0x402b) [0x557a727151bb]
41  /opt/conda/envs/gdf/bin/python(+0x139ef3) [0x557a72721ef3]
42  /opt/conda/envs/gdf/bin/python(+0x147c72) [0x557a7272fc72]
43  /opt/conda/envs/gdf/bin/python(_PyEval_EvalFrameDefault+0x402b) [0x557a727151bb]
44  /opt/conda/envs/gdf/bin/python(+0x139ef3) [0x557a72721ef3]
45  /opt/conda/envs/gdf/bin/python(_PyEval_EvalFrameDefault+0x68b) [0x557a7271181b]
46  /opt/conda/envs/gdf/bin/python(+0x12827a) [0x557a7271027a]
47  /opt/conda/envs/gdf/bin/python(_PyFunction_Vectorcall+0xd5) [0x557a72721c05]
48  /opt/conda/envs/gdf/bin/python(_PyEval_EvalFrameDefault+0x68b) [0x557a7271181b]
49  /opt/conda/envs/gdf/bin/python(+0x139ef3) [0x557a72721ef3]
50  /opt/conda/envs/gdf/bin/python(_PyEval_EvalFrameDefault+0x3d8) [0x557a72711568]
51  /opt/conda/envs/gdf/bin/python(+0x12827a) [0x557a7271027a]
52  /opt/conda/envs/gdf/bin/python(_PyFunction_Vectorcall+0xd5) [0x557a72721c05]
53  /opt/conda/envs/gdf/bin/python(_PyEval_EvalFrameDefault+0x123b) [0x557a727123cb]
54  /opt/conda/envs/gdf/bin/python(+0x12827a) [0x557a7271027a]
55  /opt/conda/envs/gdf/bin/python(_PyEval_EvalCodeWithName+0x47) [0x557a7270ff07]
56  /opt/conda/envs/gdf/bin/python(PyEval_EvalCodeEx+0x39) [0x557a7270feb9]
57  /opt/conda/envs/gdf/bin/python(PyEval_EvalCode+0x1b) [0x557a727c08bb]
58  /opt/conda/envs/gdf/bin/python(+0x206adc) [0x557a727eeadc]
59  /opt/conda/envs/gdf/bin/python(+0x202c24) [0x557a727eac24]
60  /opt/conda/envs/gdf/bin/python(PyRun_StringFlags+0x9d) [0x557a727e27ed]
61  /opt/conda/envs/gdf/bin/python(PyRun_SimpleStringFlags+0x3d) [0x557a727e26bd]
=================================
[dgx13:1393 :0:1393] Caught signal 11 (Segmentation fault: address not mapped to object at address 0x448)
==== backtrace (tid:   1393) ====
 0  /opt/conda/envs/gdf/lib/libucs.so.0(ucs_handle_error+0x2dc) [0x7fd83d98bdec]
 1  /opt/conda/envs/gdf/lib/libucs.so.0(+0x31fcf) [0x7fd83d98bfcf]
 2  /opt/conda/envs/gdf/lib/libucs.so.0(+0x32304) [0x7fd83d98c304]
 3  /usr/lib/x86_64-linux-gnu/libpthread.so.0(+0x14420) [0x7fd8e0c72420]
 4  /opt/conda/envs/gdf/lib/libucp.so.0(ucp_mem_type_unpack+0x18) [0x7fd83da1b8d8]
 5  /opt/conda/envs/gdf/lib/libucp.so.0(ucp_rndv_data_handler+0x508) [0x7fd83da50618]
 6  /opt/conda/envs/gdf/lib/libuct.so.0(+0x23487) [0x7fd83d93b487]
 7  /opt/conda/envs/gdf/lib/libuct.so.0(+0x23a68) [0x7fd83d93ba68]
 8  /opt/conda/envs/gdf/lib/libuct.so.0(+0x2612c) [0x7fd83d93e12c]
 9  /opt/conda/envs/gdf/lib/libucs.so.0(ucs_event_set_wait+0xf9) [0x7fd83d9974d9]
10  /opt/conda/envs/gdf/lib/libuct.so.0(uct_tcp_iface_progress+0x7b) [0x7fd83d93e1db]
11  /opt/conda/envs/gdf/lib/libucp.so.0(ucp_worker_progress+0x6a) [0x7fd83da17d4a]
12  /opt/conda/envs/gdf/lib/python3.9/site-packages/ucp/_libs/ucx_api.cpython-39-x86_64-linux-gnu.so(+0x286e1) [0x7fd83dadb6e1]
13  /opt/conda/envs/gdf/bin/python(+0x13eb08) [0x55a777d54b08]
14  /opt/conda/envs/gdf/bin/python(_PyEval_EvalFrameDefault+0x5f82) [0x55a777d45112]
15  /opt/conda/envs/gdf/bin/python(+0x12827a) [0x55a777d3e27a]
16  /opt/conda/envs/gdf/bin/python(_PyFunction_Vectorcall+0xd5) [0x55a777d4fc05]
17  /opt/conda/envs/gdf/bin/python(_PyEval_EvalFrameDefault+0x68b) [0x55a777d3f81b]
18  /opt/conda/envs/gdf/bin/python(+0x139ef3) [0x55a777d4fef3]
19  /opt/conda/envs/gdf/bin/python(+0x147a16) [0x55a777d5da16]
20  /opt/conda/envs/gdf/bin/python(+0x2579b1) [0x55a777e6d9b1]
21  /opt/conda/envs/gdf/bin/python(+0xe5817) [0x55a777cfb817]
22  /opt/conda/envs/gdf/bin/python(+0x130f83) [0x55a777d46f83]
23  /opt/conda/envs/gdf/bin/python(_PyEval_EvalFrameDefault+0x5ba6) [0x55a777d44d36]
24  /opt/conda/envs/gdf/bin/python(+0x139ef3) [0x55a777d4fef3]
25  /opt/conda/envs/gdf/bin/python(_PyEval_EvalFrameDefault+0x68b) [0x55a777d3f81b]
26  /opt/conda/envs/gdf/bin/python(+0x139ef3) [0x55a777d4fef3]
27  /opt/conda/envs/gdf/bin/python(_PyEval_EvalFrameDefault+0x68b) [0x55a777d3f81b]
28  /opt/conda/envs/gdf/bin/python(+0x139ef3) [0x55a777d4fef3]
29  /opt/conda/envs/gdf/bin/python(_PyEval_EvalFrameDefault+0x68b) [0x55a777d3f81b]
30  /opt/conda/envs/gdf/bin/python(+0x139ef3) [0x55a777d4fef3]
31  /opt/conda/envs/gdf/bin/python(_PyEval_EvalFrameDefault+0x68b) [0x55a777d3f81b]
32  /opt/conda/envs/gdf/bin/python(+0x12827a) [0x55a777d3e27a]
33  /opt/conda/envs/gdf/bin/python(_PyFunction_Vectorcall+0xd5) [0x55a777d4fc05]
34  /opt/conda/envs/gdf/bin/python(_PyEval_EvalFrameDefault+0x4e17) [0x55a777d43fa7]
35  /opt/conda/envs/gdf/bin/python(+0x12827a) [0x55a777d3e27a]
36  /opt/conda/envs/gdf/bin/python(+0x147935) [0x55a777d5d935]
37  /opt/conda/envs/gdf/bin/python(PyObject_Call+0xb4) [0x55a777d5e104]
38  /opt/conda/envs/gdf/bin/python(+0x20efc8) [0x55a777e24fc8]
39  /opt/conda/envs/gdf/bin/python(_PyObject_MakeTpCall+0x2fc) [0x55a777d482bc]
40  /opt/conda/envs/gdf/bin/python(_PyEval_EvalFrameDefault+0x402b) [0x55a777d431bb]
41  /opt/conda/envs/gdf/bin/python(+0x139ef3) [0x55a777d4fef3]
42  /opt/conda/envs/gdf/bin/python(+0x147c72) [0x55a777d5dc72]
43  /opt/conda/envs/gdf/bin/python(_PyEval_EvalFrameDefault+0x402b) [0x55a777d431bb]
44  /opt/conda/envs/gdf/bin/python(+0x139ef3) [0x55a777d4fef3]
45  /opt/conda/envs/gdf/bin/python(_PyEval_EvalFrameDefault+0x68b) [0x55a777d3f81b]
46  /opt/conda/envs/gdf/bin/python(+0x12827a) [0x55a777d3e27a]
47  /opt/conda/envs/gdf/bin/python(_PyFunction_Vectorcall+0xd5) [0x55a777d4fc05]
48  /opt/conda/envs/gdf/bin/python(_PyEval_EvalFrameDefault+0x68b) [0x55a777d3f81b]
49  /opt/conda/envs/gdf/bin/python(+0x139ef3) [0x55a777d4fef3]
50  /opt/conda/envs/gdf/bin/python(_PyEval_EvalFrameDefault+0x3d8) [0x55a777d3f568]
51  /opt/conda/envs/gdf/bin/python(+0x12827a) [0x55a777d3e27a]
52  /opt/conda/envs/gdf/bin/python(_PyFunction_Vectorcall+0xd5) [0x55a777d4fc05]
53  /opt/conda/envs/gdf/bin/python(_PyEval_EvalFrameDefault+0x123b) [0x55a777d403cb]
54  /opt/conda/envs/gdf/bin/python(+0x12827a) [0x55a777d3e27a]
55  /opt/conda/envs/gdf/bin/python(_PyEval_EvalCodeWithName+0x47) [0x55a777d3df07]
56  /opt/conda/envs/gdf/bin/python(PyEval_EvalCodeEx+0x39) [0x55a777d3deb9]
57  /opt/conda/envs/gdf/bin/python(PyEval_EvalCode+0x1b) [0x55a777dee8bb]
58  /opt/conda/envs/gdf/bin/python(+0x206adc) [0x55a777e1cadc]
59  /opt/conda/envs/gdf/bin/python(+0x202c24) [0x55a777e18c24]
60  /opt/conda/envs/gdf/bin/python(PyRun_StringFlags+0x9d) [0x55a777e107ed]
61  /opt/conda/envs/gdf/bin/python(PyRun_SimpleStringFlags+0x3d) [0x55a777e106bd]
=================================
2023-05-08 06:08:59,820 - distributed.worker - ERROR - failed during get data with ucx://127.0.0.1:34473 -> ucx://127.0.0.1:34361
Traceback (most recent call last):
  File "/opt/conda/envs/gdf/lib/python3.9/site-packages/distributed/comm/ucx.py", line 349, in read
    await self.ep.recv(msg)
  File "/opt/conda/envs/gdf/lib/python3.9/site-packages/ucp/core.py", line 725, in recv
    ret = await comm.tag_recv(self._ep, buffer, nbytes, tag, name=log)
ucp._libs.exceptions.UCXCanceled: <[Recv #012] ep: 0x7f71853c5280, tag: 0xc936c54cda54b74d, nbytes: 16, type: <class 'numpy.ndarray'>>: 

During handling of the above exception, another exception occurred:

Traceback (most recent call last):
  File "/opt/conda/envs/gdf/lib/python3.9/site-packages/distributed/worker.py", line 1793, in get_data
    response = await comm.read(deserializers=serializers)
  File "/opt/conda/envs/gdf/lib/python3.9/site-packages/distributed/utils.py", line 752, in wrapper
    return await func(*args, **kwargs)
  File "/opt/conda/envs/gdf/lib/python3.9/site-packages/distributed/comm/ucx.py", line 367, in read
    raise CommClosedError(
distributed.comm.core.CommClosedError: Connection closed by writer.
Inner exception: UCXCanceled("<[Recv #012] ep: 0x7f71853c5280, tag: 0xc936c54cda54b74d, nbytes: 16, type: <class 'numpy.ndarray'>>: ")
2023-05-08 06:08:59,820 - distributed.worker - ERROR - Worker stream died during communication: ucx://127.0.0.1:34361
Traceback (most recent call last):
  File "/opt/conda/envs/gdf/lib/python3.9/site-packages/distributed/comm/ucx.py", line 349, in read
    await self.ep.recv(msg)
  File "/opt/conda/envs/gdf/lib/python3.9/site-packages/ucp/core.py", line 725, in recv
    ret = await comm.tag_recv(self._ep, buffer, nbytes, tag, name=log)
ucp._libs.exceptions.UCXCanceled: <[Recv #008] ep: 0x7f4b814b4140, tag: 0xfc8d05469b792f44, nbytes: 16, type: <class 'numpy.ndarray'>>: 

During handling of the above exception, another exception occurred:

Traceback (most recent call last):
  File "/opt/conda/envs/gdf/lib/python3.9/site-packages/distributed/worker.py", line 2066, in gather_dep
    response = await get_data_from_worker(
  File "/opt/conda/envs/gdf/lib/python3.9/site-packages/distributed/worker.py", line 2892, in get_data_from_worker
    response = await send_recv(
  File "/opt/conda/envs/gdf/lib/python3.9/site-packages/distributed/core.py", line 1024, in send_recv
    response = await comm.read(deserializers=deserializers)
  File "/opt/conda/envs/gdf/lib/python3.9/site-packages/distributed/utils.py", line 752, in wrapper
    return await func(*args, **kwargs)
  File "/opt/conda/envs/gdf/lib/python3.9/site-packages/distributed/comm/ucx.py", line 367, in read
    raise CommClosedError(
distributed.comm.core.CommClosedError: Connection closed by writer.
Inner exception: UCXCanceled("<[Recv #008] ep: 0x7f4b814b4140, tag: 0xfc8d05469b792f44, nbytes: 16, type: <class 'numpy.ndarray'>>: ")
2023-05-08 06:08:59,823 - distributed.worker - ERROR - Worker stream died during communication: ucx://127.0.0.1:35573
Traceback (most recent call last):
  File "/opt/conda/envs/gdf/lib/python3.9/site-packages/distributed/comm/ucx.py", line 349, in read
    await self.ep.recv(msg)
  File "/opt/conda/envs/gdf/lib/python3.9/site-packages/ucp/core.py", line 725, in recv
    ret = await comm.tag_recv(self._ep, buffer, nbytes, tag, name=log)
ucp._libs.exceptions.UCXCanceled: <[Recv #003] ep: 0x7f71853c5140, tag: 0xa584e417165baa93, nbytes: 16, type: <class 'numpy.ndarray'>>: 

During handling of the above exception, another exception occurred:

Traceback (most recent call last):
  File "/opt/conda/envs/gdf/lib/python3.9/site-packages/distributed/worker.py", line 2066, in gather_dep
    response = await get_data_from_worker(
  File "/opt/conda/envs/gdf/lib/python3.9/site-packages/distributed/worker.py", line 2892, in get_data_from_worker
    response = await send_recv(
  File "/opt/conda/envs/gdf/lib/python3.9/site-packages/distributed/core.py", line 1024, in send_recv
    response = await comm.read(deserializers=deserializers)
  File "/opt/conda/envs/gdf/lib/python3.9/site-packages/distributed/utils.py", line 752, in wrapper
    return await func(*args, **kwargs)
  File "/opt/conda/envs/gdf/lib/python3.9/site-packages/distributed/comm/ucx.py", line 367, in read
    raise CommClosedError(
distributed.comm.core.CommClosedError: Connection closed by writer.
Inner exception: UCXCanceled("<[Recv #003] ep: 0x7f71853c5140, tag: 0xa584e417165baa93, nbytes: 16, type: <class 'numpy.ndarray'>>: ")
2023-05-08 06:08:59,822 - distributed.worker - ERROR - Worker stream died during communication: ucx://127.0.0.1:35573
Traceback (most recent call last):
  File "/opt/conda/envs/gdf/lib/python3.9/site-packages/distributed/comm/ucx.py", line 349, in read
    await self.ep.recv(msg)
  File "/opt/conda/envs/gdf/lib/python3.9/site-packages/ucp/core.py", line 725, in recv
    ret = await comm.tag_recv(self._ep, buffer, nbytes, tag, name=log)
ucp._libs.exceptions.UCXCanceled: <[Recv #003] ep: 0x7f343d3ff140, tag: 0xb259b5e7435b7efe, nbytes: 16, type: <class 'numpy.ndarray'>>: 

During handling of the above exception, another exception occurred:

Traceback (most recent call last):
  File "/opt/conda/envs/gdf/lib/python3.9/site-packages/distributed/worker.py", line 2066, in gather_dep
    response = await get_data_from_worker(
  File "/opt/conda/envs/gdf/lib/python3.9/site-packages/distributed/worker.py", line 2892, in get_data_from_worker
    response = await send_recv(
  File "/opt/conda/envs/gdf/lib/python3.9/site-packages/distributed/core.py", line 1024, in send_recv
    response = await comm.read(deserializers=deserializers)
  File "/opt/conda/envs/gdf/lib/python3.9/site-packages/distributed/utils.py", line 752, in wrapper
    return await func(*args, **kwargs)
  File "/opt/conda/envs/gdf/lib/python3.9/site-packages/distributed/comm/ucx.py", line 367, in read
    raise CommClosedError(
distributed.comm.core.CommClosedError: Connection closed by writer.
Inner exception: UCXCanceled("<[Recv #003] ep: 0x7f343d3ff140, tag: 0xb259b5e7435b7efe, nbytes: 16, type: <class 'numpy.ndarray'>>: ")
2023-05-08 06:08:59,823 - distributed.worker - ERROR - Worker stream died during communication: ucx://127.0.0.1:35573
Traceback (most recent call last):
  File "/opt/conda/envs/gdf/lib/python3.9/site-packages/distributed/comm/ucx.py", line 349, in read
    await self.ep.recv(msg)
  File "/opt/conda/envs/gdf/lib/python3.9/site-packages/ucp/core.py", line 725, in recv
    ret = await comm.tag_recv(self._ep, buffer, nbytes, tag, name=log)
ucp._libs.exceptions.UCXCanceled: <[Recv #003] ep: 0x7f4b814b4100, tag: 0x80da92fb9fd5b3e5, nbytes: 16, type: <class 'numpy.ndarray'>>: 

During handling of the above exception, another exception occurred:

Traceback (most recent call last):
  File "/opt/conda/envs/gdf/lib/python3.9/site-packages/distributed/worker.py", line 2066, in gather_dep
    response = await get_data_from_worker(
  File "/opt/conda/envs/gdf/lib/python3.9/site-packages/distributed/worker.py", line 2892, in get_data_from_worker
    response = await send_recv(
  File "/opt/conda/envs/gdf/lib/python3.9/site-packages/distributed/core.py", line 1024, in send_recv
    response = await comm.read(deserializers=deserializers)
  File "/opt/conda/envs/gdf/lib/python3.9/site-packages/distributed/utils.py", line 752, in wrapper
    return await func(*args, **kwargs)
  File "/opt/conda/envs/gdf/lib/python3.9/site-packages/distributed/comm/ucx.py", line 367, in read
    raise CommClosedError(
distributed.comm.core.CommClosedError: Connection closed by writer.
Inner exception: UCXCanceled("<[Recv #003] ep: 0x7f4b814b4100, tag: 0x80da92fb9fd5b3e5, nbytes: 16, type: <class 'numpy.ndarray'>>: ")
2023-05-08 06:08:59,823 - distributed.worker - ERROR - failed during get data with ucx://127.0.0.1:33117 -> ucx://127.0.0.1:35573
Traceback (most recent call last):
  File "/opt/conda/envs/gdf/lib/python3.9/site-packages/distributed/comm/ucx.py", line 333, in write
    await self.ep.send(each_frame)
  File "/opt/conda/envs/gdf/lib/python3.9/site-packages/ucp/core.py", line 650, in send
    return await comm.tag_send(self._ep, buffer, nbytes, tag, name=log)
ucp._libs.exceptions.UCXError: <[Send #007] ep: 0x7f343d3ff300, tag: 0x2eca038dd79b51fc, nbytes: 50000000, type: <class 'cupy.ndarray'>>: Connection reset by remote peer

During handling of the above exception, another exception occurred:

Traceback (most recent call last):
  File "/opt/conda/envs/gdf/lib/python3.9/site-packages/distributed/worker.py", line 1792, in get_data
    compressed = await comm.write(msg, serializers=serializers)
  File "/opt/conda/envs/gdf/lib/python3.9/site-packages/distributed/utils.py", line 752, in wrapper
    return await func(*args, **kwargs)
  File "/opt/conda/envs/gdf/lib/python3.9/site-packages/distributed/comm/ucx.py", line 337, in write
    raise CommClosedError("While writing, the connection was closed")
distributed.comm.core.CommClosedError: While writing, the connection was closed
Task exception was never retrieved
future: <Task finished name='Task-295' coro=<_listener_handler_coroutine() done, defined at /opt/conda/envs/gdf/lib/python3.9/site-packages/ucp/core.py:128> exception=UCXError('<stream_send>: Connection reset by remote peer')>
Traceback (most recent call last):
  File "/opt/conda/envs/gdf/lib/python3.9/site-packages/ucp/core.py", line 143, in _listener_handler_coroutine
    peer_info = await exchange_peer_info(
  File "/opt/conda/envs/gdf/lib/python3.9/site-packages/ucp/core.py", line 51, in exchange_peer_info
    await comm.stream_send(endpoint, my_info_arr, my_info_arr.nbytes)
ucp._libs.exceptions.UCXError: <stream_send>: Connection reset by remote peer
2023-05-08 06:08:59,829 - distributed.worker - ERROR - Worker stream died during communication: ucx://127.0.0.1:35573
Traceback (most recent call last):
  File "/opt/conda/envs/gdf/lib/python3.9/site-packages/distributed/comm/ucx.py", line 349, in read
    await self.ep.recv(msg)
  File "/opt/conda/envs/gdf/lib/python3.9/site-packages/ucp/core.py", line 725, in recv
    ret = await comm.tag_recv(self._ep, buffer, nbytes, tag, name=log)
ucp._libs.exceptions.UCXCanceled: <[Recv #003] ep: 0x7f1a248901c0, tag: 0x7e707df2bb10cae4, nbytes: 16, type: <class 'numpy.ndarray'>>: 

During handling of the above exception, another exception occurred:

Traceback (most recent call last):
  File "/opt/conda/envs/gdf/lib/python3.9/site-packages/distributed/worker.py", line 2066, in gather_dep
    response = await get_data_from_worker(
  File "/opt/conda/envs/gdf/lib/python3.9/site-packages/distributed/worker.py", line 2892, in get_data_from_worker
    response = await send_recv(
  File "/opt/conda/envs/gdf/lib/python3.9/site-packages/distributed/core.py", line 1024, in send_recv
    response = await comm.read(deserializers=deserializers)
  File "/opt/conda/envs/gdf/lib/python3.9/site-packages/distributed/utils.py", line 752, in wrapper
    return await func(*args, **kwargs)
  File "/opt/conda/envs/gdf/lib/python3.9/site-packages/distributed/comm/ucx.py", line 367, in read
    raise CommClosedError(
distributed.comm.core.CommClosedError: Connection closed by writer.
Inner exception: UCXCanceled("<[Recv #003] ep: 0x7f1a248901c0, tag: 0x7e707df2bb10cae4, nbytes: 16, type: <class 'numpy.ndarray'>>: ")
2023-05-08 06:08:59,839 - distributed.worker - ERROR - Worker stream died during communication: ucx://127.0.0.1:39239
Traceback (most recent call last):
  File "/opt/conda/envs/gdf/lib/python3.9/site-packages/distributed/comm/ucx.py", line 349, in read
    await self.ep.recv(msg)
  File "/opt/conda/envs/gdf/lib/python3.9/site-packages/ucp/core.py", line 725, in recv
    ret = await comm.tag_recv(self._ep, buffer, nbytes, tag, name=log)
ucp._libs.exceptions.UCXCanceled: <[Recv #003] ep: 0x7f4b814b4200, tag: 0x98d803b09506728a, nbytes: 16, type: <class 'numpy.ndarray'>>: 

During handling of the above exception, another exception occurred:

Traceback (most recent call last):
  File "/opt/conda/envs/gdf/lib/python3.9/site-packages/distributed/worker.py", line 2066, in gather_dep
    response = await get_data_from_worker(
  File "/opt/conda/envs/gdf/lib/python3.9/site-packages/distributed/worker.py", line 2892, in get_data_from_worker
    response = await send_recv(
  File "/opt/conda/envs/gdf/lib/python3.9/site-packages/distributed/core.py", line 1024, in send_recv
    response = await comm.read(deserializers=deserializers)
  File "/opt/conda/envs/gdf/lib/python3.9/site-packages/distributed/utils.py", line 752, in wrapper
    return await func(*args, **kwargs)
  File "/opt/conda/envs/gdf/lib/python3.9/site-packages/distributed/comm/ucx.py", line 367, in read
    raise CommClosedError(
distributed.comm.core.CommClosedError: Connection closed by writer.
Inner exception: UCXCanceled("<[Recv #003] ep: 0x7f4b814b4200, tag: 0x98d803b09506728a, nbytes: 16, type: <class 'numpy.ndarray'>>: ")
2023-05-08 06:08:59,840 - distributed.worker - ERROR - Worker stream died during communication: ucx://127.0.0.1:39239
Traceback (most recent call last):
  File "/opt/conda/envs/gdf/lib/python3.9/site-packages/distributed/comm/ucx.py", line 349, in read
    await self.ep.recv(msg)
  File "/opt/conda/envs/gdf/lib/python3.9/site-packages/ucp/core.py", line 725, in recv
    ret = await comm.tag_recv(self._ep, buffer, nbytes, tag, name=log)
ucp._libs.exceptions.UCXCanceled: <[Recv #008] ep: 0x7f343d3ff100, tag: 0x63a9de8e529737ad, nbytes: 16, type: <class 'numpy.ndarray'>>: 

During handling of the above exception, another exception occurred:

Traceback (most recent call last):
  File "/opt/conda/envs/gdf/lib/python3.9/site-packages/distributed/worker.py", line 2066, in gather_dep
    response = await get_data_from_worker(
  File "/opt/conda/envs/gdf/lib/python3.9/site-packages/distributed/worker.py", line 2892, in get_data_from_worker
    response = await send_recv(
  File "/opt/conda/envs/gdf/lib/python3.9/site-packages/distributed/core.py", line 1024, in send_recv
    response = await comm.read(deserializers=deserializers)
  File "/opt/conda/envs/gdf/lib/python3.9/site-packages/distributed/utils.py", line 752, in wrapper
    return await func(*args, **kwargs)
  File "/opt/conda/envs/gdf/lib/python3.9/site-packages/distributed/comm/ucx.py", line 367, in read
    raise CommClosedError(
distributed.comm.core.CommClosedError: Connection closed by writer.
Inner exception: UCXCanceled("<[Recv #008] ep: 0x7f343d3ff100, tag: 0x63a9de8e529737ad, nbytes: 16, type: <class 'numpy.ndarray'>>: ")
2023-05-08 06:08:59,841 - distributed.worker - ERROR - failed during get data with ucx://127.0.0.1:33117 -> ucx://127.0.0.1:50555
Traceback (most recent call last):
  File "/opt/conda/envs/gdf/lib/python3.9/site-packages/distributed/comm/ucx.py", line 333, in write
    await self.ep.send(each_frame)
  File "/opt/conda/envs/gdf/lib/python3.9/site-packages/ucp/core.py", line 650, in send
    return await comm.tag_send(self._ep, buffer, nbytes, tag, name=log)
ucp._libs.exceptions.UCXError: <[Send #007] ep: 0x7f343d3ff280, tag: 0xb976348134f16841, nbytes: 50000000, type: <class 'cupy.ndarray'>>: Connection reset by remote peer

During handling of the above exception, another exception occurred:

Traceback (most recent call last):
  File "/opt/conda/envs/gdf/lib/python3.9/site-packages/distributed/worker.py", line 1792, in get_data
    compressed = await comm.write(msg, serializers=serializers)
  File "/opt/conda/envs/gdf/lib/python3.9/site-packages/distributed/utils.py", line 752, in wrapper
    return await func(*args, **kwargs)
  File "/opt/conda/envs/gdf/lib/python3.9/site-packages/distributed/comm/ucx.py", line 337, in write
    raise CommClosedError("While writing, the connection was closed")
distributed.comm.core.CommClosedError: While writing, the connection was closed
2023-05-08 06:08:59,842 - distributed.worker - ERROR - failed during get data with ucx://127.0.0.1:34473 -> ucx://127.0.0.1:39239
Traceback (most recent call last):
  File "/opt/conda/envs/gdf/lib/python3.9/site-packages/distributed/comm/ucx.py", line 333, in write
    await self.ep.send(each_frame)
  File "/opt/conda/envs/gdf/lib/python3.9/site-packages/ucp/core.py", line 650, in send
    return await comm.tag_send(self._ep, buffer, nbytes, tag, name=log)
ucp._libs.exceptions.UCXError: <[Send #007] ep: 0x7f71853c5300, tag: 0x851806c710d24bc4, nbytes: 50000000, type: <class 'cupy.ndarray'>>: Connection reset by remote peer

During handling of the above exception, another exception occurred:

Traceback (most recent call last):
  File "/opt/conda/envs/gdf/lib/python3.9/site-packages/distributed/worker.py", line 1792, in get_data
    compressed = await comm.write(msg, serializers=serializers)
  File "/opt/conda/envs/gdf/lib/python3.9/site-packages/distributed/utils.py", line 752, in wrapper
    return await func(*args, **kwargs)
  File "/opt/conda/envs/gdf/lib/python3.9/site-packages/distributed/comm/ucx.py", line 337, in write
    raise CommClosedError("While writing, the connection was closed")
distributed.comm.core.CommClosedError: While writing, the connection was closed
2023-05-08 06:08:59,842 - distributed.worker - ERROR - Worker stream died during communication: ucx://127.0.0.1:50555
Traceback (most recent call last):
  File "/opt/conda/envs/gdf/lib/python3.9/site-packages/distributed/comm/ucx.py", line 391, in read
    await self.ep.recv(each_frame)
  File "/opt/conda/envs/gdf/lib/python3.9/site-packages/ucp/core.py", line 725, in recv
    ret = await comm.tag_recv(self._ep, buffer, nbytes, tag, name=log)
ucp._libs.exceptions.UCXError: <[Recv #007] ep: 0x7f71853c5200, tag: 0x772e43188a3e7e56, nbytes: 50000000, type: <class 'rmm._lib.device_buffer.DeviceBuffer'>>: Connection reset by remote peer

During handling of the above exception, another exception occurred:

Traceback (most recent call last):
  File "/opt/conda/envs/gdf/lib/python3.9/site-packages/distributed/worker.py", line 2066, in gather_dep
    response = await get_data_from_worker(
  File "/opt/conda/envs/gdf/lib/python3.9/site-packages/distributed/worker.py", line 2892, in get_data_from_worker
    response = await send_recv(
  File "/opt/conda/envs/gdf/lib/python3.9/site-packages/distributed/core.py", line 1024, in send_recv
    response = await comm.read(deserializers=deserializers)
  File "/opt/conda/envs/gdf/lib/python3.9/site-packages/distributed/utils.py", line 752, in wrapper
    return await func(*args, **kwargs)
  File "/opt/conda/envs/gdf/lib/python3.9/site-packages/distributed/comm/ucx.py", line 397, in read
    raise CommClosedError(
distributed.comm.core.CommClosedError: Connection closed by writer.
Inner exception: UCXError("<[Recv #007] ep: 0x7f71853c5200, tag: 0x772e43188a3e7e56, nbytes: 50000000, type: <class 'rmm._lib.device_buffer.DeviceBuffer'>>: Connection reset by remote peer")
2023-05-08 06:08:59,867 - distributed.nanny - WARNING - Restarting worker
2023-05-08 06:08:59,925 - distributed.nanny - WARNING - Restarting worker
Task exception was never retrieved
future: <Task finished name='Task-296' coro=<_listener_handler_coroutine() done, defined at /opt/conda/envs/gdf/lib/python3.9/site-packages/ucp/core.py:128> exception=UCXError('<stream_send>: Connection reset by remote peer')>
Traceback (most recent call last):
  File "/opt/conda/envs/gdf/lib/python3.9/site-packages/ucp/core.py", line 143, in _listener_handler_coroutine
    peer_info = await exchange_peer_info(
  File "/opt/conda/envs/gdf/lib/python3.9/site-packages/ucp/core.py", line 51, in exchange_peer_info
    await comm.stream_send(endpoint, my_info_arr, my_info_arr.nbytes)
ucp._libs.exceptions.UCXError: <stream_send>: Connection reset by remote peer
2023-05-08 06:08:59,998 - distributed.worker - ERROR - Worker stream died during communication: ucx://127.0.0.1:50555
Traceback (most recent call last):
  File "/opt/conda/envs/gdf/lib/python3.9/asyncio/tasks.py", line 466, in wait_for
    await waiter
asyncio.exceptions.CancelledError

During handling of the above exception, another exception occurred:

Traceback (most recent call last):
  File "/opt/conda/envs/gdf/lib/python3.9/site-packages/distributed/comm/core.py", line 329, in connect
    handshake = await wait_for(comm.read(), time_left())
  File "/opt/conda/envs/gdf/lib/python3.9/site-packages/distributed/utils.py", line 1849, in wait_for
    return await asyncio.wait_for(fut, timeout)
  File "/opt/conda/envs/gdf/lib/python3.9/asyncio/tasks.py", line 469, in wait_for
    return fut.result()
  File "/opt/conda/envs/gdf/lib/python3.9/site-packages/distributed/utils.py", line 752, in wrapper
    return await func(*args, **kwargs)
  File "/opt/conda/envs/gdf/lib/python3.9/site-packages/distributed/comm/ucx.py", line 367, in read
    raise CommClosedError(
distributed.comm.core.CommClosedError: Connection closed by writer.
Inner exception: UCXCanceled("<[Recv #000] ep: 0x7f1a24890180, tag: 0xb2a0ccdfa1c1ec5c, nbytes: 16, type: <class 'numpy.ndarray'>>: ")

The above exception was the direct cause of the following exception:

Traceback (most recent call last):
  File "/opt/conda/envs/gdf/lib/python3.9/site-packages/distributed/worker.py", line 2066, in gather_dep
    response = await get_data_from_worker(
  File "/opt/conda/envs/gdf/lib/python3.9/site-packages/distributed/worker.py", line 2889, in get_data_from_worker
    comm = await rpc.connect(worker)
  File "/opt/conda/envs/gdf/lib/python3.9/site-packages/distributed/core.py", line 1506, in connect
    return await connect_attempt
  File "/opt/conda/envs/gdf/lib/python3.9/site-packages/distributed/core.py", line 1427, in _connect
    comm = await connect(
  File "/opt/conda/envs/gdf/lib/python3.9/site-packages/distributed/comm/core.py", line 334, in connect
    raise OSError(
OSError: Timed out during handshake while connecting to ucx://127.0.0.1:50555 after 30 s
[dgx13:1383 :0:1383] Caught signal 11 (Segmentation fault: address not mapped to object at address 0x448)
==== backtrace (tid:   1383) ====
 0  /opt/conda/envs/gdf/lib/libucs.so.0(ucs_handle_error+0x2dc) [0x7f718567ddec]
 1  /opt/conda/envs/gdf/lib/libucs.so.0(+0x31fcf) [0x7f718567dfcf]
 2  /opt/conda/envs/gdf/lib/libucs.so.0(+0x32304) [0x7f718567e304]
 3  /usr/lib/x86_64-linux-gnu/libpthread.so.0(+0x14420) [0x7f7228983420]
 4  /opt/conda/envs/gdf/lib/libucp.so.0(ucp_mem_type_unpack+0x18) [0x7f718570d8d8]
 5  /opt/conda/envs/gdf/lib/libucp.so.0(ucp_rndv_data_handler+0x508) [0x7f7185742618]
 6  /opt/conda/envs/gdf/lib/libuct.so.0(+0x23487) [0x7f718562d487]
 7  /opt/conda/envs/gdf/lib/libuct.so.0(+0x23a68) [0x7f718562da68]
 8  /opt/conda/envs/gdf/lib/libuct.so.0(+0x2612c) [0x7f718563012c]
 9  /opt/conda/envs/gdf/lib/libucs.so.0(ucs_event_set_wait+0xf9) [0x7f71856894d9]
10  /opt/conda/envs/gdf/lib/libuct.so.0(uct_tcp_iface_progress+0x7b) [0x7f71856301db]
11  /opt/conda/envs/gdf/lib/libucp.so.0(ucp_worker_progress+0x6a) [0x7f7185709d4a]
12  /opt/conda/envs/gdf/lib/python3.9/site-packages/ucp/_libs/ucx_api.cpython-39-x86_64-linux-gnu.so(+0x286e1) [0x7f71857cd6e1]
13  /opt/conda/envs/gdf/bin/python(+0x13eb08) [0x5556c45adb08]
14  /opt/conda/envs/gdf/bin/python(_PyEval_EvalFrameDefault+0x5f82) [0x5556c459e112]
15  /opt/conda/envs/gdf/bin/python(+0x12827a) [0x5556c459727a]
16  /opt/conda/envs/gdf/bin/python(_PyFunction_Vectorcall+0xd5) [0x5556c45a8c05]
17  /opt/conda/envs/gdf/bin/python(_PyEval_EvalFrameDefault+0x68b) [0x5556c459881b]
18  /opt/conda/envs/gdf/bin/python(+0x139ef3) [0x5556c45a8ef3]
19  /opt/conda/envs/gdf/bin/python(+0x147a16) [0x5556c45b6a16]
20  /opt/conda/envs/gdf/bin/python(+0x2579b1) [0x5556c46c69b1]
21  /opt/conda/envs/gdf/bin/python(+0xe5817) [0x5556c4554817]
22  /opt/conda/envs/gdf/bin/python(+0x130f83) [0x5556c459ff83]
23  /opt/conda/envs/gdf/bin/python(_PyEval_EvalFrameDefault+0x5ba6) [0x5556c459dd36]
24  /opt/conda/envs/gdf/bin/python(+0x139ef3) [0x5556c45a8ef3]
25  /opt/conda/envs/gdf/bin/python(_PyEval_EvalFrameDefault+0x68b) [0x5556c459881b]
26  /opt/conda/envs/gdf/bin/python(+0x139ef3) [0x5556c45a8ef3]
27  /opt/conda/envs/gdf/bin/python(_PyEval_EvalFrameDefault+0x68b) [0x5556c459881b]
28  /opt/conda/envs/gdf/bin/python(+0x139ef3) [0x5556c45a8ef3]
29  /opt/conda/envs/gdf/bin/python(_PyEval_EvalFrameDefault+0x68b) [0x5556c459881b]
30  /opt/conda/envs/gdf/bin/python(+0x139ef3) [0x5556c45a8ef3]
31  /opt/conda/envs/gdf/bin/python(_PyEval_EvalFrameDefault+0x68b) [0x5556c459881b]
32  /opt/conda/envs/gdf/bin/python(+0x12827a) [0x5556c459727a]
33  /opt/conda/envs/gdf/bin/python(_PyFunction_Vectorcall+0xd5) [0x5556c45a8c05]
34  /opt/conda/envs/gdf/bin/python(_PyEval_EvalFrameDefault+0x4e17) [0x5556c459cfa7]
35  /opt/conda/envs/gdf/bin/python(+0x12827a) [0x5556c459727a]
36  /opt/conda/envs/gdf/bin/python(+0x147935) [0x5556c45b6935]
37  /opt/conda/envs/gdf/bin/python(PyObject_Call+0xb4) [0x5556c45b7104]
38  /opt/conda/envs/gdf/bin/python(+0x20efc8) [0x5556c467dfc8]
39  /opt/conda/envs/gdf/bin/python(_PyObject_MakeTpCall+0x2fc) [0x5556c45a12bc]
40  /opt/conda/envs/gdf/bin/python(_PyEval_EvalFrameDefault+0x402b) [0x5556c459c1bb]
41  /opt/conda/envs/gdf/bin/python(+0x139ef3) [0x5556c45a8ef3]
42  /opt/conda/envs/gdf/bin/python(+0x147c72) [0x5556c45b6c72]
43  /opt/conda/envs/gdf/bin/python(_PyEval_EvalFrameDefault+0x402b) [0x5556c459c1bb]
44  /opt/conda/envs/gdf/bin/python(+0x139ef3) [0x5556c45a8ef3]
45  /opt/conda/envs/gdf/bin/python(_PyEval_EvalFrameDefault+0x68b) [0x5556c459881b]
46  /opt/conda/envs/gdf/bin/python(+0x12827a) [0x5556c459727a]
47  /opt/conda/envs/gdf/bin/python(_PyFunction_Vectorcall+0xd5) [0x5556c45a8c05]
48  /opt/conda/envs/gdf/bin/python(_PyEval_EvalFrameDefault+0x68b) [0x5556c459881b]
49  /opt/conda/envs/gdf/bin/python(+0x139ef3) [0x5556c45a8ef3]
50  /opt/conda/envs/gdf/bin/python(_PyEval_EvalFrameDefault+0x3d8) [0x5556c4598568]
51  /opt/conda/envs/gdf/bin/python(+0x12827a) [0x5556c459727a]
52  /opt/conda/envs/gdf/bin/python(_PyFunction_Vectorcall+0xd5) [0x5556c45a8c05]
53  /opt/conda/envs/gdf/bin/python(_PyEval_EvalFrameDefault+0x123b) [0x5556c45993cb]
54  /opt/conda/envs/gdf/bin/python(+0x12827a) [0x5556c459727a]
55  /opt/conda/envs/gdf/bin/python(_PyEval_EvalCodeWithName+0x47) [0x5556c4596f07]
56  /opt/conda/envs/gdf/bin/python(PyEval_EvalCodeEx+0x39) [0x5556c4596eb9]
57  /opt/conda/envs/gdf/bin/python(PyEval_EvalCode+0x1b) [0x5556c46478bb]
58  /opt/conda/envs/gdf/bin/python(+0x206adc) [0x5556c4675adc]
59  /opt/conda/envs/gdf/bin/python(+0x202c24) [0x5556c4671c24]
60  /opt/conda/envs/gdf/bin/python(PyRun_StringFlags+0x9d) [0x5556c46697ed]
61  /opt/conda/envs/gdf/bin/python(PyRun_SimpleStringFlags+0x3d) [0x5556c46696bd]
=================================
2023-05-08 06:09:00,001 - distributed.nanny - WARNING - Restarting worker
2023-05-08 06:09:00,033 - distributed.nanny - WARNING - Restarting worker
2023-05-08 06:09:00,182 - distributed.worker - ERROR - failed during get data with ucx://127.0.0.1:36175 -> ucx://127.0.0.1:34473
Traceback (most recent call last):
  File "/opt/conda/envs/gdf/lib/python3.9/site-packages/distributed/comm/ucx.py", line 333, in write
    await self.ep.send(each_frame)
  File "/opt/conda/envs/gdf/lib/python3.9/site-packages/ucp/core.py", line 650, in send
    return await comm.tag_send(self._ep, buffer, nbytes, tag, name=log)
ucp._libs.exceptions.UCXError: <[Send #007] ep: 0x7f1a24890280, tag: 0xcf3757d33974607d, nbytes: 50000000, type: <class 'cupy.ndarray'>>: Connection reset by remote peer

During handling of the above exception, another exception occurred:

Traceback (most recent call last):
  File "/opt/conda/envs/gdf/lib/python3.9/site-packages/distributed/worker.py", line 1792, in get_data
    compressed = await comm.write(msg, serializers=serializers)
  File "/opt/conda/envs/gdf/lib/python3.9/site-packages/distributed/utils.py", line 752, in wrapper
    return await func(*args, **kwargs)
  File "/opt/conda/envs/gdf/lib/python3.9/site-packages/distributed/comm/ucx.py", line 337, in write
    raise CommClosedError("While writing, the connection was closed")
distributed.comm.core.CommClosedError: While writing, the connection was closed
2023-05-08 06:09:00,183 - distributed.worker - ERROR - Worker stream died during communication: ucx://127.0.0.1:34473
Traceback (most recent call last):
  File "/opt/conda/envs/gdf/lib/python3.9/site-packages/distributed/comm/ucx.py", line 391, in read
    await self.ep.recv(each_frame)
  File "/opt/conda/envs/gdf/lib/python3.9/site-packages/ucp/core.py", line 725, in recv
    ret = await comm.tag_recv(self._ep, buffer, nbytes, tag, name=log)
ucp._libs.exceptions.UCXError: <[Recv #007] ep: 0x7f1a24890100, tag: 0x4d4f897b40257ad0, nbytes: 50000000, type: <class 'rmm._lib.device_buffer.DeviceBuffer'>>: Connection reset by remote peer

During handling of the above exception, another exception occurred:

Traceback (most recent call last):
  File "/opt/conda/envs/gdf/lib/python3.9/site-packages/distributed/worker.py", line 2066, in gather_dep
    response = await get_data_from_worker(
  File "/opt/conda/envs/gdf/lib/python3.9/site-packages/distributed/worker.py", line 2892, in get_data_from_worker
    response = await send_recv(
  File "/opt/conda/envs/gdf/lib/python3.9/site-packages/distributed/core.py", line 1024, in send_recv
    response = await comm.read(deserializers=deserializers)
  File "/opt/conda/envs/gdf/lib/python3.9/site-packages/distributed/utils.py", line 752, in wrapper
    return await func(*args, **kwargs)
  File "/opt/conda/envs/gdf/lib/python3.9/site-packages/distributed/comm/ucx.py", line 397, in read
    raise CommClosedError(
distributed.comm.core.CommClosedError: Connection closed by writer.
Inner exception: UCXError("<[Recv #007] ep: 0x7f1a24890100, tag: 0x4d4f897b40257ad0, nbytes: 50000000, type: <class 'rmm._lib.device_buffer.DeviceBuffer'>>: Connection reset by remote peer")
2023-05-08 06:09:00,255 - distributed.nanny - WARNING - Restarting worker
2023-05-08 06:09:01,333 - distributed.preloading - INFO - Creating preload: dask_cuda.initialize
2023-05-08 06:09:01,333 - distributed.preloading - INFO - Import preload module: dask_cuda.initialize
2023-05-08 06:09:01,396 - distributed.preloading - INFO - Creating preload: dask_cuda.initialize
2023-05-08 06:09:01,396 - distributed.preloading - INFO - Import preload module: dask_cuda.initialize
2023-05-08 06:09:01,409 - distributed.preloading - INFO - Creating preload: dask_cuda.initialize
2023-05-08 06:09:01,409 - distributed.preloading - INFO - Import preload module: dask_cuda.initialize
2023-05-08 06:09:01,449 - distributed.preloading - INFO - Creating preload: dask_cuda.initialize
2023-05-08 06:09:01,449 - distributed.preloading - INFO - Import preload module: dask_cuda.initialize
2023-05-08 06:09:01,669 - distributed.preloading - INFO - Creating preload: dask_cuda.initialize
2023-05-08 06:09:01,669 - distributed.preloading - INFO - Import preload module: dask_cuda.initialize
[dgx13:1531 :0:1531] Caught signal 11 (Segmentation fault: address not mapped to object at address 0x448)
==== backtrace (tid:   1531) ====
 0  /opt/conda/envs/gdf/lib/libucs.so.0(ucs_handle_error+0x2dc) [0x7f8583151dec]
 1  /opt/conda/envs/gdf/lib/libucs.so.0(+0x31fcf) [0x7f8583151fcf]
 2  /opt/conda/envs/gdf/lib/libucs.so.0(+0x32304) [0x7f8583152304]
 3  /usr/lib/x86_64-linux-gnu/libpthread.so.0(+0x14420) [0x7f86222a3420]
 4  /opt/conda/envs/gdf/lib/libucp.so.0(ucp_mem_type_unpack+0x18) [0x7f85831e18d8]
 5  /opt/conda/envs/gdf/lib/libucp.so.0(ucp_rndv_data_handler+0x508) [0x7f8583216618]
 6  /opt/conda/envs/gdf/lib/libuct.so.0(+0x23487) [0x7f8583101487]
 7  /opt/conda/envs/gdf/lib/libuct.so.0(+0x23a68) [0x7f8583101a68]
 8  /opt/conda/envs/gdf/lib/libuct.so.0(+0x2612c) [0x7f858310412c]
 9  /opt/conda/envs/gdf/lib/libucs.so.0(ucs_event_set_wait+0xf9) [0x7f858315d4d9]
10  /opt/conda/envs/gdf/lib/libuct.so.0(uct_tcp_iface_progress+0x7b) [0x7f85831041db]
11  /opt/conda/envs/gdf/lib/libucp.so.0(ucp_worker_progress+0x6a) [0x7f85831ddd4a]
12  /opt/conda/envs/gdf/lib/python3.9/site-packages/ucp/_libs/ucx_api.cpython-39-x86_64-linux-gnu.so(+0x286e1) [0x7f85832a16e1]
13  /opt/conda/envs/gdf/bin/python(+0x13eb08) [0x55860b9dbb08]
14  /opt/conda/envs/gdf/bin/python(_PyEval_EvalFrameDefault+0x5f82) [0x55860b9cc112]
15  /opt/conda/envs/gdf/bin/python(+0x12827a) [0x55860b9c527a]
16  /opt/conda/envs/gdf/bin/python(_PyFunction_Vectorcall+0xd5) [0x55860b9d6c05]
17  /opt/conda/envs/gdf/bin/python(_PyEval_EvalFrameDefault+0x68b) [0x55860b9c681b]
18  /opt/conda/envs/gdf/bin/python(+0x139ef3) [0x55860b9d6ef3]
19  /opt/conda/envs/gdf/bin/python(+0x147a16) [0x55860b9e4a16]
20  /opt/conda/envs/gdf/bin/python(+0x2579b1) [0x55860baf49b1]
21  /opt/conda/envs/gdf/bin/python(+0xe5817) [0x55860b982817]
22  /opt/conda/envs/gdf/bin/python(+0x130f83) [0x55860b9cdf83]
23  /opt/conda/envs/gdf/bin/python(_PyEval_EvalFrameDefault+0x5ba6) [0x55860b9cbd36]
24  /opt/conda/envs/gdf/bin/python(+0x139ef3) [0x55860b9d6ef3]
25  /opt/conda/envs/gdf/bin/python(_PyEval_EvalFrameDefault+0x68b) [0x55860b9c681b]
26  /opt/conda/envs/gdf/bin/python(+0x139ef3) [0x55860b9d6ef3]
27  /opt/conda/envs/gdf/bin/python(_PyEval_EvalFrameDefault+0x68b) [0x55860b9c681b]
28  /opt/conda/envs/gdf/bin/python(+0x139ef3) [0x55860b9d6ef3]
29  /opt/conda/envs/gdf/bin/python(_PyEval_EvalFrameDefault+0x68b) [0x55860b9c681b]
30  /opt/conda/envs/gdf/bin/python(+0x139ef3) [0x55860b9d6ef3]
31  /opt/conda/envs/gdf/bin/python(_PyEval_EvalFrameDefault+0x68b) [0x55860b9c681b]
32  /opt/conda/envs/gdf/bin/python(+0x12827a) [0x55860b9c527a]
33  /opt/conda/envs/gdf/bin/python(_PyFunction_Vectorcall+0xd5) [0x55860b9d6c05]
34  /opt/conda/envs/gdf/bin/python(_PyEval_EvalFrameDefault+0x4e17) [0x55860b9cafa7]
35  /opt/conda/envs/gdf/bin/python(+0x12827a) [0x55860b9c527a]
36  /opt/conda/envs/gdf/bin/python(+0x147935) [0x55860b9e4935]
37  /opt/conda/envs/gdf/bin/python(PyObject_Call+0xb4) [0x55860b9e5104]
38  /opt/conda/envs/gdf/bin/python(+0x20efc8) [0x55860baabfc8]
39  /opt/conda/envs/gdf/bin/python(_PyObject_MakeTpCall+0x2fc) [0x55860b9cf2bc]
40  /opt/conda/envs/gdf/bin/python(_PyEval_EvalFrameDefault+0x402b) [0x55860b9ca1bb]
41  /opt/conda/envs/gdf/bin/python(+0x139ef3) [0x55860b9d6ef3]
42  /opt/conda/envs/gdf/bin/python(+0x147c72) [0x55860b9e4c72]
43  /opt/conda/envs/gdf/bin/python(_PyEval_EvalFrameDefault+0x402b) [0x55860b9ca1bb]
44  /opt/conda/envs/gdf/bin/python(+0x139ef3) [0x55860b9d6ef3]
45  /opt/conda/envs/gdf/bin/python(_PyEval_EvalFrameDefault+0x68b) [0x55860b9c681b]
46  /opt/conda/envs/gdf/bin/python(+0x12827a) [0x55860b9c527a]
47  /opt/conda/envs/gdf/bin/python(_PyFunction_Vectorcall+0xd5) [0x55860b9d6c05]
48  /opt/conda/envs/gdf/bin/python(_PyEval_EvalFrameDefault+0x68b) [0x55860b9c681b]
49  /opt/conda/envs/gdf/bin/python(+0x139ef3) [0x55860b9d6ef3]
50  /opt/conda/envs/gdf/bin/python(_PyEval_EvalFrameDefault+0x3d8) [0x55860b9c6568]
51  /opt/conda/envs/gdf/bin/python(+0x12827a) [0x55860b9c527a]
52  /opt/conda/envs/gdf/bin/python(_PyFunction_Vectorcall+0xd5) [0x55860b9d6c05]
53  /opt/conda/envs/gdf/bin/python(_PyEval_EvalFrameDefault+0x123b) [0x55860b9c73cb]
54  /opt/conda/envs/gdf/bin/python(+0x12827a) [0x55860b9c527a]
55  /opt/conda/envs/gdf/bin/python(_PyEval_EvalCodeWithName+0x47) [0x55860b9c4f07]
56  /opt/conda/envs/gdf/bin/python(PyEval_EvalCodeEx+0x39) [0x55860b9c4eb9]
57  /opt/conda/envs/gdf/bin/python(PyEval_EvalCode+0x1b) [0x55860ba758bb]
58  /opt/conda/envs/gdf/bin/python(+0x206adc) [0x55860baa3adc]
59  /opt/conda/envs/gdf/bin/python(+0x202c24) [0x55860ba9fc24]
60  /opt/conda/envs/gdf/bin/python(PyRun_StringFlags+0x9d) [0x55860ba977ed]
61  /opt/conda/envs/gdf/bin/python(PyRun_SimpleStringFlags+0x3d) [0x55860ba976bd]
=================================
[dgx13:1537 :0:1537] Caught signal 11 (Segmentation fault: address not mapped to object at address 0x448)
==== backtrace (tid:   1537) ====
 0  /opt/conda/envs/gdf/lib/libucs.so.0(ucs_handle_error+0x2dc) [0x7f40ec123dec]
 1  /opt/conda/envs/gdf/lib/libucs.so.0(+0x31fcf) [0x7f40ec123fcf]
 2  /opt/conda/envs/gdf/lib/libucs.so.0(+0x32304) [0x7f40ec124304]
 3  /usr/lib/x86_64-linux-gnu/libpthread.so.0(+0x14420) [0x7f418b27c420]
 4  /opt/conda/envs/gdf/lib/libucp.so.0(ucp_mem_type_unpack+0x18) [0x7f40ec1b38d8]
 5  /opt/conda/envs/gdf/lib/libucp.so.0(ucp_rndv_data_handler+0x508) [0x7f40ec1e8618]
 6  /opt/conda/envs/gdf/lib/libuct.so.0(+0x23487) [0x7f40ec0d3487]
 7  /opt/conda/envs/gdf/lib/libuct.so.0(+0x23a68) [0x7f40ec0d3a68]
 8  /opt/conda/envs/gdf/lib/libuct.so.0(+0x2612c) [0x7f40ec0d612c]
 9  /opt/conda/envs/gdf/lib/libucs.so.0(ucs_event_set_wait+0xf9) [0x7f40ec12f4d9]
10  /opt/conda/envs/gdf/lib/libuct.so.0(uct_tcp_iface_progress+0x7b) [0x7f40ec0d61db]
11  /opt/conda/envs/gdf/lib/libucp.so.0(ucp_worker_progress+0x6a) [0x7f40ec1afd4a]
12  /opt/conda/envs/gdf/lib/python3.9/site-packages/ucp/_libs/ucx_api.cpython-39-x86_64-linux-gnu.so(+0x286e1) [0x7f40ec2736e1]
13  /opt/conda/envs/gdf/bin/python(+0x13eb08) [0x5559ae81fb08]
14  /opt/conda/envs/gdf/bin/python(_PyEval_EvalFrameDefault+0x5f82) [0x5559ae810112]
15  /opt/conda/envs/gdf/bin/python(+0x12827a) [0x5559ae80927a]
16  /opt/conda/envs/gdf/bin/python(_PyFunction_Vectorcall+0xd5) [0x5559ae81ac05]
17  /opt/conda/envs/gdf/bin/python(_PyEval_EvalFrameDefault+0x68b) [0x5559ae80a81b]
18  /opt/conda/envs/gdf/bin/python(+0x139ef3) [0x5559ae81aef3]
19  /opt/conda/envs/gdf/bin/python(+0x147a16) [0x5559ae828a16]
20  /opt/conda/envs/gdf/bin/python(+0x2579b1) [0x5559ae9389b1]
21  /opt/conda/envs/gdf/bin/python(+0xe5817) [0x5559ae7c6817]
22  /opt/conda/envs/gdf/bin/python(+0x130f83) [0x5559ae811f83]
23  /opt/conda/envs/gdf/bin/python(_PyEval_EvalFrameDefault+0x5ba6) [0x5559ae80fd36]
24  /opt/conda/envs/gdf/bin/python(+0x139ef3) [0x5559ae81aef3]
25  /opt/conda/envs/gdf/bin/python(_PyEval_EvalFrameDefault+0x68b) [0x5559ae80a81b]
26  /opt/conda/envs/gdf/bin/python(+0x139ef3) [0x5559ae81aef3]
27  /opt/conda/envs/gdf/bin/python(_PyEval_EvalFrameDefault+0x68b) [0x5559ae80a81b]
28  /opt/conda/envs/gdf/bin/python(+0x139ef3) [0x5559ae81aef3]
29  /opt/conda/envs/gdf/bin/python(_PyEval_EvalFrameDefault+0x68b) [0x5559ae80a81b]
30  /opt/conda/envs/gdf/bin/python(+0x139ef3) [0x5559ae81aef3]
31  /opt/conda/envs/gdf/bin/python(_PyEval_EvalFrameDefault+0x68b) [0x5559ae80a81b]
32  /opt/conda/envs/gdf/bin/python(+0x12827a) [0x5559ae80927a]
33  /opt/conda/envs/gdf/bin/python(_PyFunction_Vectorcall+0xd5) [0x5559ae81ac05]
34  /opt/conda/envs/gdf/bin/python(_PyEval_EvalFrameDefault+0x4e17) [0x5559ae80efa7]
35  /opt/conda/envs/gdf/bin/python(+0x12827a) [0x5559ae80927a]
36  /opt/conda/envs/gdf/bin/python(+0x147935) [0x5559ae828935]
37  /opt/conda/envs/gdf/bin/python(PyObject_Call+0xb4) [0x5559ae829104]
38  /opt/conda/envs/gdf/bin/python(+0x20efc8) [0x5559ae8effc8]
39  /opt/conda/envs/gdf/bin/python(_PyObject_MakeTpCall+0x2fc) [0x5559ae8132bc]
40  /opt/conda/envs/gdf/bin/python(_PyEval_EvalFrameDefault+0x402b) [0x5559ae80e1bb]
41  /opt/conda/envs/gdf/bin/python(+0x139ef3) [0x5559ae81aef3]
42  /opt/conda/envs/gdf/bin/python(+0x147c72) [0x5559ae828c72]
43  /opt/conda/envs/gdf/bin/python(_PyEval_EvalFrameDefault+0x402b) [0x5559ae80e1bb]
44  /opt/conda/envs/gdf/bin/python(+0x139ef3) [0x5559ae81aef3]
45  /opt/conda/envs/gdf/bin/python(_PyEval_EvalFrameDefault+0x68b) [0x5559ae80a81b]
46  /opt/conda/envs/gdf/bin/python(+0x12827a) [0x5559ae80927a]
47  /opt/conda/envs/gdf/bin/python(_PyFunction_Vectorcall+0xd5) [0x5559ae81ac05]
48  /opt/conda/envs/gdf/bin/python(_PyEval_EvalFrameDefault+0x68b) [0x5559ae80a81b]
49  /opt/conda/envs/gdf/bin/python(+0x139ef3) [0x5559ae81aef3]
50  /opt/conda/envs/gdf/bin/python(_PyEval_EvalFrameDefault+0x3d8) [0x5559ae80a568]
51  /opt/conda/envs/gdf/bin/python(+0x12827a) [0x5559ae80927a]
52  /opt/conda/envs/gdf/bin/python(_PyFunction_Vectorcall+0xd5) [0x5559ae81ac05]
53  /opt/conda/envs/gdf/bin/python(_PyEval_EvalFrameDefault+0x123b) [0x5559ae80b3cb]
54  /opt/conda/envs/gdf/bin/python(+0x12827a) [0x5559ae80927a]
55  /opt/conda/envs/gdf/bin/python(_PyEval_EvalCodeWithName+0x47) [0x5559ae808f07]
56  /opt/conda/envs/gdf/bin/python(PyEval_EvalCodeEx+0x39) [0x5559ae808eb9]
57  /opt/conda/envs/gdf/bin/python(PyEval_EvalCode+0x1b) [0x5559ae8b98bb]
58  /opt/conda/envs/gdf/bin/python(+0x206adc) [0x5559ae8e7adc]
59  /opt/conda/envs/gdf/bin/python(+0x202c24) [0x5559ae8e3c24]
60  /opt/conda/envs/gdf/bin/python(PyRun_StringFlags+0x9d) [0x5559ae8db7ed]
61  /opt/conda/envs/gdf/bin/python(PyRun_SimpleStringFlags+0x3d) [0x5559ae8db6bd]
=================================
2023-05-08 06:09:02,689 - distributed.worker - ERROR - failed during get data with ucx://127.0.0.1:33117 -> ucx://127.0.0.1:45005
Traceback (most recent call last):
  File "/opt/conda/envs/gdf/lib/python3.9/site-packages/distributed/comm/ucx.py", line 333, in write
    await self.ep.send(each_frame)
  File "/opt/conda/envs/gdf/lib/python3.9/site-packages/ucp/core.py", line 650, in send
    return await comm.tag_send(self._ep, buffer, nbytes, tag, name=log)
ucp._libs.exceptions.UCXError: <[Send #007] ep: 0x7f343d3ff2c0, tag: 0x7c7d89856e26725e, nbytes: 50000000, type: <class 'cupy.ndarray'>>: Connection reset by remote peer

During handling of the above exception, another exception occurred:

Traceback (most recent call last):
  File "/opt/conda/envs/gdf/lib/python3.9/site-packages/distributed/worker.py", line 1792, in get_data
    compressed = await comm.write(msg, serializers=serializers)
  File "/opt/conda/envs/gdf/lib/python3.9/site-packages/distributed/utils.py", line 752, in wrapper
    return await func(*args, **kwargs)
  File "/opt/conda/envs/gdf/lib/python3.9/site-packages/distributed/comm/ucx.py", line 337, in write
    raise CommClosedError("While writing, the connection was closed")
distributed.comm.core.CommClosedError: While writing, the connection was closed
2023-05-08 06:09:02,734 - distributed.nanny - WARNING - Restarting worker
2023-05-08 06:09:02,802 - distributed.nanny - WARNING - Restarting worker
2023-05-08 06:09:02,885 - distributed.worker - ERROR - failed during get data with ucx://127.0.0.1:47553 -> ucx://127.0.0.1:32881
Traceback (most recent call last):
  File "/opt/conda/envs/gdf/lib/python3.9/site-packages/distributed/comm/ucx.py", line 333, in write
    await self.ep.send(each_frame)
  File "/opt/conda/envs/gdf/lib/python3.9/site-packages/ucp/core.py", line 650, in send
    return await comm.tag_send(self._ep, buffer, nbytes, tag, name=log)
ucp._libs.exceptions.UCXError: <[Send #012] ep: 0x7f44f2f27140, tag: 0x6e32a80d8fba7d85, nbytes: 50000000, type: <class 'cupy.ndarray'>>: Connection reset by remote peer

During handling of the above exception, another exception occurred:

Traceback (most recent call last):
  File "/opt/conda/envs/gdf/lib/python3.9/site-packages/distributed/worker.py", line 1792, in get_data
    compressed = await comm.write(msg, serializers=serializers)
  File "/opt/conda/envs/gdf/lib/python3.9/site-packages/distributed/utils.py", line 752, in wrapper
    return await func(*args, **kwargs)
  File "/opt/conda/envs/gdf/lib/python3.9/site-packages/distributed/comm/ucx.py", line 337, in write
    raise CommClosedError("While writing, the connection was closed")
distributed.comm.core.CommClosedError: While writing, the connection was closed
2023-05-08 06:09:02,899 - distributed.worker - ERROR - Worker stream died during communication: ucx://127.0.0.1:32881
Traceback (most recent call last):
  File "/opt/conda/envs/gdf/lib/python3.9/site-packages/distributed/comm/ucx.py", line 349, in read
    await self.ep.recv(msg)
  File "/opt/conda/envs/gdf/lib/python3.9/site-packages/ucp/core.py", line 725, in recv
    ret = await comm.tag_recv(self._ep, buffer, nbytes, tag, name=log)
ucp._libs.exceptions.UCXCanceled: <[Recv #003] ep: 0x7f44f2f27180, tag: 0xc492995413477dde, nbytes: 16, type: <class 'numpy.ndarray'>>: 

During handling of the above exception, another exception occurred:

Traceback (most recent call last):
  File "/opt/conda/envs/gdf/lib/python3.9/site-packages/distributed/worker.py", line 2066, in gather_dep
    response = await get_data_from_worker(
  File "/opt/conda/envs/gdf/lib/python3.9/site-packages/distributed/worker.py", line 2892, in get_data_from_worker
    response = await send_recv(
  File "/opt/conda/envs/gdf/lib/python3.9/site-packages/distributed/core.py", line 1024, in send_recv
    response = await comm.read(deserializers=deserializers)
  File "/opt/conda/envs/gdf/lib/python3.9/site-packages/distributed/utils.py", line 752, in wrapper
    return await func(*args, **kwargs)
  File "/opt/conda/envs/gdf/lib/python3.9/site-packages/distributed/comm/ucx.py", line 367, in read
    raise CommClosedError(
distributed.comm.core.CommClosedError: Connection closed by writer.
Inner exception: UCXCanceled("<[Recv #003] ep: 0x7f44f2f27180, tag: 0xc492995413477dde, nbytes: 16, type: <class 'numpy.ndarray'>>: ")
[dgx13:1544 :0:1544] Caught signal 11 (Segmentation fault: address not mapped to object at address 0x448)
==== backtrace (tid:   1544) ====
 0  /opt/conda/envs/gdf/lib/libucs.so.0(ucs_handle_error+0x2dc) [0x7f7628ac4dec]
 1  /opt/conda/envs/gdf/lib/libucs.so.0(+0x31fcf) [0x7f7628ac4fcf]
 2  /opt/conda/envs/gdf/lib/libucs.so.0(+0x32304) [0x7f7628ac5304]
 3  /usr/lib/x86_64-linux-gnu/libpthread.so.0(+0x14420) [0x7f76b9c1a420]
 4  /opt/conda/envs/gdf/lib/libucp.so.0(ucp_mem_type_unpack+0x18) [0x7f7628b548d8]
 5  /opt/conda/envs/gdf/lib/libucp.so.0(ucp_rndv_data_handler+0x508) [0x7f7628b89618]
 6  /opt/conda/envs/gdf/lib/libuct.so.0(+0x23487) [0x7f7628a74487]
 7  /opt/conda/envs/gdf/lib/libuct.so.0(+0x23a68) [0x7f7628a74a68]
 8  /opt/conda/envs/gdf/lib/libuct.so.0(+0x2612c) [0x7f7628a7712c]
 9  /opt/conda/envs/gdf/lib/libucs.so.0(ucs_event_set_wait+0xf9) [0x7f7628ad04d9]
10  /opt/conda/envs/gdf/lib/libuct.so.0(uct_tcp_iface_progress+0x7b) [0x7f7628a771db]
11  /opt/conda/envs/gdf/lib/libucp.so.0(ucp_worker_progress+0x6a) [0x7f7628b50d4a]
12  /opt/conda/envs/gdf/lib/python3.9/site-packages/ucp/_libs/ucx_api.cpython-39-x86_64-linux-gnu.so(+0x286e1) [0x7f7628c146e1]
13  /opt/conda/envs/gdf/bin/python(+0x13eb08) [0x55f043cb4b08]
14  /opt/conda/envs/gdf/bin/python(_PyEval_EvalFrameDefault+0x5f82) [0x55f043ca5112]
15  /opt/conda/envs/gdf/bin/python(+0x12827a) [0x55f043c9e27a]
16  /opt/conda/envs/gdf/bin/python(_PyFunction_Vectorcall+0xd5) [0x55f043cafc05]
17  /opt/conda/envs/gdf/bin/python(_PyEval_EvalFrameDefault+0x68b) [0x55f043c9f81b]
18  /opt/conda/envs/gdf/bin/python(+0x139ef3) [0x55f043cafef3]
19  /opt/conda/envs/gdf/bin/python(+0x147a16) [0x55f043cbda16]
20  /opt/conda/envs/gdf/bin/python(+0x2579b1) [0x55f043dcd9b1]
21  /opt/conda/envs/gdf/bin/python(+0xe5817) [0x55f043c5b817]
22  /opt/conda/envs/gdf/bin/python(+0x130f83) [0x55f043ca6f83]
23  /opt/conda/envs/gdf/bin/python(_PyEval_EvalFrameDefault+0x5ba6) [0x55f043ca4d36]
24  /opt/conda/envs/gdf/bin/python(+0x139ef3) [0x55f043cafef3]
25  /opt/conda/envs/gdf/bin/python(_PyEval_EvalFrameDefault+0x68b) [0x55f043c9f81b]
26  /opt/conda/envs/gdf/bin/python(+0x139ef3) [0x55f043cafef3]
27  /opt/conda/envs/gdf/bin/python(_PyEval_EvalFrameDefault+0x68b) [0x55f043c9f81b]
28  /opt/conda/envs/gdf/bin/python(+0x139ef3) [0x55f043cafef3]
29  /opt/conda/envs/gdf/bin/python(_PyEval_EvalFrameDefault+0x68b) [0x55f043c9f81b]
30  /opt/conda/envs/gdf/bin/python(+0x139ef3) [0x55f043cafef3]
31  /opt/conda/envs/gdf/bin/python(_PyEval_EvalFrameDefault+0x68b) [0x55f043c9f81b]
32  /opt/conda/envs/gdf/bin/python(+0x12827a) [0x55f043c9e27a]
33  /opt/conda/envs/gdf/bin/python(_PyFunction_Vectorcall+0xd5) [0x55f043cafc05]
34  /opt/conda/envs/gdf/bin/python(_PyEval_EvalFrameDefault+0x4e17) [0x55f043ca3fa7]
35  /opt/conda/envs/gdf/bin/python(+0x12827a) [0x55f043c9e27a]
36  /opt/conda/envs/gdf/bin/python(+0x147935) [0x55f043cbd935]
37  /opt/conda/envs/gdf/bin/python(PyObject_Call+0xb4) [0x55f043cbe104]
38  /opt/conda/envs/gdf/bin/python(+0x20efc8) [0x55f043d84fc8]
39  /opt/conda/envs/gdf/bin/python(_PyObject_MakeTpCall+0x2fc) [0x55f043ca82bc]
40  /opt/conda/envs/gdf/bin/python(_PyEval_EvalFrameDefault+0x402b) [0x55f043ca31bb]
41  /opt/conda/envs/gdf/bin/python(+0x139ef3) [0x55f043cafef3]
42  /opt/conda/envs/gdf/bin/python(+0x147c72) [0x55f043cbdc72]
43  /opt/conda/envs/gdf/bin/python(_PyEval_EvalFrameDefault+0x402b) [0x55f043ca31bb]
44  /opt/conda/envs/gdf/bin/python(+0x139ef3) [0x55f043cafef3]
45  /opt/conda/envs/gdf/bin/python(_PyEval_EvalFrameDefault+0x68b) [0x55f043c9f81b]
46  /opt/conda/envs/gdf/bin/python(+0x12827a) [0x55f043c9e27a]
47  /opt/conda/envs/gdf/bin/python(_PyFunction_Vectorcall+0xd5) [0x55f043cafc05]
48  /opt/conda/envs/gdf/bin/python(_PyEval_EvalFrameDefault+0x68b) [0x55f043c9f81b]
49  /opt/conda/envs/gdf/bin/python(+0x139ef3) [0x55f043cafef3]
50  /opt/conda/envs/gdf/bin/python(_PyEval_EvalFrameDefault+0x3d8) [0x55f043c9f568]
51  /opt/conda/envs/gdf/bin/python(+0x12827a) [0x55f043c9e27a]
52  /opt/conda/envs/gdf/bin/python(_PyFunction_Vectorcall+0xd5) [0x55f043cafc05]
53  /opt/conda/envs/gdf/bin/python(_PyEval_EvalFrameDefault+0x123b) [0x55f043ca03cb]
54  /opt/conda/envs/gdf/bin/python(+0x12827a) [0x55f043c9e27a]
55  /opt/conda/envs/gdf/bin/python(_PyEval_EvalCodeWithName+0x47) [0x55f043c9df07]
56  /opt/conda/envs/gdf/bin/python(PyEval_EvalCodeEx+0x39) [0x55f043c9deb9]
57  /opt/conda/envs/gdf/bin/python(PyEval_EvalCode+0x1b) [0x55f043d4e8bb]
58  /opt/conda/envs/gdf/bin/python(+0x206adc) [0x55f043d7cadc]
59  /opt/conda/envs/gdf/bin/python(+0x202c24) [0x55f043d78c24]
60  /opt/conda/envs/gdf/bin/python(PyRun_StringFlags+0x9d) [0x55f043d707ed]
61  /opt/conda/envs/gdf/bin/python(PyRun_SimpleStringFlags+0x3d) [0x55f043d706bd]
=================================
2023-05-08 06:09:03,170 - distributed.worker - ERROR - failed during get data with ucx://127.0.0.1:36175 -> ucx://127.0.0.1:59845
Traceback (most recent call last):
  File "/opt/conda/envs/gdf/lib/python3.9/site-packages/distributed/comm/ucx.py", line 333, in write
    await self.ep.send(each_frame)
  File "/opt/conda/envs/gdf/lib/python3.9/site-packages/ucp/core.py", line 650, in send
    return await comm.tag_send(self._ep, buffer, nbytes, tag, name=log)
ucp._libs.exceptions.UCXError: <[Send #007] ep: 0x7f1a24890140, tag: 0x8da32bd1838e64ca, nbytes: 50000000, type: <class 'cupy.ndarray'>>: Connection reset by remote peer

During handling of the above exception, another exception occurred:

Traceback (most recent call last):
  File "/opt/conda/envs/gdf/lib/python3.9/site-packages/distributed/worker.py", line 1792, in get_data
    compressed = await comm.write(msg, serializers=serializers)
  File "/opt/conda/envs/gdf/lib/python3.9/site-packages/distributed/utils.py", line 752, in wrapper
    return await func(*args, **kwargs)
  File "/opt/conda/envs/gdf/lib/python3.9/site-packages/distributed/comm/ucx.py", line 337, in write
    raise CommClosedError("While writing, the connection was closed")
distributed.comm.core.CommClosedError: While writing, the connection was closed
2023-05-08 06:09:03,221 - distributed.nanny - WARNING - Restarting worker
2023-05-08 06:09:04,202 - distributed.preloading - INFO - Creating preload: dask_cuda.initialize
2023-05-08 06:09:04,202 - distributed.preloading - INFO - Import preload module: dask_cuda.initialize
2023-05-08 06:09:04,292 - distributed.preloading - INFO - Creating preload: dask_cuda.initialize
2023-05-08 06:09:04,292 - distributed.preloading - INFO - Import preload module: dask_cuda.initialize
2023-05-08 06:09:04,602 - distributed.preloading - INFO - Creating preload: dask_cuda.initialize
2023-05-08 06:09:04,602 - distributed.preloading - INFO - Import preload module: dask_cuda.initialize
2023-05-08 06:09:29,521 - distributed.worker - ERROR - Worker stream died during communication: ucx://127.0.0.1:39239
Traceback (most recent call last):
  File "/opt/conda/envs/gdf/lib/python3.9/site-packages/distributed/comm/ucx.py", line 466, in connect
    ep = await ucp.create_endpoint(ip, port)
  File "/opt/conda/envs/gdf/lib/python3.9/site-packages/ucp/core.py", line 1004, in create_endpoint
    return await _get_ctx().create_endpoint(
  File "/opt/conda/envs/gdf/lib/python3.9/site-packages/ucp/core.py", line 316, in create_endpoint
    peer_info = await exchange_peer_info(
  File "/opt/conda/envs/gdf/lib/python3.9/site-packages/ucp/core.py", line 54, in exchange_peer_info
    await comm.stream_recv(endpoint, peer_info_arr, peer_info_arr.nbytes)
asyncio.exceptions.CancelledError

During handling of the above exception, another exception occurred:

Traceback (most recent call last):
  File "/opt/conda/envs/gdf/lib/python3.9/asyncio/tasks.py", line 490, in wait_for
    return fut.result()
asyncio.exceptions.CancelledError

The above exception was the direct cause of the following exception:

Traceback (most recent call last):
  File "/opt/conda/envs/gdf/lib/python3.9/site-packages/distributed/comm/core.py", line 292, in connect
    comm = await wait_for(
  File "/opt/conda/envs/gdf/lib/python3.9/site-packages/distributed/utils.py", line 1849, in wait_for
    return await asyncio.wait_for(fut, timeout)
  File "/opt/conda/envs/gdf/lib/python3.9/asyncio/tasks.py", line 492, in wait_for
    raise exceptions.TimeoutError() from exc
asyncio.exceptions.TimeoutError

The above exception was the direct cause of the following exception:

Traceback (most recent call last):
  File "/opt/conda/envs/gdf/lib/python3.9/site-packages/distributed/worker.py", line 2066, in gather_dep
    response = await get_data_from_worker(
  File "/opt/conda/envs/gdf/lib/python3.9/site-packages/distributed/worker.py", line 2889, in get_data_from_worker
    comm = await rpc.connect(worker)
  File "/opt/conda/envs/gdf/lib/python3.9/site-packages/distributed/core.py", line 1506, in connect
    return await connect_attempt
  File "/opt/conda/envs/gdf/lib/python3.9/site-packages/distributed/core.py", line 1427, in _connect
    comm = await connect(
  File "/opt/conda/envs/gdf/lib/python3.9/site-packages/distributed/comm/core.py", line 318, in connect
    raise OSError(
OSError: Timed out trying to connect to ucx://127.0.0.1:39239 after 30 s
/opt/conda/envs/gdf/lib/python3.9/multiprocessing/resource_tracker.py:216: UserWarning: resource_tracker: There appear to be 48 leaked semaphore objects to clean up at shutdown
  warnings.warn('resource_tracker: There appear to be %d '
