2023-08-09 05:58:49,841 - distributed.preloading - INFO - Creating preload: dask_cuda.initialize
2023-08-09 05:58:49,841 - distributed.preloading - INFO - Import preload module: dask_cuda.initialize
2023-08-09 05:58:49,854 - distributed.preloading - INFO - Creating preload: dask_cuda.initialize
2023-08-09 05:58:49,854 - distributed.preloading - INFO - Import preload module: dask_cuda.initialize
2023-08-09 05:58:49,856 - distributed.preloading - INFO - Creating preload: dask_cuda.initialize
2023-08-09 05:58:49,856 - distributed.preloading - INFO - Import preload module: dask_cuda.initialize
2023-08-09 05:58:49,858 - distributed.preloading - INFO - Creating preload: dask_cuda.initialize
2023-08-09 05:58:49,859 - distributed.preloading - INFO - Import preload module: dask_cuda.initialize
2023-08-09 05:58:49,859 - distributed.preloading - INFO - Creating preload: dask_cuda.initialize
2023-08-09 05:58:49,859 - distributed.preloading - INFO - Import preload module: dask_cuda.initialize
2023-08-09 05:58:49,864 - distributed.preloading - INFO - Creating preload: dask_cuda.initialize
2023-08-09 05:58:49,864 - distributed.preloading - INFO - Import preload module: dask_cuda.initialize
2023-08-09 05:58:49,874 - distributed.preloading - INFO - Creating preload: dask_cuda.initialize
2023-08-09 05:58:49,874 - distributed.preloading - INFO - Import preload module: dask_cuda.initialize
2023-08-09 05:58:49,895 - distributed.preloading - INFO - Creating preload: dask_cuda.initialize
2023-08-09 05:58:49,895 - distributed.preloading - INFO - Import preload module: dask_cuda.initialize
[dgx13:70438:0:70438] Caught signal 11 (Segmentation fault: address not mapped to object at address 0x450)
==== backtrace (tid:  70438) ====
 0  /opt/conda/envs/gdf/lib/libucs.so.0(ucs_handle_error+0x2fd) [0x7f156f006ced]
 1  /opt/conda/envs/gdf/lib/libucs.so.0(+0x2aee4) [0x7f156f006ee4]
 2  /opt/conda/envs/gdf/lib/libucs.so.0(+0x2b0aa) [0x7f156f0070aa]
 3  /usr/lib/x86_64-linux-gnu/libpthread.so.0(+0x14420) [0x7f161e893420]
 4  /opt/conda/envs/gdf/lib/libucp.so.0(ucp_mem_type_unpack+0x14) [0x7f156f0866f4]
 5  /opt/conda/envs/gdf/lib/libucp.so.0(ucp_rndv_data_handler+0x4e9) [0x7f156f0aea49]
 6  /opt/conda/envs/gdf/lib/libuct.so.0(+0x2045f) [0x7f156efc045f]
 7  /opt/conda/envs/gdf/lib/libuct.so.0(+0x23548) [0x7f156efc3548]
 8  /opt/conda/envs/gdf/lib/libucs.so.0(ucs_event_set_wait+0xb9) [0x7f156f010399]
 9  /opt/conda/envs/gdf/lib/libuct.so.0(uct_tcp_iface_progress+0x7d) [0x7f156efc265d]
10  /opt/conda/envs/gdf/lib/libucp.so.0(ucp_worker_progress+0x5a) [0x7f156f08352a]
11  /opt/conda/envs/gdf/lib/python3.9/site-packages/ucp/_libs/ucx_api.cpython-39-x86_64-linux-gnu.so(+0x2b17a) [0x7f156f13817a]
12  /opt/conda/envs/gdf/bin/python(+0x13eb08) [0x55bd9002db08]
13  /opt/conda/envs/gdf/bin/python(_PyEval_EvalFrameDefault+0x5f82) [0x55bd9001e112]
14  /opt/conda/envs/gdf/bin/python(+0x12827a) [0x55bd9001727a]
15  /opt/conda/envs/gdf/bin/python(_PyFunction_Vectorcall+0xd5) [0x55bd90028c05]
16  /opt/conda/envs/gdf/bin/python(_PyEval_EvalFrameDefault+0x68b) [0x55bd9001881b]
17  /opt/conda/envs/gdf/bin/python(+0x139ef3) [0x55bd90028ef3]
18  /opt/conda/envs/gdf/bin/python(+0x147a16) [0x55bd90036a16]
19  /opt/conda/envs/gdf/bin/python(+0x2579b1) [0x55bd901469b1]
20  /opt/conda/envs/gdf/bin/python(+0xe5817) [0x55bd8ffd4817]
21  /opt/conda/envs/gdf/bin/python(+0x130f83) [0x55bd9001ff83]
22  /opt/conda/envs/gdf/bin/python(_PyEval_EvalFrameDefault+0x5ba6) [0x55bd9001dd36]
23  /opt/conda/envs/gdf/bin/python(+0x139ef3) [0x55bd90028ef3]
24  /opt/conda/envs/gdf/bin/python(_PyEval_EvalFrameDefault+0x68b) [0x55bd9001881b]
25  /opt/conda/envs/gdf/bin/python(+0x139ef3) [0x55bd90028ef3]
26  /opt/conda/envs/gdf/bin/python(_PyEval_EvalFrameDefault+0x68b) [0x55bd9001881b]
27  /opt/conda/envs/gdf/bin/python(+0x139ef3) [0x55bd90028ef3]
28  /opt/conda/envs/gdf/bin/python(_PyEval_EvalFrameDefault+0x68b) [0x55bd9001881b]
29  /opt/conda/envs/gdf/bin/python(+0x139ef3) [0x55bd90028ef3]
30  /opt/conda/envs/gdf/bin/python(_PyEval_EvalFrameDefault+0x68b) [0x55bd9001881b]
31  /opt/conda/envs/gdf/bin/python(+0x12827a) [0x55bd9001727a]
32  /opt/conda/envs/gdf/bin/python(_PyFunction_Vectorcall+0xd5) [0x55bd90028c05]
33  /opt/conda/envs/gdf/bin/python(_PyEval_EvalFrameDefault+0x4e17) [0x55bd9001cfa7]
34  /opt/conda/envs/gdf/bin/python(+0x12827a) [0x55bd9001727a]
35  /opt/conda/envs/gdf/bin/python(+0x147935) [0x55bd90036935]
36  /opt/conda/envs/gdf/bin/python(PyObject_Call+0xb4) [0x55bd90037104]
37  /opt/conda/envs/gdf/bin/python(+0x20efc8) [0x55bd900fdfc8]
38  /opt/conda/envs/gdf/bin/python(_PyObject_MakeTpCall+0x2fc) [0x55bd900212bc]
39  /opt/conda/envs/gdf/bin/python(_PyEval_EvalFrameDefault+0x402b) [0x55bd9001c1bb]
40  /opt/conda/envs/gdf/bin/python(+0x139ef3) [0x55bd90028ef3]
41  /opt/conda/envs/gdf/bin/python(+0x147c72) [0x55bd90036c72]
42  /opt/conda/envs/gdf/bin/python(_PyEval_EvalFrameDefault+0x402b) [0x55bd9001c1bb]
43  /opt/conda/envs/gdf/bin/python(+0x139ef3) [0x55bd90028ef3]
44  /opt/conda/envs/gdf/bin/python(_PyEval_EvalFrameDefault+0x68b) [0x55bd9001881b]
45  /opt/conda/envs/gdf/bin/python(+0x12827a) [0x55bd9001727a]
46  /opt/conda/envs/gdf/bin/python(_PyFunction_Vectorcall+0xd5) [0x55bd90028c05]
47  /opt/conda/envs/gdf/bin/python(_PyEval_EvalFrameDefault+0x68b) [0x55bd9001881b]
48  /opt/conda/envs/gdf/bin/python(+0x139ef3) [0x55bd90028ef3]
49  /opt/conda/envs/gdf/bin/python(_PyEval_EvalFrameDefault+0x3d8) [0x55bd90018568]
50  /opt/conda/envs/gdf/bin/python(+0x12827a) [0x55bd9001727a]
51  /opt/conda/envs/gdf/bin/python(_PyFunction_Vectorcall+0xd5) [0x55bd90028c05]
52  /opt/conda/envs/gdf/bin/python(_PyEval_EvalFrameDefault+0x123b) [0x55bd900193cb]
53  /opt/conda/envs/gdf/bin/python(+0x12827a) [0x55bd9001727a]
54  /opt/conda/envs/gdf/bin/python(_PyEval_EvalCodeWithName+0x47) [0x55bd90016f07]
55  /opt/conda/envs/gdf/bin/python(PyEval_EvalCodeEx+0x39) [0x55bd90016eb9]
56  /opt/conda/envs/gdf/bin/python(PyEval_EvalCode+0x1b) [0x55bd900c78bb]
57  /opt/conda/envs/gdf/bin/python(+0x206adc) [0x55bd900f5adc]
58  /opt/conda/envs/gdf/bin/python(+0x202c24) [0x55bd900f1c24]
59  /opt/conda/envs/gdf/bin/python(PyRun_StringFlags+0x9d) [0x55bd900e97ed]
60  /opt/conda/envs/gdf/bin/python(PyRun_SimpleStringFlags+0x3d) [0x55bd900e96bd]
61  /opt/conda/envs/gdf/bin/python(Py_RunMain+0x262) [0x55bd900e88a2]
=================================
[dgx13:70430:0:70430] Caught signal 11 (Segmentation fault: address not mapped to object at address 0x450)
==== backtrace (tid:  70430) ====
 0  /opt/conda/envs/gdf/lib/libucs.so.0(ucs_handle_error+0x2fd) [0x7f096c8c6ced]
 1  /opt/conda/envs/gdf/lib/libucs.so.0(+0x2aee4) [0x7f096c8c6ee4]
 2  /opt/conda/envs/gdf/lib/libucs.so.0(+0x2b0aa) [0x7f096c8c70aa]
 3  /usr/lib/x86_64-linux-gnu/libpthread.so.0(+0x14420) [0x7f0a0c159420]
 4  /opt/conda/envs/gdf/lib/libucp.so.0(ucp_mem_type_unpack+0x14) [0x7f096c9466f4]
 5  /opt/conda/envs/gdf/lib/libucp.so.0(ucp_rndv_data_handler+0x4e9) [0x7f096c96ea49]
 6  /opt/conda/envs/gdf/lib/libuct.so.0(+0x2045f) [0x7f096c88045f]
 7  /opt/conda/envs/gdf/lib/libuct.so.0(+0x23548) [0x7f096c883548]
 8  /opt/conda/envs/gdf/lib/libucs.so.0(ucs_event_set_wait+0xb9) [0x7f096c8d0399]
 9  /opt/conda/envs/gdf/lib/libuct.so.0(uct_tcp_iface_progress+0x7d) [0x7f096c88265d]
10  /opt/conda/envs/gdf/lib/libucp.so.0(ucp_worker_progress+0x5a) [0x7f096c94352a]
11  /opt/conda/envs/gdf/lib/python3.9/site-packages/ucp/_libs/ucx_api.cpython-39-x86_64-linux-gnu.so(+0x2b17a) [0x7f096c9f817a]
12  /opt/conda/envs/gdf/bin/python(+0x13eb08) [0x55fc909e8b08]
13  /opt/conda/envs/gdf/bin/python(_PyEval_EvalFrameDefault+0x5f82) [0x55fc909d9112]
14  /opt/conda/envs/gdf/bin/python(+0x12827a) [0x55fc909d227a]
15  /opt/conda/envs/gdf/bin/python(_PyFunction_Vectorcall+0xd5) [0x55fc909e3c05]
16  /opt/conda/envs/gdf/bin/python(_PyEval_EvalFrameDefault+0x68b) [0x55fc909d381b]
17  /opt/conda/envs/gdf/bin/python(+0x14e70e) [0x55fc909f870e]
18  /opt/conda/envs/gdf/lib/python3.9/lib-dynload/_asyncio.cpython-39-x86_64-linux-gnu.so(+0x82fe) [0x7f098cca12fe]
19  /opt/conda/envs/gdf/bin/python(_PyObject_MakeTpCall+0x2fc) [0x55fc909dc2bc]
20  /opt/conda/envs/gdf/bin/python(+0xe5817) [0x55fc9098f817]
21  /opt/conda/envs/gdf/bin/python(+0x130f83) [0x55fc909daf83]
22  /opt/conda/envs/gdf/bin/python(_PyEval_EvalFrameDefault+0x5ba6) [0x55fc909d8d36]
23  /opt/conda/envs/gdf/bin/python(+0x139ef3) [0x55fc909e3ef3]
24  /opt/conda/envs/gdf/bin/python(_PyEval_EvalFrameDefault+0x68b) [0x55fc909d381b]
25  /opt/conda/envs/gdf/bin/python(+0x139ef3) [0x55fc909e3ef3]
26  /opt/conda/envs/gdf/bin/python(_PyEval_EvalFrameDefault+0x68b) [0x55fc909d381b]
27  /opt/conda/envs/gdf/bin/python(+0x139ef3) [0x55fc909e3ef3]
28  /opt/conda/envs/gdf/bin/python(_PyEval_EvalFrameDefault+0x68b) [0x55fc909d381b]
29  /opt/conda/envs/gdf/bin/python(+0x139ef3) [0x55fc909e3ef3]
30  /opt/conda/envs/gdf/bin/python(_PyEval_EvalFrameDefault+0x68b) [0x55fc909d381b]
31  /opt/conda/envs/gdf/bin/python(+0x12827a) [0x55fc909d227a]
32  /opt/conda/envs/gdf/bin/python(_PyFunction_Vectorcall+0xd5) [0x55fc909e3c05]
33  /opt/conda/envs/gdf/bin/python(_PyEval_EvalFrameDefault+0x4e17) [0x55fc909d7fa7]
34  /opt/conda/envs/gdf/bin/python(+0x12827a) [0x55fc909d227a]
35  /opt/conda/envs/gdf/bin/python(+0x147935) [0x55fc909f1935]
36  /opt/conda/envs/gdf/bin/python(PyObject_Call+0xb4) [0x55fc909f2104]
37  /opt/conda/envs/gdf/bin/python(+0x20efc8) [0x55fc90ab8fc8]
38  /opt/conda/envs/gdf/bin/python(_PyObject_MakeTpCall+0x2fc) [0x55fc909dc2bc]
39  /opt/conda/envs/gdf/bin/python(_PyEval_EvalFrameDefault+0x402b) [0x55fc909d71bb]
40  /opt/conda/envs/gdf/bin/python(+0x139ef3) [0x55fc909e3ef3]
41  /opt/conda/envs/gdf/bin/python(+0x147c72) [0x55fc909f1c72]
42  /opt/conda/envs/gdf/bin/python(_PyEval_EvalFrameDefault+0x402b) [0x55fc909d71bb]
43  /opt/conda/envs/gdf/bin/python(+0x139ef3) [0x55fc909e3ef3]
44  /opt/conda/envs/gdf/bin/python(_PyEval_EvalFrameDefault+0x68b) [0x55fc909d381b]
45  /opt/conda/envs/gdf/bin/python(+0x12827a) [0x55fc909d227a]
46  /opt/conda/envs/gdf/bin/python(_PyFunction_Vectorcall+0xd5) [0x55fc909e3c05]
47  /opt/conda/envs/gdf/bin/python(_PyEval_EvalFrameDefault+0x68b) [0x55fc909d381b]
48  /opt/conda/envs/gdf/bin/python(+0x139ef3) [0x55fc909e3ef3]
49  /opt/conda/envs/gdf/bin/python(_PyEval_EvalFrameDefault+0x3d8) [0x55fc909d3568]
50  /opt/conda/envs/gdf/bin/python(+0x12827a) [0x55fc909d227a]
51  /opt/conda/envs/gdf/bin/python(_PyFunction_Vectorcall+0xd5) [0x55fc909e3c05]
52  /opt/conda/envs/gdf/bin/python(_PyEval_EvalFrameDefault+0x123b) [0x55fc909d43cb]
53  /opt/conda/envs/gdf/bin/python(+0x12827a) [0x55fc909d227a]
54  /opt/conda/envs/gdf/bin/python(_PyEval_EvalCodeWithName+0x47) [0x55fc909d1f07]
55  /opt/conda/envs/gdf/bin/python(PyEval_EvalCodeEx+0x39) [0x55fc909d1eb9]
56  /opt/conda/envs/gdf/bin/python(PyEval_EvalCode+0x1b) [0x55fc90a828bb]
57  /opt/conda/envs/gdf/bin/python(+0x206adc) [0x55fc90ab0adc]
58  /opt/conda/envs/gdf/bin/python(+0x202c24) [0x55fc90aacc24]
59  /opt/conda/envs/gdf/bin/python(PyRun_StringFlags+0x9d) [0x55fc90aa47ed]
60  /opt/conda/envs/gdf/bin/python(PyRun_SimpleStringFlags+0x3d) [0x55fc90aa46bd]
61  /opt/conda/envs/gdf/bin/python(Py_RunMain+0x262) [0x55fc90aa38a2]
=================================
[dgx13:70444:0:70444] Caught signal 11 (Segmentation fault: address not mapped to object at address 0x450)
==== backtrace (tid:  70444) ====
 0  /opt/conda/envs/gdf/lib/libucs.so.0(ucs_handle_error+0x2fd) [0x7fde7032bced]
 1  /opt/conda/envs/gdf/lib/libucs.so.0(+0x2aee4) [0x7fde7032bee4]
 2  /opt/conda/envs/gdf/lib/libucs.so.0(+0x2b0aa) [0x7fde7032c0aa]
 3  /usr/lib/x86_64-linux-gnu/libpthread.so.0(+0x14420) [0x7fdf0fbac420]
 4  /opt/conda/envs/gdf/lib/libucp.so.0(ucp_mem_type_unpack+0x14) [0x7fde703ab6f4]
 5  /opt/conda/envs/gdf/lib/libucp.so.0(ucp_rndv_data_handler+0x4e9) [0x7fde703d3a49]
 6  /opt/conda/envs/gdf/lib/libuct.so.0(+0x2045f) [0x7fde702e545f]
 7  /opt/conda/envs/gdf/lib/libuct.so.0(+0x23548) [0x7fde702e8548]
 8  /opt/conda/envs/gdf/lib/libucs.so.0(ucs_event_set_wait+0xb9) [0x7fde70335399]
 9  /opt/conda/envs/gdf/lib/libuct.so.0(uct_tcp_iface_progress+0x7d) [0x7fde702e765d]
10  /opt/conda/envs/gdf/lib/libucp.so.0(ucp_worker_progress+0x5a) [0x7fde703a852a]
11  /opt/conda/envs/gdf/lib/python3.9/site-packages/ucp/_libs/ucx_api.cpython-39-x86_64-linux-gnu.so(+0x2b17a) [0x7fde7045d17a]
12  /opt/conda/envs/gdf/bin/python(+0x13eb08) [0x562443a6ab08]
13  /opt/conda/envs/gdf/bin/python(_PyEval_EvalFrameDefault+0x5f82) [0x562443a5b112]
14  /opt/conda/envs/gdf/bin/python(+0x12827a) [0x562443a5427a]
15  /opt/conda/envs/gdf/bin/python(_PyFunction_Vectorcall+0xd5) [0x562443a65c05]
16  /opt/conda/envs/gdf/bin/python(_PyEval_EvalFrameDefault+0x68b) [0x562443a5581b]
17  /opt/conda/envs/gdf/bin/python(+0x139ef3) [0x562443a65ef3]
18  /opt/conda/envs/gdf/bin/python(+0x147a16) [0x562443a73a16]
19  /opt/conda/envs/gdf/bin/python(+0x2579b1) [0x562443b839b1]
20  /opt/conda/envs/gdf/bin/python(+0xe5817) [0x562443a11817]
21  /opt/conda/envs/gdf/bin/python(+0x130f83) [0x562443a5cf83]
22  /opt/conda/envs/gdf/bin/python(_PyEval_EvalFrameDefault+0x5ba6) [0x562443a5ad36]
23  /opt/conda/envs/gdf/bin/python(+0x139ef3) [0x562443a65ef3]
24  /opt/conda/envs/gdf/bin/python(_PyEval_EvalFrameDefault+0x68b) [0x562443a5581b]
25  /opt/conda/envs/gdf/bin/python(+0x139ef3) [0x562443a65ef3]
26  /opt/conda/envs/gdf/bin/python(_PyEval_EvalFrameDefault+0x68b) [0x562443a5581b]
27  /opt/conda/envs/gdf/bin/python(+0x139ef3) [0x562443a65ef3]
28  /opt/conda/envs/gdf/bin/python(_PyEval_EvalFrameDefault+0x68b) [0x562443a5581b]
29  /opt/conda/envs/gdf/bin/python(+0x139ef3) [0x562443a65ef3]
30  /opt/conda/envs/gdf/bin/python(_PyEval_EvalFrameDefault+0x68b) [0x562443a5581b]
31  /opt/conda/envs/gdf/bin/python(+0x12827a) [0x562443a5427a]
32  /opt/conda/envs/gdf/bin/python(_PyFunction_Vectorcall+0xd5) [0x562443a65c05]
33  /opt/conda/envs/gdf/bin/python(_PyEval_EvalFrameDefault+0x4e17) [0x562443a59fa7]
34  /opt/conda/envs/gdf/bin/python(+0x12827a) [0x562443a5427a]
35  /opt/conda/envs/gdf/bin/python(+0x147935) [0x562443a73935]
36  /opt/conda/envs/gdf/bin/python(PyObject_Call+0xb4) [0x562443a74104]
37  /opt/conda/envs/gdf/bin/python(+0x20efc8) [0x562443b3afc8]
38  /opt/conda/envs/gdf/bin/python(_PyObject_MakeTpCall+0x2fc) [0x562443a5e2bc]
39  /opt/conda/envs/gdf/bin/python(_PyEval_EvalFrameDefault+0x402b) [0x562443a591bb]
40  /opt/conda/envs/gdf/bin/python(+0x139ef3) [0x562443a65ef3]
41  /opt/conda/envs/gdf/bin/python(+0x147c72) [0x562443a73c72]
42  /opt/conda/envs/gdf/bin/python(_PyEval_EvalFrameDefault+0x402b) [0x562443a591bb]
43  /opt/conda/envs/gdf/bin/python(+0x139ef3) [0x562443a65ef3]
44  /opt/conda/envs/gdf/bin/python(_PyEval_EvalFrameDefault+0x68b) [0x562443a5581b]
45  /opt/conda/envs/gdf/bin/python(+0x12827a) [0x562443a5427a]
46  /opt/conda/envs/gdf/bin/python(_PyFunction_Vectorcall+0xd5) [0x562443a65c05]
47  /opt/conda/envs/gdf/bin/python(_PyEval_EvalFrameDefault+0x68b) [0x562443a5581b]
48  /opt/conda/envs/gdf/bin/python(+0x139ef3) [0x562443a65ef3]
49  /opt/conda/envs/gdf/bin/python(_PyEval_EvalFrameDefault+0x3d8) [0x562443a55568]
50  /opt/conda/envs/gdf/bin/python(+0x12827a) [0x562443a5427a]
51  /opt/conda/envs/gdf/bin/python(_PyFunction_Vectorcall+0xd5) [0x562443a65c05]
52  /opt/conda/envs/gdf/bin/python(_PyEval_EvalFrameDefault+0x123b) [0x562443a563cb]
53  /opt/conda/envs/gdf/bin/python(+0x12827a) [0x562443a5427a]
54  /opt/conda/envs/gdf/bin/python(_PyEval_EvalCodeWithName+0x47) [0x562443a53f07]
55  /opt/conda/envs/gdf/bin/python(PyEval_EvalCodeEx+0x39) [0x562443a53eb9]
56  /opt/conda/envs/gdf/bin/python(PyEval_EvalCode+0x1b) [0x562443b048bb]
57  /opt/conda/envs/gdf/bin/python(+0x206adc) [0x562443b32adc]
58  /opt/conda/envs/gdf/bin/python(+0x202c24) [0x562443b2ec24]
59  /opt/conda/envs/gdf/bin/python(PyRun_StringFlags+0x9d) [0x562443b267ed]
60  /opt/conda/envs/gdf/bin/python(PyRun_SimpleStringFlags+0x3d) [0x562443b266bd]
61  /opt/conda/envs/gdf/bin/python(Py_RunMain+0x262) [0x562443b258a2]
=================================
[dgx13:70426:0:70426] Caught signal 11 (Segmentation fault: address not mapped to object at address 0x450)
==== backtrace (tid:  70426) ====
 0  /opt/conda/envs/gdf/lib/libucs.so.0(ucs_handle_error+0x2fd) [0x7f4f93ac4ced]
 1  /opt/conda/envs/gdf/lib/libucs.so.0(+0x2aee4) [0x7f4f93ac4ee4]
 2  /opt/conda/envs/gdf/lib/libucs.so.0(+0x2b0aa) [0x7f4f93ac50aa]
 3  /usr/lib/x86_64-linux-gnu/libpthread.so.0(+0x14420) [0x7f5039361420]
 4  /opt/conda/envs/gdf/lib/libucp.so.0(ucp_mem_type_unpack+0x14) [0x7f4f93b446f4]
 5  /opt/conda/envs/gdf/lib/libucp.so.0(ucp_rndv_data_handler+0x4e9) [0x7f4f93b6ca49]
 6  /opt/conda/envs/gdf/lib/libuct.so.0(+0x2045f) [0x7f4f93a7e45f]
 7  /opt/conda/envs/gdf/lib/libuct.so.0(+0x23548) [0x7f4f93a81548]
 8  /opt/conda/envs/gdf/lib/libucs.so.0(ucs_event_set_wait+0xb9) [0x7f4f93ace399]
 9  /opt/conda/envs/gdf/lib/libuct.so.0(uct_tcp_iface_progress+0x7d) [0x7f4f93a8065d]
10  /opt/conda/envs/gdf/lib/libucp.so.0(ucp_worker_progress+0x5a) [0x7f4f93b4152a]
11  /opt/conda/envs/gdf/lib/python3.9/site-packages/ucp/_libs/ucx_api.cpython-39-x86_64-linux-gnu.so(+0x2b17a) [0x7f4f93bf617a]
12  /opt/conda/envs/gdf/bin/python(+0x13eb08) [0x55c9e42a4b08]
13  /opt/conda/envs/gdf/bin/python(_PyEval_EvalFrameDefault+0x5f82) [0x55c9e4295112]
14  /opt/conda/envs/gdf/bin/python(+0x12827a) [0x55c9e428e27a]
15  /opt/conda/envs/gdf/bin/python(_PyFunction_Vectorcall+0xd5) [0x55c9e429fc05]
16  /opt/conda/envs/gdf/bin/python(_PyEval_EvalFrameDefault+0x68b) [0x55c9e428f81b]
17  /opt/conda/envs/gdf/bin/python(+0x139ef3) [0x55c9e429fef3]
18  /opt/conda/envs/gdf/bin/python(+0x147a16) [0x55c9e42ada16]
19  /opt/conda/envs/gdf/bin/python(+0x2579b1) [0x55c9e43bd9b1]
20  /opt/conda/envs/gdf/bin/python(+0xe5817) [0x55c9e424b817]
21  /opt/conda/envs/gdf/bin/python(+0x130f83) [0x55c9e4296f83]
22  /opt/conda/envs/gdf/bin/python(_PyEval_EvalFrameDefault+0x5ba6) [0x55c9e4294d36]
23  /opt/conda/envs/gdf/bin/python(+0x139ef3) [0x55c9e429fef3]
24  /opt/conda/envs/gdf/bin/python(_PyEval_EvalFrameDefault+0x68b) [0x55c9e428f81b]
25  /opt/conda/envs/gdf/bin/python(+0x139ef3) [0x55c9e429fef3]
26  /opt/conda/envs/gdf/bin/python(_PyEval_EvalFrameDefault+0x68b) [0x55c9e428f81b]
27  /opt/conda/envs/gdf/bin/python(+0x139ef3) [0x55c9e429fef3]
28  /opt/conda/envs/gdf/bin/python(_PyEval_EvalFrameDefault+0x68b) [0x55c9e428f81b]
29  /opt/conda/envs/gdf/bin/python(+0x139ef3) [0x55c9e429fef3]
30  /opt/conda/envs/gdf/bin/python(_PyEval_EvalFrameDefault+0x68b) [0x55c9e428f81b]
31  /opt/conda/envs/gdf/bin/python(+0x12827a) [0x55c9e428e27a]
32  /opt/conda/envs/gdf/bin/python(_PyFunction_Vectorcall+0xd5) [0x55c9e429fc05]
33  /opt/conda/envs/gdf/bin/python(_PyEval_EvalFrameDefault+0x4e17) [0x55c9e4293fa7]
34  /opt/conda/envs/gdf/bin/python(+0x12827a) [0x55c9e428e27a]
35  /opt/conda/envs/gdf/bin/python(+0x147935) [0x55c9e42ad935]
36  /opt/conda/envs/gdf/bin/python(PyObject_Call+0xb4) [0x55c9e42ae104]
37  /opt/conda/envs/gdf/bin/python(+0x20efc8) [0x55c9e4374fc8]
38  /opt/conda/envs/gdf/bin/python(_PyObject_MakeTpCall+0x2fc) [0x55c9e42982bc]
39  /opt/conda/envs/gdf/bin/python(_PyEval_EvalFrameDefault+0x402b) [0x55c9e42931bb]
40  /opt/conda/envs/gdf/bin/python(+0x139ef3) [0x55c9e429fef3]
41  /opt/conda/envs/gdf/bin/python(+0x147c72) [0x55c9e42adc72]
42  /opt/conda/envs/gdf/bin/python(_PyEval_EvalFrameDefault+0x402b) [0x55c9e42931bb]
43  /opt/conda/envs/gdf/bin/python(+0x139ef3) [0x55c9e429fef3]
44  /opt/conda/envs/gdf/bin/python(_PyEval_EvalFrameDefault+0x68b) [0x55c9e428f81b]
45  /opt/conda/envs/gdf/bin/python(+0x12827a) [0x55c9e428e27a]
46  /opt/conda/envs/gdf/bin/python(_PyFunction_Vectorcall+0xd5) [0x55c9e429fc05]
47  /opt/conda/envs/gdf/bin/python(_PyEval_EvalFrameDefault+0x68b) [0x55c9e428f81b]
48  /opt/conda/envs/gdf/bin/python(+0x139ef3) [0x55c9e429fef3]
49  /opt/conda/envs/gdf/bin/python(_PyEval_EvalFrameDefault+0x3d8) [0x55c9e428f568]
50  /opt/conda/envs/gdf/bin/python(+0x12827a) [0x55c9e428e27a]
51  /opt/conda/envs/gdf/bin/python(_PyFunction_Vectorcall+0xd5) [0x55c9e429fc05]
52  /opt/conda/envs/gdf/bin/python(_PyEval_EvalFrameDefault+0x123b) [0x55c9e42903cb]
53  /opt/conda/envs/gdf/bin/python(+0x12827a) [0x55c9e428e27a]
54  /opt/conda/envs/gdf/bin/python(_PyEval_EvalCodeWithName+0x47) [0x55c9e428df07]
55  /opt/conda/envs/gdf/bin/python(PyEval_EvalCodeEx+0x39) [0x55c9e428deb9]
56  /opt/conda/envs/gdf/bin/python(PyEval_EvalCode+0x1b) [0x55c9e433e8bb]
57  /opt/conda/envs/gdf/bin/python(+0x206adc) [0x55c9e436cadc]
58  /opt/conda/envs/gdf/bin/python(+0x202c24) [0x55c9e4368c24]
59  /opt/conda/envs/gdf/bin/python(PyRun_StringFlags+0x9d) [0x55c9e43607ed]
60  /opt/conda/envs/gdf/bin/python(PyRun_SimpleStringFlags+0x3d) [0x55c9e43606bd]
61  /opt/conda/envs/gdf/bin/python(Py_RunMain+0x262) [0x55c9e435f8a2]
=================================
[dgx13:70441:0:70441] Caught signal 11 (Segmentation fault: address not mapped to object at address 0x450)
==== backtrace (tid:  70441) ====
 0  /opt/conda/envs/gdf/lib/libucs.so.0(ucs_handle_error+0x2fd) [0x7f9734d3cced]
 1  /opt/conda/envs/gdf/lib/libucs.so.0(+0x2aee4) [0x7f9734d3cee4]
 2  /opt/conda/envs/gdf/lib/libucs.so.0(+0x2b0aa) [0x7f9734d3d0aa]
 3  /usr/lib/x86_64-linux-gnu/libpthread.so.0(+0x14420) [0x7f97c65da420]
 4  /opt/conda/envs/gdf/lib/libucp.so.0(ucp_mem_type_unpack+0x14) [0x7f9734dbc6f4]
 5  /opt/conda/envs/gdf/lib/libucp.so.0(ucp_rndv_data_handler+0x4e9) [0x7f9734de4a49]
 6  /opt/conda/envs/gdf/lib/libuct.so.0(+0x2045f) [0x7f9734cf645f]
 7  /opt/conda/envs/gdf/lib/libuct.so.0(+0x23548) [0x7f9734cf9548]
 8  /opt/conda/envs/gdf/lib/libucs.so.0(ucs_event_set_wait+0xb9) [0x7f9734d46399]
 9  /opt/conda/envs/gdf/lib/libuct.so.0(uct_tcp_iface_progress+0x7d) [0x7f9734cf865d]
10  /opt/conda/envs/gdf/lib/libucp.so.0(ucp_worker_progress+0x5a) [0x7f9734db952a]
11  /opt/conda/envs/gdf/lib/python3.9/site-packages/ucp/_libs/ucx_api.cpython-39-x86_64-linux-gnu.so(+0x2b17a) [0x7f9734e6e17a]
12  /opt/conda/envs/gdf/bin/python(+0x13eb08) [0x556f861a5b08]
13  /opt/conda/envs/gdf/bin/python(_PyEval_EvalFrameDefault+0x5f82) [0x556f86196112]
14  /opt/conda/envs/gdf/bin/python(+0x12827a) [0x556f8618f27a]
15  /opt/conda/envs/gdf/bin/python(_PyFunction_Vectorcall+0xd5) [0x556f861a0c05]
16  /opt/conda/envs/gdf/bin/python(_PyEval_EvalFrameDefault+0x68b) [0x556f8619081b]
17  /opt/conda/envs/gdf/bin/python(+0x139ef3) [0x556f861a0ef3]
18  /opt/conda/envs/gdf/bin/python(+0x147a16) [0x556f861aea16]
19  /opt/conda/envs/gdf/bin/python(+0x2579b1) [0x556f862be9b1]
20  /opt/conda/envs/gdf/bin/python(+0xe5817) [0x556f8614c817]
21  /opt/conda/envs/gdf/bin/python(+0x130f83) [0x556f86197f83]
22  /opt/conda/envs/gdf/bin/python(_PyEval_EvalFrameDefault+0x5ba6) [0x556f86195d36]
23  /opt/conda/envs/gdf/bin/python(+0x139ef3) [0x556f861a0ef3]
24  /opt/conda/envs/gdf/bin/python(_PyEval_EvalFrameDefault+0x68b) [0x556f8619081b]
25  /opt/conda/envs/gdf/bin/python(+0x139ef3) [0x556f861a0ef3]
26  /opt/conda/envs/gdf/bin/python(_PyEval_EvalFrameDefault+0x68b) [0x556f8619081b]
27  /opt/conda/envs/gdf/bin/python(+0x139ef3) [0x556f861a0ef3]
28  /opt/conda/envs/gdf/bin/python(_PyEval_EvalFrameDefault+0x68b) [0x556f8619081b]
29  /opt/conda/envs/gdf/bin/python(+0x139ef3) [0x556f861a0ef3]
30  /opt/conda/envs/gdf/bin/python(_PyEval_EvalFrameDefault+0x68b) [0x556f8619081b]
31  /opt/conda/envs/gdf/bin/python(+0x12827a) [0x556f8618f27a]
32  /opt/conda/envs/gdf/bin/python(_PyFunction_Vectorcall+0xd5) [0x556f861a0c05]
33  /opt/conda/envs/gdf/bin/python(_PyEval_EvalFrameDefault+0x4e17) [0x556f86194fa7]
34  /opt/conda/envs/gdf/bin/python(+0x12827a) [0x556f8618f27a]
35  /opt/conda/envs/gdf/bin/python(+0x147935) [0x556f861ae935]
36  /opt/conda/envs/gdf/bin/python(PyObject_Call+0xb4) [0x556f861af104]
37  /opt/conda/envs/gdf/bin/python(+0x20efc8) [0x556f86275fc8]
38  /opt/conda/envs/gdf/bin/python(_PyObject_MakeTpCall+0x2fc) [0x556f861992bc]
39  /opt/conda/envs/gdf/bin/python(_PyEval_EvalFrameDefault+0x402b) [0x556f861941bb]
40  /opt/conda/envs/gdf/bin/python(+0x139ef3) [0x556f861a0ef3]
41  /opt/conda/envs/gdf/bin/python(+0x147c72) [0x556f861aec72]
42  /opt/conda/envs/gdf/bin/python(_PyEval_EvalFrameDefault+0x402b) [0x556f861941bb]
43  /opt/conda/envs/gdf/bin/python(+0x139ef3) [0x556f861a0ef3]
44  /opt/conda/envs/gdf/bin/python(_PyEval_EvalFrameDefault+0x68b) [0x556f8619081b]
45  /opt/conda/envs/gdf/bin/python(+0x12827a) [0x556f8618f27a]
46  /opt/conda/envs/gdf/bin/python(_PyFunction_Vectorcall+0xd5) [0x556f861a0c05]
47  /opt/conda/envs/gdf/bin/python(_PyEval_EvalFrameDefault+0x68b) [0x556f8619081b]
48  /opt/conda/envs/gdf/bin/python(+0x139ef3) [0x556f861a0ef3]
49  /opt/conda/envs/gdf/bin/python(_PyEval_EvalFrameDefault+0x3d8) [0x556f86190568]
50  /opt/conda/envs/gdf/bin/python(+0x12827a) [0x556f8618f27a]
51  /opt/conda/envs/gdf/bin/python(_PyFunction_Vectorcall+0xd5) [0x556f861a0c05]
52  /opt/conda/envs/gdf/bin/python(_PyEval_EvalFrameDefault+0x123b) [0x556f861913cb]
53  /opt/conda/envs/gdf/bin/python(+0x12827a) [0x556f8618f27a]
54  /opt/conda/envs/gdf/bin/python(_PyEval_EvalCodeWithName+0x47) [0x556f8618ef07]
55  /opt/conda/envs/gdf/bin/python(PyEval_EvalCodeEx+0x39) [0x556f8618eeb9]
56  /opt/conda/envs/gdf/bin/python(PyEval_EvalCode+0x1b) [0x556f8623f8bb]
57  /opt/conda/envs/gdf/bin/python(+0x206adc) [0x556f8626dadc]
58  /opt/conda/envs/gdf/bin/python(+0x202c24) [0x556f86269c24]
59  /opt/conda/envs/gdf/bin/python(PyRun_StringFlags+0x9d) [0x556f862617ed]
60  /opt/conda/envs/gdf/bin/python(PyRun_SimpleStringFlags+0x3d) [0x556f862616bd]
61  /opt/conda/envs/gdf/bin/python(Py_RunMain+0x262) [0x556f862608a2]
=================================
2023-08-09 05:58:53,873 - distributed.worker - ERROR - Worker stream died during communication: ucx://127.0.0.1:42759
Traceback (most recent call last):
  File "/opt/conda/envs/gdf/lib/python3.9/site-packages/distributed/comm/ucx.py", line 466, in connect
    ep = await ucp.create_endpoint(ip, port)
  File "/opt/conda/envs/gdf/lib/python3.9/site-packages/ucp/core.py", line 1004, in create_endpoint
    return await _get_ctx().create_endpoint(
  File "/opt/conda/envs/gdf/lib/python3.9/site-packages/ucp/core.py", line 316, in create_endpoint
    peer_info = await exchange_peer_info(
  File "/opt/conda/envs/gdf/lib/python3.9/site-packages/ucp/core.py", line 54, in exchange_peer_info
    await comm.stream_recv(endpoint, peer_info_arr, peer_info_arr.nbytes)
ucp._libs.exceptions.UCXError: <stream_recv>: Connection reset by remote peer

During handling of the above exception, another exception occurred:

Traceback (most recent call last):
  File "/opt/conda/envs/gdf/lib/python3.9/site-packages/distributed/comm/core.py", line 292, in connect
    comm = await wait_for(
  File "/opt/conda/envs/gdf/lib/python3.9/site-packages/distributed/utils.py", line 1849, in wait_for
    return await asyncio.wait_for(fut, timeout)
  File "/opt/conda/envs/gdf/lib/python3.9/asyncio/tasks.py", line 479, in wait_for
    return fut.result()
  File "/opt/conda/envs/gdf/lib/python3.9/site-packages/distributed/comm/ucx.py", line 468, in connect
    raise CommClosedError("Connection closed before handshake completed")
distributed.comm.core.CommClosedError: Connection closed before handshake completed

During handling of the above exception, another exception occurred:

Traceback (most recent call last):
  File "/opt/conda/envs/gdf/lib/python3.9/site-packages/distributed/core.py", line 1427, in _connect
    comm = await connect(
  File "/opt/conda/envs/gdf/lib/python3.9/site-packages/distributed/comm/core.py", line 316, in connect
    await asyncio.sleep(backoff)
  File "/opt/conda/envs/gdf/lib/python3.9/asyncio/tasks.py", line 652, in sleep
    return await future
asyncio.exceptions.CancelledError

During handling of the above exception, another exception occurred:

Traceback (most recent call last):
  File "/opt/conda/envs/gdf/lib/python3.9/site-packages/distributed/worker.py", line 2066, in gather_dep
    response = await get_data_from_worker(
  File "/opt/conda/envs/gdf/lib/python3.9/site-packages/distributed/worker.py", line 2889, in get_data_from_worker
    comm = await rpc.connect(worker)
  File "/opt/conda/envs/gdf/lib/python3.9/site-packages/distributed/core.py", line 1506, in connect
    return await connect_attempt
  File "/opt/conda/envs/gdf/lib/python3.9/site-packages/distributed/core.py", line 1450, in _connect
    raise CommClosedError(reason)
distributed.comm.core.CommClosedError: Address removed.
2023-08-09 05:58:53,916 - distributed.worker - ERROR - Worker stream died during communication: ucx://127.0.0.1:56991
Traceback (most recent call last):
  File "/opt/conda/envs/gdf/lib/python3.9/site-packages/distributed/comm/ucx.py", line 349, in read
    await self.ep.recv(msg)
  File "/opt/conda/envs/gdf/lib/python3.9/site-packages/ucp/core.py", line 725, in recv
    ret = await comm.tag_recv(self._ep, buffer, nbytes, tag, name=log)
ucp._libs.exceptions.UCXCanceled: <[Recv #003] ep: 0x7fcea4c8a200, tag: 0x5ea2d3e24334196b, nbytes: 16, type: <class 'numpy.ndarray'>>: 

During handling of the above exception, another exception occurred:

Traceback (most recent call last):
  File "/opt/conda/envs/gdf/lib/python3.9/site-packages/distributed/worker.py", line 2066, in gather_dep
    response = await get_data_from_worker(
  File "/opt/conda/envs/gdf/lib/python3.9/site-packages/distributed/worker.py", line 2892, in get_data_from_worker
    response = await send_recv(
  File "/opt/conda/envs/gdf/lib/python3.9/site-packages/distributed/core.py", line 1024, in send_recv
    response = await comm.read(deserializers=deserializers)
  File "/opt/conda/envs/gdf/lib/python3.9/site-packages/distributed/utils.py", line 752, in wrapper
    return await func(*args, **kwargs)
  File "/opt/conda/envs/gdf/lib/python3.9/site-packages/distributed/comm/ucx.py", line 367, in read
    raise CommClosedError(
distributed.comm.core.CommClosedError: Connection closed by writer.
Inner exception: UCXCanceled("<[Recv #003] ep: 0x7fcea4c8a200, tag: 0x5ea2d3e24334196b, nbytes: 16, type: <class 'numpy.ndarray'>>: ")
2023-08-09 05:58:53,916 - distributed.worker - ERROR - Worker stream died during communication: ucx://127.0.0.1:56991
Traceback (most recent call last):
  File "/opt/conda/envs/gdf/lib/python3.9/site-packages/distributed/comm/ucx.py", line 349, in read
    await self.ep.recv(msg)
  File "/opt/conda/envs/gdf/lib/python3.9/site-packages/ucp/core.py", line 725, in recv
    ret = await comm.tag_recv(self._ep, buffer, nbytes, tag, name=log)
ucp._libs.exceptions.UCXCanceled: <[Recv #003] ep: 0x7fb370c05140, tag: 0x893a738b020bfbfc, nbytes: 16, type: <class 'numpy.ndarray'>>: 

During handling of the above exception, another exception occurred:

Traceback (most recent call last):
  File "/opt/conda/envs/gdf/lib/python3.9/site-packages/distributed/worker.py", line 2066, in gather_dep
    response = await get_data_from_worker(
  File "/opt/conda/envs/gdf/lib/python3.9/site-packages/distributed/worker.py", line 2892, in get_data_from_worker
    response = await send_recv(
  File "/opt/conda/envs/gdf/lib/python3.9/site-packages/distributed/core.py", line 1024, in send_recv
    response = await comm.read(deserializers=deserializers)
  File "/opt/conda/envs/gdf/lib/python3.9/site-packages/distributed/utils.py", line 752, in wrapper
    return await func(*args, **kwargs)
  File "/opt/conda/envs/gdf/lib/python3.9/site-packages/distributed/comm/ucx.py", line 367, in read
    raise CommClosedError(
distributed.comm.core.CommClosedError: Connection closed by writer.
Inner exception: UCXCanceled("<[Recv #003] ep: 0x7fb370c05140, tag: 0x893a738b020bfbfc, nbytes: 16, type: <class 'numpy.ndarray'>>: ")
2023-08-09 05:58:53,928 - distributed.nanny - WARNING - Restarting worker
2023-08-09 05:58:53,939 - distributed.worker - ERROR - failed during get data with ucx://127.0.0.1:43213 -> ucx://127.0.0.1:36161
Traceback (most recent call last):
  File "/opt/conda/envs/gdf/lib/python3.9/site-packages/distributed/comm/ucx.py", line 333, in write
    await self.ep.send(each_frame)
  File "/opt/conda/envs/gdf/lib/python3.9/site-packages/ucp/core.py", line 650, in send
    return await comm.tag_send(self._ep, buffer, nbytes, tag, name=log)
ucp._libs.exceptions.UCXError: <[Send #007] ep: 0x7fca7cfc5200, tag: 0x6f47a6a13e3be02e, nbytes: 50000000, type: <class 'cupy.ndarray'>>: Connection reset by remote peer

During handling of the above exception, another exception occurred:

Traceback (most recent call last):
  File "/opt/conda/envs/gdf/lib/python3.9/site-packages/distributed/worker.py", line 1792, in get_data
    compressed = await comm.write(msg, serializers=serializers)
  File "/opt/conda/envs/gdf/lib/python3.9/site-packages/distributed/utils.py", line 752, in wrapper
    return await func(*args, **kwargs)
  File "/opt/conda/envs/gdf/lib/python3.9/site-packages/distributed/comm/ucx.py", line 337, in write
    raise CommClosedError("While writing, the connection was closed")
distributed.comm.core.CommClosedError: While writing, the connection was closed
2023-08-09 05:58:53,940 - distributed.worker - ERROR - Worker stream died during communication: ucx://127.0.0.1:36161
Traceback (most recent call last):
  File "/opt/conda/envs/gdf/lib/python3.9/site-packages/distributed/comm/ucx.py", line 349, in read
    await self.ep.recv(msg)
  File "/opt/conda/envs/gdf/lib/python3.9/site-packages/ucp/core.py", line 725, in recv
    ret = await comm.tag_recv(self._ep, buffer, nbytes, tag, name=log)
ucp._libs.exceptions.UCXCanceled: <[Recv #003] ep: 0x7fca7cfc5180, tag: 0x6515574fd0a28c7f, nbytes: 16, type: <class 'numpy.ndarray'>>: 

During handling of the above exception, another exception occurred:

Traceback (most recent call last):
  File "/opt/conda/envs/gdf/lib/python3.9/site-packages/distributed/worker.py", line 2066, in gather_dep
    response = await get_data_from_worker(
  File "/opt/conda/envs/gdf/lib/python3.9/site-packages/distributed/worker.py", line 2892, in get_data_from_worker
    response = await send_recv(
  File "/opt/conda/envs/gdf/lib/python3.9/site-packages/distributed/core.py", line 1024, in send_recv
    response = await comm.read(deserializers=deserializers)
  File "/opt/conda/envs/gdf/lib/python3.9/site-packages/distributed/utils.py", line 752, in wrapper
    return await func(*args, **kwargs)
  File "/opt/conda/envs/gdf/lib/python3.9/site-packages/distributed/comm/ucx.py", line 367, in read
    raise CommClosedError(
distributed.comm.core.CommClosedError: Connection closed by writer.
Inner exception: UCXCanceled("<[Recv #003] ep: 0x7fca7cfc5180, tag: 0x6515574fd0a28c7f, nbytes: 16, type: <class 'numpy.ndarray'>>: ")
2023-08-09 05:58:53,942 - distributed.worker - ERROR - Worker stream died during communication: ucx://127.0.0.1:40969
Traceback (most recent call last):
  File "/opt/conda/envs/gdf/lib/python3.9/site-packages/distributed/comm/ucx.py", line 349, in read
    await self.ep.recv(msg)
  File "/opt/conda/envs/gdf/lib/python3.9/site-packages/ucp/core.py", line 725, in recv
    ret = await comm.tag_recv(self._ep, buffer, nbytes, tag, name=log)
ucp._libs.exceptions.UCXCanceled: <[Recv #003] ep: 0x7fcea4c8a180, tag: 0x5b275ed18d8ae5a0, nbytes: 16, type: <class 'numpy.ndarray'>>: 

During handling of the above exception, another exception occurred:

Traceback (most recent call last):
  File "/opt/conda/envs/gdf/lib/python3.9/site-packages/distributed/worker.py", line 2066, in gather_dep
    response = await get_data_from_worker(
  File "/opt/conda/envs/gdf/lib/python3.9/site-packages/distributed/worker.py", line 2892, in get_data_from_worker
    response = await send_recv(
  File "/opt/conda/envs/gdf/lib/python3.9/site-packages/distributed/core.py", line 1024, in send_recv
    response = await comm.read(deserializers=deserializers)
  File "/opt/conda/envs/gdf/lib/python3.9/site-packages/distributed/utils.py", line 752, in wrapper
    return await func(*args, **kwargs)
  File "/opt/conda/envs/gdf/lib/python3.9/site-packages/distributed/comm/ucx.py", line 367, in read
    raise CommClosedError(
distributed.comm.core.CommClosedError: Connection closed by writer.
Inner exception: UCXCanceled("<[Recv #003] ep: 0x7fcea4c8a180, tag: 0x5b275ed18d8ae5a0, nbytes: 16, type: <class 'numpy.ndarray'>>: ")
2023-08-09 05:58:53,942 - distributed.worker - ERROR - failed during get data with ucx://127.0.0.1:43213 -> ucx://127.0.0.1:40969
Traceback (most recent call last):
  File "/opt/conda/envs/gdf/lib/python3.9/site-packages/distributed/comm/ucx.py", line 333, in write
    await self.ep.send(each_frame)
  File "/opt/conda/envs/gdf/lib/python3.9/site-packages/ucp/core.py", line 650, in send
    return await comm.tag_send(self._ep, buffer, nbytes, tag, name=log)
ucp._libs.exceptions.UCXError: <[Send #007] ep: 0x7fca7cfc5300, tag: 0xc9017259826aac39, nbytes: 50000000, type: <class 'cupy.ndarray'>>: Connection reset by remote peer

During handling of the above exception, another exception occurred:

Traceback (most recent call last):
  File "/opt/conda/envs/gdf/lib/python3.9/site-packages/distributed/worker.py", line 1792, in get_data
    compressed = await comm.write(msg, serializers=serializers)
  File "/opt/conda/envs/gdf/lib/python3.9/site-packages/distributed/utils.py", line 752, in wrapper
    return await func(*args, **kwargs)
  File "/opt/conda/envs/gdf/lib/python3.9/site-packages/distributed/comm/ucx.py", line 337, in write
    raise CommClosedError("While writing, the connection was closed")
distributed.comm.core.CommClosedError: While writing, the connection was closed
2023-08-09 05:58:53,942 - distributed.worker - ERROR - Worker stream died during communication: ucx://127.0.0.1:40969
Traceback (most recent call last):
  File "/opt/conda/envs/gdf/lib/python3.9/site-packages/distributed/comm/ucx.py", line 391, in read
    await self.ep.recv(each_frame)
  File "/opt/conda/envs/gdf/lib/python3.9/site-packages/ucp/core.py", line 725, in recv
    ret = await comm.tag_recv(self._ep, buffer, nbytes, tag, name=log)
ucp._libs.exceptions.UCXError: <[Recv #007] ep: 0x7fca7cfc5100, tag: 0xc88a3167b73e91f, nbytes: 50000000, type: <class 'rmm._lib.device_buffer.DeviceBuffer'>>: Connection reset by remote peer

During handling of the above exception, another exception occurred:

Traceback (most recent call last):
  File "/opt/conda/envs/gdf/lib/python3.9/site-packages/distributed/worker.py", line 2066, in gather_dep
    response = await get_data_from_worker(
  File "/opt/conda/envs/gdf/lib/python3.9/site-packages/distributed/worker.py", line 2892, in get_data_from_worker
    response = await send_recv(
  File "/opt/conda/envs/gdf/lib/python3.9/site-packages/distributed/core.py", line 1024, in send_recv
    response = await comm.read(deserializers=deserializers)
  File "/opt/conda/envs/gdf/lib/python3.9/site-packages/distributed/utils.py", line 752, in wrapper
    return await func(*args, **kwargs)
  File "/opt/conda/envs/gdf/lib/python3.9/site-packages/distributed/comm/ucx.py", line 397, in read
    raise CommClosedError(
distributed.comm.core.CommClosedError: Connection closed by writer.
Inner exception: UCXError("<[Recv #007] ep: 0x7fca7cfc5100, tag: 0xc88a3167b73e91f, nbytes: 50000000, type: <class 'rmm._lib.device_buffer.DeviceBuffer'>>: Connection reset by remote peer")
2023-08-09 05:58:53,967 - distributed.worker - ERROR - failed during get data with ucx://127.0.0.1:43213 -> ucx://127.0.0.1:55877
Traceback (most recent call last):
  File "/opt/conda/envs/gdf/lib/python3.9/site-packages/distributed/comm/ucx.py", line 333, in write
    await self.ep.send(each_frame)
  File "/opt/conda/envs/gdf/lib/python3.9/site-packages/ucp/core.py", line 650, in send
    return await comm.tag_send(self._ep, buffer, nbytes, tag, name=log)
ucp._libs.exceptions.UCXError: <[Send #007] ep: 0x7fca7cfc52c0, tag: 0x4753350219e0ea47, nbytes: 50000000, type: <class 'cupy.ndarray'>>: Connection reset by remote peer

During handling of the above exception, another exception occurred:

Traceback (most recent call last):
  File "/opt/conda/envs/gdf/lib/python3.9/site-packages/distributed/worker.py", line 1792, in get_data
    compressed = await comm.write(msg, serializers=serializers)
  File "/opt/conda/envs/gdf/lib/python3.9/site-packages/distributed/utils.py", line 752, in wrapper
    return await func(*args, **kwargs)
  File "/opt/conda/envs/gdf/lib/python3.9/site-packages/distributed/comm/ucx.py", line 337, in write
    raise CommClosedError("While writing, the connection was closed")
distributed.comm.core.CommClosedError: While writing, the connection was closed
2023-08-09 05:58:53,967 - distributed.worker - ERROR - Worker stream died during communication: ucx://127.0.0.1:55877
Traceback (most recent call last):
  File "/opt/conda/envs/gdf/lib/python3.9/site-packages/distributed/comm/ucx.py", line 391, in read
    await self.ep.recv(each_frame)
  File "/opt/conda/envs/gdf/lib/python3.9/site-packages/ucp/core.py", line 725, in recv
    ret = await comm.tag_recv(self._ep, buffer, nbytes, tag, name=log)
ucp._libs.exceptions.UCXError: <[Recv #007] ep: 0x7fcea4c8a100, tag: 0xc7e7c0d81f58088, nbytes: 50000000, type: <class 'rmm._lib.device_buffer.DeviceBuffer'>>: Connection reset by remote peer

During handling of the above exception, another exception occurred:

Traceback (most recent call last):
  File "/opt/conda/envs/gdf/lib/python3.9/site-packages/distributed/worker.py", line 2066, in gather_dep
    response = await get_data_from_worker(
  File "/opt/conda/envs/gdf/lib/python3.9/site-packages/distributed/worker.py", line 2892, in get_data_from_worker
    response = await send_recv(
  File "/opt/conda/envs/gdf/lib/python3.9/site-packages/distributed/core.py", line 1024, in send_recv
    response = await comm.read(deserializers=deserializers)
  File "/opt/conda/envs/gdf/lib/python3.9/site-packages/distributed/utils.py", line 752, in wrapper
    return await func(*args, **kwargs)
  File "/opt/conda/envs/gdf/lib/python3.9/site-packages/distributed/comm/ucx.py", line 397, in read
    raise CommClosedError(
distributed.comm.core.CommClosedError: Connection closed by writer.
Inner exception: UCXError("<[Recv #007] ep: 0x7fcea4c8a100, tag: 0xc7e7c0d81f58088, nbytes: 50000000, type: <class 'rmm._lib.device_buffer.DeviceBuffer'>>: Connection reset by remote peer")
2023-08-09 05:58:53,968 - distributed.worker - ERROR - failed during get data with ucx://127.0.0.1:38629 -> ucx://127.0.0.1:55877
Traceback (most recent call last):
  File "/opt/conda/envs/gdf/lib/python3.9/site-packages/distributed/comm/ucx.py", line 333, in write
    await self.ep.send(each_frame)
  File "/opt/conda/envs/gdf/lib/python3.9/site-packages/ucp/core.py", line 650, in send
    return await comm.tag_send(self._ep, buffer, nbytes, tag, name=log)
ucp._libs.exceptions.UCXError: <[Send #007] ep: 0x7fcea4c8a300, tag: 0xf3440b9cca5eb224, nbytes: 50000000, type: <class 'cupy.ndarray'>>: Connection reset by remote peer

During handling of the above exception, another exception occurred:

Traceback (most recent call last):
  File "/opt/conda/envs/gdf/lib/python3.9/site-packages/distributed/worker.py", line 1792, in get_data
    compressed = await comm.write(msg, serializers=serializers)
  File "/opt/conda/envs/gdf/lib/python3.9/site-packages/distributed/utils.py", line 752, in wrapper
    return await func(*args, **kwargs)
  File "/opt/conda/envs/gdf/lib/python3.9/site-packages/distributed/comm/ucx.py", line 337, in write
    raise CommClosedError("While writing, the connection was closed")
distributed.comm.core.CommClosedError: While writing, the connection was closed
2023-08-09 05:58:53,969 - distributed.worker - ERROR - failed during get data with ucx://127.0.0.1:38629 -> ucx://127.0.0.1:56991
Traceback (most recent call last):
  File "/opt/conda/envs/gdf/lib/python3.9/site-packages/distributed/comm/ucx.py", line 333, in write
    await self.ep.send(each_frame)
  File "/opt/conda/envs/gdf/lib/python3.9/site-packages/ucp/core.py", line 650, in send
    return await comm.tag_send(self._ep, buffer, nbytes, tag, name=log)
ucp._libs.exceptions.UCXError: <[Send #007] ep: 0x7fcea4c8a2c0, tag: 0x3ee696dacd725d9d, nbytes: 50000000, type: <class 'cupy.ndarray'>>: Connection reset by remote peer

During handling of the above exception, another exception occurred:

Traceback (most recent call last):
  File "/opt/conda/envs/gdf/lib/python3.9/site-packages/distributed/worker.py", line 1792, in get_data
    compressed = await comm.write(msg, serializers=serializers)
  File "/opt/conda/envs/gdf/lib/python3.9/site-packages/distributed/utils.py", line 752, in wrapper
    return await func(*args, **kwargs)
  File "/opt/conda/envs/gdf/lib/python3.9/site-packages/distributed/comm/ucx.py", line 337, in write
    raise CommClosedError("While writing, the connection was closed")
distributed.comm.core.CommClosedError: While writing, the connection was closed
2023-08-09 05:58:53,981 - distributed.nanny - WARNING - Restarting worker
2023-08-09 05:58:54,071 - distributed.worker - ERROR - failed during get data with ucx://127.0.0.1:42891 -> ucx://127.0.0.1:56991
Traceback (most recent call last):
  File "/opt/conda/envs/gdf/lib/python3.9/site-packages/distributed/comm/ucx.py", line 333, in write
    await self.ep.send(each_frame)
  File "/opt/conda/envs/gdf/lib/python3.9/site-packages/ucp/core.py", line 650, in send
    return await comm.tag_send(self._ep, buffer, nbytes, tag, name=log)
ucp._libs.exceptions.UCXError: <[Send #007] ep: 0x7fb370c05280, tag: 0x310f8245a76695c5, nbytes: 50000000, type: <class 'cupy.ndarray'>>: Connection reset by remote peer

During handling of the above exception, another exception occurred:

Traceback (most recent call last):
  File "/opt/conda/envs/gdf/lib/python3.9/site-packages/distributed/worker.py", line 1792, in get_data
    compressed = await comm.write(msg, serializers=serializers)
  File "/opt/conda/envs/gdf/lib/python3.9/site-packages/distributed/utils.py", line 752, in wrapper
    return await func(*args, **kwargs)
  File "/opt/conda/envs/gdf/lib/python3.9/site-packages/distributed/comm/ucx.py", line 337, in write
    raise CommClosedError("While writing, the connection was closed")
distributed.comm.core.CommClosedError: While writing, the connection was closed
2023-08-09 05:58:54,072 - distributed.worker - ERROR - failed during get data with ucx://127.0.0.1:42891 -> ucx://127.0.0.1:36161
Traceback (most recent call last):
  File "/opt/conda/envs/gdf/lib/python3.9/site-packages/distributed/comm/ucx.py", line 333, in write
    await self.ep.send(each_frame)
  File "/opt/conda/envs/gdf/lib/python3.9/site-packages/ucp/core.py", line 650, in send
    return await comm.tag_send(self._ep, buffer, nbytes, tag, name=log)
ucp._libs.exceptions.UCXError: <[Send #007] ep: 0x7fb370c05300, tag: 0x5c4cb0d199cdcedb, nbytes: 50000000, type: <class 'cupy.ndarray'>>: Connection reset by remote peer

During handling of the above exception, another exception occurred:

Traceback (most recent call last):
  File "/opt/conda/envs/gdf/lib/python3.9/site-packages/distributed/worker.py", line 1792, in get_data
    compressed = await comm.write(msg, serializers=serializers)
  File "/opt/conda/envs/gdf/lib/python3.9/site-packages/distributed/utils.py", line 752, in wrapper
    return await func(*args, **kwargs)
  File "/opt/conda/envs/gdf/lib/python3.9/site-packages/distributed/comm/ucx.py", line 337, in write
    raise CommClosedError("While writing, the connection was closed")
distributed.comm.core.CommClosedError: While writing, the connection was closed
2023-08-09 05:58:54,072 - distributed.worker - ERROR - failed during get data with ucx://127.0.0.1:42891 -> ucx://127.0.0.1:40969
Traceback (most recent call last):
  File "/opt/conda/envs/gdf/lib/python3.9/site-packages/distributed/comm/ucx.py", line 333, in write
    await self.ep.send(each_frame)
  File "/opt/conda/envs/gdf/lib/python3.9/site-packages/ucp/core.py", line 650, in send
    return await comm.tag_send(self._ep, buffer, nbytes, tag, name=log)
ucp._libs.exceptions.UCXError: <[Send #007] ep: 0x7fb370c052c0, tag: 0x5be15aa0877d5441, nbytes: 50000000, type: <class 'cupy.ndarray'>>: Connection reset by remote peer

During handling of the above exception, another exception occurred:

Traceback (most recent call last):
  File "/opt/conda/envs/gdf/lib/python3.9/site-packages/distributed/worker.py", line 1792, in get_data
    compressed = await comm.write(msg, serializers=serializers)
  File "/opt/conda/envs/gdf/lib/python3.9/site-packages/distributed/utils.py", line 752, in wrapper
    return await func(*args, **kwargs)
  File "/opt/conda/envs/gdf/lib/python3.9/site-packages/distributed/comm/ucx.py", line 337, in write
    raise CommClosedError("While writing, the connection was closed")
distributed.comm.core.CommClosedError: While writing, the connection was closed
2023-08-09 05:58:54,073 - distributed.worker - ERROR - Worker stream died during communication: ucx://127.0.0.1:36161
Traceback (most recent call last):
  File "/opt/conda/envs/gdf/lib/python3.9/site-packages/distributed/comm/ucx.py", line 349, in read
    await self.ep.recv(msg)
  File "/opt/conda/envs/gdf/lib/python3.9/site-packages/ucp/core.py", line 725, in recv
    ret = await comm.tag_recv(self._ep, buffer, nbytes, tag, name=log)
ucp._libs.exceptions.UCXCanceled: <[Recv #003] ep: 0x7fb370c05200, tag: 0xd990834b589e523a, nbytes: 16, type: <class 'numpy.ndarray'>>: 

During handling of the above exception, another exception occurred:

Traceback (most recent call last):
  File "/opt/conda/envs/gdf/lib/python3.9/site-packages/distributed/worker.py", line 2066, in gather_dep
    response = await get_data_from_worker(
  File "/opt/conda/envs/gdf/lib/python3.9/site-packages/distributed/worker.py", line 2892, in get_data_from_worker
    response = await send_recv(
  File "/opt/conda/envs/gdf/lib/python3.9/site-packages/distributed/core.py", line 1024, in send_recv
    response = await comm.read(deserializers=deserializers)
  File "/opt/conda/envs/gdf/lib/python3.9/site-packages/distributed/utils.py", line 752, in wrapper
    return await func(*args, **kwargs)
  File "/opt/conda/envs/gdf/lib/python3.9/site-packages/distributed/comm/ucx.py", line 367, in read
    raise CommClosedError(
distributed.comm.core.CommClosedError: Connection closed by writer.
Inner exception: UCXCanceled("<[Recv #003] ep: 0x7fb370c05200, tag: 0xd990834b589e523a, nbytes: 16, type: <class 'numpy.ndarray'>>: ")
2023-08-09 05:58:54,094 - distributed.nanny - WARNING - Restarting worker
2023-08-09 05:58:54,096 - distributed.nanny - WARNING - Restarting worker
2023-08-09 05:58:54,147 - distributed.nanny - WARNING - Restarting worker
2023-08-09 05:58:55,612 - distributed.preloading - INFO - Creating preload: dask_cuda.initialize
2023-08-09 05:58:55,612 - distributed.preloading - INFO - Import preload module: dask_cuda.initialize
2023-08-09 05:58:55,613 - distributed.preloading - INFO - Creating preload: dask_cuda.initialize
2023-08-09 05:58:55,613 - distributed.preloading - INFO - Import preload module: dask_cuda.initialize
2023-08-09 05:58:55,613 - distributed.preloading - INFO - Creating preload: dask_cuda.initialize
2023-08-09 05:58:55,614 - distributed.preloading - INFO - Import preload module: dask_cuda.initialize
2023-08-09 05:58:55,688 - distributed.preloading - INFO - Creating preload: dask_cuda.initialize
2023-08-09 05:58:55,688 - distributed.preloading - INFO - Import preload module: dask_cuda.initialize
2023-08-09 05:58:55,743 - distributed.preloading - INFO - Creating preload: dask_cuda.initialize
2023-08-09 05:58:55,743 - distributed.preloading - INFO - Import preload module: dask_cuda.initialize
/opt/conda/envs/gdf/lib/python3.9/multiprocessing/resource_tracker.py:216: UserWarning: resource_tracker: There appear to be 48 leaked semaphore objects to clean up at shutdown
  warnings.warn('resource_tracker: There appear to be %d '
