2023-02-08 23:57:36,314 - distributed.preloading - INFO - Creating preload: dask_cuda.initialize
2023-02-08 23:57:36,314 - distributed.preloading - INFO - Import preload module: dask_cuda.initialize
2023-02-08 23:57:36,363 - distributed.preloading - INFO - Creating preload: dask_cuda.initialize
2023-02-08 23:57:36,363 - distributed.preloading - INFO - Import preload module: dask_cuda.initialize
2023-02-08 23:57:36,363 - distributed.preloading - INFO - Creating preload: dask_cuda.initialize
2023-02-08 23:57:36,363 - distributed.preloading - INFO - Import preload module: dask_cuda.initialize
2023-02-08 23:57:36,366 - distributed.preloading - INFO - Creating preload: dask_cuda.initialize
2023-02-08 23:57:36,366 - distributed.preloading - INFO - Import preload module: dask_cuda.initialize
2023-02-08 23:57:36,370 - distributed.preloading - INFO - Creating preload: dask_cuda.initialize
2023-02-08 23:57:36,370 - distributed.preloading - INFO - Import preload module: dask_cuda.initialize
2023-02-08 23:57:36,373 - distributed.preloading - INFO - Creating preload: dask_cuda.initialize
2023-02-08 23:57:36,374 - distributed.preloading - INFO - Import preload module: dask_cuda.initialize
2023-02-08 23:57:36,374 - distributed.preloading - INFO - Creating preload: dask_cuda.initialize
2023-02-08 23:57:36,374 - distributed.preloading - INFO - Import preload module: dask_cuda.initialize
2023-02-08 23:57:36,376 - distributed.preloading - INFO - Creating preload: dask_cuda.initialize
2023-02-08 23:57:36,377 - distributed.preloading - INFO - Import preload module: dask_cuda.initialize
[dgx13:25075:0:25075] Caught signal 11 (Segmentation fault: address not mapped to object at address 0x448)
==== backtrace (tid:  25075) ====
 0  /datasets/pentschev/miniconda3/envs/gdf/lib/libucs.so.0(ucs_handle_error+0x2d4) [0x7f486dcb4614]
 1  /datasets/pentschev/miniconda3/envs/gdf/lib/libucs.so.0(+0x2e7ef) [0x7f486dcb47ef]
 2  /datasets/pentschev/miniconda3/envs/gdf/lib/libucs.so.0(+0x2eb14) [0x7f486dcb4b14]
 3  /lib/x86_64-linux-gnu/libpthread.so.0(+0x12980) [0x7f48e344e980]
 4  /datasets/pentschev/miniconda3/envs/gdf/lib/libucp.so.0(ucp_mem_type_unpack+0x14) [0x7f486df393b4]
 5  /datasets/pentschev/miniconda3/envs/gdf/lib/libucp.so.0(ucp_rndv_data_handler+0x508) [0x7f486df69a08]
 6  /datasets/pentschev/miniconda3/envs/gdf/lib/libuct.so.0(+0x20b5f) [0x7f486da68b5f]
 7  /datasets/pentschev/miniconda3/envs/gdf/lib/libuct.so.0(+0x21134) [0x7f486da69134]
 8  /datasets/pentschev/miniconda3/envs/gdf/lib/libuct.so.0(+0x23578) [0x7f486da6b578]
 9  /datasets/pentschev/miniconda3/envs/gdf/lib/libucs.so.0(ucs_event_set_wait+0xb9) [0x7f486dcbec99]
10  /datasets/pentschev/miniconda3/envs/gdf/lib/libuct.so.0(uct_tcp_iface_progress+0x7b) [0x7f486da6b61b]
11  /datasets/pentschev/miniconda3/envs/gdf/lib/libucp.so.0(ucp_worker_progress+0x6a) [0x7f486df35caa]
12  /datasets/pentschev/miniconda3/envs/gdf/lib/python3.9/site-packages/ucp/_libs/ucx_api.cpython-39-x86_64-linux-gnu.so(+0x26c79) [0x7f486e1efc79]
13  /datasets/pentschev/miniconda3/envs/gdf/bin/python(+0x13eb08) [0x55edd76fcb08]
14  /datasets/pentschev/miniconda3/envs/gdf/bin/python(_PyEval_EvalFrameDefault+0x5f82) [0x55edd76ed112]
15  /datasets/pentschev/miniconda3/envs/gdf/bin/python(+0x12827a) [0x55edd76e627a]
16  /datasets/pentschev/miniconda3/envs/gdf/bin/python(_PyFunction_Vectorcall+0xd5) [0x55edd76f7c05]
17  /datasets/pentschev/miniconda3/envs/gdf/bin/python(_PyEval_EvalFrameDefault+0x68b) [0x55edd76e781b]
18  /datasets/pentschev/miniconda3/envs/gdf/bin/python(+0x139ef3) [0x55edd76f7ef3]
19  /datasets/pentschev/miniconda3/envs/gdf/bin/python(+0x147a16) [0x55edd7705a16]
20  /datasets/pentschev/miniconda3/envs/gdf/bin/python(+0x2579b1) [0x55edd78159b1]
21  /datasets/pentschev/miniconda3/envs/gdf/bin/python(+0xe5817) [0x55edd76a3817]
22  /datasets/pentschev/miniconda3/envs/gdf/bin/python(+0x130f83) [0x55edd76eef83]
23  /datasets/pentschev/miniconda3/envs/gdf/bin/python(_PyEval_EvalFrameDefault+0x5ba6) [0x55edd76ecd36]
24  /datasets/pentschev/miniconda3/envs/gdf/bin/python(+0x139ef3) [0x55edd76f7ef3]
25  /datasets/pentschev/miniconda3/envs/gdf/bin/python(_PyEval_EvalFrameDefault+0x68b) [0x55edd76e781b]
26  /datasets/pentschev/miniconda3/envs/gdf/bin/python(+0x139ef3) [0x55edd76f7ef3]
27  /datasets/pentschev/miniconda3/envs/gdf/bin/python(_PyEval_EvalFrameDefault+0x68b) [0x55edd76e781b]
28  /datasets/pentschev/miniconda3/envs/gdf/bin/python(+0x139ef3) [0x55edd76f7ef3]
29  /datasets/pentschev/miniconda3/envs/gdf/bin/python(_PyEval_EvalFrameDefault+0x68b) [0x55edd76e781b]
30  /datasets/pentschev/miniconda3/envs/gdf/bin/python(+0x139ef3) [0x55edd76f7ef3]
31  /datasets/pentschev/miniconda3/envs/gdf/bin/python(_PyEval_EvalFrameDefault+0x68b) [0x55edd76e781b]
32  /datasets/pentschev/miniconda3/envs/gdf/bin/python(+0x12827a) [0x55edd76e627a]
33  /datasets/pentschev/miniconda3/envs/gdf/bin/python(_PyFunction_Vectorcall+0xd5) [0x55edd76f7c05]
34  /datasets/pentschev/miniconda3/envs/gdf/bin/python(_PyEval_EvalFrameDefault+0x4e17) [0x55edd76ebfa7]
35  /datasets/pentschev/miniconda3/envs/gdf/bin/python(+0x12827a) [0x55edd76e627a]
36  /datasets/pentschev/miniconda3/envs/gdf/bin/python(+0x147935) [0x55edd7705935]
37  /datasets/pentschev/miniconda3/envs/gdf/bin/python(PyObject_Call+0xb4) [0x55edd7706104]
38  /datasets/pentschev/miniconda3/envs/gdf/bin/python(+0x20efc8) [0x55edd77ccfc8]
39  /datasets/pentschev/miniconda3/envs/gdf/bin/python(_PyObject_MakeTpCall+0x2fc) [0x55edd76f02bc]
40  /datasets/pentschev/miniconda3/envs/gdf/bin/python(_PyEval_EvalFrameDefault+0x402b) [0x55edd76eb1bb]
41  /datasets/pentschev/miniconda3/envs/gdf/bin/python(+0x139ef3) [0x55edd76f7ef3]
42  /datasets/pentschev/miniconda3/envs/gdf/bin/python(+0x147c72) [0x55edd7705c72]
43  /datasets/pentschev/miniconda3/envs/gdf/bin/python(_PyEval_EvalFrameDefault+0x402b) [0x55edd76eb1bb]
44  /datasets/pentschev/miniconda3/envs/gdf/bin/python(+0x139ef3) [0x55edd76f7ef3]
45  /datasets/pentschev/miniconda3/envs/gdf/bin/python(_PyEval_EvalFrameDefault+0x68b) [0x55edd76e781b]
46  /datasets/pentschev/miniconda3/envs/gdf/bin/python(+0x12827a) [0x55edd76e627a]
47  /datasets/pentschev/miniconda3/envs/gdf/bin/python(_PyFunction_Vectorcall+0xd5) [0x55edd76f7c05]
48  /datasets/pentschev/miniconda3/envs/gdf/bin/python(_PyEval_EvalFrameDefault+0x68b) [0x55edd76e781b]
49  /datasets/pentschev/miniconda3/envs/gdf/bin/python(+0x139ef3) [0x55edd76f7ef3]
50  /datasets/pentschev/miniconda3/envs/gdf/bin/python(_PyEval_EvalFrameDefault+0x3d8) [0x55edd76e7568]
51  /datasets/pentschev/miniconda3/envs/gdf/bin/python(+0x12827a) [0x55edd76e627a]
52  /datasets/pentschev/miniconda3/envs/gdf/bin/python(_PyFunction_Vectorcall+0xd5) [0x55edd76f7c05]
53  /datasets/pentschev/miniconda3/envs/gdf/bin/python(_PyEval_EvalFrameDefault+0x123b) [0x55edd76e83cb]
54  /datasets/pentschev/miniconda3/envs/gdf/bin/python(+0x12827a) [0x55edd76e627a]
55  /datasets/pentschev/miniconda3/envs/gdf/bin/python(_PyEval_EvalCodeWithName+0x47) [0x55edd76e5f07]
56  /datasets/pentschev/miniconda3/envs/gdf/bin/python(PyEval_EvalCodeEx+0x39) [0x55edd76e5eb9]
57  /datasets/pentschev/miniconda3/envs/gdf/bin/python(PyEval_EvalCode+0x1b) [0x55edd77968bb]
58  /datasets/pentschev/miniconda3/envs/gdf/bin/python(+0x206adc) [0x55edd77c4adc]
59  /datasets/pentschev/miniconda3/envs/gdf/bin/python(+0x202c24) [0x55edd77c0c24]
60  /datasets/pentschev/miniconda3/envs/gdf/bin/python(PyRun_StringFlags+0x9d) [0x55edd77b87ed]
61  /datasets/pentschev/miniconda3/envs/gdf/bin/python(PyRun_SimpleStringFlags+0x3d) [0x55edd77b86bd]
=================================
[dgx13:25080:0:25080] Caught signal 11 (Segmentation fault: address not mapped to object at address 0x448)
==== backtrace (tid:  25080) ====
 0  /datasets/pentschev/miniconda3/envs/gdf/lib/libucs.so.0(ucs_handle_error+0x2d4) [0x7f6a04b00614]
 1  /datasets/pentschev/miniconda3/envs/gdf/lib/libucs.so.0(+0x2e7ef) [0x7f6a04b007ef]
 2  /datasets/pentschev/miniconda3/envs/gdf/lib/libucs.so.0(+0x2eb14) [0x7f6a04b00b14]
 3  /lib/x86_64-linux-gnu/libpthread.so.0(+0x12980) [0x7f6a7a28f980]
 4  /datasets/pentschev/miniconda3/envs/gdf/lib/libucp.so.0(ucp_mem_type_unpack+0x14) [0x7f6a04d853b4]
 5  /datasets/pentschev/miniconda3/envs/gdf/lib/libucp.so.0(ucp_rndv_data_handler+0x508) [0x7f6a04db5a08]
 6  /datasets/pentschev/miniconda3/envs/gdf/lib/libuct.so.0(+0x20b5f) [0x7f6a048b4b5f]
 7  /datasets/pentschev/miniconda3/envs/gdf/lib/libuct.so.0(+0x21134) [0x7f6a048b5134]
 8  /datasets/pentschev/miniconda3/envs/gdf/lib/libuct.so.0(+0x23578) [0x7f6a048b7578]
 9  /datasets/pentschev/miniconda3/envs/gdf/lib/libucs.so.0(ucs_event_set_wait+0xb9) [0x7f6a04b0ac99]
10  /datasets/pentschev/miniconda3/envs/gdf/lib/libuct.so.0(uct_tcp_iface_progress+0x7b) [0x7f6a048b761b]
11  /datasets/pentschev/miniconda3/envs/gdf/lib/libucp.so.0(ucp_worker_progress+0x6a) [0x7f6a04d81caa]
12  /datasets/pentschev/miniconda3/envs/gdf/lib/python3.9/site-packages/ucp/_libs/ucx_api.cpython-39-x86_64-linux-gnu.so(+0x26c79) [0x7f6a0503bc79]
13  /datasets/pentschev/miniconda3/envs/gdf/bin/python(+0x13eb08) [0x55a22b9b1b08]
14  /datasets/pentschev/miniconda3/envs/gdf/bin/python(_PyEval_EvalFrameDefault+0x5f82) [0x55a22b9a2112]
15  /datasets/pentschev/miniconda3/envs/gdf/bin/python(+0x12827a) [0x55a22b99b27a]
16  /datasets/pentschev/miniconda3/envs/gdf/bin/python(_PyFunction_Vectorcall+0xd5) [0x55a22b9acc05]
17  /datasets/pentschev/miniconda3/envs/gdf/bin/python(_PyEval_EvalFrameDefault+0x68b) [0x55a22b99c81b]
18  /datasets/pentschev/miniconda3/envs/gdf/bin/python(+0x139ef3) [0x55a22b9acef3]
19  /datasets/pentschev/miniconda3/envs/gdf/bin/python(+0x147a16) [0x55a22b9baa16]
20  /datasets/pentschev/miniconda3/envs/gdf/bin/python(+0x2579b1) [0x55a22baca9b1]
21  /datasets/pentschev/miniconda3/envs/gdf/bin/python(+0xe5817) [0x55a22b958817]
22  /datasets/pentschev/miniconda3/envs/gdf/bin/python(+0x130f83) [0x55a22b9a3f83]
23  /datasets/pentschev/miniconda3/envs/gdf/bin/python(_PyEval_EvalFrameDefault+0x5ba6) [0x55a22b9a1d36]
24  /datasets/pentschev/miniconda3/envs/gdf/bin/python(+0x139ef3) [0x55a22b9acef3]
25  /datasets/pentschev/miniconda3/envs/gdf/bin/python(_PyEval_EvalFrameDefault+0x68b) [0x55a22b99c81b]
26  /datasets/pentschev/miniconda3/envs/gdf/bin/python(+0x139ef3) [0x55a22b9acef3]
27  /datasets/pentschev/miniconda3/envs/gdf/bin/python(_PyEval_EvalFrameDefault+0x68b) [0x55a22b99c81b]
28  /datasets/pentschev/miniconda3/envs/gdf/bin/python(+0x139ef3) [0x55a22b9acef3]
29  /datasets/pentschev/miniconda3/envs/gdf/bin/python(_PyEval_EvalFrameDefault+0x68b) [0x55a22b99c81b]
30  /datasets/pentschev/miniconda3/envs/gdf/bin/python(+0x139ef3) [0x55a22b9acef3]
31  /datasets/pentschev/miniconda3/envs/gdf/bin/python(_PyEval_EvalFrameDefault+0x68b) [0x55a22b99c81b]
32  /datasets/pentschev/miniconda3/envs/gdf/bin/python(+0x12827a) [0x55a22b99b27a]
33  /datasets/pentschev/miniconda3/envs/gdf/bin/python(_PyFunction_Vectorcall+0xd5) [0x55a22b9acc05]
34  /datasets/pentschev/miniconda3/envs/gdf/bin/python(_PyEval_EvalFrameDefault+0x4e17) [0x55a22b9a0fa7]
35  /datasets/pentschev/miniconda3/envs/gdf/bin/python(+0x12827a) [0x55a22b99b27a]
36  /datasets/pentschev/miniconda3/envs/gdf/bin/python(+0x147935) [0x55a22b9ba935]
37  /datasets/pentschev/miniconda3/envs/gdf/bin/python(PyObject_Call+0xb4) [0x55a22b9bb104]
38  /datasets/pentschev/miniconda3/envs/gdf/bin/python(+0x20efc8) [0x55a22ba81fc8]
39  /datasets/pentschev/miniconda3/envs/gdf/bin/python(_PyObject_MakeTpCall+0x2fc) [0x55a22b9a52bc]
40  /datasets/pentschev/miniconda3/envs/gdf/bin/python(_PyEval_EvalFrameDefault+0x402b) [0x55a22b9a01bb]
41  /datasets/pentschev/miniconda3/envs/gdf/bin/python(+0x139ef3) [0x55a22b9acef3]
42  /datasets/pentschev/miniconda3/envs/gdf/bin/python(+0x147c72) [0x55a22b9bac72]
43  /datasets/pentschev/miniconda3/envs/gdf/bin/python(_PyEval_EvalFrameDefault+0x402b) [0x55a22b9a01bb]
44  /datasets/pentschev/miniconda3/envs/gdf/bin/python(+0x139ef3) [0x55a22b9acef3]
45  /datasets/pentschev/miniconda3/envs/gdf/bin/python(_PyEval_EvalFrameDefault+0x68b) [0x55a22b99c81b]
46  /datasets/pentschev/miniconda3/envs/gdf/bin/python(+0x12827a) [0x55a22b99b27a]
47  /datasets/pentschev/miniconda3/envs/gdf/bin/python(_PyFunction_Vectorcall+0xd5) [0x55a22b9acc05]
48  /datasets/pentschev/miniconda3/envs/gdf/bin/python(_PyEval_EvalFrameDefault+0x68b) [0x55a22b99c81b]
49  /datasets/pentschev/miniconda3/envs/gdf/bin/python(+0x139ef3) [0x55a22b9acef3]
50  /datasets/pentschev/miniconda3/envs/gdf/bin/python(_PyEval_EvalFrameDefault+0x3d8) [0x55a22b99c568]
51  /datasets/pentschev/miniconda3/envs/gdf/bin/python(+0x12827a) [0x55a22b99b27a]
52  /datasets/pentschev/miniconda3/envs/gdf/bin/python(_PyFunction_Vectorcall+0xd5) [0x55a22b9acc05]
53  /datasets/pentschev/miniconda3/envs/gdf/bin/python(_PyEval_EvalFrameDefault+0x123b) [0x55a22b99d3cb]
54  /datasets/pentschev/miniconda3/envs/gdf/bin/python(+0x12827a) [0x55a22b99b27a]
55  /datasets/pentschev/miniconda3/envs/gdf/bin/python(_PyEval_EvalCodeWithName+0x47) [0x55a22b99af07]
56  /datasets/pentschev/miniconda3/envs/gdf/bin/python(PyEval_EvalCodeEx+0x39) [0x55a22b99aeb9]
57  /datasets/pentschev/miniconda3/envs/gdf/bin/python(PyEval_EvalCode+0x1b) [0x55a22ba4b8bb]
58  /datasets/pentschev/miniconda3/envs/gdf/bin/python(+0x206adc) [0x55a22ba79adc]
59  /datasets/pentschev/miniconda3/envs/gdf/bin/python(+0x202c24) [0x55a22ba75c24]
60  /datasets/pentschev/miniconda3/envs/gdf/bin/python(PyRun_StringFlags+0x9d) [0x55a22ba6d7ed]
61  /datasets/pentschev/miniconda3/envs/gdf/bin/python(PyRun_SimpleStringFlags+0x3d) [0x55a22ba6d6bd]
=================================
[dgx13:25056:0:25056] Caught signal 11 (Segmentation fault: address not mapped to object at address 0x448)
==== backtrace (tid:  25056) ====
 0  /datasets/pentschev/miniconda3/envs/gdf/lib/libucs.so.0(ucs_handle_error+0x2d4) [0x7f3fa0e58614]
 1  /datasets/pentschev/miniconda3/envs/gdf/lib/libucs.so.0(+0x2e7ef) [0x7f3fa0e587ef]
 2  /datasets/pentschev/miniconda3/envs/gdf/lib/libucs.so.0(+0x2eb14) [0x7f3fa0e58b14]
 3  /lib/x86_64-linux-gnu/libpthread.so.0(+0x12980) [0x7f40166ba980]
 4  /datasets/pentschev/miniconda3/envs/gdf/lib/libucp.so.0(ucp_mem_type_unpack+0x14) [0x7f3fa10dd3b4]
 5  /datasets/pentschev/miniconda3/envs/gdf/lib/libucp.so.0(ucp_rndv_data_handler+0x508) [0x7f3fa110da08]
 6  /datasets/pentschev/miniconda3/envs/gdf/lib/libuct.so.0(+0x20b5f) [0x7f3fa0c0cb5f]
 7  /datasets/pentschev/miniconda3/envs/gdf/lib/libuct.so.0(+0x21134) [0x7f3fa0c0d134]
 8  /datasets/pentschev/miniconda3/envs/gdf/lib/libuct.so.0(+0x23578) [0x7f3fa0c0f578]
 9  /datasets/pentschev/miniconda3/envs/gdf/lib/libucs.so.0(ucs_event_set_wait+0xb9) [0x7f3fa0e62c99]
10  /datasets/pentschev/miniconda3/envs/gdf/lib/libuct.so.0(uct_tcp_iface_progress+0x7b) [0x7f3fa0c0f61b]
11  /datasets/pentschev/miniconda3/envs/gdf/lib/libucp.so.0(ucp_worker_progress+0x6a) [0x7f3fa10d9caa]
12  /datasets/pentschev/miniconda3/envs/gdf/lib/python3.9/site-packages/ucp/_libs/ucx_api.cpython-39-x86_64-linux-gnu.so(+0x26c79) [0x7f3fa1393c79]
13  /datasets/pentschev/miniconda3/envs/gdf/bin/python(+0x13eb08) [0x55a0415edb08]
14  /datasets/pentschev/miniconda3/envs/gdf/bin/python(_PyEval_EvalFrameDefault+0x5f82) [0x55a0415de112]
15  /datasets/pentschev/miniconda3/envs/gdf/bin/python(+0x12827a) [0x55a0415d727a]
16  /datasets/pentschev/miniconda3/envs/gdf/bin/python(_PyFunction_Vectorcall+0xd5) [0x55a0415e8c05]
17  /datasets/pentschev/miniconda3/envs/gdf/bin/python(_PyEval_EvalFrameDefault+0x68b) [0x55a0415d881b]
18  /datasets/pentschev/miniconda3/envs/gdf/bin/python(+0x139ef3) [0x55a0415e8ef3]
19  /datasets/pentschev/miniconda3/envs/gdf/bin/python(+0x147a16) [0x55a0415f6a16]
20  /datasets/pentschev/miniconda3/envs/gdf/bin/python(+0x2579b1) [0x55a0417069b1]
21  /datasets/pentschev/miniconda3/envs/gdf/bin/python(+0xe5817) [0x55a041594817]
22  /datasets/pentschev/miniconda3/envs/gdf/bin/python(+0x130f83) [0x55a0415dff83]
23  /datasets/pentschev/miniconda3/envs/gdf/bin/python(_PyEval_EvalFrameDefault+0x5ba6) [0x55a0415ddd36]
24  /datasets/pentschev/miniconda3/envs/gdf/bin/python(+0x139ef3) [0x55a0415e8ef3]
25  /datasets/pentschev/miniconda3/envs/gdf/bin/python(_PyEval_EvalFrameDefault+0x68b) [0x55a0415d881b]
26  /datasets/pentschev/miniconda3/envs/gdf/bin/python(+0x139ef3) [0x55a0415e8ef3]
27  /datasets/pentschev/miniconda3/envs/gdf/bin/python(_PyEval_EvalFrameDefault+0x68b) [0x55a0415d881b]
28  /datasets/pentschev/miniconda3/envs/gdf/bin/python(+0x139ef3) [0x55a0415e8ef3]
29  /datasets/pentschev/miniconda3/envs/gdf/bin/python(_PyEval_EvalFrameDefault+0x68b) [0x55a0415d881b]
30  /datasets/pentschev/miniconda3/envs/gdf/bin/python(+0x139ef3) [0x55a0415e8ef3]
31  /datasets/pentschev/miniconda3/envs/gdf/bin/python(_PyEval_EvalFrameDefault+0x68b) [0x55a0415d881b]
32  /datasets/pentschev/miniconda3/envs/gdf/bin/python(+0x12827a) [0x55a0415d727a]
33  /datasets/pentschev/miniconda3/envs/gdf/bin/python(_PyFunction_Vectorcall+0xd5) [0x55a0415e8c05]
34  /datasets/pentschev/miniconda3/envs/gdf/bin/python(_PyEval_EvalFrameDefault+0x4e17) [0x55a0415dcfa7]
35  /datasets/pentschev/miniconda3/envs/gdf/bin/python(+0x12827a) [0x55a0415d727a]
36  /datasets/pentschev/miniconda3/envs/gdf/bin/python(+0x147935) [0x55a0415f6935]
37  /datasets/pentschev/miniconda3/envs/gdf/bin/python(PyObject_Call+0xb4) [0x55a0415f7104]
38  /datasets/pentschev/miniconda3/envs/gdf/bin/python(+0x20efc8) [0x55a0416bdfc8]
39  /datasets/pentschev/miniconda3/envs/gdf/bin/python(_PyObject_MakeTpCall+0x2fc) [0x55a0415e12bc]
40  /datasets/pentschev/miniconda3/envs/gdf/bin/python(_PyEval_EvalFrameDefault+0x402b) [0x55a0415dc1bb]
41  /datasets/pentschev/miniconda3/envs/gdf/bin/python(+0x139ef3) [0x55a0415e8ef3]
42  /datasets/pentschev/miniconda3/envs/gdf/bin/python(+0x147c72) [0x55a0415f6c72]
43  /datasets/pentschev/miniconda3/envs/gdf/bin/python(_PyEval_EvalFrameDefault+0x402b) [0x55a0415dc1bb]
44  /datasets/pentschev/miniconda3/envs/gdf/bin/python(+0x139ef3) [0x55a0415e8ef3]
45  /datasets/pentschev/miniconda3/envs/gdf/bin/python(_PyEval_EvalFrameDefault+0x68b) [0x55a0415d881b]
46  /datasets/pentschev/miniconda3/envs/gdf/bin/python(+0x12827a) [0x55a0415d727a]
47  /datasets/pentschev/miniconda3/envs/gdf/bin/python(_PyFunction_Vectorcall+0xd5) [0x55a0415e8c05]
48  /datasets/pentschev/miniconda3/envs/gdf/bin/python(_PyEval_EvalFrameDefault+0x68b) [0x55a0415d881b]
49  /datasets/pentschev/miniconda3/envs/gdf/bin/python(+0x139ef3) [0x55a0415e8ef3]
50  /datasets/pentschev/miniconda3/envs/gdf/bin/python(_PyEval_EvalFrameDefault+0x3d8) [0x55a0415d8568]
51  /datasets/pentschev/miniconda3/envs/gdf/bin/python(+0x12827a) [0x55a0415d727a]
52  /datasets/pentschev/miniconda3/envs/gdf/bin/python(_PyFunction_Vectorcall+0xd5) [0x55a0415e8c05]
53  /datasets/pentschev/miniconda3/envs/gdf/bin/python(_PyEval_EvalFrameDefault+0x123b) [0x55a0415d93cb]
54  /datasets/pentschev/miniconda3/envs/gdf/bin/python(+0x12827a) [0x55a0415d727a]
55  /datasets/pentschev/miniconda3/envs/gdf/bin/python(_PyEval_EvalCodeWithName+0x47) [0x55a0415d6f07]
56  /datasets/pentschev/miniconda3/envs/gdf/bin/python(PyEval_EvalCodeEx+0x39) [0x55a0415d6eb9]
57  /datasets/pentschev/miniconda3/envs/gdf/bin/python(PyEval_EvalCode+0x1b) [0x55a0416878bb]
58  /datasets/pentschev/miniconda3/envs/gdf/bin/python(+0x206adc) [0x55a0416b5adc]
59  /datasets/pentschev/miniconda3/envs/gdf/bin/python(+0x202c24) [0x55a0416b1c24]
60  /datasets/pentschev/miniconda3/envs/gdf/bin/python(PyRun_StringFlags+0x9d) [0x55a0416a97ed]
61  /datasets/pentschev/miniconda3/envs/gdf/bin/python(PyRun_SimpleStringFlags+0x3d) [0x55a0416a96bd]
=================================
2023-02-08 23:57:39,776 - distributed.worker - ERROR - failed during get data with ucx://127.0.0.1:52273 -> ucx://127.0.0.1:50481
Traceback (most recent call last):
  File "/datasets/pentschev/miniconda3/envs/gdf/lib/python3.9/site-packages/distributed/comm/ucx.py", line 333, in write
    await self.ep.send(each_frame)
  File "/datasets/pentschev/miniconda3/envs/gdf/lib/python3.9/site-packages/ucp/core.py", line 650, in send
    return await comm.tag_send(self._ep, buffer, nbytes, tag, name=log)
ucp._libs.exceptions.UCXError: <[Send #007] ep: 0x7f328cd751c0, tag: 0xdcabb8490ecefdcf, nbytes: 50000000, type: <class 'cupy.ndarray'>>: Connection reset by remote peer

During handling of the above exception, another exception occurred:

Traceback (most recent call last):
  File "/datasets/pentschev/miniconda3/envs/gdf/lib/python3.9/site-packages/distributed/worker.py", line 1766, in get_data
    compressed = await comm.write(msg, serializers=serializers)
  File "/datasets/pentschev/miniconda3/envs/gdf/lib/python3.9/site-packages/distributed/utils.py", line 741, in wrapper
    return await func(*args, **kwargs)
  File "/datasets/pentschev/miniconda3/envs/gdf/lib/python3.9/site-packages/distributed/comm/ucx.py", line 337, in write
    raise CommClosedError("While writing, the connection was closed")
distributed.comm.core.CommClosedError: While writing, the connection was closed
Task exception was never retrieved
future: <Task finished name='Task-320' coro=<_listener_handler_coroutine() done, defined at /datasets/pentschev/miniconda3/envs/gdf/lib/python3.9/site-packages/ucp/core.py:128> exception=UCXError('<stream_send>: Connection reset by remote peer')>
Traceback (most recent call last):
  File "/datasets/pentschev/miniconda3/envs/gdf/lib/python3.9/site-packages/ucp/core.py", line 143, in _listener_handler_coroutine
    peer_info = await exchange_peer_info(
  File "/datasets/pentschev/miniconda3/envs/gdf/lib/python3.9/site-packages/ucp/core.py", line 51, in exchange_peer_info
    await comm.stream_send(endpoint, my_info_arr, my_info_arr.nbytes)
ucp._libs.exceptions.UCXError: <stream_send>: Connection reset by remote peer
2023-02-08 23:57:39,827 - distributed.worker - ERROR - failed during get data with ucx://127.0.0.1:36697 -> ucx://127.0.0.1:46151
Traceback (most recent call last):
  File "/datasets/pentschev/miniconda3/envs/gdf/lib/python3.9/site-packages/distributed/comm/ucx.py", line 349, in read
    await self.ep.recv(msg)
  File "/datasets/pentschev/miniconda3/envs/gdf/lib/python3.9/site-packages/ucp/core.py", line 725, in recv
    ret = await comm.tag_recv(self._ep, buffer, nbytes, tag, name=log)
ucp._libs.exceptions.UCXCanceled: <[Recv #012] ep: 0x7f3f2c08b2c0, tag: 0xa03291546f2546d2, nbytes: 16, type: <class 'numpy.ndarray'>>: 

During handling of the above exception, another exception occurred:

Traceback (most recent call last):
  File "/datasets/pentschev/miniconda3/envs/gdf/lib/python3.9/site-packages/distributed/worker.py", line 1767, in get_data
    response = await comm.read(deserializers=serializers)
  File "/datasets/pentschev/miniconda3/envs/gdf/lib/python3.9/site-packages/distributed/utils.py", line 741, in wrapper
    return await func(*args, **kwargs)
  File "/datasets/pentschev/miniconda3/envs/gdf/lib/python3.9/site-packages/distributed/comm/ucx.py", line 367, in read
    raise CommClosedError(
distributed.comm.core.CommClosedError: Connection closed by writer.
Inner exception: UCXCanceled("<[Recv #012] ep: 0x7f3f2c08b2c0, tag: 0xa03291546f2546d2, nbytes: 16, type: <class 'numpy.ndarray'>>: ")
2023-02-08 23:57:39,828 - distributed.worker - ERROR - Worker stream died during communication: ucx://127.0.0.1:46151
Traceback (most recent call last):
  File "/datasets/pentschev/miniconda3/envs/gdf/lib/python3.9/site-packages/distributed/comm/ucx.py", line 349, in read
    await self.ep.recv(msg)
  File "/datasets/pentschev/miniconda3/envs/gdf/lib/python3.9/site-packages/ucp/core.py", line 725, in recv
    ret = await comm.tag_recv(self._ep, buffer, nbytes, tag, name=log)
ucp._libs.exceptions.UCXCanceled: <[Recv #013] ep: 0x7f3f2c08b100, tag: 0x84b5e32e49c36d66, nbytes: 16, type: <class 'numpy.ndarray'>>: 

During handling of the above exception, another exception occurred:

Traceback (most recent call last):
  File "/datasets/pentschev/miniconda3/envs/gdf/lib/python3.9/site-packages/distributed/worker.py", line 2058, in gather_dep
    response = await get_data_from_worker(
  File "/datasets/pentschev/miniconda3/envs/gdf/lib/python3.9/site-packages/distributed/worker.py", line 2872, in get_data_from_worker
    return await retry_operation(_get_data, operation="get_data_from_worker")
  File "/datasets/pentschev/miniconda3/envs/gdf/lib/python3.9/site-packages/distributed/utils_comm.py", line 419, in retry_operation
    return await retry(
  File "/datasets/pentschev/miniconda3/envs/gdf/lib/python3.9/site-packages/distributed/utils_comm.py", line 404, in retry
    return await coro()
  File "/datasets/pentschev/miniconda3/envs/gdf/lib/python3.9/site-packages/distributed/worker.py", line 2852, in _get_data
    response = await send_recv(
  File "/datasets/pentschev/miniconda3/envs/gdf/lib/python3.9/site-packages/distributed/core.py", line 986, in send_recv
    response = await comm.read(deserializers=deserializers)
  File "/datasets/pentschev/miniconda3/envs/gdf/lib/python3.9/site-packages/distributed/utils.py", line 741, in wrapper
    return await func(*args, **kwargs)
  File "/datasets/pentschev/miniconda3/envs/gdf/lib/python3.9/site-packages/distributed/comm/ucx.py", line 367, in read
    raise CommClosedError(
distributed.comm.core.CommClosedError: Connection closed by writer.
Inner exception: UCXCanceled("<[Recv #013] ep: 0x7f3f2c08b100, tag: 0x84b5e32e49c36d66, nbytes: 16, type: <class 'numpy.ndarray'>>: ")
Task exception was never retrieved
future: <Task finished name='Task-327' coro=<_listener_handler_coroutine() done, defined at /datasets/pentschev/miniconda3/envs/gdf/lib/python3.9/site-packages/ucp/core.py:128> exception=UCXError('<stream_recv>: Connection reset by remote peer')>
Traceback (most recent call last):
  File "/datasets/pentschev/miniconda3/envs/gdf/lib/python3.9/site-packages/ucp/core.py", line 143, in _listener_handler_coroutine
    peer_info = await exchange_peer_info(
  File "/datasets/pentschev/miniconda3/envs/gdf/lib/python3.9/site-packages/ucp/core.py", line 52, in exchange_peer_info
    await comm.stream_recv(endpoint, peer_info_arr, peer_info_arr.nbytes)
ucp._libs.exceptions.UCXError: <stream_recv>: Connection reset by remote peer
2023-02-08 23:57:39,841 - distributed.worker - ERROR - Worker stream died during communication: ucx://127.0.0.1:46151
Traceback (most recent call last):
  File "/datasets/pentschev/miniconda3/envs/gdf/lib/python3.9/site-packages/distributed/comm/ucx.py", line 391, in read
    await self.ep.recv(each_frame)
  File "/datasets/pentschev/miniconda3/envs/gdf/lib/python3.9/site-packages/ucp/core.py", line 725, in recv
    ret = await comm.tag_recv(self._ep, buffer, nbytes, tag, name=log)
ucp._libs.exceptions.UCXError: <[Recv #007] ep: 0x7f01fc006200, tag: 0xb9b113d7fa1f88d4, nbytes: 50000000, type: <class 'rmm._lib.device_buffer.DeviceBuffer'>>: Connection reset by remote peer

During handling of the above exception, another exception occurred:

Traceback (most recent call last):
  File "/datasets/pentschev/miniconda3/envs/gdf/lib/python3.9/site-packages/distributed/worker.py", line 2058, in gather_dep
    response = await get_data_from_worker(
  File "/datasets/pentschev/miniconda3/envs/gdf/lib/python3.9/site-packages/distributed/worker.py", line 2872, in get_data_from_worker
    return await retry_operation(_get_data, operation="get_data_from_worker")
  File "/datasets/pentschev/miniconda3/envs/gdf/lib/python3.9/site-packages/distributed/utils_comm.py", line 419, in retry_operation
    return await retry(
  File "/datasets/pentschev/miniconda3/envs/gdf/lib/python3.9/site-packages/distributed/utils_comm.py", line 404, in retry
    return await coro()
  File "/datasets/pentschev/miniconda3/envs/gdf/lib/python3.9/site-packages/distributed/worker.py", line 2852, in _get_data
    response = await send_recv(
  File "/datasets/pentschev/miniconda3/envs/gdf/lib/python3.9/site-packages/distributed/core.py", line 986, in send_recv
    response = await comm.read(deserializers=deserializers)
  File "/datasets/pentschev/miniconda3/envs/gdf/lib/python3.9/site-packages/distributed/utils.py", line 741, in wrapper
    return await func(*args, **kwargs)
  File "/datasets/pentschev/miniconda3/envs/gdf/lib/python3.9/site-packages/distributed/comm/ucx.py", line 397, in read
    raise CommClosedError(
distributed.comm.core.CommClosedError: Connection closed by writer.
Inner exception: UCXError("<[Recv #007] ep: 0x7f01fc006200, tag: 0xb9b113d7fa1f88d4, nbytes: 50000000, type: <class 'rmm._lib.device_buffer.DeviceBuffer'>>: Connection reset by remote peer")
2023-02-08 23:57:39,844 - distributed.worker - ERROR - Worker stream died during communication: ucx://127.0.0.1:45683
Traceback (most recent call last):
  File "/datasets/pentschev/miniconda3/envs/gdf/lib/python3.9/site-packages/distributed/comm/ucx.py", line 349, in read
    await self.ep.recv(msg)
  File "/datasets/pentschev/miniconda3/envs/gdf/lib/python3.9/site-packages/ucp/core.py", line 725, in recv
    ret = await comm.tag_recv(self._ep, buffer, nbytes, tag, name=log)
ucp._libs.exceptions.UCXCanceled: <[Recv #003] ep: 0x7f66b4019100, tag: 0xfe992e650db3109, nbytes: 16, type: <class 'numpy.ndarray'>>: 

During handling of the above exception, another exception occurred:

Traceback (most recent call last):
  File "/datasets/pentschev/miniconda3/envs/gdf/lib/python3.9/site-packages/distributed/worker.py", line 2058, in gather_dep
    response = await get_data_from_worker(
  File "/datasets/pentschev/miniconda3/envs/gdf/lib/python3.9/site-packages/distributed/worker.py", line 2872, in get_data_from_worker
    return await retry_operation(_get_data, operation="get_data_from_worker")
  File "/datasets/pentschev/miniconda3/envs/gdf/lib/python3.9/site-packages/distributed/utils_comm.py", line 419, in retry_operation
    return await retry(
  File "/datasets/pentschev/miniconda3/envs/gdf/lib/python3.9/site-packages/distributed/utils_comm.py", line 404, in retry
    return await coro()
  File "/datasets/pentschev/miniconda3/envs/gdf/lib/python3.9/site-packages/distributed/worker.py", line 2852, in _get_data
    response = await send_recv(
  File "/datasets/pentschev/miniconda3/envs/gdf/lib/python3.9/site-packages/distributed/core.py", line 986, in send_recv
    response = await comm.read(deserializers=deserializers)
  File "/datasets/pentschev/miniconda3/envs/gdf/lib/python3.9/site-packages/distributed/utils.py", line 741, in wrapper
    return await func(*args, **kwargs)
  File "/datasets/pentschev/miniconda3/envs/gdf/lib/python3.9/site-packages/distributed/comm/ucx.py", line 367, in read
    raise CommClosedError(
distributed.comm.core.CommClosedError: Connection closed by writer.
Inner exception: UCXCanceled("<[Recv #003] ep: 0x7f66b4019100, tag: 0xfe992e650db3109, nbytes: 16, type: <class 'numpy.ndarray'>>: ")
2023-02-08 23:57:39,846 - distributed.worker - ERROR - failed during get data with ucx://127.0.0.1:51105 -> ucx://127.0.0.1:45683
Traceback (most recent call last):
  File "/datasets/pentschev/miniconda3/envs/gdf/lib/python3.9/site-packages/distributed/comm/ucx.py", line 333, in write
    await self.ep.send(each_frame)
  File "/datasets/pentschev/miniconda3/envs/gdf/lib/python3.9/site-packages/ucp/core.py", line 650, in send
    return await comm.tag_send(self._ep, buffer, nbytes, tag, name=log)
ucp._libs.exceptions.UCXError: <[Send #007] ep: 0x7f66b4019240, tag: 0xf110107d0f6278e2, nbytes: 50000000, type: <class 'cupy.ndarray'>>: Connection reset by remote peer

During handling of the above exception, another exception occurred:

Traceback (most recent call last):
  File "/datasets/pentschev/miniconda3/envs/gdf/lib/python3.9/site-packages/distributed/worker.py", line 1766, in get_data
    compressed = await comm.write(msg, serializers=serializers)
  File "/datasets/pentschev/miniconda3/envs/gdf/lib/python3.9/site-packages/distributed/utils.py", line 741, in wrapper
    return await func(*args, **kwargs)
  File "/datasets/pentschev/miniconda3/envs/gdf/lib/python3.9/site-packages/distributed/comm/ucx.py", line 337, in write
    raise CommClosedError("While writing, the connection was closed")
distributed.comm.core.CommClosedError: While writing, the connection was closed
2023-02-08 23:57:39,847 - distributed.worker - ERROR - Worker stream died during communication: ucx://127.0.0.1:45683
Traceback (most recent call last):
  File "/datasets/pentschev/miniconda3/envs/gdf/lib/python3.9/site-packages/distributed/comm/ucx.py", line 349, in read
    await self.ep.recv(msg)
  File "/datasets/pentschev/miniconda3/envs/gdf/lib/python3.9/site-packages/ucp/core.py", line 708, in recv
    self._ep.raise_on_error()
  File "ucp/_libs/ucx_endpoint.pyx", line 353, in ucp._libs.ucx_api.UCXEndpoint.raise_on_error
ucp._libs.exceptions.UCXConnectionReset: Endpoint 0x7f01fc006140 error: Connection reset by remote peer

During handling of the above exception, another exception occurred:

Traceback (most recent call last):
  File "/datasets/pentschev/miniconda3/envs/gdf/lib/python3.9/site-packages/distributed/comm/core.py", line 328, in connect
    handshake = await asyncio.wait_for(comm.read(), time_left())
  File "/datasets/pentschev/miniconda3/envs/gdf/lib/python3.9/asyncio/tasks.py", line 479, in wait_for
    return fut.result()
  File "/datasets/pentschev/miniconda3/envs/gdf/lib/python3.9/site-packages/distributed/utils.py", line 741, in wrapper
    return await func(*args, **kwargs)
  File "/datasets/pentschev/miniconda3/envs/gdf/lib/python3.9/site-packages/distributed/comm/ucx.py", line 367, in read
    raise CommClosedError(
distributed.comm.core.CommClosedError: Connection closed by writer.
Inner exception: UCXConnectionReset('Endpoint 0x7f01fc006140 error: Connection reset by remote peer')

The above exception was the direct cause of the following exception:

Traceback (most recent call last):
  File "/datasets/pentschev/miniconda3/envs/gdf/lib/python3.9/site-packages/distributed/worker.py", line 2058, in gather_dep
    response = await get_data_from_worker(
  File "/datasets/pentschev/miniconda3/envs/gdf/lib/python3.9/site-packages/distributed/worker.py", line 2872, in get_data_from_worker
    return await retry_operation(_get_data, operation="get_data_from_worker")
  File "/datasets/pentschev/miniconda3/envs/gdf/lib/python3.9/site-packages/distributed/utils_comm.py", line 419, in retry_operation
    return await retry(
  File "/datasets/pentschev/miniconda3/envs/gdf/lib/python3.9/site-packages/distributed/utils_comm.py", line 404, in retry
    return await coro()
  File "/datasets/pentschev/miniconda3/envs/gdf/lib/python3.9/site-packages/distributed/worker.py", line 2849, in _get_data
    comm = await rpc.connect(worker)
  File "/datasets/pentschev/miniconda3/envs/gdf/lib/python3.9/site-packages/distributed/core.py", line 1439, in connect
    return await connect_attempt
  File "/datasets/pentschev/miniconda3/envs/gdf/lib/python3.9/site-packages/distributed/core.py", line 1375, in _connect
    comm = await connect(
  File "/datasets/pentschev/miniconda3/envs/gdf/lib/python3.9/site-packages/distributed/comm/core.py", line 333, in connect
    raise OSError(
OSError: Timed out during handshake while connecting to ucx://127.0.0.1:45683 after 30 s
2023-02-08 23:57:39,849 - distributed.nanny - WARNING - Restarting worker
2023-02-08 23:57:39,856 - distributed.worker - ERROR - Worker stream died during communication: ucx://127.0.0.1:45683
Traceback (most recent call last):
  File "/datasets/pentschev/miniconda3/envs/gdf/lib/python3.9/site-packages/distributed/worker.py", line 2058, in gather_dep
    response = await get_data_from_worker(
  File "/datasets/pentschev/miniconda3/envs/gdf/lib/python3.9/site-packages/distributed/worker.py", line 2872, in get_data_from_worker
    return await retry_operation(_get_data, operation="get_data_from_worker")
  File "/datasets/pentschev/miniconda3/envs/gdf/lib/python3.9/site-packages/distributed/utils_comm.py", line 419, in retry_operation
    return await retry(
  File "/datasets/pentschev/miniconda3/envs/gdf/lib/python3.9/site-packages/distributed/utils_comm.py", line 404, in retry
    return await coro()
  File "/datasets/pentschev/miniconda3/envs/gdf/lib/python3.9/site-packages/distributed/worker.py", line 2867, in _get_data
    await comm.write("OK")
  File "/datasets/pentschev/miniconda3/envs/gdf/lib/python3.9/site-packages/distributed/utils.py", line 741, in wrapper
    return await func(*args, **kwargs)
  File "/datasets/pentschev/miniconda3/envs/gdf/lib/python3.9/site-packages/distributed/comm/ucx.py", line 289, in write
    raise CommClosedError("Endpoint is closed -- unable to send message")
distributed.comm.core.CommClosedError: Endpoint is closed -- unable to send message
2023-02-08 23:57:39,907 - distributed.nanny - WARNING - Restarting worker
2023-02-08 23:57:39,944 - distributed.nanny - WARNING - Restarting worker
2023-02-08 23:57:39,993 - distributed.worker - ERROR - Worker stream died during communication: ucx://127.0.0.1:45683
Traceback (most recent call last):
  File "/datasets/pentschev/miniconda3/envs/gdf/lib/python3.9/site-packages/distributed/comm/ucx.py", line 349, in read
    await self.ep.recv(msg)
  File "/datasets/pentschev/miniconda3/envs/gdf/lib/python3.9/site-packages/ucp/core.py", line 725, in recv
    ret = await comm.tag_recv(self._ep, buffer, nbytes, tag, name=log)
ucp._libs.exceptions.UCXCanceled: <[Recv #003] ep: 0x7f3f2c08b180, tag: 0xb2c7727789f8179c, nbytes: 16, type: <class 'numpy.ndarray'>>: 

During handling of the above exception, another exception occurred:

Traceback (most recent call last):
  File "/datasets/pentschev/miniconda3/envs/gdf/lib/python3.9/site-packages/distributed/worker.py", line 2058, in gather_dep
    response = await get_data_from_worker(
  File "/datasets/pentschev/miniconda3/envs/gdf/lib/python3.9/site-packages/distributed/worker.py", line 2872, in get_data_from_worker
    return await retry_operation(_get_data, operation="get_data_from_worker")
  File "/datasets/pentschev/miniconda3/envs/gdf/lib/python3.9/site-packages/distributed/utils_comm.py", line 419, in retry_operation
    return await retry(
  File "/datasets/pentschev/miniconda3/envs/gdf/lib/python3.9/site-packages/distributed/utils_comm.py", line 404, in retry
    return await coro()
  File "/datasets/pentschev/miniconda3/envs/gdf/lib/python3.9/site-packages/distributed/worker.py", line 2852, in _get_data
    response = await send_recv(
  File "/datasets/pentschev/miniconda3/envs/gdf/lib/python3.9/site-packages/distributed/core.py", line 986, in send_recv
    response = await comm.read(deserializers=deserializers)
  File "/datasets/pentschev/miniconda3/envs/gdf/lib/python3.9/site-packages/distributed/utils.py", line 741, in wrapper
    return await func(*args, **kwargs)
  File "/datasets/pentschev/miniconda3/envs/gdf/lib/python3.9/site-packages/distributed/comm/ucx.py", line 367, in read
    raise CommClosedError(
distributed.comm.core.CommClosedError: Connection closed by writer.
Inner exception: UCXCanceled("<[Recv #003] ep: 0x7f3f2c08b180, tag: 0xb2c7727789f8179c, nbytes: 16, type: <class 'numpy.ndarray'>>: ")
2023-02-08 23:57:41,676 - distributed.preloading - INFO - Creating preload: dask_cuda.initialize
2023-02-08 23:57:41,677 - distributed.preloading - INFO - Import preload module: dask_cuda.initialize
2023-02-08 23:57:41,682 - distributed.preloading - INFO - Creating preload: dask_cuda.initialize
2023-02-08 23:57:41,682 - distributed.preloading - INFO - Import preload module: dask_cuda.initialize
2023-02-08 23:57:41,695 - distributed.preloading - INFO - Creating preload: dask_cuda.initialize
2023-02-08 23:57:41,695 - distributed.preloading - INFO - Import preload module: dask_cuda.initialize
[dgx13:25268:0:25268] Caught signal 11 (Segmentation fault: address not mapped to object at address 0x448)
==== backtrace (tid:  25268) ====
 0  /datasets/pentschev/miniconda3/envs/gdf/lib/libucs.so.0(ucs_handle_error+0x2d4) [0x7f3e3ddca614]
 1  /datasets/pentschev/miniconda3/envs/gdf/lib/libucs.so.0(+0x2e7ef) [0x7f3e3ddca7ef]
 2  /datasets/pentschev/miniconda3/envs/gdf/lib/libucs.so.0(+0x2eb14) [0x7f3e3ddcab14]
 3  /lib/x86_64-linux-gnu/libpthread.so.0(+0x12980) [0x7f3ec1435980]
 4  /datasets/pentschev/miniconda3/envs/gdf/lib/libucp.so.0(ucp_mem_type_unpack+0x14) [0x7f3e500c53b4]
 5  /datasets/pentschev/miniconda3/envs/gdf/lib/libucp.so.0(ucp_rndv_data_handler+0x508) [0x7f3e500f5a08]
 6  /datasets/pentschev/miniconda3/envs/gdf/lib/libuct.so.0(+0x20b5f) [0x7f3e3db7eb5f]
 7  /datasets/pentschev/miniconda3/envs/gdf/lib/libuct.so.0(+0x21134) [0x7f3e3db7f134]
 8  /datasets/pentschev/miniconda3/envs/gdf/lib/libuct.so.0(+0x23578) [0x7f3e3db81578]
 9  /datasets/pentschev/miniconda3/envs/gdf/lib/libucs.so.0(ucs_event_set_wait+0xb9) [0x7f3e3ddd4c99]
10  /datasets/pentschev/miniconda3/envs/gdf/lib/libuct.so.0(uct_tcp_iface_progress+0x7b) [0x7f3e3db8161b]
11  /datasets/pentschev/miniconda3/envs/gdf/lib/libucp.so.0(ucp_worker_progress+0x6a) [0x7f3e500c1caa]
12  /datasets/pentschev/miniconda3/envs/gdf/lib/python3.9/site-packages/ucp/_libs/ucx_api.cpython-39-x86_64-linux-gnu.so(+0x26c79) [0x7f3e5037bc79]
13  /datasets/pentschev/miniconda3/envs/gdf/bin/python(+0x13eb08) [0x556dbdeb5b08]
14  /datasets/pentschev/miniconda3/envs/gdf/bin/python(_PyEval_EvalFrameDefault+0x5f82) [0x556dbdea6112]
15  /datasets/pentschev/miniconda3/envs/gdf/bin/python(+0x12827a) [0x556dbde9f27a]
16  /datasets/pentschev/miniconda3/envs/gdf/bin/python(_PyFunction_Vectorcall+0xd5) [0x556dbdeb0c05]
17  /datasets/pentschev/miniconda3/envs/gdf/bin/python(_PyEval_EvalFrameDefault+0x68b) [0x556dbdea081b]
18  /datasets/pentschev/miniconda3/envs/gdf/bin/python(+0x139ef3) [0x556dbdeb0ef3]
19  /datasets/pentschev/miniconda3/envs/gdf/bin/python(+0x147a16) [0x556dbdebea16]
20  /datasets/pentschev/miniconda3/envs/gdf/bin/python(+0x2579b1) [0x556dbdfce9b1]
21  /datasets/pentschev/miniconda3/envs/gdf/bin/python(+0xe5817) [0x556dbde5c817]
22  /datasets/pentschev/miniconda3/envs/gdf/bin/python(+0x130f83) [0x556dbdea7f83]
23  /datasets/pentschev/miniconda3/envs/gdf/bin/python(_PyEval_EvalFrameDefault+0x5ba6) [0x556dbdea5d36]
24  /datasets/pentschev/miniconda3/envs/gdf/bin/python(+0x139ef3) [0x556dbdeb0ef3]
25  /datasets/pentschev/miniconda3/envs/gdf/bin/python(_PyEval_EvalFrameDefault+0x68b) [0x556dbdea081b]
26  /datasets/pentschev/miniconda3/envs/gdf/bin/python(+0x139ef3) [0x556dbdeb0ef3]
27  /datasets/pentschev/miniconda3/envs/gdf/bin/python(_PyEval_EvalFrameDefault+0x68b) [0x556dbdea081b]
28  /datasets/pentschev/miniconda3/envs/gdf/bin/python(+0x139ef3) [0x556dbdeb0ef3]
29  /datasets/pentschev/miniconda3/envs/gdf/bin/python(_PyEval_EvalFrameDefault+0x68b) [0x556dbdea081b]
30  /datasets/pentschev/miniconda3/envs/gdf/bin/python(+0x139ef3) [0x556dbdeb0ef3]
31  /datasets/pentschev/miniconda3/envs/gdf/bin/python(_PyEval_EvalFrameDefault+0x68b) [0x556dbdea081b]
32  /datasets/pentschev/miniconda3/envs/gdf/bin/python(+0x12827a) [0x556dbde9f27a]
33  /datasets/pentschev/miniconda3/envs/gdf/bin/python(_PyFunction_Vectorcall+0xd5) [0x556dbdeb0c05]
34  /datasets/pentschev/miniconda3/envs/gdf/bin/python(_PyEval_EvalFrameDefault+0x4e17) [0x556dbdea4fa7]
35  /datasets/pentschev/miniconda3/envs/gdf/bin/python(+0x12827a) [0x556dbde9f27a]
36  /datasets/pentschev/miniconda3/envs/gdf/bin/python(+0x147935) [0x556dbdebe935]
37  /datasets/pentschev/miniconda3/envs/gdf/bin/python(PyObject_Call+0xb4) [0x556dbdebf104]
38  /datasets/pentschev/miniconda3/envs/gdf/bin/python(+0x20efc8) [0x556dbdf85fc8]
39  /datasets/pentschev/miniconda3/envs/gdf/bin/python(_PyObject_MakeTpCall+0x2fc) [0x556dbdea92bc]
40  /datasets/pentschev/miniconda3/envs/gdf/bin/python(_PyEval_EvalFrameDefault+0x402b) [0x556dbdea41bb]
41  /datasets/pentschev/miniconda3/envs/gdf/bin/python(+0x139ef3) [0x556dbdeb0ef3]
42  /datasets/pentschev/miniconda3/envs/gdf/bin/python(+0x147c72) [0x556dbdebec72]
43  /datasets/pentschev/miniconda3/envs/gdf/bin/python(_PyEval_EvalFrameDefault+0x402b) [0x556dbdea41bb]
44  /datasets/pentschev/miniconda3/envs/gdf/bin/python(+0x139ef3) [0x556dbdeb0ef3]
45  /datasets/pentschev/miniconda3/envs/gdf/bin/python(_PyEval_EvalFrameDefault+0x68b) [0x556dbdea081b]
46  /datasets/pentschev/miniconda3/envs/gdf/bin/python(+0x12827a) [0x556dbde9f27a]
47  /datasets/pentschev/miniconda3/envs/gdf/bin/python(_PyFunction_Vectorcall+0xd5) [0x556dbdeb0c05]
48  /datasets/pentschev/miniconda3/envs/gdf/bin/python(_PyEval_EvalFrameDefault+0x68b) [0x556dbdea081b]
49  /datasets/pentschev/miniconda3/envs/gdf/bin/python(+0x139ef3) [0x556dbdeb0ef3]
50  /datasets/pentschev/miniconda3/envs/gdf/bin/python(_PyEval_EvalFrameDefault+0x3d8) [0x556dbdea0568]
51  /datasets/pentschev/miniconda3/envs/gdf/bin/python(+0x12827a) [0x556dbde9f27a]
52  /datasets/pentschev/miniconda3/envs/gdf/bin/python(_PyFunction_Vectorcall+0xd5) [0x556dbdeb0c05]
53  /datasets/pentschev/miniconda3/envs/gdf/bin/python(_PyEval_EvalFrameDefault+0x123b) [0x556dbdea13cb]
54  /datasets/pentschev/miniconda3/envs/gdf/bin/python(+0x12827a) [0x556dbde9f27a]
55  /datasets/pentschev/miniconda3/envs/gdf/bin/python(_PyEval_EvalCodeWithName+0x47) [0x556dbde9ef07]
56  /datasets/pentschev/miniconda3/envs/gdf/bin/python(PyEval_EvalCodeEx+0x39) [0x556dbde9eeb9]
57  /datasets/pentschev/miniconda3/envs/gdf/bin/python(PyEval_EvalCode+0x1b) [0x556dbdf4f8bb]
58  /datasets/pentschev/miniconda3/envs/gdf/bin/python(+0x206adc) [0x556dbdf7dadc]
59  /datasets/pentschev/miniconda3/envs/gdf/bin/python(+0x202c24) [0x556dbdf79c24]
60  /datasets/pentschev/miniconda3/envs/gdf/bin/python(PyRun_StringFlags+0x9d) [0x556dbdf717ed]
61  /datasets/pentschev/miniconda3/envs/gdf/bin/python(PyRun_SimpleStringFlags+0x3d) [0x556dbdf716bd]
=================================
[dgx13:25262:0:25262] Caught signal 11 (Segmentation fault: address not mapped to object at address 0x448)
==== backtrace (tid:  25262) ====
 0  /datasets/pentschev/miniconda3/envs/gdf/lib/libucs.so.0(ucs_handle_error+0x2d4) [0x7f0b944f5614]
 1  /datasets/pentschev/miniconda3/envs/gdf/lib/libucs.so.0(+0x2e7ef) [0x7f0b944f57ef]
 2  /datasets/pentschev/miniconda3/envs/gdf/lib/libucs.so.0(+0x2eb14) [0x7f0b944f5b14]
 3  /lib/x86_64-linux-gnu/libpthread.so.0(+0x12980) [0x7f0c17af2980]
 4  /datasets/pentschev/miniconda3/envs/gdf/lib/libucp.so.0(ucp_mem_type_unpack+0x14) [0x7f0b9477a3b4]
 5  /datasets/pentschev/miniconda3/envs/gdf/lib/libucp.so.0(ucp_rndv_data_handler+0x508) [0x7f0b947aaa08]
 6  /datasets/pentschev/miniconda3/envs/gdf/lib/libuct.so.0(+0x20b5f) [0x7f0b942a9b5f]
 7  /datasets/pentschev/miniconda3/envs/gdf/lib/libuct.so.0(+0x21134) [0x7f0b942aa134]
 8  /datasets/pentschev/miniconda3/envs/gdf/lib/libuct.so.0(+0x23578) [0x7f0b942ac578]
 9  /datasets/pentschev/miniconda3/envs/gdf/lib/libucs.so.0(ucs_event_set_wait+0xb9) [0x7f0b944ffc99]
10  /datasets/pentschev/miniconda3/envs/gdf/lib/libuct.so.0(uct_tcp_iface_progress+0x7b) [0x7f0b942ac61b]
11  /datasets/pentschev/miniconda3/envs/gdf/lib/libucp.so.0(ucp_worker_progress+0x6a) [0x7f0b94776caa]
12  /datasets/pentschev/miniconda3/envs/gdf/lib/python3.9/site-packages/ucp/_libs/ucx_api.cpython-39-x86_64-linux-gnu.so(+0x26c79) [0x7f0b94a30c79]
13  /datasets/pentschev/miniconda3/envs/gdf/bin/python(+0x13eb08) [0x55d694550b08]
14  /datasets/pentschev/miniconda3/envs/gdf/bin/python(_PyEval_EvalFrameDefault+0x5f82) [0x55d694541112]
15  /datasets/pentschev/miniconda3/envs/gdf/bin/python(+0x12827a) [0x55d69453a27a]
16  /datasets/pentschev/miniconda3/envs/gdf/bin/python(_PyFunction_Vectorcall+0xd5) [0x55d69454bc05]
17  /datasets/pentschev/miniconda3/envs/gdf/bin/python(_PyEval_EvalFrameDefault+0x68b) [0x55d69453b81b]
18  /datasets/pentschev/miniconda3/envs/gdf/bin/python(+0x139ef3) [0x55d69454bef3]
19  /datasets/pentschev/miniconda3/envs/gdf/bin/python(+0x147a16) [0x55d694559a16]
20  /datasets/pentschev/miniconda3/envs/gdf/bin/python(+0x2579b1) [0x55d6946699b1]
21  /datasets/pentschev/miniconda3/envs/gdf/bin/python(+0xe5817) [0x55d6944f7817]
22  /datasets/pentschev/miniconda3/envs/gdf/bin/python(+0x130f83) [0x55d694542f83]
23  /datasets/pentschev/miniconda3/envs/gdf/bin/python(_PyEval_EvalFrameDefault+0x5ba6) [0x55d694540d36]
24  /datasets/pentschev/miniconda3/envs/gdf/bin/python(+0x139ef3) [0x55d69454bef3]
25  /datasets/pentschev/miniconda3/envs/gdf/bin/python(_PyEval_EvalFrameDefault+0x68b) [0x55d69453b81b]
26  /datasets/pentschev/miniconda3/envs/gdf/bin/python(+0x139ef3) [0x55d69454bef3]
27  /datasets/pentschev/miniconda3/envs/gdf/bin/python(_PyEval_EvalFrameDefault+0x68b) [0x55d69453b81b]
28  /datasets/pentschev/miniconda3/envs/gdf/bin/python(+0x139ef3) [0x55d69454bef3]
29  /datasets/pentschev/miniconda3/envs/gdf/bin/python(_PyEval_EvalFrameDefault+0x68b) [0x55d69453b81b]
30  /datasets/pentschev/miniconda3/envs/gdf/bin/python(+0x139ef3) [0x55d69454bef3]
31  /datasets/pentschev/miniconda3/envs/gdf/bin/python(_PyEval_EvalFrameDefault+0x68b) [0x55d69453b81b]
32  /datasets/pentschev/miniconda3/envs/gdf/bin/python(+0x12827a) [0x55d69453a27a]
33  /datasets/pentschev/miniconda3/envs/gdf/bin/python(_PyFunction_Vectorcall+0xd5) [0x55d69454bc05]
34  /datasets/pentschev/miniconda3/envs/gdf/bin/python(_PyEval_EvalFrameDefault+0x4e17) [0x55d69453ffa7]
35  /datasets/pentschev/miniconda3/envs/gdf/bin/python(+0x12827a) [0x55d69453a27a]
36  /datasets/pentschev/miniconda3/envs/gdf/bin/python(+0x147935) [0x55d694559935]
37  /datasets/pentschev/miniconda3/envs/gdf/bin/python(PyObject_Call+0xb4) [0x55d69455a104]
38  /datasets/pentschev/miniconda3/envs/gdf/bin/python(+0x20efc8) [0x55d694620fc8]
39  /datasets/pentschev/miniconda3/envs/gdf/bin/python(_PyObject_MakeTpCall+0x2fc) [0x55d6945442bc]
40  /datasets/pentschev/miniconda3/envs/gdf/bin/python(_PyEval_EvalFrameDefault+0x402b) [0x55d69453f1bb]
41  /datasets/pentschev/miniconda3/envs/gdf/bin/python(+0x139ef3) [0x55d69454bef3]
42  /datasets/pentschev/miniconda3/envs/gdf/bin/python(+0x147c72) [0x55d694559c72]
43  /datasets/pentschev/miniconda3/envs/gdf/bin/python(_PyEval_EvalFrameDefault+0x402b) [0x55d69453f1bb]
44  /datasets/pentschev/miniconda3/envs/gdf/bin/python(+0x139ef3) [0x55d69454bef3]
45  /datasets/pentschev/miniconda3/envs/gdf/bin/python(_PyEval_EvalFrameDefault+0x68b) [0x55d69453b81b]
46  /datasets/pentschev/miniconda3/envs/gdf/bin/python(+0x12827a) [0x55d69453a27a]
47  /datasets/pentschev/miniconda3/envs/gdf/bin/python(_PyFunction_Vectorcall+0xd5) [0x55d69454bc05]
48  /datasets/pentschev/miniconda3/envs/gdf/bin/python(_PyEval_EvalFrameDefault+0x68b) [0x55d69453b81b]
49  /datasets/pentschev/miniconda3/envs/gdf/bin/python(+0x139ef3) [0x55d69454bef3]
50  /datasets/pentschev/miniconda3/envs/gdf/bin/python(_PyEval_EvalFrameDefault+0x3d8) [0x55d69453b568]
51  /datasets/pentschev/miniconda3/envs/gdf/bin/python(+0x12827a) [0x55d69453a27a]
52  /datasets/pentschev/miniconda3/envs/gdf/bin/python(_PyFunction_Vectorcall+0xd5) [0x55d69454bc05]
53  /datasets/pentschev/miniconda3/envs/gdf/bin/python(_PyEval_EvalFrameDefault+0x123b) [0x55d69453c3cb]
54  /datasets/pentschev/miniconda3/envs/gdf/bin/python(+0x12827a) [0x55d69453a27a]
55  /datasets/pentschev/miniconda3/envs/gdf/bin/python(_PyEval_EvalCodeWithName+0x47) [0x55d694539f07]
56  /datasets/pentschev/miniconda3/envs/gdf/bin/python(PyEval_EvalCodeEx+0x39) [0x55d694539eb9]
57  /datasets/pentschev/miniconda3/envs/gdf/bin/python(PyEval_EvalCode+0x1b) [0x55d6945ea8bb]
58  /datasets/pentschev/miniconda3/envs/gdf/bin/python(+0x206adc) [0x55d694618adc]
59  /datasets/pentschev/miniconda3/envs/gdf/bin/python(+0x202c24) [0x55d694614c24]
60  /datasets/pentschev/miniconda3/envs/gdf/bin/python(PyRun_StringFlags+0x9d) [0x55d69460c7ed]
61  /datasets/pentschev/miniconda3/envs/gdf/bin/python(PyRun_SimpleStringFlags+0x3d) [0x55d69460c6bd]
=================================
Task exception was never retrieved
future: <Task finished name='Task-3090' coro=<_listener_handler_coroutine() done, defined at /datasets/pentschev/miniconda3/envs/gdf/lib/python3.9/site-packages/ucp/core.py:128> exception=UCXError('<stream_send>: Connection reset by remote peer')>
Traceback (most recent call last):
  File "/datasets/pentschev/miniconda3/envs/gdf/lib/python3.9/site-packages/ucp/core.py", line 143, in _listener_handler_coroutine
    peer_info = await exchange_peer_info(
  File "/datasets/pentschev/miniconda3/envs/gdf/lib/python3.9/site-packages/ucp/core.py", line 51, in exchange_peer_info
    await comm.stream_send(endpoint, my_info_arr, my_info_arr.nbytes)
ucp._libs.exceptions.UCXError: <stream_send>: Connection reset by remote peer
2023-02-08 23:57:42,845 - distributed.worker - ERROR - failed during get data with ucx://127.0.0.1:35289 -> ucx://127.0.0.1:42947
Traceback (most recent call last):
  File "/datasets/pentschev/miniconda3/envs/gdf/lib/python3.9/site-packages/distributed/comm/ucx.py", line 333, in write
    await self.ep.send(each_frame)
  File "/datasets/pentschev/miniconda3/envs/gdf/lib/python3.9/site-packages/ucp/core.py", line 650, in send
    return await comm.tag_send(self._ep, buffer, nbytes, tag, name=log)
ucp._libs.exceptions.UCXError: <[Send #007] ep: 0x7fca800051c0, tag: 0x2174997fc6f37aae, nbytes: 50000000, type: <class 'cupy.ndarray'>>: Connection reset by remote peer

During handling of the above exception, another exception occurred:

Traceback (most recent call last):
  File "/datasets/pentschev/miniconda3/envs/gdf/lib/python3.9/site-packages/distributed/worker.py", line 1766, in get_data
    compressed = await comm.write(msg, serializers=serializers)
  File "/datasets/pentschev/miniconda3/envs/gdf/lib/python3.9/site-packages/distributed/utils.py", line 741, in wrapper
    return await func(*args, **kwargs)
  File "/datasets/pentschev/miniconda3/envs/gdf/lib/python3.9/site-packages/distributed/comm/ucx.py", line 337, in write
    raise CommClosedError("While writing, the connection was closed")
distributed.comm.core.CommClosedError: While writing, the connection was closed
2023-02-08 23:57:42,891 - distributed.nanny - WARNING - Restarting worker
2023-02-08 23:57:42,945 - distributed.worker - ERROR - failed during get data with ucx://127.0.0.1:36413 -> ucx://127.0.0.1:48959
Traceback (most recent call last):
  File "/datasets/pentschev/miniconda3/envs/gdf/lib/python3.9/site-packages/distributed/comm/ucx.py", line 333, in write
    await self.ep.send(each_frame)
  File "/datasets/pentschev/miniconda3/envs/gdf/lib/python3.9/site-packages/ucp/core.py", line 650, in send
    return await comm.tag_send(self._ep, buffer, nbytes, tag, name=log)
ucp._libs.exceptions.UCXError: <[Send #007] ep: 0x7fe464066380, tag: 0x9d12dd6729a3fe70, nbytes: 50000000, type: <class 'cupy.ndarray'>>: Connection reset by remote peer

During handling of the above exception, another exception occurred:

Traceback (most recent call last):
  File "/datasets/pentschev/miniconda3/envs/gdf/lib/python3.9/site-packages/distributed/worker.py", line 1766, in get_data
    compressed = await comm.write(msg, serializers=serializers)
  File "/datasets/pentschev/miniconda3/envs/gdf/lib/python3.9/site-packages/distributed/utils.py", line 741, in wrapper
    return await func(*args, **kwargs)
  File "/datasets/pentschev/miniconda3/envs/gdf/lib/python3.9/site-packages/distributed/comm/ucx.py", line 337, in write
    raise CommClosedError("While writing, the connection was closed")
distributed.comm.core.CommClosedError: While writing, the connection was closed
2023-02-08 23:57:42,987 - distributed.nanny - WARNING - Restarting worker
2023-02-08 23:57:44,714 - distributed.preloading - INFO - Creating preload: dask_cuda.initialize
2023-02-08 23:57:44,715 - distributed.preloading - INFO - Import preload module: dask_cuda.initialize
2023-02-08 23:57:44,729 - distributed.preloading - INFO - Creating preload: dask_cuda.initialize
2023-02-08 23:57:44,729 - distributed.preloading - INFO - Import preload module: dask_cuda.initialize
[dgx13:25265:0:25265] Caught signal 11 (Segmentation fault: address not mapped to object at address 0x448)
==== backtrace (tid:  25265) ====
 0  /datasets/pentschev/miniconda3/envs/gdf/lib/libucs.so.0(ucs_handle_error+0x2d4) [0x7fca794f3614]
 1  /datasets/pentschev/miniconda3/envs/gdf/lib/libucs.so.0(+0x2e7ef) [0x7fca794f37ef]
 2  /datasets/pentschev/miniconda3/envs/gdf/lib/libucs.so.0(+0x2eb14) [0x7fca794f3b14]
 3  /lib/x86_64-linux-gnu/libpthread.so.0(+0x12980) [0x7fcaeeb38980]
 4  /datasets/pentschev/miniconda3/envs/gdf/lib/libucp.so.0(ucp_mem_type_unpack+0x14) [0x7fca797783b4]
 5  /datasets/pentschev/miniconda3/envs/gdf/lib/libucp.so.0(ucp_rndv_data_handler+0x508) [0x7fca797a8a08]
 6  /datasets/pentschev/miniconda3/envs/gdf/lib/libuct.so.0(+0x20b5f) [0x7fca792a7b5f]
 7  /datasets/pentschev/miniconda3/envs/gdf/lib/libuct.so.0(+0x21134) [0x7fca792a8134]
 8  /datasets/pentschev/miniconda3/envs/gdf/lib/libuct.so.0(+0x23578) [0x7fca792aa578]
 9  /datasets/pentschev/miniconda3/envs/gdf/lib/libucs.so.0(ucs_event_set_wait+0xb9) [0x7fca794fdc99]
10  /datasets/pentschev/miniconda3/envs/gdf/lib/libuct.so.0(uct_tcp_iface_progress+0x7b) [0x7fca792aa61b]
11  /datasets/pentschev/miniconda3/envs/gdf/lib/libucp.so.0(ucp_worker_progress+0x6a) [0x7fca79774caa]
12  /datasets/pentschev/miniconda3/envs/gdf/lib/python3.9/site-packages/ucp/_libs/ucx_api.cpython-39-x86_64-linux-gnu.so(+0x26c79) [0x7fca79a2ec79]
13  /datasets/pentschev/miniconda3/envs/gdf/bin/python(+0x13eb08) [0x562807ce5b08]
14  /datasets/pentschev/miniconda3/envs/gdf/bin/python(_PyEval_EvalFrameDefault+0x5f82) [0x562807cd6112]
15  /datasets/pentschev/miniconda3/envs/gdf/bin/python(+0x12827a) [0x562807ccf27a]
16  /datasets/pentschev/miniconda3/envs/gdf/bin/python(_PyFunction_Vectorcall+0xd5) [0x562807ce0c05]
17  /datasets/pentschev/miniconda3/envs/gdf/bin/python(_PyEval_EvalFrameDefault+0x68b) [0x562807cd081b]
18  /datasets/pentschev/miniconda3/envs/gdf/bin/python(+0x139ef3) [0x562807ce0ef3]
19  /datasets/pentschev/miniconda3/envs/gdf/bin/python(+0x147a16) [0x562807ceea16]
20  /datasets/pentschev/miniconda3/envs/gdf/bin/python(+0x2579b1) [0x562807dfe9b1]
21  /datasets/pentschev/miniconda3/envs/gdf/bin/python(+0xe5817) [0x562807c8c817]
22  /datasets/pentschev/miniconda3/envs/gdf/bin/python(+0x130f83) [0x562807cd7f83]
23  /datasets/pentschev/miniconda3/envs/gdf/bin/python(_PyEval_EvalFrameDefault+0x5ba6) [0x562807cd5d36]
24  /datasets/pentschev/miniconda3/envs/gdf/bin/python(+0x139ef3) [0x562807ce0ef3]
25  /datasets/pentschev/miniconda3/envs/gdf/bin/python(_PyEval_EvalFrameDefault+0x68b) [0x562807cd081b]
26  /datasets/pentschev/miniconda3/envs/gdf/bin/python(+0x139ef3) [0x562807ce0ef3]
27  /datasets/pentschev/miniconda3/envs/gdf/bin/python(_PyEval_EvalFrameDefault+0x68b) [0x562807cd081b]
28  /datasets/pentschev/miniconda3/envs/gdf/bin/python(+0x139ef3) [0x562807ce0ef3]
29  /datasets/pentschev/miniconda3/envs/gdf/bin/python(_PyEval_EvalFrameDefault+0x68b) [0x562807cd081b]
30  /datasets/pentschev/miniconda3/envs/gdf/bin/python(+0x139ef3) [0x562807ce0ef3]
31  /datasets/pentschev/miniconda3/envs/gdf/bin/python(_PyEval_EvalFrameDefault+0x68b) [0x562807cd081b]
32  /datasets/pentschev/miniconda3/envs/gdf/bin/python(+0x12827a) [0x562807ccf27a]
33  /datasets/pentschev/miniconda3/envs/gdf/bin/python(_PyFunction_Vectorcall+0xd5) [0x562807ce0c05]
34  /datasets/pentschev/miniconda3/envs/gdf/bin/python(_PyEval_EvalFrameDefault+0x4e17) [0x562807cd4fa7]
35  /datasets/pentschev/miniconda3/envs/gdf/bin/python(+0x12827a) [0x562807ccf27a]
36  /datasets/pentschev/miniconda3/envs/gdf/bin/python(+0x147935) [0x562807cee935]
37  /datasets/pentschev/miniconda3/envs/gdf/bin/python(PyObject_Call+0xb4) [0x562807cef104]
38  /datasets/pentschev/miniconda3/envs/gdf/bin/python(+0x20efc8) [0x562807db5fc8]
39  /datasets/pentschev/miniconda3/envs/gdf/bin/python(_PyObject_MakeTpCall+0x2fc) [0x562807cd92bc]
40  /datasets/pentschev/miniconda3/envs/gdf/bin/python(_PyEval_EvalFrameDefault+0x402b) [0x562807cd41bb]
41  /datasets/pentschev/miniconda3/envs/gdf/bin/python(+0x139ef3) [0x562807ce0ef3]
42  /datasets/pentschev/miniconda3/envs/gdf/bin/python(+0x147c72) [0x562807ceec72]
43  /datasets/pentschev/miniconda3/envs/gdf/bin/python(_PyEval_EvalFrameDefault+0x402b) [0x562807cd41bb]
44  /datasets/pentschev/miniconda3/envs/gdf/bin/python(+0x139ef3) [0x562807ce0ef3]
45  /datasets/pentschev/miniconda3/envs/gdf/bin/python(_PyEval_EvalFrameDefault+0x68b) [0x562807cd081b]
46  /datasets/pentschev/miniconda3/envs/gdf/bin/python(+0x12827a) [0x562807ccf27a]
47  /datasets/pentschev/miniconda3/envs/gdf/bin/python(_PyFunction_Vectorcall+0xd5) [0x562807ce0c05]
48  /datasets/pentschev/miniconda3/envs/gdf/bin/python(_PyEval_EvalFrameDefault+0x68b) [0x562807cd081b]
49  /datasets/pentschev/miniconda3/envs/gdf/bin/python(+0x139ef3) [0x562807ce0ef3]
50  /datasets/pentschev/miniconda3/envs/gdf/bin/python(_PyEval_EvalFrameDefault+0x3d8) [0x562807cd0568]
51  /datasets/pentschev/miniconda3/envs/gdf/bin/python(+0x12827a) [0x562807ccf27a]
52  /datasets/pentschev/miniconda3/envs/gdf/bin/python(_PyFunction_Vectorcall+0xd5) [0x562807ce0c05]
53  /datasets/pentschev/miniconda3/envs/gdf/bin/python(_PyEval_EvalFrameDefault+0x123b) [0x562807cd13cb]
54  /datasets/pentschev/miniconda3/envs/gdf/bin/python(+0x12827a) [0x562807ccf27a]
55  /datasets/pentschev/miniconda3/envs/gdf/bin/python(_PyEval_EvalCodeWithName+0x47) [0x562807ccef07]
56  /datasets/pentschev/miniconda3/envs/gdf/bin/python(PyEval_EvalCodeEx+0x39) [0x562807cceeb9]
57  /datasets/pentschev/miniconda3/envs/gdf/bin/python(PyEval_EvalCode+0x1b) [0x562807d7f8bb]
58  /datasets/pentschev/miniconda3/envs/gdf/bin/python(+0x206adc) [0x562807dadadc]
59  /datasets/pentschev/miniconda3/envs/gdf/bin/python(+0x202c24) [0x562807da9c24]
60  /datasets/pentschev/miniconda3/envs/gdf/bin/python(PyRun_StringFlags+0x9d) [0x562807da17ed]
61  /datasets/pentschev/miniconda3/envs/gdf/bin/python(PyRun_SimpleStringFlags+0x3d) [0x562807da16bd]
=================================
2023-02-08 23:57:45,662 - distributed.worker - ERROR - failed during get data with ucx://127.0.0.1:36413 -> ucx://127.0.0.1:35289
Traceback (most recent call last):
  File "/datasets/pentschev/miniconda3/envs/gdf/lib/python3.9/site-packages/distributed/comm/ucx.py", line 349, in read
    await self.ep.recv(msg)
  File "/datasets/pentschev/miniconda3/envs/gdf/lib/python3.9/site-packages/ucp/core.py", line 725, in recv
    ret = await comm.tag_recv(self._ep, buffer, nbytes, tag, name=log)
ucp._libs.exceptions.UCXCanceled: <[Recv #006] ep: 0x7fe464066300, tag: 0xd597cb75b3db0eee, nbytes: 16, type: <class 'numpy.ndarray'>>: 

During handling of the above exception, another exception occurred:

Traceback (most recent call last):
  File "/datasets/pentschev/miniconda3/envs/gdf/lib/python3.9/site-packages/distributed/worker.py", line 1767, in get_data
    response = await comm.read(deserializers=serializers)
  File "/datasets/pentschev/miniconda3/envs/gdf/lib/python3.9/site-packages/distributed/utils.py", line 741, in wrapper
    return await func(*args, **kwargs)
  File "/datasets/pentschev/miniconda3/envs/gdf/lib/python3.9/site-packages/distributed/comm/ucx.py", line 367, in read
    raise CommClosedError(
distributed.comm.core.CommClosedError: Connection closed by writer.
Inner exception: UCXCanceled("<[Recv #006] ep: 0x7fe464066300, tag: 0xd597cb75b3db0eee, nbytes: 16, type: <class 'numpy.ndarray'>>: ")
2023-02-08 23:57:45,662 - distributed.worker - ERROR - Worker stream died during communication: ucx://127.0.0.1:35289
Traceback (most recent call last):
  File "/datasets/pentschev/miniconda3/envs/gdf/lib/python3.9/site-packages/distributed/comm/ucx.py", line 349, in read
    await self.ep.recv(msg)
  File "/datasets/pentschev/miniconda3/envs/gdf/lib/python3.9/site-packages/ucp/core.py", line 725, in recv
    ret = await comm.tag_recv(self._ep, buffer, nbytes, tag, name=log)
ucp._libs.exceptions.UCXCanceled: <[Recv #020] ep: 0x7f8210048100, tag: 0x29ace2266ac500de, nbytes: 16, type: <class 'numpy.ndarray'>>: 

During handling of the above exception, another exception occurred:

Traceback (most recent call last):
  File "/datasets/pentschev/miniconda3/envs/gdf/lib/python3.9/site-packages/distributed/worker.py", line 2058, in gather_dep
    response = await get_data_from_worker(
  File "/datasets/pentschev/miniconda3/envs/gdf/lib/python3.9/site-packages/distributed/worker.py", line 2872, in get_data_from_worker
    return await retry_operation(_get_data, operation="get_data_from_worker")
  File "/datasets/pentschev/miniconda3/envs/gdf/lib/python3.9/site-packages/distributed/utils_comm.py", line 419, in retry_operation
    return await retry(
  File "/datasets/pentschev/miniconda3/envs/gdf/lib/python3.9/site-packages/distributed/utils_comm.py", line 404, in retry
    return await coro()
  File "/datasets/pentschev/miniconda3/envs/gdf/lib/python3.9/site-packages/distributed/worker.py", line 2852, in _get_data
    response = await send_recv(
  File "/datasets/pentschev/miniconda3/envs/gdf/lib/python3.9/site-packages/distributed/core.py", line 986, in send_recv
    response = await comm.read(deserializers=deserializers)
  File "/datasets/pentschev/miniconda3/envs/gdf/lib/python3.9/site-packages/distributed/utils.py", line 741, in wrapper
    return await func(*args, **kwargs)
  File "/datasets/pentschev/miniconda3/envs/gdf/lib/python3.9/site-packages/distributed/comm/ucx.py", line 367, in read
    raise CommClosedError(
distributed.comm.core.CommClosedError: Connection closed by writer.
Inner exception: UCXCanceled("<[Recv #020] ep: 0x7f8210048100, tag: 0x29ace2266ac500de, nbytes: 16, type: <class 'numpy.ndarray'>>: ")
2023-02-08 23:57:45,662 - distributed.worker - ERROR - Worker stream died during communication: ucx://127.0.0.1:35289
Traceback (most recent call last):
  File "/datasets/pentschev/miniconda3/envs/gdf/lib/python3.9/site-packages/distributed/comm/ucx.py", line 391, in read
    await self.ep.recv(each_frame)
  File "/datasets/pentschev/miniconda3/envs/gdf/lib/python3.9/site-packages/ucp/core.py", line 725, in recv
    ret = await comm.tag_recv(self._ep, buffer, nbytes, tag, name=log)
ucp._libs.exceptions.UCXError: <[Recv #007] ep: 0x7f79b007a180, tag: 0xbf6c7d56383a8985, nbytes: 50000000, type: <class 'rmm._lib.device_buffer.DeviceBuffer'>>: Connection reset by remote peer

During handling of the above exception, another exception occurred:

Traceback (most recent call last):
  File "/datasets/pentschev/miniconda3/envs/gdf/lib/python3.9/site-packages/distributed/worker.py", line 2058, in gather_dep
    response = await get_data_from_worker(
  File "/datasets/pentschev/miniconda3/envs/gdf/lib/python3.9/site-packages/distributed/worker.py", line 2872, in get_data_from_worker
    return await retry_operation(_get_data, operation="get_data_from_worker")
  File "/datasets/pentschev/miniconda3/envs/gdf/lib/python3.9/site-packages/distributed/utils_comm.py", line 419, in retry_operation
    return await retry(
  File "/datasets/pentschev/miniconda3/envs/gdf/lib/python3.9/site-packages/distributed/utils_comm.py", line 404, in retry
    return await coro()
  File "/datasets/pentschev/miniconda3/envs/gdf/lib/python3.9/site-packages/distributed/worker.py", line 2852, in _get_data
    response = await send_recv(
  File "/datasets/pentschev/miniconda3/envs/gdf/lib/python3.9/site-packages/distributed/core.py", line 986, in send_recv
    response = await comm.read(deserializers=deserializers)
  File "/datasets/pentschev/miniconda3/envs/gdf/lib/python3.9/site-packages/distributed/utils.py", line 741, in wrapper
    return await func(*args, **kwargs)
  File "/datasets/pentschev/miniconda3/envs/gdf/lib/python3.9/site-packages/distributed/comm/ucx.py", line 397, in read
    raise CommClosedError(
distributed.comm.core.CommClosedError: Connection closed by writer.
Inner exception: UCXError("<[Recv #007] ep: 0x7f79b007a180, tag: 0xbf6c7d56383a8985, nbytes: 50000000, type: <class 'rmm._lib.device_buffer.DeviceBuffer'>>: Connection reset by remote peer")
2023-02-08 23:57:45,666 - distributed.worker - ERROR - failed during get data with ucx://127.0.0.1:36331 -> ucx://127.0.0.1:35289
Traceback (most recent call last):
  File "/datasets/pentschev/miniconda3/envs/gdf/lib/python3.9/site-packages/distributed/comm/ucx.py", line 333, in write
    await self.ep.send(each_frame)
  File "/datasets/pentschev/miniconda3/envs/gdf/lib/python3.9/site-packages/ucp/core.py", line 650, in send
    return await comm.tag_send(self._ep, buffer, nbytes, tag, name=log)
ucp._libs.exceptions.UCXError: <[Send #007] ep: 0x7f79b007a140, tag: 0xe22c83da315db392, nbytes: 50000000, type: <class 'cupy.ndarray'>>: Connection reset by remote peer

During handling of the above exception, another exception occurred:

Traceback (most recent call last):
  File "/datasets/pentschev/miniconda3/envs/gdf/lib/python3.9/site-packages/distributed/worker.py", line 1766, in get_data
    compressed = await comm.write(msg, serializers=serializers)
  File "/datasets/pentschev/miniconda3/envs/gdf/lib/python3.9/site-packages/distributed/utils.py", line 741, in wrapper
    return await func(*args, **kwargs)
  File "/datasets/pentschev/miniconda3/envs/gdf/lib/python3.9/site-packages/distributed/comm/ucx.py", line 337, in write
    raise CommClosedError("While writing, the connection was closed")
distributed.comm.core.CommClosedError: While writing, the connection was closed
2023-02-08 23:57:45,712 - distributed.nanny - WARNING - Restarting worker
2023-02-08 23:57:47,612 - distributed.preloading - INFO - Creating preload: dask_cuda.initialize
2023-02-08 23:57:47,612 - distributed.preloading - INFO - Import preload module: dask_cuda.initialize
2023-02-08 23:58:09,664 - distributed.worker - ERROR - Worker stream died during communication: ucx://127.0.0.1:50481
Traceback (most recent call last):
  File "/datasets/pentschev/miniconda3/envs/gdf/lib/python3.9/site-packages/distributed/comm/ucx.py", line 466, in connect
    ep = await ucp.create_endpoint(ip, port)
  File "/datasets/pentschev/miniconda3/envs/gdf/lib/python3.9/site-packages/ucp/core.py", line 1004, in create_endpoint
    return await _get_ctx().create_endpoint(
  File "/datasets/pentschev/miniconda3/envs/gdf/lib/python3.9/site-packages/ucp/core.py", line 316, in create_endpoint
    peer_info = await exchange_peer_info(
  File "/datasets/pentschev/miniconda3/envs/gdf/lib/python3.9/site-packages/ucp/core.py", line 54, in exchange_peer_info
    await comm.stream_recv(endpoint, peer_info_arr, peer_info_arr.nbytes)
asyncio.exceptions.CancelledError

During handling of the above exception, another exception occurred:

Traceback (most recent call last):
  File "/datasets/pentschev/miniconda3/envs/gdf/lib/python3.9/asyncio/tasks.py", line 490, in wait_for
    return fut.result()
asyncio.exceptions.CancelledError

The above exception was the direct cause of the following exception:

Traceback (most recent call last):
  File "/datasets/pentschev/miniconda3/envs/gdf/lib/python3.9/site-packages/distributed/comm/core.py", line 291, in connect
    comm = await asyncio.wait_for(
  File "/datasets/pentschev/miniconda3/envs/gdf/lib/python3.9/asyncio/tasks.py", line 492, in wait_for
    raise exceptions.TimeoutError() from exc
asyncio.exceptions.TimeoutError

The above exception was the direct cause of the following exception:

Traceback (most recent call last):
  File "/datasets/pentschev/miniconda3/envs/gdf/lib/python3.9/site-packages/distributed/worker.py", line 2058, in gather_dep
    response = await get_data_from_worker(
  File "/datasets/pentschev/miniconda3/envs/gdf/lib/python3.9/site-packages/distributed/worker.py", line 2872, in get_data_from_worker
    return await retry_operation(_get_data, operation="get_data_from_worker")
  File "/datasets/pentschev/miniconda3/envs/gdf/lib/python3.9/site-packages/distributed/utils_comm.py", line 419, in retry_operation
    return await retry(
  File "/datasets/pentschev/miniconda3/envs/gdf/lib/python3.9/site-packages/distributed/utils_comm.py", line 404, in retry
    return await coro()
  File "/datasets/pentschev/miniconda3/envs/gdf/lib/python3.9/site-packages/distributed/worker.py", line 2849, in _get_data
    comm = await rpc.connect(worker)
  File "/datasets/pentschev/miniconda3/envs/gdf/lib/python3.9/site-packages/distributed/core.py", line 1439, in connect
    return await connect_attempt
  File "/datasets/pentschev/miniconda3/envs/gdf/lib/python3.9/site-packages/distributed/core.py", line 1375, in _connect
    comm = await connect(
  File "/datasets/pentschev/miniconda3/envs/gdf/lib/python3.9/site-packages/distributed/comm/core.py", line 317, in connect
    raise OSError(
OSError: Timed out trying to connect to ucx://127.0.0.1:50481 after 30 s
/datasets/pentschev/miniconda3/envs/gdf/lib/python3.9/multiprocessing/resource_tracker.py:216: UserWarning: resource_tracker: There appear to be 48 leaked semaphore objects to clean up at shutdown
  warnings.warn('resource_tracker: There appear to be %d '
