2022-11-03 00:57:12,184 - distributed.preloading - INFO - Creating preload: dask_cuda.initialize
2022-11-03 00:57:12,184 - distributed.preloading - INFO - Import preload module: dask_cuda.initialize
2022-11-03 00:57:12,187 - distributed.preloading - INFO - Creating preload: dask_cuda.initialize
2022-11-03 00:57:12,187 - distributed.preloading - INFO - Import preload module: dask_cuda.initialize
2022-11-03 00:57:12,189 - distributed.preloading - INFO - Creating preload: dask_cuda.initialize
2022-11-03 00:57:12,190 - distributed.preloading - INFO - Import preload module: dask_cuda.initialize
2022-11-03 00:57:12,196 - distributed.preloading - INFO - Creating preload: dask_cuda.initialize
2022-11-03 00:57:12,196 - distributed.preloading - INFO - Import preload module: dask_cuda.initialize
2022-11-03 00:57:12,239 - distributed.preloading - INFO - Creating preload: dask_cuda.initialize
2022-11-03 00:57:12,239 - distributed.preloading - INFO - Import preload module: dask_cuda.initialize
2022-11-03 00:57:12,249 - distributed.preloading - INFO - Creating preload: dask_cuda.initialize
2022-11-03 00:57:12,249 - distributed.preloading - INFO - Creating preload: dask_cuda.initialize
2022-11-03 00:57:12,249 - distributed.preloading - INFO - Import preload module: dask_cuda.initialize
2022-11-03 00:57:12,249 - distributed.preloading - INFO - Import preload module: dask_cuda.initialize
2022-11-03 00:57:12,250 - distributed.preloading - INFO - Creating preload: dask_cuda.initialize
2022-11-03 00:57:12,250 - distributed.preloading - INFO - Import preload module: dask_cuda.initialize
[dgx13:33698:0:33698] Caught signal 11 (Segmentation fault: address not mapped to object at address 0x448)
==== backtrace (tid:  33698) ====
 0  /datasets/pentschev/miniconda3/envs/gdf/lib/libucs.so.0(ucs_handle_error+0x2d4) [0x7fb5816091e4]
 1  /datasets/pentschev/miniconda3/envs/gdf/lib/libucs.so.0(+0x2e3bf) [0x7fb5816093bf]
 2  /datasets/pentschev/miniconda3/envs/gdf/lib/libucs.so.0(+0x2e6e4) [0x7fb5816096e4]
 3  /lib/x86_64-linux-gnu/libpthread.so.0(+0x12980) [0x7fb6244b7980]
 4  /datasets/pentschev/miniconda3/envs/gdf/lib/libucp.so.0(ucp_mem_type_unpack+0x14) [0x7fb58188c914]
 5  /datasets/pentschev/miniconda3/envs/gdf/lib/libucp.so.0(ucp_rndv_data_handler+0x508) [0x7fb5818bceb8]
 6  /datasets/pentschev/miniconda3/envs/gdf/lib/libuct.so.0(+0x207bf) [0x7fb5813be7bf]
 7  /datasets/pentschev/miniconda3/envs/gdf/lib/libuct.so.0(+0x20d94) [0x7fb5813bed94]
 8  /datasets/pentschev/miniconda3/envs/gdf/lib/libuct.so.0(+0x231e8) [0x7fb5813c11e8]
 9  /datasets/pentschev/miniconda3/envs/gdf/lib/libucs.so.0(ucs_event_set_wait+0xb9) [0x7fb5816138b9]
10  /datasets/pentschev/miniconda3/envs/gdf/lib/libuct.so.0(uct_tcp_iface_progress+0x7b) [0x7fb5813c128b]
11  /datasets/pentschev/miniconda3/envs/gdf/lib/libucp.so.0(ucp_worker_progress+0x6a) [0x7fb5818891fa]
12  /datasets/pentschev/miniconda3/envs/gdf/lib/python3.8/site-packages/ucp/_libs/ucx_api.cpython-38-x86_64-linux-gnu.so(+0x27ef9) [0x7fb581b44ef9]
13  /datasets/pentschev/miniconda3/envs/gdf/bin/python(+0x131397) [0x555fa46b7397]
14  /datasets/pentschev/miniconda3/envs/gdf/bin/python(PyObject_Call+0x2d2) [0x555fa46c4172]
15  /datasets/pentschev/miniconda3/envs/gdf/bin/python(_PyEval_EvalFrameDefault+0x2150) [0x555fa46a3870]
16  /datasets/pentschev/miniconda3/envs/gdf/bin/python(_PyEval_EvalCodeWithName+0x9f6) [0x555fa46a0b76]
17  /datasets/pentschev/miniconda3/envs/gdf/bin/python(_PyFunction_Vectorcall+0x18c) [0x555fa46b233c]
18  /datasets/pentschev/miniconda3/envs/gdf/bin/python(_PyEval_EvalFrameDefault+0x67d) [0x555fa46a1d9d]
19  /datasets/pentschev/miniconda3/envs/gdf/bin/python(+0x143ad0) [0x555fa46c9ad0]
20  /datasets/pentschev/miniconda3/envs/gdf/lib/python3.8/lib-dynload/_asyncio.cpython-38-x86_64-linux-gnu.so(+0x700d) [0x7fb6183dd00d]
21  /datasets/pentschev/miniconda3/envs/gdf/bin/python(_PyObject_MakeTpCall+0x501) [0x555fa46aa631]
22  /datasets/pentschev/miniconda3/envs/gdf/bin/python(+0xda441) [0x555fa4660441]
23  /datasets/pentschev/miniconda3/envs/gdf/bin/python(+0x1230c6) [0x555fa46a90c6]
24  /datasets/pentschev/miniconda3/envs/gdf/bin/python(PyVectorcall_Call+0x6f) [0x555fa46c20bf]
25  /datasets/pentschev/miniconda3/envs/gdf/bin/python(_PyEval_EvalFrameDefault+0x560e) [0x555fa46a6d2e]
26  /datasets/pentschev/miniconda3/envs/gdf/bin/python(_PyFunction_Vectorcall+0xf6) [0x555fa46b22a6]
27  /datasets/pentschev/miniconda3/envs/gdf/bin/python(_PyEval_EvalFrameDefault+0x67d) [0x555fa46a1d9d]
28  /datasets/pentschev/miniconda3/envs/gdf/bin/python(_PyFunction_Vectorcall+0xf6) [0x555fa46b22a6]
29  /datasets/pentschev/miniconda3/envs/gdf/bin/python(_PyEval_EvalFrameDefault+0x67d) [0x555fa46a1d9d]
30  /datasets/pentschev/miniconda3/envs/gdf/bin/python(_PyFunction_Vectorcall+0xf6) [0x555fa46b22a6]
31  /datasets/pentschev/miniconda3/envs/gdf/bin/python(_PyEval_EvalFrameDefault+0x67d) [0x555fa46a1d9d]
32  /datasets/pentschev/miniconda3/envs/gdf/bin/python(_PyFunction_Vectorcall+0xf6) [0x555fa46b22a6]
33  /datasets/pentschev/miniconda3/envs/gdf/bin/python(_PyEval_EvalFrameDefault+0x67d) [0x555fa46a1d9d]
34  /datasets/pentschev/miniconda3/envs/gdf/bin/python(_PyEval_EvalCodeWithName+0x9f6) [0x555fa46a0b76]
35  /datasets/pentschev/miniconda3/envs/gdf/bin/python(_PyFunction_Vectorcall+0x18c) [0x555fa46b233c]
36  /datasets/pentschev/miniconda3/envs/gdf/bin/python(_PyEval_EvalFrameDefault+0x67d) [0x555fa46a1d9d]
37  /datasets/pentschev/miniconda3/envs/gdf/bin/python(_PyEval_EvalCodeWithName+0x9f6) [0x555fa46a0b76]
38  /datasets/pentschev/miniconda3/envs/gdf/bin/python(_PyFunction_Vectorcall+0x18c) [0x555fa46b233c]
39  /datasets/pentschev/miniconda3/envs/gdf/bin/python(+0x13bc72) [0x555fa46c1c72]
40  /datasets/pentschev/miniconda3/envs/gdf/bin/python(PyObject_Call+0x1fc) [0x555fa46c409c]
41  /datasets/pentschev/miniconda3/envs/gdf/bin/python(_PyEval_EvalFrameDefault+0x2150) [0x555fa46a3870]
42  /datasets/pentschev/miniconda3/envs/gdf/bin/python(_PyFunction_Vectorcall+0xf6) [0x555fa46b22a6]
43  /datasets/pentschev/miniconda3/envs/gdf/bin/python(+0x13bc72) [0x555fa46c1c72]
44  /datasets/pentschev/miniconda3/envs/gdf/bin/python(PyObject_Call+0x2d2) [0x555fa46c4172]
45  /datasets/pentschev/miniconda3/envs/gdf/bin/python(_PyEval_EvalFrameDefault+0x2150) [0x555fa46a3870]
46  /datasets/pentschev/miniconda3/envs/gdf/bin/python(_PyFunction_Vectorcall+0xf6) [0x555fa46b22a6]
47  /datasets/pentschev/miniconda3/envs/gdf/bin/python(_PyEval_EvalFrameDefault+0x67d) [0x555fa46a1d9d]
48  /datasets/pentschev/miniconda3/envs/gdf/bin/python(_PyEval_EvalCodeWithName+0x2e1) [0x555fa46a0461]
49  /datasets/pentschev/miniconda3/envs/gdf/bin/python(_PyFunction_Vectorcall+0x18c) [0x555fa46b233c]
50  /datasets/pentschev/miniconda3/envs/gdf/bin/python(_PyEval_EvalFrameDefault+0x67d) [0x555fa46a1d9d]
51  /datasets/pentschev/miniconda3/envs/gdf/bin/python(_PyFunction_Vectorcall+0xf6) [0x555fa46b22a6]
52  /datasets/pentschev/miniconda3/envs/gdf/bin/python(_PyEval_EvalFrameDefault+0x38b) [0x555fa46a1aab]
53  /datasets/pentschev/miniconda3/envs/gdf/bin/python(_PyEval_EvalCodeWithName+0x2e1) [0x555fa46a0461]
54  /datasets/pentschev/miniconda3/envs/gdf/bin/python(_PyFunction_Vectorcall+0x18c) [0x555fa46b233c]
55  /datasets/pentschev/miniconda3/envs/gdf/bin/python(_PyEval_EvalFrameDefault+0x10e8) [0x555fa46a2808]
56  /datasets/pentschev/miniconda3/envs/gdf/bin/python(_PyEval_EvalCodeWithName+0x2e1) [0x555fa46a0461]
57  /datasets/pentschev/miniconda3/envs/gdf/bin/python(PyEval_EvalCodeEx+0x39) [0x555fa475fde9]
58  /datasets/pentschev/miniconda3/envs/gdf/bin/python(PyEval_EvalCode+0x1b) [0x555fa475fdab]
59  /datasets/pentschev/miniconda3/envs/gdf/bin/python(+0x1fa903) [0x555fa4780903]
60  /datasets/pentschev/miniconda3/envs/gdf/bin/python(+0x1f98e3) [0x555fa477f8e3]
61  /datasets/pentschev/miniconda3/envs/gdf/bin/python(PyRun_StringFlags+0x7d) [0x555fa477d2ad]
=================================
2022-11-03 00:57:19,713 - distributed.worker - ERROR - failed during get data with ucx://127.0.0.1:59399 -> ucx://127.0.0.1:44165
Traceback (most recent call last):
  File "/datasets/pentschev/miniconda3/envs/gdf/lib/python3.8/site-packages/distributed/comm/ucx.py", line 317, in write
    await self.ep.send(each_frame)
  File "/datasets/pentschev/miniconda3/envs/gdf/lib/python3.8/site-packages/ucp/core.py", line 650, in send
    return await comm.tag_send(self._ep, buffer, nbytes, tag, name=log)
ucp._libs.exceptions.UCXError: <[Send #007] ep: 0x7f108296e100, tag: 0x6a7373df8a99345, nbytes: 800000000, type: <class 'cudf.core.buffer.buffer.Buffer'>>: Connection reset by remote peer

During handling of the above exception, another exception occurred:

Traceback (most recent call last):
  File "/datasets/pentschev/miniconda3/envs/gdf/lib/python3.8/site-packages/distributed/worker.py", line 1761, in get_data
    compressed = await comm.write(msg, serializers=serializers)
  File "/datasets/pentschev/miniconda3/envs/gdf/lib/python3.8/site-packages/distributed/utils.py", line 742, in wrapper
    return await func(*args, **kwargs)
  File "/datasets/pentschev/miniconda3/envs/gdf/lib/python3.8/site-packages/distributed/comm/ucx.py", line 321, in write
    raise CommClosedError("While writing, the connection was closed")
distributed.comm.core.CommClosedError: While writing, the connection was closed
2022-11-03 00:57:19,713 - distributed.worker - ERROR - failed during get data with ucx://127.0.0.1:38605 -> ucx://127.0.0.1:44165
Traceback (most recent call last):
  File "/datasets/pentschev/miniconda3/envs/gdf/lib/python3.8/site-packages/distributed/comm/ucx.py", line 317, in write
    await self.ep.send(each_frame)
  File "/datasets/pentschev/miniconda3/envs/gdf/lib/python3.8/site-packages/ucp/core.py", line 650, in send
    return await comm.tag_send(self._ep, buffer, nbytes, tag, name=log)
ucp._libs.exceptions.UCXError: <[Send #007] ep: 0x7f85ec001100, tag: 0x75dbe9c3e156b991, nbytes: 800000000, type: <class 'cudf.core.buffer.buffer.Buffer'>>: Connection reset by remote peer

During handling of the above exception, another exception occurred:

Traceback (most recent call last):
  File "/datasets/pentschev/miniconda3/envs/gdf/lib/python3.8/site-packages/distributed/worker.py", line 1761, in get_data
    compressed = await comm.write(msg, serializers=serializers)
  File "/datasets/pentschev/miniconda3/envs/gdf/lib/python3.8/site-packages/distributed/utils.py", line 742, in wrapper
    return await func(*args, **kwargs)
  File "/datasets/pentschev/miniconda3/envs/gdf/lib/python3.8/site-packages/distributed/comm/ucx.py", line 321, in write
    raise CommClosedError("While writing, the connection was closed")
distributed.comm.core.CommClosedError: While writing, the connection was closed
2022-11-03 00:57:19,814 - distributed.nanny - WARNING - Restarting worker
[dgx13:33683:0:33683] Caught signal 11 (Segmentation fault: address not mapped to object at address 0x448)
==== backtrace (tid:  33683) ====
 0  /datasets/pentschev/miniconda3/envs/gdf/lib/libucs.so.0(ucs_handle_error+0x2d4) [0x7f299d4f31e4]
 1  /datasets/pentschev/miniconda3/envs/gdf/lib/libucs.so.0(+0x2e3bf) [0x7f299d4f33bf]
 2  /datasets/pentschev/miniconda3/envs/gdf/lib/libucs.so.0(+0x2e6e4) [0x7f299d4f36e4]
 3  /lib/x86_64-linux-gnu/libpthread.so.0(+0x12980) [0x7f2a3c329980]
 4  /datasets/pentschev/miniconda3/envs/gdf/lib/libucp.so.0(ucp_mem_type_unpack+0x14) [0x7f299d776914]
 5  /datasets/pentschev/miniconda3/envs/gdf/lib/libucp.so.0(ucp_rndv_data_handler+0x508) [0x7f299d7a6eb8]
 6  /datasets/pentschev/miniconda3/envs/gdf/lib/libuct.so.0(+0x207bf) [0x7f299d2a87bf]
 7  /datasets/pentschev/miniconda3/envs/gdf/lib/libuct.so.0(+0x20d94) [0x7f299d2a8d94]
 8  /datasets/pentschev/miniconda3/envs/gdf/lib/libuct.so.0(+0x231e8) [0x7f299d2ab1e8]
 9  /datasets/pentschev/miniconda3/envs/gdf/lib/libucs.so.0(ucs_event_set_wait+0xb9) [0x7f299d4fd8b9]
10  /datasets/pentschev/miniconda3/envs/gdf/lib/libuct.so.0(uct_tcp_iface_progress+0x7b) [0x7f299d2ab28b]
11  /datasets/pentschev/miniconda3/envs/gdf/lib/libucp.so.0(ucp_worker_progress+0x6a) [0x7f299d7731fa]
12  /datasets/pentschev/miniconda3/envs/gdf/lib/python3.8/site-packages/ucp/_libs/ucx_api.cpython-38-x86_64-linux-gnu.so(+0x27ef9) [0x7f299da2eef9]
13  /datasets/pentschev/miniconda3/envs/gdf/bin/python(+0x131397) [0x55fbbeff1397]
14  /datasets/pentschev/miniconda3/envs/gdf/bin/python(PyObject_Call+0x2d2) [0x55fbbeffe172]
15  /datasets/pentschev/miniconda3/envs/gdf/bin/python(_PyEval_EvalFrameDefault+0x2150) [0x55fbbefdd870]
16  /datasets/pentschev/miniconda3/envs/gdf/bin/python(_PyEval_EvalCodeWithName+0x9f6) [0x55fbbefdab76]
17  /datasets/pentschev/miniconda3/envs/gdf/bin/python(_PyFunction_Vectorcall+0x18c) [0x55fbbefec33c]
18  /datasets/pentschev/miniconda3/envs/gdf/bin/python(_PyEval_EvalFrameDefault+0x67d) [0x55fbbefdbd9d]
19  /datasets/pentschev/miniconda3/envs/gdf/bin/python(_PyFunction_Vectorcall+0xf6) [0x55fbbefec2a6]
20  /datasets/pentschev/miniconda3/envs/gdf/bin/python(+0x13ba3b) [0x55fbbeffba3b]
21  /datasets/pentschev/miniconda3/envs/gdf/bin/python(+0x244c6a) [0x55fbbf104c6a]
22  /datasets/pentschev/miniconda3/envs/gdf/bin/python(+0xda441) [0x55fbbef9a441]
23  /datasets/pentschev/miniconda3/envs/gdf/bin/python(+0x1230c6) [0x55fbbefe30c6]
24  /datasets/pentschev/miniconda3/envs/gdf/bin/python(PyVectorcall_Call+0x6f) [0x55fbbeffc0bf]
25  /datasets/pentschev/miniconda3/envs/gdf/bin/python(_PyEval_EvalFrameDefault+0x560e) [0x55fbbefe0d2e]
26  /datasets/pentschev/miniconda3/envs/gdf/bin/python(_PyFunction_Vectorcall+0xf6) [0x55fbbefec2a6]
27  /datasets/pentschev/miniconda3/envs/gdf/bin/python(_PyEval_EvalFrameDefault+0x67d) [0x55fbbefdbd9d]
28  /datasets/pentschev/miniconda3/envs/gdf/bin/python(_PyFunction_Vectorcall+0xf6) [0x55fbbefec2a6]
29  /datasets/pentschev/miniconda3/envs/gdf/bin/python(_PyEval_EvalFrameDefault+0x67d) [0x55fbbefdbd9d]
30  /datasets/pentschev/miniconda3/envs/gdf/bin/python(_PyFunction_Vectorcall+0xf6) [0x55fbbefec2a6]
31  /datasets/pentschev/miniconda3/envs/gdf/bin/python(_PyEval_EvalFrameDefault+0x67d) [0x55fbbefdbd9d]
32  /datasets/pentschev/miniconda3/envs/gdf/bin/python(_PyFunction_Vectorcall+0xf6) [0x55fbbefec2a6]
33  /datasets/pentschev/miniconda3/envs/gdf/bin/python(_PyEval_EvalFrameDefault+0x67d) [0x55fbbefdbd9d]
34  /datasets/pentschev/miniconda3/envs/gdf/bin/python(_PyEval_EvalCodeWithName+0x9f6) [0x55fbbefdab76]
35  /datasets/pentschev/miniconda3/envs/gdf/bin/python(_PyFunction_Vectorcall+0x18c) [0x55fbbefec33c]
36  /datasets/pentschev/miniconda3/envs/gdf/bin/python(_PyEval_EvalFrameDefault+0x67d) [0x55fbbefdbd9d]
37  /datasets/pentschev/miniconda3/envs/gdf/bin/python(_PyEval_EvalCodeWithName+0x9f6) [0x55fbbefdab76]
38  /datasets/pentschev/miniconda3/envs/gdf/bin/python(_PyFunction_Vectorcall+0x18c) [0x55fbbefec33c]
39  /datasets/pentschev/miniconda3/envs/gdf/bin/python(+0x13bc72) [0x55fbbeffbc72]
40  /datasets/pentschev/miniconda3/envs/gdf/bin/python(PyObject_Call+0x1fc) [0x55fbbeffe09c]
41  /datasets/pentschev/miniconda3/envs/gdf/bin/python(_PyEval_EvalFrameDefault+0x2150) [0x55fbbefdd870]
42  /datasets/pentschev/miniconda3/envs/gdf/bin/python(_PyFunction_Vectorcall+0xf6) [0x55fbbefec2a6]
43  /datasets/pentschev/miniconda3/envs/gdf/bin/python(+0x13bc72) [0x55fbbeffbc72]
44  /datasets/pentschev/miniconda3/envs/gdf/bin/python(PyObject_Call+0x2d2) [0x55fbbeffe172]
45  /datasets/pentschev/miniconda3/envs/gdf/bin/python(_PyEval_EvalFrameDefault+0x2150) [0x55fbbefdd870]
46  /datasets/pentschev/miniconda3/envs/gdf/bin/python(_PyFunction_Vectorcall+0xf6) [0x55fbbefec2a6]
47  /datasets/pentschev/miniconda3/envs/gdf/bin/python(_PyEval_EvalFrameDefault+0x67d) [0x55fbbefdbd9d]
48  /datasets/pentschev/miniconda3/envs/gdf/bin/python(_PyEval_EvalCodeWithName+0x2e1) [0x55fbbefda461]
49  /datasets/pentschev/miniconda3/envs/gdf/bin/python(_PyFunction_Vectorcall+0x18c) [0x55fbbefec33c]
50  /datasets/pentschev/miniconda3/envs/gdf/bin/python(_PyEval_EvalFrameDefault+0x67d) [0x55fbbefdbd9d]
51  /datasets/pentschev/miniconda3/envs/gdf/bin/python(_PyFunction_Vectorcall+0xf6) [0x55fbbefec2a6]
52  /datasets/pentschev/miniconda3/envs/gdf/bin/python(_PyEval_EvalFrameDefault+0x38b) [0x55fbbefdbaab]
53  /datasets/pentschev/miniconda3/envs/gdf/bin/python(_PyEval_EvalCodeWithName+0x2e1) [0x55fbbefda461]
54  /datasets/pentschev/miniconda3/envs/gdf/bin/python(_PyFunction_Vectorcall+0x18c) [0x55fbbefec33c]
55  /datasets/pentschev/miniconda3/envs/gdf/bin/python(_PyEval_EvalFrameDefault+0x10e8) [0x55fbbefdc808]
56  /datasets/pentschev/miniconda3/envs/gdf/bin/python(_PyEval_EvalCodeWithName+0x2e1) [0x55fbbefda461]
57  /datasets/pentschev/miniconda3/envs/gdf/bin/python(PyEval_EvalCodeEx+0x39) [0x55fbbf099de9]
58  /datasets/pentschev/miniconda3/envs/gdf/bin/python(PyEval_EvalCode+0x1b) [0x55fbbf099dab]
59  /datasets/pentschev/miniconda3/envs/gdf/bin/python(+0x1fa903) [0x55fbbf0ba903]
60  /datasets/pentschev/miniconda3/envs/gdf/bin/python(+0x1f98e3) [0x55fbbf0b98e3]
61  /datasets/pentschev/miniconda3/envs/gdf/bin/python(PyRun_StringFlags+0x7d) [0x55fbbf0b72ad]
=================================
[dgx13:33696:0:33696] Caught signal 11 (Segmentation fault: address not mapped to object at address 0x871b9dcc)
==== backtrace (tid:  33696) ====
 0  /datasets/pentschev/miniconda3/envs/gdf/lib/libucs.so.0(ucs_handle_error+0x2d4) [0x7fef603b11e4]
 1  /datasets/pentschev/miniconda3/envs/gdf/lib/libucs.so.0(+0x2e3bf) [0x7fef603b13bf]
 2  /datasets/pentschev/miniconda3/envs/gdf/lib/libucs.so.0(+0x2e6e4) [0x7fef603b16e4]
 3  /lib/x86_64-linux-gnu/libpthread.so.0(+0x12980) [0x7fefff0fe980]
 4  /datasets/pentschev/miniconda3/envs/gdf/lib/libucp.so.0(ucp_mem_type_unpack+0x14) [0x7fef60634914]
 5  /datasets/pentschev/miniconda3/envs/gdf/lib/libucp.so.0(ucp_rndv_data_handler+0x508) [0x7fef60664eb8]
 6  /datasets/pentschev/miniconda3/envs/gdf/lib/libuct.so.0(+0x207bf) [0x7fef601667bf]
 7  /datasets/pentschev/miniconda3/envs/gdf/lib/libuct.so.0(+0x20d94) [0x7fef60166d94]
 8  /datasets/pentschev/miniconda3/envs/gdf/lib/libuct.so.0(+0x231e8) [0x7fef601691e8]
 9  /datasets/pentschev/miniconda3/envs/gdf/lib/libucs.so.0(ucs_event_set_wait+0xb9) [0x7fef603bb8b9]
10  /datasets/pentschev/miniconda3/envs/gdf/lib/libuct.so.0(uct_tcp_iface_progress+0x7b) [0x7fef6016928b]
11  /datasets/pentschev/miniconda3/envs/gdf/lib/libucp.so.0(ucp_worker_progress+0x6a) [0x7fef606311fa]
12  /datasets/pentschev/miniconda3/envs/gdf/lib/python3.8/site-packages/ucp/_libs/ucx_api.cpython-38-x86_64-linux-gnu.so(+0x27ef9) [0x7fef608ecef9]
13  /datasets/pentschev/miniconda3/envs/gdf/bin/python(+0x131397) [0x563e525b3397]
14  /datasets/pentschev/miniconda3/envs/gdf/bin/python(PyObject_Call+0x2d2) [0x563e525c0172]
15  /datasets/pentschev/miniconda3/envs/gdf/bin/python(_PyEval_EvalFrameDefault+0x2150) [0x563e5259f870]
16  /datasets/pentschev/miniconda3/envs/gdf/bin/python(_PyEval_EvalCodeWithName+0x9f6) [0x563e5259cb76]
17  /datasets/pentschev/miniconda3/envs/gdf/bin/python(_PyFunction_Vectorcall+0x18c) [0x563e525ae33c]
18  /datasets/pentschev/miniconda3/envs/gdf/bin/python(_PyEval_EvalFrameDefault+0x67d) [0x563e5259dd9d]
19  /datasets/pentschev/miniconda3/envs/gdf/bin/python(+0x143ad0) [0x563e525c5ad0]
20  /datasets/pentschev/miniconda3/envs/gdf/lib/python3.8/lib-dynload/_asyncio.cpython-38-x86_64-linux-gnu.so(+0x700d) [0x7fefef02400d]
21  /datasets/pentschev/miniconda3/envs/gdf/bin/python(_PyObject_MakeTpCall+0x501) [0x563e525a6631]
22  /datasets/pentschev/miniconda3/envs/gdf/bin/python(+0xda441) [0x563e5255c441]
23  /datasets/pentschev/miniconda3/envs/gdf/bin/python(+0x1230c6) [0x563e525a50c6]
24  /datasets/pentschev/miniconda3/envs/gdf/bin/python(PyVectorcall_Call+0x6f) [0x563e525be0bf]
25  /datasets/pentschev/miniconda3/envs/gdf/bin/python(_PyEval_EvalFrameDefault+0x560e) [0x563e525a2d2e]
26  /datasets/pentschev/miniconda3/envs/gdf/bin/python(_PyFunction_Vectorcall+0xf6) [0x563e525ae2a6]
27  /datasets/pentschev/miniconda3/envs/gdf/bin/python(_PyEval_EvalFrameDefault+0x67d) [0x563e5259dd9d]
28  /datasets/pentschev/miniconda3/envs/gdf/bin/python(_PyFunction_Vectorcall+0xf6) [0x563e525ae2a6]
29  /datasets/pentschev/miniconda3/envs/gdf/bin/python(_PyEval_EvalFrameDefault+0x67d) [0x563e5259dd9d]
30  /datasets/pentschev/miniconda3/envs/gdf/bin/python(_PyFunction_Vectorcall+0xf6) [0x563e525ae2a6]
31  /datasets/pentschev/miniconda3/envs/gdf/bin/python(_PyEval_EvalFrameDefault+0x67d) [0x563e5259dd9d]
32  /datasets/pentschev/miniconda3/envs/gdf/bin/python(_PyFunction_Vectorcall+0xf6) [0x563e525ae2a6]
33  /datasets/pentschev/miniconda3/envs/gdf/bin/python(_PyEval_EvalFrameDefault+0x67d) [0x563e5259dd9d]
34  /datasets/pentschev/miniconda3/envs/gdf/bin/python(_PyEval_EvalCodeWithName+0x9f6) [0x563e5259cb76]
35  /datasets/pentschev/miniconda3/envs/gdf/bin/python(_PyFunction_Vectorcall+0x18c) [0x563e525ae33c]
36  /datasets/pentschev/miniconda3/envs/gdf/bin/python(_PyEval_EvalFrameDefault+0x67d) [0x563e5259dd9d]
37  /datasets/pentschev/miniconda3/envs/gdf/bin/python(_PyEval_EvalCodeWithName+0x9f6) [0x563e5259cb76]
38  /datasets/pentschev/miniconda3/envs/gdf/bin/python(_PyFunction_Vectorcall+0x18c) [0x563e525ae33c]
39  /datasets/pentschev/miniconda3/envs/gdf/bin/python(+0x13bc72) [0x563e525bdc72]
40  /datasets/pentschev/miniconda3/envs/gdf/bin/python(PyObject_Call+0x1fc) [0x563e525c009c]
41  /datasets/pentschev/miniconda3/envs/gdf/bin/python(_PyEval_EvalFrameDefault+0x2150) [0x563e5259f870]
42  /datasets/pentschev/miniconda3/envs/gdf/bin/python(_PyFunction_Vectorcall+0xf6) [0x563e525ae2a6]
43  /datasets/pentschev/miniconda3/envs/gdf/bin/python(+0x13bc72) [0x563e525bdc72]
44  /datasets/pentschev/miniconda3/envs/gdf/bin/python(PyObject_Call+0x2d2) [0x563e525c0172]
45  /datasets/pentschev/miniconda3/envs/gdf/bin/python(_PyEval_EvalFrameDefault+0x2150) [0x563e5259f870]
46  /datasets/pentschev/miniconda3/envs/gdf/bin/python(_PyFunction_Vectorcall+0xf6) [0x563e525ae2a6]
47  /datasets/pentschev/miniconda3/envs/gdf/bin/python(_PyEval_EvalFrameDefault+0x67d) [0x563e5259dd9d]
48  /datasets/pentschev/miniconda3/envs/gdf/bin/python(_PyEval_EvalCodeWithName+0x2e1) [0x563e5259c461]
49  /datasets/pentschev/miniconda3/envs/gdf/bin/python(_PyFunction_Vectorcall+0x18c) [0x563e525ae33c]
50  /datasets/pentschev/miniconda3/envs/gdf/bin/python(_PyEval_EvalFrameDefault+0x67d) [0x563e5259dd9d]
51  /datasets/pentschev/miniconda3/envs/gdf/bin/python(_PyFunction_Vectorcall+0xf6) [0x563e525ae2a6]
52  /datasets/pentschev/miniconda3/envs/gdf/bin/python(_PyEval_EvalFrameDefault+0x38b) [0x563e5259daab]
53  /datasets/pentschev/miniconda3/envs/gdf/bin/python(_PyEval_EvalCodeWithName+0x2e1) [0x563e5259c461]
54  /datasets/pentschev/miniconda3/envs/gdf/bin/python(_PyFunction_Vectorcall+0x18c) [0x563e525ae33c]
55  /datasets/pentschev/miniconda3/envs/gdf/bin/python(_PyEval_EvalFrameDefault+0x10e8) [0x563e5259e808]
56  /datasets/pentschev/miniconda3/envs/gdf/bin/python(_PyEval_EvalCodeWithName+0x2e1) [0x563e5259c461]
57  /datasets/pentschev/miniconda3/envs/gdf/bin/python(PyEval_EvalCodeEx+0x39) [0x563e5265bde9]
58  /datasets/pentschev/miniconda3/envs/gdf/bin/python(PyEval_EvalCode+0x1b) [0x563e5265bdab]
59  /datasets/pentschev/miniconda3/envs/gdf/bin/python(+0x1fa903) [0x563e5267c903]
60  /datasets/pentschev/miniconda3/envs/gdf/bin/python(+0x1f98e3) [0x563e5267b8e3]
61  /datasets/pentschev/miniconda3/envs/gdf/bin/python(PyRun_StringFlags+0x7d) [0x563e526792ad]
=================================
2022-11-03 00:57:20,679 - distributed.worker - ERROR - Worker stream died during communication: ucx://127.0.0.1:45431
Traceback (most recent call last):
  File "/datasets/pentschev/miniconda3/envs/gdf/lib/python3.8/site-packages/distributed/comm/ucx.py", line 333, in read
    await self.ep.recv(msg)
  File "/datasets/pentschev/miniconda3/envs/gdf/lib/python3.8/site-packages/ucp/core.py", line 725, in recv
    ret = await comm.tag_recv(self._ep, buffer, nbytes, tag, name=log)
ucp._libs.exceptions.UCXCanceled: <[Recv #003] ep: 0x7fb4739911c0, tag: 0x9c681630cf14ec31, nbytes: 16, type: <class 'numpy.ndarray'>>: 

During handling of the above exception, another exception occurred:

Traceback (most recent call last):
  File "/datasets/pentschev/miniconda3/envs/gdf/lib/python3.8/site-packages/distributed/worker.py", line 2055, in gather_dep
    response = await get_data_from_worker(
  File "/datasets/pentschev/miniconda3/envs/gdf/lib/python3.8/site-packages/distributed/worker.py", line 2844, in get_data_from_worker
    return await retry_operation(_get_data, operation="get_data_from_worker")
  File "/datasets/pentschev/miniconda3/envs/gdf/lib/python3.8/site-packages/distributed/utils_comm.py", line 383, in retry_operation
    return await retry(
  File "/datasets/pentschev/miniconda3/envs/gdf/lib/python3.8/site-packages/distributed/utils_comm.py", line 368, in retry
    return await coro()
  File "/datasets/pentschev/miniconda3/envs/gdf/lib/python3.8/site-packages/distributed/worker.py", line 2824, in _get_data
    response = await send_recv(
  File "/datasets/pentschev/miniconda3/envs/gdf/lib/python3.8/site-packages/distributed/core.py", line 920, in send_recv
    response = await comm.read(deserializers=deserializers)
  File "/datasets/pentschev/miniconda3/envs/gdf/lib/python3.8/site-packages/distributed/utils.py", line 742, in wrapper
    return await func(*args, **kwargs)
  File "/datasets/pentschev/miniconda3/envs/gdf/lib/python3.8/site-packages/distributed/comm/ucx.py", line 351, in read
    raise CommClosedError(
distributed.comm.core.CommClosedError: Connection closed by writer.
Inner exception: UCXCanceled("<[Recv #003] ep: 0x7fb4739911c0, tag: 0x9c681630cf14ec31, nbytes: 16, type: <class 'numpy.ndarray'>>: ")
Task exception was never retrieved
future: <Task finished name='Task-921' coro=<_listener_handler_coroutine() done, defined at /datasets/pentschev/miniconda3/envs/gdf/lib/python3.8/site-packages/ucp/core.py:128> exception=UCXError('<stream_recv>: Connection reset by remote peer')>
Traceback (most recent call last):
  File "/datasets/pentschev/miniconda3/envs/gdf/lib/python3.8/site-packages/ucp/core.py", line 143, in _listener_handler_coroutine
    peer_info = await exchange_peer_info(
  File "/datasets/pentschev/miniconda3/envs/gdf/lib/python3.8/site-packages/ucp/core.py", line 52, in exchange_peer_info
    await comm.stream_recv(endpoint, peer_info_arr, peer_info_arr.nbytes)
ucp._libs.exceptions.UCXError: <stream_recv>: Connection reset by remote peer
2022-11-03 00:57:20,713 - distributed.worker - ERROR - Worker stream died during communication: ucx://127.0.0.1:45431
Traceback (most recent call last):
  File "/datasets/pentschev/miniconda3/envs/gdf/lib/python3.8/site-packages/distributed/comm/ucx.py", line 375, in read
    await self.ep.recv(each_frame)
  File "/datasets/pentschev/miniconda3/envs/gdf/lib/python3.8/site-packages/ucp/core.py", line 725, in recv
    ret = await comm.tag_recv(self._ep, buffer, nbytes, tag, name=log)
ucp._libs.exceptions.UCXError: <[Recv #007] ep: 0x7f85ec0011c0, tag: 0xf8ea08fd5a791d0c, nbytes: 100000000, type: <class 'rmm._lib.device_buffer.DeviceBuffer'>>: Connection reset by remote peer

During handling of the above exception, another exception occurred:

Traceback (most recent call last):
  File "/datasets/pentschev/miniconda3/envs/gdf/lib/python3.8/site-packages/distributed/worker.py", line 2055, in gather_dep
    response = await get_data_from_worker(
  File "/datasets/pentschev/miniconda3/envs/gdf/lib/python3.8/site-packages/distributed/worker.py", line 2844, in get_data_from_worker
    return await retry_operation(_get_data, operation="get_data_from_worker")
  File "/datasets/pentschev/miniconda3/envs/gdf/lib/python3.8/site-packages/distributed/utils_comm.py", line 383, in retry_operation
    return await retry(
  File "/datasets/pentschev/miniconda3/envs/gdf/lib/python3.8/site-packages/distributed/utils_comm.py", line 368, in retry
    return await coro()
  File "/datasets/pentschev/miniconda3/envs/gdf/lib/python3.8/site-packages/distributed/worker.py", line 2824, in _get_data
    response = await send_recv(
  File "/datasets/pentschev/miniconda3/envs/gdf/lib/python3.8/site-packages/distributed/core.py", line 920, in send_recv
    response = await comm.read(deserializers=deserializers)
  File "/datasets/pentschev/miniconda3/envs/gdf/lib/python3.8/site-packages/distributed/utils.py", line 742, in wrapper
    return await func(*args, **kwargs)
  File "/datasets/pentschev/miniconda3/envs/gdf/lib/python3.8/site-packages/distributed/comm/ucx.py", line 381, in read
    raise CommClosedError(
distributed.comm.core.CommClosedError: Connection closed by writer.
Inner exception: UCXError("<[Recv #007] ep: 0x7f85ec0011c0, tag: 0xf8ea08fd5a791d0c, nbytes: 100000000, type: <class 'rmm._lib.device_buffer.DeviceBuffer'>>: Connection reset by remote peer")
2022-11-03 00:57:20,714 - distributed.worker - ERROR - Worker stream died during communication: ucx://127.0.0.1:40447
Traceback (most recent call last):
  File "/datasets/pentschev/miniconda3/envs/gdf/lib/python3.8/site-packages/distributed/comm/ucx.py", line 375, in read
    await self.ep.recv(each_frame)
  File "/datasets/pentschev/miniconda3/envs/gdf/lib/python3.8/site-packages/ucp/core.py", line 725, in recv
    ret = await comm.tag_recv(self._ep, buffer, nbytes, tag, name=log)
ucp._libs.exceptions.UCXCanceled: <[Recv #016] ep: 0x7f85ec001140, tag: 0xe1e0c22349b8f560, nbytes: 100000000, type: <class 'rmm._lib.device_buffer.DeviceBuffer'>>: 

During handling of the above exception, another exception occurred:

Traceback (most recent call last):
  File "/datasets/pentschev/miniconda3/envs/gdf/lib/python3.8/site-packages/distributed/worker.py", line 2055, in gather_dep
    response = await get_data_from_worker(
  File "/datasets/pentschev/miniconda3/envs/gdf/lib/python3.8/site-packages/distributed/worker.py", line 2844, in get_data_from_worker
    return await retry_operation(_get_data, operation="get_data_from_worker")
  File "/datasets/pentschev/miniconda3/envs/gdf/lib/python3.8/site-packages/distributed/utils_comm.py", line 383, in retry_operation
    return await retry(
  File "/datasets/pentschev/miniconda3/envs/gdf/lib/python3.8/site-packages/distributed/utils_comm.py", line 368, in retry
    return await coro()
  File "/datasets/pentschev/miniconda3/envs/gdf/lib/python3.8/site-packages/distributed/worker.py", line 2824, in _get_data
    response = await send_recv(
  File "/datasets/pentschev/miniconda3/envs/gdf/lib/python3.8/site-packages/distributed/core.py", line 920, in send_recv
    response = await comm.read(deserializers=deserializers)
  File "/datasets/pentschev/miniconda3/envs/gdf/lib/python3.8/site-packages/distributed/utils.py", line 742, in wrapper
    return await func(*args, **kwargs)
  File "/datasets/pentschev/miniconda3/envs/gdf/lib/python3.8/site-packages/distributed/comm/ucx.py", line 381, in read
    raise CommClosedError(
distributed.comm.core.CommClosedError: Connection closed by writer.
Inner exception: UCXCanceled("<[Recv #016] ep: 0x7f85ec001140, tag: 0xe1e0c22349b8f560, nbytes: 100000000, type: <class 'rmm._lib.device_buffer.DeviceBuffer'>>: ")
Task exception was never retrieved
future: <Task finished name='Task-920' coro=<_listener_handler_coroutine() done, defined at /datasets/pentschev/miniconda3/envs/gdf/lib/python3.8/site-packages/ucp/core.py:128> exception=UCXError('<stream_recv>: Connection reset by remote peer')>
Traceback (most recent call last):
  File "/datasets/pentschev/miniconda3/envs/gdf/lib/python3.8/site-packages/ucp/core.py", line 143, in _listener_handler_coroutine
    peer_info = await exchange_peer_info(
  File "/datasets/pentschev/miniconda3/envs/gdf/lib/python3.8/site-packages/ucp/core.py", line 52, in exchange_peer_info
    await comm.stream_recv(endpoint, peer_info_arr, peer_info_arr.nbytes)
ucp._libs.exceptions.UCXError: <stream_recv>: Connection reset by remote peer
2022-11-03 00:57:20,715 - distributed.worker - ERROR - Worker stream died during communication: ucx://127.0.0.1:40447
Traceback (most recent call last):
  File "/datasets/pentschev/miniconda3/envs/gdf/lib/python3.8/site-packages/distributed/comm/ucx.py", line 333, in read
    await self.ep.recv(msg)
  File "/datasets/pentschev/miniconda3/envs/gdf/lib/python3.8/site-packages/ucp/core.py", line 725, in recv
    ret = await comm.tag_recv(self._ep, buffer, nbytes, tag, name=log)
ucp._libs.exceptions.UCXCanceled: <[Recv #003] ep: 0x7f77f807e140, tag: 0x4f1a7e59b5991013, nbytes: 16, type: <class 'numpy.ndarray'>>: 

During handling of the above exception, another exception occurred:

Traceback (most recent call last):
  File "/datasets/pentschev/miniconda3/envs/gdf/lib/python3.8/site-packages/distributed/worker.py", line 2055, in gather_dep
    response = await get_data_from_worker(
  File "/datasets/pentschev/miniconda3/envs/gdf/lib/python3.8/site-packages/distributed/worker.py", line 2844, in get_data_from_worker
    return await retry_operation(_get_data, operation="get_data_from_worker")
  File "/datasets/pentschev/miniconda3/envs/gdf/lib/python3.8/site-packages/distributed/utils_comm.py", line 383, in retry_operation
    return await retry(
  File "/datasets/pentschev/miniconda3/envs/gdf/lib/python3.8/site-packages/distributed/utils_comm.py", line 368, in retry
    return await coro()
  File "/datasets/pentschev/miniconda3/envs/gdf/lib/python3.8/site-packages/distributed/worker.py", line 2824, in _get_data
    response = await send_recv(
  File "/datasets/pentschev/miniconda3/envs/gdf/lib/python3.8/site-packages/distributed/core.py", line 920, in send_recv
    response = await comm.read(deserializers=deserializers)
  File "/datasets/pentschev/miniconda3/envs/gdf/lib/python3.8/site-packages/distributed/utils.py", line 742, in wrapper
    return await func(*args, **kwargs)
  File "/datasets/pentschev/miniconda3/envs/gdf/lib/python3.8/site-packages/distributed/comm/ucx.py", line 351, in read
    raise CommClosedError(
distributed.comm.core.CommClosedError: Connection closed by writer.
Inner exception: UCXCanceled("<[Recv #003] ep: 0x7f77f807e140, tag: 0x4f1a7e59b5991013, nbytes: 16, type: <class 'numpy.ndarray'>>: ")
2022-11-03 00:57:20,717 - distributed.worker - ERROR - Worker stream died during communication: ucx://127.0.0.1:45431
Traceback (most recent call last):
  File "/datasets/pentschev/miniconda3/envs/gdf/lib/python3.8/site-packages/distributed/comm/ucx.py", line 333, in read
    await self.ep.recv(msg)
  File "/datasets/pentschev/miniconda3/envs/gdf/lib/python3.8/site-packages/ucp/core.py", line 725, in recv
    ret = await comm.tag_recv(self._ep, buffer, nbytes, tag, name=log)
ucp._libs.exceptions.UCXCanceled: <[Recv #003] ep: 0x7f77f807e1c0, tag: 0xff2f8dfae7fcc708, nbytes: 16, type: <class 'numpy.ndarray'>>: 

During handling of the above exception, another exception occurred:

Traceback (most recent call last):
  File "/datasets/pentschev/miniconda3/envs/gdf/lib/python3.8/site-packages/distributed/worker.py", line 2055, in gather_dep
    response = await get_data_from_worker(
  File "/datasets/pentschev/miniconda3/envs/gdf/lib/python3.8/site-packages/distributed/worker.py", line 2844, in get_data_from_worker
    return await retry_operation(_get_data, operation="get_data_from_worker")
  File "/datasets/pentschev/miniconda3/envs/gdf/lib/python3.8/site-packages/distributed/utils_comm.py", line 383, in retry_operation
    return await retry(
  File "/datasets/pentschev/miniconda3/envs/gdf/lib/python3.8/site-packages/distributed/utils_comm.py", line 368, in retry
    return await coro()
  File "/datasets/pentschev/miniconda3/envs/gdf/lib/python3.8/site-packages/distributed/worker.py", line 2824, in _get_data
    response = await send_recv(
  File "/datasets/pentschev/miniconda3/envs/gdf/lib/python3.8/site-packages/distributed/core.py", line 920, in send_recv
    response = await comm.read(deserializers=deserializers)
  File "/datasets/pentschev/miniconda3/envs/gdf/lib/python3.8/site-packages/distributed/utils.py", line 742, in wrapper
    return await func(*args, **kwargs)
  File "/datasets/pentschev/miniconda3/envs/gdf/lib/python3.8/site-packages/distributed/comm/ucx.py", line 351, in read
    raise CommClosedError(
distributed.comm.core.CommClosedError: Connection closed by writer.
Inner exception: UCXCanceled("<[Recv #003] ep: 0x7f77f807e1c0, tag: 0xff2f8dfae7fcc708, nbytes: 16, type: <class 'numpy.ndarray'>>: ")
2022-11-03 00:57:20,728 - distributed.worker - ERROR - Worker stream died during communication: ucx://127.0.0.1:45431
Traceback (most recent call last):
  File "/datasets/pentschev/miniconda3/envs/gdf/lib/python3.8/site-packages/distributed/comm/ucx.py", line 375, in read
    await self.ep.recv(each_frame)
  File "/datasets/pentschev/miniconda3/envs/gdf/lib/python3.8/site-packages/ucp/core.py", line 725, in recv
    ret = await comm.tag_recv(self._ep, buffer, nbytes, tag, name=log)
ucp._libs.exceptions.UCXCanceled: <[Recv #008] ep: 0x7f108296e140, tag: 0xfe5c1cba76a85c82, nbytes: 100000000, type: <class 'rmm._lib.device_buffer.DeviceBuffer'>>: 

During handling of the above exception, another exception occurred:

Traceback (most recent call last):
  File "/datasets/pentschev/miniconda3/envs/gdf/lib/python3.8/site-packages/distributed/worker.py", line 2055, in gather_dep
    response = await get_data_from_worker(
  File "/datasets/pentschev/miniconda3/envs/gdf/lib/python3.8/site-packages/distributed/worker.py", line 2844, in get_data_from_worker
    return await retry_operation(_get_data, operation="get_data_from_worker")
  File "/datasets/pentschev/miniconda3/envs/gdf/lib/python3.8/site-packages/distributed/utils_comm.py", line 383, in retry_operation
    return await retry(
  File "/datasets/pentschev/miniconda3/envs/gdf/lib/python3.8/site-packages/distributed/utils_comm.py", line 368, in retry
    return await coro()
  File "/datasets/pentschev/miniconda3/envs/gdf/lib/python3.8/site-packages/distributed/worker.py", line 2824, in _get_data
    response = await send_recv(
  File "/datasets/pentschev/miniconda3/envs/gdf/lib/python3.8/site-packages/distributed/core.py", line 920, in send_recv
    response = await comm.read(deserializers=deserializers)
  File "/datasets/pentschev/miniconda3/envs/gdf/lib/python3.8/site-packages/distributed/utils.py", line 742, in wrapper
    return await func(*args, **kwargs)
  File "/datasets/pentschev/miniconda3/envs/gdf/lib/python3.8/site-packages/distributed/comm/ucx.py", line 381, in read
    raise CommClosedError(
distributed.comm.core.CommClosedError: Connection closed by writer.
Inner exception: UCXCanceled("<[Recv #008] ep: 0x7f108296e140, tag: 0xfe5c1cba76a85c82, nbytes: 100000000, type: <class 'rmm._lib.device_buffer.DeviceBuffer'>>: ")
2022-11-03 00:57:20,731 - distributed.worker - ERROR - Worker stream died during communication: ucx://127.0.0.1:40447
Traceback (most recent call last):
  File "/datasets/pentschev/miniconda3/envs/gdf/lib/python3.8/site-packages/distributed/comm/ucx.py", line 375, in read
    await self.ep.recv(each_frame)
  File "/datasets/pentschev/miniconda3/envs/gdf/lib/python3.8/site-packages/ucp/core.py", line 725, in recv
    ret = await comm.tag_recv(self._ep, buffer, nbytes, tag, name=log)
ucp._libs.exceptions.UCXCanceled: <[Recv #009] ep: 0x7f108296e100, tag: 0x52564f1b8471ef5d, nbytes: 100000000, type: <class 'rmm._lib.device_buffer.DeviceBuffer'>>: 

During handling of the above exception, another exception occurred:

Traceback (most recent call last):
  File "/datasets/pentschev/miniconda3/envs/gdf/lib/python3.8/site-packages/distributed/worker.py", line 2055, in gather_dep
    response = await get_data_from_worker(
  File "/datasets/pentschev/miniconda3/envs/gdf/lib/python3.8/site-packages/distributed/worker.py", line 2844, in get_data_from_worker
    return await retry_operation(_get_data, operation="get_data_from_worker")
  File "/datasets/pentschev/miniconda3/envs/gdf/lib/python3.8/site-packages/distributed/utils_comm.py", line 383, in retry_operation
    return await retry(
  File "/datasets/pentschev/miniconda3/envs/gdf/lib/python3.8/site-packages/distributed/utils_comm.py", line 368, in retry
    return await coro()
  File "/datasets/pentschev/miniconda3/envs/gdf/lib/python3.8/site-packages/distributed/worker.py", line 2824, in _get_data
    response = await send_recv(
  File "/datasets/pentschev/miniconda3/envs/gdf/lib/python3.8/site-packages/distributed/core.py", line 920, in send_recv
    response = await comm.read(deserializers=deserializers)
  File "/datasets/pentschev/miniconda3/envs/gdf/lib/python3.8/site-packages/distributed/utils.py", line 742, in wrapper
    return await func(*args, **kwargs)
  File "/datasets/pentschev/miniconda3/envs/gdf/lib/python3.8/site-packages/distributed/comm/ucx.py", line 381, in read
    raise CommClosedError(
distributed.comm.core.CommClosedError: Connection closed by writer.
Inner exception: UCXCanceled("<[Recv #009] ep: 0x7f108296e100, tag: 0x52564f1b8471ef5d, nbytes: 100000000, type: <class 'rmm._lib.device_buffer.DeviceBuffer'>>: ")
2022-11-03 00:57:20,707 - distributed.worker - ERROR - Worker stream died during communication: ucx://127.0.0.1:40447
Traceback (most recent call last):
  File "/datasets/pentschev/miniconda3/envs/gdf/lib/python3.8/site-packages/distributed/comm/ucx.py", line 375, in read
    await self.ep.recv(each_frame)
  File "/datasets/pentschev/miniconda3/envs/gdf/lib/python3.8/site-packages/ucp/core.py", line 725, in recv
    ret = await comm.tag_recv(self._ep, buffer, nbytes, tag, name=log)
ucp._libs.exceptions.UCXError: <[Recv #007] ep: 0x7fb473991140, tag: 0xd23c6a4c129f755c, nbytes: 100000000, type: <class 'rmm._lib.device_buffer.DeviceBuffer'>>: Connection reset by remote peer

During handling of the above exception, another exception occurred:

Traceback (most recent call last):
  File "/datasets/pentschev/miniconda3/envs/gdf/lib/python3.8/site-packages/distributed/worker.py", line 2055, in gather_dep
    response = await get_data_from_worker(
  File "/datasets/pentschev/miniconda3/envs/gdf/lib/python3.8/site-packages/distributed/worker.py", line 2844, in get_data_from_worker
    return await retry_operation(_get_data, operation="get_data_from_worker")
  File "/datasets/pentschev/miniconda3/envs/gdf/lib/python3.8/site-packages/distributed/utils_comm.py", line 383, in retry_operation
    return await retry(
  File "/datasets/pentschev/miniconda3/envs/gdf/lib/python3.8/site-packages/distributed/utils_comm.py", line 368, in retry
    return await coro()
  File "/datasets/pentschev/miniconda3/envs/gdf/lib/python3.8/site-packages/distributed/worker.py", line 2824, in _get_data
    response = await send_recv(
  File "/datasets/pentschev/miniconda3/envs/gdf/lib/python3.8/site-packages/distributed/core.py", line 920, in send_recv
    response = await comm.read(deserializers=deserializers)
  File "/datasets/pentschev/miniconda3/envs/gdf/lib/python3.8/site-packages/distributed/utils.py", line 742, in wrapper
    return await func(*args, **kwargs)
  File "/datasets/pentschev/miniconda3/envs/gdf/lib/python3.8/site-packages/distributed/comm/ucx.py", line 381, in read
    raise CommClosedError(
distributed.comm.core.CommClosedError: Connection closed by writer.
Inner exception: UCXError("<[Recv #007] ep: 0x7fb473991140, tag: 0xd23c6a4c129f755c, nbytes: 100000000, type: <class 'rmm._lib.device_buffer.DeviceBuffer'>>: Connection reset by remote peer")
2022-11-03 00:57:20,760 - distributed.nanny - WARNING - Restarting worker
2022-11-03 00:57:20,813 - distributed.nanny - WARNING - Restarting worker
[dgx13:33687:0:33687] Caught signal 11 (Segmentation fault: address not mapped to object at address 0x12023257c58)
==== backtrace (tid:  33687) ====
 0  /datasets/pentschev/miniconda3/envs/gdf/lib/libucs.so.0(ucs_handle_error+0x2d4) [0x7f85d983a1e4]
 1  /datasets/pentschev/miniconda3/envs/gdf/lib/libucs.so.0(+0x2e3bf) [0x7f85d983a3bf]
 2  /datasets/pentschev/miniconda3/envs/gdf/lib/libucs.so.0(+0x2e6e4) [0x7f85d983a6e4]
 3  /lib/x86_64-linux-gnu/libpthread.so.0(+0x12980) [0x7f86786ee980]
 4  /datasets/pentschev/miniconda3/envs/gdf/lib/libucp.so.0(ucp_mem_type_unpack+0x14) [0x7f85d9abd914]
 5  /datasets/pentschev/miniconda3/envs/gdf/lib/libucp.so.0(ucp_rndv_data_handler+0x508) [0x7f85d9aedeb8]
 6  /datasets/pentschev/miniconda3/envs/gdf/lib/libuct.so.0(+0x207bf) [0x7f85d95ef7bf]
 7  /datasets/pentschev/miniconda3/envs/gdf/lib/libuct.so.0(+0x20d94) [0x7f85d95efd94]
 8  /datasets/pentschev/miniconda3/envs/gdf/lib/libuct.so.0(+0x231e8) [0x7f85d95f21e8]
 9  /datasets/pentschev/miniconda3/envs/gdf/lib/libucs.so.0(ucs_event_set_wait+0xb9) [0x7f85d98448b9]
10  /datasets/pentschev/miniconda3/envs/gdf/lib/libuct.so.0(uct_tcp_iface_progress+0x7b) [0x7f85d95f228b]
11  /datasets/pentschev/miniconda3/envs/gdf/lib/libucp.so.0(ucp_worker_progress+0x6a) [0x7f85d9aba1fa]
12  /datasets/pentschev/miniconda3/envs/gdf/lib/python3.8/site-packages/ucp/_libs/ucx_api.cpython-38-x86_64-linux-gnu.so(+0x27ef9) [0x7f85d9d75ef9]
13  /datasets/pentschev/miniconda3/envs/gdf/bin/python(+0x131397) [0x557d313fb397]
14  /datasets/pentschev/miniconda3/envs/gdf/bin/python(PyObject_Call+0x2d2) [0x557d31408172]
15  /datasets/pentschev/miniconda3/envs/gdf/bin/python(_PyEval_EvalFrameDefault+0x2150) [0x557d313e7870]
16  /datasets/pentschev/miniconda3/envs/gdf/bin/python(_PyEval_EvalCodeWithName+0x9f6) [0x557d313e4b76]
17  /datasets/pentschev/miniconda3/envs/gdf/bin/python(_PyFunction_Vectorcall+0x18c) [0x557d313f633c]
18  /datasets/pentschev/miniconda3/envs/gdf/bin/python(_PyEval_EvalFrameDefault+0x67d) [0x557d313e5d9d]
19  /datasets/pentschev/miniconda3/envs/gdf/bin/python(_PyFunction_Vectorcall+0xf6) [0x557d313f62a6]
20  /datasets/pentschev/miniconda3/envs/gdf/bin/python(+0x13ba3b) [0x557d31405a3b]
21  /datasets/pentschev/miniconda3/envs/gdf/bin/python(+0x244c6a) [0x557d3150ec6a]
22  /datasets/pentschev/miniconda3/envs/gdf/bin/python(+0xda441) [0x557d313a4441]
23  /datasets/pentschev/miniconda3/envs/gdf/bin/python(+0x1230c6) [0x557d313ed0c6]
24  /datasets/pentschev/miniconda3/envs/gdf/bin/python(PyVectorcall_Call+0x6f) [0x557d314060bf]
25  /datasets/pentschev/miniconda3/envs/gdf/bin/python(_PyEval_EvalFrameDefault+0x560e) [0x557d313ead2e]
26  /datasets/pentschev/miniconda3/envs/gdf/bin/python(_PyFunction_Vectorcall+0xf6) [0x557d313f62a6]
27  /datasets/pentschev/miniconda3/envs/gdf/bin/python(_PyEval_EvalFrameDefault+0x67d) [0x557d313e5d9d]
28  /datasets/pentschev/miniconda3/envs/gdf/bin/python(_PyFunction_Vectorcall+0xf6) [0x557d313f62a6]
29  /datasets/pentschev/miniconda3/envs/gdf/bin/python(_PyEval_EvalFrameDefault+0x67d) [0x557d313e5d9d]
30  /datasets/pentschev/miniconda3/envs/gdf/bin/python(_PyFunction_Vectorcall+0xf6) [0x557d313f62a6]
31  /datasets/pentschev/miniconda3/envs/gdf/bin/python(_PyEval_EvalFrameDefault+0x67d) [0x557d313e5d9d]
32  /datasets/pentschev/miniconda3/envs/gdf/bin/python(_PyFunction_Vectorcall+0xf6) [0x557d313f62a6]
33  /datasets/pentschev/miniconda3/envs/gdf/bin/python(_PyEval_EvalFrameDefault+0x67d) [0x557d313e5d9d]
34  /datasets/pentschev/miniconda3/envs/gdf/bin/python(_PyEval_EvalCodeWithName+0x9f6) [0x557d313e4b76]
35  /datasets/pentschev/miniconda3/envs/gdf/bin/python(_PyFunction_Vectorcall+0x18c) [0x557d313f633c]
36  /datasets/pentschev/miniconda3/envs/gdf/bin/python(_PyEval_EvalFrameDefault+0x67d) [0x557d313e5d9d]
37  /datasets/pentschev/miniconda3/envs/gdf/bin/python(_PyEval_EvalCodeWithName+0x9f6) [0x557d313e4b76]
38  /datasets/pentschev/miniconda3/envs/gdf/bin/python(_PyFunction_Vectorcall+0x18c) [0x557d313f633c]
39  /datasets/pentschev/miniconda3/envs/gdf/bin/python(+0x13bc72) [0x557d31405c72]
40  /datasets/pentschev/miniconda3/envs/gdf/bin/python(PyObject_Call+0x1fc) [0x557d3140809c]
41  /datasets/pentschev/miniconda3/envs/gdf/bin/python(_PyEval_EvalFrameDefault+0x2150) [0x557d313e7870]
42  /datasets/pentschev/miniconda3/envs/gdf/bin/python(_PyFunction_Vectorcall+0xf6) [0x557d313f62a6]
43  /datasets/pentschev/miniconda3/envs/gdf/bin/python(+0x13bc72) [0x557d31405c72]
44  /datasets/pentschev/miniconda3/envs/gdf/bin/python(PyObject_Call+0x2d2) [0x557d31408172]
45  /datasets/pentschev/miniconda3/envs/gdf/bin/python(_PyEval_EvalFrameDefault+0x2150) [0x557d313e7870]
46  /datasets/pentschev/miniconda3/envs/gdf/bin/python(_PyFunction_Vectorcall+0xf6) [0x557d313f62a6]
47  /datasets/pentschev/miniconda3/envs/gdf/bin/python(_PyEval_EvalFrameDefault+0x67d) [0x557d313e5d9d]
48  /datasets/pentschev/miniconda3/envs/gdf/bin/python(_PyEval_EvalCodeWithName+0x2e1) [0x557d313e4461]
49  /datasets/pentschev/miniconda3/envs/gdf/bin/python(_PyFunction_Vectorcall+0x18c) [0x557d313f633c]
50  /datasets/pentschev/miniconda3/envs/gdf/bin/python(_PyEval_EvalFrameDefault+0x67d) [0x557d313e5d9d]
51  /datasets/pentschev/miniconda3/envs/gdf/bin/python(_PyFunction_Vectorcall+0xf6) [0x557d313f62a6]
52  /datasets/pentschev/miniconda3/envs/gdf/bin/python(_PyEval_EvalFrameDefault+0x38b) [0x557d313e5aab]
53  /datasets/pentschev/miniconda3/envs/gdf/bin/python(_PyEval_EvalCodeWithName+0x2e1) [0x557d313e4461]
54  /datasets/pentschev/miniconda3/envs/gdf/bin/python(_PyFunction_Vectorcall+0x18c) [0x557d313f633c]
55  /datasets/pentschev/miniconda3/envs/gdf/bin/python(_PyEval_EvalFrameDefault+0x10e8) [0x557d313e6808]
56  /datasets/pentschev/miniconda3/envs/gdf/bin/python(_PyEval_EvalCodeWithName+0x2e1) [0x557d313e4461]
57  /datasets/pentschev/miniconda3/envs/gdf/bin/python(PyEval_EvalCodeEx+0x39) [0x557d314a3de9]
58  /datasets/pentschev/miniconda3/envs/gdf/bin/python(PyEval_EvalCode+0x1b) [0x557d314a3dab]
59  /datasets/pentschev/miniconda3/envs/gdf/bin/python(+0x1fa903) [0x557d314c4903]
60  /datasets/pentschev/miniconda3/envs/gdf/bin/python(+0x1f98e3) [0x557d314c38e3]
61  /datasets/pentschev/miniconda3/envs/gdf/bin/python(PyRun_StringFlags+0x7d) [0x557d314c12ad]
=================================
[dgx13:33707:0:33707] Caught signal 11 (Segmentation fault: address not mapped to object at address 0x76100d067c5e)
==== backtrace (tid:  33707) ====
 0  /datasets/pentschev/miniconda3/envs/gdf/lib/libucs.so.0(ucs_handle_error+0x2d4) [0x7f10b10391e4]
 1  /datasets/pentschev/miniconda3/envs/gdf/lib/libucs.so.0(+0x2e3bf) [0x7f10b10393bf]
 2  /datasets/pentschev/miniconda3/envs/gdf/lib/libucs.so.0(+0x2e6e4) [0x7f10b10396e4]
 3  /lib/x86_64-linux-gnu/libpthread.so.0(+0x12980) [0x7f114fdf9980]
 4  /datasets/pentschev/miniconda3/envs/gdf/lib/libucp.so.0(ucp_mem_type_unpack+0x14) [0x7f10b12bc914]
 5  /datasets/pentschev/miniconda3/envs/gdf/lib/libucp.so.0(ucp_rndv_data_handler+0x508) [0x7f10b12eceb8]
 6  /datasets/pentschev/miniconda3/envs/gdf/lib/libuct.so.0(+0x207bf) [0x7f10b0dee7bf]
 7  /datasets/pentschev/miniconda3/envs/gdf/lib/libuct.so.0(+0x20d94) [0x7f10b0deed94]
 8  /datasets/pentschev/miniconda3/envs/gdf/lib/libuct.so.0(+0x231e8) [0x7f10b0df11e8]
 9  /datasets/pentschev/miniconda3/envs/gdf/lib/libucs.so.0(ucs_event_set_wait+0xb9) [0x7f10b10438b9]
10  /datasets/pentschev/miniconda3/envs/gdf/lib/libuct.so.0(uct_tcp_iface_progress+0x7b) [0x7f10b0df128b]
11  /datasets/pentschev/miniconda3/envs/gdf/lib/libucp.so.0(ucp_worker_progress+0x6a) [0x7f10b12b91fa]
12  /datasets/pentschev/miniconda3/envs/gdf/lib/python3.8/site-packages/ucp/_libs/ucx_api.cpython-38-x86_64-linux-gnu.so(+0x27ef9) [0x7f10b1574ef9]
13  /datasets/pentschev/miniconda3/envs/gdf/bin/python(+0x131397) [0x55a851b46397]
14  /datasets/pentschev/miniconda3/envs/gdf/bin/python(PyObject_Call+0x2d2) [0x55a851b53172]
15  /datasets/pentschev/miniconda3/envs/gdf/bin/python(_PyEval_EvalFrameDefault+0x2150) [0x55a851b32870]
16  /datasets/pentschev/miniconda3/envs/gdf/bin/python(_PyEval_EvalCodeWithName+0x9f6) [0x55a851b2fb76]
17  /datasets/pentschev/miniconda3/envs/gdf/bin/python(_PyFunction_Vectorcall+0x18c) [0x55a851b4133c]
18  /datasets/pentschev/miniconda3/envs/gdf/bin/python(_PyEval_EvalFrameDefault+0x67d) [0x55a851b30d9d]
19  /datasets/pentschev/miniconda3/envs/gdf/bin/python(+0x143ad0) [0x55a851b58ad0]
20  /datasets/pentschev/miniconda3/envs/gdf/lib/python3.8/lib-dynload/_asyncio.cpython-38-x86_64-linux-gnu.so(+0x700d) [0x7f114400d00d]
21  /datasets/pentschev/miniconda3/envs/gdf/bin/python(_PyObject_MakeTpCall+0x501) [0x55a851b39631]
22  /datasets/pentschev/miniconda3/envs/gdf/bin/python(+0xda441) [0x55a851aef441]
23  /datasets/pentschev/miniconda3/envs/gdf/bin/python(+0x1230c6) [0x55a851b380c6]
24  /datasets/pentschev/miniconda3/envs/gdf/bin/python(PyVectorcall_Call+0x6f) [0x55a851b510bf]
25  /datasets/pentschev/miniconda3/envs/gdf/bin/python(_PyEval_EvalFrameDefault+0x560e) [0x55a851b35d2e]
26  /datasets/pentschev/miniconda3/envs/gdf/bin/python(_PyFunction_Vectorcall+0xf6) [0x55a851b412a6]
27  /datasets/pentschev/miniconda3/envs/gdf/bin/python(_PyEval_EvalFrameDefault+0x67d) [0x55a851b30d9d]
28  /datasets/pentschev/miniconda3/envs/gdf/bin/python(_PyFunction_Vectorcall+0xf6) [0x55a851b412a6]
29  /datasets/pentschev/miniconda3/envs/gdf/bin/python(_PyEval_EvalFrameDefault+0x67d) [0x55a851b30d9d]
30  /datasets/pentschev/miniconda3/envs/gdf/bin/python(_PyFunction_Vectorcall+0xf6) [0x55a851b412a6]
31  /datasets/pentschev/miniconda3/envs/gdf/bin/python(_PyEval_EvalFrameDefault+0x67d) [0x55a851b30d9d]
32  /datasets/pentschev/miniconda3/envs/gdf/bin/python(_PyFunction_Vectorcall+0xf6) [0x55a851b412a6]
33  /datasets/pentschev/miniconda3/envs/gdf/bin/python(_PyEval_EvalFrameDefault+0x67d) [0x55a851b30d9d]
34  /datasets/pentschev/miniconda3/envs/gdf/bin/python(_PyEval_EvalCodeWithName+0x9f6) [0x55a851b2fb76]
35  /datasets/pentschev/miniconda3/envs/gdf/bin/python(_PyFunction_Vectorcall+0x18c) [0x55a851b4133c]
36  /datasets/pentschev/miniconda3/envs/gdf/bin/python(_PyEval_EvalFrameDefault+0x67d) [0x55a851b30d9d]
37  /datasets/pentschev/miniconda3/envs/gdf/bin/python(_PyEval_EvalCodeWithName+0x9f6) [0x55a851b2fb76]
38  /datasets/pentschev/miniconda3/envs/gdf/bin/python(_PyFunction_Vectorcall+0x18c) [0x55a851b4133c]
39  /datasets/pentschev/miniconda3/envs/gdf/bin/python(+0x13bc72) [0x55a851b50c72]
40  /datasets/pentschev/miniconda3/envs/gdf/bin/python(PyObject_Call+0x1fc) [0x55a851b5309c]
41  /datasets/pentschev/miniconda3/envs/gdf/bin/python(_PyEval_EvalFrameDefault+0x2150) [0x55a851b32870]
42  /datasets/pentschev/miniconda3/envs/gdf/bin/python(_PyFunction_Vectorcall+0xf6) [0x55a851b412a6]
43  /datasets/pentschev/miniconda3/envs/gdf/bin/python(+0x13bc72) [0x55a851b50c72]
44  /datasets/pentschev/miniconda3/envs/gdf/bin/python(PyObject_Call+0x2d2) [0x55a851b53172]
45  /datasets/pentschev/miniconda3/envs/gdf/bin/python(_PyEval_EvalFrameDefault+0x2150) [0x55a851b32870]
46  /datasets/pentschev/miniconda3/envs/gdf/bin/python(_PyFunction_Vectorcall+0xf6) [0x55a851b412a6]
47  /datasets/pentschev/miniconda3/envs/gdf/bin/python(_PyEval_EvalFrameDefault+0x67d) [0x55a851b30d9d]
48  /datasets/pentschev/miniconda3/envs/gdf/bin/python(_PyEval_EvalCodeWithName+0x2e1) [0x55a851b2f461]
49  /datasets/pentschev/miniconda3/envs/gdf/bin/python(_PyFunction_Vectorcall+0x18c) [0x55a851b4133c]
50  /datasets/pentschev/miniconda3/envs/gdf/bin/python(_PyEval_EvalFrameDefault+0x67d) [0x55a851b30d9d]
51  /datasets/pentschev/miniconda3/envs/gdf/bin/python(_PyFunction_Vectorcall+0xf6) [0x55a851b412a6]
52  /datasets/pentschev/miniconda3/envs/gdf/bin/python(_PyEval_EvalFrameDefault+0x38b) [0x55a851b30aab]
53  /datasets/pentschev/miniconda3/envs/gdf/bin/python(_PyEval_EvalCodeWithName+0x2e1) [0x55a851b2f461]
54  /datasets/pentschev/miniconda3/envs/gdf/bin/python(_PyFunction_Vectorcall+0x18c) [0x55a851b4133c]
55  /datasets/pentschev/miniconda3/envs/gdf/bin/python(_PyEval_EvalFrameDefault+0x10e8) [0x55a851b31808]
56  /datasets/pentschev/miniconda3/envs/gdf/bin/python(_PyEval_EvalCodeWithName+0x2e1) [0x55a851b2f461]
57  /datasets/pentschev/miniconda3/envs/gdf/bin/python(PyEval_EvalCodeEx+0x39) [0x55a851beede9]
58  /datasets/pentschev/miniconda3/envs/gdf/bin/python(PyEval_EvalCode+0x1b) [0x55a851beedab]
59  /datasets/pentschev/miniconda3/envs/gdf/bin/python(+0x1fa903) [0x55a851c0f903]
60  /datasets/pentschev/miniconda3/envs/gdf/bin/python(+0x1f98e3) [0x55a851c0e8e3]
61  /datasets/pentschev/miniconda3/envs/gdf/bin/python(PyRun_StringFlags+0x7d) [0x55a851c0c2ad]
=================================
2022-11-03 00:57:21,391 - distributed.worker - ERROR - Worker stream died during communication: ucx://127.0.0.1:38605
Traceback (most recent call last):
  File "/datasets/pentschev/miniconda3/envs/gdf/lib/python3.8/site-packages/distributed/comm/ucx.py", line 333, in read
    await self.ep.recv(msg)
  File "/datasets/pentschev/miniconda3/envs/gdf/lib/python3.8/site-packages/ucp/core.py", line 725, in recv
    ret = await comm.tag_recv(self._ep, buffer, nbytes, tag, name=log)
ucp._libs.exceptions.UCXCanceled: <[Recv #011] ep: 0x7fb473991240, tag: 0xbb4d7ef13ccc6aae, nbytes: 16, type: <class 'numpy.ndarray'>>: 

During handling of the above exception, another exception occurred:

Traceback (most recent call last):
  File "/datasets/pentschev/miniconda3/envs/gdf/lib/python3.8/site-packages/distributed/worker.py", line 2055, in gather_dep
    response = await get_data_from_worker(
  File "/datasets/pentschev/miniconda3/envs/gdf/lib/python3.8/site-packages/distributed/worker.py", line 2844, in get_data_from_worker
    return await retry_operation(_get_data, operation="get_data_from_worker")
  File "/datasets/pentschev/miniconda3/envs/gdf/lib/python3.8/site-packages/distributed/utils_comm.py", line 383, in retry_operation
    return await retry(
  File "/datasets/pentschev/miniconda3/envs/gdf/lib/python3.8/site-packages/distributed/utils_comm.py", line 368, in retry
    return await coro()
  File "/datasets/pentschev/miniconda3/envs/gdf/lib/python3.8/site-packages/distributed/worker.py", line 2824, in _get_data
    response = await send_recv(
  File "/datasets/pentschev/miniconda3/envs/gdf/lib/python3.8/site-packages/distributed/core.py", line 920, in send_recv
    response = await comm.read(deserializers=deserializers)
  File "/datasets/pentschev/miniconda3/envs/gdf/lib/python3.8/site-packages/distributed/utils.py", line 742, in wrapper
    return await func(*args, **kwargs)
  File "/datasets/pentschev/miniconda3/envs/gdf/lib/python3.8/site-packages/distributed/comm/ucx.py", line 351, in read
    raise CommClosedError(
distributed.comm.core.CommClosedError: Connection closed by writer.
Inner exception: UCXCanceled("<[Recv #011] ep: 0x7fb473991240, tag: 0xbb4d7ef13ccc6aae, nbytes: 16, type: <class 'numpy.ndarray'>>: ")
2022-11-03 00:57:21,391 - distributed.worker - ERROR - Worker stream died during communication: ucx://127.0.0.1:38605
Traceback (most recent call last):
  File "/datasets/pentschev/miniconda3/envs/gdf/lib/python3.8/site-packages/distributed/comm/ucx.py", line 375, in read
    await self.ep.recv(each_frame)
  File "/datasets/pentschev/miniconda3/envs/gdf/lib/python3.8/site-packages/ucp/core.py", line 725, in recv
    ret = await comm.tag_recv(self._ep, buffer, nbytes, tag, name=log)
ucp._libs.exceptions.UCXCanceled: <[Recv #026] ep: 0x7f77f807e240, tag: 0x7558be1606c5c6ef, nbytes: 50000000, type: <class 'rmm._lib.device_buffer.DeviceBuffer'>>: 

During handling of the above exception, another exception occurred:

Traceback (most recent call last):
  File "/datasets/pentschev/miniconda3/envs/gdf/lib/python3.8/site-packages/distributed/worker.py", line 2055, in gather_dep
    response = await get_data_from_worker(
  File "/datasets/pentschev/miniconda3/envs/gdf/lib/python3.8/site-packages/distributed/worker.py", line 2844, in get_data_from_worker
    return await retry_operation(_get_data, operation="get_data_from_worker")
  File "/datasets/pentschev/miniconda3/envs/gdf/lib/python3.8/site-packages/distributed/utils_comm.py", line 383, in retry_operation
    return await retry(
  File "/datasets/pentschev/miniconda3/envs/gdf/lib/python3.8/site-packages/distributed/utils_comm.py", line 368, in retry
    return await coro()
  File "/datasets/pentschev/miniconda3/envs/gdf/lib/python3.8/site-packages/distributed/worker.py", line 2824, in _get_data
    response = await send_recv(
  File "/datasets/pentschev/miniconda3/envs/gdf/lib/python3.8/site-packages/distributed/core.py", line 920, in send_recv
    response = await comm.read(deserializers=deserializers)
  File "/datasets/pentschev/miniconda3/envs/gdf/lib/python3.8/site-packages/distributed/utils.py", line 742, in wrapper
    return await func(*args, **kwargs)
  File "/datasets/pentschev/miniconda3/envs/gdf/lib/python3.8/site-packages/distributed/comm/ucx.py", line 381, in read
    raise CommClosedError(
distributed.comm.core.CommClosedError: Connection closed by writer.
Inner exception: UCXCanceled("<[Recv #026] ep: 0x7f77f807e240, tag: 0x7558be1606c5c6ef, nbytes: 50000000, type: <class 'rmm._lib.device_buffer.DeviceBuffer'>>: ")
2022-11-03 00:57:21,406 - distributed.worker - ERROR - failed during get data with ucx://127.0.0.1:43389 -> ucx://127.0.0.1:38605
Traceback (most recent call last):
  File "/datasets/pentschev/miniconda3/envs/gdf/lib/python3.8/site-packages/distributed/comm/ucx.py", line 317, in write
    await self.ep.send(each_frame)
  File "/datasets/pentschev/miniconda3/envs/gdf/lib/python3.8/site-packages/ucp/core.py", line 650, in send
    return await comm.tag_send(self._ep, buffer, nbytes, tag, name=log)
ucp._libs.exceptions.UCXError: <[Send #007] ep: 0x7f98780173c0, tag: 0xb1659998a6e8dde6, nbytes: 100000000, type: <class 'cudf.core.buffer.buffer.Buffer'>>: Connection reset by remote peer

During handling of the above exception, another exception occurred:

Traceback (most recent call last):
  File "/datasets/pentschev/miniconda3/envs/gdf/lib/python3.8/site-packages/distributed/worker.py", line 1761, in get_data
    compressed = await comm.write(msg, serializers=serializers)
  File "/datasets/pentschev/miniconda3/envs/gdf/lib/python3.8/site-packages/distributed/utils.py", line 742, in wrapper
    return await func(*args, **kwargs)
  File "/datasets/pentschev/miniconda3/envs/gdf/lib/python3.8/site-packages/distributed/comm/ucx.py", line 321, in write
    raise CommClosedError("While writing, the connection was closed")
distributed.comm.core.CommClosedError: While writing, the connection was closed
2022-11-03 00:57:21,409 - distributed.worker - ERROR - failed during get data with ucx://127.0.0.1:43389 -> ucx://127.0.0.1:59399
Traceback (most recent call last):
  File "/datasets/pentschev/miniconda3/envs/gdf/lib/python3.8/site-packages/distributed/comm/ucx.py", line 317, in write
    await self.ep.send(each_frame)
  File "/datasets/pentschev/miniconda3/envs/gdf/lib/python3.8/site-packages/ucp/core.py", line 650, in send
    return await comm.tag_send(self._ep, buffer, nbytes, tag, name=log)
ucp._libs.exceptions.UCXError: <[Send #007] ep: 0x7f9878017340, tag: 0x9dc254c6985d6381, nbytes: 100000000, type: <class 'cudf.core.buffer.buffer.Buffer'>>: Connection reset by remote peer

During handling of the above exception, another exception occurred:

Traceback (most recent call last):
  File "/datasets/pentschev/miniconda3/envs/gdf/lib/python3.8/site-packages/distributed/worker.py", line 1761, in get_data
    compressed = await comm.write(msg, serializers=serializers)
  File "/datasets/pentschev/miniconda3/envs/gdf/lib/python3.8/site-packages/distributed/utils.py", line 742, in wrapper
    return await func(*args, **kwargs)
  File "/datasets/pentschev/miniconda3/envs/gdf/lib/python3.8/site-packages/distributed/comm/ucx.py", line 321, in write
    raise CommClosedError("While writing, the connection was closed")
distributed.comm.core.CommClosedError: While writing, the connection was closed
2022-11-03 00:57:21,411 - distributed.worker - ERROR - Worker stream died during communication: ucx://127.0.0.1:38605
Traceback (most recent call last):
  File "/datasets/pentschev/miniconda3/envs/gdf/lib/python3.8/site-packages/distributed/comm/ucx.py", line 375, in read
    await self.ep.recv(each_frame)
  File "/datasets/pentschev/miniconda3/envs/gdf/lib/python3.8/site-packages/ucp/core.py", line 725, in recv
    ret = await comm.tag_recv(self._ep, buffer, nbytes, tag, name=log)
ucp._libs.exceptions.UCXError: <[Recv #007] ep: 0x7f9878017280, tag: 0xfe0ac95d73864652, nbytes: 100000000, type: <class 'rmm._lib.device_buffer.DeviceBuffer'>>: Connection reset by remote peer

During handling of the above exception, another exception occurred:

Traceback (most recent call last):
  File "/datasets/pentschev/miniconda3/envs/gdf/lib/python3.8/site-packages/distributed/worker.py", line 2055, in gather_dep
    response = await get_data_from_worker(
  File "/datasets/pentschev/miniconda3/envs/gdf/lib/python3.8/site-packages/distributed/worker.py", line 2844, in get_data_from_worker
    return await retry_operation(_get_data, operation="get_data_from_worker")
  File "/datasets/pentschev/miniconda3/envs/gdf/lib/python3.8/site-packages/distributed/utils_comm.py", line 383, in retry_operation
    return await retry(
  File "/datasets/pentschev/miniconda3/envs/gdf/lib/python3.8/site-packages/distributed/utils_comm.py", line 368, in retry
    return await coro()
  File "/datasets/pentschev/miniconda3/envs/gdf/lib/python3.8/site-packages/distributed/worker.py", line 2824, in _get_data
    response = await send_recv(
  File "/datasets/pentschev/miniconda3/envs/gdf/lib/python3.8/site-packages/distributed/core.py", line 920, in send_recv
    response = await comm.read(deserializers=deserializers)
  File "/datasets/pentschev/miniconda3/envs/gdf/lib/python3.8/site-packages/distributed/utils.py", line 742, in wrapper
    return await func(*args, **kwargs)
  File "/datasets/pentschev/miniconda3/envs/gdf/lib/python3.8/site-packages/distributed/comm/ucx.py", line 381, in read
    raise CommClosedError(
distributed.comm.core.CommClosedError: Connection closed by writer.
Inner exception: UCXError("<[Recv #007] ep: 0x7f9878017280, tag: 0xfe0ac95d73864652, nbytes: 100000000, type: <class 'rmm._lib.device_buffer.DeviceBuffer'>>: Connection reset by remote peer")
2022-11-03 00:57:21,412 - distributed.worker - ERROR - Worker stream died during communication: ucx://127.0.0.1:59399
Traceback (most recent call last):
  File "/datasets/pentschev/miniconda3/envs/gdf/lib/python3.8/site-packages/distributed/comm/ucx.py", line 375, in read
    await self.ep.recv(each_frame)
  File "/datasets/pentschev/miniconda3/envs/gdf/lib/python3.8/site-packages/ucp/core.py", line 725, in recv
    ret = await comm.tag_recv(self._ep, buffer, nbytes, tag, name=log)
ucp._libs.exceptions.UCXError: <[Recv #007] ep: 0x7f9878017200, tag: 0x2e130b9531405f75, nbytes: 100000000, type: <class 'rmm._lib.device_buffer.DeviceBuffer'>>: Connection reset by remote peer

During handling of the above exception, another exception occurred:

Traceback (most recent call last):
  File "/datasets/pentschev/miniconda3/envs/gdf/lib/python3.8/site-packages/distributed/worker.py", line 2055, in gather_dep
    response = await get_data_from_worker(
  File "/datasets/pentschev/miniconda3/envs/gdf/lib/python3.8/site-packages/distributed/worker.py", line 2844, in get_data_from_worker
    return await retry_operation(_get_data, operation="get_data_from_worker")
  File "/datasets/pentschev/miniconda3/envs/gdf/lib/python3.8/site-packages/distributed/utils_comm.py", line 383, in retry_operation
    return await retry(
  File "/datasets/pentschev/miniconda3/envs/gdf/lib/python3.8/site-packages/distributed/utils_comm.py", line 368, in retry
    return await coro()
  File "/datasets/pentschev/miniconda3/envs/gdf/lib/python3.8/site-packages/distributed/worker.py", line 2824, in _get_data
    response = await send_recv(
  File "/datasets/pentschev/miniconda3/envs/gdf/lib/python3.8/site-packages/distributed/core.py", line 920, in send_recv
    response = await comm.read(deserializers=deserializers)
  File "/datasets/pentschev/miniconda3/envs/gdf/lib/python3.8/site-packages/distributed/utils.py", line 742, in wrapper
    return await func(*args, **kwargs)
  File "/datasets/pentschev/miniconda3/envs/gdf/lib/python3.8/site-packages/distributed/comm/ucx.py", line 381, in read
    raise CommClosedError(
distributed.comm.core.CommClosedError: Connection closed by writer.
Inner exception: UCXError("<[Recv #007] ep: 0x7f9878017200, tag: 0x2e130b9531405f75, nbytes: 100000000, type: <class 'rmm._lib.device_buffer.DeviceBuffer'>>: Connection reset by remote peer")
2022-11-03 00:57:21,467 - distributed.nanny - WARNING - Restarting worker
2022-11-03 00:57:21,473 - distributed.worker - ERROR - Worker stream died during communication: ucx://127.0.0.1:59399
Traceback (most recent call last):
  File "/datasets/pentschev/miniconda3/envs/gdf/lib/python3.8/site-packages/distributed/comm/ucx.py", line 375, in read
    await self.ep.recv(each_frame)
  File "/datasets/pentschev/miniconda3/envs/gdf/lib/python3.8/site-packages/ucp/core.py", line 725, in recv
    ret = await comm.tag_recv(self._ep, buffer, nbytes, tag, name=log)
ucp._libs.exceptions.UCXCanceled: <[Recv #032] ep: 0x7f77f807e200, tag: 0x4fc50109a9d77ea2, nbytes: 100000000, type: <class 'rmm._lib.device_buffer.DeviceBuffer'>>: 

During handling of the above exception, another exception occurred:

Traceback (most recent call last):
  File "/datasets/pentschev/miniconda3/envs/gdf/lib/python3.8/site-packages/distributed/worker.py", line 2055, in gather_dep
    response = await get_data_from_worker(
  File "/datasets/pentschev/miniconda3/envs/gdf/lib/python3.8/site-packages/distributed/worker.py", line 2844, in get_data_from_worker
    return await retry_operation(_get_data, operation="get_data_from_worker")
  File "/datasets/pentschev/miniconda3/envs/gdf/lib/python3.8/site-packages/distributed/utils_comm.py", line 383, in retry_operation
    return await retry(
  File "/datasets/pentschev/miniconda3/envs/gdf/lib/python3.8/site-packages/distributed/utils_comm.py", line 368, in retry
    return await coro()
  File "/datasets/pentschev/miniconda3/envs/gdf/lib/python3.8/site-packages/distributed/worker.py", line 2824, in _get_data
    response = await send_recv(
  File "/datasets/pentschev/miniconda3/envs/gdf/lib/python3.8/site-packages/distributed/core.py", line 920, in send_recv
    response = await comm.read(deserializers=deserializers)
  File "/datasets/pentschev/miniconda3/envs/gdf/lib/python3.8/site-packages/distributed/utils.py", line 742, in wrapper
    return await func(*args, **kwargs)
  File "/datasets/pentschev/miniconda3/envs/gdf/lib/python3.8/site-packages/distributed/comm/ucx.py", line 381, in read
    raise CommClosedError(
distributed.comm.core.CommClosedError: Connection closed by writer.
Inner exception: UCXCanceled("<[Recv #032] ep: 0x7f77f807e200, tag: 0x4fc50109a9d77ea2, nbytes: 100000000, type: <class 'rmm._lib.device_buffer.DeviceBuffer'>>: ")
2022-11-03 00:57:21,510 - distributed.worker - ERROR - failed during get data with ucx://127.0.0.1:54223 -> ucx://127.0.0.1:59399
Traceback (most recent call last):
  File "/datasets/pentschev/miniconda3/envs/gdf/lib/python3.8/site-packages/distributed/comm/ucx.py", line 317, in write
    await self.ep.send(each_frame)
  File "/datasets/pentschev/miniconda3/envs/gdf/lib/python3.8/site-packages/ucp/core.py", line 650, in send
    return await comm.tag_send(self._ep, buffer, nbytes, tag, name=log)
ucp._libs.exceptions.UCXError: <[Send #007] ep: 0x7fb473991340, tag: 0x626f19f5c308d742, nbytes: 100000000, type: <class 'cudf.core.buffer.buffer.Buffer'>>: Connection reset by remote peer

During handling of the above exception, another exception occurred:

Traceback (most recent call last):
  File "/datasets/pentschev/miniconda3/envs/gdf/lib/python3.8/site-packages/distributed/worker.py", line 1761, in get_data
    compressed = await comm.write(msg, serializers=serializers)
  File "/datasets/pentschev/miniconda3/envs/gdf/lib/python3.8/site-packages/distributed/utils.py", line 742, in wrapper
    return await func(*args, **kwargs)
  File "/datasets/pentschev/miniconda3/envs/gdf/lib/python3.8/site-packages/distributed/comm/ucx.py", line 321, in write
    raise CommClosedError("While writing, the connection was closed")
distributed.comm.core.CommClosedError: While writing, the connection was closed
2022-11-03 00:57:21,511 - distributed.worker - ERROR - Worker stream died during communication: ucx://127.0.0.1:59399
Traceback (most recent call last):
  File "/datasets/pentschev/miniconda3/envs/gdf/lib/python3.8/site-packages/distributed/comm/ucx.py", line 375, in read
    await self.ep.recv(each_frame)
  File "/datasets/pentschev/miniconda3/envs/gdf/lib/python3.8/site-packages/ucp/core.py", line 725, in recv
    ret = await comm.tag_recv(self._ep, buffer, nbytes, tag, name=log)
ucp._libs.exceptions.UCXError: <[Recv #007] ep: 0x7fb473991200, tag: 0x92524221719b0fe4, nbytes: 100000000, type: <class 'rmm._lib.device_buffer.DeviceBuffer'>>: Connection reset by remote peer

During handling of the above exception, another exception occurred:

Traceback (most recent call last):
  File "/datasets/pentschev/miniconda3/envs/gdf/lib/python3.8/site-packages/distributed/worker.py", line 2055, in gather_dep
    response = await get_data_from_worker(
  File "/datasets/pentschev/miniconda3/envs/gdf/lib/python3.8/site-packages/distributed/worker.py", line 2844, in get_data_from_worker
    return await retry_operation(_get_data, operation="get_data_from_worker")
  File "/datasets/pentschev/miniconda3/envs/gdf/lib/python3.8/site-packages/distributed/utils_comm.py", line 383, in retry_operation
    return await retry(
  File "/datasets/pentschev/miniconda3/envs/gdf/lib/python3.8/site-packages/distributed/utils_comm.py", line 368, in retry
    return await coro()
  File "/datasets/pentschev/miniconda3/envs/gdf/lib/python3.8/site-packages/distributed/worker.py", line 2824, in _get_data
    response = await send_recv(
  File "/datasets/pentschev/miniconda3/envs/gdf/lib/python3.8/site-packages/distributed/core.py", line 920, in send_recv
    response = await comm.read(deserializers=deserializers)
  File "/datasets/pentschev/miniconda3/envs/gdf/lib/python3.8/site-packages/distributed/utils.py", line 742, in wrapper
    return await func(*args, **kwargs)
  File "/datasets/pentschev/miniconda3/envs/gdf/lib/python3.8/site-packages/distributed/comm/ucx.py", line 381, in read
    raise CommClosedError(
distributed.comm.core.CommClosedError: Connection closed by writer.
Inner exception: UCXError("<[Recv #007] ep: 0x7fb473991200, tag: 0x92524221719b0fe4, nbytes: 100000000, type: <class 'rmm._lib.device_buffer.DeviceBuffer'>>: Connection reset by remote peer")
2022-11-03 00:57:21,576 - distributed.nanny - WARNING - Restarting worker
2022-11-03 00:57:21,797 - distributed.preloading - INFO - Creating preload: dask_cuda.initialize
2022-11-03 00:57:21,797 - distributed.preloading - INFO - Import preload module: dask_cuda.initialize
2022-11-03 00:57:22,622 - distributed.preloading - INFO - Creating preload: dask_cuda.initialize
2022-11-03 00:57:22,622 - distributed.preloading - INFO - Import preload module: dask_cuda.initialize
2022-11-03 00:57:22,692 - distributed.preloading - INFO - Creating preload: dask_cuda.initialize
2022-11-03 00:57:22,692 - distributed.preloading - INFO - Import preload module: dask_cuda.initialize
2022-11-03 00:57:23,300 - distributed.preloading - INFO - Creating preload: dask_cuda.initialize
2022-11-03 00:57:23,300 - distributed.preloading - INFO - Import preload module: dask_cuda.initialize
2022-11-03 00:57:23,463 - distributed.preloading - INFO - Creating preload: dask_cuda.initialize
2022-11-03 00:57:23,463 - distributed.preloading - INFO - Import preload module: dask_cuda.initialize
2022-11-03 00:57:50,504 - distributed.worker - ERROR - Worker stream died during communication: ucx://127.0.0.1:40447
Traceback (most recent call last):
  File "/datasets/pentschev/miniconda3/envs/gdf/lib/python3.8/site-packages/distributed/comm/core.py", line 291, in connect
    comm = await asyncio.wait_for(
  File "/datasets/pentschev/miniconda3/envs/gdf/lib/python3.8/asyncio/tasks.py", line 501, in wait_for
    raise exceptions.TimeoutError()
asyncio.exceptions.TimeoutError

The above exception was the direct cause of the following exception:

Traceback (most recent call last):
  File "/datasets/pentschev/miniconda3/envs/gdf/lib/python3.8/site-packages/distributed/worker.py", line 2055, in gather_dep
    response = await get_data_from_worker(
  File "/datasets/pentschev/miniconda3/envs/gdf/lib/python3.8/site-packages/distributed/worker.py", line 2844, in get_data_from_worker
    return await retry_operation(_get_data, operation="get_data_from_worker")
  File "/datasets/pentschev/miniconda3/envs/gdf/lib/python3.8/site-packages/distributed/utils_comm.py", line 383, in retry_operation
    return await retry(
  File "/datasets/pentschev/miniconda3/envs/gdf/lib/python3.8/site-packages/distributed/utils_comm.py", line 368, in retry
    return await coro()
  File "/datasets/pentschev/miniconda3/envs/gdf/lib/python3.8/site-packages/distributed/worker.py", line 2821, in _get_data
    comm = await rpc.connect(worker)
  File "/datasets/pentschev/miniconda3/envs/gdf/lib/python3.8/site-packages/distributed/core.py", line 1373, in connect
    return await connect_attempt
  File "/datasets/pentschev/miniconda3/envs/gdf/lib/python3.8/site-packages/distributed/core.py", line 1309, in _connect
    comm = await connect(
  File "/datasets/pentschev/miniconda3/envs/gdf/lib/python3.8/site-packages/distributed/comm/core.py", line 317, in connect
    raise OSError(
OSError: Timed out trying to connect to ucx://127.0.0.1:40447 after 30 s
2022-11-03 00:57:50,505 - distributed.worker - ERROR - Worker stream died during communication: ucx://127.0.0.1:45431
Traceback (most recent call last):
  File "/datasets/pentschev/miniconda3/envs/gdf/lib/python3.8/site-packages/distributed/comm/core.py", line 291, in connect
    comm = await asyncio.wait_for(
  File "/datasets/pentschev/miniconda3/envs/gdf/lib/python3.8/asyncio/tasks.py", line 501, in wait_for
    raise exceptions.TimeoutError()
asyncio.exceptions.TimeoutError

The above exception was the direct cause of the following exception:

Traceback (most recent call last):
  File "/datasets/pentschev/miniconda3/envs/gdf/lib/python3.8/site-packages/distributed/worker.py", line 2055, in gather_dep
    response = await get_data_from_worker(
  File "/datasets/pentschev/miniconda3/envs/gdf/lib/python3.8/site-packages/distributed/worker.py", line 2844, in get_data_from_worker
    return await retry_operation(_get_data, operation="get_data_from_worker")
  File "/datasets/pentschev/miniconda3/envs/gdf/lib/python3.8/site-packages/distributed/utils_comm.py", line 383, in retry_operation
    return await retry(
  File "/datasets/pentschev/miniconda3/envs/gdf/lib/python3.8/site-packages/distributed/utils_comm.py", line 368, in retry
    return await coro()
  File "/datasets/pentschev/miniconda3/envs/gdf/lib/python3.8/site-packages/distributed/worker.py", line 2821, in _get_data
    comm = await rpc.connect(worker)
  File "/datasets/pentschev/miniconda3/envs/gdf/lib/python3.8/site-packages/distributed/core.py", line 1373, in connect
    return await connect_attempt
  File "/datasets/pentschev/miniconda3/envs/gdf/lib/python3.8/site-packages/distributed/core.py", line 1309, in _connect
    comm = await connect(
  File "/datasets/pentschev/miniconda3/envs/gdf/lib/python3.8/site-packages/distributed/comm/core.py", line 317, in connect
    raise OSError(
OSError: Timed out trying to connect to ucx://127.0.0.1:45431 after 30 s
/datasets/pentschev/miniconda3/envs/gdf/lib/python3.8/multiprocessing/resource_tracker.py:216: UserWarning: resource_tracker: There appear to be 48 leaked semaphore objects to clean up at shutdown
  warnings.warn('resource_tracker: There appear to be %d '
