2023-02-07 00:00:04,395 - distributed.preloading - INFO - Creating preload: dask_cuda.initialize
2023-02-07 00:00:04,395 - distributed.preloading - INFO - Import preload module: dask_cuda.initialize
2023-02-07 00:00:04,395 - distributed.preloading - INFO - Creating preload: dask_cuda.initialize
2023-02-07 00:00:04,395 - distributed.preloading - INFO - Import preload module: dask_cuda.initialize
2023-02-07 00:00:04,395 - distributed.preloading - INFO - Creating preload: dask_cuda.initialize
2023-02-07 00:00:04,395 - distributed.preloading - INFO - Import preload module: dask_cuda.initialize
2023-02-07 00:00:04,396 - distributed.preloading - INFO - Creating preload: dask_cuda.initialize
2023-02-07 00:00:04,396 - distributed.preloading - INFO - Import preload module: dask_cuda.initialize
2023-02-07 00:00:04,507 - distributed.preloading - INFO - Creating preload: dask_cuda.initialize
2023-02-07 00:00:04,507 - distributed.preloading - INFO - Import preload module: dask_cuda.initialize
2023-02-07 00:00:04,510 - distributed.preloading - INFO - Creating preload: dask_cuda.initialize
2023-02-07 00:00:04,511 - distributed.preloading - INFO - Import preload module: dask_cuda.initialize
2023-02-07 00:00:04,512 - distributed.preloading - INFO - Creating preload: dask_cuda.initialize
2023-02-07 00:00:04,512 - distributed.preloading - INFO - Import preload module: dask_cuda.initialize
2023-02-07 00:00:04,515 - distributed.preloading - INFO - Creating preload: dask_cuda.initialize
2023-02-07 00:00:04,515 - distributed.preloading - INFO - Import preload module: dask_cuda.initialize
[dgx13:31889:0:31889] Caught signal 11 (Segmentation fault: address not mapped to object at address 0x448)
==== backtrace (tid:  31889) ====
 0  /datasets/pentschev/miniconda3/envs/gdf/lib/libucs.so.0(ucs_handle_error+0x2d4) [0x7f55f9c28614]
 1  /datasets/pentschev/miniconda3/envs/gdf/lib/libucs.so.0(+0x2e7ef) [0x7f55f9c287ef]
 2  /datasets/pentschev/miniconda3/envs/gdf/lib/libucs.so.0(+0x2eb14) [0x7f55f9c28b14]
 3  /lib/x86_64-linux-gnu/libpthread.so.0(+0x12980) [0x7f566f21e980]
 4  /datasets/pentschev/miniconda3/envs/gdf/lib/libucp.so.0(ucp_mem_type_unpack+0x14) [0x7f55f9ead3b4]
 5  /datasets/pentschev/miniconda3/envs/gdf/lib/libucp.so.0(ucp_rndv_data_handler+0x508) [0x7f55f9edda08]
 6  /datasets/pentschev/miniconda3/envs/gdf/lib/libuct.so.0(+0x20b5f) [0x7f55f99dcb5f]
 7  /datasets/pentschev/miniconda3/envs/gdf/lib/libuct.so.0(+0x21134) [0x7f55f99dd134]
 8  /datasets/pentschev/miniconda3/envs/gdf/lib/libuct.so.0(+0x23578) [0x7f55f99df578]
 9  /datasets/pentschev/miniconda3/envs/gdf/lib/libucs.so.0(ucs_event_set_wait+0xb9) [0x7f55f9c32c99]
10  /datasets/pentschev/miniconda3/envs/gdf/lib/libuct.so.0(uct_tcp_iface_progress+0x7b) [0x7f55f99df61b]
11  /datasets/pentschev/miniconda3/envs/gdf/lib/libucp.so.0(ucp_worker_progress+0x6a) [0x7f55f9ea9caa]
12  /datasets/pentschev/miniconda3/envs/gdf/lib/python3.9/site-packages/ucp/_libs/ucx_api.cpython-39-x86_64-linux-gnu.so(+0x26c79) [0x7f55fa163c79]
13  /datasets/pentschev/miniconda3/envs/gdf/bin/python(+0x13eb08) [0x55ab7daf4b08]
14  /datasets/pentschev/miniconda3/envs/gdf/bin/python(_PyEval_EvalFrameDefault+0x5f82) [0x55ab7dae5112]
15  /datasets/pentschev/miniconda3/envs/gdf/bin/python(+0x12827a) [0x55ab7dade27a]
16  /datasets/pentschev/miniconda3/envs/gdf/bin/python(_PyFunction_Vectorcall+0xd5) [0x55ab7daefc05]
17  /datasets/pentschev/miniconda3/envs/gdf/bin/python(_PyEval_EvalFrameDefault+0x68b) [0x55ab7dadf81b]
18  /datasets/pentschev/miniconda3/envs/gdf/bin/python(+0x139ef3) [0x55ab7daefef3]
19  /datasets/pentschev/miniconda3/envs/gdf/bin/python(+0x147a16) [0x55ab7dafda16]
20  /datasets/pentschev/miniconda3/envs/gdf/bin/python(+0x2579b1) [0x55ab7dc0d9b1]
21  /datasets/pentschev/miniconda3/envs/gdf/bin/python(+0xe5817) [0x55ab7da9b817]
22  /datasets/pentschev/miniconda3/envs/gdf/bin/python(+0x130f83) [0x55ab7dae6f83]
23  /datasets/pentschev/miniconda3/envs/gdf/bin/python(_PyEval_EvalFrameDefault+0x5ba6) [0x55ab7dae4d36]
24  /datasets/pentschev/miniconda3/envs/gdf/bin/python(+0x139ef3) [0x55ab7daefef3]
25  /datasets/pentschev/miniconda3/envs/gdf/bin/python(_PyEval_EvalFrameDefault+0x68b) [0x55ab7dadf81b]
26  /datasets/pentschev/miniconda3/envs/gdf/bin/python(+0x139ef3) [0x55ab7daefef3]
27  /datasets/pentschev/miniconda3/envs/gdf/bin/python(_PyEval_EvalFrameDefault+0x68b) [0x55ab7dadf81b]
28  /datasets/pentschev/miniconda3/envs/gdf/bin/python(+0x139ef3) [0x55ab7daefef3]
29  /datasets/pentschev/miniconda3/envs/gdf/bin/python(_PyEval_EvalFrameDefault+0x68b) [0x55ab7dadf81b]
30  /datasets/pentschev/miniconda3/envs/gdf/bin/python(+0x139ef3) [0x55ab7daefef3]
31  /datasets/pentschev/miniconda3/envs/gdf/bin/python(_PyEval_EvalFrameDefault+0x68b) [0x55ab7dadf81b]
32  /datasets/pentschev/miniconda3/envs/gdf/bin/python(+0x12827a) [0x55ab7dade27a]
33  /datasets/pentschev/miniconda3/envs/gdf/bin/python(_PyFunction_Vectorcall+0xd5) [0x55ab7daefc05]
34  /datasets/pentschev/miniconda3/envs/gdf/bin/python(_PyEval_EvalFrameDefault+0x4e17) [0x55ab7dae3fa7]
35  /datasets/pentschev/miniconda3/envs/gdf/bin/python(+0x12827a) [0x55ab7dade27a]
36  /datasets/pentschev/miniconda3/envs/gdf/bin/python(+0x147935) [0x55ab7dafd935]
37  /datasets/pentschev/miniconda3/envs/gdf/bin/python(PyObject_Call+0xb4) [0x55ab7dafe104]
38  /datasets/pentschev/miniconda3/envs/gdf/bin/python(+0x20efc8) [0x55ab7dbc4fc8]
39  /datasets/pentschev/miniconda3/envs/gdf/bin/python(_PyObject_MakeTpCall+0x2fc) [0x55ab7dae82bc]
40  /datasets/pentschev/miniconda3/envs/gdf/bin/python(_PyEval_EvalFrameDefault+0x402b) [0x55ab7dae31bb]
41  /datasets/pentschev/miniconda3/envs/gdf/bin/python(+0x139ef3) [0x55ab7daefef3]
42  /datasets/pentschev/miniconda3/envs/gdf/bin/python(+0x147c72) [0x55ab7dafdc72]
43  /datasets/pentschev/miniconda3/envs/gdf/bin/python(_PyEval_EvalFrameDefault+0x402b) [0x55ab7dae31bb]
44  /datasets/pentschev/miniconda3/envs/gdf/bin/python(+0x139ef3) [0x55ab7daefef3]
45  /datasets/pentschev/miniconda3/envs/gdf/bin/python(_PyEval_EvalFrameDefault+0x68b) [0x55ab7dadf81b]
46  /datasets/pentschev/miniconda3/envs/gdf/bin/python(+0x12827a) [0x55ab7dade27a]
47  /datasets/pentschev/miniconda3/envs/gdf/bin/python(_PyFunction_Vectorcall+0xd5) [0x55ab7daefc05]
48  /datasets/pentschev/miniconda3/envs/gdf/bin/python(_PyEval_EvalFrameDefault+0x68b) [0x55ab7dadf81b]
49  /datasets/pentschev/miniconda3/envs/gdf/bin/python(+0x139ef3) [0x55ab7daefef3]
50  /datasets/pentschev/miniconda3/envs/gdf/bin/python(_PyEval_EvalFrameDefault+0x3d8) [0x55ab7dadf568]
51  /datasets/pentschev/miniconda3/envs/gdf/bin/python(+0x12827a) [0x55ab7dade27a]
52  /datasets/pentschev/miniconda3/envs/gdf/bin/python(_PyFunction_Vectorcall+0xd5) [0x55ab7daefc05]
53  /datasets/pentschev/miniconda3/envs/gdf/bin/python(_PyEval_EvalFrameDefault+0x123b) [0x55ab7dae03cb]
54  /datasets/pentschev/miniconda3/envs/gdf/bin/python(+0x12827a) [0x55ab7dade27a]
55  /datasets/pentschev/miniconda3/envs/gdf/bin/python(_PyEval_EvalCodeWithName+0x47) [0x55ab7daddf07]
56  /datasets/pentschev/miniconda3/envs/gdf/bin/python(PyEval_EvalCodeEx+0x39) [0x55ab7daddeb9]
57  /datasets/pentschev/miniconda3/envs/gdf/bin/python(PyEval_EvalCode+0x1b) [0x55ab7db8e8bb]
58  /datasets/pentschev/miniconda3/envs/gdf/bin/python(+0x206adc) [0x55ab7dbbcadc]
59  /datasets/pentschev/miniconda3/envs/gdf/bin/python(+0x202c24) [0x55ab7dbb8c24]
60  /datasets/pentschev/miniconda3/envs/gdf/bin/python(PyRun_StringFlags+0x9d) [0x55ab7dbb07ed]
61  /datasets/pentschev/miniconda3/envs/gdf/bin/python(PyRun_SimpleStringFlags+0x3d) [0x55ab7dbb06bd]
=================================
[dgx13:31873:0:31873] Caught signal 11 (Segmentation fault: address not mapped to object at address 0x448)
==== backtrace (tid:  31873) ====
 0  /datasets/pentschev/miniconda3/envs/gdf/lib/libucs.so.0(ucs_handle_error+0x2d4) [0x7f30bc3f2614]
 1  /datasets/pentschev/miniconda3/envs/gdf/lib/libucs.so.0(+0x2e7ef) [0x7f30bc3f27ef]
 2  /datasets/pentschev/miniconda3/envs/gdf/lib/libucs.so.0(+0x2eb14) [0x7f30bc3f2b14]
 3  /lib/x86_64-linux-gnu/libpthread.so.0(+0x12980) [0x7f31319e6980]
 4  /datasets/pentschev/miniconda3/envs/gdf/lib/libucp.so.0(ucp_mem_type_unpack+0x14) [0x7f30bc6773b4]
 5  /datasets/pentschev/miniconda3/envs/gdf/lib/libucp.so.0(ucp_rndv_data_handler+0x508) [0x7f30bc6a7a08]
 6  /datasets/pentschev/miniconda3/envs/gdf/lib/libuct.so.0(+0x20b5f) [0x7f30bc1a6b5f]
 7  /datasets/pentschev/miniconda3/envs/gdf/lib/libuct.so.0(+0x21134) [0x7f30bc1a7134]
 8  /datasets/pentschev/miniconda3/envs/gdf/lib/libuct.so.0(+0x23578) [0x7f30bc1a9578]
 9  /datasets/pentschev/miniconda3/envs/gdf/lib/libucs.so.0(ucs_event_set_wait+0xb9) [0x7f30bc3fcc99]
10  /datasets/pentschev/miniconda3/envs/gdf/lib/libuct.so.0(uct_tcp_iface_progress+0x7b) [0x7f30bc1a961b]
11  /datasets/pentschev/miniconda3/envs/gdf/lib/libucp.so.0(ucp_worker_progress+0x6a) [0x7f30bc673caa]
12  /datasets/pentschev/miniconda3/envs/gdf/lib/python3.9/site-packages/ucp/_libs/ucx_api.cpython-39-x86_64-linux-gnu.so(+0x26c79) [0x7f30bc92dc79]
13  /datasets/pentschev/miniconda3/envs/gdf/bin/python(+0x13eb08) [0x55f0022eab08]
14  /datasets/pentschev/miniconda3/envs/gdf/bin/python(_PyEval_EvalFrameDefault+0x5f82) [0x55f0022db112]
15  /datasets/pentschev/miniconda3/envs/gdf/bin/python(+0x12827a) [0x55f0022d427a]
16  /datasets/pentschev/miniconda3/envs/gdf/bin/python(_PyFunction_Vectorcall+0xd5) [0x55f0022e5c05]
17  /datasets/pentschev/miniconda3/envs/gdf/bin/python(_PyEval_EvalFrameDefault+0x68b) [0x55f0022d581b]
18  /datasets/pentschev/miniconda3/envs/gdf/bin/python(+0x139ef3) [0x55f0022e5ef3]
19  /datasets/pentschev/miniconda3/envs/gdf/bin/python(+0x147a16) [0x55f0022f3a16]
20  /datasets/pentschev/miniconda3/envs/gdf/bin/python(+0x2579b1) [0x55f0024039b1]
21  /datasets/pentschev/miniconda3/envs/gdf/bin/python(+0xe5817) [0x55f002291817]
22  /datasets/pentschev/miniconda3/envs/gdf/bin/python(+0x130f83) [0x55f0022dcf83]
23  /datasets/pentschev/miniconda3/envs/gdf/bin/python(_PyEval_EvalFrameDefault+0x5ba6) [0x55f0022dad36]
24  /datasets/pentschev/miniconda3/envs/gdf/bin/python(+0x139ef3) [0x55f0022e5ef3]
25  /datasets/pentschev/miniconda3/envs/gdf/bin/python(_PyEval_EvalFrameDefault+0x68b) [0x55f0022d581b]
26  /datasets/pentschev/miniconda3/envs/gdf/bin/python(+0x139ef3) [0x55f0022e5ef3]
27  /datasets/pentschev/miniconda3/envs/gdf/bin/python(_PyEval_EvalFrameDefault+0x68b) [0x55f0022d581b]
28  /datasets/pentschev/miniconda3/envs/gdf/bin/python(+0x139ef3) [0x55f0022e5ef3]
29  /datasets/pentschev/miniconda3/envs/gdf/bin/python(_PyEval_EvalFrameDefault+0x68b) [0x55f0022d581b]
30  /datasets/pentschev/miniconda3/envs/gdf/bin/python(+0x139ef3) [0x55f0022e5ef3]
31  /datasets/pentschev/miniconda3/envs/gdf/bin/python(_PyEval_EvalFrameDefault+0x68b) [0x55f0022d581b]
32  /datasets/pentschev/miniconda3/envs/gdf/bin/python(+0x12827a) [0x55f0022d427a]
33  /datasets/pentschev/miniconda3/envs/gdf/bin/python(_PyFunction_Vectorcall+0xd5) [0x55f0022e5c05]
34  /datasets/pentschev/miniconda3/envs/gdf/bin/python(_PyEval_EvalFrameDefault+0x4e17) [0x55f0022d9fa7]
35  /datasets/pentschev/miniconda3/envs/gdf/bin/python(+0x12827a) [0x55f0022d427a]
36  /datasets/pentschev/miniconda3/envs/gdf/bin/python(+0x147935) [0x55f0022f3935]
37  /datasets/pentschev/miniconda3/envs/gdf/bin/python(PyObject_Call+0xb4) [0x55f0022f4104]
38  /datasets/pentschev/miniconda3/envs/gdf/bin/python(+0x20efc8) [0x55f0023bafc8]
39  /datasets/pentschev/miniconda3/envs/gdf/bin/python(_PyObject_MakeTpCall+0x2fc) [0x55f0022de2bc]
40  /datasets/pentschev/miniconda3/envs/gdf/bin/python(_PyEval_EvalFrameDefault+0x402b) [0x55f0022d91bb]
41  /datasets/pentschev/miniconda3/envs/gdf/bin/python(+0x139ef3) [0x55f0022e5ef3]
42  /datasets/pentschev/miniconda3/envs/gdf/bin/python(+0x147c72) [0x55f0022f3c72]
43  /datasets/pentschev/miniconda3/envs/gdf/bin/python(_PyEval_EvalFrameDefault+0x402b) [0x55f0022d91bb]
44  /datasets/pentschev/miniconda3/envs/gdf/bin/python(+0x139ef3) [0x55f0022e5ef3]
45  /datasets/pentschev/miniconda3/envs/gdf/bin/python(_PyEval_EvalFrameDefault+0x68b) [0x55f0022d581b]
46  /datasets/pentschev/miniconda3/envs/gdf/bin/python(+0x12827a) [0x55f0022d427a]
47  /datasets/pentschev/miniconda3/envs/gdf/bin/python(_PyFunction_Vectorcall+0xd5) [0x55f0022e5c05]
48  /datasets/pentschev/miniconda3/envs/gdf/bin/python(_PyEval_EvalFrameDefault+0x68b) [0x55f0022d581b]
49  /datasets/pentschev/miniconda3/envs/gdf/bin/python(+0x139ef3) [0x55f0022e5ef3]
50  /datasets/pentschev/miniconda3/envs/gdf/bin/python(_PyEval_EvalFrameDefault+0x3d8) [0x55f0022d5568]
51  /datasets/pentschev/miniconda3/envs/gdf/bin/python(+0x12827a) [0x55f0022d427a]
52  /datasets/pentschev/miniconda3/envs/gdf/bin/python(_PyFunction_Vectorcall+0xd5) [0x55f0022e5c05]
53  /datasets/pentschev/miniconda3/envs/gdf/bin/python(_PyEval_EvalFrameDefault+0x123b) [0x55f0022d63cb]
54  /datasets/pentschev/miniconda3/envs/gdf/bin/python(+0x12827a) [0x55f0022d427a]
55  /datasets/pentschev/miniconda3/envs/gdf/bin/python(_PyEval_EvalCodeWithName+0x47) [0x55f0022d3f07]
56  /datasets/pentschev/miniconda3/envs/gdf/bin/python(PyEval_EvalCodeEx+0x39) [0x55f0022d3eb9]
57  /datasets/pentschev/miniconda3/envs/gdf/bin/python(PyEval_EvalCode+0x1b) [0x55f0023848bb]
58  /datasets/pentschev/miniconda3/envs/gdf/bin/python(+0x206adc) [0x55f0023b2adc]
59  /datasets/pentschev/miniconda3/envs/gdf/bin/python(+0x202c24) [0x55f0023aec24]
60  /datasets/pentschev/miniconda3/envs/gdf/bin/python(PyRun_StringFlags+0x9d) [0x55f0023a67ed]
61  /datasets/pentschev/miniconda3/envs/gdf/bin/python(PyRun_SimpleStringFlags+0x3d) [0x55f0023a66bd]
=================================
[dgx13:31880:0:31880] Caught signal 11 (Segmentation fault: address not mapped to object at address 0x448)
==== backtrace (tid:  31880) ====
 0  /datasets/pentschev/miniconda3/envs/gdf/lib/libucs.so.0(ucs_handle_error+0x2d4) [0x7fae6c83d614]
 1  /datasets/pentschev/miniconda3/envs/gdf/lib/libucs.so.0(+0x2e7ef) [0x7fae6c83d7ef]
 2  /datasets/pentschev/miniconda3/envs/gdf/lib/libucs.so.0(+0x2eb14) [0x7fae6c83db14]
 3  /lib/x86_64-linux-gnu/libpthread.so.0(+0x12980) [0x7faef0058980]
 4  /datasets/pentschev/miniconda3/envs/gdf/lib/libucp.so.0(ucp_mem_type_unpack+0x14) [0x7fae6cac23b4]
 5  /datasets/pentschev/miniconda3/envs/gdf/lib/libucp.so.0(ucp_rndv_data_handler+0x508) [0x7fae6caf2a08]
 6  /datasets/pentschev/miniconda3/envs/gdf/lib/libuct.so.0(+0x20b5f) [0x7fae6c5f1b5f]
 7  /datasets/pentschev/miniconda3/envs/gdf/lib/libuct.so.0(+0x21134) [0x7fae6c5f2134]
 8  /datasets/pentschev/miniconda3/envs/gdf/lib/libuct.so.0(+0x23578) [0x7fae6c5f4578]
 9  /datasets/pentschev/miniconda3/envs/gdf/lib/libucs.so.0(ucs_event_set_wait+0xb9) [0x7fae6c847c99]
10  /datasets/pentschev/miniconda3/envs/gdf/lib/libuct.so.0(uct_tcp_iface_progress+0x7b) [0x7fae6c5f461b]
11  /datasets/pentschev/miniconda3/envs/gdf/lib/libucp.so.0(ucp_worker_progress+0x6a) [0x7fae6cabecaa]
12  /datasets/pentschev/miniconda3/envs/gdf/lib/python3.9/site-packages/ucp/_libs/ucx_api.cpython-39-x86_64-linux-gnu.so(+0x26c79) [0x7fae6cd78c79]
13  /datasets/pentschev/miniconda3/envs/gdf/bin/python(+0x13eb08) [0x55b5e2141b08]
14  /datasets/pentschev/miniconda3/envs/gdf/bin/python(_PyEval_EvalFrameDefault+0x5f82) [0x55b5e2132112]
15  /datasets/pentschev/miniconda3/envs/gdf/bin/python(+0x12827a) [0x55b5e212b27a]
16  /datasets/pentschev/miniconda3/envs/gdf/bin/python(_PyFunction_Vectorcall+0xd5) [0x55b5e213cc05]
17  /datasets/pentschev/miniconda3/envs/gdf/bin/python(_PyEval_EvalFrameDefault+0x68b) [0x55b5e212c81b]
18  /datasets/pentschev/miniconda3/envs/gdf/bin/python(+0x139ef3) [0x55b5e213cef3]
19  /datasets/pentschev/miniconda3/envs/gdf/bin/python(+0x147a16) [0x55b5e214aa16]
20  /datasets/pentschev/miniconda3/envs/gdf/bin/python(+0x2579b1) [0x55b5e225a9b1]
21  /datasets/pentschev/miniconda3/envs/gdf/bin/python(+0xe5817) [0x55b5e20e8817]
22  /datasets/pentschev/miniconda3/envs/gdf/bin/python(+0x130f83) [0x55b5e2133f83]
23  /datasets/pentschev/miniconda3/envs/gdf/bin/python(_PyEval_EvalFrameDefault+0x5ba6) [0x55b5e2131d36]
24  /datasets/pentschev/miniconda3/envs/gdf/bin/python(+0x139ef3) [0x55b5e213cef3]
25  /datasets/pentschev/miniconda3/envs/gdf/bin/python(_PyEval_EvalFrameDefault+0x68b) [0x55b5e212c81b]
26  /datasets/pentschev/miniconda3/envs/gdf/bin/python(+0x139ef3) [0x55b5e213cef3]
27  /datasets/pentschev/miniconda3/envs/gdf/bin/python(_PyEval_EvalFrameDefault+0x68b) [0x55b5e212c81b]
28  /datasets/pentschev/miniconda3/envs/gdf/bin/python(+0x139ef3) [0x55b5e213cef3]
29  /datasets/pentschev/miniconda3/envs/gdf/bin/python(_PyEval_EvalFrameDefault+0x68b) [0x55b5e212c81b]
30  /datasets/pentschev/miniconda3/envs/gdf/bin/python(+0x139ef3) [0x55b5e213cef3]
31  /datasets/pentschev/miniconda3/envs/gdf/bin/python(_PyEval_EvalFrameDefault+0x68b) [0x55b5e212c81b]
32  /datasets/pentschev/miniconda3/envs/gdf/bin/python(+0x12827a) [0x55b5e212b27a]
33  /datasets/pentschev/miniconda3/envs/gdf/bin/python(_PyFunction_Vectorcall+0xd5) [0x55b5e213cc05]
34  /datasets/pentschev/miniconda3/envs/gdf/bin/python(_PyEval_EvalFrameDefault+0x4e17) [0x55b5e2130fa7]
35  /datasets/pentschev/miniconda3/envs/gdf/bin/python(+0x12827a) [0x55b5e212b27a]
36  /datasets/pentschev/miniconda3/envs/gdf/bin/python(+0x147935) [0x55b5e214a935]
37  /datasets/pentschev/miniconda3/envs/gdf/bin/python(PyObject_Call+0xb4) [0x55b5e214b104]
38  /datasets/pentschev/miniconda3/envs/gdf/bin/python(+0x20efc8) [0x55b5e2211fc8]
39  /datasets/pentschev/miniconda3/envs/gdf/bin/python(_PyObject_MakeTpCall+0x2fc) [0x55b5e21352bc]
40  /datasets/pentschev/miniconda3/envs/gdf/bin/python(_PyEval_EvalFrameDefault+0x402b) [0x55b5e21301bb]
41  /datasets/pentschev/miniconda3/envs/gdf/bin/python(+0x139ef3) [0x55b5e213cef3]
42  /datasets/pentschev/miniconda3/envs/gdf/bin/python(+0x147c72) [0x55b5e214ac72]
43  /datasets/pentschev/miniconda3/envs/gdf/bin/python(_PyEval_EvalFrameDefault+0x402b) [0x55b5e21301bb]
44  /datasets/pentschev/miniconda3/envs/gdf/bin/python(+0x139ef3) [0x55b5e213cef3]
45  /datasets/pentschev/miniconda3/envs/gdf/bin/python(_PyEval_EvalFrameDefault+0x68b) [0x55b5e212c81b]
46  /datasets/pentschev/miniconda3/envs/gdf/bin/python(+0x12827a) [0x55b5e212b27a]
47  /datasets/pentschev/miniconda3/envs/gdf/bin/python(_PyFunction_Vectorcall+0xd5) [0x55b5e213cc05]
48  /datasets/pentschev/miniconda3/envs/gdf/bin/python(_PyEval_EvalFrameDefault+0x68b) [0x55b5e212c81b]
49  /datasets/pentschev/miniconda3/envs/gdf/bin/python(+0x139ef3) [0x55b5e213cef3]
50  /datasets/pentschev/miniconda3/envs/gdf/bin/python(_PyEval_EvalFrameDefault+0x3d8) [0x55b5e212c568]
51  /datasets/pentschev/miniconda3/envs/gdf/bin/python(+0x12827a) [0x55b5e212b27a]
52  /datasets/pentschev/miniconda3/envs/gdf/bin/python(_PyFunction_Vectorcall+0xd5) [0x55b5e213cc05]
53  /datasets/pentschev/miniconda3/envs/gdf/bin/python(_PyEval_EvalFrameDefault+0x123b) [0x55b5e212d3cb]
54  /datasets/pentschev/miniconda3/envs/gdf/bin/python(+0x12827a) [0x55b5e212b27a]
55  /datasets/pentschev/miniconda3/envs/gdf/bin/python(_PyEval_EvalCodeWithName+0x47) [0x55b5e212af07]
56  /datasets/pentschev/miniconda3/envs/gdf/bin/python(PyEval_EvalCodeEx+0x39) [0x55b5e212aeb9]
57  /datasets/pentschev/miniconda3/envs/gdf/bin/python(PyEval_EvalCode+0x1b) [0x55b5e21db8bb]
58  /datasets/pentschev/miniconda3/envs/gdf/bin/python(+0x206adc) [0x55b5e2209adc]
59  /datasets/pentschev/miniconda3/envs/gdf/bin/python(+0x202c24) [0x55b5e2205c24]
60  /datasets/pentschev/miniconda3/envs/gdf/bin/python(PyRun_StringFlags+0x9d) [0x55b5e21fd7ed]
61  /datasets/pentschev/miniconda3/envs/gdf/bin/python(PyRun_SimpleStringFlags+0x3d) [0x55b5e21fd6bd]
=================================
[dgx13:31877:0:31877] Caught signal 11 (Segmentation fault: address not mapped to object at address 0x448)
==== backtrace (tid:  31877) ====
 0  /datasets/pentschev/miniconda3/envs/gdf/lib/libucs.so.0(ucs_handle_error+0x2d4) [0x7f2f65ba2614]
 1  /datasets/pentschev/miniconda3/envs/gdf/lib/libucs.so.0(+0x2e7ef) [0x7f2f65ba27ef]
 2  /datasets/pentschev/miniconda3/envs/gdf/lib/libucs.so.0(+0x2eb14) [0x7f2f65ba2b14]
 3  /lib/x86_64-linux-gnu/libpthread.so.0(+0x12980) [0x7f2fdb196980]
 4  /datasets/pentschev/miniconda3/envs/gdf/lib/libucp.so.0(ucp_mem_type_unpack+0x14) [0x7f2f65e273b4]
 5  /datasets/pentschev/miniconda3/envs/gdf/lib/libucp.so.0(ucp_rndv_data_handler+0x508) [0x7f2f65e57a08]
 6  /datasets/pentschev/miniconda3/envs/gdf/lib/libuct.so.0(+0x20b5f) [0x7f2f65956b5f]
 7  /datasets/pentschev/miniconda3/envs/gdf/lib/libuct.so.0(+0x21134) [0x7f2f65957134]
 8  /datasets/pentschev/miniconda3/envs/gdf/lib/libuct.so.0(+0x23578) [0x7f2f65959578]
 9  /datasets/pentschev/miniconda3/envs/gdf/lib/libucs.so.0(ucs_event_set_wait+0xb9) [0x7f2f65bacc99]
10  /datasets/pentschev/miniconda3/envs/gdf/lib/libuct.so.0(uct_tcp_iface_progress+0x7b) [0x7f2f6595961b]
11  /datasets/pentschev/miniconda3/envs/gdf/lib/libucp.so.0(ucp_worker_progress+0x6a) [0x7f2f65e23caa]
12  /datasets/pentschev/miniconda3/envs/gdf/lib/python3.9/site-packages/ucp/_libs/ucx_api.cpython-39-x86_64-linux-gnu.so(+0x26c79) [0x7f2f660ddc79]
13  /datasets/pentschev/miniconda3/envs/gdf/bin/python(+0x13eb08) [0x55fb77b65b08]
14  /datasets/pentschev/miniconda3/envs/gdf/bin/python(_PyEval_EvalFrameDefault+0x5f82) [0x55fb77b56112]
15  /datasets/pentschev/miniconda3/envs/gdf/bin/python(+0x12827a) [0x55fb77b4f27a]
16  /datasets/pentschev/miniconda3/envs/gdf/bin/python(_PyFunction_Vectorcall+0xd5) [0x55fb77b60c05]
17  /datasets/pentschev/miniconda3/envs/gdf/bin/python(_PyEval_EvalFrameDefault+0x68b) [0x55fb77b5081b]
18  /datasets/pentschev/miniconda3/envs/gdf/bin/python(+0x14e70e) [0x55fb77b7570e]
19  /datasets/pentschev/miniconda3/envs/gdf/lib/python3.9/lib-dynload/_asyncio.cpython-39-x86_64-linux-gnu.so(+0x82fe) [0x7f2f7570f2fe]
20  /datasets/pentschev/miniconda3/envs/gdf/bin/python(_PyObject_MakeTpCall+0x2fc) [0x55fb77b592bc]
21  /datasets/pentschev/miniconda3/envs/gdf/bin/python(+0xe5817) [0x55fb77b0c817]
22  /datasets/pentschev/miniconda3/envs/gdf/bin/python(+0x130f83) [0x55fb77b57f83]
23  /datasets/pentschev/miniconda3/envs/gdf/bin/python(_PyEval_EvalFrameDefault+0x5ba6) [0x55fb77b55d36]
24  /datasets/pentschev/miniconda3/envs/gdf/bin/python(+0x139ef3) [0x55fb77b60ef3]
25  /datasets/pentschev/miniconda3/envs/gdf/bin/python(_PyEval_EvalFrameDefault+0x68b) [0x55fb77b5081b]
26  /datasets/pentschev/miniconda3/envs/gdf/bin/python(+0x139ef3) [0x55fb77b60ef3]
27  /datasets/pentschev/miniconda3/envs/gdf/bin/python(_PyEval_EvalFrameDefault+0x68b) [0x55fb77b5081b]
28  /datasets/pentschev/miniconda3/envs/gdf/bin/python(+0x139ef3) [0x55fb77b60ef3]
29  /datasets/pentschev/miniconda3/envs/gdf/bin/python(_PyEval_EvalFrameDefault+0x68b) [0x55fb77b5081b]
30  /datasets/pentschev/miniconda3/envs/gdf/bin/python(+0x139ef3) [0x55fb77b60ef3]
31  /datasets/pentschev/miniconda3/envs/gdf/bin/python(_PyEval_EvalFrameDefault+0x68b) [0x55fb77b5081b]
32  /datasets/pentschev/miniconda3/envs/gdf/bin/python(+0x12827a) [0x55fb77b4f27a]
33  /datasets/pentschev/miniconda3/envs/gdf/bin/python(_PyFunction_Vectorcall+0xd5) [0x55fb77b60c05]
34  /datasets/pentschev/miniconda3/envs/gdf/bin/python(_PyEval_EvalFrameDefault+0x4e17) [0x55fb77b54fa7]
35  /datasets/pentschev/miniconda3/envs/gdf/bin/python(+0x12827a) [0x55fb77b4f27a]
36  /datasets/pentschev/miniconda3/envs/gdf/bin/python(+0x147935) [0x55fb77b6e935]
37  /datasets/pentschev/miniconda3/envs/gdf/bin/python(PyObject_Call+0xb4) [0x55fb77b6f104]
38  /datasets/pentschev/miniconda3/envs/gdf/bin/python(+0x20efc8) [0x55fb77c35fc8]
39  /datasets/pentschev/miniconda3/envs/gdf/bin/python(_PyObject_MakeTpCall+0x2fc) [0x55fb77b592bc]
40  /datasets/pentschev/miniconda3/envs/gdf/bin/python(_PyEval_EvalFrameDefault+0x402b) [0x55fb77b541bb]
41  /datasets/pentschev/miniconda3/envs/gdf/bin/python(+0x139ef3) [0x55fb77b60ef3]
42  /datasets/pentschev/miniconda3/envs/gdf/bin/python(+0x147c72) [0x55fb77b6ec72]
43  /datasets/pentschev/miniconda3/envs/gdf/bin/python(_PyEval_EvalFrameDefault+0x402b) [0x55fb77b541bb]
44  /datasets/pentschev/miniconda3/envs/gdf/bin/python(+0x139ef3) [0x55fb77b60ef3]
45  /datasets/pentschev/miniconda3/envs/gdf/bin/python(_PyEval_EvalFrameDefault+0x68b) [0x55fb77b5081b]
46  /datasets/pentschev/miniconda3/envs/gdf/bin/python(+0x12827a) [0x55fb77b4f27a]
47  /datasets/pentschev/miniconda3/envs/gdf/bin/python(_PyFunction_Vectorcall+0xd5) [0x55fb77b60c05]
48  /datasets/pentschev/miniconda3/envs/gdf/bin/python(_PyEval_EvalFrameDefault+0x68b) [0x55fb77b5081b]
49  /datasets/pentschev/miniconda3/envs/gdf/bin/python(+0x139ef3) [0x55fb77b60ef3]
50  /datasets/pentschev/miniconda3/envs/gdf/bin/python(_PyEval_EvalFrameDefault+0x3d8) [0x55fb77b50568]
51  /datasets/pentschev/miniconda3/envs/gdf/bin/python(+0x12827a) [0x55fb77b4f27a]
52  /datasets/pentschev/miniconda3/envs/gdf/bin/python(_PyFunction_Vectorcall+0xd5) [0x55fb77b60c05]
53  /datasets/pentschev/miniconda3/envs/gdf/bin/python(_PyEval_EvalFrameDefault+0x123b) [0x55fb77b513cb]
54  /datasets/pentschev/miniconda3/envs/gdf/bin/python(+0x12827a) [0x55fb77b4f27a]
55  /datasets/pentschev/miniconda3/envs/gdf/bin/python(_PyEval_EvalCodeWithName+0x47) [0x55fb77b4ef07]
56  /datasets/pentschev/miniconda3/envs/gdf/bin/python(PyEval_EvalCodeEx+0x39) [0x55fb77b4eeb9]
57  /datasets/pentschev/miniconda3/envs/gdf/bin/python(PyEval_EvalCode+0x1b) [0x55fb77bff8bb]
58  /datasets/pentschev/miniconda3/envs/gdf/bin/python(+0x206adc) [0x55fb77c2dadc]
59  /datasets/pentschev/miniconda3/envs/gdf/bin/python(+0x202c24) [0x55fb77c29c24]
60  /datasets/pentschev/miniconda3/envs/gdf/bin/python(PyRun_StringFlags+0x9d) [0x55fb77c217ed]
61  /datasets/pentschev/miniconda3/envs/gdf/bin/python(PyRun_SimpleStringFlags+0x3d) [0x55fb77c216bd]
=================================
2023-02-07 00:00:07,871 - distributed.worker - ERROR - Worker stream died during communication: ucx://127.0.0.1:58761
Traceback (most recent call last):
  File "/datasets/pentschev/miniconda3/envs/gdf/lib/python3.9/site-packages/distributed/comm/ucx.py", line 349, in read
    await self.ep.recv(msg)
  File "/datasets/pentschev/miniconda3/envs/gdf/lib/python3.9/site-packages/ucp/core.py", line 725, in recv
    ret = await comm.tag_recv(self._ep, buffer, nbytes, tag, name=log)
ucp._libs.exceptions.UCXCanceled: <[Recv #003] ep: 0x7f9ed13d21c0, tag: 0xe1a5f6be5ccd70f8, nbytes: 16, type: <class 'numpy.ndarray'>>: 

During handling of the above exception, another exception occurred:

Traceback (most recent call last):
  File "/datasets/pentschev/miniconda3/envs/gdf/lib/python3.9/site-packages/distributed/worker.py", line 2058, in gather_dep
    response = await get_data_from_worker(
  File "/datasets/pentschev/miniconda3/envs/gdf/lib/python3.9/site-packages/distributed/worker.py", line 2872, in get_data_from_worker
    return await retry_operation(_get_data, operation="get_data_from_worker")
  File "/datasets/pentschev/miniconda3/envs/gdf/lib/python3.9/site-packages/distributed/utils_comm.py", line 419, in retry_operation
    return await retry(
  File "/datasets/pentschev/miniconda3/envs/gdf/lib/python3.9/site-packages/distributed/utils_comm.py", line 404, in retry
    return await coro()
  File "/datasets/pentschev/miniconda3/envs/gdf/lib/python3.9/site-packages/distributed/worker.py", line 2852, in _get_data
    response = await send_recv(
  File "/datasets/pentschev/miniconda3/envs/gdf/lib/python3.9/site-packages/distributed/core.py", line 986, in send_recv
    response = await comm.read(deserializers=deserializers)
  File "/datasets/pentschev/miniconda3/envs/gdf/lib/python3.9/site-packages/distributed/utils.py", line 741, in wrapper
    return await func(*args, **kwargs)
  File "/datasets/pentschev/miniconda3/envs/gdf/lib/python3.9/site-packages/distributed/comm/ucx.py", line 367, in read
    raise CommClosedError(
distributed.comm.core.CommClosedError: Connection closed by writer.
Inner exception: UCXCanceled("<[Recv #003] ep: 0x7f9ed13d21c0, tag: 0xe1a5f6be5ccd70f8, nbytes: 16, type: <class 'numpy.ndarray'>>: ")
Task exception was never retrieved
future: <Task finished name='Task-328' coro=<_listener_handler_coroutine() done, defined at /datasets/pentschev/miniconda3/envs/gdf/lib/python3.9/site-packages/ucp/core.py:128> exception=UCXError('<stream_send>: Connection reset by remote peer')>
Traceback (most recent call last):
  File "/datasets/pentschev/miniconda3/envs/gdf/lib/python3.9/site-packages/ucp/core.py", line 143, in _listener_handler_coroutine
    peer_info = await exchange_peer_info(
  File "/datasets/pentschev/miniconda3/envs/gdf/lib/python3.9/site-packages/ucp/core.py", line 51, in exchange_peer_info
    await comm.stream_send(endpoint, my_info_arr, my_info_arr.nbytes)
ucp._libs.exceptions.UCXError: <stream_send>: Connection reset by remote peer
2023-02-07 00:00:07,874 - distributed.worker - ERROR - Worker stream died during communication: ucx://127.0.0.1:58761
Traceback (most recent call last):
  File "/datasets/pentschev/miniconda3/envs/gdf/lib/python3.9/site-packages/distributed/comm/ucx.py", line 349, in read
    await self.ep.recv(msg)
  File "/datasets/pentschev/miniconda3/envs/gdf/lib/python3.9/site-packages/ucp/core.py", line 725, in recv
    ret = await comm.tag_recv(self._ep, buffer, nbytes, tag, name=log)
ucp._libs.exceptions.UCXCanceled: <[Recv #003] ep: 0x7f4a4014a1c0, tag: 0x81701220efcc72e2, nbytes: 16, type: <class 'numpy.ndarray'>>: 

During handling of the above exception, another exception occurred:

Traceback (most recent call last):
  File "/datasets/pentschev/miniconda3/envs/gdf/lib/python3.9/site-packages/distributed/worker.py", line 2058, in gather_dep
    response = await get_data_from_worker(
  File "/datasets/pentschev/miniconda3/envs/gdf/lib/python3.9/site-packages/distributed/worker.py", line 2872, in get_data_from_worker
    return await retry_operation(_get_data, operation="get_data_from_worker")
  File "/datasets/pentschev/miniconda3/envs/gdf/lib/python3.9/site-packages/distributed/utils_comm.py", line 419, in retry_operation
    return await retry(
  File "/datasets/pentschev/miniconda3/envs/gdf/lib/python3.9/site-packages/distributed/utils_comm.py", line 404, in retry
    return await coro()
  File "/datasets/pentschev/miniconda3/envs/gdf/lib/python3.9/site-packages/distributed/worker.py", line 2852, in _get_data
    response = await send_recv(
  File "/datasets/pentschev/miniconda3/envs/gdf/lib/python3.9/site-packages/distributed/core.py", line 986, in send_recv
    response = await comm.read(deserializers=deserializers)
  File "/datasets/pentschev/miniconda3/envs/gdf/lib/python3.9/site-packages/distributed/utils.py", line 741, in wrapper
    return await func(*args, **kwargs)
  File "/datasets/pentschev/miniconda3/envs/gdf/lib/python3.9/site-packages/distributed/comm/ucx.py", line 367, in read
    raise CommClosedError(
distributed.comm.core.CommClosedError: Connection closed by writer.
Inner exception: UCXCanceled("<[Recv #003] ep: 0x7f4a4014a1c0, tag: 0x81701220efcc72e2, nbytes: 16, type: <class 'numpy.ndarray'>>: ")
2023-02-07 00:00:07,893 - distributed.worker - ERROR - failed during get data with ucx://127.0.0.1:48513 -> ucx://127.0.0.1:50965
Traceback (most recent call last):
  File "/datasets/pentschev/miniconda3/envs/gdf/lib/python3.9/site-packages/distributed/comm/ucx.py", line 333, in write
    await self.ep.send(each_frame)
  File "/datasets/pentschev/miniconda3/envs/gdf/lib/python3.9/site-packages/ucp/core.py", line 650, in send
    return await comm.tag_send(self._ep, buffer, nbytes, tag, name=log)
ucp._libs.exceptions.UCXError: <[Send #007] ep: 0x7f85a00162c0, tag: 0xbc0af4b48a835f90, nbytes: 50000000, type: <class 'cupy.ndarray'>>: Connection reset by remote peer

During handling of the above exception, another exception occurred:

Traceback (most recent call last):
  File "/datasets/pentschev/miniconda3/envs/gdf/lib/python3.9/site-packages/distributed/worker.py", line 1766, in get_data
    compressed = await comm.write(msg, serializers=serializers)
  File "/datasets/pentschev/miniconda3/envs/gdf/lib/python3.9/site-packages/distributed/utils.py", line 741, in wrapper
    return await func(*args, **kwargs)
  File "/datasets/pentschev/miniconda3/envs/gdf/lib/python3.9/site-packages/distributed/comm/ucx.py", line 337, in write
    raise CommClosedError("While writing, the connection was closed")
distributed.comm.core.CommClosedError: While writing, the connection was closed
2023-02-07 00:00:07,895 - distributed.nanny - WARNING - Restarting worker
[dgx13:31865:0:31865] Caught signal 11 (Segmentation fault: address not mapped to object at address 0x448)
==== backtrace (tid:  31865) ====
 0  /datasets/pentschev/miniconda3/envs/gdf/lib/libucs.so.0(ucs_handle_error+0x2d4) [0x7f8598e58614]
 1  /datasets/pentschev/miniconda3/envs/gdf/lib/libucs.so.0(+0x2e7ef) [0x7f8598e587ef]
 2  /datasets/pentschev/miniconda3/envs/gdf/lib/libucs.so.0(+0x2eb14) [0x7f8598e58b14]
 3  /lib/x86_64-linux-gnu/libpthread.so.0(+0x12980) [0x7f860e5ed980]
 4  /datasets/pentschev/miniconda3/envs/gdf/lib/libucp.so.0(ucp_mem_type_unpack+0x14) [0x7f85990dd3b4]
 5  /datasets/pentschev/miniconda3/envs/gdf/lib/libucp.so.0(ucp_rndv_data_handler+0x508) [0x7f859910da08]
 6  /datasets/pentschev/miniconda3/envs/gdf/lib/libuct.so.0(+0x20b5f) [0x7f8598c0cb5f]
 7  /datasets/pentschev/miniconda3/envs/gdf/lib/libuct.so.0(+0x21134) [0x7f8598c0d134]
 8  /datasets/pentschev/miniconda3/envs/gdf/lib/libuct.so.0(+0x23578) [0x7f8598c0f578]
 9  /datasets/pentschev/miniconda3/envs/gdf/lib/libucs.so.0(ucs_event_set_wait+0xb9) [0x7f8598e62c99]
10  /datasets/pentschev/miniconda3/envs/gdf/lib/libuct.so.0(uct_tcp_iface_progress+0x7b) [0x7f8598c0f61b]
11  /datasets/pentschev/miniconda3/envs/gdf/lib/libucp.so.0(ucp_worker_progress+0x6a) [0x7f85990d9caa]
12  /datasets/pentschev/miniconda3/envs/gdf/lib/python3.9/site-packages/ucp/_libs/ucx_api.cpython-39-x86_64-linux-gnu.so(+0x26c79) [0x7f8599393c79]
13  /datasets/pentschev/miniconda3/envs/gdf/bin/python(+0x13eb08) [0x55fca69a7b08]
14  /datasets/pentschev/miniconda3/envs/gdf/bin/python(_PyEval_EvalFrameDefault+0x5f82) [0x55fca6998112]
15  /datasets/pentschev/miniconda3/envs/gdf/bin/python(+0x12827a) [0x55fca699127a]
16  /datasets/pentschev/miniconda3/envs/gdf/bin/python(_PyFunction_Vectorcall+0xd5) [0x55fca69a2c05]
17  /datasets/pentschev/miniconda3/envs/gdf/bin/python(_PyEval_EvalFrameDefault+0x68b) [0x55fca699281b]
18  /datasets/pentschev/miniconda3/envs/gdf/bin/python(+0x14e70e) [0x55fca69b770e]
19  /datasets/pentschev/miniconda3/envs/gdf/lib/python3.9/lib-dynload/_asyncio.cpython-39-x86_64-linux-gnu.so(+0x82fe) [0x7f85a8b672fe]
20  /datasets/pentschev/miniconda3/envs/gdf/bin/python(_PyObject_MakeTpCall+0x2fc) [0x55fca699b2bc]
21  /datasets/pentschev/miniconda3/envs/gdf/bin/python(+0xe5817) [0x55fca694e817]
22  /datasets/pentschev/miniconda3/envs/gdf/bin/python(+0x130f83) [0x55fca6999f83]
23  /datasets/pentschev/miniconda3/envs/gdf/bin/python(_PyEval_EvalFrameDefault+0x5ba6) [0x55fca6997d36]
24  /datasets/pentschev/miniconda3/envs/gdf/bin/python(+0x139ef3) [0x55fca69a2ef3]
25  /datasets/pentschev/miniconda3/envs/gdf/bin/python(_PyEval_EvalFrameDefault+0x68b) [0x55fca699281b]
26  /datasets/pentschev/miniconda3/envs/gdf/bin/python(+0x139ef3) [0x55fca69a2ef3]
27  /datasets/pentschev/miniconda3/envs/gdf/bin/python(_PyEval_EvalFrameDefault+0x68b) [0x55fca699281b]
28  /datasets/pentschev/miniconda3/envs/gdf/bin/python(+0x139ef3) [0x55fca69a2ef3]
29  /datasets/pentschev/miniconda3/envs/gdf/bin/python(_PyEval_EvalFrameDefault+0x68b) [0x55fca699281b]
30  /datasets/pentschev/miniconda3/envs/gdf/bin/python(+0x139ef3) [0x55fca69a2ef3]
31  /datasets/pentschev/miniconda3/envs/gdf/bin/python(_PyEval_EvalFrameDefault+0x68b) [0x55fca699281b]
32  /datasets/pentschev/miniconda3/envs/gdf/bin/python(+0x12827a) [0x55fca699127a]
33  /datasets/pentschev/miniconda3/envs/gdf/bin/python(_PyFunction_Vectorcall+0xd5) [0x55fca69a2c05]
34  /datasets/pentschev/miniconda3/envs/gdf/bin/python(_PyEval_EvalFrameDefault+0x4e17) [0x55fca6996fa7]
35  /datasets/pentschev/miniconda3/envs/gdf/bin/python(+0x12827a) [0x55fca699127a]
36  /datasets/pentschev/miniconda3/envs/gdf/bin/python(+0x147935) [0x55fca69b0935]
37  /datasets/pentschev/miniconda3/envs/gdf/bin/python(PyObject_Call+0xb4) [0x55fca69b1104]
38  /datasets/pentschev/miniconda3/envs/gdf/bin/python(+0x20efc8) [0x55fca6a77fc8]
39  /datasets/pentschev/miniconda3/envs/gdf/bin/python(_PyObject_MakeTpCall+0x2fc) [0x55fca699b2bc]
40  /datasets/pentschev/miniconda3/envs/gdf/bin/python(_PyEval_EvalFrameDefault+0x402b) [0x55fca69961bb]
41  /datasets/pentschev/miniconda3/envs/gdf/bin/python(+0x139ef3) [0x55fca69a2ef3]
42  /datasets/pentschev/miniconda3/envs/gdf/bin/python(+0x147c72) [0x55fca69b0c72]
43  /datasets/pentschev/miniconda3/envs/gdf/bin/python(_PyEval_EvalFrameDefault+0x402b) [0x55fca69961bb]
44  /datasets/pentschev/miniconda3/envs/gdf/bin/python(+0x139ef3) [0x55fca69a2ef3]
45  /datasets/pentschev/miniconda3/envs/gdf/bin/python(_PyEval_EvalFrameDefault+0x68b) [0x55fca699281b]
46  /datasets/pentschev/miniconda3/envs/gdf/bin/python(+0x12827a) [0x55fca699127a]
47  /datasets/pentschev/miniconda3/envs/gdf/bin/python(_PyFunction_Vectorcall+0xd5) [0x55fca69a2c05]
48  /datasets/pentschev/miniconda3/envs/gdf/bin/python(_PyEval_EvalFrameDefault+0x68b) [0x55fca699281b]
49  /datasets/pentschev/miniconda3/envs/gdf/bin/python(+0x139ef3) [0x55fca69a2ef3]
50  /datasets/pentschev/miniconda3/envs/gdf/bin/python(_PyEval_EvalFrameDefault+0x3d8) [0x55fca6992568]
51  /datasets/pentschev/miniconda3/envs/gdf/bin/python(+0x12827a) [0x55fca699127a]
52  /datasets/pentschev/miniconda3/envs/gdf/bin/python(_PyFunction_Vectorcall+0xd5) [0x55fca69a2c05]
53  /datasets/pentschev/miniconda3/envs/gdf/bin/python(_PyEval_EvalFrameDefault+0x123b) [0x55fca69933cb]
54  /datasets/pentschev/miniconda3/envs/gdf/bin/python(+0x12827a) [0x55fca699127a]
55  /datasets/pentschev/miniconda3/envs/gdf/bin/python(_PyEval_EvalCodeWithName+0x47) [0x55fca6990f07]
56  /datasets/pentschev/miniconda3/envs/gdf/bin/python(PyEval_EvalCodeEx+0x39) [0x55fca6990eb9]
57  /datasets/pentschev/miniconda3/envs/gdf/bin/python(PyEval_EvalCode+0x1b) [0x55fca6a418bb]
58  /datasets/pentschev/miniconda3/envs/gdf/bin/python(+0x206adc) [0x55fca6a6fadc]
59  /datasets/pentschev/miniconda3/envs/gdf/bin/python(+0x202c24) [0x55fca6a6bc24]
60  /datasets/pentschev/miniconda3/envs/gdf/bin/python(PyRun_StringFlags+0x9d) [0x55fca6a637ed]
61  /datasets/pentschev/miniconda3/envs/gdf/bin/python(PyRun_SimpleStringFlags+0x3d) [0x55fca6a636bd]
=================================
2023-02-07 00:00:07,964 - distributed.nanny - WARNING - Restarting worker
2023-02-07 00:00:07,980 - distributed.worker - ERROR - Worker stream died during communication: ucx://127.0.0.1:58761
Traceback (most recent call last):
  File "/datasets/pentschev/miniconda3/envs/gdf/lib/python3.9/site-packages/distributed/comm/ucx.py", line 349, in read
    await self.ep.recv(msg)
  File "/datasets/pentschev/miniconda3/envs/gdf/lib/python3.9/site-packages/ucp/core.py", line 725, in recv
    ret = await comm.tag_recv(self._ep, buffer, nbytes, tag, name=log)
ucp._libs.exceptions.UCXCanceled: <[Recv #003] ep: 0x7f835c14f140, tag: 0x361d3d5b408d4324, nbytes: 16, type: <class 'numpy.ndarray'>>: 

During handling of the above exception, another exception occurred:

Traceback (most recent call last):
  File "/datasets/pentschev/miniconda3/envs/gdf/lib/python3.9/site-packages/distributed/worker.py", line 2058, in gather_dep
    response = await get_data_from_worker(
  File "/datasets/pentschev/miniconda3/envs/gdf/lib/python3.9/site-packages/distributed/worker.py", line 2872, in get_data_from_worker
    return await retry_operation(_get_data, operation="get_data_from_worker")
  File "/datasets/pentschev/miniconda3/envs/gdf/lib/python3.9/site-packages/distributed/utils_comm.py", line 419, in retry_operation
    return await retry(
  File "/datasets/pentschev/miniconda3/envs/gdf/lib/python3.9/site-packages/distributed/utils_comm.py", line 404, in retry
    return await coro()
  File "/datasets/pentschev/miniconda3/envs/gdf/lib/python3.9/site-packages/distributed/worker.py", line 2852, in _get_data
    response = await send_recv(
  File "/datasets/pentschev/miniconda3/envs/gdf/lib/python3.9/site-packages/distributed/core.py", line 986, in send_recv
    response = await comm.read(deserializers=deserializers)
  File "/datasets/pentschev/miniconda3/envs/gdf/lib/python3.9/site-packages/distributed/utils.py", line 741, in wrapper
    return await func(*args, **kwargs)
  File "/datasets/pentschev/miniconda3/envs/gdf/lib/python3.9/site-packages/distributed/comm/ucx.py", line 367, in read
    raise CommClosedError(
distributed.comm.core.CommClosedError: Connection closed by writer.
Inner exception: UCXCanceled("<[Recv #003] ep: 0x7f835c14f140, tag: 0x361d3d5b408d4324, nbytes: 16, type: <class 'numpy.ndarray'>>: ")
2023-02-07 00:00:07,982 - distributed.worker - ERROR - Worker stream died during communication: ucx://127.0.0.1:50965
Traceback (most recent call last):
  File "/datasets/pentschev/miniconda3/envs/gdf/lib/python3.9/site-packages/distributed/comm/ucx.py", line 349, in read
    await self.ep.recv(msg)
  File "/datasets/pentschev/miniconda3/envs/gdf/lib/python3.9/site-packages/ucp/core.py", line 725, in recv
    ret = await comm.tag_recv(self._ep, buffer, nbytes, tag, name=log)
ucp._libs.exceptions.UCXCanceled: <[Recv #003] ep: 0x7f835c14f200, tag: 0x7f070ee99e08cb94, nbytes: 16, type: <class 'numpy.ndarray'>>: 

During handling of the above exception, another exception occurred:

Traceback (most recent call last):
  File "/datasets/pentschev/miniconda3/envs/gdf/lib/python3.9/site-packages/distributed/worker.py", line 2058, in gather_dep
    response = await get_data_from_worker(
  File "/datasets/pentschev/miniconda3/envs/gdf/lib/python3.9/site-packages/distributed/worker.py", line 2872, in get_data_from_worker
    return await retry_operation(_get_data, operation="get_data_from_worker")
  File "/datasets/pentschev/miniconda3/envs/gdf/lib/python3.9/site-packages/distributed/utils_comm.py", line 419, in retry_operation
    return await retry(
  File "/datasets/pentschev/miniconda3/envs/gdf/lib/python3.9/site-packages/distributed/utils_comm.py", line 404, in retry
    return await coro()
  File "/datasets/pentschev/miniconda3/envs/gdf/lib/python3.9/site-packages/distributed/worker.py", line 2852, in _get_data
    response = await send_recv(
  File "/datasets/pentschev/miniconda3/envs/gdf/lib/python3.9/site-packages/distributed/core.py", line 986, in send_recv
    response = await comm.read(deserializers=deserializers)
  File "/datasets/pentschev/miniconda3/envs/gdf/lib/python3.9/site-packages/distributed/utils.py", line 741, in wrapper
    return await func(*args, **kwargs)
  File "/datasets/pentschev/miniconda3/envs/gdf/lib/python3.9/site-packages/distributed/comm/ucx.py", line 367, in read
    raise CommClosedError(
distributed.comm.core.CommClosedError: Connection closed by writer.
Inner exception: UCXCanceled("<[Recv #003] ep: 0x7f835c14f200, tag: 0x7f070ee99e08cb94, nbytes: 16, type: <class 'numpy.ndarray'>>: ")
2023-02-07 00:00:08,014 - distributed.worker - ERROR - Worker stream died during communication: ucx://127.0.0.1:57681
Traceback (most recent call last):
  File "/datasets/pentschev/miniconda3/envs/gdf/lib/python3.9/site-packages/distributed/comm/ucx.py", line 349, in read
    await self.ep.recv(msg)
  File "/datasets/pentschev/miniconda3/envs/gdf/lib/python3.9/site-packages/ucp/core.py", line 725, in recv
    ret = await comm.tag_recv(self._ep, buffer, nbytes, tag, name=log)
ucp._libs.exceptions.UCXCanceled: <[Recv #003] ep: 0x7f835c14f1c0, tag: 0xee38dc9106970224, nbytes: 16, type: <class 'numpy.ndarray'>>: 

During handling of the above exception, another exception occurred:

Traceback (most recent call last):
  File "/datasets/pentschev/miniconda3/envs/gdf/lib/python3.9/site-packages/distributed/worker.py", line 2058, in gather_dep
    response = await get_data_from_worker(
  File "/datasets/pentschev/miniconda3/envs/gdf/lib/python3.9/site-packages/distributed/worker.py", line 2872, in get_data_from_worker
    return await retry_operation(_get_data, operation="get_data_from_worker")
  File "/datasets/pentschev/miniconda3/envs/gdf/lib/python3.9/site-packages/distributed/utils_comm.py", line 419, in retry_operation
    return await retry(
  File "/datasets/pentschev/miniconda3/envs/gdf/lib/python3.9/site-packages/distributed/utils_comm.py", line 404, in retry
    return await coro()
  File "/datasets/pentschev/miniconda3/envs/gdf/lib/python3.9/site-packages/distributed/worker.py", line 2852, in _get_data
    response = await send_recv(
  File "/datasets/pentschev/miniconda3/envs/gdf/lib/python3.9/site-packages/distributed/core.py", line 986, in send_recv
    response = await comm.read(deserializers=deserializers)
  File "/datasets/pentschev/miniconda3/envs/gdf/lib/python3.9/site-packages/distributed/utils.py", line 741, in wrapper
    return await func(*args, **kwargs)
  File "/datasets/pentschev/miniconda3/envs/gdf/lib/python3.9/site-packages/distributed/comm/ucx.py", line 367, in read
    raise CommClosedError(
distributed.comm.core.CommClosedError: Connection closed by writer.
Inner exception: UCXCanceled("<[Recv #003] ep: 0x7f835c14f1c0, tag: 0xee38dc9106970224, nbytes: 16, type: <class 'numpy.ndarray'>>: ")
2023-02-07 00:00:08,016 - distributed.worker - ERROR - Worker stream died during communication: ucx://127.0.0.1:57681
Traceback (most recent call last):
  File "/datasets/pentschev/miniconda3/envs/gdf/lib/python3.9/site-packages/distributed/comm/ucx.py", line 391, in read
    await self.ep.recv(each_frame)
  File "/datasets/pentschev/miniconda3/envs/gdf/lib/python3.9/site-packages/ucp/core.py", line 725, in recv
    ret = await comm.tag_recv(self._ep, buffer, nbytes, tag, name=log)
ucp._libs.exceptions.UCXError: <[Recv #007] ep: 0x7f4a4014a100, tag: 0xf734a4c606353388, nbytes: 50000000, type: <class 'rmm._lib.device_buffer.DeviceBuffer'>>: Connection reset by remote peer

During handling of the above exception, another exception occurred:

Traceback (most recent call last):
  File "/datasets/pentschev/miniconda3/envs/gdf/lib/python3.9/site-packages/distributed/worker.py", line 2058, in gather_dep
    response = await get_data_from_worker(
  File "/datasets/pentschev/miniconda3/envs/gdf/lib/python3.9/site-packages/distributed/worker.py", line 2872, in get_data_from_worker
    return await retry_operation(_get_data, operation="get_data_from_worker")
  File "/datasets/pentschev/miniconda3/envs/gdf/lib/python3.9/site-packages/distributed/utils_comm.py", line 419, in retry_operation
    return await retry(
  File "/datasets/pentschev/miniconda3/envs/gdf/lib/python3.9/site-packages/distributed/utils_comm.py", line 404, in retry
    return await coro()
  File "/datasets/pentschev/miniconda3/envs/gdf/lib/python3.9/site-packages/distributed/worker.py", line 2852, in _get_data
    response = await send_recv(
  File "/datasets/pentschev/miniconda3/envs/gdf/lib/python3.9/site-packages/distributed/core.py", line 986, in send_recv
    response = await comm.read(deserializers=deserializers)
  File "/datasets/pentschev/miniconda3/envs/gdf/lib/python3.9/site-packages/distributed/utils.py", line 741, in wrapper
    return await func(*args, **kwargs)
  File "/datasets/pentschev/miniconda3/envs/gdf/lib/python3.9/site-packages/distributed/comm/ucx.py", line 397, in read
    raise CommClosedError(
distributed.comm.core.CommClosedError: Connection closed by writer.
Inner exception: UCXError("<[Recv #007] ep: 0x7f4a4014a100, tag: 0xf734a4c606353388, nbytes: 50000000, type: <class 'rmm._lib.device_buffer.DeviceBuffer'>>: Connection reset by remote peer")
2023-02-07 00:00:08,045 - distributed.worker - ERROR - Worker stream died during communication: ucx://127.0.0.1:48513
Traceback (most recent call last):
  File "/datasets/pentschev/miniconda3/envs/gdf/lib/python3.9/site-packages/distributed/comm/ucx.py", line 349, in read
    await self.ep.recv(msg)
  File "/datasets/pentschev/miniconda3/envs/gdf/lib/python3.9/site-packages/ucp/core.py", line 725, in recv
    ret = await comm.tag_recv(self._ep, buffer, nbytes, tag, name=log)
ucp._libs.exceptions.UCXCanceled: <[Recv #003] ep: 0x7f835c14f100, tag: 0xaee37785f481676d, nbytes: 16, type: <class 'numpy.ndarray'>>: 

During handling of the above exception, another exception occurred:

Traceback (most recent call last):
  File "/datasets/pentschev/miniconda3/envs/gdf/lib/python3.9/site-packages/distributed/worker.py", line 2058, in gather_dep
    response = await get_data_from_worker(
  File "/datasets/pentschev/miniconda3/envs/gdf/lib/python3.9/site-packages/distributed/worker.py", line 2872, in get_data_from_worker
    return await retry_operation(_get_data, operation="get_data_from_worker")
  File "/datasets/pentschev/miniconda3/envs/gdf/lib/python3.9/site-packages/distributed/utils_comm.py", line 419, in retry_operation
    return await retry(
  File "/datasets/pentschev/miniconda3/envs/gdf/lib/python3.9/site-packages/distributed/utils_comm.py", line 404, in retry
    return await coro()
  File "/datasets/pentschev/miniconda3/envs/gdf/lib/python3.9/site-packages/distributed/worker.py", line 2852, in _get_data
    response = await send_recv(
  File "/datasets/pentschev/miniconda3/envs/gdf/lib/python3.9/site-packages/distributed/core.py", line 986, in send_recv
    response = await comm.read(deserializers=deserializers)
  File "/datasets/pentschev/miniconda3/envs/gdf/lib/python3.9/site-packages/distributed/utils.py", line 741, in wrapper
    return await func(*args, **kwargs)
  File "/datasets/pentschev/miniconda3/envs/gdf/lib/python3.9/site-packages/distributed/comm/ucx.py", line 367, in read
    raise CommClosedError(
distributed.comm.core.CommClosedError: Connection closed by writer.
Inner exception: UCXCanceled("<[Recv #003] ep: 0x7f835c14f100, tag: 0xaee37785f481676d, nbytes: 16, type: <class 'numpy.ndarray'>>: ")
2023-02-07 00:00:08,046 - distributed.worker - ERROR - failed during get data with ucx://127.0.0.1:54589 -> ucx://127.0.0.1:48513
Traceback (most recent call last):
  File "/datasets/pentschev/miniconda3/envs/gdf/lib/python3.9/site-packages/distributed/comm/ucx.py", line 333, in write
    await self.ep.send(each_frame)
  File "/datasets/pentschev/miniconda3/envs/gdf/lib/python3.9/site-packages/ucp/core.py", line 650, in send
    return await comm.tag_send(self._ep, buffer, nbytes, tag, name=log)
ucp._libs.exceptions.UCXError: <[Send #007] ep: 0x7f4a4014a240, tag: 0x7afab4c6c8c12667, nbytes: 50000000, type: <class 'cupy.ndarray'>>: Connection reset by remote peer

During handling of the above exception, another exception occurred:

Traceback (most recent call last):
  File "/datasets/pentschev/miniconda3/envs/gdf/lib/python3.9/site-packages/distributed/worker.py", line 1766, in get_data
    compressed = await comm.write(msg, serializers=serializers)
  File "/datasets/pentschev/miniconda3/envs/gdf/lib/python3.9/site-packages/distributed/utils.py", line 741, in wrapper
    return await func(*args, **kwargs)
  File "/datasets/pentschev/miniconda3/envs/gdf/lib/python3.9/site-packages/distributed/comm/ucx.py", line 337, in write
    raise CommClosedError("While writing, the connection was closed")
distributed.comm.core.CommClosedError: While writing, the connection was closed
2023-02-07 00:00:08,047 - distributed.worker - ERROR - failed during get data with ucx://127.0.0.1:55443 -> ucx://127.0.0.1:48513
Traceback (most recent call last):
  File "/datasets/pentschev/miniconda3/envs/gdf/lib/python3.9/site-packages/distributed/comm/ucx.py", line 333, in write
    await self.ep.send(each_frame)
  File "/datasets/pentschev/miniconda3/envs/gdf/lib/python3.9/site-packages/ucp/core.py", line 650, in send
    return await comm.tag_send(self._ep, buffer, nbytes, tag, name=log)
ucp._libs.exceptions.UCXError: <[Send #007] ep: 0x7f9ed13d2240, tag: 0x62ca9a712a6bdad, nbytes: 50000000, type: <class 'cupy.ndarray'>>: Connection reset by remote peer

During handling of the above exception, another exception occurred:

Traceback (most recent call last):
  File "/datasets/pentschev/miniconda3/envs/gdf/lib/python3.9/site-packages/distributed/worker.py", line 1766, in get_data
    compressed = await comm.write(msg, serializers=serializers)
  File "/datasets/pentschev/miniconda3/envs/gdf/lib/python3.9/site-packages/distributed/utils.py", line 741, in wrapper
    return await func(*args, **kwargs)
  File "/datasets/pentschev/miniconda3/envs/gdf/lib/python3.9/site-packages/distributed/comm/ucx.py", line 337, in write
    raise CommClosedError("While writing, the connection was closed")
distributed.comm.core.CommClosedError: While writing, the connection was closed
2023-02-07 00:00:08,047 - distributed.worker - ERROR - Worker stream died during communication: ucx://127.0.0.1:48513
Traceback (most recent call last):
  File "/datasets/pentschev/miniconda3/envs/gdf/lib/python3.9/site-packages/distributed/comm/ucx.py", line 391, in read
    await self.ep.recv(each_frame)
  File "/datasets/pentschev/miniconda3/envs/gdf/lib/python3.9/site-packages/ucp/core.py", line 725, in recv
    ret = await comm.tag_recv(self._ep, buffer, nbytes, tag, name=log)
ucp._libs.exceptions.UCXError: <[Recv #007] ep: 0x7f4a4014a180, tag: 0xe0a7cd92ea0896ec, nbytes: 50000000, type: <class 'rmm._lib.device_buffer.DeviceBuffer'>>: Connection reset by remote peer

During handling of the above exception, another exception occurred:

Traceback (most recent call last):
  File "/datasets/pentschev/miniconda3/envs/gdf/lib/python3.9/site-packages/distributed/worker.py", line 2058, in gather_dep
    response = await get_data_from_worker(
  File "/datasets/pentschev/miniconda3/envs/gdf/lib/python3.9/site-packages/distributed/worker.py", line 2872, in get_data_from_worker
    return await retry_operation(_get_data, operation="get_data_from_worker")
  File "/datasets/pentschev/miniconda3/envs/gdf/lib/python3.9/site-packages/distributed/utils_comm.py", line 419, in retry_operation
    return await retry(
  File "/datasets/pentschev/miniconda3/envs/gdf/lib/python3.9/site-packages/distributed/utils_comm.py", line 404, in retry
    return await coro()
  File "/datasets/pentschev/miniconda3/envs/gdf/lib/python3.9/site-packages/distributed/worker.py", line 2852, in _get_data
    response = await send_recv(
  File "/datasets/pentschev/miniconda3/envs/gdf/lib/python3.9/site-packages/distributed/core.py", line 986, in send_recv
    response = await comm.read(deserializers=deserializers)
  File "/datasets/pentschev/miniconda3/envs/gdf/lib/python3.9/site-packages/distributed/utils.py", line 741, in wrapper
    return await func(*args, **kwargs)
  File "/datasets/pentschev/miniconda3/envs/gdf/lib/python3.9/site-packages/distributed/comm/ucx.py", line 397, in read
    raise CommClosedError(
distributed.comm.core.CommClosedError: Connection closed by writer.
Inner exception: UCXError("<[Recv #007] ep: 0x7f4a4014a180, tag: 0xe0a7cd92ea0896ec, nbytes: 50000000, type: <class 'rmm._lib.device_buffer.DeviceBuffer'>>: Connection reset by remote peer")
2023-02-07 00:00:08,047 - distributed.worker - ERROR - Worker stream died during communication: ucx://127.0.0.1:48513
Traceback (most recent call last):
  File "/datasets/pentschev/miniconda3/envs/gdf/lib/python3.9/site-packages/distributed/comm/ucx.py", line 349, in read
    await self.ep.recv(msg)
  File "/datasets/pentschev/miniconda3/envs/gdf/lib/python3.9/site-packages/ucp/core.py", line 725, in recv
    ret = await comm.tag_recv(self._ep, buffer, nbytes, tag, name=log)
ucp._libs.exceptions.UCXCanceled: <[Recv #003] ep: 0x7f9ed13d2100, tag: 0xe171c4b538458235, nbytes: 16, type: <class 'numpy.ndarray'>>: 

During handling of the above exception, another exception occurred:

Traceback (most recent call last):
  File "/datasets/pentschev/miniconda3/envs/gdf/lib/python3.9/site-packages/distributed/worker.py", line 2058, in gather_dep
    response = await get_data_from_worker(
  File "/datasets/pentschev/miniconda3/envs/gdf/lib/python3.9/site-packages/distributed/worker.py", line 2872, in get_data_from_worker
    return await retry_operation(_get_data, operation="get_data_from_worker")
  File "/datasets/pentschev/miniconda3/envs/gdf/lib/python3.9/site-packages/distributed/utils_comm.py", line 419, in retry_operation
    return await retry(
  File "/datasets/pentschev/miniconda3/envs/gdf/lib/python3.9/site-packages/distributed/utils_comm.py", line 404, in retry
    return await coro()
  File "/datasets/pentschev/miniconda3/envs/gdf/lib/python3.9/site-packages/distributed/worker.py", line 2852, in _get_data
    response = await send_recv(
  File "/datasets/pentschev/miniconda3/envs/gdf/lib/python3.9/site-packages/distributed/core.py", line 986, in send_recv
    response = await comm.read(deserializers=deserializers)
  File "/datasets/pentschev/miniconda3/envs/gdf/lib/python3.9/site-packages/distributed/utils.py", line 741, in wrapper
    return await func(*args, **kwargs)
  File "/datasets/pentschev/miniconda3/envs/gdf/lib/python3.9/site-packages/distributed/comm/ucx.py", line 367, in read
    raise CommClosedError(
distributed.comm.core.CommClosedError: Connection closed by writer.
Inner exception: UCXCanceled("<[Recv #003] ep: 0x7f9ed13d2100, tag: 0xe171c4b538458235, nbytes: 16, type: <class 'numpy.ndarray'>>: ")
2023-02-07 00:00:08,053 - distributed.nanny - WARNING - Restarting worker
2023-02-07 00:00:08,183 - distributed.nanny - WARNING - Restarting worker
2023-02-07 00:00:08,185 - distributed.nanny - WARNING - Restarting worker
2023-02-07 00:00:09,777 - distributed.preloading - INFO - Creating preload: dask_cuda.initialize
2023-02-07 00:00:09,777 - distributed.preloading - INFO - Import preload module: dask_cuda.initialize
2023-02-07 00:00:09,785 - distributed.preloading - INFO - Creating preload: dask_cuda.initialize
2023-02-07 00:00:09,785 - distributed.preloading - INFO - Import preload module: dask_cuda.initialize
2023-02-07 00:00:09,832 - distributed.preloading - INFO - Creating preload: dask_cuda.initialize
2023-02-07 00:00:09,832 - distributed.preloading - INFO - Import preload module: dask_cuda.initialize
2023-02-07 00:00:09,987 - distributed.preloading - INFO - Creating preload: dask_cuda.initialize
2023-02-07 00:00:09,987 - distributed.preloading - INFO - Import preload module: dask_cuda.initialize
2023-02-07 00:00:10,060 - distributed.preloading - INFO - Creating preload: dask_cuda.initialize
2023-02-07 00:00:10,060 - distributed.preloading - INFO - Import preload module: dask_cuda.initialize
2023-02-07 00:00:37,853 - distributed.worker - ERROR - Worker stream died during communication: ucx://127.0.0.1:50965
Traceback (most recent call last):
  File "/datasets/pentschev/miniconda3/envs/gdf/lib/python3.9/site-packages/distributed/comm/ucx.py", line 466, in connect
    ep = await ucp.create_endpoint(ip, port)
  File "/datasets/pentschev/miniconda3/envs/gdf/lib/python3.9/site-packages/ucp/core.py", line 1004, in create_endpoint
    return await _get_ctx().create_endpoint(
  File "/datasets/pentschev/miniconda3/envs/gdf/lib/python3.9/site-packages/ucp/core.py", line 316, in create_endpoint
    peer_info = await exchange_peer_info(
  File "/datasets/pentschev/miniconda3/envs/gdf/lib/python3.9/site-packages/ucp/core.py", line 54, in exchange_peer_info
    await comm.stream_recv(endpoint, peer_info_arr, peer_info_arr.nbytes)
asyncio.exceptions.CancelledError

During handling of the above exception, another exception occurred:

Traceback (most recent call last):
  File "/datasets/pentschev/miniconda3/envs/gdf/lib/python3.9/asyncio/tasks.py", line 490, in wait_for
    return fut.result()
asyncio.exceptions.CancelledError

The above exception was the direct cause of the following exception:

Traceback (most recent call last):
  File "/datasets/pentschev/miniconda3/envs/gdf/lib/python3.9/site-packages/distributed/comm/core.py", line 291, in connect
    comm = await asyncio.wait_for(
  File "/datasets/pentschev/miniconda3/envs/gdf/lib/python3.9/asyncio/tasks.py", line 492, in wait_for
    raise exceptions.TimeoutError() from exc
asyncio.exceptions.TimeoutError

The above exception was the direct cause of the following exception:

Traceback (most recent call last):
  File "/datasets/pentschev/miniconda3/envs/gdf/lib/python3.9/site-packages/distributed/worker.py", line 2058, in gather_dep
    response = await get_data_from_worker(
  File "/datasets/pentschev/miniconda3/envs/gdf/lib/python3.9/site-packages/distributed/worker.py", line 2872, in get_data_from_worker
    return await retry_operation(_get_data, operation="get_data_from_worker")
  File "/datasets/pentschev/miniconda3/envs/gdf/lib/python3.9/site-packages/distributed/utils_comm.py", line 419, in retry_operation
    return await retry(
  File "/datasets/pentschev/miniconda3/envs/gdf/lib/python3.9/site-packages/distributed/utils_comm.py", line 404, in retry
    return await coro()
  File "/datasets/pentschev/miniconda3/envs/gdf/lib/python3.9/site-packages/distributed/worker.py", line 2849, in _get_data
    comm = await rpc.connect(worker)
  File "/datasets/pentschev/miniconda3/envs/gdf/lib/python3.9/site-packages/distributed/core.py", line 1439, in connect
    return await connect_attempt
  File "/datasets/pentschev/miniconda3/envs/gdf/lib/python3.9/site-packages/distributed/core.py", line 1375, in _connect
    comm = await connect(
  File "/datasets/pentschev/miniconda3/envs/gdf/lib/python3.9/site-packages/distributed/comm/core.py", line 317, in connect
    raise OSError(
OSError: Timed out trying to connect to ucx://127.0.0.1:50965 after 30 s
/datasets/pentschev/miniconda3/envs/gdf/lib/python3.9/multiprocessing/resource_tracker.py:216: UserWarning: resource_tracker: There appear to be 48 leaked semaphore objects to clean up at shutdown
  warnings.warn('resource_tracker: There appear to be %d '
