[dgx13:80344:0:80344] Caught signal 11 (Segmentation fault: address not mapped to object at address 0x448)
==== backtrace (tid:  80344) ====
 0  /opt/conda/envs/gdf/lib/libucs.so.0(ucs_handle_error+0x2fd) [0x7efbaf1330cd]
 1  /opt/conda/envs/gdf/lib/libucs.so.0(+0x2a2c4) [0x7efbaf1332c4]
 2  /opt/conda/envs/gdf/lib/libucs.so.0(+0x2a48a) [0x7efbaf13348a]
 3  /usr/lib/x86_64-linux-gnu/libpthread.so.0(+0x14420) [0x7efc5f8a1420]
 4  /opt/conda/envs/gdf/lib/libucp.so.0(ucp_mem_type_unpack+0x14) [0x7efbaf1b2674]
 5  /opt/conda/envs/gdf/lib/libucp.so.0(ucp_rndv_data_handler+0x4e9) [0x7efbaf1db7f9]
 6  /opt/conda/envs/gdf/lib/libuct.so.0(+0x203df) [0x7efbaf0ed3df]
 7  /opt/conda/envs/gdf/lib/libuct.so.0(+0x23838) [0x7efbaf0f0838]
 8  /opt/conda/envs/gdf/lib/libucs.so.0(ucs_event_set_wait+0xb9) [0x7efbaf13c4f9]
 9  /opt/conda/envs/gdf/lib/libuct.so.0(uct_tcp_iface_progress+0x7d) [0x7efbaf0ef5dd]
10  /opt/conda/envs/gdf/lib/libucp.so.0(ucp_worker_progress+0x5a) [0x7efbaf1af89a]
11  /opt/conda/envs/gdf/lib/python3.9/site-packages/ucp/_libs/ucx_api.cpython-39-x86_64-linux-gnu.so(+0x3a5fa) [0x7efbaf2705fa]
12  /opt/conda/envs/gdf/bin/python(_PyEval_EvalFrameDefault+0x37cb) [0x55a680ec26fb]
13  /opt/conda/envs/gdf/bin/python(+0x12f094) [0x55a680ebe094]
14  /opt/conda/envs/gdf/bin/python(_PyFunction_Vectorcall+0xd9) [0x55a680ecf519]
15  /opt/conda/envs/gdf/bin/python(_PyEval_EvalFrameDefault+0x696) [0x55a680ebf5c6]
16  /opt/conda/envs/gdf/bin/python(+0x1407c2) [0x55a680ecf7c2]
17  /opt/conda/envs/gdf/bin/python(+0x14de83) [0x55a680edce83]
18  /opt/conda/envs/gdf/bin/python(+0x258b2c) [0x55a680fe7b2c]
19  /opt/conda/envs/gdf/bin/python(+0xead05) [0x55a680e79d05]
20  /opt/conda/envs/gdf/bin/python(+0x1377f3) [0x55a680ec67f3]
21  /opt/conda/envs/gdf/bin/python(_PyEval_EvalFrameDefault+0x59f9) [0x55a680ec4929]
22  /opt/conda/envs/gdf/bin/python(+0x1407c2) [0x55a680ecf7c2]
23  /opt/conda/envs/gdf/bin/python(_PyEval_EvalFrameDefault+0x696) [0x55a680ebf5c6]
24  /opt/conda/envs/gdf/bin/python(+0x1407c2) [0x55a680ecf7c2]
25  /opt/conda/envs/gdf/bin/python(_PyEval_EvalFrameDefault+0x696) [0x55a680ebf5c6]
26  /opt/conda/envs/gdf/bin/python(+0x1407c2) [0x55a680ecf7c2]
27  /opt/conda/envs/gdf/bin/python(_PyEval_EvalFrameDefault+0x696) [0x55a680ebf5c6]
28  /opt/conda/envs/gdf/bin/python(+0x1407c2) [0x55a680ecf7c2]
29  /opt/conda/envs/gdf/bin/python(_PyEval_EvalFrameDefault+0x696) [0x55a680ebf5c6]
30  /opt/conda/envs/gdf/bin/python(+0x12f094) [0x55a680ebe094]
31  /opt/conda/envs/gdf/bin/python(_PyFunction_Vectorcall+0xd9) [0x55a680ecf519]
32  /opt/conda/envs/gdf/bin/python(_PyEval_EvalFrameDefault+0x11f8) [0x55a680ec0128]
33  /opt/conda/envs/gdf/bin/python(+0x12f094) [0x55a680ebe094]
34  /opt/conda/envs/gdf/bin/python(+0x14dccb) [0x55a680edcccb]
35  /opt/conda/envs/gdf/bin/python(PyObject_Call+0xbc) [0x55a680edd44c]
36  /opt/conda/envs/gdf/bin/python(+0x21110e) [0x55a680fa010e]
37  /opt/conda/envs/gdf/bin/python(_PyObject_MakeTpCall+0x2ec) [0x55a680ec777c]
38  /opt/conda/envs/gdf/bin/python(_PyEval_EvalFrameDefault+0x37cb) [0x55a680ec26fb]
39  /opt/conda/envs/gdf/bin/python(+0x1407c2) [0x55a680ecf7c2]
40  /opt/conda/envs/gdf/bin/python(+0x14ddac) [0x55a680edcdac]
41  /opt/conda/envs/gdf/bin/python(_PyEval_EvalFrameDefault+0x37cb) [0x55a680ec26fb]
42  /opt/conda/envs/gdf/bin/python(+0x1407c2) [0x55a680ecf7c2]
43  /opt/conda/envs/gdf/bin/python(_PyEval_EvalFrameDefault+0x696) [0x55a680ebf5c6]
44  /opt/conda/envs/gdf/bin/python(+0x12f094) [0x55a680ebe094]
45  /opt/conda/envs/gdf/bin/python(_PyFunction_Vectorcall+0xd9) [0x55a680ecf519]
46  /opt/conda/envs/gdf/bin/python(_PyEval_EvalFrameDefault+0x696) [0x55a680ebf5c6]
47  /opt/conda/envs/gdf/bin/python(+0x1407c2) [0x55a680ecf7c2]
48  /opt/conda/envs/gdf/bin/python(_PyEval_EvalFrameDefault+0x3e2) [0x55a680ebf312]
49  /opt/conda/envs/gdf/bin/python(+0x12f094) [0x55a680ebe094]
50  /opt/conda/envs/gdf/bin/python(_PyFunction_Vectorcall+0xd9) [0x55a680ecf519]
51  /opt/conda/envs/gdf/bin/python(_PyEval_EvalFrameDefault+0x11f8) [0x55a680ec0128]
52  /opt/conda/envs/gdf/bin/python(+0x12f094) [0x55a680ebe094]
53  /opt/conda/envs/gdf/bin/python(_PyEval_EvalCodeWithName+0x48) [0x55a680ebdd68]
54  /opt/conda/envs/gdf/bin/python(PyEval_EvalCodeEx+0x39) [0x55a680ebdd19]
55  /opt/conda/envs/gdf/bin/python(PyEval_EvalCode+0x1b) [0x55a680f6b07b]
56  /opt/conda/envs/gdf/bin/python(+0x208fca) [0x55a680f97fca]
57  /opt/conda/envs/gdf/bin/python(+0x205353) [0x55a680f94353]
58  /opt/conda/envs/gdf/bin/python(PyRun_StringFlags+0x9a) [0x55a680f8c16a]
59  /opt/conda/envs/gdf/bin/python(PyRun_SimpleStringFlags+0x3c) [0x55a680f8c05c]
60  /opt/conda/envs/gdf/bin/python(Py_RunMain+0x267) [0x55a680f8b297]
61  /opt/conda/envs/gdf/bin/python(Py_BytesMain+0x37) [0x55a680f5ef07]
=================================
[dgx13:80364:0:80364] Caught signal 11 (Segmentation fault: address not mapped to object at address 0x448)
==== backtrace (tid:  80364) ====
 0  /opt/conda/envs/gdf/lib/libucs.so.0(ucs_handle_error+0x2fd) [0x7f3c4146f0cd]
 1  /opt/conda/envs/gdf/lib/libucs.so.0(+0x2a2c4) [0x7f3c4146f2c4]
 2  /opt/conda/envs/gdf/lib/libucs.so.0(+0x2a48a) [0x7f3c4146f48a]
 3  /usr/lib/x86_64-linux-gnu/libpthread.so.0(+0x14420) [0x7f3ce5bb6420]
 4  /opt/conda/envs/gdf/lib/libucp.so.0(ucp_mem_type_unpack+0x14) [0x7f3c414ee674]
 5  /opt/conda/envs/gdf/lib/libucp.so.0(ucp_rndv_data_handler+0x4e9) [0x7f3c415177f9]
 6  /opt/conda/envs/gdf/lib/libuct.so.0(+0x203df) [0x7f3c414293df]
 7  /opt/conda/envs/gdf/lib/libuct.so.0(+0x23838) [0x7f3c4142c838]
 8  /opt/conda/envs/gdf/lib/libucs.so.0(ucs_event_set_wait+0xb9) [0x7f3c414784f9]
 9  /opt/conda/envs/gdf/lib/libuct.so.0(uct_tcp_iface_progress+0x7d) [0x7f3c4142b5dd]
10  /opt/conda/envs/gdf/lib/libucp.so.0(ucp_worker_progress+0x5a) [0x7f3c414eb89a]
11  /opt/conda/envs/gdf/lib/python3.9/site-packages/ucp/_libs/ucx_api.cpython-39-x86_64-linux-gnu.so(+0x3a5fa) [0x7f3c415ac5fa]
12  /opt/conda/envs/gdf/bin/python(_PyEval_EvalFrameDefault+0x37cb) [0x561c90a686fb]
13  /opt/conda/envs/gdf/bin/python(+0x12f094) [0x561c90a64094]
14  /opt/conda/envs/gdf/bin/python(_PyFunction_Vectorcall+0xd9) [0x561c90a75519]
15  /opt/conda/envs/gdf/bin/python(_PyEval_EvalFrameDefault+0x696) [0x561c90a655c6]
16  /opt/conda/envs/gdf/bin/python(+0x1e3162) [0x561c90b18162]
17  /opt/conda/envs/gdf/lib/python3.9/lib-dynload/_asyncio.cpython-39-x86_64-linux-gnu.so(+0x81e9) [0x7f3c666651e9]
18  /opt/conda/envs/gdf/bin/python(_PyObject_MakeTpCall+0x2ec) [0x561c90a6d77c]
19  /opt/conda/envs/gdf/bin/python(+0xead05) [0x561c90a1fd05]
20  /opt/conda/envs/gdf/bin/python(+0x1377f3) [0x561c90a6c7f3]
21  /opt/conda/envs/gdf/bin/python(_PyEval_EvalFrameDefault+0x59f9) [0x561c90a6a929]
22  /opt/conda/envs/gdf/bin/python(+0x1407c2) [0x561c90a757c2]
23  /opt/conda/envs/gdf/bin/python(_PyEval_EvalFrameDefault+0x696) [0x561c90a655c6]
24  /opt/conda/envs/gdf/bin/python(+0x1407c2) [0x561c90a757c2]
25  /opt/conda/envs/gdf/bin/python(_PyEval_EvalFrameDefault+0x696) [0x561c90a655c6]
26  /opt/conda/envs/gdf/bin/python(+0x1407c2) [0x561c90a757c2]
27  /opt/conda/envs/gdf/bin/python(_PyEval_EvalFrameDefault+0x696) [0x561c90a655c6]
28  /opt/conda/envs/gdf/bin/python(+0x1407c2) [0x561c90a757c2]
29  /opt/conda/envs/gdf/bin/python(_PyEval_EvalFrameDefault+0x696) [0x561c90a655c6]
30  /opt/conda/envs/gdf/bin/python(+0x12f094) [0x561c90a64094]
31  /opt/conda/envs/gdf/bin/python(_PyFunction_Vectorcall+0xd9) [0x561c90a75519]
32  /opt/conda/envs/gdf/bin/python(_PyEval_EvalFrameDefault+0x11f8) [0x561c90a66128]
33  /opt/conda/envs/gdf/bin/python(+0x12f094) [0x561c90a64094]
34  /opt/conda/envs/gdf/bin/python(+0x14dccb) [0x561c90a82ccb]
35  /opt/conda/envs/gdf/bin/python(PyObject_Call+0xbc) [0x561c90a8344c]
36  /opt/conda/envs/gdf/bin/python(+0x21110e) [0x561c90b4610e]
37  /opt/conda/envs/gdf/bin/python(_PyObject_MakeTpCall+0x2ec) [0x561c90a6d77c]
38  /opt/conda/envs/gdf/bin/python(_PyEval_EvalFrameDefault+0x37cb) [0x561c90a686fb]
39  /opt/conda/envs/gdf/bin/python(+0x1407c2) [0x561c90a757c2]
40  /opt/conda/envs/gdf/bin/python(+0x14ddac) [0x561c90a82dac]
41  /opt/conda/envs/gdf/bin/python(_PyEval_EvalFrameDefault+0x37cb) [0x561c90a686fb]
42  /opt/conda/envs/gdf/bin/python(+0x1407c2) [0x561c90a757c2]
43  /opt/conda/envs/gdf/bin/python(_PyEval_EvalFrameDefault+0x696) [0x561c90a655c6]
44  /opt/conda/envs/gdf/bin/python(+0x12f094) [0x561c90a64094]
45  /opt/conda/envs/gdf/bin/python(_PyFunction_Vectorcall+0xd9) [0x561c90a75519]
46  /opt/conda/envs/gdf/bin/python(_PyEval_EvalFrameDefault+0x696) [0x561c90a655c6]
47  /opt/conda/envs/gdf/bin/python(+0x1407c2) [0x561c90a757c2]
48  /opt/conda/envs/gdf/bin/python(_PyEval_EvalFrameDefault+0x3e2) [0x561c90a65312]
49  /opt/conda/envs/gdf/bin/python(+0x12f094) [0x561c90a64094]
50  /opt/conda/envs/gdf/bin/python(_PyFunction_Vectorcall+0xd9) [0x561c90a75519]
51  /opt/conda/envs/gdf/bin/python(_PyEval_EvalFrameDefault+0x11f8) [0x561c90a66128]
52  /opt/conda/envs/gdf/bin/python(+0x12f094) [0x561c90a64094]
53  /opt/conda/envs/gdf/bin/python(_PyEval_EvalCodeWithName+0x48) [0x561c90a63d68]
54  /opt/conda/envs/gdf/bin/python(PyEval_EvalCodeEx+0x39) [0x561c90a63d19]
55  /opt/conda/envs/gdf/bin/python(PyEval_EvalCode+0x1b) [0x561c90b1107b]
56  /opt/conda/envs/gdf/bin/python(+0x208fca) [0x561c90b3dfca]
57  /opt/conda/envs/gdf/bin/python(+0x205353) [0x561c90b3a353]
58  /opt/conda/envs/gdf/bin/python(PyRun_StringFlags+0x9a) [0x561c90b3216a]
59  /opt/conda/envs/gdf/bin/python(PyRun_SimpleStringFlags+0x3c) [0x561c90b3205c]
60  /opt/conda/envs/gdf/bin/python(Py_RunMain+0x267) [0x561c90b31297]
61  /opt/conda/envs/gdf/bin/python(Py_BytesMain+0x37) [0x561c90b04f07]
=================================
[dgx13:80340:0:80340] Caught signal 11 (Segmentation fault: address not mapped to object at address 0x448)
==== backtrace (tid:  80340) ====
 0  /opt/conda/envs/gdf/lib/libucs.so.0(ucs_handle_error+0x2fd) [0x7fb49f2af0cd]
 1  /opt/conda/envs/gdf/lib/libucs.so.0(+0x2a2c4) [0x7fb49f2af2c4]
 2  /opt/conda/envs/gdf/lib/libucs.so.0(+0x2a48a) [0x7fb49f2af48a]
 3  /usr/lib/x86_64-linux-gnu/libpthread.so.0(+0x14420) [0x7fb54f8a5420]
 4  /opt/conda/envs/gdf/lib/libucp.so.0(ucp_mem_type_unpack+0x14) [0x7fb49f32e674]
 5  /opt/conda/envs/gdf/lib/libucp.so.0(ucp_rndv_data_handler+0x4e9) [0x7fb49f3577f9]
 6  /opt/conda/envs/gdf/lib/libuct.so.0(+0x203df) [0x7fb49f2693df]
 7  /opt/conda/envs/gdf/lib/libuct.so.0(+0x23838) [0x7fb49f26c838]
 8  /opt/conda/envs/gdf/lib/libucs.so.0(ucs_event_set_wait+0xb9) [0x7fb49f2b84f9]
 9  /opt/conda/envs/gdf/lib/libuct.so.0(uct_tcp_iface_progress+0x7d) [0x7fb49f26b5dd]
10  /opt/conda/envs/gdf/lib/libucp.so.0(ucp_worker_progress+0x5a) [0x7fb49f32b89a]
11  /opt/conda/envs/gdf/lib/python3.9/site-packages/ucp/_libs/ucx_api.cpython-39-x86_64-linux-gnu.so(+0x3a5fa) [0x7fb49f3ec5fa]
12  /opt/conda/envs/gdf/bin/python(_PyEval_EvalFrameDefault+0x37cb) [0x555be5f136fb]
13  /opt/conda/envs/gdf/bin/python(+0x12f094) [0x555be5f0f094]
14  /opt/conda/envs/gdf/bin/python(_PyFunction_Vectorcall+0xd9) [0x555be5f20519]
15  /opt/conda/envs/gdf/bin/python(_PyEval_EvalFrameDefault+0x696) [0x555be5f105c6]
16  /opt/conda/envs/gdf/bin/python(+0x1e3162) [0x555be5fc3162]
17  /opt/conda/envs/gdf/lib/python3.9/lib-dynload/_asyncio.cpython-39-x86_64-linux-gnu.so(+0x81e9) [0x7fb4d03551e9]
18  /opt/conda/envs/gdf/bin/python(_PyObject_MakeTpCall+0x2ec) [0x555be5f1877c]
19  /opt/conda/envs/gdf/bin/python(+0xead05) [0x555be5ecad05]
20  /opt/conda/envs/gdf/bin/python(+0x1377f3) [0x555be5f177f3]
21  /opt/conda/envs/gdf/bin/python(_PyEval_EvalFrameDefault+0x59f9) [0x555be5f15929]
22  /opt/conda/envs/gdf/bin/python(+0x1407c2) [0x555be5f207c2]
23  /opt/conda/envs/gdf/bin/python(_PyEval_EvalFrameDefault+0x696) [0x555be5f105c6]
24  /opt/conda/envs/gdf/bin/python(+0x1407c2) [0x555be5f207c2]
25  /opt/conda/envs/gdf/bin/python(_PyEval_EvalFrameDefault+0x696) [0x555be5f105c6]
26  /opt/conda/envs/gdf/bin/python(+0x1407c2) [0x555be5f207c2]
27  /opt/conda/envs/gdf/bin/python(_PyEval_EvalFrameDefault+0x696) [0x555be5f105c6]
28  /opt/conda/envs/gdf/bin/python(+0x1407c2) [0x555be5f207c2]
29  /opt/conda/envs/gdf/bin/python(_PyEval_EvalFrameDefault+0x696) [0x555be5f105c6]
30  /opt/conda/envs/gdf/bin/python(+0x12f094) [0x555be5f0f094]
31  /opt/conda/envs/gdf/bin/python(_PyFunction_Vectorcall+0xd9) [0x555be5f20519]
32  /opt/conda/envs/gdf/bin/python(_PyEval_EvalFrameDefault+0x11f8) [0x555be5f11128]
33  /opt/conda/envs/gdf/bin/python(+0x12f094) [0x555be5f0f094]
34  /opt/conda/envs/gdf/bin/python(+0x14dccb) [0x555be5f2dccb]
35  /opt/conda/envs/gdf/bin/python(PyObject_Call+0xbc) [0x555be5f2e44c]
36  /opt/conda/envs/gdf/bin/python(+0x21110e) [0x555be5ff110e]
37  /opt/conda/envs/gdf/bin/python(_PyObject_MakeTpCall+0x2ec) [0x555be5f1877c]
38  /opt/conda/envs/gdf/bin/python(_PyEval_EvalFrameDefault+0x37cb) [0x555be5f136fb]
39  /opt/conda/envs/gdf/bin/python(+0x1407c2) [0x555be5f207c2]
40  /opt/conda/envs/gdf/bin/python(+0x14ddac) [0x555be5f2ddac]
41  /opt/conda/envs/gdf/bin/python(_PyEval_EvalFrameDefault+0x37cb) [0x555be5f136fb]
42  /opt/conda/envs/gdf/bin/python(+0x1407c2) [0x555be5f207c2]
43  /opt/conda/envs/gdf/bin/python(_PyEval_EvalFrameDefault+0x696) [0x555be5f105c6]
44  /opt/conda/envs/gdf/bin/python(+0x12f094) [0x555be5f0f094]
45  /opt/conda/envs/gdf/bin/python(_PyFunction_Vectorcall+0xd9) [0x555be5f20519]
46  /opt/conda/envs/gdf/bin/python(_PyEval_EvalFrameDefault+0x696) [0x555be5f105c6]
47  /opt/conda/envs/gdf/bin/python(+0x1407c2) [0x555be5f207c2]
48  /opt/conda/envs/gdf/bin/python(_PyEval_EvalFrameDefault+0x3e2) [0x555be5f10312]
49  /opt/conda/envs/gdf/bin/python(+0x12f094) [0x555be5f0f094]
50  /opt/conda/envs/gdf/bin/python(_PyFunction_Vectorcall+0xd9) [0x555be5f20519]
51  /opt/conda/envs/gdf/bin/python(_PyEval_EvalFrameDefault+0x11f8) [0x555be5f11128]
52  /opt/conda/envs/gdf/bin/python(+0x12f094) [0x555be5f0f094]
53  /opt/conda/envs/gdf/bin/python(_PyEval_EvalCodeWithName+0x48) [0x555be5f0ed68]
54  /opt/conda/envs/gdf/bin/python(PyEval_EvalCodeEx+0x39) [0x555be5f0ed19]
55  /opt/conda/envs/gdf/bin/python(PyEval_EvalCode+0x1b) [0x555be5fbc07b]
56  /opt/conda/envs/gdf/bin/python(+0x208fca) [0x555be5fe8fca]
57  /opt/conda/envs/gdf/bin/python(+0x205353) [0x555be5fe5353]
58  /opt/conda/envs/gdf/bin/python(PyRun_StringFlags+0x9a) [0x555be5fdd16a]
59  /opt/conda/envs/gdf/bin/python(PyRun_SimpleStringFlags+0x3c) [0x555be5fdd05c]
60  /opt/conda/envs/gdf/bin/python(Py_RunMain+0x267) [0x555be5fdc297]
61  /opt/conda/envs/gdf/bin/python(Py_BytesMain+0x37) [0x555be5faff07]
=================================
[dgx13:80355:0:80355] Caught signal 11 (Segmentation fault: address not mapped to object at address 0x448)
==== backtrace (tid:  80355) ====
 0  /opt/conda/envs/gdf/lib/libucs.so.0(ucs_handle_error+0x2fd) [0x7f594318e0cd]
 1  /opt/conda/envs/gdf/lib/libucs.so.0(+0x2a2c4) [0x7f594318e2c4]
 2  /opt/conda/envs/gdf/lib/libucs.so.0(+0x2a48a) [0x7f594318e48a]
 3  /usr/lib/x86_64-linux-gnu/libpthread.so.0(+0x14420) [0x7f59e779e420]
 4  /opt/conda/envs/gdf/lib/libucp.so.0(ucp_mem_type_unpack+0x14) [0x7f594320d674]
 5  /opt/conda/envs/gdf/lib/libucp.so.0(ucp_rndv_data_handler+0x4e9) [0x7f59432367f9]
 6  /opt/conda/envs/gdf/lib/libuct.so.0(+0x203df) [0x7f59431483df]
 7  /opt/conda/envs/gdf/lib/libuct.so.0(+0x23838) [0x7f594314b838]
 8  /opt/conda/envs/gdf/lib/libucs.so.0(ucs_event_set_wait+0xb9) [0x7f59431974f9]
 9  /opt/conda/envs/gdf/lib/libuct.so.0(uct_tcp_iface_progress+0x7d) [0x7f594314a5dd]
10  /opt/conda/envs/gdf/lib/libucp.so.0(ucp_worker_progress+0x5a) [0x7f594320a89a]
11  /opt/conda/envs/gdf/lib/python3.9/site-packages/ucp/_libs/ucx_api.cpython-39-x86_64-linux-gnu.so(+0x3a5fa) [0x7f59432cb5fa]
12  /opt/conda/envs/gdf/bin/python(_PyEval_EvalFrameDefault+0x37cb) [0x559f5852d6fb]
13  /opt/conda/envs/gdf/bin/python(+0x12f094) [0x559f58529094]
14  /opt/conda/envs/gdf/bin/python(_PyFunction_Vectorcall+0xd9) [0x559f5853a519]
15  /opt/conda/envs/gdf/bin/python(_PyEval_EvalFrameDefault+0x696) [0x559f5852a5c6]
16  /opt/conda/envs/gdf/bin/python(+0x1407c2) [0x559f5853a7c2]
17  /opt/conda/envs/gdf/bin/python(+0x14de83) [0x559f58547e83]
18  /opt/conda/envs/gdf/bin/python(+0x258b2c) [0x559f58652b2c]
19  /opt/conda/envs/gdf/bin/python(+0xead05) [0x559f584e4d05]
20  /opt/conda/envs/gdf/bin/python(+0x1377f3) [0x559f585317f3]
21  /opt/conda/envs/gdf/bin/python(_PyEval_EvalFrameDefault+0x59f9) [0x559f5852f929]
22  /opt/conda/envs/gdf/bin/python(+0x1407c2) [0x559f5853a7c2]
23  /opt/conda/envs/gdf/bin/python(_PyEval_EvalFrameDefault+0x696) [0x559f5852a5c6]
24  /opt/conda/envs/gdf/bin/python(+0x1407c2) [0x559f5853a7c2]
25  /opt/conda/envs/gdf/bin/python(_PyEval_EvalFrameDefault+0x696) [0x559f5852a5c6]
26  /opt/conda/envs/gdf/bin/python(+0x1407c2) [0x559f5853a7c2]
27  /opt/conda/envs/gdf/bin/python(_PyEval_EvalFrameDefault+0x696) [0x559f5852a5c6]
28  /opt/conda/envs/gdf/bin/python(+0x1407c2) [0x559f5853a7c2]
29  /opt/conda/envs/gdf/bin/python(_PyEval_EvalFrameDefault+0x696) [0x559f5852a5c6]
30  /opt/conda/envs/gdf/bin/python(+0x12f094) [0x559f58529094]
31  /opt/conda/envs/gdf/bin/python(_PyFunction_Vectorcall+0xd9) [0x559f5853a519]
32  /opt/conda/envs/gdf/bin/python(_PyEval_EvalFrameDefault+0x11f8) [0x559f5852b128]
33  /opt/conda/envs/gdf/bin/python(+0x12f094) [0x559f58529094]
34  /opt/conda/envs/gdf/bin/python(+0x14dccb) [0x559f58547ccb]
35  /opt/conda/envs/gdf/bin/python(PyObject_Call+0xbc) [0x559f5854844c]
36  /opt/conda/envs/gdf/bin/python(+0x21110e) [0x559f5860b10e]
37  /opt/conda/envs/gdf/bin/python(_PyObject_MakeTpCall+0x2ec) [0x559f5853277c]
38  /opt/conda/envs/gdf/bin/python(_PyEval_EvalFrameDefault+0x37cb) [0x559f5852d6fb]
39  /opt/conda/envs/gdf/bin/python(+0x1407c2) [0x559f5853a7c2]
40  /opt/conda/envs/gdf/bin/python(+0x14ddac) [0x559f58547dac]
41  /opt/conda/envs/gdf/bin/python(_PyEval_EvalFrameDefault+0x37cb) [0x559f5852d6fb]
42  /opt/conda/envs/gdf/bin/python(+0x1407c2) [0x559f5853a7c2]
43  /opt/conda/envs/gdf/bin/python(_PyEval_EvalFrameDefault+0x696) [0x559f5852a5c6]
44  /opt/conda/envs/gdf/bin/python(+0x12f094) [0x559f58529094]
45  /opt/conda/envs/gdf/bin/python(_PyFunction_Vectorcall+0xd9) [0x559f5853a519]
46  /opt/conda/envs/gdf/bin/python(_PyEval_EvalFrameDefault+0x696) [0x559f5852a5c6]
47  /opt/conda/envs/gdf/bin/python(+0x1407c2) [0x559f5853a7c2]
48  /opt/conda/envs/gdf/bin/python(_PyEval_EvalFrameDefault+0x3e2) [0x559f5852a312]
49  /opt/conda/envs/gdf/bin/python(+0x12f094) [0x559f58529094]
50  /opt/conda/envs/gdf/bin/python(_PyFunction_Vectorcall+0xd9) [0x559f5853a519]
51  /opt/conda/envs/gdf/bin/python(_PyEval_EvalFrameDefault+0x11f8) [0x559f5852b128]
52  /opt/conda/envs/gdf/bin/python(+0x12f094) [0x559f58529094]
53  /opt/conda/envs/gdf/bin/python(_PyEval_EvalCodeWithName+0x48) [0x559f58528d68]
54  /opt/conda/envs/gdf/bin/python(PyEval_EvalCodeEx+0x39) [0x559f58528d19]
55  /opt/conda/envs/gdf/bin/python(PyEval_EvalCode+0x1b) [0x559f585d607b]
56  /opt/conda/envs/gdf/bin/python(+0x208fca) [0x559f58602fca]
57  /opt/conda/envs/gdf/bin/python(+0x205353) [0x559f585ff353]
58  /opt/conda/envs/gdf/bin/python(PyRun_StringFlags+0x9a) [0x559f585f716a]
59  /opt/conda/envs/gdf/bin/python(PyRun_SimpleStringFlags+0x3c) [0x559f585f705c]
60  /opt/conda/envs/gdf/bin/python(Py_RunMain+0x267) [0x559f585f6297]
61  /opt/conda/envs/gdf/bin/python(Py_BytesMain+0x37) [0x559f585c9f07]
=================================
2023-09-15 07:28:33,210 - distributed.worker - ERROR - Worker stream died during communication: ucx://127.0.0.1:50243
Traceback (most recent call last):
  File "/opt/conda/envs/gdf/lib/python3.9/site-packages/distributed/comm/ucx.py", line 354, in read
    await self.ep.recv(msg)
  File "/opt/conda/envs/gdf/lib/python3.9/site-packages/ucp/core.py", line 725, in recv
    ret = await comm.tag_recv(self._ep, buffer, nbytes, tag, name=log)
ucp._libs.exceptions.UCXCanceled: <[Recv #003] ep: 0x7f9a40d521c0, tag: 0xc42434420037192a, nbytes: 16, type: <class 'numpy.ndarray'>>: 

During handling of the above exception, another exception occurred:

Traceback (most recent call last):
  File "/opt/conda/envs/gdf/lib/python3.9/site-packages/distributed/worker.py", line 2059, in gather_dep
    response = await get_data_from_worker(
  File "/opt/conda/envs/gdf/lib/python3.9/site-packages/distributed/worker.py", line 2852, in get_data_from_worker
    response = await send_recv(
  File "/opt/conda/envs/gdf/lib/python3.9/site-packages/distributed/core.py", line 1106, in send_recv
    response = await comm.read(deserializers=deserializers)
  File "/opt/conda/envs/gdf/lib/python3.9/site-packages/distributed/utils.py", line 803, in wrapper
    return await func(*args, **kwargs)
  File "/opt/conda/envs/gdf/lib/python3.9/site-packages/distributed/comm/ucx.py", line 372, in read
    raise CommClosedError(
distributed.comm.core.CommClosedError: Connection closed by writer.
Inner exception: UCXCanceled("<[Recv #003] ep: 0x7f9a40d521c0, tag: 0xc42434420037192a, nbytes: 16, type: <class 'numpy.ndarray'>>: ")
2023-09-15 07:28:33,212 - distributed.worker - ERROR - failed during get data with ucx://127.0.0.1:43921 -> ucx://127.0.0.1:50243
Traceback (most recent call last):
  File "/opt/conda/envs/gdf/lib/python3.9/site-packages/distributed/comm/ucx.py", line 338, in write
    await self.ep.send(each_frame)
  File "/opt/conda/envs/gdf/lib/python3.9/site-packages/ucp/core.py", line 650, in send
    return await comm.tag_send(self._ep, buffer, nbytes, tag, name=log)
ucp._libs.exceptions.UCXError: <[Send #007] ep: 0x7f9a40d52340, tag: 0x7c7f3b5bf7f3647f, nbytes: 100000000, type: <class 'cudf.core.buffer.buffer.Buffer'>>: Connection reset by remote peer

During handling of the above exception, another exception occurred:

Traceback (most recent call last):
  File "/opt/conda/envs/gdf/lib/python3.9/site-packages/distributed/worker.py", line 1782, in get_data
    compressed = await comm.write(msg, serializers=serializers)
  File "/opt/conda/envs/gdf/lib/python3.9/site-packages/distributed/utils.py", line 803, in wrapper
    return await func(*args, **kwargs)
  File "/opt/conda/envs/gdf/lib/python3.9/site-packages/distributed/comm/ucx.py", line 342, in write
    raise CommClosedError("While writing, the connection was closed")
distributed.comm.core.CommClosedError: While writing, the connection was closed
2023-09-15 07:28:33,211 - distributed.worker - ERROR - Worker stream died during communication: ucx://127.0.0.1:56083
Traceback (most recent call last):
  File "/opt/conda/envs/gdf/lib/python3.9/site-packages/distributed/comm/ucx.py", line 471, in connect
    ep = await ucp.create_endpoint(ip, port)
  File "/opt/conda/envs/gdf/lib/python3.9/site-packages/ucp/core.py", line 1004, in create_endpoint
    return await _get_ctx().create_endpoint(
  File "/opt/conda/envs/gdf/lib/python3.9/site-packages/ucp/core.py", line 316, in create_endpoint
    peer_info = await exchange_peer_info(
  File "/opt/conda/envs/gdf/lib/python3.9/site-packages/ucp/core.py", line 54, in exchange_peer_info
    await comm.stream_recv(endpoint, peer_info_arr, peer_info_arr.nbytes)
ucp._libs.exceptions.UCXNotConnected: <stream_recv>: 

During handling of the above exception, another exception occurred:

Traceback (most recent call last):
  File "/opt/conda/envs/gdf/lib/python3.9/site-packages/distributed/comm/core.py", line 342, in connect
    comm = await wait_for(
  File "/opt/conda/envs/gdf/lib/python3.9/site-packages/distributed/utils.py", line 1920, in wait_for
    return await asyncio.wait_for(fut, timeout)
  File "/opt/conda/envs/gdf/lib/python3.9/asyncio/tasks.py", line 479, in wait_for
    return fut.result()
  File "/opt/conda/envs/gdf/lib/python3.9/site-packages/distributed/comm/ucx.py", line 473, in connect
    raise CommClosedError("Connection closed before handshake completed")
distributed.comm.core.CommClosedError: Connection closed before handshake completed

During handling of the above exception, another exception occurred:

Traceback (most recent call last):
  File "/opt/conda/envs/gdf/lib/python3.9/site-packages/distributed/core.py", line 1516, in _connect
    comm = await connect(
  File "/opt/conda/envs/gdf/lib/python3.9/site-packages/distributed/comm/core.py", line 366, in connect
    await asyncio.sleep(backoff)
  File "/opt/conda/envs/gdf/lib/python3.9/asyncio/tasks.py", line 652, in sleep
    return await future
asyncio.exceptions.CancelledError

During handling of the above exception, another exception occurred:

Traceback (most recent call last):
  File "/opt/conda/envs/gdf/lib/python3.9/site-packages/distributed/core.py", line 1626, in connect
    return connect_attempt.result()
asyncio.exceptions.CancelledError

During handling of the above exception, another exception occurred:

Traceback (most recent call last):
  File "/opt/conda/envs/gdf/lib/python3.9/site-packages/distributed/worker.py", line 2059, in gather_dep
    response = await get_data_from_worker(
  File "/opt/conda/envs/gdf/lib/python3.9/site-packages/distributed/worker.py", line 2849, in get_data_from_worker
    comm = await rpc.connect(worker)
  File "/opt/conda/envs/gdf/lib/python3.9/site-packages/distributed/core.py", line 1628, in connect
    raise CommClosedError(reason)
distributed.comm.core.CommClosedError: Address removed.
2023-09-15 07:28:33,276 - distributed.worker - ERROR - failed during get data with ucx://127.0.0.1:45637 -> ucx://127.0.0.1:46203
Traceback (most recent call last):
  File "/opt/conda/envs/gdf/lib/python3.9/site-packages/distributed/comm/ucx.py", line 338, in write
    await self.ep.send(each_frame)
  File "/opt/conda/envs/gdf/lib/python3.9/site-packages/ucp/core.py", line 650, in send
    return await comm.tag_send(self._ep, buffer, nbytes, tag, name=log)
ucp._libs.exceptions.UCXError: <[Send #007] ep: 0x7f03d1fa2200, tag: 0xc605d1b5309ffd74, nbytes: 100000000, type: <class 'cudf.core.buffer.buffer.Buffer'>>: Connection reset by remote peer

During handling of the above exception, another exception occurred:

Traceback (most recent call last):
  File "/opt/conda/envs/gdf/lib/python3.9/site-packages/distributed/worker.py", line 1782, in get_data
    compressed = await comm.write(msg, serializers=serializers)
  File "/opt/conda/envs/gdf/lib/python3.9/site-packages/distributed/utils.py", line 803, in wrapper
    return await func(*args, **kwargs)
  File "/opt/conda/envs/gdf/lib/python3.9/site-packages/distributed/comm/ucx.py", line 342, in write
    raise CommClosedError("While writing, the connection was closed")
distributed.comm.core.CommClosedError: While writing, the connection was closed
2023-09-15 07:28:33,280 - distributed.worker - ERROR - Worker stream died during communication: ucx://127.0.0.1:46203
Traceback (most recent call last):
  File "/opt/conda/envs/gdf/lib/python3.9/site-packages/distributed/worker.py", line 2059, in gather_dep
    response = await get_data_from_worker(
  File "/opt/conda/envs/gdf/lib/python3.9/site-packages/distributed/worker.py", line 2852, in get_data_from_worker
    response = await send_recv(
  File "/opt/conda/envs/gdf/lib/python3.9/site-packages/distributed/core.py", line 1104, in send_recv
    await comm.write(msg, serializers=serializers, on_error="raise")
  File "/opt/conda/envs/gdf/lib/python3.9/site-packages/distributed/utils.py", line 803, in wrapper
    return await func(*args, **kwargs)
  File "/opt/conda/envs/gdf/lib/python3.9/site-packages/distributed/comm/ucx.py", line 294, in write
    raise CommClosedError("Endpoint is closed -- unable to send message")
distributed.comm.core.CommClosedError: Endpoint is closed -- unable to send message
2023-09-15 07:28:33,282 - distributed.worker - ERROR - Worker stream died during communication: ucx://127.0.0.1:56083
Traceback (most recent call last):
  File "/opt/conda/envs/gdf/lib/python3.9/site-packages/distributed/core.py", line 1516, in _connect
    comm = await connect(
  File "/opt/conda/envs/gdf/lib/python3.9/site-packages/distributed/comm/core.py", line 342, in connect
    comm = await wait_for(
  File "/opt/conda/envs/gdf/lib/python3.9/site-packages/distributed/utils.py", line 1920, in wait_for
    return await asyncio.wait_for(fut, timeout)
  File "/opt/conda/envs/gdf/lib/python3.9/asyncio/tasks.py", line 466, in wait_for
    await waiter
asyncio.exceptions.CancelledError

During handling of the above exception, another exception occurred:

Traceback (most recent call last):
  File "/opt/conda/envs/gdf/lib/python3.9/site-packages/distributed/core.py", line 1626, in connect
    return connect_attempt.result()
asyncio.exceptions.CancelledError

During handling of the above exception, another exception occurred:

Traceback (most recent call last):
  File "/opt/conda/envs/gdf/lib/python3.9/site-packages/distributed/worker.py", line 2059, in gather_dep
    response = await get_data_from_worker(
  File "/opt/conda/envs/gdf/lib/python3.9/site-packages/distributed/worker.py", line 2849, in get_data_from_worker
    comm = await rpc.connect(worker)
  File "/opt/conda/envs/gdf/lib/python3.9/site-packages/distributed/core.py", line 1628, in connect
    raise CommClosedError(reason)
distributed.comm.core.CommClosedError: Address removed.
2023-09-15 07:28:33,218 - distributed.worker - ERROR - Worker stream died during communication: ucx://127.0.0.1:43113
Traceback (most recent call last):
  File "/opt/conda/envs/gdf/lib/python3.9/site-packages/distributed/comm/ucx.py", line 471, in connect
    ep = await ucp.create_endpoint(ip, port)
  File "/opt/conda/envs/gdf/lib/python3.9/site-packages/ucp/core.py", line 1004, in create_endpoint
    return await _get_ctx().create_endpoint(
  File "/opt/conda/envs/gdf/lib/python3.9/site-packages/ucp/core.py", line 316, in create_endpoint
    peer_info = await exchange_peer_info(
  File "/opt/conda/envs/gdf/lib/python3.9/site-packages/ucp/core.py", line 54, in exchange_peer_info
    await comm.stream_recv(endpoint, peer_info_arr, peer_info_arr.nbytes)
ucp._libs.exceptions.UCXNotConnected: <stream_recv>: 

During handling of the above exception, another exception occurred:

Traceback (most recent call last):
  File "/opt/conda/envs/gdf/lib/python3.9/site-packages/distributed/comm/core.py", line 342, in connect
    comm = await wait_for(
  File "/opt/conda/envs/gdf/lib/python3.9/site-packages/distributed/utils.py", line 1920, in wait_for
    return await asyncio.wait_for(fut, timeout)
  File "/opt/conda/envs/gdf/lib/python3.9/asyncio/tasks.py", line 479, in wait_for
    return fut.result()
  File "/opt/conda/envs/gdf/lib/python3.9/site-packages/distributed/comm/ucx.py", line 473, in connect
    raise CommClosedError("Connection closed before handshake completed")
distributed.comm.core.CommClosedError: Connection closed before handshake completed

During handling of the above exception, another exception occurred:

Traceback (most recent call last):
  File "/opt/conda/envs/gdf/lib/python3.9/site-packages/distributed/core.py", line 1516, in _connect
    comm = await connect(
  File "/opt/conda/envs/gdf/lib/python3.9/site-packages/distributed/comm/core.py", line 366, in connect
    await asyncio.sleep(backoff)
  File "/opt/conda/envs/gdf/lib/python3.9/asyncio/tasks.py", line 652, in sleep
    return await future
asyncio.exceptions.CancelledError

During handling of the above exception, another exception occurred:

Traceback (most recent call last):
  File "/opt/conda/envs/gdf/lib/python3.9/site-packages/distributed/core.py", line 1626, in connect
    return connect_attempt.result()
asyncio.exceptions.CancelledError

During handling of the above exception, another exception occurred:

Traceback (most recent call last):
  File "/opt/conda/envs/gdf/lib/python3.9/site-packages/distributed/worker.py", line 2059, in gather_dep
    response = await get_data_from_worker(
  File "/opt/conda/envs/gdf/lib/python3.9/site-packages/distributed/worker.py", line 2849, in get_data_from_worker
    comm = await rpc.connect(worker)
  File "/opt/conda/envs/gdf/lib/python3.9/site-packages/distributed/core.py", line 1628, in connect
    raise CommClosedError(reason)
distributed.comm.core.CommClosedError: Address removed.
2023-09-15 07:28:33,323 - distributed.nanny - WARNING - Restarting worker
2023-09-15 07:28:33,366 - distributed.worker - ERROR - Worker stream died during communication: ucx://127.0.0.1:50243
Traceback (most recent call last):
  File "/opt/conda/envs/gdf/lib/python3.9/site-packages/distributed/core.py", line 1516, in _connect
    comm = await connect(
  File "/opt/conda/envs/gdf/lib/python3.9/site-packages/distributed/comm/core.py", line 342, in connect
    comm = await wait_for(
  File "/opt/conda/envs/gdf/lib/python3.9/site-packages/distributed/utils.py", line 1920, in wait_for
    return await asyncio.wait_for(fut, timeout)
  File "/opt/conda/envs/gdf/lib/python3.9/asyncio/tasks.py", line 466, in wait_for
    await waiter
asyncio.exceptions.CancelledError

During handling of the above exception, another exception occurred:

Traceback (most recent call last):
  File "/opt/conda/envs/gdf/lib/python3.9/site-packages/distributed/core.py", line 1626, in connect
    return connect_attempt.result()
asyncio.exceptions.CancelledError

During handling of the above exception, another exception occurred:

Traceback (most recent call last):
  File "/opt/conda/envs/gdf/lib/python3.9/site-packages/distributed/worker.py", line 2059, in gather_dep
    response = await get_data_from_worker(
  File "/opt/conda/envs/gdf/lib/python3.9/site-packages/distributed/worker.py", line 2849, in get_data_from_worker
    comm = await rpc.connect(worker)
  File "/opt/conda/envs/gdf/lib/python3.9/site-packages/distributed/core.py", line 1628, in connect
    raise CommClosedError(reason)
distributed.comm.core.CommClosedError: Address removed.
2023-09-15 07:28:33,368 - distributed.worker - ERROR - Worker stream died during communication: ucx://127.0.0.1:46203
Traceback (most recent call last):
  File "/opt/conda/envs/gdf/lib/python3.9/site-packages/distributed/comm/ucx.py", line 396, in read
    await self.ep.recv(each_frame)
  File "/opt/conda/envs/gdf/lib/python3.9/site-packages/ucp/core.py", line 725, in recv
    ret = await comm.tag_recv(self._ep, buffer, nbytes, tag, name=log)
ucp._libs.exceptions.UCXCanceled: <[Recv #008] ep: 0x7f6dddf3c380, tag: 0x2c82696e4db79ea8, nbytes: 100000000, type: <class 'rmm._lib.device_buffer.DeviceBuffer'>>: 

During handling of the above exception, another exception occurred:

Traceback (most recent call last):
  File "/opt/conda/envs/gdf/lib/python3.9/site-packages/distributed/worker.py", line 2059, in gather_dep
    response = await get_data_from_worker(
  File "/opt/conda/envs/gdf/lib/python3.9/site-packages/distributed/worker.py", line 2852, in get_data_from_worker
    response = await send_recv(
  File "/opt/conda/envs/gdf/lib/python3.9/site-packages/distributed/core.py", line 1106, in send_recv
    response = await comm.read(deserializers=deserializers)
  File "/opt/conda/envs/gdf/lib/python3.9/site-packages/distributed/utils.py", line 803, in wrapper
    return await func(*args, **kwargs)
  File "/opt/conda/envs/gdf/lib/python3.9/site-packages/distributed/comm/ucx.py", line 402, in read
    raise CommClosedError(
distributed.comm.core.CommClosedError: Connection closed by writer.
Inner exception: UCXCanceled("<[Recv #008] ep: 0x7f6dddf3c380, tag: 0x2c82696e4db79ea8, nbytes: 100000000, type: <class 'rmm._lib.device_buffer.DeviceBuffer'>>: ")
2023-09-15 07:28:33,380 - distributed.nanny - WARNING - Restarting worker
2023-09-15 07:28:33,283 - distributed.worker - ERROR - Worker stream died during communication: ucx://127.0.0.1:43113
Traceback (most recent call last):
  File "/opt/conda/envs/gdf/lib/python3.9/site-packages/distributed/comm/ucx.py", line 471, in connect
    ep = await ucp.create_endpoint(ip, port)
  File "/opt/conda/envs/gdf/lib/python3.9/site-packages/ucp/core.py", line 1004, in create_endpoint
    return await _get_ctx().create_endpoint(
  File "/opt/conda/envs/gdf/lib/python3.9/site-packages/ucp/core.py", line 316, in create_endpoint
    peer_info = await exchange_peer_info(
  File "/opt/conda/envs/gdf/lib/python3.9/site-packages/ucp/core.py", line 54, in exchange_peer_info
    await comm.stream_recv(endpoint, peer_info_arr, peer_info_arr.nbytes)
ucp._libs.exceptions.UCXError: <stream_recv>: Connection reset by remote peer

During handling of the above exception, another exception occurred:

Traceback (most recent call last):
  File "/opt/conda/envs/gdf/lib/python3.9/site-packages/distributed/comm/core.py", line 342, in connect
    comm = await wait_for(
  File "/opt/conda/envs/gdf/lib/python3.9/site-packages/distributed/utils.py", line 1920, in wait_for
    return await asyncio.wait_for(fut, timeout)
  File "/opt/conda/envs/gdf/lib/python3.9/asyncio/tasks.py", line 479, in wait_for
    return fut.result()
  File "/opt/conda/envs/gdf/lib/python3.9/site-packages/distributed/comm/ucx.py", line 473, in connect
    raise CommClosedError("Connection closed before handshake completed")
distributed.comm.core.CommClosedError: Connection closed before handshake completed

During handling of the above exception, another exception occurred:

Traceback (most recent call last):
  File "/opt/conda/envs/gdf/lib/python3.9/site-packages/distributed/core.py", line 1516, in _connect
    comm = await connect(
  File "/opt/conda/envs/gdf/lib/python3.9/site-packages/distributed/comm/core.py", line 366, in connect
    await asyncio.sleep(backoff)
  File "/opt/conda/envs/gdf/lib/python3.9/asyncio/tasks.py", line 652, in sleep
    return await future
asyncio.exceptions.CancelledError

During handling of the above exception, another exception occurred:

Traceback (most recent call last):
  File "/opt/conda/envs/gdf/lib/python3.9/site-packages/distributed/core.py", line 1626, in connect
    return connect_attempt.result()
asyncio.exceptions.CancelledError

During handling of the above exception, another exception occurred:

Traceback (most recent call last):
  File "/opt/conda/envs/gdf/lib/python3.9/site-packages/distributed/worker.py", line 2059, in gather_dep
    response = await get_data_from_worker(
  File "/opt/conda/envs/gdf/lib/python3.9/site-packages/distributed/worker.py", line 2849, in get_data_from_worker
    comm = await rpc.connect(worker)
  File "/opt/conda/envs/gdf/lib/python3.9/site-packages/distributed/core.py", line 1628, in connect
    raise CommClosedError(reason)
distributed.comm.core.CommClosedError: Address removed.
2023-09-15 07:28:33,444 - distributed.nanny - WARNING - Restarting worker
2023-09-15 07:28:33,495 - distributed.nanny - WARNING - Restarting worker
[dgx13:80348:0:80348] Caught signal 11 (Segmentation fault: address not mapped to object at address 0x448)
==== backtrace (tid:  80348) ====
 0  /opt/conda/envs/gdf/lib/libucs.so.0(ucs_handle_error+0x2fd) [0x7f03e82360cd]
 1  /opt/conda/envs/gdf/lib/libucs.so.0(+0x2a2c4) [0x7f03e82362c4]
 2  /opt/conda/envs/gdf/lib/libucs.so.0(+0x2a48a) [0x7f03e823648a]
 3  /usr/lib/x86_64-linux-gnu/libpthread.so.0(+0x14420) [0x7f047a97e420]
 4  /opt/conda/envs/gdf/lib/libucp.so.0(ucp_mem_type_unpack+0x14) [0x7f03e82b5674]
 5  /opt/conda/envs/gdf/lib/libucp.so.0(ucp_rndv_data_handler+0x4e9) [0x7f03e82de7f9]
 6  /opt/conda/envs/gdf/lib/libuct.so.0(+0x203df) [0x7f03e81f03df]
 7  /opt/conda/envs/gdf/lib/libuct.so.0(+0x23838) [0x7f03e81f3838]
 8  /opt/conda/envs/gdf/lib/libucs.so.0(ucs_event_set_wait+0xb9) [0x7f03e823f4f9]
 9  /opt/conda/envs/gdf/lib/libuct.so.0(uct_tcp_iface_progress+0x7d) [0x7f03e81f25dd]
10  /opt/conda/envs/gdf/lib/libucp.so.0(ucp_worker_progress+0x5a) [0x7f03e82b289a]
11  /opt/conda/envs/gdf/lib/python3.9/site-packages/ucp/_libs/ucx_api.cpython-39-x86_64-linux-gnu.so(+0x3a5fa) [0x7f03e83735fa]
12  /opt/conda/envs/gdf/bin/python(_PyEval_EvalFrameDefault+0x37cb) [0x56191e55a6fb]
13  /opt/conda/envs/gdf/bin/python(+0x12f094) [0x56191e556094]
14  /opt/conda/envs/gdf/bin/python(_PyFunction_Vectorcall+0xd9) [0x56191e567519]
15  /opt/conda/envs/gdf/bin/python(_PyEval_EvalFrameDefault+0x696) [0x56191e5575c6]
16  /opt/conda/envs/gdf/bin/python(+0x1407c2) [0x56191e5677c2]
17  /opt/conda/envs/gdf/bin/python(+0x14de83) [0x56191e574e83]
18  /opt/conda/envs/gdf/bin/python(+0x258b2c) [0x56191e67fb2c]
19  /opt/conda/envs/gdf/bin/python(+0xead05) [0x56191e511d05]
20  /opt/conda/envs/gdf/bin/python(+0x1377f3) [0x56191e55e7f3]
21  /opt/conda/envs/gdf/bin/python(_PyEval_EvalFrameDefault+0x59f9) [0x56191e55c929]
22  /opt/conda/envs/gdf/bin/python(+0x1407c2) [0x56191e5677c2]
23  /opt/conda/envs/gdf/bin/python(_PyEval_EvalFrameDefault+0x696) [0x56191e5575c6]
24  /opt/conda/envs/gdf/bin/python(+0x1407c2) [0x56191e5677c2]
25  /opt/conda/envs/gdf/bin/python(_PyEval_EvalFrameDefault+0x696) [0x56191e5575c6]
26  /opt/conda/envs/gdf/bin/python(+0x1407c2) [0x56191e5677c2]
27  /opt/conda/envs/gdf/bin/python(_PyEval_EvalFrameDefault+0x696) [0x56191e5575c6]
28  /opt/conda/envs/gdf/bin/python(+0x1407c2) [0x56191e5677c2]
29  /opt/conda/envs/gdf/bin/python(_PyEval_EvalFrameDefault+0x696) [0x56191e5575c6]
30  /opt/conda/envs/gdf/bin/python(+0x12f094) [0x56191e556094]
31  /opt/conda/envs/gdf/bin/python(_PyFunction_Vectorcall+0xd9) [0x56191e567519]
32  /opt/conda/envs/gdf/bin/python(_PyEval_EvalFrameDefault+0x11f8) [0x56191e558128]
33  /opt/conda/envs/gdf/bin/python(+0x12f094) [0x56191e556094]
34  /opt/conda/envs/gdf/bin/python(+0x14dccb) [0x56191e574ccb]
35  /opt/conda/envs/gdf/bin/python(PyObject_Call+0xbc) [0x56191e57544c]
36  /opt/conda/envs/gdf/bin/python(+0x21110e) [0x56191e63810e]
37  /opt/conda/envs/gdf/bin/python(_PyObject_MakeTpCall+0x2ec) [0x56191e55f77c]
38  /opt/conda/envs/gdf/bin/python(_PyEval_EvalFrameDefault+0x37cb) [0x56191e55a6fb]
39  /opt/conda/envs/gdf/bin/python(+0x1407c2) [0x56191e5677c2]
40  /opt/conda/envs/gdf/bin/python(+0x14ddac) [0x56191e574dac]
41  /opt/conda/envs/gdf/bin/python(_PyEval_EvalFrameDefault+0x37cb) [0x56191e55a6fb]
42  /opt/conda/envs/gdf/bin/python(+0x1407c2) [0x56191e5677c2]
43  /opt/conda/envs/gdf/bin/python(_PyEval_EvalFrameDefault+0x696) [0x56191e5575c6]
44  /opt/conda/envs/gdf/bin/python(+0x12f094) [0x56191e556094]
45  /opt/conda/envs/gdf/bin/python(_PyFunction_Vectorcall+0xd9) [0x56191e567519]
46  /opt/conda/envs/gdf/bin/python(_PyEval_EvalFrameDefault+0x696) [0x56191e5575c6]
47  /opt/conda/envs/gdf/bin/python(+0x1407c2) [0x56191e5677c2]
48  /opt/conda/envs/gdf/bin/python(_PyEval_EvalFrameDefault+0x3e2) [0x56191e557312]
49  /opt/conda/envs/gdf/bin/python(+0x12f094) [0x56191e556094]
50  /opt/conda/envs/gdf/bin/python(_PyFunction_Vectorcall+0xd9) [0x56191e567519]
51  /opt/conda/envs/gdf/bin/python(_PyEval_EvalFrameDefault+0x11f8) [0x56191e558128]
52  /opt/conda/envs/gdf/bin/python(+0x12f094) [0x56191e556094]
53  /opt/conda/envs/gdf/bin/python(_PyEval_EvalCodeWithName+0x48) [0x56191e555d68]
54  /opt/conda/envs/gdf/bin/python(PyEval_EvalCodeEx+0x39) [0x56191e555d19]
55  /opt/conda/envs/gdf/bin/python(PyEval_EvalCode+0x1b) [0x56191e60307b]
56  /opt/conda/envs/gdf/bin/python(+0x208fca) [0x56191e62ffca]
57  /opt/conda/envs/gdf/bin/python(+0x205353) [0x56191e62c353]
58  /opt/conda/envs/gdf/bin/python(PyRun_StringFlags+0x9a) [0x56191e62416a]
59  /opt/conda/envs/gdf/bin/python(PyRun_SimpleStringFlags+0x3c) [0x56191e62405c]
60  /opt/conda/envs/gdf/bin/python(Py_RunMain+0x267) [0x56191e623297]
61  /opt/conda/envs/gdf/bin/python(Py_BytesMain+0x37) [0x56191e5f6f07]
=================================
2023-09-15 07:28:33,855 - distributed.worker - ERROR - failed during get data with ucx://127.0.0.1:43921 -> ucx://127.0.0.1:45637
Traceback (most recent call last):
  File "/opt/conda/envs/gdf/lib/python3.9/site-packages/distributed/comm/ucx.py", line 338, in write
    await self.ep.send(each_frame)
  File "/opt/conda/envs/gdf/lib/python3.9/site-packages/ucp/core.py", line 650, in send
    return await comm.tag_send(self._ep, buffer, nbytes, tag, name=log)
ucp._libs.exceptions.UCXError: <[Send #007] ep: 0x7f9a40d523c0, tag: 0x19bcf954ddea941c, nbytes: 100000000, type: <class 'cudf.core.buffer.buffer.Buffer'>>: Connection reset by remote peer

During handling of the above exception, another exception occurred:

Traceback (most recent call last):
  File "/opt/conda/envs/gdf/lib/python3.9/site-packages/distributed/worker.py", line 1782, in get_data
    compressed = await comm.write(msg, serializers=serializers)
  File "/opt/conda/envs/gdf/lib/python3.9/site-packages/distributed/utils.py", line 803, in wrapper
    return await func(*args, **kwargs)
  File "/opt/conda/envs/gdf/lib/python3.9/site-packages/distributed/comm/ucx.py", line 342, in write
    raise CommClosedError("While writing, the connection was closed")
distributed.comm.core.CommClosedError: While writing, the connection was closed
2023-09-15 07:28:33,855 - distributed.worker - ERROR - Worker stream died during communication: ucx://127.0.0.1:45637
Traceback (most recent call last):
  File "/opt/conda/envs/gdf/lib/python3.9/site-packages/distributed/comm/ucx.py", line 396, in read
    await self.ep.recv(each_frame)
  File "/opt/conda/envs/gdf/lib/python3.9/site-packages/ucp/core.py", line 725, in recv
    ret = await comm.tag_recv(self._ep, buffer, nbytes, tag, name=log)
ucp._libs.exceptions.UCXError: <[Recv #007] ep: 0x7f9a40d52280, tag: 0xe75ae191241c128c, nbytes: 100000000, type: <class 'rmm._lib.device_buffer.DeviceBuffer'>>: Connection reset by remote peer

During handling of the above exception, another exception occurred:

Traceback (most recent call last):
  File "/opt/conda/envs/gdf/lib/python3.9/site-packages/distributed/worker.py", line 2059, in gather_dep
    response = await get_data_from_worker(
  File "/opt/conda/envs/gdf/lib/python3.9/site-packages/distributed/worker.py", line 2852, in get_data_from_worker
    response = await send_recv(
  File "/opt/conda/envs/gdf/lib/python3.9/site-packages/distributed/core.py", line 1106, in send_recv
    response = await comm.read(deserializers=deserializers)
  File "/opt/conda/envs/gdf/lib/python3.9/site-packages/distributed/utils.py", line 803, in wrapper
    return await func(*args, **kwargs)
  File "/opt/conda/envs/gdf/lib/python3.9/site-packages/distributed/comm/ucx.py", line 402, in read
    raise CommClosedError(
distributed.comm.core.CommClosedError: Connection closed by writer.
Inner exception: UCXError("<[Recv #007] ep: 0x7f9a40d52280, tag: 0xe75ae191241c128c, nbytes: 100000000, type: <class 'rmm._lib.device_buffer.DeviceBuffer'>>: Connection reset by remote peer")
2023-09-15 07:28:33,855 - distributed.worker - ERROR - Worker stream died during communication: ucx://127.0.0.1:45637
Traceback (most recent call last):
  File "/opt/conda/envs/gdf/lib/python3.9/site-packages/distributed/comm/ucx.py", line 396, in read
    await self.ep.recv(each_frame)
  File "/opt/conda/envs/gdf/lib/python3.9/site-packages/ucp/core.py", line 725, in recv
    ret = await comm.tag_recv(self._ep, buffer, nbytes, tag, name=log)
ucp._libs.exceptions.UCXCanceled: <[Recv #009] ep: 0x7f6dddf3c2c0, tag: 0xc6762b7e0d8cfd40, nbytes: 100000000, type: <class 'rmm._lib.device_buffer.DeviceBuffer'>>: 

During handling of the above exception, another exception occurred:

Traceback (most recent call last):
  File "/opt/conda/envs/gdf/lib/python3.9/site-packages/distributed/worker.py", line 2059, in gather_dep
    response = await get_data_from_worker(
  File "/opt/conda/envs/gdf/lib/python3.9/site-packages/distributed/worker.py", line 2852, in get_data_from_worker
    response = await send_recv(
  File "/opt/conda/envs/gdf/lib/python3.9/site-packages/distributed/core.py", line 1106, in send_recv
    response = await comm.read(deserializers=deserializers)
  File "/opt/conda/envs/gdf/lib/python3.9/site-packages/distributed/utils.py", line 803, in wrapper
    return await func(*args, **kwargs)
  File "/opt/conda/envs/gdf/lib/python3.9/site-packages/distributed/comm/ucx.py", line 402, in read
    raise CommClosedError(
distributed.comm.core.CommClosedError: Connection closed by writer.
Inner exception: UCXCanceled("<[Recv #009] ep: 0x7f6dddf3c2c0, tag: 0xc6762b7e0d8cfd40, nbytes: 100000000, type: <class 'rmm._lib.device_buffer.DeviceBuffer'>>: ")
2023-09-15 07:28:33,923 - distributed.nanny - WARNING - Restarting worker
/opt/conda/envs/gdf/lib/python3.9/multiprocessing/resource_tracker.py:216: UserWarning: resource_tracker: There appear to be 48 leaked semaphore objects to clean up at shutdown
  warnings.warn('resource_tracker: There appear to be %d '
