[dgx13:69745:0:69745] Caught signal 11 (Segmentation fault: address not mapped to object at address 0x448)
==== backtrace (tid:  69745) ====
 0  /opt/conda/envs/gdf/lib/libucs.so.0(ucs_handle_error+0x2fd) [0x7f8c8056906d]
 1  /opt/conda/envs/gdf/lib/libucs.so.0(+0x2a264) [0x7f8c80569264]
 2  /opt/conda/envs/gdf/lib/libucs.so.0(+0x2a42a) [0x7f8c8056942a]
 3  /usr/lib/x86_64-linux-gnu/libpthread.so.0(+0x14420) [0x7f8d138a0420]
 4  /opt/conda/envs/gdf/lib/libucp.so.0(ucp_mem_type_unpack+0x14) [0x7f8c805e76a4]
 5  /opt/conda/envs/gdf/lib/libucp.so.0(ucp_rndv_data_handler+0x4e9) [0x7f8c80610829]
 6  /opt/conda/envs/gdf/lib/./libuct.so.0(+0x2146f) [0x7f8c8052346f]
 7  /opt/conda/envs/gdf/lib/./libuct.so.0(+0x248c8) [0x7f8c805268c8]
 8  /opt/conda/envs/gdf/lib/libucs.so.0(ucs_event_set_wait+0xb9) [0x7f8c80572499]
 9  /opt/conda/envs/gdf/lib/./libuct.so.0(uct_tcp_iface_progress+0x7d) [0x7f8c8052566d]
10  /opt/conda/envs/gdf/lib/libucp.so.0(ucp_worker_progress+0x5a) [0x7f8c805e48ca]
11  /opt/conda/envs/gdf/lib/python3.9/site-packages/ucp/_libs/ucx_api.cpython-39-x86_64-linux-gnu.so(+0x3206a) [0x7f8c8069d06a]
12  /opt/conda/envs/gdf/bin/python(_PyEval_EvalFrameDefault+0x37cb) [0x5650449556fb]
13  /opt/conda/envs/gdf/bin/python(+0x12f094) [0x565044951094]
14  /opt/conda/envs/gdf/bin/python(_PyFunction_Vectorcall+0xd9) [0x565044962519]
15  /opt/conda/envs/gdf/bin/python(_PyEval_EvalFrameDefault+0x696) [0x5650449525c6]
16  /opt/conda/envs/gdf/bin/python(+0x1e3162) [0x565044a05162]
17  /opt/conda/envs/gdf/lib/python3.9/lib-dynload/_asyncio.cpython-39-x86_64-linux-gnu.so(+0x81e9) [0x7f8d098df1e9]
18  /opt/conda/envs/gdf/bin/python(_PyObject_MakeTpCall+0x2ec) [0x56504495a77c]
19  /opt/conda/envs/gdf/bin/python(+0xead05) [0x56504490cd05]
20  /opt/conda/envs/gdf/bin/python(+0x1377f3) [0x5650449597f3]
21  /opt/conda/envs/gdf/bin/python(_PyEval_EvalFrameDefault+0x59f9) [0x565044957929]
22  /opt/conda/envs/gdf/bin/python(+0x1407c2) [0x5650449627c2]
23  /opt/conda/envs/gdf/bin/python(_PyEval_EvalFrameDefault+0x696) [0x5650449525c6]
24  /opt/conda/envs/gdf/bin/python(+0x1407c2) [0x5650449627c2]
25  /opt/conda/envs/gdf/bin/python(_PyEval_EvalFrameDefault+0x696) [0x5650449525c6]
26  /opt/conda/envs/gdf/bin/python(+0x1407c2) [0x5650449627c2]
27  /opt/conda/envs/gdf/bin/python(_PyEval_EvalFrameDefault+0x696) [0x5650449525c6]
28  /opt/conda/envs/gdf/bin/python(+0x1407c2) [0x5650449627c2]
29  /opt/conda/envs/gdf/bin/python(_PyEval_EvalFrameDefault+0x696) [0x5650449525c6]
30  /opt/conda/envs/gdf/bin/python(+0x12f094) [0x565044951094]
31  /opt/conda/envs/gdf/bin/python(_PyFunction_Vectorcall+0xd9) [0x565044962519]
32  /opt/conda/envs/gdf/bin/python(_PyEval_EvalFrameDefault+0x11f8) [0x565044953128]
33  /opt/conda/envs/gdf/bin/python(+0x12f094) [0x565044951094]
34  /opt/conda/envs/gdf/bin/python(+0x14dccb) [0x56504496fccb]
35  /opt/conda/envs/gdf/bin/python(PyObject_Call+0xbc) [0x56504497044c]
36  /opt/conda/envs/gdf/bin/python(+0x21110e) [0x565044a3310e]
37  /opt/conda/envs/gdf/bin/python(_PyObject_MakeTpCall+0x2ec) [0x56504495a77c]
38  /opt/conda/envs/gdf/bin/python(_PyEval_EvalFrameDefault+0x37cb) [0x5650449556fb]
39  /opt/conda/envs/gdf/bin/python(+0x1407c2) [0x5650449627c2]
40  /opt/conda/envs/gdf/bin/python(+0x14ddac) [0x56504496fdac]
41  /opt/conda/envs/gdf/bin/python(_PyEval_EvalFrameDefault+0x37cb) [0x5650449556fb]
42  /opt/conda/envs/gdf/bin/python(+0x1407c2) [0x5650449627c2]
43  /opt/conda/envs/gdf/bin/python(_PyEval_EvalFrameDefault+0x696) [0x5650449525c6]
44  /opt/conda/envs/gdf/bin/python(+0x12f094) [0x565044951094]
45  /opt/conda/envs/gdf/bin/python(_PyFunction_Vectorcall+0xd9) [0x565044962519]
46  /opt/conda/envs/gdf/bin/python(_PyEval_EvalFrameDefault+0x696) [0x5650449525c6]
47  /opt/conda/envs/gdf/bin/python(+0x1407c2) [0x5650449627c2]
48  /opt/conda/envs/gdf/bin/python(_PyEval_EvalFrameDefault+0x3e2) [0x565044952312]
49  /opt/conda/envs/gdf/bin/python(+0x12f094) [0x565044951094]
50  /opt/conda/envs/gdf/bin/python(_PyFunction_Vectorcall+0xd9) [0x565044962519]
51  /opt/conda/envs/gdf/bin/python(_PyEval_EvalFrameDefault+0x11f8) [0x565044953128]
52  /opt/conda/envs/gdf/bin/python(+0x12f094) [0x565044951094]
53  /opt/conda/envs/gdf/bin/python(_PyEval_EvalCodeWithName+0x48) [0x565044950d68]
54  /opt/conda/envs/gdf/bin/python(PyEval_EvalCodeEx+0x39) [0x565044950d19]
55  /opt/conda/envs/gdf/bin/python(PyEval_EvalCode+0x1b) [0x5650449fe07b]
56  /opt/conda/envs/gdf/bin/python(+0x208fca) [0x565044a2afca]
57  /opt/conda/envs/gdf/bin/python(+0x205353) [0x565044a27353]
58  /opt/conda/envs/gdf/bin/python(PyRun_StringFlags+0x9a) [0x565044a1f16a]
59  /opt/conda/envs/gdf/bin/python(PyRun_SimpleStringFlags+0x3c) [0x565044a1f05c]
60  /opt/conda/envs/gdf/bin/python(Py_RunMain+0x267) [0x565044a1e297]
61  /opt/conda/envs/gdf/bin/python(Py_BytesMain+0x37) [0x5650449f1f07]
=================================
2023-11-13 08:55:52,185 - distributed.worker - ERROR - failed during get data with ucx://127.0.0.1:50007 -> ucx://127.0.0.1:51071
Traceback (most recent call last):
  File "/opt/conda/envs/gdf/lib/python3.9/site-packages/distributed/comm/ucx.py", line 338, in write
    await self.ep.send(each_frame)
  File "/opt/conda/envs/gdf/lib/python3.9/site-packages/ucp/core.py", line 650, in send
    return await comm.tag_send(self._ep, buffer, nbytes, tag, name=log)
ucp._libs.exceptions.UCXError: <[Send #007] ep: 0x7f4f883b8100, tag: 0x7d63b85500c55e45, nbytes: 800000000, type: <class 'cudf.core.buffer.buffer.Buffer'>>: Connection reset by remote peer

During handling of the above exception, another exception occurred:

Traceback (most recent call last):
  File "/opt/conda/envs/gdf/lib/python3.9/site-packages/distributed/worker.py", line 1782, in get_data
    compressed = await comm.write(msg, serializers=serializers)
  File "/opt/conda/envs/gdf/lib/python3.9/site-packages/distributed/utils.py", line 803, in wrapper
    return await func(*args, **kwargs)
  File "/opt/conda/envs/gdf/lib/python3.9/site-packages/distributed/comm/ucx.py", line 342, in write
    raise CommClosedError("While writing, the connection was closed")
distributed.comm.core.CommClosedError: While writing, the connection was closed
Task exception was never retrieved
future: <Task finished name='Task-772' coro=<_listener_handler_coroutine() done, defined at /opt/conda/envs/gdf/lib/python3.9/site-packages/ucp/core.py:128> exception=UCXError('<stream_send>: Connection reset by remote peer')>
Traceback (most recent call last):
  File "/opt/conda/envs/gdf/lib/python3.9/site-packages/ucp/core.py", line 143, in _listener_handler_coroutine
    peer_info = await exchange_peer_info(
  File "/opt/conda/envs/gdf/lib/python3.9/site-packages/ucp/core.py", line 51, in exchange_peer_info
    await comm.stream_send(endpoint, my_info_arr, my_info_arr.nbytes)
ucp._libs.exceptions.UCXError: <stream_send>: Connection reset by remote peer
Task exception was never retrieved
future: <Task finished name='Task-765' coro=<_listener_handler_coroutine() done, defined at /opt/conda/envs/gdf/lib/python3.9/site-packages/ucp/core.py:128> exception=UCXError('<stream_send>: Connection reset by remote peer')>
Traceback (most recent call last):
  File "/opt/conda/envs/gdf/lib/python3.9/site-packages/ucp/core.py", line 143, in _listener_handler_coroutine
    peer_info = await exchange_peer_info(
  File "/opt/conda/envs/gdf/lib/python3.9/site-packages/ucp/core.py", line 51, in exchange_peer_info
    await comm.stream_send(endpoint, my_info_arr, my_info_arr.nbytes)
ucp._libs.exceptions.UCXError: <stream_send>: Connection reset by remote peer
[dgx13:69759:0:69759] Caught signal 11 (Segmentation fault: address not mapped to object at address 0x448)
==== backtrace (tid:  69759) ====
 0  /opt/conda/envs/gdf/lib/libucs.so.0(ucs_handle_error+0x2fd) [0x7f6b38aaf06d]
 1  /opt/conda/envs/gdf/lib/libucs.so.0(+0x2a264) [0x7f6b38aaf264]
 2  /opt/conda/envs/gdf/lib/libucs.so.0(+0x2a42a) [0x7f6b38aaf42a]
 3  /usr/lib/x86_64-linux-gnu/libpthread.so.0(+0x14420) [0x7f6bd9e03420]
 4  /opt/conda/envs/gdf/lib/libucp.so.0(ucp_mem_type_unpack+0x14) [0x7f6b38b2d6a4]
 5  /opt/conda/envs/gdf/lib/libucp.so.0(ucp_rndv_data_handler+0x4e9) [0x7f6b38b56829]
 6  /opt/conda/envs/gdf/lib/./libuct.so.0(+0x2146f) [0x7f6b38a6946f]
 7  /opt/conda/envs/gdf/lib/./libuct.so.0(+0x248c8) [0x7f6b38a6c8c8]
 8  /opt/conda/envs/gdf/lib/libucs.so.0(ucs_event_set_wait+0xb9) [0x7f6b38ab8499]
 9  /opt/conda/envs/gdf/lib/./libuct.so.0(uct_tcp_iface_progress+0x7d) [0x7f6b38a6b66d]
10  /opt/conda/envs/gdf/lib/libucp.so.0(ucp_worker_progress+0x5a) [0x7f6b38b2a8ca]
11  /opt/conda/envs/gdf/lib/python3.9/site-packages/ucp/_libs/ucx_api.cpython-39-x86_64-linux-gnu.so(+0x3206a) [0x7f6b38be306a]
12  /opt/conda/envs/gdf/bin/python(_PyEval_EvalFrameDefault+0x37cb) [0x55c3e048c6fb]
13  /opt/conda/envs/gdf/bin/python(+0x12f094) [0x55c3e0488094]
14  /opt/conda/envs/gdf/bin/python(_PyFunction_Vectorcall+0xd9) [0x55c3e0499519]
15  /opt/conda/envs/gdf/bin/python(_PyEval_EvalFrameDefault+0x696) [0x55c3e04895c6]
16  /opt/conda/envs/gdf/bin/python(+0x1e3162) [0x55c3e053c162]
17  /opt/conda/envs/gdf/lib/python3.9/lib-dynload/_asyncio.cpython-39-x86_64-linux-gnu.so(+0x81e9) [0x7f6bcbe041e9]
18  /opt/conda/envs/gdf/bin/python(_PyObject_MakeTpCall+0x2ec) [0x55c3e049177c]
19  /opt/conda/envs/gdf/bin/python(+0xead05) [0x55c3e0443d05]
20  /opt/conda/envs/gdf/bin/python(+0x1377f3) [0x55c3e04907f3]
21  /opt/conda/envs/gdf/bin/python(_PyEval_EvalFrameDefault+0x59f9) [0x55c3e048e929]
22  /opt/conda/envs/gdf/bin/python(+0x1407c2) [0x55c3e04997c2]
23  /opt/conda/envs/gdf/bin/python(_PyEval_EvalFrameDefault+0x696) [0x55c3e04895c6]
24  /opt/conda/envs/gdf/bin/python(+0x1407c2) [0x55c3e04997c2]
25  /opt/conda/envs/gdf/bin/python(_PyEval_EvalFrameDefault+0x696) [0x55c3e04895c6]
26  /opt/conda/envs/gdf/bin/python(+0x1407c2) [0x55c3e04997c2]
27  /opt/conda/envs/gdf/bin/python(_PyEval_EvalFrameDefault+0x696) [0x55c3e04895c6]
28  /opt/conda/envs/gdf/bin/python(+0x1407c2) [0x55c3e04997c2]
29  /opt/conda/envs/gdf/bin/python(_PyEval_EvalFrameDefault+0x696) [0x55c3e04895c6]
30  /opt/conda/envs/gdf/bin/python(+0x12f094) [0x55c3e0488094]
31  /opt/conda/envs/gdf/bin/python(_PyFunction_Vectorcall+0xd9) [0x55c3e0499519]
32  /opt/conda/envs/gdf/bin/python(_PyEval_EvalFrameDefault+0x11f8) [0x55c3e048a128]
33  /opt/conda/envs/gdf/bin/python(+0x12f094) [0x55c3e0488094]
34  /opt/conda/envs/gdf/bin/python(+0x14dccb) [0x55c3e04a6ccb]
35  /opt/conda/envs/gdf/bin/python(PyObject_Call+0xbc) [0x55c3e04a744c]
36  /opt/conda/envs/gdf/bin/python(+0x21110e) [0x55c3e056a10e]
37  /opt/conda/envs/gdf/bin/python(_PyObject_MakeTpCall+0x2ec) [0x55c3e049177c]
38  /opt/conda/envs/gdf/bin/python(_PyEval_EvalFrameDefault+0x37cb) [0x55c3e048c6fb]
39  /opt/conda/envs/gdf/bin/python(+0x1407c2) [0x55c3e04997c2]
40  /opt/conda/envs/gdf/bin/python(+0x14ddac) [0x55c3e04a6dac]
41  /opt/conda/envs/gdf/bin/python(_PyEval_EvalFrameDefault+0x37cb) [0x55c3e048c6fb]
42  /opt/conda/envs/gdf/bin/python(+0x1407c2) [0x55c3e04997c2]
43  /opt/conda/envs/gdf/bin/python(_PyEval_EvalFrameDefault+0x696) [0x55c3e04895c6]
44  /opt/conda/envs/gdf/bin/python(+0x12f094) [0x55c3e0488094]
45  /opt/conda/envs/gdf/bin/python(_PyFunction_Vectorcall+0xd9) [0x55c3e0499519]
46  /opt/conda/envs/gdf/bin/python(_PyEval_EvalFrameDefault+0x696) [0x55c3e04895c6]
47  /opt/conda/envs/gdf/bin/python(+0x1407c2) [0x55c3e04997c2]
48  /opt/conda/envs/gdf/bin/python(_PyEval_EvalFrameDefault+0x3e2) [0x55c3e0489312]
49  /opt/conda/envs/gdf/bin/python(+0x12f094) [0x55c3e0488094]
50  /opt/conda/envs/gdf/bin/python(_PyFunction_Vectorcall+0xd9) [0x55c3e0499519]
51  /opt/conda/envs/gdf/bin/python(_PyEval_EvalFrameDefault+0x11f8) [0x55c3e048a128]
52  /opt/conda/envs/gdf/bin/python(+0x12f094) [0x55c3e0488094]
53  /opt/conda/envs/gdf/bin/python(_PyEval_EvalCodeWithName+0x48) [0x55c3e0487d68]
54  /opt/conda/envs/gdf/bin/python(PyEval_EvalCodeEx+0x39) [0x55c3e0487d19]
55  /opt/conda/envs/gdf/bin/python(PyEval_EvalCode+0x1b) [0x55c3e053507b]
56  /opt/conda/envs/gdf/bin/python(+0x208fca) [0x55c3e0561fca]
57  /opt/conda/envs/gdf/bin/python(+0x205353) [0x55c3e055e353]
58  /opt/conda/envs/gdf/bin/python(PyRun_StringFlags+0x9a) [0x55c3e055616a]
59  /opt/conda/envs/gdf/bin/python(PyRun_SimpleStringFlags+0x3c) [0x55c3e055605c]
60  /opt/conda/envs/gdf/bin/python(Py_RunMain+0x267) [0x55c3e0555297]
61  /opt/conda/envs/gdf/bin/python(Py_BytesMain+0x37) [0x55c3e0528f07]
=================================
[dgx13:69748:0:69748] Caught signal 11 (Segmentation fault: address not mapped to object at address 0x448)
==== backtrace (tid:  69748) ====
 0  /opt/conda/envs/gdf/lib/libucs.so.0(ucs_handle_error+0x2fd) [0x7f61fc28706d]
 1  /opt/conda/envs/gdf/lib/libucs.so.0(+0x2a264) [0x7f61fc287264]
 2  /opt/conda/envs/gdf/lib/libucs.so.0(+0x2a42a) [0x7f61fc28742a]
 3  /usr/lib/x86_64-linux-gnu/libpthread.so.0(+0x14420) [0x7f628f5c5420]
 4  /opt/conda/envs/gdf/lib/libucp.so.0(ucp_mem_type_unpack+0x14) [0x7f61fc3056a4]
 5  /opt/conda/envs/gdf/lib/libucp.so.0(ucp_rndv_data_handler+0x4e9) [0x7f61fc32e829]
 6  /opt/conda/envs/gdf/lib/./libuct.so.0(+0x2146f) [0x7f61fc24146f]
 7  /opt/conda/envs/gdf/lib/./libuct.so.0(+0x248c8) [0x7f61fc2448c8]
 8  /opt/conda/envs/gdf/lib/libucs.so.0(ucs_event_set_wait+0xb9) [0x7f61fc290499]
 9  /opt/conda/envs/gdf/lib/./libuct.so.0(uct_tcp_iface_progress+0x7d) [0x7f61fc24366d]
10  /opt/conda/envs/gdf/lib/libucp.so.0(ucp_worker_progress+0x5a) [0x7f61fc3028ca]
11  /opt/conda/envs/gdf/lib/python3.9/site-packages/ucp/_libs/ucx_api.cpython-39-x86_64-linux-gnu.so(+0x3206a) [0x7f61fc3bb06a]
12  /opt/conda/envs/gdf/bin/python(_PyEval_EvalFrameDefault+0x37cb) [0x564e621476fb]
13  /opt/conda/envs/gdf/bin/python(+0x12f094) [0x564e62143094]
14  /opt/conda/envs/gdf/bin/python(_PyFunction_Vectorcall+0xd9) [0x564e62154519]
15  /opt/conda/envs/gdf/bin/python(_PyEval_EvalFrameDefault+0x696) [0x564e621445c6]
16  /opt/conda/envs/gdf/bin/python(+0x1e3162) [0x564e621f7162]
17  /opt/conda/envs/gdf/lib/python3.9/lib-dynload/_asyncio.cpython-39-x86_64-linux-gnu.so(+0x81e9) [0x7f62855df1e9]
18  /opt/conda/envs/gdf/bin/python(_PyObject_MakeTpCall+0x2ec) [0x564e6214c77c]
19  /opt/conda/envs/gdf/bin/python(+0xead05) [0x564e620fed05]
20  /opt/conda/envs/gdf/bin/python(+0x1377f3) [0x564e6214b7f3]
21  /opt/conda/envs/gdf/bin/python(_PyEval_EvalFrameDefault+0x59f9) [0x564e62149929]
22  /opt/conda/envs/gdf/bin/python(+0x1407c2) [0x564e621547c2]
23  /opt/conda/envs/gdf/bin/python(_PyEval_EvalFrameDefault+0x696) [0x564e621445c6]
24  /opt/conda/envs/gdf/bin/python(+0x1407c2) [0x564e621547c2]
25  /opt/conda/envs/gdf/bin/python(_PyEval_EvalFrameDefault+0x696) [0x564e621445c6]
26  /opt/conda/envs/gdf/bin/python(+0x1407c2) [0x564e621547c2]
27  /opt/conda/envs/gdf/bin/python(_PyEval_EvalFrameDefault+0x696) [0x564e621445c6]
28  /opt/conda/envs/gdf/bin/python(+0x1407c2) [0x564e621547c2]
29  /opt/conda/envs/gdf/bin/python(_PyEval_EvalFrameDefault+0x696) [0x564e621445c6]
30  /opt/conda/envs/gdf/bin/python(+0x12f094) [0x564e62143094]
31  /opt/conda/envs/gdf/bin/python(_PyFunction_Vectorcall+0xd9) [0x564e62154519]
32  /opt/conda/envs/gdf/bin/python(_PyEval_EvalFrameDefault+0x11f8) [0x564e62145128]
33  /opt/conda/envs/gdf/bin/python(+0x12f094) [0x564e62143094]
34  /opt/conda/envs/gdf/bin/python(+0x14dccb) [0x564e62161ccb]
35  /opt/conda/envs/gdf/bin/python(PyObject_Call+0xbc) [0x564e6216244c]
36  /opt/conda/envs/gdf/bin/python(+0x21110e) [0x564e6222510e]
37  /opt/conda/envs/gdf/bin/python(_PyObject_MakeTpCall+0x2ec) [0x564e6214c77c]
38  /opt/conda/envs/gdf/bin/python(_PyEval_EvalFrameDefault+0x37cb) [0x564e621476fb]
39  /opt/conda/envs/gdf/bin/python(+0x1407c2) [0x564e621547c2]
40  /opt/conda/envs/gdf/bin/python(+0x14ddac) [0x564e62161dac]
41  /opt/conda/envs/gdf/bin/python(_PyEval_EvalFrameDefault+0x37cb) [0x564e621476fb]
42  /opt/conda/envs/gdf/bin/python(+0x1407c2) [0x564e621547c2]
43  /opt/conda/envs/gdf/bin/python(_PyEval_EvalFrameDefault+0x696) [0x564e621445c6]
44  /opt/conda/envs/gdf/bin/python(+0x12f094) [0x564e62143094]
45  /opt/conda/envs/gdf/bin/python(_PyFunction_Vectorcall+0xd9) [0x564e62154519]
46  /opt/conda/envs/gdf/bin/python(_PyEval_EvalFrameDefault+0x696) [0x564e621445c6]
47  /opt/conda/envs/gdf/bin/python(+0x1407c2) [0x564e621547c2]
48  /opt/conda/envs/gdf/bin/python(_PyEval_EvalFrameDefault+0x3e2) [0x564e62144312]
49  /opt/conda/envs/gdf/bin/python(+0x12f094) [0x564e62143094]
50  /opt/conda/envs/gdf/bin/python(_PyFunction_Vectorcall+0xd9) [0x564e62154519]
51  /opt/conda/envs/gdf/bin/python(_PyEval_EvalFrameDefault+0x11f8) [0x564e62145128]
52  /opt/conda/envs/gdf/bin/python(+0x12f094) [0x564e62143094]
53  /opt/conda/envs/gdf/bin/python(_PyEval_EvalCodeWithName+0x48) [0x564e62142d68]
54  /opt/conda/envs/gdf/bin/python(PyEval_EvalCodeEx+0x39) [0x564e62142d19]
55  /opt/conda/envs/gdf/bin/python(PyEval_EvalCode+0x1b) [0x564e621f007b]
56  /opt/conda/envs/gdf/bin/python(+0x208fca) [0x564e6221cfca]
57  /opt/conda/envs/gdf/bin/python(+0x205353) [0x564e62219353]
58  /opt/conda/envs/gdf/bin/python(PyRun_StringFlags+0x9a) [0x564e6221116a]
59  /opt/conda/envs/gdf/bin/python(PyRun_SimpleStringFlags+0x3c) [0x564e6221105c]
60  /opt/conda/envs/gdf/bin/python(Py_RunMain+0x267) [0x564e62210297]
61  /opt/conda/envs/gdf/bin/python(Py_BytesMain+0x37) [0x564e621e3f07]
=================================
[dgx13:69757:0:69757] Caught signal 11 (Segmentation fault: address not mapped to object at address 0x448)
==== backtrace (tid:  69757) ====
 0  /opt/conda/envs/gdf/lib/libucs.so.0(ucs_handle_error+0x2fd) [0x7f37bcec906d]
 1  /opt/conda/envs/gdf/lib/libucs.so.0(+0x2a264) [0x7f37bcec9264]
 2  /opt/conda/envs/gdf/lib/libucs.so.0(+0x2a42a) [0x7f37bcec942a]
 3  /usr/lib/x86_64-linux-gnu/libpthread.so.0(+0x14420) [0x7f38501f6420]
 4  /opt/conda/envs/gdf/lib/libucp.so.0(ucp_mem_type_unpack+0x14) [0x7f37bcf476a4]
 5  /opt/conda/envs/gdf/lib/libucp.so.0(ucp_rndv_data_handler+0x4e9) [0x7f37bcf70829]
 6  /opt/conda/envs/gdf/lib/./libuct.so.0(+0x2146f) [0x7f37bce8346f]
 7  /opt/conda/envs/gdf/lib/./libuct.so.0(+0x248c8) [0x7f37bce868c8]
 8  /opt/conda/envs/gdf/lib/libucs.so.0(ucs_event_set_wait+0xb9) [0x7f37bced2499]
 9  /opt/conda/envs/gdf/lib/./libuct.so.0(uct_tcp_iface_progress+0x7d) [0x7f37bce8566d]
10  /opt/conda/envs/gdf/lib/libucp.so.0(ucp_worker_progress+0x5a) [0x7f37bcf448ca]
11  /opt/conda/envs/gdf/lib/python3.9/site-packages/ucp/_libs/ucx_api.cpython-39-x86_64-linux-gnu.so(+0x3206a) [0x7f37bcffd06a]
12  /opt/conda/envs/gdf/bin/python(_PyEval_EvalFrameDefault+0x37cb) [0x5588033cb6fb]
13  /opt/conda/envs/gdf/bin/python(+0x12f094) [0x5588033c7094]
14  /opt/conda/envs/gdf/bin/python(_PyFunction_Vectorcall+0xd9) [0x5588033d8519]
15  /opt/conda/envs/gdf/bin/python(_PyEval_EvalFrameDefault+0x696) [0x5588033c85c6]
16  /opt/conda/envs/gdf/bin/python(+0x1407c2) [0x5588033d87c2]
17  /opt/conda/envs/gdf/bin/python(+0x14de83) [0x5588033e5e83]
18  /opt/conda/envs/gdf/bin/python(+0x258b2c) [0x5588034f0b2c]
19  /opt/conda/envs/gdf/bin/python(+0xead05) [0x558803382d05]
20  /opt/conda/envs/gdf/bin/python(+0x1377f3) [0x5588033cf7f3]
21  /opt/conda/envs/gdf/bin/python(_PyEval_EvalFrameDefault+0x59f9) [0x5588033cd929]
22  /opt/conda/envs/gdf/bin/python(+0x1407c2) [0x5588033d87c2]
23  /opt/conda/envs/gdf/bin/python(_PyEval_EvalFrameDefault+0x696) [0x5588033c85c6]
24  /opt/conda/envs/gdf/bin/python(+0x1407c2) [0x5588033d87c2]
25  /opt/conda/envs/gdf/bin/python(_PyEval_EvalFrameDefault+0x696) [0x5588033c85c6]
26  /opt/conda/envs/gdf/bin/python(+0x1407c2) [0x5588033d87c2]
27  /opt/conda/envs/gdf/bin/python(_PyEval_EvalFrameDefault+0x696) [0x5588033c85c6]
28  /opt/conda/envs/gdf/bin/python(+0x1407c2) [0x5588033d87c2]
29  /opt/conda/envs/gdf/bin/python(_PyEval_EvalFrameDefault+0x696) [0x5588033c85c6]
30  /opt/conda/envs/gdf/bin/python(+0x12f094) [0x5588033c7094]
31  /opt/conda/envs/gdf/bin/python(_PyFunction_Vectorcall+0xd9) [0x5588033d8519]
32  /opt/conda/envs/gdf/bin/python(_PyEval_EvalFrameDefault+0x11f8) [0x5588033c9128]
33  /opt/conda/envs/gdf/bin/python(+0x12f094) [0x5588033c7094]
34  /opt/conda/envs/gdf/bin/python(+0x14dccb) [0x5588033e5ccb]
35  /opt/conda/envs/gdf/bin/python(PyObject_Call+0xbc) [0x5588033e644c]
36  /opt/conda/envs/gdf/bin/python(+0x21110e) [0x5588034a910e]
37  /opt/conda/envs/gdf/bin/python(_PyObject_MakeTpCall+0x2ec) [0x5588033d077c]
38  /opt/conda/envs/gdf/bin/python(_PyEval_EvalFrameDefault+0x37cb) [0x5588033cb6fb]
39  /opt/conda/envs/gdf/bin/python(+0x1407c2) [0x5588033d87c2]
40  /opt/conda/envs/gdf/bin/python(+0x14ddac) [0x5588033e5dac]
41  /opt/conda/envs/gdf/bin/python(_PyEval_EvalFrameDefault+0x37cb) [0x5588033cb6fb]
42  /opt/conda/envs/gdf/bin/python(+0x1407c2) [0x5588033d87c2]
43  /opt/conda/envs/gdf/bin/python(_PyEval_EvalFrameDefault+0x696) [0x5588033c85c6]
44  /opt/conda/envs/gdf/bin/python(+0x12f094) [0x5588033c7094]
45  /opt/conda/envs/gdf/bin/python(_PyFunction_Vectorcall+0xd9) [0x5588033d8519]
46  /opt/conda/envs/gdf/bin/python(_PyEval_EvalFrameDefault+0x696) [0x5588033c85c6]
47  /opt/conda/envs/gdf/bin/python(+0x1407c2) [0x5588033d87c2]
48  /opt/conda/envs/gdf/bin/python(_PyEval_EvalFrameDefault+0x3e2) [0x5588033c8312]
49  /opt/conda/envs/gdf/bin/python(+0x12f094) [0x5588033c7094]
50  /opt/conda/envs/gdf/bin/python(_PyFunction_Vectorcall+0xd9) [0x5588033d8519]
51  /opt/conda/envs/gdf/bin/python(_PyEval_EvalFrameDefault+0x11f8) [0x5588033c9128]
52  /opt/conda/envs/gdf/bin/python(+0x12f094) [0x5588033c7094]
53  /opt/conda/envs/gdf/bin/python(_PyEval_EvalCodeWithName+0x48) [0x5588033c6d68]
54  /opt/conda/envs/gdf/bin/python(PyEval_EvalCodeEx+0x39) [0x5588033c6d19]
55  /opt/conda/envs/gdf/bin/python(PyEval_EvalCode+0x1b) [0x55880347407b]
56  /opt/conda/envs/gdf/bin/python(+0x208fca) [0x5588034a0fca]
57  /opt/conda/envs/gdf/bin/python(+0x205353) [0x55880349d353]
58  /opt/conda/envs/gdf/bin/python(PyRun_StringFlags+0x9a) [0x55880349516a]
59  /opt/conda/envs/gdf/bin/python(PyRun_SimpleStringFlags+0x3c) [0x55880349505c]
60  /opt/conda/envs/gdf/bin/python(Py_RunMain+0x267) [0x558803494297]
61  /opt/conda/envs/gdf/bin/python(Py_BytesMain+0x37) [0x558803467f07]
=================================
2023-11-13 08:55:55,293 - distributed.worker - ERROR - failed during get data with ucx://127.0.0.1:45463 -> ucx://127.0.0.1:45093
Traceback (most recent call last):
  File "/opt/conda/envs/gdf/lib/python3.9/site-packages/distributed/comm/ucx.py", line 338, in write
    await self.ep.send(each_frame)
  File "/opt/conda/envs/gdf/lib/python3.9/site-packages/ucp/core.py", line 650, in send
    return await comm.tag_send(self._ep, buffer, nbytes, tag, name=log)
ucp._libs.exceptions.UCXError: <[Send #007] ep: 0x7f2c26c52100, tag: 0x8414a02296f04a83, nbytes: 100000000, type: <class 'cudf.core.buffer.buffer.Buffer'>>: Connection reset by remote peer

During handling of the above exception, another exception occurred:

Traceback (most recent call last):
  File "/opt/conda/envs/gdf/lib/python3.9/site-packages/distributed/worker.py", line 1782, in get_data
    compressed = await comm.write(msg, serializers=serializers)
  File "/opt/conda/envs/gdf/lib/python3.9/site-packages/distributed/utils.py", line 803, in wrapper
    return await func(*args, **kwargs)
  File "/opt/conda/envs/gdf/lib/python3.9/site-packages/distributed/comm/ucx.py", line 342, in write
    raise CommClosedError("While writing, the connection was closed")
distributed.comm.core.CommClosedError: While writing, the connection was closed
2023-11-13 08:55:55,297 - distributed.worker - ERROR - Worker stream died during communication: ucx://127.0.0.1:45093
Traceback (most recent call last):
  File "/opt/conda/envs/gdf/lib/python3.9/site-packages/distributed/comm/ucx.py", line 471, in connect
    ep = await ucp.create_endpoint(ip, port)
  File "/opt/conda/envs/gdf/lib/python3.9/site-packages/ucp/core.py", line 1004, in create_endpoint
    return await _get_ctx().create_endpoint(
  File "/opt/conda/envs/gdf/lib/python3.9/site-packages/ucp/core.py", line 316, in create_endpoint
    peer_info = await exchange_peer_info(
  File "/opt/conda/envs/gdf/lib/python3.9/site-packages/ucp/core.py", line 54, in exchange_peer_info
    await comm.stream_recv(endpoint, peer_info_arr, peer_info_arr.nbytes)
ucp._libs.exceptions.UCXError: <stream_recv>: Connection reset by remote peer

During handling of the above exception, another exception occurred:

Traceback (most recent call last):
  File "/opt/conda/envs/gdf/lib/python3.9/site-packages/distributed/comm/core.py", line 342, in connect
    comm = await wait_for(
  File "/opt/conda/envs/gdf/lib/python3.9/site-packages/distributed/utils.py", line 1920, in wait_for
    return await asyncio.wait_for(fut, timeout)
  File "/opt/conda/envs/gdf/lib/python3.9/asyncio/tasks.py", line 479, in wait_for
    return fut.result()
  File "/opt/conda/envs/gdf/lib/python3.9/site-packages/distributed/comm/ucx.py", line 473, in connect
    raise CommClosedError("Connection closed before handshake completed")
distributed.comm.core.CommClosedError: Connection closed before handshake completed

During handling of the above exception, another exception occurred:

Traceback (most recent call last):
  File "/opt/conda/envs/gdf/lib/python3.9/site-packages/distributed/core.py", line 1516, in _connect
    comm = await connect(
  File "/opt/conda/envs/gdf/lib/python3.9/site-packages/distributed/comm/core.py", line 366, in connect
    await asyncio.sleep(backoff)
  File "/opt/conda/envs/gdf/lib/python3.9/asyncio/tasks.py", line 652, in sleep
    return await future
asyncio.exceptions.CancelledError

During handling of the above exception, another exception occurred:

Traceback (most recent call last):
  File "/opt/conda/envs/gdf/lib/python3.9/site-packages/distributed/core.py", line 1626, in connect
    return connect_attempt.result()
asyncio.exceptions.CancelledError

During handling of the above exception, another exception occurred:

Traceback (most recent call last):
  File "/opt/conda/envs/gdf/lib/python3.9/site-packages/distributed/worker.py", line 2059, in gather_dep
    response = await get_data_from_worker(
  File "/opt/conda/envs/gdf/lib/python3.9/site-packages/distributed/worker.py", line 2849, in get_data_from_worker
    comm = await rpc.connect(worker)
  File "/opt/conda/envs/gdf/lib/python3.9/site-packages/distributed/core.py", line 1628, in connect
    raise CommClosedError(reason)
distributed.comm.core.CommClosedError: Address removed.
2023-11-13 08:55:55,451 - distributed.worker - ERROR - failed during get data with ucx://127.0.0.1:50007 -> ucx://127.0.0.1:34389
Traceback (most recent call last):
  File "/opt/conda/envs/gdf/lib/python3.9/site-packages/distributed/comm/ucx.py", line 338, in write
    await self.ep.send(each_frame)
  File "/opt/conda/envs/gdf/lib/python3.9/site-packages/ucp/core.py", line 650, in send
    return await comm.tag_send(self._ep, buffer, nbytes, tag, name=log)
ucp._libs.exceptions.UCXError: <[Send #007] ep: 0x7f4f883b8140, tag: 0xeaae5a8bd246bd8f, nbytes: 100000000, type: <class 'cudf.core.buffer.buffer.Buffer'>>: Connection reset by remote peer

During handling of the above exception, another exception occurred:

Traceback (most recent call last):
  File "/opt/conda/envs/gdf/lib/python3.9/site-packages/distributed/worker.py", line 1782, in get_data
    compressed = await comm.write(msg, serializers=serializers)
  File "/opt/conda/envs/gdf/lib/python3.9/site-packages/distributed/utils.py", line 803, in wrapper
    return await func(*args, **kwargs)
  File "/opt/conda/envs/gdf/lib/python3.9/site-packages/distributed/comm/ucx.py", line 342, in write
    raise CommClosedError("While writing, the connection was closed")
distributed.comm.core.CommClosedError: While writing, the connection was closed
2023-11-13 08:55:55,451 - distributed.worker - ERROR - failed during get data with ucx://127.0.0.1:37777 -> ucx://127.0.0.1:42777
Traceback (most recent call last):
  File "/opt/conda/envs/gdf/lib/python3.9/site-packages/distributed/comm/ucx.py", line 338, in write
    await self.ep.send(each_frame)
  File "/opt/conda/envs/gdf/lib/python3.9/site-packages/ucp/core.py", line 650, in send
    return await comm.tag_send(self._ep, buffer, nbytes, tag, name=log)
ucp._libs.exceptions.UCXError: <[Send #007] ep: 0x7fcad96bb1c0, tag: 0x51b4803113b12dec, nbytes: 100000000, type: <class 'cudf.core.buffer.buffer.Buffer'>>: Connection reset by remote peer

During handling of the above exception, another exception occurred:

Traceback (most recent call last):
  File "/opt/conda/envs/gdf/lib/python3.9/site-packages/distributed/worker.py", line 1782, in get_data
    compressed = await comm.write(msg, serializers=serializers)
  File "/opt/conda/envs/gdf/lib/python3.9/site-packages/distributed/utils.py", line 803, in wrapper
    return await func(*args, **kwargs)
  File "/opt/conda/envs/gdf/lib/python3.9/site-packages/distributed/comm/ucx.py", line 342, in write
    raise CommClosedError("While writing, the connection was closed")
distributed.comm.core.CommClosedError: While writing, the connection was closed
2023-11-13 08:55:55,452 - distributed.worker - ERROR - Worker stream died during communication: ucx://127.0.0.1:34389
Traceback (most recent call last):
  File "/opt/conda/envs/gdf/lib/python3.9/site-packages/distributed/comm/ucx.py", line 396, in read
    await self.ep.recv(each_frame)
  File "/opt/conda/envs/gdf/lib/python3.9/site-packages/ucp/core.py", line 725, in recv
    ret = await comm.tag_recv(self._ep, buffer, nbytes, tag, name=log)
ucp._libs.exceptions.UCXError: <[Recv #007] ep: 0x7f0f6c34b180, tag: 0x5e47d298b7c8a35b, nbytes: 100000000, type: <class 'rmm._lib.device_buffer.DeviceBuffer'>>: Connection reset by remote peer

During handling of the above exception, another exception occurred:

Traceback (most recent call last):
  File "/opt/conda/envs/gdf/lib/python3.9/site-packages/distributed/worker.py", line 2059, in gather_dep
    response = await get_data_from_worker(
  File "/opt/conda/envs/gdf/lib/python3.9/site-packages/distributed/worker.py", line 2852, in get_data_from_worker
    response = await send_recv(
  File "/opt/conda/envs/gdf/lib/python3.9/site-packages/distributed/core.py", line 1106, in send_recv
    response = await comm.read(deserializers=deserializers)
  File "/opt/conda/envs/gdf/lib/python3.9/site-packages/distributed/utils.py", line 803, in wrapper
    return await func(*args, **kwargs)
  File "/opt/conda/envs/gdf/lib/python3.9/site-packages/distributed/comm/ucx.py", line 402, in read
    raise CommClosedError(
distributed.comm.core.CommClosedError: Connection closed by writer.
Inner exception: UCXError("<[Recv #007] ep: 0x7f0f6c34b180, tag: 0x5e47d298b7c8a35b, nbytes: 100000000, type: <class 'rmm._lib.device_buffer.DeviceBuffer'>>: Connection reset by remote peer")
Task exception was never retrieved
future: <Task finished name='Task-1371' coro=<_listener_handler_coroutine() done, defined at /opt/conda/envs/gdf/lib/python3.9/site-packages/ucp/core.py:128> exception=UCXError('<stream_send>: Connection reset by remote peer')>
Traceback (most recent call last):
  File "/opt/conda/envs/gdf/lib/python3.9/site-packages/ucp/core.py", line 143, in _listener_handler_coroutine
    peer_info = await exchange_peer_info(
  File "/opt/conda/envs/gdf/lib/python3.9/site-packages/ucp/core.py", line 51, in exchange_peer_info
    await comm.stream_send(endpoint, my_info_arr, my_info_arr.nbytes)
ucp._libs.exceptions.UCXError: <stream_send>: Connection reset by remote peer
2023-11-13 08:55:55,456 - distributed.worker - ERROR - Worker stream died during communication: ucx://127.0.0.1:42777
Traceback (most recent call last):
  File "/opt/conda/envs/gdf/lib/python3.9/site-packages/distributed/comm/ucx.py", line 471, in connect
    ep = await ucp.create_endpoint(ip, port)
  File "/opt/conda/envs/gdf/lib/python3.9/site-packages/ucp/core.py", line 1004, in create_endpoint
    return await _get_ctx().create_endpoint(
  File "/opt/conda/envs/gdf/lib/python3.9/site-packages/ucp/core.py", line 316, in create_endpoint
    peer_info = await exchange_peer_info(
  File "/opt/conda/envs/gdf/lib/python3.9/site-packages/ucp/core.py", line 54, in exchange_peer_info
    await comm.stream_recv(endpoint, peer_info_arr, peer_info_arr.nbytes)
ucp._libs.exceptions.UCXError: <stream_recv>: Connection reset by remote peer

During handling of the above exception, another exception occurred:

Traceback (most recent call last):
  File "/opt/conda/envs/gdf/lib/python3.9/site-packages/distributed/comm/core.py", line 342, in connect
    comm = await wait_for(
  File "/opt/conda/envs/gdf/lib/python3.9/site-packages/distributed/utils.py", line 1920, in wait_for
    return await asyncio.wait_for(fut, timeout)
  File "/opt/conda/envs/gdf/lib/python3.9/asyncio/tasks.py", line 479, in wait_for
    return fut.result()
  File "/opt/conda/envs/gdf/lib/python3.9/site-packages/distributed/comm/ucx.py", line 473, in connect
    raise CommClosedError("Connection closed before handshake completed")
distributed.comm.core.CommClosedError: Connection closed before handshake completed

During handling of the above exception, another exception occurred:

Traceback (most recent call last):
  File "/opt/conda/envs/gdf/lib/python3.9/site-packages/distributed/core.py", line 1516, in _connect
    comm = await connect(
  File "/opt/conda/envs/gdf/lib/python3.9/site-packages/distributed/comm/core.py", line 366, in connect
    await asyncio.sleep(backoff)
  File "/opt/conda/envs/gdf/lib/python3.9/asyncio/tasks.py", line 652, in sleep
    return await future
asyncio.exceptions.CancelledError

During handling of the above exception, another exception occurred:

Traceback (most recent call last):
  File "/opt/conda/envs/gdf/lib/python3.9/site-packages/distributed/core.py", line 1626, in connect
    return connect_attempt.result()
asyncio.exceptions.CancelledError

During handling of the above exception, another exception occurred:

Traceback (most recent call last):
  File "/opt/conda/envs/gdf/lib/python3.9/site-packages/distributed/worker.py", line 2059, in gather_dep
    response = await get_data_from_worker(
  File "/opt/conda/envs/gdf/lib/python3.9/site-packages/distributed/worker.py", line 2849, in get_data_from_worker
    comm = await rpc.connect(worker)
  File "/opt/conda/envs/gdf/lib/python3.9/site-packages/distributed/core.py", line 1628, in connect
    raise CommClosedError(reason)
distributed.comm.core.CommClosedError: Address removed.
[dgx13:69753:0:69753] Caught signal 11 (Segmentation fault: address not mapped to object at address 0x448)
==== backtrace (tid:  69753) ====
 0  /opt/conda/envs/gdf/lib/libucs.so.0(ucs_handle_error+0x2fd) [0x7f2c2774606d]
 1  /opt/conda/envs/gdf/lib/libucs.so.0(+0x2a264) [0x7f2c27746264]
 2  /opt/conda/envs/gdf/lib/libucs.so.0(+0x2a42a) [0x7f2c2774642a]
 3  /usr/lib/x86_64-linux-gnu/libpthread.so.0(+0x14420) [0x7f2ce0a8e420]
 4  /opt/conda/envs/gdf/lib/libucp.so.0(ucp_mem_type_unpack+0x14) [0x7f2c277c46a4]
 5  /opt/conda/envs/gdf/lib/libucp.so.0(ucp_rndv_data_handler+0x4e9) [0x7f2c277ed829]
 6  /opt/conda/envs/gdf/lib/./libuct.so.0(+0x2146f) [0x7f2c2770046f]
 7  /opt/conda/envs/gdf/lib/./libuct.so.0(+0x248c8) [0x7f2c277038c8]
 8  /opt/conda/envs/gdf/lib/libucs.so.0(ucs_event_set_wait+0xb9) [0x7f2c2774f499]
 9  /opt/conda/envs/gdf/lib/./libuct.so.0(uct_tcp_iface_progress+0x7d) [0x7f2c2770266d]
10  /opt/conda/envs/gdf/lib/libucp.so.0(ucp_worker_progress+0x5a) [0x7f2c277c18ca]
11  /opt/conda/envs/gdf/lib/python3.9/site-packages/ucp/_libs/ucx_api.cpython-39-x86_64-linux-gnu.so(+0x3206a) [0x7f2c2787a06a]
12  /opt/conda/envs/gdf/bin/python(_PyEval_EvalFrameDefault+0x37cb) [0x5580f14846fb]
13  /opt/conda/envs/gdf/bin/python(+0x12f094) [0x5580f1480094]
14  /opt/conda/envs/gdf/bin/python(_PyFunction_Vectorcall+0xd9) [0x5580f1491519]
15  /opt/conda/envs/gdf/bin/python(_PyEval_EvalFrameDefault+0x696) [0x5580f14815c6]
16  /opt/conda/envs/gdf/bin/python(+0x1e3162) [0x5580f1534162]
17  /opt/conda/envs/gdf/lib/python3.9/lib-dynload/_asyncio.cpython-39-x86_64-linux-gnu.so(+0x81e9) [0x7f2cd6ad01e9]
18  /opt/conda/envs/gdf/bin/python(_PyObject_MakeTpCall+0x2ec) [0x5580f148977c]
19  /opt/conda/envs/gdf/bin/python(+0xead05) [0x5580f143bd05]
20  /opt/conda/envs/gdf/bin/python(+0x1377f3) [0x5580f14887f3]
21  /opt/conda/envs/gdf/bin/python(_PyEval_EvalFrameDefault+0x59f9) [0x5580f1486929]
22  /opt/conda/envs/gdf/bin/python(+0x1407c2) [0x5580f14917c2]
23  /opt/conda/envs/gdf/bin/python(_PyEval_EvalFrameDefault+0x696) [0x5580f14815c6]
24  /opt/conda/envs/gdf/bin/python(+0x1407c2) [0x5580f14917c2]
25  /opt/conda/envs/gdf/bin/python(_PyEval_EvalFrameDefault+0x696) [0x5580f14815c6]
26  /opt/conda/envs/gdf/bin/python(+0x1407c2) [0x5580f14917c2]
27  /opt/conda/envs/gdf/bin/python(_PyEval_EvalFrameDefault+0x696) [0x5580f14815c6]
28  /opt/conda/envs/gdf/bin/python(+0x1407c2) [0x5580f14917c2]
29  /opt/conda/envs/gdf/bin/python(_PyEval_EvalFrameDefault+0x696) [0x5580f14815c6]
30  /opt/conda/envs/gdf/bin/python(+0x12f094) [0x5580f1480094]
31  /opt/conda/envs/gdf/bin/python(_PyFunction_Vectorcall+0xd9) [0x5580f1491519]
32  /opt/conda/envs/gdf/bin/python(_PyEval_EvalFrameDefault+0x11f8) [0x5580f1482128]
33  /opt/conda/envs/gdf/bin/python(+0x12f094) [0x5580f1480094]
34  /opt/conda/envs/gdf/bin/python(+0x14dccb) [0x5580f149eccb]
35  /opt/conda/envs/gdf/bin/python(PyObject_Call+0xbc) [0x5580f149f44c]
36  /opt/conda/envs/gdf/bin/python(+0x21110e) [0x5580f156210e]
37  /opt/conda/envs/gdf/bin/python(_PyObject_MakeTpCall+0x2ec) [0x5580f148977c]
38  /opt/conda/envs/gdf/bin/python(_PyEval_EvalFrameDefault+0x37cb) [0x5580f14846fb]
39  /opt/conda/envs/gdf/bin/python(+0x1407c2) [0x5580f14917c2]
40  /opt/conda/envs/gdf/bin/python(+0x14ddac) [0x5580f149edac]
41  /opt/conda/envs/gdf/bin/python(_PyEval_EvalFrameDefault+0x37cb) [0x5580f14846fb]
42  /opt/conda/envs/gdf/bin/python(+0x1407c2) [0x5580f14917c2]
43  /opt/conda/envs/gdf/bin/python(_PyEval_EvalFrameDefault+0x696) [0x5580f14815c6]
44  /opt/conda/envs/gdf/bin/python(+0x12f094) [0x5580f1480094]
45  /opt/conda/envs/gdf/bin/python(_PyFunction_Vectorcall+0xd9) [0x5580f1491519]
46  /opt/conda/envs/gdf/bin/python(_PyEval_EvalFrameDefault+0x696) [0x5580f14815c6]
47  /opt/conda/envs/gdf/bin/python(+0x1407c2) [0x5580f14917c2]
48  /opt/conda/envs/gdf/bin/python(_PyEval_EvalFrameDefault+0x3e2) [0x5580f1481312]
49  /opt/conda/envs/gdf/bin/python(+0x12f094) [0x5580f1480094]
50  /opt/conda/envs/gdf/bin/python(_PyFunction_Vectorcall+0xd9) [0x5580f1491519]
51  /opt/conda/envs/gdf/bin/python(_PyEval_EvalFrameDefault+0x11f8) [0x5580f1482128]
52  /opt/conda/envs/gdf/bin/python(+0x12f094) [0x5580f1480094]
53  /opt/conda/envs/gdf/bin/python(_PyEval_EvalCodeWithName+0x48) [0x5580f147fd68]
54  /opt/conda/envs/gdf/bin/python(PyEval_EvalCodeEx+0x39) [0x5580f147fd19]
55  /opt/conda/envs/gdf/bin/python(PyEval_EvalCode+0x1b) [0x5580f152d07b]
56  /opt/conda/envs/gdf/bin/python(+0x208fca) [0x5580f1559fca]
57  /opt/conda/envs/gdf/bin/python(+0x205353) [0x5580f1556353]
58  /opt/conda/envs/gdf/bin/python(PyRun_StringFlags+0x9a) [0x5580f154e16a]
59  /opt/conda/envs/gdf/bin/python(PyRun_SimpleStringFlags+0x3c) [0x5580f154e05c]
60  /opt/conda/envs/gdf/bin/python(Py_RunMain+0x267) [0x5580f154d297]
61  /opt/conda/envs/gdf/bin/python(Py_BytesMain+0x37) [0x5580f1520f07]
=================================
2023-11-13 08:55:58,380 - distributed.worker - ERROR - failed during get data with ucx://127.0.0.1:50007 -> ucx://127.0.0.1:45463
Traceback (most recent call last):
  File "/opt/conda/envs/gdf/lib/python3.9/site-packages/distributed/comm/ucx.py", line 338, in write
    await self.ep.send(each_frame)
  File "/opt/conda/envs/gdf/lib/python3.9/site-packages/ucp/core.py", line 650, in send
    return await comm.tag_send(self._ep, buffer, nbytes, tag, name=log)
ucp._libs.exceptions.UCXError: <[Send #007] ep: 0x7f4f883b8240, tag: 0xc319f97ecadb9159, nbytes: 100000000, type: <class 'cudf.core.buffer.buffer.Buffer'>>: Connection reset by remote peer

During handling of the above exception, another exception occurred:

Traceback (most recent call last):
  File "/opt/conda/envs/gdf/lib/python3.9/site-packages/distributed/worker.py", line 1782, in get_data
    compressed = await comm.write(msg, serializers=serializers)
  File "/opt/conda/envs/gdf/lib/python3.9/site-packages/distributed/utils.py", line 803, in wrapper
    return await func(*args, **kwargs)
  File "/opt/conda/envs/gdf/lib/python3.9/site-packages/distributed/comm/ucx.py", line 342, in write
    raise CommClosedError("While writing, the connection was closed")
distributed.comm.core.CommClosedError: While writing, the connection was closed
2023-11-13 08:55:58,381 - distributed.worker - ERROR - Worker stream died during communication: ucx://127.0.0.1:45463
Traceback (most recent call last):
  File "/opt/conda/envs/gdf/lib/python3.9/site-packages/distributed/comm/ucx.py", line 396, in read
    await self.ep.recv(each_frame)
  File "/opt/conda/envs/gdf/lib/python3.9/site-packages/ucp/core.py", line 725, in recv
    ret = await comm.tag_recv(self._ep, buffer, nbytes, tag, name=log)
ucp._libs.exceptions.UCXCanceled: <[Recv #018] ep: 0x7f0f6c34b1c0, tag: 0xf8cef054e09c32a6, nbytes: 50000000, type: <class 'rmm._lib.device_buffer.DeviceBuffer'>>: 

During handling of the above exception, another exception occurred:

Traceback (most recent call last):
  File "/opt/conda/envs/gdf/lib/python3.9/site-packages/distributed/worker.py", line 2059, in gather_dep
    response = await get_data_from_worker(
  File "/opt/conda/envs/gdf/lib/python3.9/site-packages/distributed/worker.py", line 2852, in get_data_from_worker
    response = await send_recv(
  File "/opt/conda/envs/gdf/lib/python3.9/site-packages/distributed/core.py", line 1106, in send_recv
    response = await comm.read(deserializers=deserializers)
  File "/opt/conda/envs/gdf/lib/python3.9/site-packages/distributed/utils.py", line 803, in wrapper
    return await func(*args, **kwargs)
  File "/opt/conda/envs/gdf/lib/python3.9/site-packages/distributed/comm/ucx.py", line 402, in read
    raise CommClosedError(
distributed.comm.core.CommClosedError: Connection closed by writer.
Inner exception: UCXCanceled("<[Recv #018] ep: 0x7f0f6c34b1c0, tag: 0xf8cef054e09c32a6, nbytes: 50000000, type: <class 'rmm._lib.device_buffer.DeviceBuffer'>>: ")
2023-11-13 08:55:58,380 - distributed.worker - ERROR - Worker stream died during communication: ucx://127.0.0.1:45463
Traceback (most recent call last):
  File "/opt/conda/envs/gdf/lib/python3.9/site-packages/distributed/comm/ucx.py", line 396, in read
    await self.ep.recv(each_frame)
  File "/opt/conda/envs/gdf/lib/python3.9/site-packages/ucp/core.py", line 725, in recv
    ret = await comm.tag_recv(self._ep, buffer, nbytes, tag, name=log)
ucp._libs.exceptions.UCXError: <[Recv #007] ep: 0x7fcad96bb180, tag: 0xf852aa386accbf9f, nbytes: 100000000, type: <class 'rmm._lib.device_buffer.DeviceBuffer'>>: Connection reset by remote peer

During handling of the above exception, another exception occurred:

Traceback (most recent call last):
  File "/opt/conda/envs/gdf/lib/python3.9/site-packages/distributed/worker.py", line 2059, in gather_dep
    response = await get_data_from_worker(
  File "/opt/conda/envs/gdf/lib/python3.9/site-packages/distributed/worker.py", line 2852, in get_data_from_worker
    response = await send_recv(
  File "/opt/conda/envs/gdf/lib/python3.9/site-packages/distributed/core.py", line 1106, in send_recv
    response = await comm.read(deserializers=deserializers)
  File "/opt/conda/envs/gdf/lib/python3.9/site-packages/distributed/utils.py", line 803, in wrapper
    return await func(*args, **kwargs)
  File "/opt/conda/envs/gdf/lib/python3.9/site-packages/distributed/comm/ucx.py", line 402, in read
    raise CommClosedError(
distributed.comm.core.CommClosedError: Connection closed by writer.
Inner exception: UCXError("<[Recv #007] ep: 0x7fcad96bb180, tag: 0xf852aa386accbf9f, nbytes: 100000000, type: <class 'rmm._lib.device_buffer.DeviceBuffer'>>: Connection reset by remote peer")
2023-11-13 08:55:58,381 - distributed.worker - ERROR - Worker stream died during communication: ucx://127.0.0.1:45463
Traceback (most recent call last):
  File "/opt/conda/envs/gdf/lib/python3.9/site-packages/distributed/comm/ucx.py", line 354, in read
    await self.ep.recv(msg)
  File "/opt/conda/envs/gdf/lib/python3.9/site-packages/ucp/core.py", line 725, in recv
    ret = await comm.tag_recv(self._ep, buffer, nbytes, tag, name=log)
ucp._libs.exceptions.UCXCanceled: <[Recv #003] ep: 0x7f4f883b8200, tag: 0xaff9ab01002be7fe, nbytes: 16, type: <class 'numpy.ndarray'>>: 

During handling of the above exception, another exception occurred:

Traceback (most recent call last):
  File "/opt/conda/envs/gdf/lib/python3.9/site-packages/distributed/worker.py", line 2059, in gather_dep
    response = await get_data_from_worker(
  File "/opt/conda/envs/gdf/lib/python3.9/site-packages/distributed/worker.py", line 2852, in get_data_from_worker
    response = await send_recv(
  File "/opt/conda/envs/gdf/lib/python3.9/site-packages/distributed/core.py", line 1106, in send_recv
    response = await comm.read(deserializers=deserializers)
  File "/opt/conda/envs/gdf/lib/python3.9/site-packages/distributed/utils.py", line 803, in wrapper
    return await func(*args, **kwargs)
  File "/opt/conda/envs/gdf/lib/python3.9/site-packages/distributed/comm/ucx.py", line 372, in read
    raise CommClosedError(
distributed.comm.core.CommClosedError: Connection closed by writer.
Inner exception: UCXCanceled("<[Recv #003] ep: 0x7f4f883b8200, tag: 0xaff9ab01002be7fe, nbytes: 16, type: <class 'numpy.ndarray'>>: ")
2023-11-13 08:55:59,769 - distributed.nanny - WARNING - Restarting worker
2023-11-13 08:55:59,985 - distributed.worker - WARNING - Compute Failed
Key:       ('group-simple-shuffle-84a0276e6a854cf0d6c4324869a61d39', 7)
Function:  shuffle_group
args:      (                 key   payload
0         1518863339  99051695
1         1552208751  78953234
2          689778035  81293845
3         1553618300  74974697
4         1502090160  62919800
...              ...       ...
99999995    87713713  72068972
99999996  1549206659  33160153
99999997  1559655348  40095643
99999998  1552540937  33956372
99999999  1512812172  90324512

[100000000 rows x 2 columns], ['key'], 0, 8, 8, False, 8)
kwargs:    {}
Exception: "MemoryError('std::bad_alloc: out_of_memory: RMM failure at:/opt/conda/envs/gdf/include/rmm/mr/device/pool_memory_resource.hpp:201: Maximum pool size exceeded')"

2023-11-13 08:55:59,985 - distributed.worker - WARNING - Compute Failed
Key:       ('group-simple-shuffle-84a0276e6a854cf0d6c4324869a61d39', 4)
Function:  shuffle_group
args:      (                 key   payload
0         1218863339  99051695
1         1252208751  78953234
2          652278035  81293845
3         1253618300  74974697
4         1202090160  62919800
...              ...       ...
99999995    50213713  72068972
99999996  1249206659  33160153
99999997  1259655348  40095643
99999998  1252540937  33956372
99999999  1212812172  90324512

[100000000 rows x 2 columns], ['key'], 0, 8, 8, False, 8)
kwargs:    {}
Exception: "MemoryError('std::bad_alloc: out_of_memory: RMM failure at:/opt/conda/envs/gdf/include/rmm/mr/device/pool_memory_resource.hpp:201: Maximum pool size exceeded')"

2023-11-13 08:56:00,028 - distributed.worker - WARNING - Compute Failed
Key:       ('group-simple-shuffle-b0648aa7f9e27a40d5f4d39e31c5b5a2', 1)
Function:  shuffle_group
args:      (               key   payload
shuffle                     
1            31970  39106217
1            31978  13751693
1            31987  65136180
1            31988  73567112
1            31995   5321900
...            ...       ...
1        799994087  26552616
1        799994089  95126684
1        799994011  13379330
1        799994012  63263593
1        799994013  88752469

[100000000 rows x 2 columns], ['key'], 0, 8, 8, False, 8)
kwargs:    {}
Exception: "MemoryError('std::bad_alloc: out_of_memory: RMM failure at:/opt/conda/envs/gdf/include/rmm/mr/device/pool_memory_resource.hpp:201: Maximum pool size exceeded')"

2023-11-13 08:56:08,318 - distributed.nanny - WARNING - Restarting worker
2023-11-13 08:56:12,578 - distributed.nanny - WARNING - Restarting worker
/opt/conda/envs/gdf/lib/python3.9/multiprocessing/resource_tracker.py:216: UserWarning: resource_tracker: There appear to be 24 leaked semaphore objects to clean up at shutdown
  warnings.warn('resource_tracker: There appear to be %d '
