[1706858235.141462] [dgx13:94440:0]    ib_mlx5dv_md.c:468  UCX  ERROR mlx5_0: LRU push returned Unsupported operation
[dgx13:94440:0:94440]        rndv.c:166  Fatal: failed to pack rendezvous remote key: Unsupported operation
==== backtrace (tid:  94440) ====
 0  /opt/conda/envs/gdf/lib/libucs.so.0(ucs_handle_error+0x2fd) [0x7ff5dc91607d]
 1  /opt/conda/envs/gdf/lib/libucs.so.0(ucs_fatal_error_message+0x51) [0x7ff5dc913c21]
 2  /opt/conda/envs/gdf/lib/libucs.so.0(+0x27dbc) [0x7ff5dc913dbc]
 3  /opt/conda/envs/gdf/lib/libucp.so.0(+0x739f8) [0x7ff5dc9be9f8]
 4  /opt/conda/envs/gdf/lib/libucp.so.0(ucp_do_am_single+0xdf) [0x7ff5dc995d8f]
 5  /opt/conda/envs/gdf/lib/libucp.so.0(ucp_proto_progress_tag_rndv_rts+0x1d) [0x7ff5dc9d1afd]
 6  /opt/conda/envs/gdf/lib/libucp.so.0(ucp_tag_send_nbx+0x6da) [0x7ff5dc9d69ea]
 7  /opt/conda/envs/gdf/lib/libucp.so.0(ucp_tag_send_nb+0x4f) [0x7ff5dc9d772f]
 8  /opt/conda/envs/gdf/lib/python3.9/site-packages/ucp/_libs/ucx_api.cpython-39-x86_64-linux-gnu.so(+0x6c6f0) [0x7ff5dca856f0]
 9  /opt/conda/envs/gdf/bin/python(PyObject_Call+0xbc) [0x555fb422404c]
10  /opt/conda/envs/gdf/bin/python(_PyEval_EvalFrameDefault+0x45a6) [0x555fb420a3f6]
11  /opt/conda/envs/gdf/bin/python(+0x12dfb4) [0x555fb4204fb4]
12  /opt/conda/envs/gdf/bin/python(_PyFunction_Vectorcall+0xd9) [0x555fb4216469]
13  /opt/conda/envs/gdf/bin/python(_PyEval_EvalFrameDefault+0x11f2) [0x555fb4207042]
14  /opt/conda/envs/gdf/bin/python(+0x12dfb4) [0x555fb4204fb4]
15  /opt/conda/envs/gdf/bin/python(_PyFunction_Vectorcall+0xd9) [0x555fb4216469]
16  /opt/conda/envs/gdf/bin/python(_PyEval_EvalFrameDefault+0x11f2) [0x555fb4207042]
17  /opt/conda/envs/gdf/bin/python(+0x1e26d2) [0x555fb42b96d2]
18  /opt/conda/envs/gdf/bin/python(_PyEval_EvalFrameDefault+0x5dc0) [0x555fb420bc10]
19  /opt/conda/envs/gdf/bin/python(+0x1e26d2) [0x555fb42b96d2]
20  /opt/conda/envs/gdf/bin/python(_PyEval_EvalFrameDefault+0x5dc0) [0x555fb420bc10]
21  /opt/conda/envs/gdf/bin/python(+0x1e26d2) [0x555fb42b96d2]
22  /opt/conda/envs/gdf/bin/python(_PyEval_EvalFrameDefault+0x5dc0) [0x555fb420bc10]
23  /opt/conda/envs/gdf/bin/python(+0x1e26d2) [0x555fb42b96d2]
24  /opt/conda/envs/gdf/bin/python(_PyEval_EvalFrameDefault+0x5dc0) [0x555fb420bc10]
25  /opt/conda/envs/gdf/bin/python(+0x1e26d2) [0x555fb42b96d2]
26  /opt/conda/envs/gdf/bin/python(_PyEval_EvalFrameDefault+0x5dc0) [0x555fb420bc10]
27  /opt/conda/envs/gdf/bin/python(+0x1e26d2) [0x555fb42b96d2]
28  /opt/conda/envs/gdf/lib/python3.9/lib-dynload/_asyncio.cpython-39-x86_64-linux-gnu.so(+0x81e9) [0x7ff5f1bcc1e9]
29  /opt/conda/envs/gdf/lib/python3.9/lib-dynload/_asyncio.cpython-39-x86_64-linux-gnu.so(+0x8aa6) [0x7ff5f1bccaa6]
30  /opt/conda/envs/gdf/bin/python(_PyObject_MakeTpCall+0x2ec) [0x555fb420e6ac]
31  /opt/conda/envs/gdf/bin/python(+0xf23ff) [0x555fb41c93ff]
32  /opt/conda/envs/gdf/bin/python(+0x136723) [0x555fb420d723]
33  /opt/conda/envs/gdf/bin/python(_PyEval_EvalFrameDefault+0x5ad9) [0x555fb420b929]
34  /opt/conda/envs/gdf/bin/python(+0x13f712) [0x555fb4216712]
35  /opt/conda/envs/gdf/bin/python(_PyEval_EvalFrameDefault+0x696) [0x555fb42064e6]
36  /opt/conda/envs/gdf/bin/python(+0x13f712) [0x555fb4216712]
37  /opt/conda/envs/gdf/bin/python(_PyEval_EvalFrameDefault+0x696) [0x555fb42064e6]
38  /opt/conda/envs/gdf/bin/python(+0x13f712) [0x555fb4216712]
39  /opt/conda/envs/gdf/bin/python(_PyEval_EvalFrameDefault+0x696) [0x555fb42064e6]
40  /opt/conda/envs/gdf/bin/python(+0x13f712) [0x555fb4216712]
41  /opt/conda/envs/gdf/bin/python(_PyEval_EvalFrameDefault+0x696) [0x555fb42064e6]
42  /opt/conda/envs/gdf/bin/python(+0x12dfb4) [0x555fb4204fb4]
43  /opt/conda/envs/gdf/bin/python(_PyFunction_Vectorcall+0xd9) [0x555fb4216469]
44  /opt/conda/envs/gdf/bin/python(_PyEval_EvalFrameDefault+0x11f2) [0x555fb4207042]
45  /opt/conda/envs/gdf/bin/python(+0x12dfb4) [0x555fb4204fb4]
46  /opt/conda/envs/gdf/bin/python(+0x14c8cb) [0x555fb42238cb]
47  /opt/conda/envs/gdf/bin/python(PyObject_Call+0xbc) [0x555fb422404c]
48  /opt/conda/envs/gdf/bin/python(+0x21080e) [0x555fb42e780e]
49  /opt/conda/envs/gdf/bin/python(_PyObject_MakeTpCall+0x2ec) [0x555fb420e6ac]
50  /opt/conda/envs/gdf/bin/python(_PyEval_EvalFrameDefault+0x45a6) [0x555fb420a3f6]
51  /opt/conda/envs/gdf/bin/python(+0x13f712) [0x555fb4216712]
52  /opt/conda/envs/gdf/bin/python(+0x14c9ac) [0x555fb42239ac]
53  /opt/conda/envs/gdf/bin/python(_PyEval_EvalFrameDefault+0x45a6) [0x555fb420a3f6]
54  /opt/conda/envs/gdf/bin/python(+0x13f712) [0x555fb4216712]
55  /opt/conda/envs/gdf/bin/python(_PyEval_EvalFrameDefault+0x696) [0x555fb42064e6]
56  /opt/conda/envs/gdf/bin/python(+0x12dfb4) [0x555fb4204fb4]
57  /opt/conda/envs/gdf/bin/python(_PyFunction_Vectorcall+0xd9) [0x555fb4216469]
58  /opt/conda/envs/gdf/bin/python(_PyEval_EvalFrameDefault+0x696) [0x555fb42064e6]
59  /opt/conda/envs/gdf/bin/python(+0x13f712) [0x555fb4216712]
60  /opt/conda/envs/gdf/bin/python(_PyEval_EvalFrameDefault+0x3e2) [0x555fb4206232]
61  /opt/conda/envs/gdf/bin/python(+0x12dfb4) [0x555fb4204fb4]
=================================
[1706858235.163901] [dgx13:94465:0]    ib_mlx5dv_md.c:468  UCX  ERROR mlx5_3: LRU push returned Unsupported operation
[dgx13:94465:0:94465]        rndv.c:166  Fatal: failed to pack rendezvous remote key: Unsupported operation
==== backtrace (tid:  94465) ====
 0  /opt/conda/envs/gdf/lib/libucs.so.0(ucs_handle_error+0x2fd) [0x7f5accc8f07d]
 1  /opt/conda/envs/gdf/lib/libucs.so.0(ucs_fatal_error_message+0x51) [0x7f5accc8cc21]
 2  /opt/conda/envs/gdf/lib/libucs.so.0(+0x27dbc) [0x7f5accc8cdbc]
 3  /opt/conda/envs/gdf/lib/libucp.so.0(+0x739f8) [0x7f5accd379f8]
 4  /opt/conda/envs/gdf/lib/libucp.so.0(ucp_do_am_single+0xdf) [0x7f5accd0ed8f]
 5  /opt/conda/envs/gdf/lib/libucp.so.0(ucp_proto_progress_tag_rndv_rts+0x1d) [0x7f5accd4aafd]
 6  /opt/conda/envs/gdf/lib/libucp.so.0(ucp_tag_send_nbx+0x6da) [0x7f5accd4f9ea]
 7  /opt/conda/envs/gdf/lib/libucp.so.0(ucp_tag_send_nb+0x4f) [0x7f5accd5072f]
 8  /opt/conda/envs/gdf/lib/python3.9/site-packages/ucp/_libs/ucx_api.cpython-39-x86_64-linux-gnu.so(+0x6c6f0) [0x7f5accdfe6f0]
 9  /opt/conda/envs/gdf/bin/python(PyObject_Call+0xbc) [0x55df93cac04c]
10  /opt/conda/envs/gdf/bin/python(_PyEval_EvalFrameDefault+0x45a6) [0x55df93c923f6]
11  /opt/conda/envs/gdf/bin/python(+0x12dfb4) [0x55df93c8cfb4]
12  /opt/conda/envs/gdf/bin/python(_PyFunction_Vectorcall+0xd9) [0x55df93c9e469]
13  /opt/conda/envs/gdf/bin/python(_PyEval_EvalFrameDefault+0x11f2) [0x55df93c8f042]
14  /opt/conda/envs/gdf/bin/python(+0x12dfb4) [0x55df93c8cfb4]
15  /opt/conda/envs/gdf/bin/python(_PyFunction_Vectorcall+0xd9) [0x55df93c9e469]
16  /opt/conda/envs/gdf/bin/python(_PyEval_EvalFrameDefault+0x11f2) [0x55df93c8f042]
17  /opt/conda/envs/gdf/bin/python(+0x1e26d2) [0x55df93d416d2]
18  /opt/conda/envs/gdf/bin/python(_PyEval_EvalFrameDefault+0x5dc0) [0x55df93c93c10]
19  /opt/conda/envs/gdf/bin/python(+0x1e26d2) [0x55df93d416d2]
20  /opt/conda/envs/gdf/bin/python(_PyEval_EvalFrameDefault+0x5dc0) [0x55df93c93c10]
21  /opt/conda/envs/gdf/bin/python(+0x1e26d2) [0x55df93d416d2]
22  /opt/conda/envs/gdf/bin/python(_PyEval_EvalFrameDefault+0x5dc0) [0x55df93c93c10]
23  /opt/conda/envs/gdf/bin/python(+0x1e26d2) [0x55df93d416d2]
24  /opt/conda/envs/gdf/bin/python(_PyEval_EvalFrameDefault+0x5dc0) [0x55df93c93c10]
25  /opt/conda/envs/gdf/bin/python(+0x1e26d2) [0x55df93d416d2]
26  /opt/conda/envs/gdf/bin/python(_PyEval_EvalFrameDefault+0x5dc0) [0x55df93c93c10]
27  /opt/conda/envs/gdf/bin/python(+0x1e26d2) [0x55df93d416d2]
28  /opt/conda/envs/gdf/lib/python3.9/lib-dynload/_asyncio.cpython-39-x86_64-linux-gnu.so(+0x81e9) [0x7f5af8f841e9]
29  /opt/conda/envs/gdf/lib/python3.9/lib-dynload/_asyncio.cpython-39-x86_64-linux-gnu.so(+0x8aa6) [0x7f5af8f84aa6]
30  /opt/conda/envs/gdf/bin/python(_PyObject_MakeTpCall+0x2ec) [0x55df93c966ac]
31  /opt/conda/envs/gdf/bin/python(+0xf23ff) [0x55df93c513ff]
32  /opt/conda/envs/gdf/bin/python(+0x136723) [0x55df93c95723]
33  /opt/conda/envs/gdf/bin/python(_PyEval_EvalFrameDefault+0x5ad9) [0x55df93c93929]
34  /opt/conda/envs/gdf/bin/python(+0x13f712) [0x55df93c9e712]
35  /opt/conda/envs/gdf/bin/python(_PyEval_EvalFrameDefault+0x696) [0x55df93c8e4e6]
36  /opt/conda/envs/gdf/bin/python(+0x13f712) [0x55df93c9e712]
37  /opt/conda/envs/gdf/bin/python(_PyEval_EvalFrameDefault+0x696) [0x55df93c8e4e6]
38  /opt/conda/envs/gdf/bin/python(+0x13f712) [0x55df93c9e712]
39  /opt/conda/envs/gdf/bin/python(_PyEval_EvalFrameDefault+0x696) [0x55df93c8e4e6]
40  /opt/conda/envs/gdf/bin/python(+0x13f712) [0x55df93c9e712]
41  /opt/conda/envs/gdf/bin/python(_PyEval_EvalFrameDefault+0x696) [0x55df93c8e4e6]
42  /opt/conda/envs/gdf/bin/python(+0x12dfb4) [0x55df93c8cfb4]
43  /opt/conda/envs/gdf/bin/python(_PyFunction_Vectorcall+0xd9) [0x55df93c9e469]
44  /opt/conda/envs/gdf/bin/python(_PyEval_EvalFrameDefault+0x11f2) [0x55df93c8f042]
45  /opt/conda/envs/gdf/bin/python(+0x12dfb4) [0x55df93c8cfb4]
46  /opt/conda/envs/gdf/bin/python(+0x14c8cb) [0x55df93cab8cb]
47  /opt/conda/envs/gdf/bin/python(PyObject_Call+0xbc) [0x55df93cac04c]
48  /opt/conda/envs/gdf/bin/python(+0x21080e) [0x55df93d6f80e]
49  /opt/conda/envs/gdf/bin/python(_PyObject_MakeTpCall+0x2ec) [0x55df93c966ac]
50  /opt/conda/envs/gdf/bin/python(_PyEval_EvalFrameDefault+0x45a6) [0x55df93c923f6]
51  /opt/conda/envs/gdf/bin/python(+0x13f712) [0x55df93c9e712]
52  /opt/conda/envs/gdf/bin/python(+0x14c9ac) [0x55df93cab9ac]
53  /opt/conda/envs/gdf/bin/python(_PyEval_EvalFrameDefault+0x45a6) [0x55df93c923f6]
54  /opt/conda/envs/gdf/bin/python(+0x13f712) [0x55df93c9e712]
55  /opt/conda/envs/gdf/bin/python(_PyEval_EvalFrameDefault+0x696) [0x55df93c8e4e6]
56  /opt/conda/envs/gdf/bin/python(+0x12dfb4) [0x55df93c8cfb4]
57  /opt/conda/envs/gdf/bin/python(_PyFunction_Vectorcall+0xd9) [0x55df93c9e469]
58  /opt/conda/envs/gdf/bin/python(_PyEval_EvalFrameDefault+0x696) [0x55df93c8e4e6]
59  /opt/conda/envs/gdf/bin/python(+0x13f712) [0x55df93c9e712]
60  /opt/conda/envs/gdf/bin/python(_PyEval_EvalFrameDefault+0x3e2) [0x55df93c8e232]
61  /opt/conda/envs/gdf/bin/python(+0x12dfb4) [0x55df93c8cfb4]
=================================
2024-02-02 07:17:17,607 - distributed.worker - ERROR - Worker stream died during communication: ucx://127.0.0.1:35625
Traceback (most recent call last):
  File "/opt/conda/envs/gdf/lib/python3.9/site-packages/distributed/comm/ucx.py", line 350, in read
    await self.ep.recv(msg)
  File "/opt/conda/envs/gdf/lib/python3.9/site-packages/ucp/core.py", line 737, in recv
    ret = await comm.tag_recv(self._ep, buffer, nbytes, tag, name=log)
ucp._libs.exceptions.UCXCanceled: <[Recv #003] ep: 0x7f6280aec180, tag: 0xffddfc48850e70af, nbytes: 16, type: <class 'numpy.ndarray'>>: 

During handling of the above exception, another exception occurred:

Traceback (most recent call last):
  File "/opt/conda/envs/gdf/lib/python3.9/site-packages/distributed/worker.py", line 2056, in gather_dep
    response = await get_data_from_worker(
  File "/opt/conda/envs/gdf/lib/python3.9/site-packages/distributed/worker.py", line 2860, in get_data_from_worker
    response = await send_recv(
  File "/opt/conda/envs/gdf/lib/python3.9/site-packages/distributed/core.py", line 1154, in send_recv
    response = await comm.read(deserializers=deserializers)
  File "/opt/conda/envs/gdf/lib/python3.9/site-packages/distributed/utils.py", line 832, in wrapper
    return await func(*args, **kwargs)
  File "/opt/conda/envs/gdf/lib/python3.9/site-packages/distributed/comm/ucx.py", line 368, in read
    raise CommClosedError(
distributed.comm.core.CommClosedError: Connection closed by writer.
Inner exception: UCXCanceled("<[Recv #003] ep: 0x7f6280aec180, tag: 0xffddfc48850e70af, nbytes: 16, type: <class 'numpy.ndarray'>>: ")
2024-02-02 07:17:17,609 - distributed.worker - ERROR - Worker stream died during communication: ucx://127.0.0.1:35625
Traceback (most recent call last):
  File "/opt/conda/envs/gdf/lib/python3.9/site-packages/distributed/comm/ucx.py", line 392, in read
    await self.ep.recv(each_frame)
  File "/opt/conda/envs/gdf/lib/python3.9/site-packages/ucp/core.py", line 737, in recv
    ret = await comm.tag_recv(self._ep, buffer, nbytes, tag, name=log)
ucp._libs.exceptions.UCXCanceled: <[Recv #007] ep: 0x7f3150607180, tag: 0x6eb2b9a2860b3735, nbytes: 100000000, type: <class 'rmm._lib.device_buffer.DeviceBuffer'>>: 

During handling of the above exception, another exception occurred:

Traceback (most recent call last):
  File "/opt/conda/envs/gdf/lib/python3.9/site-packages/distributed/worker.py", line 2056, in gather_dep
    response = await get_data_from_worker(
  File "/opt/conda/envs/gdf/lib/python3.9/site-packages/distributed/worker.py", line 2860, in get_data_from_worker
    response = await send_recv(
  File "/opt/conda/envs/gdf/lib/python3.9/site-packages/distributed/core.py", line 1154, in send_recv
    response = await comm.read(deserializers=deserializers)
  File "/opt/conda/envs/gdf/lib/python3.9/site-packages/distributed/utils.py", line 832, in wrapper
    return await func(*args, **kwargs)
  File "/opt/conda/envs/gdf/lib/python3.9/site-packages/distributed/comm/ucx.py", line 398, in read
    raise CommClosedError(
distributed.comm.core.CommClosedError: Connection closed by writer.
Inner exception: UCXCanceled("<[Recv #007] ep: 0x7f3150607180, tag: 0x6eb2b9a2860b3735, nbytes: 100000000, type: <class 'rmm._lib.device_buffer.DeviceBuffer'>>: ")
Task exception was never retrieved
future: <Task finished name='Task-1227' coro=<_listener_handler_coroutine() done, defined at /opt/conda/envs/gdf/lib/python3.9/site-packages/ucp/core.py:140> exception=UCXError('<stream_recv>: Connection reset by remote peer')>
Traceback (most recent call last):
  File "/opt/conda/envs/gdf/lib/python3.9/site-packages/ucp/core.py", line 155, in _listener_handler_coroutine
    peer_info = await exchange_peer_info(
  File "/opt/conda/envs/gdf/lib/python3.9/site-packages/ucp/core.py", line 55, in exchange_peer_info
    await asyncio.wait_for(
  File "/opt/conda/envs/gdf/lib/python3.9/asyncio/tasks.py", line 479, in wait_for
    return fut.result()
ucp._libs.exceptions.UCXError: <stream_recv>: Connection reset by remote peer
2024-02-02 07:17:17,609 - distributed.worker - ERROR - Worker stream died during communication: ucx://127.0.0.1:35625
Traceback (most recent call last):
  File "/opt/conda/envs/gdf/lib/python3.9/site-packages/distributed/comm/ucx.py", line 350, in read
    await self.ep.recv(msg)
  File "/opt/conda/envs/gdf/lib/python3.9/site-packages/ucp/core.py", line 737, in recv
    ret = await comm.tag_recv(self._ep, buffer, nbytes, tag, name=log)
ucp._libs.exceptions.UCXCanceled: <[Recv #000] ep: 0x7f3d3efc8280, tag: 0x649ef50946eea380, nbytes: 16, type: <class 'numpy.ndarray'>>: 

During handling of the above exception, another exception occurred:

Traceback (most recent call last):
  File "/opt/conda/envs/gdf/lib/python3.9/site-packages/distributed/worker.py", line 2056, in gather_dep
    response = await get_data_from_worker(
  File "/opt/conda/envs/gdf/lib/python3.9/site-packages/distributed/worker.py", line 2857, in get_data_from_worker
    comm = await rpc.connect(worker)
  File "/opt/conda/envs/gdf/lib/python3.9/site-packages/distributed/core.py", line 1674, in connect
    return connect_attempt.result()
  File "/opt/conda/envs/gdf/lib/python3.9/site-packages/distributed/core.py", line 1564, in _connect
    comm = await connect(
  File "/opt/conda/envs/gdf/lib/python3.9/site-packages/distributed/comm/core.py", line 377, in connect
    handshake = await comm.read()
  File "/opt/conda/envs/gdf/lib/python3.9/site-packages/distributed/utils.py", line 832, in wrapper
    return await func(*args, **kwargs)
  File "/opt/conda/envs/gdf/lib/python3.9/site-packages/distributed/comm/ucx.py", line 368, in read
    raise CommClosedError(
distributed.comm.core.CommClosedError: Connection closed by writer.
Inner exception: UCXCanceled("<[Recv #000] ep: 0x7f3d3efc8280, tag: 0x649ef50946eea380, nbytes: 16, type: <class 'numpy.ndarray'>>: ")
2024-02-02 07:17:17,608 - distributed.worker - ERROR - Worker stream died during communication: ucx://127.0.0.1:35625
Traceback (most recent call last):
  File "/opt/conda/envs/gdf/lib/python3.9/site-packages/distributed/comm/ucx.py", line 350, in read
    await self.ep.recv(msg)
  File "/opt/conda/envs/gdf/lib/python3.9/site-packages/ucp/core.py", line 737, in recv
    ret = await comm.tag_recv(self._ep, buffer, nbytes, tag, name=log)
ucp._libs.exceptions.UCXCanceled: <[Recv #003] ep: 0x7f9254854180, tag: 0x4a1f29f9429fbe8e, nbytes: 16, type: <class 'numpy.ndarray'>>: 

During handling of the above exception, another exception occurred:

Traceback (most recent call last):
  File "/opt/conda/envs/gdf/lib/python3.9/site-packages/distributed/worker.py", line 2056, in gather_dep
    response = await get_data_from_worker(
  File "/opt/conda/envs/gdf/lib/python3.9/site-packages/distributed/worker.py", line 2860, in get_data_from_worker
    response = await send_recv(
  File "/opt/conda/envs/gdf/lib/python3.9/site-packages/distributed/core.py", line 1154, in send_recv
    response = await comm.read(deserializers=deserializers)
  File "/opt/conda/envs/gdf/lib/python3.9/site-packages/distributed/utils.py", line 832, in wrapper
    return await func(*args, **kwargs)
  File "/opt/conda/envs/gdf/lib/python3.9/site-packages/distributed/comm/ucx.py", line 368, in read
    raise CommClosedError(
distributed.comm.core.CommClosedError: Connection closed by writer.
Inner exception: UCXCanceled("<[Recv #003] ep: 0x7f9254854180, tag: 0x4a1f29f9429fbe8e, nbytes: 16, type: <class 'numpy.ndarray'>>: ")
2024-02-02 07:17:17,610 - distributed.worker - ERROR - Worker stream died during communication: ucx://127.0.0.1:35625
Traceback (most recent call last):
  File "/opt/conda/envs/gdf/lib/python3.9/site-packages/distributed/comm/ucx.py", line 350, in read
    await self.ep.recv(msg)
  File "/opt/conda/envs/gdf/lib/python3.9/site-packages/ucp/core.py", line 737, in recv
    ret = await comm.tag_recv(self._ep, buffer, nbytes, tag, name=log)
ucp._libs.exceptions.UCXCanceled: <[Recv #003] ep: 0x7f2cf15e3200, tag: 0xabe6a729818b9d5c, nbytes: 16, type: <class 'numpy.ndarray'>>: 

During handling of the above exception, another exception occurred:

Traceback (most recent call last):
  File "/opt/conda/envs/gdf/lib/python3.9/site-packages/distributed/worker.py", line 2056, in gather_dep
    response = await get_data_from_worker(
  File "/opt/conda/envs/gdf/lib/python3.9/site-packages/distributed/worker.py", line 2860, in get_data_from_worker
    response = await send_recv(
  File "/opt/conda/envs/gdf/lib/python3.9/site-packages/distributed/core.py", line 1154, in send_recv
    response = await comm.read(deserializers=deserializers)
  File "/opt/conda/envs/gdf/lib/python3.9/site-packages/distributed/utils.py", line 832, in wrapper
    return await func(*args, **kwargs)
  File "/opt/conda/envs/gdf/lib/python3.9/site-packages/distributed/comm/ucx.py", line 368, in read
    raise CommClosedError(
distributed.comm.core.CommClosedError: Connection closed by writer.
Inner exception: UCXCanceled("<[Recv #003] ep: 0x7f2cf15e3200, tag: 0xabe6a729818b9d5c, nbytes: 16, type: <class 'numpy.ndarray'>>: ")
2024-02-02 07:17:17,610 - distributed.worker - ERROR - Worker stream died during communication: ucx://127.0.0.1:35625
Traceback (most recent call last):
  File "/opt/conda/envs/gdf/lib/python3.9/site-packages/distributed/comm/ucx.py", line 350, in read
    await self.ep.recv(msg)
  File "/opt/conda/envs/gdf/lib/python3.9/site-packages/ucp/core.py", line 737, in recv
    ret = await comm.tag_recv(self._ep, buffer, nbytes, tag, name=log)
ucp._libs.exceptions.UCXCanceled: <[Recv #000] ep: 0x7f9c7c05e1c0, tag: 0x980ab25d75db0b7d, nbytes: 16, type: <class 'numpy.ndarray'>>: 

During handling of the above exception, another exception occurred:

Traceback (most recent call last):
  File "/opt/conda/envs/gdf/lib/python3.9/site-packages/distributed/worker.py", line 2056, in gather_dep
    response = await get_data_from_worker(
  File "/opt/conda/envs/gdf/lib/python3.9/site-packages/distributed/worker.py", line 2857, in get_data_from_worker
    comm = await rpc.connect(worker)
  File "/opt/conda/envs/gdf/lib/python3.9/site-packages/distributed/core.py", line 1674, in connect
    return connect_attempt.result()
  File "/opt/conda/envs/gdf/lib/python3.9/site-packages/distributed/core.py", line 1564, in _connect
    comm = await connect(
  File "/opt/conda/envs/gdf/lib/python3.9/site-packages/distributed/comm/core.py", line 377, in connect
    handshake = await comm.read()
  File "/opt/conda/envs/gdf/lib/python3.9/site-packages/distributed/utils.py", line 832, in wrapper
    return await func(*args, **kwargs)
  File "/opt/conda/envs/gdf/lib/python3.9/site-packages/distributed/comm/ucx.py", line 368, in read
    raise CommClosedError(
distributed.comm.core.CommClosedError: Connection closed by writer.
Inner exception: UCXCanceled("<[Recv #000] ep: 0x7f9c7c05e1c0, tag: 0x980ab25d75db0b7d, nbytes: 16, type: <class 'numpy.ndarray'>>: ")
2024-02-02 07:17:17,629 - distributed.worker - ERROR - Worker stream died during communication: ucx://127.0.0.1:58562
Traceback (most recent call last):
  File "/opt/conda/envs/gdf/lib/python3.9/site-packages/distributed/comm/ucx.py", line 350, in read
    await self.ep.recv(msg)
  File "/opt/conda/envs/gdf/lib/python3.9/site-packages/ucp/core.py", line 737, in recv
    ret = await comm.tag_recv(self._ep, buffer, nbytes, tag, name=log)
ucp._libs.exceptions.UCXCanceled: <[Recv #003] ep: 0x7f3d3efc8100, tag: 0x31d1ea5a0d714ab6, nbytes: 16, type: <class 'numpy.ndarray'>>: 

During handling of the above exception, another exception occurred:

Traceback (most recent call last):
  File "/opt/conda/envs/gdf/lib/python3.9/site-packages/distributed/worker.py", line 2056, in gather_dep
    response = await get_data_from_worker(
  File "/opt/conda/envs/gdf/lib/python3.9/site-packages/distributed/worker.py", line 2860, in get_data_from_worker
    response = await send_recv(
  File "/opt/conda/envs/gdf/lib/python3.9/site-packages/distributed/core.py", line 1154, in send_recv
    response = await comm.read(deserializers=deserializers)
  File "/opt/conda/envs/gdf/lib/python3.9/site-packages/distributed/utils.py", line 832, in wrapper
    return await func(*args, **kwargs)
  File "/opt/conda/envs/gdf/lib/python3.9/site-packages/distributed/comm/ucx.py", line 368, in read
    raise CommClosedError(
distributed.comm.core.CommClosedError: Connection closed by writer.
Inner exception: UCXCanceled("<[Recv #003] ep: 0x7f3d3efc8100, tag: 0x31d1ea5a0d714ab6, nbytes: 16, type: <class 'numpy.ndarray'>>: ")
Task exception was never retrieved
future: <Task finished name='Task-1360' coro=<_listener_handler_coroutine() done, defined at /opt/conda/envs/gdf/lib/python3.9/site-packages/ucp/core.py:140> exception=UCXError('<stream_recv>: Connection reset by remote peer')>
Traceback (most recent call last):
  File "/opt/conda/envs/gdf/lib/python3.9/site-packages/ucp/core.py", line 155, in _listener_handler_coroutine
    peer_info = await exchange_peer_info(
  File "/opt/conda/envs/gdf/lib/python3.9/site-packages/ucp/core.py", line 55, in exchange_peer_info
    await asyncio.wait_for(
  File "/opt/conda/envs/gdf/lib/python3.9/asyncio/tasks.py", line 479, in wait_for
    return fut.result()
ucp._libs.exceptions.UCXError: <stream_recv>: Connection reset by remote peer
Task exception was never retrieved
future: <Task finished name='Task-1272' coro=<_listener_handler_coroutine() done, defined at /opt/conda/envs/gdf/lib/python3.9/site-packages/ucp/core.py:140> exception=UCXError('<stream_recv>: Connection reset by remote peer')>
Traceback (most recent call last):
  File "/opt/conda/envs/gdf/lib/python3.9/site-packages/ucp/core.py", line 155, in _listener_handler_coroutine
    peer_info = await exchange_peer_info(
  File "/opt/conda/envs/gdf/lib/python3.9/site-packages/ucp/core.py", line 55, in exchange_peer_info
    await asyncio.wait_for(
  File "/opt/conda/envs/gdf/lib/python3.9/asyncio/tasks.py", line 479, in wait_for
    return fut.result()
ucp._libs.exceptions.UCXError: <stream_recv>: Connection reset by remote peer
2024-02-02 07:17:17,631 - distributed.worker - ERROR - Worker stream died during communication: ucx://127.0.0.1:58562
Traceback (most recent call last):
  File "/opt/conda/envs/gdf/lib/python3.9/site-packages/distributed/comm/ucx.py", line 350, in read
    await self.ep.recv(msg)
  File "/opt/conda/envs/gdf/lib/python3.9/site-packages/ucp/core.py", line 737, in recv
    ret = await comm.tag_recv(self._ep, buffer, nbytes, tag, name=log)
ucp._libs.exceptions.UCXCanceled: <[Recv #003] ep: 0x7f6280aec140, tag: 0xa52037160a1da790, nbytes: 16, type: <class 'numpy.ndarray'>>: 

During handling of the above exception, another exception occurred:

Traceback (most recent call last):
  File "/opt/conda/envs/gdf/lib/python3.9/site-packages/distributed/worker.py", line 2056, in gather_dep
    response = await get_data_from_worker(
  File "/opt/conda/envs/gdf/lib/python3.9/site-packages/distributed/worker.py", line 2860, in get_data_from_worker
    response = await send_recv(
  File "/opt/conda/envs/gdf/lib/python3.9/site-packages/distributed/core.py", line 1154, in send_recv
    response = await comm.read(deserializers=deserializers)
  File "/opt/conda/envs/gdf/lib/python3.9/site-packages/distributed/utils.py", line 832, in wrapper
    return await func(*args, **kwargs)
  File "/opt/conda/envs/gdf/lib/python3.9/site-packages/distributed/comm/ucx.py", line 368, in read
    raise CommClosedError(
distributed.comm.core.CommClosedError: Connection closed by writer.
Inner exception: UCXCanceled("<[Recv #003] ep: 0x7f6280aec140, tag: 0xa52037160a1da790, nbytes: 16, type: <class 'numpy.ndarray'>>: ")
2024-02-02 07:17:17,631 - distributed.worker - ERROR - Worker stream died during communication: ucx://127.0.0.1:58562
Traceback (most recent call last):
  File "/opt/conda/envs/gdf/lib/python3.9/site-packages/distributed/comm/ucx.py", line 392, in read
    await self.ep.recv(each_frame)
  File "/opt/conda/envs/gdf/lib/python3.9/site-packages/ucp/core.py", line 737, in recv
    ret = await comm.tag_recv(self._ep, buffer, nbytes, tag, name=log)
ucp._libs.exceptions.UCXCanceled: <[Recv #007] ep: 0x7f2cf15e3240, tag: 0x90eb5b8b9e29d950, nbytes: 100000000, type: <class 'rmm._lib.device_buffer.DeviceBuffer'>>: 

During handling of the above exception, another exception occurred:

Traceback (most recent call last):
  File "/opt/conda/envs/gdf/lib/python3.9/site-packages/distributed/worker.py", line 2056, in gather_dep
    response = await get_data_from_worker(
  File "/opt/conda/envs/gdf/lib/python3.9/site-packages/distributed/worker.py", line 2860, in get_data_from_worker
    response = await send_recv(
  File "/opt/conda/envs/gdf/lib/python3.9/site-packages/distributed/core.py", line 1154, in send_recv
    response = await comm.read(deserializers=deserializers)
  File "/opt/conda/envs/gdf/lib/python3.9/site-packages/distributed/utils.py", line 832, in wrapper
    return await func(*args, **kwargs)
  File "/opt/conda/envs/gdf/lib/python3.9/site-packages/distributed/comm/ucx.py", line 398, in read
    raise CommClosedError(
distributed.comm.core.CommClosedError: Connection closed by writer.
Inner exception: UCXCanceled("<[Recv #007] ep: 0x7f2cf15e3240, tag: 0x90eb5b8b9e29d950, nbytes: 100000000, type: <class 'rmm._lib.device_buffer.DeviceBuffer'>>: ")
2024-02-02 07:17:17,631 - distributed.worker - ERROR - Worker stream died during communication: ucx://127.0.0.1:58562
Traceback (most recent call last):
  File "/opt/conda/envs/gdf/lib/python3.9/site-packages/distributed/comm/ucx.py", line 350, in read
    await self.ep.recv(msg)
  File "/opt/conda/envs/gdf/lib/python3.9/site-packages/ucp/core.py", line 737, in recv
    ret = await comm.tag_recv(self._ep, buffer, nbytes, tag, name=log)
ucp._libs.exceptions.UCXCanceled: <[Recv #000] ep: 0x7f31506071c0, tag: 0xe2dbc4717ae83aa6, nbytes: 16, type: <class 'numpy.ndarray'>>: 

During handling of the above exception, another exception occurred:

Traceback (most recent call last):
  File "/opt/conda/envs/gdf/lib/python3.9/site-packages/distributed/worker.py", line 2056, in gather_dep
    response = await get_data_from_worker(
  File "/opt/conda/envs/gdf/lib/python3.9/site-packages/distributed/worker.py", line 2857, in get_data_from_worker
    comm = await rpc.connect(worker)
  File "/opt/conda/envs/gdf/lib/python3.9/site-packages/distributed/core.py", line 1674, in connect
    return connect_attempt.result()
  File "/opt/conda/envs/gdf/lib/python3.9/site-packages/distributed/core.py", line 1564, in _connect
    comm = await connect(
  File "/opt/conda/envs/gdf/lib/python3.9/site-packages/distributed/comm/core.py", line 377, in connect
    handshake = await comm.read()
  File "/opt/conda/envs/gdf/lib/python3.9/site-packages/distributed/utils.py", line 832, in wrapper
    return await func(*args, **kwargs)
  File "/opt/conda/envs/gdf/lib/python3.9/site-packages/distributed/comm/ucx.py", line 368, in read
    raise CommClosedError(
distributed.comm.core.CommClosedError: Connection closed by writer.
Inner exception: UCXCanceled("<[Recv #000] ep: 0x7f31506071c0, tag: 0xe2dbc4717ae83aa6, nbytes: 16, type: <class 'numpy.ndarray'>>: ")
2024-02-02 07:17:17,651 - distributed.worker - ERROR - Worker stream died during communication: ucx://127.0.0.1:58562
Traceback (most recent call last):
  File "/opt/conda/envs/gdf/lib/python3.9/site-packages/distributed/comm/ucx.py", line 350, in read
    await self.ep.recv(msg)
  File "/opt/conda/envs/gdf/lib/python3.9/site-packages/ucp/core.py", line 737, in recv
    ret = await comm.tag_recv(self._ep, buffer, nbytes, tag, name=log)
asyncio.exceptions.CancelledError

During handling of the above exception, another exception occurred:

Traceback (most recent call last):
  File "/opt/conda/envs/gdf/lib/python3.9/site-packages/distributed/worker.py", line 2056, in gather_dep
    response = await get_data_from_worker(
  File "/opt/conda/envs/gdf/lib/python3.9/site-packages/distributed/worker.py", line 2857, in get_data_from_worker
    comm = await rpc.connect(worker)
  File "/opt/conda/envs/gdf/lib/python3.9/site-packages/distributed/core.py", line 1674, in connect
    return connect_attempt.result()
  File "/opt/conda/envs/gdf/lib/python3.9/site-packages/distributed/core.py", line 1564, in _connect
    comm = await connect(
  File "/opt/conda/envs/gdf/lib/python3.9/site-packages/distributed/comm/core.py", line 377, in connect
    handshake = await comm.read()
  File "/opt/conda/envs/gdf/lib/python3.9/site-packages/distributed/utils.py", line 832, in wrapper
    return await func(*args, **kwargs)
  File "/opt/conda/envs/gdf/lib/python3.9/site-packages/distributed/comm/ucx.py", line 368, in read
    raise CommClosedError(
distributed.comm.core.CommClosedError: Connection closed by writer.
Inner exception: CancelledError()
2024-02-02 07:17:17,697 - distributed.worker - ERROR - Worker stream died during communication: ucx://127.0.0.1:58562
Traceback (most recent call last):
  File "/opt/conda/envs/gdf/lib/python3.9/site-packages/distributed/comm/ucx.py", line 350, in read
    await self.ep.recv(msg)
  File "/opt/conda/envs/gdf/lib/python3.9/site-packages/ucp/core.py", line 737, in recv
    ret = await comm.tag_recv(self._ep, buffer, nbytes, tag, name=log)
ucp._libs.exceptions.UCXCanceled: <[Recv #003] ep: 0x7f9c7c05e100, tag: 0x7b149a340f400ed, nbytes: 16, type: <class 'numpy.ndarray'>>: 

During handling of the above exception, another exception occurred:

Traceback (most recent call last):
  File "/opt/conda/envs/gdf/lib/python3.9/site-packages/distributed/worker.py", line 2056, in gather_dep
    response = await get_data_from_worker(
  File "/opt/conda/envs/gdf/lib/python3.9/site-packages/distributed/worker.py", line 2860, in get_data_from_worker
    response = await send_recv(
  File "/opt/conda/envs/gdf/lib/python3.9/site-packages/distributed/core.py", line 1154, in send_recv
    response = await comm.read(deserializers=deserializers)
  File "/opt/conda/envs/gdf/lib/python3.9/site-packages/distributed/utils.py", line 832, in wrapper
    return await func(*args, **kwargs)
  File "/opt/conda/envs/gdf/lib/python3.9/site-packages/distributed/comm/ucx.py", line 368, in read
    raise CommClosedError(
distributed.comm.core.CommClosedError: Connection closed by writer.
Inner exception: UCXCanceled("<[Recv #003] ep: 0x7f9c7c05e100, tag: 0x7b149a340f400ed, nbytes: 16, type: <class 'numpy.ndarray'>>: ")
[1706858239.983321] [dgx13:94461:0]    ib_mlx5dv_md.c:468  UCX  ERROR mlx5_3: LRU push returned Unsupported operation
[dgx13:94461:0:94461]        rndv.c:166  Fatal: failed to pack rendezvous remote key: Unsupported operation
==== backtrace (tid:  94461) ====
 0  /opt/conda/envs/gdf/lib/libucs.so.0(ucs_handle_error+0x2fd) [0x7f62a00c507d]
 1  /opt/conda/envs/gdf/lib/libucs.so.0(ucs_fatal_error_message+0x51) [0x7f62a00c2c21]
 2  /opt/conda/envs/gdf/lib/libucs.so.0(+0x27dbc) [0x7f62a00c2dbc]
 3  /opt/conda/envs/gdf/lib/libucp.so.0(+0x739f8) [0x7f62a016d9f8]
 4  /opt/conda/envs/gdf/lib/libucp.so.0(ucp_do_am_single+0xdf) [0x7f62a0144d8f]
 5  /opt/conda/envs/gdf/lib/libucp.so.0(ucp_proto_progress_tag_rndv_rts+0x1d) [0x7f62a0180afd]
 6  /opt/conda/envs/gdf/lib/libucp.so.0(ucp_tag_send_nbx+0x6da) [0x7f62a01859ea]
 7  /opt/conda/envs/gdf/lib/libucp.so.0(ucp_tag_send_nb+0x4f) [0x7f62a018672f]
 8  /opt/conda/envs/gdf/lib/python3.9/site-packages/ucp/_libs/ucx_api.cpython-39-x86_64-linux-gnu.so(+0x6c6f0) [0x7f62a02346f0]
 9  /opt/conda/envs/gdf/bin/python(PyObject_Call+0xbc) [0x55da8aae204c]
10  /opt/conda/envs/gdf/bin/python(_PyEval_EvalFrameDefault+0x45a6) [0x55da8aac83f6]
11  /opt/conda/envs/gdf/bin/python(+0x12dfb4) [0x55da8aac2fb4]
12  /opt/conda/envs/gdf/bin/python(_PyFunction_Vectorcall+0xd9) [0x55da8aad4469]
13  /opt/conda/envs/gdf/bin/python(_PyEval_EvalFrameDefault+0x11f2) [0x55da8aac5042]
14  /opt/conda/envs/gdf/bin/python(+0x12dfb4) [0x55da8aac2fb4]
15  /opt/conda/envs/gdf/bin/python(_PyFunction_Vectorcall+0xd9) [0x55da8aad4469]
16  /opt/conda/envs/gdf/bin/python(_PyEval_EvalFrameDefault+0x11f2) [0x55da8aac5042]
17  /opt/conda/envs/gdf/bin/python(+0x1e26d2) [0x55da8ab776d2]
18  /opt/conda/envs/gdf/bin/python(_PyEval_EvalFrameDefault+0x5dc0) [0x55da8aac9c10]
19  /opt/conda/envs/gdf/bin/python(+0x1e26d2) [0x55da8ab776d2]
20  /opt/conda/envs/gdf/bin/python(_PyEval_EvalFrameDefault+0x5dc0) [0x55da8aac9c10]
21  /opt/conda/envs/gdf/bin/python(+0x1e26d2) [0x55da8ab776d2]
22  /opt/conda/envs/gdf/bin/python(_PyEval_EvalFrameDefault+0x5dc0) [0x55da8aac9c10]
23  /opt/conda/envs/gdf/bin/python(+0x1e26d2) [0x55da8ab776d2]
24  /opt/conda/envs/gdf/bin/python(_PyEval_EvalFrameDefault+0x5dc0) [0x55da8aac9c10]
25  /opt/conda/envs/gdf/bin/python(+0x1e26d2) [0x55da8ab776d2]
26  /opt/conda/envs/gdf/bin/python(_PyEval_EvalFrameDefault+0x5dc0) [0x55da8aac9c10]
27  /opt/conda/envs/gdf/bin/python(+0x1e26d2) [0x55da8ab776d2]
28  /opt/conda/envs/gdf/lib/python3.9/lib-dynload/_asyncio.cpython-39-x86_64-linux-gnu.so(+0x81e9) [0x7f62b51fa1e9]
29  /opt/conda/envs/gdf/lib/python3.9/lib-dynload/_asyncio.cpython-39-x86_64-linux-gnu.so(+0x8aa6) [0x7f62b51faaa6]
30  /opt/conda/envs/gdf/bin/python(_PyObject_MakeTpCall+0x2ec) [0x55da8aacc6ac]
31  /opt/conda/envs/gdf/bin/python(+0xf23ff) [0x55da8aa873ff]
32  /opt/conda/envs/gdf/bin/python(+0x136723) [0x55da8aacb723]
33  /opt/conda/envs/gdf/bin/python(_PyEval_EvalFrameDefault+0x5ad9) [0x55da8aac9929]
34  /opt/conda/envs/gdf/bin/python(+0x13f712) [0x55da8aad4712]
35  /opt/conda/envs/gdf/bin/python(_PyEval_EvalFrameDefault+0x696) [0x55da8aac44e6]
36  /opt/conda/envs/gdf/bin/python(+0x13f712) [0x55da8aad4712]
37  /opt/conda/envs/gdf/bin/python(_PyEval_EvalFrameDefault+0x696) [0x55da8aac44e6]
38  /opt/conda/envs/gdf/bin/python(+0x13f712) [0x55da8aad4712]
39  /opt/conda/envs/gdf/bin/python(_PyEval_EvalFrameDefault+0x696) [0x55da8aac44e6]
40  /opt/conda/envs/gdf/bin/python(+0x13f712) [0x55da8aad4712]
41  /opt/conda/envs/gdf/bin/python(_PyEval_EvalFrameDefault+0x696) [0x55da8aac44e6]
42  /opt/conda/envs/gdf/bin/python(+0x12dfb4) [0x55da8aac2fb4]
43  /opt/conda/envs/gdf/bin/python(_PyFunction_Vectorcall+0xd9) [0x55da8aad4469]
44  /opt/conda/envs/gdf/bin/python(_PyEval_EvalFrameDefault+0x11f2) [0x55da8aac5042]
45  /opt/conda/envs/gdf/bin/python(+0x12dfb4) [0x55da8aac2fb4]
46  /opt/conda/envs/gdf/bin/python(+0x14c8cb) [0x55da8aae18cb]
47  /opt/conda/envs/gdf/bin/python(PyObject_Call+0xbc) [0x55da8aae204c]
48  /opt/conda/envs/gdf/bin/python(+0x21080e) [0x55da8aba580e]
49  /opt/conda/envs/gdf/bin/python(_PyObject_MakeTpCall+0x2ec) [0x55da8aacc6ac]
50  /opt/conda/envs/gdf/bin/python(_PyEval_EvalFrameDefault+0x45a6) [0x55da8aac83f6]
51  /opt/conda/envs/gdf/bin/python(+0x13f712) [0x55da8aad4712]
52  /opt/conda/envs/gdf/bin/python(+0x14c9ac) [0x55da8aae19ac]
53  /opt/conda/envs/gdf/bin/python(_PyEval_EvalFrameDefault+0x45a6) [0x55da8aac83f6]
54  /opt/conda/envs/gdf/bin/python(+0x13f712) [0x55da8aad4712]
55  /opt/conda/envs/gdf/bin/python(_PyEval_EvalFrameDefault+0x696) [0x55da8aac44e6]
56  /opt/conda/envs/gdf/bin/python(+0x12dfb4) [0x55da8aac2fb4]
57  /opt/conda/envs/gdf/bin/python(_PyFunction_Vectorcall+0xd9) [0x55da8aad4469]
58  /opt/conda/envs/gdf/bin/python(_PyEval_EvalFrameDefault+0x696) [0x55da8aac44e6]
59  /opt/conda/envs/gdf/bin/python(+0x13f712) [0x55da8aad4712]
60  /opt/conda/envs/gdf/bin/python(_PyEval_EvalFrameDefault+0x3e2) [0x55da8aac4232]
61  /opt/conda/envs/gdf/bin/python(+0x12dfb4) [0x55da8aac2fb4]
=================================
2024-02-02 07:17:21,942 - distributed.worker - ERROR - Worker stream died during communication: ucx://127.0.0.1:58006
Traceback (most recent call last):
  File "/opt/conda/envs/gdf/lib/python3.9/site-packages/distributed/comm/ucx.py", line 392, in read
    await self.ep.recv(each_frame)
  File "/opt/conda/envs/gdf/lib/python3.9/site-packages/ucp/core.py", line 737, in recv
    ret = await comm.tag_recv(self._ep, buffer, nbytes, tag, name=log)
ucp._libs.exceptions.UCXCanceled: <[Recv #048] ep: 0x7f9c7c05e180, tag: 0xbf4af435ff7b87de, nbytes: 800052840, type: <class 'rmm._lib.device_buffer.DeviceBuffer'>>: 

During handling of the above exception, another exception occurred:

Traceback (most recent call last):
  File "/opt/conda/envs/gdf/lib/python3.9/site-packages/distributed/worker.py", line 2056, in gather_dep
    response = await get_data_from_worker(
  File "/opt/conda/envs/gdf/lib/python3.9/site-packages/distributed/worker.py", line 2860, in get_data_from_worker
    response = await send_recv(
  File "/opt/conda/envs/gdf/lib/python3.9/site-packages/distributed/core.py", line 1154, in send_recv
    response = await comm.read(deserializers=deserializers)
  File "/opt/conda/envs/gdf/lib/python3.9/site-packages/distributed/utils.py", line 832, in wrapper
    return await func(*args, **kwargs)
  File "/opt/conda/envs/gdf/lib/python3.9/site-packages/distributed/comm/ucx.py", line 398, in read
    raise CommClosedError(
distributed.comm.core.CommClosedError: Connection closed by writer.
Inner exception: UCXCanceled("<[Recv #048] ep: 0x7f9c7c05e180, tag: 0xbf4af435ff7b87de, nbytes: 800052840, type: <class 'rmm._lib.device_buffer.DeviceBuffer'>>: ")
2024-02-02 07:17:25,533 - distributed.comm.ucx - ERROR - std::bad_alloc: out_of_memory: RMM failure at:/opt/conda/conda-bld/work/include/rmm/mr/device/pool_memory_resource.hpp:313: Maximum pool size exceeded
Traceback (most recent call last):
  File "/opt/conda/envs/gdf/lib/python3.9/site-packages/distributed/utils.py", line 832, in wrapper
    return await func(*args, **kwargs)
  File "/opt/conda/envs/gdf/lib/python3.9/site-packages/distributed/comm/ucx.py", line 373, in read
    frames = [
  File "/opt/conda/envs/gdf/lib/python3.9/site-packages/distributed/comm/ucx.py", line 374, in <listcomp>
    device_array(each_size) if is_cuda else host_array(each_size)
  File "/opt/conda/envs/gdf/lib/python3.9/site-packages/distributed/comm/ucx.py", line 167, in device_array
    return rmm.DeviceBuffer(size=n)
  File "device_buffer.pyx", line 85, in rmm._lib.device_buffer.DeviceBuffer.__cinit__
MemoryError: std::bad_alloc: out_of_memory: RMM failure at:/opt/conda/conda-bld/work/include/rmm/mr/device/pool_memory_resource.hpp:313: Maximum pool size exceeded
2024-02-02 07:17:25,534 - distributed.worker - ERROR - std::bad_alloc: out_of_memory: RMM failure at:/opt/conda/conda-bld/work/include/rmm/mr/device/pool_memory_resource.hpp:313: Maximum pool size exceeded
Traceback (most recent call last):
  File "/opt/conda/envs/gdf/lib/python3.9/site-packages/distributed/worker.py", line 2056, in gather_dep
    response = await get_data_from_worker(
  File "/opt/conda/envs/gdf/lib/python3.9/site-packages/distributed/worker.py", line 2860, in get_data_from_worker
    response = await send_recv(
  File "/opt/conda/envs/gdf/lib/python3.9/site-packages/distributed/core.py", line 1154, in send_recv
    response = await comm.read(deserializers=deserializers)
  File "/opt/conda/envs/gdf/lib/python3.9/site-packages/distributed/utils.py", line 832, in wrapper
    return await func(*args, **kwargs)
  File "/opt/conda/envs/gdf/lib/python3.9/site-packages/distributed/comm/ucx.py", line 373, in read
    frames = [
  File "/opt/conda/envs/gdf/lib/python3.9/site-packages/distributed/comm/ucx.py", line 374, in <listcomp>
    device_array(each_size) if is_cuda else host_array(each_size)
  File "/opt/conda/envs/gdf/lib/python3.9/site-packages/distributed/comm/ucx.py", line 167, in device_array
    return rmm.DeviceBuffer(size=n)
  File "device_buffer.pyx", line 85, in rmm._lib.device_buffer.DeviceBuffer.__cinit__
MemoryError: std::bad_alloc: out_of_memory: RMM failure at:/opt/conda/conda-bld/work/include/rmm/mr/device/pool_memory_resource.hpp:313: Maximum pool size exceeded
2024-02-02 07:17:25,888 - distributed.worker - ERROR - tuple indices must be integers or slices, not str
Traceback (most recent call last):
  File "/opt/conda/envs/gdf/lib/python3.9/site-packages/distributed/worker.py", line 2056, in gather_dep
    response = await get_data_from_worker(
  File "/opt/conda/envs/gdf/lib/python3.9/site-packages/distributed/worker.py", line 2869, in get_data_from_worker
    status = response["status"]
TypeError: tuple indices must be integers or slices, not str
2024-02-02 07:17:26,033 - distributed.worker - WARNING - Compute Failed
Key:       ('simple-shuffle-54efe4e1c1ff02b405ca9dd1c57e206a', 1)
Function:  _concat
args:      ([               key   payload  _partitions
shuffle                                  
0           758301  56956262            1
0           655046  47244449            1
0           716849  68656838            1
0           786232  39515148            1
0           648004  22366298            1
...            ...       ...          ...
0        799971043  68483186            1
0        799934015  51264323            1
0        799971044  39993231            1
0        799926852  53890123            1
0        799946380  78809817            1

[12502439 rows x 3 columns],                key   payload  _partitions
shuffle                                  
1            33919  54819912            1
1            82365  44706896            1
1           152435  51521029            1
1           192787   1337682            1
1            47575  50540169            1
...            ...       ...          ...
1        799443022  13483843            1
1        799447787  64227153            1
1 
kwargs:    {}
Exception: "MemoryError('std::bad_alloc: out_of_memory: RMM failure at:/opt/conda/conda-bld/work/include/rmm/mr/device/pool_memory_resource.hpp:313: Maximum pool size exceeded')"

2024-02-02 07:17:26,187 - distributed.nanny - WARNING - Restarting worker
2024-02-02 07:17:26,876 - distributed.nanny - WARNING - Restarting worker
2024-02-02 07:17:29,562 - distributed.nanny - WARNING - Restarting worker
/opt/conda/envs/gdf/lib/python3.9/multiprocessing/resource_tracker.py:216: UserWarning: resource_tracker: There appear to be 48 leaked semaphore objects to clean up at shutdown
  warnings.warn('resource_tracker: There appear to be %d '
